{
    "350821": {
        "ppid": "254983",
        "name": "celery",
        "cmdline": "/home/experimenter/projects/celery-autoscale/.venv/bin/python3 /home/experimenter/projects/celery-autoscale/.venv/bin/celery -A celery_app worker --loglevel=INFO --concurrency=2 --pool=gevent",
        "create_time": "2026-05-15T08:22:57.020000",
        "last_update": "2026-05-15T08:27:58.760607",
        "voluntary_ctxt_switches": 2120,
        "nonvoluntary_ctxt_switches": 495,
        "jiffies": 6021,
        "stats": [
            {
                "memory_mb": 48.1875,
                "cpu_percent": 0.0,
                "timestamp": 1778822578.0892403
            },
            {
                "memory_mb": 48.625,
                "cpu_percent": 37.2,
                "timestamp": 1778822579.1381087
            },
            {
                "memory_mb": 48.63671875,
                "cpu_percent": 29.5,
                "timestamp": 1778822580.1904118
            },
            {
                "memory_mb": 48.640625,
                "cpu_percent": 67.5,
                "timestamp": 1778822581.2424698
            },
            {
                "memory_mb": 48.640625,
                "cpu_percent": 0.0,
                "timestamp": 1778822582.294619
            },
            {
                "memory_mb": 48.640625,
                "cpu_percent": 1.0,
                "timestamp": 1778822583.3470387
            },
            {
                "memory_mb": 121.80859375,
                "cpu_percent": 7.6,
                "timestamp": 1778822584.4009216
            },
            {
                "memory_mb": 140.08984375,
                "cpu_percent": 67.4,
                "timestamp": 1778822585.453632
            },
            {
                "memory_mb": 139.3203125,
                "cpu_percent": 1.9,
                "timestamp": 1778822586.5058315
            },
            {
                "memory_mb": 139.3203125,
                "cpu_percent": 0.0,
                "timestamp": 1778822587.5579827
            },
            {
                "memory_mb": 139.32421875,
                "cpu_percent": 7.6,
                "timestamp": 1778822588.6058729
            },
            {
                "memory_mb": 139.33203125,
                "cpu_percent": 60.8,
                "timestamp": 1778822589.6577806
            },
            {
                "memory_mb": 140.734375,
                "cpu_percent": 2.9,
                "timestamp": 1778822590.7097204
            },
            {
                "memory_mb": 138.6796875,
                "cpu_percent": 2.9,
                "timestamp": 1778822591.7622132
            },
            {
                "memory_mb": 138.6796875,
                "cpu_percent": 0.0,
                "timestamp": 1778822592.8138323
            },
            {
                "memory_mb": 138.68359375,
                "cpu_percent": 32.4,
                "timestamp": 1778822593.861815
            },
            {
                "memory_mb": 138.6875,
                "cpu_percent": 35.2,
                "timestamp": 1778822594.913666
            },
            {
                "memory_mb": 138.6796875,
                "cpu_percent": 65.9,
                "timestamp": 1778822595.9611528
            },
            {
                "memory_mb": 138.6796875,
                "cpu_percent": 0.0,
                "timestamp": 1778822597.0133271
            },
            {
                "memory_mb": 138.6796875,
                "cpu_percent": 0.9,
                "timestamp": 1778822598.0674326
            },
            {
                "memory_mb": 138.6875,
                "cpu_percent": 2.9,
                "timestamp": 1778822599.1190505
            },
            {
                "memory_mb": 140.73828125,
                "cpu_percent": 62.0,
                "timestamp": 1778822600.1667762
            },
            {
                "memory_mb": 131.16015625,
                "cpu_percent": 6.7,
                "timestamp": 1778822601.219382
            },
            {
                "memory_mb": 131.16015625,
                "cpu_percent": 0.0,
                "timestamp": 1778822602.2714968
            },
            {
                "memory_mb": 131.16015625,
                "cpu_percent": 0.0,
                "timestamp": 1778822603.3232374
            },
            {
                "memory_mb": 131.16796875,
                "cpu_percent": 71.3,
                "timestamp": 1778822604.3756106
            },
            {
                "memory_mb": 140.73828125,
                "cpu_percent": 5.7,
                "timestamp": 1778822605.4282365
            },
            {
                "memory_mb": 138.6796875,
                "cpu_percent": 1.9,
                "timestamp": 1778822606.4799418
            },
            {
                "memory_mb": 138.6796875,
                "cpu_percent": 0.0,
                "timestamp": 1778822607.5321972
            },
            {
                "memory_mb": 138.68359375,
                "cpu_percent": 4.7,
                "timestamp": 1778822608.5850472
            },
            {
                "memory_mb": 138.6875,
                "cpu_percent": 61.8,
                "timestamp": 1778822609.6372275
            },
            {
                "memory_mb": 138.68359375,
                "cpu_percent": 42.9,
                "timestamp": 1778822610.6850443
            },
            {
                "memory_mb": 138.6796875,
                "cpu_percent": 31.4,
                "timestamp": 1778822611.7373154
            },
            {
                "memory_mb": 138.6796875,
                "cpu_percent": 0.0,
                "timestamp": 1778822612.7894526
            },
            {
                "memory_mb": 138.6875,
                "cpu_percent": 1.9,
                "timestamp": 1778822613.8410082
            },
            {
                "memory_mb": 140.7421875,
                "cpu_percent": 36.3,
                "timestamp": 1778822614.8886933
            },
            {
                "memory_mb": 138.75,
                "cpu_percent": 40.9,
                "timestamp": 1778822615.9406905
            },
            {
                "memory_mb": 138.75,
                "cpu_percent": 0.0,
                "timestamp": 1778822616.9927943
            },
            {
                "memory_mb": 138.75,
                "cpu_percent": 0.0,
                "timestamp": 1778822618.0474987
            },
            {
                "memory_mb": 138.75390625,
                "cpu_percent": 53.4,
                "timestamp": 1778822619.0956578
            },
            {
                "memory_mb": 138.7578125,
                "cpu_percent": 19.0,
                "timestamp": 1778822620.1467679
            },
            {
                "memory_mb": 104.64453125,
                "cpu_percent": 3.8,
                "timestamp": 1778822621.1989343
            },
            {
                "memory_mb": 104.64453125,
                "cpu_percent": 0.0,
                "timestamp": 1778822622.2513306
            },
            {
                "memory_mb": 104.64453125,
                "cpu_percent": 0.0,
                "timestamp": 1778822623.3033001
            },
            {
                "memory_mb": 104.65234375,
                "cpu_percent": 68.4,
                "timestamp": 1778822624.355773
            },
            {
                "memory_mb": 104.6484375,
                "cpu_percent": 13.4,
                "timestamp": 1778822625.4036584
            },
            {
                "memory_mb": 104.64453125,
                "cpu_percent": 57.9,
                "timestamp": 1778822626.456301
            },
            {
                "memory_mb": 104.64453125,
                "cpu_percent": 0.0,
                "timestamp": 1778822627.5082982
            },
            {
                "memory_mb": 104.65234375,
                "cpu_percent": 0.0,
                "timestamp": 1778822628.5621862
            },
            {
                "memory_mb": 140.74609375,
                "cpu_percent": 12.4,
                "timestamp": 1778822629.6112244
            },
            {
                "memory_mb": 140.7421875,
                "cpu_percent": 60.8,
                "timestamp": 1778822630.663681
            },
            {
                "memory_mb": 138.6796875,
                "cpu_percent": 1.9,
                "timestamp": 1778822631.7160232
            },
            {
                "memory_mb": 138.6796875,
                "cpu_percent": 1.0,
                "timestamp": 1778822632.7682424
            },
            {
                "memory_mb": 138.68359375,
                "cpu_percent": 24.8,
                "timestamp": 1778822633.8154533
            },
            {
                "memory_mb": 138.6875,
                "cpu_percent": 44.7,
                "timestamp": 1778822634.867506
            },
            {
                "memory_mb": 140.73828125,
                "cpu_percent": 2.9,
                "timestamp": 1778822635.9198365
            },
            {
                "memory_mb": 104.71875,
                "cpu_percent": 1.9,
                "timestamp": 1778822636.9719546
            },
            {
                "memory_mb": 104.71875,
                "cpu_percent": 0.0,
                "timestamp": 1778822638.0240023
            },
            {
                "memory_mb": 104.72265625,
                "cpu_percent": 48.7,
                "timestamp": 1778822639.071167
            },
            {
                "memory_mb": 104.7265625,
                "cpu_percent": 18.1,
                "timestamp": 1778822640.1235855
            },
            {
                "memory_mb": 104.71875,
                "cpu_percent": 67.5,
                "timestamp": 1778822641.1760473
            },
            {
                "memory_mb": 104.71875,
                "cpu_percent": 0.0,
                "timestamp": 1778822642.2279754
            },
            {
                "memory_mb": 104.71875,
                "cpu_percent": 0.0,
                "timestamp": 1778822643.279992
            },
            {
                "memory_mb": 122.31640625,
                "cpu_percent": 3.8,
                "timestamp": 1778822644.3323324
            },
            {
                "memory_mb": 140.734375,
                "cpu_percent": 70.4,
                "timestamp": 1778822645.3840442
            },
            {
                "memory_mb": 138.67578125,
                "cpu_percent": 2.9,
                "timestamp": 1778822646.4363205
            },
            {
                "memory_mb": 138.67578125,
                "cpu_percent": 0.0,
                "timestamp": 1778822647.4884405
            },
            {
                "memory_mb": 138.67578125,
                "cpu_percent": 0.0,
                "timestamp": 1778822648.5409772
            },
            {
                "memory_mb": 138.6875,
                "cpu_percent": 68.3,
                "timestamp": 1778822649.5945399
            },
            {
                "memory_mb": 140.7421875,
                "cpu_percent": 2.9,
                "timestamp": 1778822650.6466033
            },
            {
                "memory_mb": 138.75,
                "cpu_percent": 2.9,
                "timestamp": 1778822651.698544
            },
            {
                "memory_mb": 138.75,
                "cpu_percent": 0.0,
                "timestamp": 1778822652.750667
            },
            {
                "memory_mb": 138.75390625,
                "cpu_percent": 22.0,
                "timestamp": 1778822653.798115
            },
            {
                "memory_mb": 138.7578125,
                "cpu_percent": 45.6,
                "timestamp": 1778822654.8503084
            },
            {
                "memory_mb": 138.75390625,
                "cpu_percent": 59.1,
                "timestamp": 1778822655.8985403
            },
            {
                "memory_mb": 138.75,
                "cpu_percent": 7.6,
                "timestamp": 1778822656.950436
            },
            {
                "memory_mb": 138.75,
                "cpu_percent": 1.0,
                "timestamp": 1778822658.0023093
            },
            {
                "memory_mb": 138.7578125,
                "cpu_percent": 1.9,
                "timestamp": 1778822659.053469
            },
            {
                "memory_mb": 140.7421875,
                "cpu_percent": 52.4,
                "timestamp": 1778822660.1021564
            },
            {
                "memory_mb": 138.6796875,
                "cpu_percent": 18.1,
                "timestamp": 1778822661.1541576
            },
            {
                "memory_mb": 138.6796875,
                "cpu_percent": 0.0,
                "timestamp": 1778822662.2061968
            },
            {
                "memory_mb": 138.6796875,
                "cpu_percent": 1.0,
                "timestamp": 1778822663.2572582
            },
            {
                "memory_mb": 138.6875,
                "cpu_percent": 68.7,
                "timestamp": 1778822664.30499
            },
            {
                "memory_mb": 140.7421875,
                "cpu_percent": 3.8,
                "timestamp": 1778822665.3576381
            },
            {
                "memory_mb": 138.75,
                "cpu_percent": 2.9,
                "timestamp": 1778822666.409694
            },
            {
                "memory_mb": 138.75,
                "cpu_percent": 0.0,
                "timestamp": 1778822667.4618752
            },
            {
                "memory_mb": 138.75,
                "cpu_percent": 0.0,
                "timestamp": 1778822668.5140793
            },
            {
                "memory_mb": 138.7578125,
                "cpu_percent": 67.5,
                "timestamp": 1778822669.566562
            },
            {
                "memory_mb": 138.75390625,
                "cpu_percent": 30.5,
                "timestamp": 1778822670.6146939
            },
            {
                "memory_mb": 138.75,
                "cpu_percent": 39.0,
                "timestamp": 1778822671.6672971
            },
            {
                "memory_mb": 138.75,
                "cpu_percent": 0.0,
                "timestamp": 1778822672.7193894
            },
            {
                "memory_mb": 138.7578125,
                "cpu_percent": 0.9,
                "timestamp": 1778822673.7723463
            },
            {
                "memory_mb": 140.74609375,
                "cpu_percent": 24.8,
                "timestamp": 1778822674.8205974
            },
            {
                "memory_mb": 140.7421875,
                "cpu_percent": 45.6,
                "timestamp": 1778822675.8730044
            },
            {
                "memory_mb": 138.6796875,
                "cpu_percent": 2.9,
                "timestamp": 1778822676.9252834
            },
            {
                "memory_mb": 138.6796875,
                "cpu_percent": 0.0,
                "timestamp": 1778822677.9768183
            },
            {
                "memory_mb": 138.68359375,
                "cpu_percent": 42.0,
                "timestamp": 1778822679.0244098
            },
            {
                "memory_mb": 138.6875,
                "cpu_percent": 30.4,
                "timestamp": 1778822680.0769367
            },
            {
                "memory_mb": 138.75,
                "cpu_percent": 3.8,
                "timestamp": 1778822681.1293063
            },
            {
                "memory_mb": 138.75,
                "cpu_percent": 0.0,
                "timestamp": 1778822682.1822789
            },
            {
                "memory_mb": 138.75,
                "cpu_percent": 0.0,
                "timestamp": 1778822683.234435
            },
            {
                "memory_mb": 138.75390625,
                "cpu_percent": 65.8,
                "timestamp": 1778822684.282633
            },
            {
                "memory_mb": 138.75390625,
                "cpu_percent": 4.8,
                "timestamp": 1778822685.334989
            },
            {
                "memory_mb": 138.75,
                "cpu_percent": 63.7,
                "timestamp": 1778822686.3872774
            },
            {
                "memory_mb": 138.75,
                "cpu_percent": 1.0,
                "timestamp": 1778822687.4396405
            },
            {
                "memory_mb": 138.75,
                "cpu_percent": 0.0,
                "timestamp": 1778822688.491685
            },
            {
                "memory_mb": 138.7578125,
                "cpu_percent": 3.8,
                "timestamp": 1778822689.5450737
            },
            {
                "memory_mb": 140.73828125,
                "cpu_percent": 67.4,
                "timestamp": 1778822690.5980644
            },
            {
                "memory_mb": 138.6796875,
                "cpu_percent": 2.9,
                "timestamp": 1778822691.6503036
            },
            {
                "memory_mb": 138.6796875,
                "cpu_percent": 0.0,
                "timestamp": 1778822692.7027113
            },
            {
                "memory_mb": 138.68359375,
                "cpu_percent": 13.4,
                "timestamp": 1778822693.7504585
            },
            {
                "memory_mb": 138.6875,
                "cpu_percent": 55.1,
                "timestamp": 1778822694.8035378
            },
            {
                "memory_mb": 140.73828125,
                "cpu_percent": 3.8,
                "timestamp": 1778822695.8557382
            },
            {
                "memory_mb": 138.75390625,
                "cpu_percent": 1.9,
                "timestamp": 1778822696.9089777
            },
            {
                "memory_mb": 138.75390625,
                "cpu_percent": 0.0,
                "timestamp": 1778822697.9613068
            },
            {
                "memory_mb": 138.7578125,
                "cpu_percent": 39.1,
                "timestamp": 1778822699.0089664
            },
            {
                "memory_mb": 138.76171875,
                "cpu_percent": 27.6,
                "timestamp": 1778822700.060397
            },
            {
                "memory_mb": 138.75390625,
                "cpu_percent": 66.5,
                "timestamp": 1778822701.1130831
            },
            {
                "memory_mb": 138.75390625,
                "cpu_percent": 0.0,
                "timestamp": 1778822702.1654642
            },
            {
                "memory_mb": 138.75390625,
                "cpu_percent": 0.0,
                "timestamp": 1778822703.2168148
            },
            {
                "memory_mb": 138.76171875,
                "cpu_percent": 3.8,
                "timestamp": 1778822704.269274
            },
            {
                "memory_mb": 140.74609375,
                "cpu_percent": 67.7,
                "timestamp": 1778822705.317724
            },
            {
                "memory_mb": 131.1640625,
                "cpu_percent": 2.9,
                "timestamp": 1778822706.3697317
            },
            {
                "memory_mb": 131.1640625,
                "cpu_percent": 0.0,
                "timestamp": 1778822707.421967
            },
            {
                "memory_mb": 131.1640625,
                "cpu_percent": 0.0,
                "timestamp": 1778822708.4746249
            },
            {
                "memory_mb": 131.171875,
                "cpu_percent": 68.4,
                "timestamp": 1778822709.5272381
            },
            {
                "memory_mb": 140.7421875,
                "cpu_percent": 4.8,
                "timestamp": 1778822710.5795872
            },
            {
                "memory_mb": 138.68359375,
                "cpu_percent": 2.9,
                "timestamp": 1778822711.631759
            },
            {
                "memory_mb": 138.68359375,
                "cpu_percent": 0.0,
                "timestamp": 1778822712.6836212
            },
            {
                "memory_mb": 138.6875,
                "cpu_percent": 11.5,
                "timestamp": 1778822713.7314396
            },
            {
                "memory_mb": 138.69140625,
                "cpu_percent": 55.1,
                "timestamp": 1778822714.7837305
            },
            {
                "memory_mb": 138.6875,
                "cpu_percent": 49.6,
                "timestamp": 1778822715.8317418
            },
            {
                "memory_mb": 138.68359375,
                "cpu_percent": 18.1,
                "timestamp": 1778822716.884037
            },
            {
                "memory_mb": 138.68359375,
                "cpu_percent": 0.0,
                "timestamp": 1778822717.9362617
            },
            {
                "memory_mb": 138.69140625,
                "cpu_percent": 2.9,
                "timestamp": 1778822718.9877915
            },
            {
                "memory_mb": 140.74609375,
                "cpu_percent": 41.1,
                "timestamp": 1778822720.0352263
            },
            {
                "memory_mb": 131.16796875,
                "cpu_percent": 30.4,
                "timestamp": 1778822721.0873349
            },
            {
                "memory_mb": 131.16796875,
                "cpu_percent": 0.0,
                "timestamp": 1778822722.1393619
            },
            {
                "memory_mb": 131.16796875,
                "cpu_percent": 0.0,
                "timestamp": 1778822723.193657
            },
            {
                "memory_mb": 131.171875,
                "cpu_percent": 59.1,
                "timestamp": 1778822724.2420456
            },
            {
                "memory_mb": 140.75,
                "cpu_percent": 13.3,
                "timestamp": 1778822725.2944655
            },
            {
                "memory_mb": 138.6875,
                "cpu_percent": 2.8,
                "timestamp": 1778822726.3476083
            },
            {
                "memory_mb": 138.6875,
                "cpu_percent": 0.0,
                "timestamp": 1778822727.3999784
            },
            {
                "memory_mb": 138.6875,
                "cpu_percent": 0.0,
                "timestamp": 1778822728.4525757
            },
            {
                "memory_mb": 138.6953125,
                "cpu_percent": 66.5,
                "timestamp": 1778822729.5055733
            },
            {
                "memory_mb": 138.69140625,
                "cpu_percent": 21.0,
                "timestamp": 1778822730.553597
            },
            {
                "memory_mb": 138.6875,
                "cpu_percent": 45.6,
                "timestamp": 1778822731.605758
            },
            {
                "memory_mb": 138.6875,
                "cpu_percent": 0.0,
                "timestamp": 1778822732.658139
            },
            {
                "memory_mb": 138.6953125,
                "cpu_percent": 1.0,
                "timestamp": 1778822733.7092938
            },
            {
                "memory_mb": 140.75,
                "cpu_percent": 15.3,
                "timestamp": 1778822734.757466
            },
            {
                "memory_mb": 140.74609375,
                "cpu_percent": 56.1,
                "timestamp": 1778822735.8097496
            },
            {
                "memory_mb": 138.7578125,
                "cpu_percent": 2.9,
                "timestamp": 1778822736.8620672
            },
            {
                "memory_mb": 138.7578125,
                "cpu_percent": 0.0,
                "timestamp": 1778822737.9141538
            },
            {
                "memory_mb": 138.76171875,
                "cpu_percent": 31.5,
                "timestamp": 1778822738.9619005
            },
            {
                "memory_mb": 138.765625,
                "cpu_percent": 37.1,
                "timestamp": 1778822740.012831
            },
            {
                "memory_mb": 131.16796875,
                "cpu_percent": 4.8,
                "timestamp": 1778822741.0603232
            },
            {
                "memory_mb": 131.16796875,
                "cpu_percent": 0.0,
                "timestamp": 1778822742.1123817
            },
            {
                "memory_mb": 131.16796875,
                "cpu_percent": 0.0,
                "timestamp": 1778822743.1645288
            },
            {
                "memory_mb": 131.171875,
                "cpu_percent": 55.3,
                "timestamp": 1778822744.2124941
            },
            {
                "memory_mb": 131.17578125,
                "cpu_percent": 10.5,
                "timestamp": 1778822745.2640648
            },
            {
                "memory_mb": 131.16796875,
                "cpu_percent": 67.5,
                "timestamp": 1778822746.3159416
            },
            {
                "memory_mb": 131.16796875,
                "cpu_percent": 0.0,
                "timestamp": 1778822747.3680568
            },
            {
                "memory_mb": 131.16796875,
                "cpu_percent": 0.0,
                "timestamp": 1778822748.41984
            },
            {
                "memory_mb": 131.17578125,
                "cpu_percent": 4.7,
                "timestamp": 1778822749.4725087
            },
            {
                "memory_mb": 140.75390625,
                "cpu_percent": 69.4,
                "timestamp": 1778822750.524618
            },
            {
                "memory_mb": 138.6953125,
                "cpu_percent": 1.9,
                "timestamp": 1778822751.5768366
            },
            {
                "memory_mb": 138.6953125,
                "cpu_percent": 0.0,
                "timestamp": 1778822752.62825
            },
            {
                "memory_mb": 138.69921875,
                "cpu_percent": 3.8,
                "timestamp": 1778822753.6807356
            },
            {
                "memory_mb": 138.703125,
                "cpu_percent": 63.7,
                "timestamp": 1778822754.731908
            },
            {
                "memory_mb": 140.75,
                "cpu_percent": 3.8,
                "timestamp": 1778822755.783888
            },
            {
                "memory_mb": 131.16796875,
                "cpu_percent": 1.9,
                "timestamp": 1778822756.835905
            },
            {
                "memory_mb": 131.16796875,
                "cpu_percent": 0.0,
                "timestamp": 1778822757.887983
            },
            {
                "memory_mb": 131.171875,
                "cpu_percent": 29.6,
                "timestamp": 1778822758.9356935
            },
            {
                "memory_mb": 131.17578125,
                "cpu_percent": 39.0,
                "timestamp": 1778822759.9875834
            },
            {
                "memory_mb": 131.171875,
                "cpu_percent": 64.9,
                "timestamp": 1778822761.0350845
            },
            {
                "memory_mb": 131.16796875,
                "cpu_percent": 3.8,
                "timestamp": 1778822762.0873697
            },
            {
                "memory_mb": 131.16796875,
                "cpu_percent": 0.0,
                "timestamp": 1778822763.1390886
            },
            {
                "memory_mb": 131.17578125,
                "cpu_percent": 2.9,
                "timestamp": 1778822764.1913726
            },
            {
                "memory_mb": 140.7578125,
                "cpu_percent": 60.1,
                "timestamp": 1778822765.2388868
            },
            {
                "memory_mb": 138.6953125,
                "cpu_percent": 9.5,
                "timestamp": 1778822766.2910979
            },
            {
                "memory_mb": 138.6953125,
                "cpu_percent": 0.0,
                "timestamp": 1778822767.3435245
            },
            {
                "memory_mb": 138.6953125,
                "cpu_percent": 0.0,
                "timestamp": 1778822768.395303
            },
            {
                "memory_mb": 138.703125,
                "cpu_percent": 68.4,
                "timestamp": 1778822769.4474204
            },
            {
                "memory_mb": 140.75390625,
                "cpu_percent": 4.8,
                "timestamp": 1778822770.4995286
            },
            {
                "memory_mb": 138.76953125,
                "cpu_percent": 2.9,
                "timestamp": 1778822771.5515776
            },
            {
                "memory_mb": 138.76953125,
                "cpu_percent": 0.0,
                "timestamp": 1778822772.603835
            },
            {
                "memory_mb": 138.7734375,
                "cpu_percent": 1.9,
                "timestamp": 1778822773.6577587
            },
            {
                "memory_mb": 138.77734375,
                "cpu_percent": 65.6,
                "timestamp": 1778822774.7098312
            },
            {
                "memory_mb": 138.7734375,
                "cpu_percent": 39.1,
                "timestamp": 1778822775.757691
            },
            {
                "memory_mb": 138.76953125,
                "cpu_percent": 28.5,
                "timestamp": 1778822776.8098147
            },
            {
                "memory_mb": 138.76953125,
                "cpu_percent": 0.0,
                "timestamp": 1778822777.8623369
            },
            {
                "memory_mb": 138.77734375,
                "cpu_percent": 1.9,
                "timestamp": 1778822778.9127235
            },
            {
                "memory_mb": 140.7578125,
                "cpu_percent": 32.5,
                "timestamp": 1778822779.9599774
            },
            {
                "memory_mb": 131.16796875,
                "cpu_percent": 39.1,
                "timestamp": 1778822781.0077028
            },
            {
                "memory_mb": 131.16796875,
                "cpu_percent": 0.0,
                "timestamp": 1778822782.0597217
            },
            {
                "memory_mb": 131.16796875,
                "cpu_percent": 0.0,
                "timestamp": 1778822783.1122522
            },
            {
                "memory_mb": 131.171875,
                "cpu_percent": 48.7,
                "timestamp": 1778822784.15965
            },
            {
                "memory_mb": 131.17578125,
                "cpu_percent": 21.9,
                "timestamp": 1778822785.2117326
            },
            {
                "memory_mb": 138.69921875,
                "cpu_percent": 4.8,
                "timestamp": 1778822786.264083
            },
            {
                "memory_mb": 138.69921875,
                "cpu_percent": 1.0,
                "timestamp": 1778822787.3161755
            },
            {
                "memory_mb": 138.69921875,
                "cpu_percent": 0.0,
                "timestamp": 1778822788.3680868
            },
            {
                "memory_mb": 138.70703125,
                "cpu_percent": 65.9,
                "timestamp": 1778822789.4156332
            },
            {
                "memory_mb": 138.703125,
                "cpu_percent": 10.5,
                "timestamp": 1778822790.4633362
            },
            {
                "memory_mb": 138.69921875,
                "cpu_percent": 59.9,
                "timestamp": 1778822791.515474
            },
            {
                "memory_mb": 138.69921875,
                "cpu_percent": 0.0,
                "timestamp": 1778822792.5675716
            },
            {
                "memory_mb": 138.69921875,
                "cpu_percent": 0.0,
                "timestamp": 1778822793.619681
            },
            {
                "memory_mb": 140.765625,
                "cpu_percent": 5.7,
                "timestamp": 1778822794.6708152
            },
            {
                "memory_mb": 140.765625,
                "cpu_percent": 66.5,
                "timestamp": 1778822795.7232478
            },
            {
                "memory_mb": 138.7734375,
                "cpu_percent": 1.9,
                "timestamp": 1778822796.7755897
            },
            {
                "memory_mb": 138.7734375,
                "cpu_percent": 0.0,
                "timestamp": 1778822797.82803
            },
            {
                "memory_mb": 138.77734375,
                "cpu_percent": 21.0,
                "timestamp": 1778822798.876111
            },
            {
                "memory_mb": 138.78125,
                "cpu_percent": 49.4,
                "timestamp": 1778822799.9282696
            },
            {
                "memory_mb": 140.76171875,
                "cpu_percent": 1.9,
                "timestamp": 1778822800.980086
            },
            {
                "memory_mb": 138.69921875,
                "cpu_percent": 1.9,
                "timestamp": 1778822802.032479
            },
            {
                "memory_mb": 138.69921875,
                "cpu_percent": 1.0,
                "timestamp": 1778822803.0846832
            },
            {
                "memory_mb": 138.703125,
                "cpu_percent": 44.9,
                "timestamp": 1778822804.1319964
            },
            {
                "memory_mb": 138.70703125,
                "cpu_percent": 21.9,
                "timestamp": 1778822805.1843095
            },
            {
                "memory_mb": 138.69921875,
                "cpu_percent": 69.4,
                "timestamp": 1778822806.2362888
            },
            {
                "memory_mb": 138.69921875,
                "cpu_percent": 0.0,
                "timestamp": 1778822807.2892141
            },
            {
                "memory_mb": 138.69921875,
                "cpu_percent": 0.0,
                "timestamp": 1778822808.3407302
            },
            {
                "memory_mb": 138.70703125,
                "cpu_percent": 3.8,
                "timestamp": 1778822809.3930619
            },
            {
                "memory_mb": 140.76171875,
                "cpu_percent": 68.5,
                "timestamp": 1778822810.4439974
            },
            {
                "memory_mb": 131.171875,
                "cpu_percent": 1.9,
                "timestamp": 1778822811.4960828
            },
            {
                "memory_mb": 131.171875,
                "cpu_percent": 1.0,
                "timestamp": 1778822812.5480456
            },
            {
                "memory_mb": 131.171875,
                "cpu_percent": 0.0,
                "timestamp": 1778822813.5996616
            },
            {
                "memory_mb": 131.1796875,
                "cpu_percent": 68.5,
                "timestamp": 1778822814.6513839
            },
            {
                "memory_mb": 140.76171875,
                "cpu_percent": 4.8,
                "timestamp": 1778822815.7036483
            },
            {
                "memory_mb": 138.703125,
                "cpu_percent": 1.9,
                "timestamp": 1778822816.75569
            },
            {
                "memory_mb": 138.703125,
                "cpu_percent": 0.0,
                "timestamp": 1778822817.8080733
            },
            {
                "memory_mb": 138.70703125,
                "cpu_percent": 17.2,
                "timestamp": 1778822818.8550863
            },
            {
                "memory_mb": 138.7109375,
                "cpu_percent": 49.4,
                "timestamp": 1778822819.9075158
            },
            {
                "memory_mb": 138.70703125,
                "cpu_percent": 54.4,
                "timestamp": 1778822820.9555848
            },
            {
                "memory_mb": 138.703125,
                "cpu_percent": 13.3,
                "timestamp": 1778822822.0077176
            },
            {
                "memory_mb": 138.703125,
                "cpu_percent": 0.0,
                "timestamp": 1778822823.0599568
            },
            {
                "memory_mb": 138.7109375,
                "cpu_percent": 2.9,
                "timestamp": 1778822824.1123316
            },
            {
                "memory_mb": 140.765625,
                "cpu_percent": 46.8,
                "timestamp": 1778822825.1597965
            },
            {
                "memory_mb": 131.171875,
                "cpu_percent": 24.7,
                "timestamp": 1778822826.212208
            },
            {
                "memory_mb": 131.171875,
                "cpu_percent": 0.0,
                "timestamp": 1778822827.2641149
            },
            {
                "memory_mb": 131.171875,
                "cpu_percent": 0.0,
                "timestamp": 1778822828.3185658
            },
            {
                "memory_mb": 131.17578125,
                "cpu_percent": 64.9,
                "timestamp": 1778822829.3665392
            },
            {
                "memory_mb": 140.76171875,
                "cpu_percent": 5.7,
                "timestamp": 1778822830.4188826
            },
            {
                "memory_mb": 138.703125,
                "cpu_percent": 3.8,
                "timestamp": 1778822831.4711275
            },
            {
                "memory_mb": 138.703125,
                "cpu_percent": 0.0,
                "timestamp": 1778822832.523283
            },
            {
                "memory_mb": 138.703125,
                "cpu_percent": 0.0,
                "timestamp": 1778822833.5763698
            },
            {
                "memory_mb": 138.7109375,
                "cpu_percent": 68.4,
                "timestamp": 1778822834.6283271
            },
            {
                "memory_mb": 138.70703125,
                "cpu_percent": 25.8,
                "timestamp": 1778822835.6759815
            },
            {
                "memory_mb": 138.703125,
                "cpu_percent": 41.8,
                "timestamp": 1778822836.7278702
            },
            {
                "memory_mb": 138.703125,
                "cpu_percent": 0.0,
                "timestamp": 1778822837.7803593
            },
            {
                "memory_mb": 138.7109375,
                "cpu_percent": 1.9,
                "timestamp": 1778822838.8321052
            },
            {
                "memory_mb": 140.765625,
                "cpu_percent": 21.0,
                "timestamp": 1778822839.8793204
            },
            {
                "memory_mb": 140.76171875,
                "cpu_percent": 46.6,
                "timestamp": 1778822840.931087
            },
            {
                "memory_mb": 138.7734375,
                "cpu_percent": 2.9,
                "timestamp": 1778822841.9831197
            },
            {
                "memory_mb": 138.7734375,
                "cpu_percent": 0.0,
                "timestamp": 1778822843.0351748
            },
            {
                "memory_mb": 138.77734375,
                "cpu_percent": 38.2,
                "timestamp": 1778822844.0833647
            },
            {
                "memory_mb": 138.78125,
                "cpu_percent": 33.3,
                "timestamp": 1778822845.135429
            },
            {
                "memory_mb": 137.2265625,
                "cpu_percent": 2.9,
                "timestamp": 1778822846.1876912
            },
            {
                "memory_mb": 137.2265625,
                "cpu_percent": 0.0,
                "timestamp": 1778822847.2397487
            },
            {
                "memory_mb": 137.2265625,
                "cpu_percent": 1.0,
                "timestamp": 1778822848.2921321
            },
            {
                "memory_mb": 137.23046875,
                "cpu_percent": 61.1,
                "timestamp": 1778822849.3394535
            },
            {
                "memory_mb": 137.23046875,
                "cpu_percent": 5.7,
                "timestamp": 1778822850.3916824
            },
            {
                "memory_mb": 137.2265625,
                "cpu_percent": 64.6,
                "timestamp": 1778822851.444129
            },
            {
                "memory_mb": 137.2265625,
                "cpu_percent": 0.0,
                "timestamp": 1778822852.4960806
            },
            {
                "memory_mb": 137.2265625,
                "cpu_percent": 0.0,
                "timestamp": 1778822853.5480547
            },
            {
                "memory_mb": 137.234375,
                "cpu_percent": 3.8,
                "timestamp": 1778822854.5997362
            },
            {
                "memory_mb": 140.76953125,
                "cpu_percent": 64.7,
                "timestamp": 1778822855.6514604
            },
            {
                "memory_mb": 138.70703125,
                "cpu_percent": 2.9,
                "timestamp": 1778822856.7035282
            },
            {
                "memory_mb": 138.70703125,
                "cpu_percent": 0.9,
                "timestamp": 1778822857.756233
            },
            {
                "memory_mb": 138.7109375,
                "cpu_percent": 9.5,
                "timestamp": 1778822858.8047054
            },
            {
                "memory_mb": 138.71484375,
                "cpu_percent": 58.9,
                "timestamp": 1778822859.8565915
            },
            {
                "memory_mb": 140.765625,
                "cpu_percent": 2.9,
                "timestamp": 1778822860.9085793
            },
            {
                "memory_mb": 138.78125,
                "cpu_percent": 2.9,
                "timestamp": 1778822861.9606469
            },
            {
                "memory_mb": 138.78125,
                "cpu_percent": 0.0,
                "timestamp": 1778822863.0125422
            },
            {
                "memory_mb": 138.78515625,
                "cpu_percent": 32.5,
                "timestamp": 1778822864.0600257
            },
            {
                "memory_mb": 138.7890625,
                "cpu_percent": 33.3,
                "timestamp": 1778822865.1123028
            },
            {
                "memory_mb": 138.78125,
                "cpu_percent": 66.8,
                "timestamp": 1778822866.1602821
            },
            {
                "memory_mb": 138.78125,
                "cpu_percent": 0.0,
                "timestamp": 1778822867.2123945
            },
            {
                "memory_mb": 138.78125,
                "cpu_percent": 0.0,
                "timestamp": 1778822868.2648115
            },
            {
                "memory_mb": 138.7890625,
                "cpu_percent": 2.9,
                "timestamp": 1778822869.3164797
            },
            {
                "memory_mb": 140.76953125,
                "cpu_percent": 64.0,
                "timestamp": 1778822870.3639634
            },
            {
                "memory_mb": 131.17578125,
                "cpu_percent": 7.6,
                "timestamp": 1778822871.415994
            },
            {
                "memory_mb": 131.17578125,
                "cpu_percent": 0.0,
                "timestamp": 1778822872.467513
            },
            {
                "memory_mb": 131.17578125,
                "cpu_percent": 0.0,
                "timestamp": 1778822873.5194693
            },
            {
                "memory_mb": 131.18359375,
                "cpu_percent": 66.6,
                "timestamp": 1778822874.5701838
            },
            {
                "memory_mb": 140.76953125,
                "cpu_percent": 4.8,
                "timestamp": 1778822875.622241
            },
            {
                "memory_mb": 138.70703125,
                "cpu_percent": 2.8,
                "timestamp": 1778822876.675051
            },
            {
                "memory_mb": 138.70703125,
                "cpu_percent": 0.0,
                "timestamp": 1778822877.7272213
            },
            {
                "memory_mb": 138.70703125,
                "cpu_percent": 0.0,
                "timestamp": 1778822878.760607
            }
        ]
    }
}
