{
    "active_periods": [
        {
            "start": 1778801989.664759,
            "end": 1778802292.538966,
            "duration_sec": 302.8742070198059,
            "tasks_completed": 477,
            "throughput_tps": 1.5749112633047933
        }
    ],
    "history": [
        {
            "timestamp": 1778801989.664759,
            "messages": 0,
            "ack": 38767
        },
        {
            "timestamp": 1778801994.671336,
            "messages": 0,
            "ack": 38767
        },
        {
            "timestamp": 1778801999.677655,
            "messages": 8,
            "ack": 38773
        },
        {
            "timestamp": 1778802004.682903,
            "messages": 8,
            "ack": 38782
        },
        {
            "timestamp": 1778802009.688206,
            "messages": 7,
            "ack": 38791
        },
        {
            "timestamp": 1778802014.693292,
            "messages": 7,
            "ack": 38797
        },
        {
            "timestamp": 1778802019.698871,
            "messages": 3,
            "ack": 38806
        },
        {
            "timestamp": 1778802024.704765,
            "messages": 3,
            "ack": 38815
        },
        {
            "timestamp": 1778802029.71079,
            "messages": 2,
            "ack": 38821
        },
        {
            "timestamp": 1778802034.717102,
            "messages": 3,
            "ack": 38830
        },
        {
            "timestamp": 1778802039.722153,
            "messages": 3,
            "ack": 38839
        },
        {
            "timestamp": 1778802044.727706,
            "messages": 2,
            "ack": 38845
        },
        {
            "timestamp": 1778802049.733342,
            "messages": 2,
            "ack": 38854
        },
        {
            "timestamp": 1778802054.738739,
            "messages": 3,
            "ack": 38860
        },
        {
            "timestamp": 1778802059.744569,
            "messages": 2,
            "ack": 38869
        },
        {
            "timestamp": 1778802064.749791,
            "messages": 3,
            "ack": 38878
        },
        {
            "timestamp": 1778802069.755325,
            "messages": 3,
            "ack": 38885
        },
        {
            "timestamp": 1778802074.760705,
            "messages": 2,
            "ack": 38893
        },
        {
            "timestamp": 1778802079.766975,
            "messages": 2,
            "ack": 38902
        },
        {
            "timestamp": 1778802084.77238,
            "messages": 3,
            "ack": 38908
        },
        {
            "timestamp": 1778802089.777857,
            "messages": 2,
            "ack": 38917
        },
        {
            "timestamp": 1778802094.78377,
            "messages": 3,
            "ack": 38926
        },
        {
            "timestamp": 1778802099.790861,
            "messages": 9,
            "ack": 38934
        },
        {
            "timestamp": 1778802104.796557,
            "messages": 6,
            "ack": 38941
        },
        {
            "timestamp": 1778802109.80218,
            "messages": 6,
            "ack": 38948
        },
        {
            "timestamp": 1778802114.808026,
            "messages": 3,
            "ack": 38959
        },
        {
            "timestamp": 1778802119.813001,
            "messages": 2,
            "ack": 38965
        },
        {
            "timestamp": 1778802124.817997,
            "messages": 3,
            "ack": 38974
        },
        {
            "timestamp": 1778802129.823985,
            "messages": 3,
            "ack": 38980
        },
        {
            "timestamp": 1778802134.828932,
            "messages": 2,
            "ack": 38989
        },
        {
            "timestamp": 1778802139.833985,
            "messages": 2,
            "ack": 38998
        },
        {
            "timestamp": 1778802144.839956,
            "messages": 3,
            "ack": 39004
        },
        {
            "timestamp": 1778802149.846155,
            "messages": 2,
            "ack": 39013
        },
        {
            "timestamp": 1778802154.851866,
            "messages": 3,
            "ack": 39022
        },
        {
            "timestamp": 1778802159.858527,
            "messages": 3,
            "ack": 39028
        },
        {
            "timestamp": 1778802164.865162,
            "messages": 2,
            "ack": 39037
        },
        {
            "timestamp": 1778802169.871295,
            "messages": 2,
            "ack": 39046
        },
        {
            "timestamp": 1778802174.876617,
            "messages": 3,
            "ack": 39052
        },
        {
            "timestamp": 1778802179.882472,
            "messages": 2,
            "ack": 39061
        },
        {
            "timestamp": 1778802184.886426,
            "messages": 3,
            "ack": 39070
        },
        {
            "timestamp": 1778802189.891905,
            "messages": 3,
            "ack": 39076
        },
        {
            "timestamp": 1778802194.897795,
            "messages": 2,
            "ack": 39085
        },
        {
            "timestamp": 1778802199.903453,
            "messages": 2,
            "ack": 39092
        },
        {
            "timestamp": 1778802204.907665,
            "messages": 3,
            "ack": 39100
        },
        {
            "timestamp": 1778802209.915576,
            "messages": 2,
            "ack": 39109
        },
        {
            "timestamp": 1778802214.921432,
            "messages": 3,
            "ack": 39116
        },
        {
            "timestamp": 1778802219.927279,
            "messages": 3,
            "ack": 39124
        },
        {
            "timestamp": 1778802224.933516,
            "messages": 2,
            "ack": 39133
        },
        {
            "timestamp": 1778802229.938515,
            "messages": 2,
            "ack": 39140
        },
        {
            "timestamp": 1778802234.943892,
            "messages": 3,
            "ack": 39148
        },
        {
            "timestamp": 1778802239.95081,
            "messages": 2,
            "ack": 39164
        },
        {
            "timestamp": 1778802244.95606,
            "messages": 3,
            "ack": 39172
        },
        {
            "timestamp": 1778802249.960349,
            "messages": 3,
            "ack": 39175
        },
        {
            "timestamp": 1778802254.965462,
            "messages": 2,
            "ack": 39188
        },
        {
            "timestamp": 1778802259.971163,
            "messages": 2,
            "ack": 39196
        },
        {
            "timestamp": 1778802264.976822,
            "messages": 3,
            "ack": 39199
        },
        {
            "timestamp": 1778802269.981827,
            "messages": 2,
            "ack": 39209
        },
        {
            "timestamp": 1778802274.986906,
            "messages": 3,
            "ack": 39216
        },
        {
            "timestamp": 1778802279.993606,
            "messages": 3,
            "ack": 39223
        },
        {
            "timestamp": 1778802284.999619,
            "messages": 2,
            "ack": 39233
        },
        {
            "timestamp": 1778802290.005639,
            "messages": 2,
            "ack": 39244
        },
        {
            "timestamp": 1778802292.531675,
            "messages": 3,
            "ack": 39244
        }
    ]
}