{
    "365751": {
        "ppid": "254983",
        "name": "celery",
        "cmdline": "/home/experimenter/projects/celery-autoscale/.venv/bin/python3 /home/experimenter/projects/celery-autoscale/.venv/bin/celery -A celery_app worker --loglevel=INFO --concurrency=8 --pool=gevent",
        "create_time": "2026-05-15T11:33:26.630000",
        "last_update": "2026-05-15T11:38:28.351182",
        "voluntary_ctxt_switches": 1925,
        "nonvoluntary_ctxt_switches": 5620,
        "jiffies": 26739,
        "stats": [
            {
                "memory_mb": 48.25390625,
                "cpu_percent": 0.0,
                "timestamp": 1778834007.6991966
            },
            {
                "memory_mb": 48.609375,
                "cpu_percent": 34.4,
                "timestamp": 1778834008.7467456
            },
            {
                "memory_mb": 67.0234375,
                "cpu_percent": 100.3,
                "timestamp": 1778834009.7934453
            },
            {
                "memory_mb": 85.48828125,
                "cpu_percent": 100.3,
                "timestamp": 1778834010.8404784
            },
            {
                "memory_mb": 103.828125,
                "cpu_percent": 99.3,
                "timestamp": 1778834011.8873427
            },
            {
                "memory_mb": 131.2265625,
                "cpu_percent": 100.3,
                "timestamp": 1778834012.9342093
            },
            {
                "memory_mb": 177.171875,
                "cpu_percent": 100.2,
                "timestamp": 1778834013.9819713
            },
            {
                "memory_mb": 314.38671875,
                "cpu_percent": 83.1,
                "timestamp": 1778834015.0289059
            },
            {
                "memory_mb": 360.13671875,
                "cpu_percent": 97.3,
                "timestamp": 1778834016.0773423
            },
            {
                "memory_mb": 460.40625,
                "cpu_percent": 81.1,
                "timestamp": 1778834017.125088
            },
            {
                "memory_mb": 495.67578125,
                "cpu_percent": 86.6,
                "timestamp": 1778834018.1762636
            },
            {
                "memory_mb": 493.37109375,
                "cpu_percent": 14.3,
                "timestamp": 1778834019.227831
            },
            {
                "memory_mb": 493.3671875,
                "cpu_percent": 66.8,
                "timestamp": 1778834020.275926
            },
            {
                "memory_mb": 493.36328125,
                "cpu_percent": 98.4,
                "timestamp": 1778834021.323114
            },
            {
                "memory_mb": 493.37109375,
                "cpu_percent": 100.3,
                "timestamp": 1778834022.3699872
            },
            {
                "memory_mb": 493.38671875,
                "cpu_percent": 101.2,
                "timestamp": 1778834023.4177518
            },
            {
                "memory_mb": 493.3828125,
                "cpu_percent": 99.3,
                "timestamp": 1778834024.4648037
            },
            {
                "memory_mb": 493.3828125,
                "cpu_percent": 100.3,
                "timestamp": 1778834025.5117733
            },
            {
                "memory_mb": 493.38671875,
                "cpu_percent": 76.4,
                "timestamp": 1778834026.5590372
            },
            {
                "memory_mb": 493.3828125,
                "cpu_percent": 100.3,
                "timestamp": 1778834027.605848
            },
            {
                "memory_mb": 493.390625,
                "cpu_percent": 86.9,
                "timestamp": 1778834028.6533146
            },
            {
                "memory_mb": 580.19921875,
                "cpu_percent": 42.0,
                "timestamp": 1778834029.7013218
            },
            {
                "memory_mb": 580.1953125,
                "cpu_percent": 99.3,
                "timestamp": 1778834030.7485478
            },
            {
                "memory_mb": 574.25,
                "cpu_percent": 100.3,
                "timestamp": 1778834031.7956843
            },
            {
                "memory_mb": 574.24609375,
                "cpu_percent": 100.3,
                "timestamp": 1778834032.8425379
            },
            {
                "memory_mb": 574.25,
                "cpu_percent": 100.3,
                "timestamp": 1778834033.8896391
            },
            {
                "memory_mb": 574.24609375,
                "cpu_percent": 99.4,
                "timestamp": 1778834034.9363015
            },
            {
                "memory_mb": 574.25390625,
                "cpu_percent": 86.8,
                "timestamp": 1778834035.984865
            },
            {
                "memory_mb": 574.25,
                "cpu_percent": 87.5,
                "timestamp": 1778834037.036857
            },
            {
                "memory_mb": 574.24609375,
                "cpu_percent": 100.3,
                "timestamp": 1778834038.0832965
            },
            {
                "memory_mb": 574.4296875,
                "cpu_percent": 29.5,
                "timestamp": 1778834039.1340883
            },
            {
                "memory_mb": 572.82421875,
                "cpu_percent": 92.6,
                "timestamp": 1778834040.1815298
            },
            {
                "memory_mb": 572.83203125,
                "cpu_percent": 100.1,
                "timestamp": 1778834041.2305515
            },
            {
                "memory_mb": 572.8359375,
                "cpu_percent": 99.3,
                "timestamp": 1778834042.2783964
            },
            {
                "memory_mb": 572.84375,
                "cpu_percent": 100.2,
                "timestamp": 1778834043.3263752
            },
            {
                "memory_mb": 572.8359375,
                "cpu_percent": 99.2,
                "timestamp": 1778834044.3744192
            },
            {
                "memory_mb": 572.83984375,
                "cpu_percent": 100.2,
                "timestamp": 1778834045.4223197
            },
            {
                "memory_mb": 572.84375,
                "cpu_percent": 75.4,
                "timestamp": 1778834046.4696152
            },
            {
                "memory_mb": 572.83984375,
                "cpu_percent": 100.1,
                "timestamp": 1778834047.5186925
            },
            {
                "memory_mb": 572.84765625,
                "cpu_percent": 50.4,
                "timestamp": 1778834048.5697036
            },
            {
                "memory_mb": 571.07421875,
                "cpu_percent": 72.5,
                "timestamp": 1778834049.6173136
            },
            {
                "memory_mb": 571.078125,
                "cpu_percent": 99.2,
                "timestamp": 1778834050.665299
            },
            {
                "memory_mb": 571.0859375,
                "cpu_percent": 100.3,
                "timestamp": 1778834051.712658
            },
            {
                "memory_mb": 571.08984375,
                "cpu_percent": 100.2,
                "timestamp": 1778834052.7600567
            },
            {
                "memory_mb": 571.0859375,
                "cpu_percent": 99.2,
                "timestamp": 1778834053.8088458
            },
            {
                "memory_mb": 571.0859375,
                "cpu_percent": 99.2,
                "timestamp": 1778834054.8574111
            },
            {
                "memory_mb": 571.08984375,
                "cpu_percent": 75.4,
                "timestamp": 1778834055.905102
            },
            {
                "memory_mb": 571.08203125,
                "cpu_percent": 100.2,
                "timestamp": 1778834056.9530153
            },
            {
                "memory_mb": 571.09375,
                "cpu_percent": 62.8,
                "timestamp": 1778834058.0040972
            },
            {
                "memory_mb": 571.078125,
                "cpu_percent": 60.1,
                "timestamp": 1778834059.0517964
            },
            {
                "memory_mb": 571.08203125,
                "cpu_percent": 99.2,
                "timestamp": 1778834060.1002407
            },
            {
                "memory_mb": 571.08984375,
                "cpu_percent": 99.2,
                "timestamp": 1778834061.1488097
            },
            {
                "memory_mb": 571.09375,
                "cpu_percent": 100.2,
                "timestamp": 1778834062.1961973
            },
            {
                "memory_mb": 571.08984375,
                "cpu_percent": 100.2,
                "timestamp": 1778834063.244072
            },
            {
                "memory_mb": 571.08984375,
                "cpu_percent": 99.3,
                "timestamp": 1778834064.2913473
            },
            {
                "memory_mb": 571.09375,
                "cpu_percent": 74.5,
                "timestamp": 1778834065.3387952
            },
            {
                "memory_mb": 571.09375,
                "cpu_percent": 101.2,
                "timestamp": 1778834066.3860152
            },
            {
                "memory_mb": 571.1015625,
                "cpu_percent": 71.3,
                "timestamp": 1778834067.4379106
            },
            {
                "memory_mb": 569.484375,
                "cpu_percent": 50.6,
                "timestamp": 1778834068.486011
            },
            {
                "memory_mb": 569.48828125,
                "cpu_percent": 100.3,
                "timestamp": 1778834069.533008
            },
            {
                "memory_mb": 569.49609375,
                "cpu_percent": 100.3,
                "timestamp": 1778834070.579873
            },
            {
                "memory_mb": 569.5,
                "cpu_percent": 99.3,
                "timestamp": 1778834071.6275291
            },
            {
                "memory_mb": 569.49609375,
                "cpu_percent": 100.1,
                "timestamp": 1778834072.6769936
            },
            {
                "memory_mb": 569.49609375,
                "cpu_percent": 99.3,
                "timestamp": 1778834073.7244017
            },
            {
                "memory_mb": 569.5,
                "cpu_percent": 75.4,
                "timestamp": 1778834074.77194
            },
            {
                "memory_mb": 569.49609375,
                "cpu_percent": 100.2,
                "timestamp": 1778834075.819344
            },
            {
                "memory_mb": 569.50390625,
                "cpu_percent": 87.5,
                "timestamp": 1778834076.8710027
            },
            {
                "memory_mb": 569.48828125,
                "cpu_percent": 34.4,
                "timestamp": 1778834077.917881
            },
            {
                "memory_mb": 569.484375,
                "cpu_percent": 99.3,
                "timestamp": 1778834078.964788
            },
            {
                "memory_mb": 567.51953125,
                "cpu_percent": 100.3,
                "timestamp": 1778834080.0115743
            },
            {
                "memory_mb": 567.515625,
                "cpu_percent": 100.2,
                "timestamp": 1778834081.0595286
            },
            {
                "memory_mb": 567.51953125,
                "cpu_percent": 100.2,
                "timestamp": 1778834082.1069286
            },
            {
                "memory_mb": 567.515625,
                "cpu_percent": 100.3,
                "timestamp": 1778834083.1538568
            },
            {
                "memory_mb": 567.5234375,
                "cpu_percent": 75.1,
                "timestamp": 1778834084.2060466
            },
            {
                "memory_mb": 567.51953125,
                "cpu_percent": 99.4,
                "timestamp": 1778834085.2523367
            },
            {
                "memory_mb": 567.515625,
                "cpu_percent": 100.3,
                "timestamp": 1778834086.2997172
            },
            {
                "memory_mb": 567.5078125,
                "cpu_percent": 21.9,
                "timestamp": 1778834087.3497844
            },
            {
                "memory_mb": 567.50390625,
                "cpu_percent": 100.8,
                "timestamp": 1778834088.4011657
            },
            {
                "memory_mb": 565.89453125,
                "cpu_percent": 100.2,
                "timestamp": 1778834089.4486904
            },
            {
                "memory_mb": 565.890625,
                "cpu_percent": 100.2,
                "timestamp": 1778834090.4965627
            },
            {
                "memory_mb": 565.89453125,
                "cpu_percent": 100.2,
                "timestamp": 1778834091.5442624
            },
            {
                "memory_mb": 565.89453125,
                "cpu_percent": 98.3,
                "timestamp": 1778834092.5925221
            },
            {
                "memory_mb": 565.90234375,
                "cpu_percent": 86.9,
                "timestamp": 1778834093.6402507
            },
            {
                "memory_mb": 565.90234375,
                "cpu_percent": 87.9,
                "timestamp": 1778834094.6874955
            },
            {
                "memory_mb": 565.8984375,
                "cpu_percent": 100.3,
                "timestamp": 1778834095.7347882
            },
            {
                "memory_mb": 565.8984375,
                "cpu_percent": 28.5,
                "timestamp": 1778834096.786475
            },
            {
                "memory_mb": 565.88671875,
                "cpu_percent": 93.5,
                "timestamp": 1778834097.834223
            },
            {
                "memory_mb": 565.89453125,
                "cpu_percent": 100.2,
                "timestamp": 1778834098.8816595
            },
            {
                "memory_mb": 565.8984375,
                "cpu_percent": 100.2,
                "timestamp": 1778834099.9299927
            },
            {
                "memory_mb": 565.90625,
                "cpu_percent": 99.3,
                "timestamp": 1778834100.977081
            },
            {
                "memory_mb": 565.8984375,
                "cpu_percent": 100.2,
                "timestamp": 1778834102.0250835
            },
            {
                "memory_mb": 565.90234375,
                "cpu_percent": 100.2,
                "timestamp": 1778834103.07263
            },
            {
                "memory_mb": 565.90625,
                "cpu_percent": 74.5,
                "timestamp": 1778834104.1202984
            },
            {
                "memory_mb": 565.90234375,
                "cpu_percent": 100.2,
                "timestamp": 1778834105.1679838
            },
            {
                "memory_mb": 571.16015625,
                "cpu_percent": 41.8,
                "timestamp": 1778834106.2194455
            },
            {
                "memory_mb": 571.140625,
                "cpu_percent": 79.2,
                "timestamp": 1778834107.2668405
            },
            {
                "memory_mb": 571.1484375,
                "cpu_percent": 101.2,
                "timestamp": 1778834108.3142967
            },
            {
                "memory_mb": 561.08984375,
                "cpu_percent": 98.3,
                "timestamp": 1778834109.3623514
            },
            {
                "memory_mb": 561.09765625,
                "cpu_percent": 100.2,
                "timestamp": 1778834110.4100592
            },
            {
                "memory_mb": 561.08984375,
                "cpu_percent": 100.2,
                "timestamp": 1778834111.457916
            },
            {
                "memory_mb": 561.09375,
                "cpu_percent": 99.9,
                "timestamp": 1778834112.508606
            },
            {
                "memory_mb": 561.09765625,
                "cpu_percent": 76.4,
                "timestamp": 1778834113.5560842
            },
            {
                "memory_mb": 561.08984375,
                "cpu_percent": 98.3,
                "timestamp": 1778834114.6036046
            },
            {
                "memory_mb": 561.1015625,
                "cpu_percent": 69.4,
                "timestamp": 1778834115.6551173
            },
            {
                "memory_mb": 571.0625,
                "cpu_percent": 53.4,
                "timestamp": 1778834116.703351
            },
            {
                "memory_mb": 571.0625,
                "cpu_percent": 100.0,
                "timestamp": 1778834117.753383
            },
            {
                "memory_mb": 565.265625,
                "cpu_percent": 99.3,
                "timestamp": 1778834118.8005693
            },
            {
                "memory_mb": 565.26953125,
                "cpu_percent": 101.2,
                "timestamp": 1778834119.847629
            },
            {
                "memory_mb": 565.265625,
                "cpu_percent": 98.4,
                "timestamp": 1778834120.894548
            },
            {
                "memory_mb": 565.265625,
                "cpu_percent": 100.3,
                "timestamp": 1778834121.9417095
            },
            {
                "memory_mb": 565.26953125,
                "cpu_percent": 76.4,
                "timestamp": 1778834122.9889455
            },
            {
                "memory_mb": 565.265625,
                "cpu_percent": 100.3,
                "timestamp": 1778834124.0361452
            },
            {
                "memory_mb": 565.359375,
                "cpu_percent": 87.6,
                "timestamp": 1778834125.0860734
            },
            {
                "memory_mb": 571.16015625,
                "cpu_percent": 34.4,
                "timestamp": 1778834126.1331103
            },
            {
                "memory_mb": 571.15234375,
                "cpu_percent": 99.2,
                "timestamp": 1778834127.1814353
            },
            {
                "memory_mb": 562.671875,
                "cpu_percent": 100.3,
                "timestamp": 1778834128.2283876
            },
            {
                "memory_mb": 562.66796875,
                "cpu_percent": 100.2,
                "timestamp": 1778834129.275999
            },
            {
                "memory_mb": 562.671875,
                "cpu_percent": 100.3,
                "timestamp": 1778834130.3226285
            },
            {
                "memory_mb": 562.66796875,
                "cpu_percent": 99.3,
                "timestamp": 1778834131.369691
            },
            {
                "memory_mb": 562.67578125,
                "cpu_percent": 82.7,
                "timestamp": 1778834132.421629
            },
            {
                "memory_mb": 562.671875,
                "cpu_percent": 91.6,
                "timestamp": 1778834133.4691029
            },
            {
                "memory_mb": 562.66796875,
                "cpu_percent": 99.3,
                "timestamp": 1778834134.5166576
            },
            {
                "memory_mb": 571.16796875,
                "cpu_percent": 29.5,
                "timestamp": 1778834135.5687032
            },
            {
                "memory_mb": 571.15625,
                "cpu_percent": 92.6,
                "timestamp": 1778834136.6161823
            },
            {
                "memory_mb": 571.1640625,
                "cpu_percent": 99.3,
                "timestamp": 1778834137.6640227
            },
            {
                "memory_mb": 565.36328125,
                "cpu_percent": 100.2,
                "timestamp": 1778834138.7119503
            },
            {
                "memory_mb": 565.37109375,
                "cpu_percent": 99.9,
                "timestamp": 1778834139.7632623
            },
            {
                "memory_mb": 565.36328125,
                "cpu_percent": 100.2,
                "timestamp": 1778834140.8110561
            },
            {
                "memory_mb": 565.3671875,
                "cpu_percent": 100.2,
                "timestamp": 1778834141.8587391
            },
            {
                "memory_mb": 565.37109375,
                "cpu_percent": 76.3,
                "timestamp": 1778834142.9070914
            },
            {
                "memory_mb": 565.3671875,
                "cpu_percent": 99.3,
                "timestamp": 1778834143.954096
            },
            {
                "memory_mb": 571.1796875,
                "cpu_percent": 45.6,
                "timestamp": 1778834145.0060587
            },
            {
                "memory_mb": 571.16796875,
                "cpu_percent": 76.4,
                "timestamp": 1778834146.0536246
            },
            {
                "memory_mb": 571.171875,
                "cpu_percent": 100.2,
                "timestamp": 1778834147.1018262
            },
            {
                "memory_mb": 556.1640625,
                "cpu_percent": 101.2,
                "timestamp": 1778834148.1490607
            },
            {
                "memory_mb": 556.16796875,
                "cpu_percent": 98.3,
                "timestamp": 1778834149.1969368
            },
            {
                "memory_mb": 556.1640625,
                "cpu_percent": 100.2,
                "timestamp": 1778834150.2448099
            },
            {
                "memory_mb": 556.16796875,
                "cpu_percent": 100.2,
                "timestamp": 1778834151.2924116
            },
            {
                "memory_mb": 556.17578125,
                "cpu_percent": 76.4,
                "timestamp": 1778834152.3400788
            },
            {
                "memory_mb": 556.171875,
                "cpu_percent": 100.2,
                "timestamp": 1778834153.388334
            },
            {
                "memory_mb": 556.17578125,
                "cpu_percent": 86.0,
                "timestamp": 1778834154.434929
            },
            {
                "memory_mb": 571.08203125,
                "cpu_percent": 36.3,
                "timestamp": 1778834155.4826088
            },
            {
                "memory_mb": 571.07421875,
                "cpu_percent": 100.2,
                "timestamp": 1778834156.5308266
            },
            {
                "memory_mb": 554.68359375,
                "cpu_percent": 99.2,
                "timestamp": 1778834157.579481
            },
            {
                "memory_mb": 554.6796875,
                "cpu_percent": 100.1,
                "timestamp": 1778834158.6289504
            },
            {
                "memory_mb": 554.68359375,
                "cpu_percent": 100.2,
                "timestamp": 1778834159.6767976
            },
            {
                "memory_mb": 554.6796875,
                "cpu_percent": 99.3,
                "timestamp": 1778834160.7237172
            },
            {
                "memory_mb": 554.6875,
                "cpu_percent": 87.8,
                "timestamp": 1778834161.7710054
            },
            {
                "memory_mb": 554.68359375,
                "cpu_percent": 88.8,
                "timestamp": 1778834162.818666
            },
            {
                "memory_mb": 554.6796875,
                "cpu_percent": 100.7,
                "timestamp": 1778834163.87145
            },
            {
                "memory_mb": 571.08984375,
                "cpu_percent": 32.5,
                "timestamp": 1778834164.9183877
            },
            {
                "memory_mb": 571.078125,
                "cpu_percent": 90.6,
                "timestamp": 1778834165.9666834
            },
            {
                "memory_mb": 571.0859375,
                "cpu_percent": 99.2,
                "timestamp": 1778834167.0146356
            },
            {
                "memory_mb": 535.38671875,
                "cpu_percent": 99.3,
                "timestamp": 1778834168.0615606
            },
            {
                "memory_mb": 535.39453125,
                "cpu_percent": 100.2,
                "timestamp": 1778834169.1094608
            },
            {
                "memory_mb": 535.38671875,
                "cpu_percent": 100.3,
                "timestamp": 1778834170.1563272
            },
            {
                "memory_mb": 535.390625,
                "cpu_percent": 100.2,
                "timestamp": 1778834171.2042692
            },
            {
                "memory_mb": 535.39453125,
                "cpu_percent": 75.4,
                "timestamp": 1778834172.252266
            },
            {
                "memory_mb": 535.390625,
                "cpu_percent": 101.2,
                "timestamp": 1778834173.299386
            },
            {
                "memory_mb": 535.3984375,
                "cpu_percent": 67.4,
                "timestamp": 1778834174.3523812
            },
            {
                "memory_mb": 571.0,
                "cpu_percent": 55.4,
                "timestamp": 1778834175.4002159
            },
            {
                "memory_mb": 571.0,
                "cpu_percent": 99.2,
                "timestamp": 1778834176.4481525
            },
            {
                "memory_mb": 554.09765625,
                "cpu_percent": 100.2,
                "timestamp": 1778834177.4964304
            },
            {
                "memory_mb": 554.09375,
                "cpu_percent": 99.3,
                "timestamp": 1778834178.5440357
            },
            {
                "memory_mb": 554.09765625,
                "cpu_percent": 100.2,
                "timestamp": 1778834179.5916483
            },
            {
                "memory_mb": 554.09375,
                "cpu_percent": 100.2,
                "timestamp": 1778834180.6396914
            },
            {
                "memory_mb": 554.1015625,
                "cpu_percent": 77.0,
                "timestamp": 1778834181.6911943
            },
            {
                "memory_mb": 554.09765625,
                "cpu_percent": 99.3,
                "timestamp": 1778834182.7389622
            },
            {
                "memory_mb": 554.09375,
                "cpu_percent": 99.2,
                "timestamp": 1778834183.7874076
            },
            {
                "memory_mb": 571.109375,
                "cpu_percent": 23.8,
                "timestamp": 1778834184.8388708
            },
            {
                "memory_mb": 571.09765625,
                "cpu_percent": 99.3,
                "timestamp": 1778834185.885819
            },
            {
                "memory_mb": 571.10546875,
                "cpu_percent": 100.2,
                "timestamp": 1778834186.9341154
            },
            {
                "memory_mb": 538.73046875,
                "cpu_percent": 99.3,
                "timestamp": 1778834187.9814212
            },
            {
                "memory_mb": 538.73828125,
                "cpu_percent": 100.3,
                "timestamp": 1778834189.0287225
            },
            {
                "memory_mb": 538.73046875,
                "cpu_percent": 99.3,
                "timestamp": 1778834190.0759566
            },
            {
                "memory_mb": 538.734375,
                "cpu_percent": 98.9,
                "timestamp": 1778834191.1278462
            },
            {
                "memory_mb": 538.73828125,
                "cpu_percent": 75.4,
                "timestamp": 1778834192.1756437
            },
            {
                "memory_mb": 538.73046875,
                "cpu_percent": 100.2,
                "timestamp": 1778834193.2232206
            },
            {
                "memory_mb": 562.109375,
                "cpu_percent": 58.9,
                "timestamp": 1778834194.2751021
            },
            {
                "memory_mb": 571.0078125,
                "cpu_percent": 64.9,
                "timestamp": 1778834195.3231452
            },
            {
                "memory_mb": 571.0078125,
                "cpu_percent": 100.3,
                "timestamp": 1778834196.3703704
            },
            {
                "memory_mb": 566.359375,
                "cpu_percent": 100.2,
                "timestamp": 1778834197.417765
            },
            {
                "memory_mb": 566.36328125,
                "cpu_percent": 99.3,
                "timestamp": 1778834198.4651186
            },
            {
                "memory_mb": 566.359375,
                "cpu_percent": 100.3,
                "timestamp": 1778834199.5123558
            },
            {
                "memory_mb": 566.359375,
                "cpu_percent": 99.3,
                "timestamp": 1778834200.56016
            },
            {
                "memory_mb": 566.36328125,
                "cpu_percent": 76.3,
                "timestamp": 1778834201.6080303
            },
            {
                "memory_mb": 566.3671875,
                "cpu_percent": 99.3,
                "timestamp": 1778834202.654955
            },
            {
                "memory_mb": 566.37109375,
                "cpu_percent": 99.2,
                "timestamp": 1778834203.703134
            },
            {
                "memory_mb": 571.14453125,
                "cpu_percent": 23.9,
                "timestamp": 1778834204.7511332
            },
            {
                "memory_mb": 571.13671875,
                "cpu_percent": 99.2,
                "timestamp": 1778834205.7992332
            },
            {
                "memory_mb": 565.32421875,
                "cpu_percent": 100.3,
                "timestamp": 1778834206.8462884
            },
            {
                "memory_mb": 565.3203125,
                "cpu_percent": 99.3,
                "timestamp": 1778834207.8937416
            },
            {
                "memory_mb": 565.328125,
                "cpu_percent": 99.3,
                "timestamp": 1778834208.9408188
            },
            {
                "memory_mb": 565.3203125,
                "cpu_percent": 100.3,
                "timestamp": 1778834209.987978
            },
            {
                "memory_mb": 565.32421875,
                "cpu_percent": 101.1,
                "timestamp": 1778834211.0362854
            },
            {
                "memory_mb": 565.328125,
                "cpu_percent": 75.5,
                "timestamp": 1778834212.0827796
            },
            {
                "memory_mb": 565.32421875,
                "cpu_percent": 99.2,
                "timestamp": 1778834213.1310556
            },
            {
                "memory_mb": 571.2265625,
                "cpu_percent": 48.5,
                "timestamp": 1778834214.1830862
            },
            {
                "memory_mb": 571.21484375,
                "cpu_percent": 73.2,
                "timestamp": 1778834215.2348638
            },
            {
                "memory_mb": 571.21875,
                "cpu_percent": 100.2,
                "timestamp": 1778834216.282574
            },
            {
                "memory_mb": 564.65234375,
                "cpu_percent": 100.1,
                "timestamp": 1778834217.3310442
            },
            {
                "memory_mb": 564.65625,
                "cpu_percent": 99.3,
                "timestamp": 1778834218.3779714
            },
            {
                "memory_mb": 564.65234375,
                "cpu_percent": 100.1,
                "timestamp": 1778834219.4265935
            },
            {
                "memory_mb": 564.65234375,
                "cpu_percent": 101.2,
                "timestamp": 1778834220.4740958
            },
            {
                "memory_mb": 564.65625,
                "cpu_percent": 75.4,
                "timestamp": 1778834221.5220957
            },
            {
                "memory_mb": 564.65234375,
                "cpu_percent": 100.2,
                "timestamp": 1778834222.569643
            },
            {
                "memory_mb": 564.65625,
                "cpu_percent": 84.6,
                "timestamp": 1778834223.6216023
            },
            {
                "memory_mb": 571.21484375,
                "cpu_percent": 38.2,
                "timestamp": 1778834224.6694543
            },
            {
                "memory_mb": 571.20703125,
                "cpu_percent": 100.2,
                "timestamp": 1778834225.7175474
            },
            {
                "memory_mb": 554.20703125,
                "cpu_percent": 99.3,
                "timestamp": 1778834226.7653816
            },
            {
                "memory_mb": 554.203125,
                "cpu_percent": 100.3,
                "timestamp": 1778834227.812576
            },
            {
                "memory_mb": 554.20703125,
                "cpu_percent": 99.3,
                "timestamp": 1778834228.8595195
            },
            {
                "memory_mb": 554.203125,
                "cpu_percent": 99.3,
                "timestamp": 1778834229.907095
            },
            {
                "memory_mb": 554.2109375,
                "cpu_percent": 92.2,
                "timestamp": 1778834230.9590576
            },
            {
                "memory_mb": 554.20703125,
                "cpu_percent": 83.9,
                "timestamp": 1778834232.0079403
            },
            {
                "memory_mb": 554.203125,
                "cpu_percent": 100.2,
                "timestamp": 1778834233.0559163
            },
            {
                "memory_mb": 571.1328125,
                "cpu_percent": 37.2,
                "timestamp": 1778834234.103254
            },
            {
                "memory_mb": 571.1171875,
                "cpu_percent": 84.0,
                "timestamp": 1778834235.15083
            },
            {
                "memory_mb": 571.125,
                "cpu_percent": 100.2,
                "timestamp": 1778834236.1984744
            },
            {
                "memory_mb": 565.32421875,
                "cpu_percent": 100.1,
                "timestamp": 1778834237.2469578
            },
            {
                "memory_mb": 565.33203125,
                "cpu_percent": 100.2,
                "timestamp": 1778834238.2948165
            },
            {
                "memory_mb": 565.32421875,
                "cpu_percent": 99.3,
                "timestamp": 1778834239.3423605
            },
            {
                "memory_mb": 565.328125,
                "cpu_percent": 100.2,
                "timestamp": 1778834240.3900254
            },
            {
                "memory_mb": 565.33203125,
                "cpu_percent": 76.3,
                "timestamp": 1778834241.4379954
            },
            {
                "memory_mb": 565.328125,
                "cpu_percent": 99.3,
                "timestamp": 1778834242.4857974
            },
            {
                "memory_mb": 565.4296875,
                "cpu_percent": 76.0,
                "timestamp": 1778834243.5383613
            },
            {
                "memory_mb": 571.234375,
                "cpu_percent": 46.8,
                "timestamp": 1778834244.5859706
            },
            {
                "memory_mb": 571.2265625,
                "cpu_percent": 100.2,
                "timestamp": 1778834245.6343756
            },
            {
                "memory_mb": 562.73828125,
                "cpu_percent": 100.3,
                "timestamp": 1778834246.6811314
            },
            {
                "memory_mb": 562.734375,
                "cpu_percent": 98.3,
                "timestamp": 1778834247.7288566
            },
            {
                "memory_mb": 562.73828125,
                "cpu_percent": 100.2,
                "timestamp": 1778834248.77691
            },
            {
                "memory_mb": 562.734375,
                "cpu_percent": 100.2,
                "timestamp": 1778834249.8249798
            },
            {
                "memory_mb": 562.7421875,
                "cpu_percent": 85.8,
                "timestamp": 1778834250.8739526
            },
            {
                "memory_mb": 562.73828125,
                "cpu_percent": 89.8,
                "timestamp": 1778834251.9211493
            },
            {
                "memory_mb": 562.734375,
                "cpu_percent": 98.3,
                "timestamp": 1778834252.968601
            },
            {
                "memory_mb": 571.2421875,
                "cpu_percent": 38.2,
                "timestamp": 1778834254.0167696
            },
            {
                "memory_mb": 571.21875,
                "cpu_percent": 86.0,
                "timestamp": 1778834255.063772
            },
            {
                "memory_mb": 571.234375,
                "cpu_percent": 99.3,
                "timestamp": 1778834256.111371
            },
            {
                "memory_mb": 559.97265625,
                "cpu_percent": 99.3,
                "timestamp": 1778834257.158259
            },
            {
                "memory_mb": 559.98046875,
                "cpu_percent": 100.3,
                "timestamp": 1778834258.2054794
            },
            {
                "memory_mb": 559.97265625,
                "cpu_percent": 100.2,
                "timestamp": 1778834259.2533576
            },
            {
                "memory_mb": 559.9765625,
                "cpu_percent": 99.3,
                "timestamp": 1778834260.300976
            },
            {
                "memory_mb": 559.98046875,
                "cpu_percent": 77.3,
                "timestamp": 1778834261.3490844
            },
            {
                "memory_mb": 559.98046875,
                "cpu_percent": 99.3,
                "timestamp": 1778834262.3964512
            },
            {
                "memory_mb": 559.984375,
                "cpu_percent": 81.8,
                "timestamp": 1778834263.4473786
            },
            {
                "memory_mb": 571.15234375,
                "cpu_percent": 41.0,
                "timestamp": 1778834264.4952044
            },
            {
                "memory_mb": 571.14453125,
                "cpu_percent": 101.2,
                "timestamp": 1778834265.5427227
            },
            {
                "memory_mb": 560.19140625,
                "cpu_percent": 99.8,
                "timestamp": 1778834266.5952675
            },
            {
                "memory_mb": 560.1875,
                "cpu_percent": 99.3,
                "timestamp": 1778834267.6424823
            },
            {
                "memory_mb": 560.19140625,
                "cpu_percent": 100.2,
                "timestamp": 1778834268.690155
            },
            {
                "memory_mb": 560.1875,
                "cpu_percent": 99.3,
                "timestamp": 1778834269.737607
            },
            {
                "memory_mb": 560.1953125,
                "cpu_percent": 89.3,
                "timestamp": 1778834270.7902637
            },
            {
                "memory_mb": 560.19140625,
                "cpu_percent": 86.8,
                "timestamp": 1778834271.8381057
            },
            {
                "memory_mb": 560.1875,
                "cpu_percent": 100.0,
                "timestamp": 1778834272.8876724
            },
            {
                "memory_mb": 571.14453125,
                "cpu_percent": 37.2,
                "timestamp": 1778834273.9358237
            },
            {
                "memory_mb": 571.1328125,
                "cpu_percent": 85.0,
                "timestamp": 1778834274.9823012
            },
            {
                "memory_mb": 571.140625,
                "cpu_percent": 100.2,
                "timestamp": 1778834276.0300753
            },
            {
                "memory_mb": 565.34375,
                "cpu_percent": 100.2,
                "timestamp": 1778834277.0784628
            },
            {
                "memory_mb": 565.34765625,
                "cpu_percent": 100.2,
                "timestamp": 1778834278.126024
            },
            {
                "memory_mb": 565.34375,
                "cpu_percent": 100.2,
                "timestamp": 1778834279.1738045
            },
            {
                "memory_mb": 565.34375,
                "cpu_percent": 99.3,
                "timestamp": 1778834280.2213302
            },
            {
                "memory_mb": 565.34765625,
                "cpu_percent": 75.3,
                "timestamp": 1778834281.27055
            },
            {
                "memory_mb": 565.34765625,
                "cpu_percent": 100.2,
                "timestamp": 1778834282.3180513
            },
            {
                "memory_mb": 565.4453125,
                "cpu_percent": 81.7,
                "timestamp": 1778834283.3700683
            },
            {
                "memory_mb": 571.24609375,
                "cpu_percent": 41.0,
                "timestamp": 1778834284.4177964
            },
            {
                "memory_mb": 571.23828125,
                "cpu_percent": 99.3,
                "timestamp": 1778834285.4651918
            },
            {
                "memory_mb": 563.6328125,
                "cpu_percent": 100.1,
                "timestamp": 1778834286.513688
            },
            {
                "memory_mb": 563.62890625,
                "cpu_percent": 99.4,
                "timestamp": 1778834287.5604596
            },
            {
                "memory_mb": 563.6328125,
                "cpu_percent": 100.3,
                "timestamp": 1778834288.6078064
            },
            {
                "memory_mb": 563.62890625,
                "cpu_percent": 100.2,
                "timestamp": 1778834289.6557639
            },
            {
                "memory_mb": 563.63671875,
                "cpu_percent": 91.4,
                "timestamp": 1778834290.706474
            },
            {
                "memory_mb": 563.63671875,
                "cpu_percent": 84.0,
                "timestamp": 1778834291.7542677
            },
            {
                "memory_mb": 563.6328125,
                "cpu_percent": 99.3,
                "timestamp": 1778834292.8019788
            },
            {
                "memory_mb": 571.2578125,
                "cpu_percent": 40.9,
                "timestamp": 1778834293.853194
            },
            {
                "memory_mb": 571.2421875,
                "cpu_percent": 82.0,
                "timestamp": 1778834294.9017296
            },
            {
                "memory_mb": 571.25,
                "cpu_percent": 100.3,
                "timestamp": 1778834295.9487813
            },
            {
                "memory_mb": 563.63671875,
                "cpu_percent": 99.2,
                "timestamp": 1778834296.9968767
            },
            {
                "memory_mb": 563.63671875,
                "cpu_percent": 99.3,
                "timestamp": 1778834298.0443916
            },
            {
                "memory_mb": 563.6328125,
                "cpu_percent": 100.3,
                "timestamp": 1778834299.0917382
            },
            {
                "memory_mb": 563.64453125,
                "cpu_percent": 99.3,
                "timestamp": 1778834300.1395893
            },
            {
                "memory_mb": 563.640625,
                "cpu_percent": 76.3,
                "timestamp": 1778834301.187508
            },
            {
                "memory_mb": 563.63671875,
                "cpu_percent": 100.2,
                "timestamp": 1778834302.2350636
            },
            {
                "memory_mb": 563.6484375,
                "cpu_percent": 66.6,
                "timestamp": 1778834303.2866209
            },
            {
                "memory_mb": 563.63671875,
                "cpu_percent": 56.3,
                "timestamp": 1778834304.3342502
            },
            {
                "memory_mb": 563.63671875,
                "cpu_percent": 100.1,
                "timestamp": 1778834305.3826945
            },
            {
                "memory_mb": 562.0390625,
                "cpu_percent": 99.3,
                "timestamp": 1778834306.4296153
            },
            {
                "memory_mb": 562.0546875,
                "cpu_percent": 100.1,
                "timestamp": 1778834307.4781342
            },
            {
                "memory_mb": 562.05078125,
                "cpu_percent": 99.7,
                "timestamp": 1778834308.3511822
            }
        ]
    }
}
