{
    "active_periods": [
        {
            "start": 1777228272.380861,
            "end": 1777228575.148811,
            "duration_sec": 302.7679500579834,
            "tasks_completed": 240,
            "throughput_tps": 0.7926862798854283
        }
    ],
    "history": [
        {
            "timestamp": 1777228272.380861,
            "messages": 0,
            "ack": 108475
        },
        {
            "timestamp": 1777228277.388934,
            "messages": 8,
            "ack": 108483
        },
        {
            "timestamp": 1777228282.395721,
            "messages": 0,
            "ack": 108483
        },
        {
            "timestamp": 1777228287.403072,
            "messages": 0,
            "ack": 108491
        },
        {
            "timestamp": 1777228292.408493,
            "messages": 0,
            "ack": 108491
        },
        {
            "timestamp": 1777228297.415226,
            "messages": 0,
            "ack": 108499
        },
        {
            "timestamp": 1777228302.422234,
            "messages": 0,
            "ack": 108499
        },
        {
            "timestamp": 1777228307.428487,
            "messages": 0,
            "ack": 108507
        },
        {
            "timestamp": 1777228312.433976,
            "messages": 0,
            "ack": 108507
        },
        {
            "timestamp": 1777228317.439771,
            "messages": 0,
            "ack": 108515
        },
        {
            "timestamp": 1777228322.446949,
            "messages": 0,
            "ack": 108515
        },
        {
            "timestamp": 1777228327.452558,
            "messages": 0,
            "ack": 108523
        },
        {
            "timestamp": 1777228332.457707,
            "messages": 0,
            "ack": 108523
        },
        {
            "timestamp": 1777228337.462039,
            "messages": 0,
            "ack": 108531
        },
        {
            "timestamp": 1777228342.466539,
            "messages": 0,
            "ack": 108531
        },
        {
            "timestamp": 1777228347.471401,
            "messages": 0,
            "ack": 108539
        },
        {
            "timestamp": 1777228352.477237,
            "messages": 0,
            "ack": 108539
        },
        {
            "timestamp": 1777228357.48297,
            "messages": 0,
            "ack": 108547
        },
        {
            "timestamp": 1777228362.488407,
            "messages": 0,
            "ack": 108547
        },
        {
            "timestamp": 1777228367.493552,
            "messages": 0,
            "ack": 108555
        },
        {
            "timestamp": 1777228372.498177,
            "messages": 0,
            "ack": 108555
        },
        {
            "timestamp": 1777228377.50288,
            "messages": 0,
            "ack": 108563
        },
        {
            "timestamp": 1777228382.508873,
            "messages": 0,
            "ack": 108563
        },
        {
            "timestamp": 1777228387.515558,
            "messages": 0,
            "ack": 108571
        },
        {
            "timestamp": 1777228392.522976,
            "messages": 0,
            "ack": 108571
        },
        {
            "timestamp": 1777228397.529531,
            "messages": 0,
            "ack": 108579
        },
        {
            "timestamp": 1777228402.536071,
            "messages": 0,
            "ack": 108579
        },
        {
            "timestamp": 1777228407.542776,
            "messages": 0,
            "ack": 108587
        },
        {
            "timestamp": 1777228412.548317,
            "messages": 0,
            "ack": 108587
        },
        {
            "timestamp": 1777228417.554698,
            "messages": 0,
            "ack": 108595
        },
        {
            "timestamp": 1777228422.559841,
            "messages": 0,
            "ack": 108595
        },
        {
            "timestamp": 1777228427.565493,
            "messages": 0,
            "ack": 108603
        },
        {
            "timestamp": 1777228432.571895,
            "messages": 0,
            "ack": 108603
        },
        {
            "timestamp": 1777228437.577194,
            "messages": 0,
            "ack": 108611
        },
        {
            "timestamp": 1777228442.582392,
            "messages": 0,
            "ack": 108611
        },
        {
            "timestamp": 1777228447.58749,
            "messages": 0,
            "ack": 108619
        },
        {
            "timestamp": 1777228452.595799,
            "messages": 0,
            "ack": 108619
        },
        {
            "timestamp": 1777228457.600771,
            "messages": 0,
            "ack": 108627
        },
        {
            "timestamp": 1777228462.607049,
            "messages": 0,
            "ack": 108627
        },
        {
            "timestamp": 1777228467.612813,
            "messages": 0,
            "ack": 108635
        },
        {
            "timestamp": 1777228472.618859,
            "messages": 0,
            "ack": 108635
        },
        {
            "timestamp": 1777228477.623337,
            "messages": 0,
            "ack": 108643
        },
        {
            "timestamp": 1777228482.628533,
            "messages": 0,
            "ack": 108643
        },
        {
            "timestamp": 1777228487.633509,
            "messages": 0,
            "ack": 108651
        },
        {
            "timestamp": 1777228492.639316,
            "messages": 0,
            "ack": 108651
        },
        {
            "timestamp": 1777228497.645194,
            "messages": 0,
            "ack": 108659
        },
        {
            "timestamp": 1777228502.650395,
            "messages": 0,
            "ack": 108659
        },
        {
            "timestamp": 1777228507.65512,
            "messages": 0,
            "ack": 108667
        },
        {
            "timestamp": 1777228512.660448,
            "messages": 0,
            "ack": 108667
        },
        {
            "timestamp": 1777228517.665655,
            "messages": 0,
            "ack": 108675
        },
        {
            "timestamp": 1777228522.670267,
            "messages": 0,
            "ack": 108675
        },
        {
            "timestamp": 1777228527.675697,
            "messages": 0,
            "ack": 108683
        },
        {
            "timestamp": 1777228532.680777,
            "messages": 0,
            "ack": 108683
        },
        {
            "timestamp": 1777228537.686303,
            "messages": 0,
            "ack": 108691
        },
        {
            "timestamp": 1777228542.691549,
            "messages": 0,
            "ack": 108691
        },
        {
            "timestamp": 1777228547.69798,
            "messages": 0,
            "ack": 108699
        },
        {
            "timestamp": 1777228552.704827,
            "messages": 0,
            "ack": 108699
        },
        {
            "timestamp": 1777228557.710529,
            "messages": 0,
            "ack": 108707
        },
        {
            "timestamp": 1777228562.715683,
            "messages": 0,
            "ack": 108707
        },
        {
            "timestamp": 1777228567.721964,
            "messages": 0,
            "ack": 108715
        },
        {
            "timestamp": 1777228572.727783,
            "messages": 0,
            "ack": 108715
        },
        {
            "timestamp": 1777228575.125715,
            "messages": 0,
            "ack": 108715
        }
    ]
}