Процесс: 31019
УПРАВЛЯЮЩИЙ ПРОЦЕСС
Родитель: 13546
Создан: 2026-04-26T04:41:11.620000
Последний замер: 2026-04-26T04:46:14.114536
Время жизни: 302.494536 сек
voluntary_ctxt_switches: 1523
nonvoluntary_ctxt_switches: 0
jiffies: 69.0
avg_cpu_load: 0.1 %
avg_memory_mb: 42.7 MB


Процесс: 31026
Родитель: 31019
Создан: 2026-04-26T04:41:12.030000
Последний замер: 2026-04-26T04:46:14.114765
Время жизни: 302.084765 сек
voluntary_ctxt_switches: 161
nonvoluntary_ctxt_switches: 215
jiffies: 1332.0
avg_cpu_load: 4.4 %
avg_memory_mb: 115.6 MB

Среднее latency: 1.67
Средний runtime: 1.65
Всего задач: 30
Задач по типам: memory_intensive - 10; cpu_intensive - 20

Процесс: 31027
Родитель: 31019
Создан: 2026-04-26T04:41:12.060000
Последний замер: 2026-04-26T04:46:14.114968
Время жизни: 302.054968 сек
voluntary_ctxt_switches: 161
nonvoluntary_ctxt_switches: 194
jiffies: 1310.0
avg_cpu_load: 4.4 %
avg_memory_mb: 112.9 MB

Среднее latency: 1.66
Средний runtime: 1.64
Всего задач: 30
Задач по типам: cpu_intensive - 20; memory_intensive - 10

Процесс: 31028
Родитель: 31019
Создан: 2026-04-26T04:41:12.080000
Последний замер: 2026-04-26T04:46:14.115170
Время жизни: 302.03517 сек
voluntary_ctxt_switches: 161
nonvoluntary_ctxt_switches: 115
jiffies: 1295.0
avg_cpu_load: 4.3 %
avg_memory_mb: 115.7 MB

Среднее latency: 1.65
Средний runtime: 1.64
Всего задач: 30
Задач по типам: cpu_intensive - 20; memory_intensive - 10

Процесс: 31029
Родитель: 31019
Создан: 2026-04-26T04:41:12.100000
Последний замер: 2026-04-26T04:46:14.115372
Время жизни: 302.015372 сек
voluntary_ctxt_switches: 161
nonvoluntary_ctxt_switches: 166
jiffies: 1309.0
avg_cpu_load: 4.3 %
avg_memory_mb: 112.9 MB

Среднее latency: 1.65
Средний runtime: 1.64
Всего задач: 30
Задач по типам: cpu_intensive - 20; memory_intensive - 10

