{
    "active_periods": [
        {
            "start": 1778843148.302341,
            "end": 1778843452.199349,
            "duration_sec": 303.8970079421997,
            "tasks_completed": 224,
            "throughput_tps": 0.737091824354533
        }
    ],
    "history": [
        {
            "timestamp": 1778843148.302341,
            "messages": 0,
            "ack": 80943
        },
        {
            "timestamp": 1778843153.30961,
            "messages": 0,
            "ack": 80943
        },
        {
            "timestamp": 1778843158.316523,
            "messages": 2,
            "ack": 80948
        },
        {
            "timestamp": 1778843163.321212,
            "messages": 7,
            "ack": 80951
        },
        {
            "timestamp": 1778843168.327486,
            "messages": 9,
            "ack": 80954
        },
        {
            "timestamp": 1778843173.333704,
            "messages": 12,
            "ack": 80958
        },
        {
            "timestamp": 1778843178.340531,
            "messages": 15,
            "ack": 80961
        },
        {
            "timestamp": 1778843183.345704,
            "messages": 17,
            "ack": 80966
        },
        {
            "timestamp": 1778843188.351746,
            "messages": 20,
            "ack": 80969
        },
        {
            "timestamp": 1778843193.356778,
            "messages": 23,
            "ack": 80973
        },
        {
            "timestamp": 1778843198.362164,
            "messages": 25,
            "ack": 80976
        },
        {
            "timestamp": 1778843203.367009,
            "messages": 25,
            "ack": 80981
        },
        {
            "timestamp": 1778843208.372164,
            "messages": 28,
            "ack": 80984
        },
        {
            "timestamp": 1778843213.376772,
            "messages": 31,
            "ack": 80988
        },
        {
            "timestamp": 1778843218.382254,
            "messages": 33,
            "ack": 80991
        },
        {
            "timestamp": 1778843223.387399,
            "messages": 36,
            "ack": 80996
        },
        {
            "timestamp": 1778843228.393461,
            "messages": 39,
            "ack": 80999
        },
        {
            "timestamp": 1778843233.397727,
            "messages": 41,
            "ack": 81003
        },
        {
            "timestamp": 1778843238.401959,
            "messages": 44,
            "ack": 81006
        },
        {
            "timestamp": 1778843243.406456,
            "messages": 47,
            "ack": 81011
        },
        {
            "timestamp": 1778843248.410504,
            "messages": 49,
            "ack": 81014
        },
        {
            "timestamp": 1778843253.415055,
            "messages": 52,
            "ack": 81018
        },
        {
            "timestamp": 1778843258.420641,
            "messages": 55,
            "ack": 81021
        },
        {
            "timestamp": 1778843263.425929,
            "messages": 57,
            "ack": 81026
        },
        {
            "timestamp": 1778843268.431034,
            "messages": 57,
            "ack": 81029
        },
        {
            "timestamp": 1778843273.436452,
            "messages": 60,
            "ack": 81032
        },
        {
            "timestamp": 1778843278.441104,
            "messages": 62,
            "ack": 81036
        },
        {
            "timestamp": 1778843283.445355,
            "messages": 65,
            "ack": 81039
        },
        {
            "timestamp": 1778843288.450117,
            "messages": 68,
            "ack": 81044
        },
        {
            "timestamp": 1778843293.455779,
            "messages": 70,
            "ack": 81047
        },
        {
            "timestamp": 1778843298.459941,
            "messages": 73,
            "ack": 81051
        },
        {
            "timestamp": 1778843303.465079,
            "messages": 76,
            "ack": 81054
        },
        {
            "timestamp": 1778843308.471186,
            "messages": 78,
            "ack": 81059
        },
        {
            "timestamp": 1778843313.477343,
            "messages": 81,
            "ack": 81062
        },
        {
            "timestamp": 1778843318.482502,
            "messages": 86,
            "ack": 81066
        },
        {
            "timestamp": 1778843323.486804,
            "messages": 89,
            "ack": 81069
        },
        {
            "timestamp": 1778843328.491358,
            "messages": 89,
            "ack": 81074
        },
        {
            "timestamp": 1778843333.496997,
            "messages": 92,
            "ack": 81077
        },
        {
            "timestamp": 1778843338.502928,
            "messages": 94,
            "ack": 81081
        },
        {
            "timestamp": 1778843343.508238,
            "messages": 97,
            "ack": 81084
        },
        {
            "timestamp": 1778843348.513969,
            "messages": 100,
            "ack": 81089
        },
        {
            "timestamp": 1778843353.519164,
            "messages": 102,
            "ack": 81092
        },
        {
            "timestamp": 1778843358.523552,
            "messages": 105,
            "ack": 81096
        },
        {
            "timestamp": 1778843363.528714,
            "messages": 108,
            "ack": 81099
        },
        {
            "timestamp": 1778843368.534187,
            "messages": 110,
            "ack": 81107
        },
        {
            "timestamp": 1778843373.539417,
            "messages": 113,
            "ack": 81110
        },
        {
            "timestamp": 1778843378.545213,
            "messages": 116,
            "ack": 81114
        },
        {
            "timestamp": 1778843383.549658,
            "messages": 118,
            "ack": 81117
        },
        {
            "timestamp": 1778843388.554632,
            "messages": 121,
            "ack": 81122
        },
        {
            "timestamp": 1778843393.559685,
            "messages": 124,
            "ack": 81125
        },
        {
            "timestamp": 1778843398.563928,
            "messages": 126,
            "ack": 81129
        },
        {
            "timestamp": 1778843403.568916,
            "messages": 126,
            "ack": 81132
        },
        {
            "timestamp": 1778843408.573715,
            "messages": 129,
            "ack": 81137
        },
        {
            "timestamp": 1778843413.579161,
            "messages": 132,
            "ack": 81140
        },
        {
            "timestamp": 1778843418.584599,
            "messages": 134,
            "ack": 81144
        },
        {
            "timestamp": 1778843423.589545,
            "messages": 137,
            "ack": 81147
        },
        {
            "timestamp": 1778843428.594642,
            "messages": 140,
            "ack": 81152
        },
        {
            "timestamp": 1778843433.599887,
            "messages": 142,
            "ack": 81155
        },
        {
            "timestamp": 1778843438.604612,
            "messages": 145,
            "ack": 81159
        },
        {
            "timestamp": 1778843443.608997,
            "messages": 146,
            "ack": 81162
        },
        {
            "timestamp": 1778843448.613939,
            "messages": 151,
            "ack": 81167
        },
        {
            "timestamp": 1778843452.191177,
            "messages": 151,
            "ack": 81167
        }
    ]
}