{
    "active_periods": [
        {
            "start": 1777220090.40581,
            "end": 1777220393.114692,
            "duration_sec": 302.708881855011,
            "tasks_completed": 1289,
            "throughput_tps": 4.258216647298095
        }
    ],
    "history": [
        {
            "timestamp": 1777220090.40581,
            "messages": 0,
            "ack": 94583
        },
        {
            "timestamp": 1777220095.413049,
            "messages": 8,
            "ack": 94591
        },
        {
            "timestamp": 1777220100.418219,
            "messages": 17,
            "ack": 94614
        },
        {
            "timestamp": 1777220105.422545,
            "messages": 20,
            "ack": 94635
        },
        {
            "timestamp": 1777220110.427026,
            "messages": 22,
            "ack": 94655
        },
        {
            "timestamp": 1777220115.431875,
            "messages": 25,
            "ack": 94678
        },
        {
            "timestamp": 1777220120.437123,
            "messages": 25,
            "ack": 94700
        },
        {
            "timestamp": 1777220125.442352,
            "messages": 34,
            "ack": 94720
        },
        {
            "timestamp": 1777220130.447795,
            "messages": 35,
            "ack": 94742
        },
        {
            "timestamp": 1777220135.452615,
            "messages": 37,
            "ack": 94766
        },
        {
            "timestamp": 1777220140.458265,
            "messages": 40,
            "ack": 94787
        },
        {
            "timestamp": 1777220145.463435,
            "messages": 42,
            "ack": 94808
        },
        {
            "timestamp": 1777220150.468104,
            "messages": 43,
            "ack": 94830
        },
        {
            "timestamp": 1777220155.472856,
            "messages": 55,
            "ack": 94853
        },
        {
            "timestamp": 1777220160.478005,
            "messages": 57,
            "ack": 94872
        },
        {
            "timestamp": 1777220165.484046,
            "messages": 57,
            "ack": 94894
        },
        {
            "timestamp": 1777220170.489131,
            "messages": 59,
            "ack": 94917
        },
        {
            "timestamp": 1777220175.493446,
            "messages": 62,
            "ack": 94937
        },
        {
            "timestamp": 1777220180.498183,
            "messages": 62,
            "ack": 94961
        },
        {
            "timestamp": 1777220185.503943,
            "messages": 68,
            "ack": 94982
        },
        {
            "timestamp": 1777220190.509859,
            "messages": 73,
            "ack": 95003
        },
        {
            "timestamp": 1777220195.514301,
            "messages": 74,
            "ack": 95026
        },
        {
            "timestamp": 1777220200.518549,
            "messages": 76,
            "ack": 95048
        },
        {
            "timestamp": 1777220205.523039,
            "messages": 78,
            "ack": 95070
        },
        {
            "timestamp": 1777220210.527907,
            "messages": 80,
            "ack": 95092
        },
        {
            "timestamp": 1777220215.533481,
            "messages": 89,
            "ack": 95114
        },
        {
            "timestamp": 1777220220.538751,
            "messages": 90,
            "ack": 95135
        },
        {
            "timestamp": 1777220225.543413,
            "messages": 91,
            "ack": 95158
        },
        {
            "timestamp": 1777220230.548279,
            "messages": 93,
            "ack": 95180
        },
        {
            "timestamp": 1777220235.553132,
            "messages": 95,
            "ack": 95201
        },
        {
            "timestamp": 1777220240.557323,
            "messages": 97,
            "ack": 95222
        },
        {
            "timestamp": 1777220245.561879,
            "messages": 107,
            "ack": 95244
        },
        {
            "timestamp": 1777220250.566103,
            "messages": 109,
            "ack": 95266
        },
        {
            "timestamp": 1777220255.570995,
            "messages": 110,
            "ack": 95288
        },
        {
            "timestamp": 1777220260.575543,
            "messages": 111,
            "ack": 95311
        },
        {
            "timestamp": 1777220265.580414,
            "messages": 113,
            "ack": 95333
        },
        {
            "timestamp": 1777220270.585103,
            "messages": 123,
            "ack": 95353
        },
        {
            "timestamp": 1777220275.589492,
            "messages": 126,
            "ack": 95376
        },
        {
            "timestamp": 1777220280.593997,
            "messages": 127,
            "ack": 95398
        },
        {
            "timestamp": 1777220285.59956,
            "messages": 127,
            "ack": 95417
        },
        {
            "timestamp": 1777220290.605308,
            "messages": 137,
            "ack": 95439
        },
        {
            "timestamp": 1777220295.610731,
            "messages": 138,
            "ack": 95462
        },
        {
            "timestamp": 1777220300.615525,
            "messages": 141,
            "ack": 95484
        },
        {
            "timestamp": 1777220305.619506,
            "messages": 144,
            "ack": 95506
        },
        {
            "timestamp": 1777220310.624779,
            "messages": 145,
            "ack": 95525
        },
        {
            "timestamp": 1777220315.630243,
            "messages": 155,
            "ack": 95548
        },
        {
            "timestamp": 1777220320.635505,
            "messages": 156,
            "ack": 95570
        },
        {
            "timestamp": 1777220325.640777,
            "messages": 158,
            "ack": 95592
        },
        {
            "timestamp": 1777220330.645467,
            "messages": 159,
            "ack": 95615
        },
        {
            "timestamp": 1777220335.650284,
            "messages": 162,
            "ack": 95634
        },
        {
            "timestamp": 1777220340.654528,
            "messages": 164,
            "ack": 95656
        },
        {
            "timestamp": 1777220345.659089,
            "messages": 175,
            "ack": 95678
        },
        {
            "timestamp": 1777220350.6639,
            "messages": 176,
            "ack": 95699
        },
        {
            "timestamp": 1777220355.667719,
            "messages": 177,
            "ack": 95720
        },
        {
            "timestamp": 1777220360.672908,
            "messages": 179,
            "ack": 95742
        },
        {
            "timestamp": 1777220365.678154,
            "messages": 181,
            "ack": 95764
        },
        {
            "timestamp": 1777220370.682726,
            "messages": 191,
            "ack": 95785
        },
        {
            "timestamp": 1777220375.687392,
            "messages": 194,
            "ack": 95807
        },
        {
            "timestamp": 1777220380.69354,
            "messages": 195,
            "ack": 95829
        },
        {
            "timestamp": 1777220385.69834,
            "messages": 197,
            "ack": 95850
        },
        {
            "timestamp": 1777220390.703133,
            "messages": 197,
            "ack": 95872
        },
        {
            "timestamp": 1777220393.092774,
            "messages": 197,
            "ack": 95872
        }
    ]
}