{
    "322309": {
        "ppid": "254983",
        "name": "celery",
        "cmdline": "/home/experimenter/projects/celery-autoscale/.venv/bin/python3 /home/experimenter/projects/celery-autoscale/.venv/bin/celery -A celery_app worker --loglevel=INFO --concurrency=8 --pool=eventlet",
        "create_time": "2026-05-15T02:18:06.240000",
        "last_update": "2026-05-15T02:23:08.129205",
        "voluntary_ctxt_switches": 2251,
        "nonvoluntary_ctxt_switches": 3128,
        "jiffies": 23515,
        "stats": [
            {
                "memory_mb": 52.30078125,
                "cpu_percent": 0.0,
                "timestamp": 1778800687.3109474
            },
            {
                "memory_mb": 52.83203125,
                "cpu_percent": 28.6,
                "timestamp": 1778800688.359886
            },
            {
                "memory_mb": 62.10546875,
                "cpu_percent": 100.2,
                "timestamp": 1778800689.4077907
            },
            {
                "memory_mb": 89.8046875,
                "cpu_percent": 100.2,
                "timestamp": 1778800690.4555387
            },
            {
                "memory_mb": 89.80859375,
                "cpu_percent": 100.2,
                "timestamp": 1778800691.5029588
            },
            {
                "memory_mb": 167.66015625,
                "cpu_percent": 73.2,
                "timestamp": 1778800692.5543113
            },
            {
                "memory_mb": 217.7421875,
                "cpu_percent": 84.9,
                "timestamp": 1778800693.602202
            },
            {
                "memory_mb": 254.45703125,
                "cpu_percent": 100.2,
                "timestamp": 1778800694.6496975
            },
            {
                "memory_mb": 355.12109375,
                "cpu_percent": 83.0,
                "timestamp": 1778800695.697797
            },
            {
                "memory_mb": 382.7578125,
                "cpu_percent": 88.4,
                "timestamp": 1778800696.7497795
            },
            {
                "memory_mb": 382.84765625,
                "cpu_percent": 14.3,
                "timestamp": 1778800697.8009155
            },
            {
                "memory_mb": 382.85546875,
                "cpu_percent": 100.2,
                "timestamp": 1778800698.8486104
            },
            {
                "memory_mb": 382.8671875,
                "cpu_percent": 94.5,
                "timestamp": 1778800699.8959978
            },
            {
                "memory_mb": 382.859375,
                "cpu_percent": 81.1,
                "timestamp": 1778800700.943442
            },
            {
                "memory_mb": 382.8515625,
                "cpu_percent": 61.8,
                "timestamp": 1778800701.9958117
            },
            {
                "memory_mb": 382.85546875,
                "cpu_percent": 29.6,
                "timestamp": 1778800703.0442836
            },
            {
                "memory_mb": 382.8671875,
                "cpu_percent": 99.3,
                "timestamp": 1778800704.0915399
            },
            {
                "memory_mb": 374.34765625,
                "cpu_percent": 100.2,
                "timestamp": 1778800705.1392922
            },
            {
                "memory_mb": 374.34375,
                "cpu_percent": 99.2,
                "timestamp": 1778800706.1871753
            },
            {
                "memory_mb": 374.328125,
                "cpu_percent": 80.6,
                "timestamp": 1778800707.241545
            },
            {
                "memory_mb": 374.33984375,
                "cpu_percent": 53.4,
                "timestamp": 1778800708.2901797
            },
            {
                "memory_mb": 374.34375,
                "cpu_percent": 100.2,
                "timestamp": 1778800709.3379483
            },
            {
                "memory_mb": 374.33984375,
                "cpu_percent": 82.1,
                "timestamp": 1778800710.3853984
            },
            {
                "memory_mb": 374.3359375,
                "cpu_percent": 91.6,
                "timestamp": 1778800711.4331021
            },
            {
                "memory_mb": 374.33203125,
                "cpu_percent": 25.7,
                "timestamp": 1778800712.4848185
            },
            {
                "memory_mb": 374.3359375,
                "cpu_percent": 79.3,
                "timestamp": 1778800713.5321298
            },
            {
                "memory_mb": 374.3515625,
                "cpu_percent": 99.3,
                "timestamp": 1778800714.5797591
            },
            {
                "memory_mb": 374.34375,
                "cpu_percent": 75.4,
                "timestamp": 1778800715.6271126
            },
            {
                "memory_mb": 374.33203125,
                "cpu_percent": 91.2,
                "timestamp": 1778800716.6793926
            },
            {
                "memory_mb": 374.33203125,
                "cpu_percent": 5.7,
                "timestamp": 1778800717.73136
            },
            {
                "memory_mb": 374.3515625,
                "cpu_percent": 95.3,
                "timestamp": 1778800718.7809756
            },
            {
                "memory_mb": 374.34765625,
                "cpu_percent": 99.3,
                "timestamp": 1778800719.828805
            },
            {
                "memory_mb": 374.34375,
                "cpu_percent": 100.3,
                "timestamp": 1778800720.8759496
            },
            {
                "memory_mb": 374.33203125,
                "cpu_percent": 99.3,
                "timestamp": 1778800721.9237678
            },
            {
                "memory_mb": 374.34375,
                "cpu_percent": 34.3,
                "timestamp": 1778800722.9719005
            },
            {
                "memory_mb": 374.3515625,
                "cpu_percent": 100.2,
                "timestamp": 1778800724.0197465
            },
            {
                "memory_mb": 374.34765625,
                "cpu_percent": 91.3,
                "timestamp": 1778800725.0713797
            },
            {
                "memory_mb": 374.33984375,
                "cpu_percent": 82.1,
                "timestamp": 1778800726.1184442
            },
            {
                "memory_mb": 374.3359375,
                "cpu_percent": 54.2,
                "timestamp": 1778800727.1702912
            },
            {
                "memory_mb": 374.33203125,
                "cpu_percent": 46.7,
                "timestamp": 1778800728.2186964
            },
            {
                "memory_mb": 374.35546875,
                "cpu_percent": 100.2,
                "timestamp": 1778800729.2664506
            },
            {
                "memory_mb": 374.34765625,
                "cpu_percent": 76.4,
                "timestamp": 1778800730.313887
            },
            {
                "memory_mb": 374.34375,
                "cpu_percent": 100.2,
                "timestamp": 1778800731.36166
            },
            {
                "memory_mb": 374.3359375,
                "cpu_percent": 31.4,
                "timestamp": 1778800732.413888
            },
            {
                "memory_mb": 374.33984375,
                "cpu_percent": 63.0,
                "timestamp": 1778800733.461628
            },
            {
                "memory_mb": 374.3515625,
                "cpu_percent": 99.2,
                "timestamp": 1778800734.5095966
            },
            {
                "memory_mb": 374.3515625,
                "cpu_percent": 100.2,
                "timestamp": 1778800735.557465
            },
            {
                "memory_mb": 374.3359375,
                "cpu_percent": 100.3,
                "timestamp": 1778800736.6048055
            },
            {
                "memory_mb": 374.33203125,
                "cpu_percent": 51.3,
                "timestamp": 1778800737.6566956
            },
            {
                "memory_mb": 374.3515625,
                "cpu_percent": 85.9,
                "timestamp": 1778800738.704622
            },
            {
                "memory_mb": 374.3515625,
                "cpu_percent": 100.2,
                "timestamp": 1778800739.752102
            },
            {
                "memory_mb": 374.34375,
                "cpu_percent": 77.3,
                "timestamp": 1778800740.7996662
            },
            {
                "memory_mb": 374.3359375,
                "cpu_percent": 80.8,
                "timestamp": 1778800741.8518703
            },
            {
                "memory_mb": 374.33203125,
                "cpu_percent": 17.2,
                "timestamp": 1778800742.8992944
            },
            {
                "memory_mb": 374.33984375,
                "cpu_percent": 100.3,
                "timestamp": 1778800743.946518
            },
            {
                "memory_mb": 374.3515625,
                "cpu_percent": 91.6,
                "timestamp": 1778800744.995117
            },
            {
                "memory_mb": 374.34375,
                "cpu_percent": 84.9,
                "timestamp": 1778800746.0428603
            },
            {
                "memory_mb": 374.3359375,
                "cpu_percent": 59.0,
                "timestamp": 1778800747.0932224
            },
            {
                "memory_mb": 374.33984375,
                "cpu_percent": 32.4,
                "timestamp": 1778800748.1423707
            },
            {
                "memory_mb": 374.35546875,
                "cpu_percent": 100.2,
                "timestamp": 1778800749.190044
            },
            {
                "memory_mb": 374.3515625,
                "cpu_percent": 100.2,
                "timestamp": 1778800750.23755
            },
            {
                "memory_mb": 374.34765625,
                "cpu_percent": 99.3,
                "timestamp": 1778800751.2851741
            },
            {
                "memory_mb": 374.33203125,
                "cpu_percent": 80.7,
                "timestamp": 1778800752.338759
            },
            {
                "memory_mb": 374.34375,
                "cpu_percent": 57.3,
                "timestamp": 1778800753.3860605
            },
            {
                "memory_mb": 374.3515625,
                "cpu_percent": 100.3,
                "timestamp": 1778800754.4332721
            },
            {
                "memory_mb": 374.34375,
                "cpu_percent": 82.1,
                "timestamp": 1778800755.4809883
            },
            {
                "memory_mb": 374.33984375,
                "cpu_percent": 93.6,
                "timestamp": 1778800756.528388
            },
            {
                "memory_mb": 374.3359375,
                "cpu_percent": 20.9,
                "timestamp": 1778800757.580661
            },
            {
                "memory_mb": 374.33984375,
                "cpu_percent": 81.2,
                "timestamp": 1778800758.6280146
            },
            {
                "memory_mb": 374.35546875,
                "cpu_percent": 100.2,
                "timestamp": 1778800759.6755466
            },
            {
                "memory_mb": 374.34765625,
                "cpu_percent": 77.3,
                "timestamp": 1778800760.7230773
            },
            {
                "memory_mb": 374.3359375,
                "cpu_percent": 89.3,
                "timestamp": 1778800761.7752147
            },
            {
                "memory_mb": 374.3359375,
                "cpu_percent": 5.7,
                "timestamp": 1778800762.831959
            },
            {
                "memory_mb": 374.359375,
                "cpu_percent": 99.2,
                "timestamp": 1778800763.879837
            },
            {
                "memory_mb": 374.35546875,
                "cpu_percent": 100.2,
                "timestamp": 1778800764.9278274
            },
            {
                "memory_mb": 374.3515625,
                "cpu_percent": 99.2,
                "timestamp": 1778800765.975712
            },
            {
                "memory_mb": 374.33984375,
                "cpu_percent": 101.2,
                "timestamp": 1778800767.023153
            },
            {
                "memory_mb": 374.34765625,
                "cpu_percent": 29.6,
                "timestamp": 1778800768.071065
            },
            {
                "memory_mb": 374.35546875,
                "cpu_percent": 100.2,
                "timestamp": 1778800769.1193514
            },
            {
                "memory_mb": 374.3515625,
                "cpu_percent": 90.4,
                "timestamp": 1778800770.1705618
            },
            {
                "memory_mb": 374.34375,
                "cpu_percent": 84.0,
                "timestamp": 1778800771.2178702
            },
            {
                "memory_mb": 374.33984375,
                "cpu_percent": 58.0,
                "timestamp": 1778800772.2696729
            },
            {
                "memory_mb": 374.3359375,
                "cpu_percent": 49.6,
                "timestamp": 1778800773.3173754
            },
            {
                "memory_mb": 374.359375,
                "cpu_percent": 99.3,
                "timestamp": 1778800774.364735
            },
            {
                "memory_mb": 374.3515625,
                "cpu_percent": 77.3,
                "timestamp": 1778800775.4128883
            },
            {
                "memory_mb": 374.34765625,
                "cpu_percent": 99.3,
                "timestamp": 1778800776.4605422
            },
            {
                "memory_mb": 374.33984375,
                "cpu_percent": 25.7,
                "timestamp": 1778800777.5121305
            },
            {
                "memory_mb": 374.359375,
                "cpu_percent": 67.8,
                "timestamp": 1778800778.559873
            },
            {
                "memory_mb": 374.35546875,
                "cpu_percent": 100.2,
                "timestamp": 1778800779.6076508
            },
            {
                "memory_mb": 374.35546875,
                "cpu_percent": 100.2,
                "timestamp": 1778800780.6552444
            },
            {
                "memory_mb": 374.33984375,
                "cpu_percent": 99.3,
                "timestamp": 1778800781.7025778
            },
            {
                "memory_mb": 374.3359375,
                "cpu_percent": 41.8,
                "timestamp": 1778800782.75407
            },
            {
                "memory_mb": 374.359375,
                "cpu_percent": 90.7,
                "timestamp": 1778800783.8016036
            },
            {
                "memory_mb": 374.35546875,
                "cpu_percent": 99.3,
                "timestamp": 1778800784.849087
            },
            {
                "memory_mb": 374.3515625,
                "cpu_percent": 82.1,
                "timestamp": 1778800785.8964796
            },
            {
                "memory_mb": 374.34375,
                "cpu_percent": 73.2,
                "timestamp": 1778800786.9480994
            },
            {
                "memory_mb": 374.33984375,
                "cpu_percent": 20.1,
                "timestamp": 1778800787.9951372
            },
            {
                "memory_mb": 374.34765625,
                "cpu_percent": 100.3,
                "timestamp": 1778800789.0423126
            },
            {
                "memory_mb": 374.359375,
                "cpu_percent": 88.5,
                "timestamp": 1778800790.092689
            },
            {
                "memory_mb": 374.3515625,
                "cpu_percent": 88.8,
                "timestamp": 1778800791.14055
            },
            {
                "memory_mb": 374.34375,
                "cpu_percent": 56.1,
                "timestamp": 1778800792.1922858
            },
            {
                "memory_mb": 374.34765625,
                "cpu_percent": 36.3,
                "timestamp": 1778800793.239286
            },
            {
                "memory_mb": 374.35546875,
                "cpu_percent": 100.2,
                "timestamp": 1778800794.2871194
            },
            {
                "memory_mb": 374.359375,
                "cpu_percent": 99.2,
                "timestamp": 1778800795.3351834
            },
            {
                "memory_mb": 374.35546875,
                "cpu_percent": 99.3,
                "timestamp": 1778800796.382991
            },
            {
                "memory_mb": 374.33984375,
                "cpu_percent": 72.3,
                "timestamp": 1778800797.4342322
            },
            {
                "memory_mb": 374.35546875,
                "cpu_percent": 62.0,
                "timestamp": 1778800798.4818833
            },
            {
                "memory_mb": 374.35546875,
                "cpu_percent": 99.2,
                "timestamp": 1778800799.5299242
            },
            {
                "memory_mb": 374.35546875,
                "cpu_percent": 53.3,
                "timestamp": 1778800800.5813837
            },
            {
                "memory_mb": 374.35546875,
                "cpu_percent": 63.0,
                "timestamp": 1778800801.6290114
            },
            {
                "memory_mb": 374.33984375,
                "cpu_percent": 75.1,
                "timestamp": 1778800802.6804368
            },
            {
                "memory_mb": 374.3515625,
                "cpu_percent": 82.1,
                "timestamp": 1778800803.7279532
            },
            {
                "memory_mb": 374.3671875,
                "cpu_percent": 100.2,
                "timestamp": 1778800804.7758272
            },
            {
                "memory_mb": 374.359375,
                "cpu_percent": 76.3,
                "timestamp": 1778800805.8236954
            },
            {
                "memory_mb": 374.34765625,
                "cpu_percent": 79.8,
                "timestamp": 1778800806.87577
            },
            {
                "memory_mb": 374.34375,
                "cpu_percent": 9.5,
                "timestamp": 1778800807.9265995
            },
            {
                "memory_mb": 374.359375,
                "cpu_percent": 100.3,
                "timestamp": 1778800808.97391
            },
            {
                "memory_mb": 374.36328125,
                "cpu_percent": 100.2,
                "timestamp": 1778800810.0219512
            },
            {
                "memory_mb": 374.359375,
                "cpu_percent": 100.2,
                "timestamp": 1778800811.0697188
            },
            {
                "memory_mb": 374.34765625,
                "cpu_percent": 100.2,
                "timestamp": 1778800812.1177409
            },
            {
                "memory_mb": 374.35546875,
                "cpu_percent": 35.3,
                "timestamp": 1778800813.1650798
            },
            {
                "memory_mb": 374.36328125,
                "cpu_percent": 100.2,
                "timestamp": 1778800814.212645
            },
            {
                "memory_mb": 374.36328125,
                "cpu_percent": 82.7,
                "timestamp": 1778800815.2648938
            },
            {
                "memory_mb": 374.35546875,
                "cpu_percent": 90.7,
                "timestamp": 1778800816.312576
            },
            {
                "memory_mb": 374.3515625,
                "cpu_percent": 49.5,
                "timestamp": 1778800817.3639727
            },
            {
                "memory_mb": 374.34765625,
                "cpu_percent": 56.3,
                "timestamp": 1778800818.4127927
            },
            {
                "memory_mb": 374.37109375,
                "cpu_percent": 100.2,
                "timestamp": 1778800819.4605997
            },
            {
                "memory_mb": 374.36328125,
                "cpu_percent": 77.3,
                "timestamp": 1778800820.5082624
            },
            {
                "memory_mb": 374.359375,
                "cpu_percent": 100.2,
                "timestamp": 1778800821.5566416
            },
            {
                "memory_mb": 374.3515625,
                "cpu_percent": 17.1,
                "timestamp": 1778800822.6085665
            },
            {
                "memory_mb": 374.37109375,
                "cpu_percent": 72.6,
                "timestamp": 1778800823.6555028
            },
            {
                "memory_mb": 374.3671875,
                "cpu_percent": 100.2,
                "timestamp": 1778800824.7035906
            },
            {
                "memory_mb": 374.36328125,
                "cpu_percent": 100.2,
                "timestamp": 1778800825.7512157
            },
            {
                "memory_mb": 374.3515625,
                "cpu_percent": 100.2,
                "timestamp": 1778800826.798633
            },
            {
                "memory_mb": 374.34765625,
                "cpu_percent": 41.8,
                "timestamp": 1778800827.8506484
            },
            {
                "memory_mb": 374.375,
                "cpu_percent": 94.3,
                "timestamp": 1778800828.9002533
            },
            {
                "memory_mb": 374.375,
                "cpu_percent": 100.2,
                "timestamp": 1778800829.9481654
            },
            {
                "memory_mb": 374.3671875,
                "cpu_percent": 82.1,
                "timestamp": 1778800830.996182
            },
            {
                "memory_mb": 374.359375,
                "cpu_percent": 77.0,
                "timestamp": 1778800832.0483558
            },
            {
                "memory_mb": 374.35546875,
                "cpu_percent": 25.8,
                "timestamp": 1778800833.0955224
            },
            {
                "memory_mb": 374.36328125,
                "cpu_percent": 100.2,
                "timestamp": 1778800834.1431577
            },
            {
                "memory_mb": 374.375,
                "cpu_percent": 81.8,
                "timestamp": 1778800835.1951206
            },
            {
                "memory_mb": 374.3671875,
                "cpu_percent": 93.6,
                "timestamp": 1778800836.2423005
            },
            {
                "memory_mb": 374.359375,
                "cpu_percent": 52.4,
                "timestamp": 1778800837.2928693
            },
            {
                "memory_mb": 374.36328125,
                "cpu_percent": 41.0,
                "timestamp": 1778800838.3409202
            },
            {
                "memory_mb": 374.375,
                "cpu_percent": 100.3,
                "timestamp": 1778800839.388228
            },
            {
                "memory_mb": 374.375,
                "cpu_percent": 99.3,
                "timestamp": 1778800840.4353452
            },
            {
                "memory_mb": 374.37109375,
                "cpu_percent": 100.2,
                "timestamp": 1778800841.4829183
            },
            {
                "memory_mb": 374.35546875,
                "cpu_percent": 78.0,
                "timestamp": 1778800842.5344465
            },
            {
                "memory_mb": 374.3671875,
                "cpu_percent": 64.9,
                "timestamp": 1778800843.5823834
            },
            {
                "memory_mb": 374.375,
                "cpu_percent": 100.2,
                "timestamp": 1778800844.6299188
            },
            {
                "memory_mb": 374.3671875,
                "cpu_percent": 80.3,
                "timestamp": 1778800845.6766298
            },
            {
                "memory_mb": 374.36328125,
                "cpu_percent": 98.3,
                "timestamp": 1778800846.7240434
            },
            {
                "memory_mb": 374.359375,
                "cpu_percent": 15.2,
                "timestamp": 1778800847.775354
            },
            {
                "memory_mb": 374.36328125,
                "cpu_percent": 90.7,
                "timestamp": 1778800848.8225505
            },
            {
                "memory_mb": 374.37890625,
                "cpu_percent": 100.3,
                "timestamp": 1778800849.8698602
            },
            {
                "memory_mb": 374.37109375,
                "cpu_percent": 76.3,
                "timestamp": 1778800850.9187875
            },
            {
                "memory_mb": 374.359375,
                "cpu_percent": 81.8,
                "timestamp": 1778800851.9706652
            },
            {
                "memory_mb": 374.36328125,
                "cpu_percent": 13.4,
                "timestamp": 1778800853.0178978
            },
            {
                "memory_mb": 374.37890625,
                "cpu_percent": 100.3,
                "timestamp": 1778800854.0649812
            },
            {
                "memory_mb": 374.375,
                "cpu_percent": 99.3,
                "timestamp": 1778800855.1127143
            },
            {
                "memory_mb": 374.37109375,
                "cpu_percent": 100.3,
                "timestamp": 1778800856.1600494
            },
            {
                "memory_mb": 374.359375,
                "cpu_percent": 99.2,
                "timestamp": 1778800857.208104
            },
            {
                "memory_mb": 374.37109375,
                "cpu_percent": 41.1,
                "timestamp": 1778800858.2555172
            },
            {
                "memory_mb": 374.3828125,
                "cpu_percent": 99.3,
                "timestamp": 1778800859.3023758
            },
            {
                "memory_mb": 374.375,
                "cpu_percent": 82.0,
                "timestamp": 1778800860.3507288
            },
            {
                "memory_mb": 374.37109375,
                "cpu_percent": 96.4,
                "timestamp": 1778800861.3988767
            },
            {
                "memory_mb": 374.3671875,
                "cpu_percent": 49.4,
                "timestamp": 1778800862.4518735
            },
            {
                "memory_mb": 374.36328125,
                "cpu_percent": 58.2,
                "timestamp": 1778800863.4991417
            },
            {
                "memory_mb": 374.38671875,
                "cpu_percent": 99.3,
                "timestamp": 1778800864.5462391
            },
            {
                "memory_mb": 374.37890625,
                "cpu_percent": 77.3,
                "timestamp": 1778800865.593709
            },
            {
                "memory_mb": 374.375,
                "cpu_percent": 100.2,
                "timestamp": 1778800866.6414676
            },
            {
                "memory_mb": 374.3671875,
                "cpu_percent": 15.2,
                "timestamp": 1778800867.692254
            },
            {
                "memory_mb": 374.37890625,
                "cpu_percent": 74.5,
                "timestamp": 1778800868.739924
            },
            {
                "memory_mb": 374.3828125,
                "cpu_percent": 99.3,
                "timestamp": 1778800869.7876716
            },
            {
                "memory_mb": 374.37890625,
                "cpu_percent": 100.3,
                "timestamp": 1778800870.8349695
            },
            {
                "memory_mb": 374.3671875,
                "cpu_percent": 99.3,
                "timestamp": 1778800871.8824756
            },
            {
                "memory_mb": 374.36328125,
                "cpu_percent": 42.8,
                "timestamp": 1778800872.9337013
            },
            {
                "memory_mb": 374.3828125,
                "cpu_percent": 96.4,
                "timestamp": 1778800873.9818738
            },
            {
                "memory_mb": 374.38671875,
                "cpu_percent": 100.2,
                "timestamp": 1778800875.0294354
            },
            {
                "memory_mb": 374.37890625,
                "cpu_percent": 83.1,
                "timestamp": 1778800876.0766535
            },
            {
                "memory_mb": 374.37109375,
                "cpu_percent": 77.9,
                "timestamp": 1778800877.1288896
            },
            {
                "memory_mb": 374.3671875,
                "cpu_percent": 26.7,
                "timestamp": 1778800878.1761243
            },
            {
                "memory_mb": 374.375,
                "cpu_percent": 99.3,
                "timestamp": 1778800879.223481
            },
            {
                "memory_mb": 374.38671875,
                "cpu_percent": 80.8,
                "timestamp": 1778800880.275633
            },
            {
                "memory_mb": 374.37890625,
                "cpu_percent": 95.5,
                "timestamp": 1778800881.3228705
            },
            {
                "memory_mb": 374.37109375,
                "cpu_percent": 44.7,
                "timestamp": 1778800882.3751144
            },
            {
                "memory_mb": 374.3671875,
                "cpu_percent": 44.8,
                "timestamp": 1778800883.4239957
            },
            {
                "memory_mb": 374.38671875,
                "cpu_percent": 100.3,
                "timestamp": 1778800884.4713178
            },
            {
                "memory_mb": 374.38671875,
                "cpu_percent": 100.2,
                "timestamp": 1778800885.519101
            },
            {
                "memory_mb": 374.37109375,
                "cpu_percent": 99.3,
                "timestamp": 1778800886.5663328
            },
            {
                "memory_mb": 374.3671875,
                "cpu_percent": 67.6,
                "timestamp": 1778800887.615908
            },
            {
                "memory_mb": 374.37890625,
                "cpu_percent": 68.7,
                "timestamp": 1778800888.6639295
            },
            {
                "memory_mb": 374.390625,
                "cpu_percent": 99.3,
                "timestamp": 1778800889.7112026
            },
            {
                "memory_mb": 374.38671875,
                "cpu_percent": 48.5,
                "timestamp": 1778800890.7632332
            },
            {
                "memory_mb": 374.3828125,
                "cpu_percent": 70.7,
                "timestamp": 1778800891.8103905
            },
            {
                "memory_mb": 374.37109375,
                "cpu_percent": 71.3,
                "timestamp": 1778800892.8627203
            },
            {
                "memory_mb": 374.3828125,
                "cpu_percent": 89.7,
                "timestamp": 1778800893.9109817
            },
            {
                "memory_mb": 374.3984375,
                "cpu_percent": 99.3,
                "timestamp": 1778800894.9582608
            },
            {
                "memory_mb": 374.390625,
                "cpu_percent": 77.3,
                "timestamp": 1778800896.005867
            },
            {
                "memory_mb": 374.37890625,
                "cpu_percent": 79.8,
                "timestamp": 1778800897.0579166
            },
            {
                "memory_mb": 374.3828125,
                "cpu_percent": 15.3,
                "timestamp": 1778800898.1049995
            },
            {
                "memory_mb": 374.3984375,
                "cpu_percent": 100.2,
                "timestamp": 1778800899.1527212
            },
            {
                "memory_mb": 374.39453125,
                "cpu_percent": 99.3,
                "timestamp": 1778800900.2002988
            },
            {
                "memory_mb": 374.390625,
                "cpu_percent": 100.2,
                "timestamp": 1778800901.2480757
            },
            {
                "memory_mb": 374.37890625,
                "cpu_percent": 100.3,
                "timestamp": 1778800902.295122
            },
            {
                "memory_mb": 374.38671875,
                "cpu_percent": 40.1,
                "timestamp": 1778800903.3421268
            },
            {
                "memory_mb": 374.3984375,
                "cpu_percent": 100.3,
                "timestamp": 1778800904.3890133
            },
            {
                "memory_mb": 374.38671875,
                "cpu_percent": 77.2,
                "timestamp": 1778800905.4383578
            },
            {
                "memory_mb": 374.3828125,
                "cpu_percent": 99.3,
                "timestamp": 1778800906.4857068
            },
            {
                "memory_mb": 374.37890625,
                "cpu_percent": 40.0,
                "timestamp": 1778800907.5365942
            },
            {
                "memory_mb": 374.375,
                "cpu_percent": 63.0,
                "timestamp": 1778800908.5838706
            },
            {
                "memory_mb": 374.3984375,
                "cpu_percent": 100.2,
                "timestamp": 1778800909.6314306
            },
            {
                "memory_mb": 374.390625,
                "cpu_percent": 77.3,
                "timestamp": 1778800910.678655
            },
            {
                "memory_mb": 374.38671875,
                "cpu_percent": 99.3,
                "timestamp": 1778800911.7261927
            },
            {
                "memory_mb": 374.37890625,
                "cpu_percent": 12.4,
                "timestamp": 1778800912.7785022
            },
            {
                "memory_mb": 374.3984375,
                "cpu_percent": 78.3,
                "timestamp": 1778800913.8258562
            },
            {
                "memory_mb": 374.39453125,
                "cpu_percent": 100.3,
                "timestamp": 1778800914.8732142
            },
            {
                "memory_mb": 374.390625,
                "cpu_percent": 99.3,
                "timestamp": 1778800915.9207275
            },
            {
                "memory_mb": 374.37890625,
                "cpu_percent": 100.2,
                "timestamp": 1778800916.9683745
            },
            {
                "memory_mb": 374.38671875,
                "cpu_percent": 44.5,
                "timestamp": 1778800918.0239515
            },
            {
                "memory_mb": 374.39453125,
                "cpu_percent": 99.3,
                "timestamp": 1778800919.0708466
            },
            {
                "memory_mb": 374.40234375,
                "cpu_percent": 100.3,
                "timestamp": 1778800920.1182148
            },
            {
                "memory_mb": 374.390625,
                "cpu_percent": 81.2,
                "timestamp": 1778800921.1654348
            },
            {
                "memory_mb": 374.38671875,
                "cpu_percent": 74.2,
                "timestamp": 1778800922.216744
            },
            {
                "memory_mb": 374.3828125,
                "cpu_percent": 31.5,
                "timestamp": 1778800923.264145
            },
            {
                "memory_mb": 374.390625,
                "cpu_percent": 100.3,
                "timestamp": 1778800924.3113174
            },
            {
                "memory_mb": 374.40234375,
                "cpu_percent": 79.1,
                "timestamp": 1778800925.3610241
            },
            {
                "memory_mb": 374.39453125,
                "cpu_percent": 98.4,
                "timestamp": 1778800926.4082952
            },
            {
                "memory_mb": 374.38671875,
                "cpu_percent": 46.6,
                "timestamp": 1778800927.460426
            },
            {
                "memory_mb": 374.390625,
                "cpu_percent": 47.7,
                "timestamp": 1778800928.5081055
            },
            {
                "memory_mb": 374.40234375,
                "cpu_percent": 100.3,
                "timestamp": 1778800929.5553815
            },
            {
                "memory_mb": 374.40234375,
                "cpu_percent": 99.3,
                "timestamp": 1778800930.6030374
            },
            {
                "memory_mb": 374.38671875,
                "cpu_percent": 99.3,
                "timestamp": 1778800931.6503818
            },
            {
                "memory_mb": 374.3828125,
                "cpu_percent": 67.6,
                "timestamp": 1778800932.7012563
            },
            {
                "memory_mb": 374.40234375,
                "cpu_percent": 71.6,
                "timestamp": 1778800933.7489126
            },
            {
                "memory_mb": 374.40234375,
                "cpu_percent": 100.3,
                "timestamp": 1778800934.796258
            },
            {
                "memory_mb": 374.39453125,
                "cpu_percent": 81.1,
                "timestamp": 1778800935.8438218
            },
            {
                "memory_mb": 374.390625,
                "cpu_percent": 97.3,
                "timestamp": 1778800936.8919985
            },
            {
                "memory_mb": 374.38671875,
                "cpu_percent": 8.6,
                "timestamp": 1778800937.9438298
            },
            {
                "memory_mb": 374.390625,
                "cpu_percent": 98.3,
                "timestamp": 1778800938.9916732
            },
            {
                "memory_mb": 374.40234375,
                "cpu_percent": 99.3,
                "timestamp": 1778800940.0392613
            },
            {
                "memory_mb": 374.39453125,
                "cpu_percent": 74.4,
                "timestamp": 1778800941.0877047
            },
            {
                "memory_mb": 374.38671875,
                "cpu_percent": 74.2,
                "timestamp": 1778800942.139163
            },
            {
                "memory_mb": 374.3828125,
                "cpu_percent": 24.8,
                "timestamp": 1778800943.1858954
            },
            {
                "memory_mb": 374.3984375,
                "cpu_percent": 99.3,
                "timestamp": 1778800944.2335336
            },
            {
                "memory_mb": 374.3984375,
                "cpu_percent": 100.2,
                "timestamp": 1778800945.2810028
            },
            {
                "memory_mb": 374.39453125,
                "cpu_percent": 100.2,
                "timestamp": 1778800946.3288708
            },
            {
                "memory_mb": 374.38671875,
                "cpu_percent": 32.3,
                "timestamp": 1778800947.380502
            },
            {
                "memory_mb": 374.38671875,
                "cpu_percent": 78.3,
                "timestamp": 1778800948.4281101
            },
            {
                "memory_mb": 374.39453125,
                "cpu_percent": 99.3,
                "timestamp": 1778800949.4755454
            },
            {
                "memory_mb": 374.3984375,
                "cpu_percent": 92.2,
                "timestamp": 1778800950.5279975
            },
            {
                "memory_mb": 374.390625,
                "cpu_percent": 83.9,
                "timestamp": 1778800951.5763512
            },
            {
                "memory_mb": 374.38671875,
                "cpu_percent": 64.7,
                "timestamp": 1778800952.627585
            },
            {
                "memory_mb": 374.390625,
                "cpu_percent": 62.1,
                "timestamp": 1778800953.6744573
            },
            {
                "memory_mb": 374.40234375,
                "cpu_percent": 99.2,
                "timestamp": 1778800954.7224004
            },
            {
                "memory_mb": 374.40625,
                "cpu_percent": 82.1,
                "timestamp": 1778800955.7702024
            },
            {
                "memory_mb": 374.39453125,
                "cpu_percent": 98.3,
                "timestamp": 1778800956.8180141
            },
            {
                "memory_mb": 374.39453125,
                "cpu_percent": 5.7,
                "timestamp": 1778800957.8699355
            },
            {
                "memory_mb": 374.40234375,
                "cpu_percent": 88.6,
                "timestamp": 1778800958.9190085
            },
            {
                "memory_mb": 374.41015625,
                "cpu_percent": 100.2,
                "timestamp": 1778800959.966842
            },
            {
                "memory_mb": 374.40234375,
                "cpu_percent": 100.2,
                "timestamp": 1778800961.0143805
            },
            {
                "memory_mb": 374.39453125,
                "cpu_percent": 67.7,
                "timestamp": 1778800962.0634356
            },
            {
                "memory_mb": 374.39453125,
                "cpu_percent": 43.0,
                "timestamp": 1778800963.1096337
            },
            {
                "memory_mb": 374.39453125,
                "cpu_percent": 99.3,
                "timestamp": 1778800964.1569774
            },
            {
                "memory_mb": 374.40625,
                "cpu_percent": 100.2,
                "timestamp": 1778800965.2048445
            },
            {
                "memory_mb": 374.40234375,
                "cpu_percent": 74.5,
                "timestamp": 1778800966.2523563
            },
            {
                "memory_mb": 374.3984375,
                "cpu_percent": 100.2,
                "timestamp": 1778800967.2999978
            },
            {
                "memory_mb": 374.3984375,
                "cpu_percent": 41.1,
                "timestamp": 1778800968.3468287
            },
            {
                "memory_mb": 374.40625,
                "cpu_percent": 99.3,
                "timestamp": 1778800969.3941844
            },
            {
                "memory_mb": 374.41015625,
                "cpu_percent": 84.6,
                "timestamp": 1778800970.4456594
            },
            {
                "memory_mb": 374.40625,
                "cpu_percent": 98.3,
                "timestamp": 1778800971.4931498
            },
            {
                "memory_mb": 374.3984375,
                "cpu_percent": 40.8,
                "timestamp": 1778800972.547092
            },
            {
                "memory_mb": 374.3984375,
                "cpu_percent": 53.5,
                "timestamp": 1778800973.594742
            },
            {
                "memory_mb": 374.4140625,
                "cpu_percent": 100.2,
                "timestamp": 1778800974.642675
            },
            {
                "memory_mb": 374.4140625,
                "cpu_percent": 100.2,
                "timestamp": 1778800975.6904771
            },
            {
                "memory_mb": 374.3984375,
                "cpu_percent": 99.3,
                "timestamp": 1778800976.738311
            },
            {
                "memory_mb": 374.39453125,
                "cpu_percent": 60.8,
                "timestamp": 1778800977.790283
            },
            {
                "memory_mb": 374.4140625,
                "cpu_percent": 74.5,
                "timestamp": 1778800978.837775
            },
            {
                "memory_mb": 374.4140625,
                "cpu_percent": 100.2,
                "timestamp": 1778800979.8852823
            },
            {
                "memory_mb": 374.40625,
                "cpu_percent": 80.2,
                "timestamp": 1778800980.9332216
            },
            {
                "memory_mb": 374.3984375,
                "cpu_percent": 98.3,
                "timestamp": 1778800981.981262
            },
            {
                "memory_mb": 374.39453125,
                "cpu_percent": 8.6,
                "timestamp": 1778800983.0328763
            },
            {
                "memory_mb": 374.40234375,
                "cpu_percent": 97.3,
                "timestamp": 1778800984.0815394
            },
            {
                "memory_mb": 374.41796875,
                "cpu_percent": 100.2,
                "timestamp": 1778800985.1291666
            },
            {
                "memory_mb": 374.40625,
                "cpu_percent": 77.3,
                "timestamp": 1778800986.177306
            },
            {
                "memory_mb": 374.3984375,
                "cpu_percent": 71.3,
                "timestamp": 1778800987.2295423
            },
            {
                "memory_mb": 374.3984375,
                "cpu_percent": 5.6,
                "timestamp": 1778800988.1292048
            }
        ]
    }
}
