Процесс: 61535
УПРАВЛЯЮЩИЙ ПРОЦЕСС
Родитель: 13546
Создан: 2026-04-26T10:57:52.260000
Последний замер: 2026-04-26T11:02:54.762156
Время жизни: 302.502156 сек
voluntary_ctxt_switches: 1639
nonvoluntary_ctxt_switches: 78
jiffies: 112.0
avg_cpu_load: 0.3 %
avg_memory_mb: 42.8 MB


Процесс: 61542
Родитель: 61535
Создан: 2026-04-26T10:57:52.660000
Последний замер: 2026-04-26T10:58:33.947792
Время жизни: 41.287792 сек
voluntary_ctxt_switches: 19
nonvoluntary_ctxt_switches: 22
jiffies: 191.0
avg_cpu_load: 4.7 %
avg_memory_mb: 75.1 MB

Среднее latency: 1.71
Средний runtime: 1.63
Всего задач: 4
Задач по типам: cpu_intensive - 3; memory_intensive - 1

Процесс: 61543
Родитель: 61535
Создан: 2026-04-26T10:57:52.690000
Последний замер: 2026-04-26T10:58:33.947996
Время жизни: 41.257996 сек
voluntary_ctxt_switches: 19
nonvoluntary_ctxt_switches: 38
jiffies: 195.0
avg_cpu_load: 4.8 %
avg_memory_mb: 75.1 MB

Среднее latency: 1.74
Средний runtime: 1.65
Всего задач: 4
Задач по типам: cpu_intensive - 3; memory_intensive - 1

Процесс: 61552
Родитель: 61535
Создан: 2026-04-26T10:57:53.760000
Последний замер: 2026-04-26T10:59:04.323991
Время жизни: 70.563991 сек
voluntary_ctxt_switches: 35
nonvoluntary_ctxt_switches: 48
jiffies: 323.0
avg_cpu_load: 4.6 %
avg_memory_mb: 107.0 MB

Среднее latency: 1.69
Средний runtime: 1.64
Всего задач: 7
Задач по типам: cpu_intensive - 5; memory_intensive - 2

Процесс: 61553
Родитель: 61535
Создан: 2026-04-26T10:57:53.780000
Последний замер: 2026-04-26T10:59:04.324193
Время жизни: 70.544193 сек
voluntary_ctxt_switches: 45
nonvoluntary_ctxt_switches: 41
jiffies: 275.0
avg_cpu_load: 3.9 %
avg_memory_mb: 118.6 MB

Среднее latency: 1.7
Средний runtime: 1.65
Всего задач: 7
Задач по типам: memory_intensive - 3; cpu_intensive - 4

Процесс: 61618
Родитель: 61535
Создан: 2026-04-26T10:58:33.670000
Последний замер: 2026-04-26T10:59:33.652291
Время жизни: 59.982291 сек
voluntary_ctxt_switches: 33
nonvoluntary_ctxt_switches: 47
jiffies: 259.0
avg_cpu_load: 4.4 %
avg_memory_mb: 104.4 MB

Среднее latency: 1.67
Средний runtime: 1.65
Всего задач: 6
Задач по типам: cpu_intensive - 4; memory_intensive - 2

Процесс: 61619
Родитель: 61535
Создан: 2026-04-26T10:58:33.700000
Последний замер: 2026-04-26T10:59:33.652494
Время жизни: 59.952494 сек
voluntary_ctxt_switches: 32
nonvoluntary_ctxt_switches: 40
jiffies: 280.0
avg_cpu_load: 4.2 %
avg_memory_mb: 104.1 MB

Среднее latency: 1.7
Средний runtime: 1.68
Всего задач: 6
Задач по типам: cpu_intensive - 4; memory_intensive - 2

Процесс: 61684
Родитель: 61535
Создан: 2026-04-26T10:59:03.690000
Последний замер: 2026-04-26T11:00:04.026456
Время жизни: 60.336456 сек
voluntary_ctxt_switches: 23
nonvoluntary_ctxt_switches: 45
jiffies: 326.0
avg_cpu_load: 4.5 %
avg_memory_mb: 77.2 MB

Среднее latency: 1.67
Средний runtime: 1.66
Всего задач: 6
Задач по типам: cpu_intensive - 5; memory_intensive - 1

Процесс: 61685
Родитель: 61535
Создан: 2026-04-26T10:59:03.710000
Последний замер: 2026-04-26T11:00:04.026693
Время жизни: 60.316693 сек
voluntary_ctxt_switches: 46
nonvoluntary_ctxt_switches: 41
jiffies: 215.0
avg_cpu_load: 3.6 %
avg_memory_mb: 119.2 MB

Среднее latency: 1.69
Средний runtime: 1.67
Всего задач: 6
Задач по типам: memory_intensive - 3; cpu_intensive - 3

Процесс: 61689
Родитель: 61535
Создан: 2026-04-26T10:59:33.700000
Последний замер: 2026-04-26T11:00:34.414382
Время жизни: 60.714382 сек
voluntary_ctxt_switches: 24
nonvoluntary_ctxt_switches: 92
jiffies: 317.0
avg_cpu_load: 4.3 %
avg_memory_mb: 105.2 MB

Среднее latency: 1.67
Средний runtime: 1.65
Всего задач: 6
Задач по типам: cpu_intensive - 5; memory_intensive - 1

Процесс: 61690
Родитель: 61535
Создан: 2026-04-26T10:59:33.720000
Последний замер: 2026-04-26T11:00:34.414595
Время жизни: 60.694595 сек
voluntary_ctxt_switches: 33
nonvoluntary_ctxt_switches: 53
jiffies: 267.0
avg_cpu_load: 3.5 %
avg_memory_mb: 91.7 MB

Среднее latency: 1.68
Средний runtime: 1.66
Всего задач: 6
Задач по типам: cpu_intensive - 4; memory_intensive - 2

Процесс: 61775
Родитель: 61535
Создан: 2026-04-26T11:00:03.720000
Последний замер: 2026-04-26T11:01:03.755483
Время жизни: 60.035483 сек
voluntary_ctxt_switches: 35
nonvoluntary_ctxt_switches: 72
jiffies: 275.0
avg_cpu_load: 4.6 %
avg_memory_mb: 90.6 MB

Среднее latency: 1.7
Средний runtime: 1.67
Всего задач: 6
Задач по типам: cpu_intensive - 4; memory_intensive - 2

Процесс: 61776
Родитель: 61535
Создан: 2026-04-26T11:00:03.750000
Последний замер: 2026-04-26T11:01:03.755695
Время жизни: 60.005695 сек
voluntary_ctxt_switches: 42
nonvoluntary_ctxt_switches: 65
jiffies: 224.0
avg_cpu_load: 3.7 %
avg_memory_mb: 118.6 MB

Среднее latency: 1.72
Средний runtime: 1.7
Всего задач: 6
Задач по типам: memory_intensive - 3; cpu_intensive - 3

Процесс: 61830
Родитель: 61535
Создан: 2026-04-26T11:00:33.820000
Последний замер: 2026-04-26T11:01:34.150531
Время жизни: 60.330531 сек
voluntary_ctxt_switches: 23
nonvoluntary_ctxt_switches: 45
jiffies: 328.0
avg_cpu_load: 5.5 %
avg_memory_mb: 77.3 MB

Среднее latency: 1.69
Средний runtime: 1.66
Всего задач: 6
Задач по типам: cpu_intensive - 5; memory_intensive - 1

Процесс: 61831
Родитель: 61535
Создан: 2026-04-26T11:00:33.870000
Последний замер: 2026-04-26T11:01:34.150745
Время жизни: 60.280745 сек
voluntary_ctxt_switches: 42
nonvoluntary_ctxt_switches: 30
jiffies: 224.0
avg_cpu_load: 3.7 %
avg_memory_mb: 119.2 MB

Среднее latency: 1.72
Средний runtime: 1.68
Всего задач: 6
Задач по типам: memory_intensive - 3; cpu_intensive - 3

Процесс: 61915
Родитель: 61535
Создан: 2026-04-26T11:01:03.740000
Последний замер: 2026-04-26T11:02:04.544257
Время жизни: 60.804257 сек
voluntary_ctxt_switches: 33
nonvoluntary_ctxt_switches: 69
jiffies: 278.0
avg_cpu_load: 4.5 %
avg_memory_mb: 104.6 MB

Среднее latency: 1.71
Средний runtime: 1.69
Всего задач: 6
Задач по типам: cpu_intensive - 4; memory_intensive - 2

Процесс: 61916
Родитель: 61535
Создан: 2026-04-26T11:01:03.760000
Последний замер: 2026-04-26T11:02:04.544460
Время жизни: 60.78446 сек
voluntary_ctxt_switches: 33
nonvoluntary_ctxt_switches: 35
jiffies: 281.0
avg_cpu_load: 3.7 %
avg_memory_mb: 91.9 MB

Среднее latency: 1.7
Средний runtime: 1.68
Всего задач: 6
Задач по типам: cpu_intensive - 4; memory_intensive - 2

Процесс: 61927
Родитель: 61535
Создан: 2026-04-26T11:01:33.770000
Последний замер: 2026-04-26T11:02:33.901081
Время жизни: 60.131081 сек
voluntary_ctxt_switches: 23
nonvoluntary_ctxt_switches: 24
jiffies: 325.0
avg_cpu_load: 5.4 %
avg_memory_mb: 76.8 MB

Среднее latency: 1.68
Средний runtime: 1.65
Всего задач: 6
Задач по типам: cpu_intensive - 5; memory_intensive - 1

Процесс: 61928
Родитель: 61535
Создан: 2026-04-26T11:01:33.820000
Последний замер: 2026-04-26T11:02:33.901286
Время жизни: 60.081286 сек
voluntary_ctxt_switches: 42
nonvoluntary_ctxt_switches: 30
jiffies: 211.0
avg_cpu_load: 3.5 %
avg_memory_mb: 118.9 MB

Среднее latency: 1.69
Средний runtime: 1.66
Всего задач: 6
Задач по типам: memory_intensive - 3; cpu_intensive - 3

Процесс: 61993
Родитель: 61535
Создан: 2026-04-26T11:02:03.750000
Последний замер: 2026-04-26T11:02:54.763543
Время жизни: 51.013543 сек
voluntary_ctxt_switches: 31
nonvoluntary_ctxt_switches: 49
jiffies: 214.0
avg_cpu_load: 3.1 %
avg_memory_mb: 102.5 MB

Среднее latency: 1.71
Средний runtime: 1.69
Всего задач: 5
Задач по типам: cpu_intensive - 3; memory_intensive - 2

Процесс: 61994
Родитель: 61535
Создан: 2026-04-26T11:02:03.920000
Последний замер: 2026-04-26T11:02:54.763759
Время жизни: 50.843759 сек
voluntary_ctxt_switches: 21
nonvoluntary_ctxt_switches: 42
jiffies: 273.0
avg_cpu_load: 4.2 %
avg_memory_mb: 86.0 MB

Среднее latency: 1.73
Средний runtime: 1.68
Всего задач: 5
Задач по типам: cpu_intensive - 4; memory_intensive - 1

Процесс: 61998
Родитель: 61535
Создан: 2026-04-26T11:02:33.780000
Последний замер: 2026-04-26T11:02:54.763962
Время жизни: 20.983962 сек
voluntary_ctxt_switches: 5
nonvoluntary_ctxt_switches: 4
jiffies: 119.0
avg_cpu_load: 5.7 %
avg_memory_mb: 36.5 MB

Среднее latency: 1.66
Средний runtime: 1.6
Всего задач: 2
Задач по типам: cpu_intensive - 2

Процесс: 61999
Родитель: 61535
Создан: 2026-04-26T11:02:33.830000
Последний замер: 2026-04-26T11:02:54.764163
Время жизни: 20.934163 сек
voluntary_ctxt_switches: 25
nonvoluntary_ctxt_switches: 21
jiffies: 18.0
avg_cpu_load: 0.9 %
avg_memory_mb: 115.7 MB

Среднее latency: 1.79
Средний runtime: 1.73
Всего задач: 2
Задач по типам: memory_intensive - 2

