{
    "active_periods": [
        {
            "start": 1777208283.0951,
            "end": 1777208587.180636,
            "duration_sec": 304.0855360031128,
            "tasks_completed": 731,
            "throughput_tps": 2.403928873461831
        }
    ],
    "history": [
        {
            "timestamp": 1777208283.0951,
            "messages": 0,
            "ack": 76609
        },
        {
            "timestamp": 1777208288.101678,
            "messages": 0,
            "ack": 76613
        },
        {
            "timestamp": 1777208293.107833,
            "messages": 8,
            "ack": 76625
        },
        {
            "timestamp": 1777208298.113373,
            "messages": 6,
            "ack": 76637
        },
        {
            "timestamp": 1777208303.118656,
            "messages": 5,
            "ack": 76649
        },
        {
            "timestamp": 1777208308.124237,
            "messages": 6,
            "ack": 76661
        },
        {
            "timestamp": 1777208313.129651,
            "messages": 5,
            "ack": 76673
        },
        {
            "timestamp": 1777208318.134814,
            "messages": 4,
            "ack": 76685
        },
        {
            "timestamp": 1777208323.140388,
            "messages": 8,
            "ack": 76697
        },
        {
            "timestamp": 1777208328.145,
            "messages": 8,
            "ack": 76711
        },
        {
            "timestamp": 1777208333.150475,
            "messages": 6,
            "ack": 76723
        },
        {
            "timestamp": 1777208338.15912,
            "messages": 10,
            "ack": 76735
        },
        {
            "timestamp": 1777208343.162769,
            "messages": 10,
            "ack": 76747
        },
        {
            "timestamp": 1777208348.166504,
            "messages": 10,
            "ack": 76759
        },
        {
            "timestamp": 1777208353.170376,
            "messages": 9,
            "ack": 76771
        },
        {
            "timestamp": 1777208358.175722,
            "messages": 8,
            "ack": 76783
        },
        {
            "timestamp": 1777208363.180503,
            "messages": 12,
            "ack": 76795
        },
        {
            "timestamp": 1777208368.185279,
            "messages": 12,
            "ack": 76807
        },
        {
            "timestamp": 1777208373.18987,
            "messages": 10,
            "ack": 76819
        },
        {
            "timestamp": 1777208378.195487,
            "messages": 10,
            "ack": 76831
        },
        {
            "timestamp": 1777208383.199983,
            "messages": 14,
            "ack": 76843
        },
        {
            "timestamp": 1777208388.205216,
            "messages": 14,
            "ack": 76856
        },
        {
            "timestamp": 1777208393.210859,
            "messages": 13,
            "ack": 76868
        },
        {
            "timestamp": 1777208398.215815,
            "messages": 12,
            "ack": 76881
        },
        {
            "timestamp": 1777208403.221158,
            "messages": 12,
            "ack": 76893
        },
        {
            "timestamp": 1777208408.226785,
            "messages": 16,
            "ack": 76905
        },
        {
            "timestamp": 1777208413.232416,
            "messages": 14,
            "ack": 76917
        },
        {
            "timestamp": 1777208418.237685,
            "messages": 14,
            "ack": 76929
        },
        {
            "timestamp": 1777208423.242048,
            "messages": 13,
            "ack": 76941
        },
        {
            "timestamp": 1777208428.247346,
            "messages": 16,
            "ack": 76953
        },
        {
            "timestamp": 1777208433.252327,
            "messages": 16,
            "ack": 76965
        },
        {
            "timestamp": 1777208438.260232,
            "messages": 14,
            "ack": 76977
        },
        {
            "timestamp": 1777208443.265764,
            "messages": 18,
            "ack": 76989
        },
        {
            "timestamp": 1777208448.270489,
            "messages": 18,
            "ack": 77001
        },
        {
            "timestamp": 1777208453.275457,
            "messages": 16,
            "ack": 77013
        },
        {
            "timestamp": 1777208458.280906,
            "messages": 16,
            "ack": 77025
        },
        {
            "timestamp": 1777208463.287084,
            "messages": 20,
            "ack": 77037
        },
        {
            "timestamp": 1777208468.291759,
            "messages": 18,
            "ack": 77050
        },
        {
            "timestamp": 1777208473.297562,
            "messages": 18,
            "ack": 77063
        },
        {
            "timestamp": 1777208478.302905,
            "messages": 18,
            "ack": 77075
        },
        {
            "timestamp": 1777208483.307553,
            "messages": 21,
            "ack": 77087
        },
        {
            "timestamp": 1777208488.31228,
            "messages": 20,
            "ack": 77099
        },
        {
            "timestamp": 1777208493.316324,
            "messages": 20,
            "ack": 77111
        },
        {
            "timestamp": 1777208498.321471,
            "messages": 19,
            "ack": 77123
        },
        {
            "timestamp": 1777208503.327691,
            "messages": 18,
            "ack": 77135
        },
        {
            "timestamp": 1777208508.332082,
            "messages": 22,
            "ack": 77147
        },
        {
            "timestamp": 1777208513.336931,
            "messages": 22,
            "ack": 77159
        },
        {
            "timestamp": 1777208518.342449,
            "messages": 22,
            "ack": 77171
        },
        {
            "timestamp": 1777208523.347925,
            "messages": 21,
            "ack": 77183
        },
        {
            "timestamp": 1777208528.352511,
            "messages": 20,
            "ack": 77195
        },
        {
            "timestamp": 1777208533.357191,
            "messages": 24,
            "ack": 77207
        },
        {
            "timestamp": 1777208538.361213,
            "messages": 24,
            "ack": 77219
        },
        {
            "timestamp": 1777208543.364901,
            "messages": 23,
            "ack": 77231
        },
        {
            "timestamp": 1777208548.368448,
            "messages": 22,
            "ack": 77243
        },
        {
            "timestamp": 1777208553.373536,
            "messages": 22,
            "ack": 77255
        },
        {
            "timestamp": 1777208558.379093,
            "messages": 26,
            "ack": 77267
        },
        {
            "timestamp": 1777208563.384899,
            "messages": 26,
            "ack": 77279
        },
        {
            "timestamp": 1777208568.38975,
            "messages": 25,
            "ack": 77291
        },
        {
            "timestamp": 1777208573.394846,
            "messages": 24,
            "ack": 77304
        },
        {
            "timestamp": 1777208578.400235,
            "messages": 24,
            "ack": 77316
        },
        {
            "timestamp": 1777208583.405298,
            "messages": 28,
            "ack": 77328
        },
        {
            "timestamp": 1777208587.175579,
            "messages": 27,
            "ack": 77340
        }
    ]
}