Процесс: 87142
УПРАВЛЯЮЩИЙ ПРОЦЕСС
Родитель: 13546
Создан: 2026-04-26T15:58:01.310000
Последний замер: 2026-04-26T16:03:05.214240
Время жизни: 303.90424 сек
voluntary_ctxt_switches: 3483
nonvoluntary_ctxt_switches: 31
jiffies: 125.0
avg_cpu_load: 0.3 %
avg_memory_mb: 42.8 MB


Процесс: 87149
Родитель: 87142
Создан: 2026-04-26T15:58:01.720000
Последний замер: 2026-04-26T16:03:05.214455
Время жизни: 303.494455 сек
voluntary_ctxt_switches: 976
nonvoluntary_ctxt_switches: 1734
jiffies: 8125.0
avg_cpu_load: 26.7 %
avg_memory_mb: 118.9 MB

Среднее latency: 6.03
Средний runtime: 1.65
Всего задач: 183
Задач по типам: memory_intensive - 60; cpu_intensive - 123

Процесс: 87150
Родитель: 87142
Создан: 2026-04-26T15:58:01.740000
Последний замер: 2026-04-26T16:03:05.214679
Время жизни: 303.474679 сек
voluntary_ctxt_switches: 982
nonvoluntary_ctxt_switches: 1607
jiffies: 7989.0
avg_cpu_load: 26.5 %
avg_memory_mb: 108.0 MB

Среднее latency: 6.06
Средний runtime: 1.65
Всего задач: 183
Задач по типам: cpu_intensive - 122; memory_intensive - 61

Процесс: 87151
Родитель: 87142
Создан: 2026-04-26T15:58:01.770000
Последний замер: 2026-04-26T16:03:05.214883
Время жизни: 303.444883 сек
voluntary_ctxt_switches: 1009
nonvoluntary_ctxt_switches: 1587
jiffies: 7942.0
avg_cpu_load: 26.3 %
avg_memory_mb: 119.2 MB

Среднее latency: 6.8
Средний runtime: 1.65
Всего задач: 183
Задач по типам: cpu_intensive - 120; memory_intensive - 63

Процесс: 87152
Родитель: 87142
Создан: 2026-04-26T15:58:01.790000
Последний замер: 2026-04-26T16:03:05.215084
Время жизни: 303.425084 сек
voluntary_ctxt_switches: 960
nonvoluntary_ctxt_switches: 1633
jiffies: 8206.0
avg_cpu_load: 27.3 %
avg_memory_mb: 118.7 MB

Среднее latency: 6.75
Средний runtime: 1.65
Всего задач: 182
Задач по типам: cpu_intensive - 123; memory_intensive - 59

