Процесс: 90178
УПРАВЛЯЮЩИЙ ПРОЦЕСС
Родитель: 13546
Создан: 2026-04-26T16:36:18.640000
Последний замер: 2026-04-26T16:41:21.146660
Время жизни: 302.50666 сек
voluntary_ctxt_switches: 1473
nonvoluntary_ctxt_switches: 1
jiffies: 59.0
avg_cpu_load: 0.1 %
avg_memory_mb: 42.7 MB


Процесс: 90185
Родитель: 90178
Создан: 2026-04-26T16:36:19.050000
Последний замер: 2026-04-26T16:41:21.146863
Время жизни: 302.096863 сек
voluntary_ctxt_switches: 162
nonvoluntary_ctxt_switches: 154
jiffies: 1315.0
avg_cpu_load: 4.3 %
avg_memory_mb: 112.9 MB

Среднее latency: 1.65
Средний runtime: 1.64
Всего задач: 30
Задач по типам: cpu_intensive - 20; memory_intensive - 10

Процесс: 90186
Родитель: 90178
Создан: 2026-04-26T16:36:19.070000
Последний замер: 2026-04-26T16:41:21.147060
Время жизни: 302.07706 сек
voluntary_ctxt_switches: 161
nonvoluntary_ctxt_switches: 155
jiffies: 1345.0
avg_cpu_load: 4.5 %
avg_memory_mb: 112.9 MB

Среднее latency: 1.66
Средний runtime: 1.65
Всего задач: 30
Задач по типам: cpu_intensive - 20; memory_intensive - 10

