{
    "active_periods": [
        {
            "start": 1778772252.881803,
            "end": 1778772555.602189,
            "duration_sec": 302.7203860282898,
            "tasks_completed": 120,
            "throughput_tps": 0.3964054141658823
        }
    ],
    "history": [
        {
            "timestamp": 1778772252.881803,
            "messages": 0,
            "ack": 7341
        },
        {
            "timestamp": 1778772257.888917,
            "messages": 2,
            "ack": 7343
        },
        {
            "timestamp": 1778772262.89516,
            "messages": 1,
            "ack": 7344
        },
        {
            "timestamp": 1778772267.899965,
            "messages": 1,
            "ack": 7345
        },
        {
            "timestamp": 1778772272.906262,
            "messages": 0,
            "ack": 7349
        },
        {
            "timestamp": 1778772277.911741,
            "messages": 0,
            "ack": 7350
        },
        {
            "timestamp": 1778772282.917127,
            "messages": 0,
            "ack": 7351
        },
        {
            "timestamp": 1778772287.921757,
            "messages": 0,
            "ack": 7355
        },
        {
            "timestamp": 1778772292.926609,
            "messages": 0,
            "ack": 7356
        },
        {
            "timestamp": 1778772297.931666,
            "messages": 0,
            "ack": 7357
        },
        {
            "timestamp": 1778772302.936258,
            "messages": 0,
            "ack": 7359
        },
        {
            "timestamp": 1778772307.940204,
            "messages": 0,
            "ack": 7361
        },
        {
            "timestamp": 1778772312.946083,
            "messages": 0,
            "ack": 7364
        },
        {
            "timestamp": 1778772317.951193,
            "messages": 0,
            "ack": 7365
        },
        {
            "timestamp": 1778772322.955985,
            "messages": 0,
            "ack": 7368
        },
        {
            "timestamp": 1778772327.961369,
            "messages": 0,
            "ack": 7369
        },
        {
            "timestamp": 1778772332.9671,
            "messages": 0,
            "ack": 7371
        },
        {
            "timestamp": 1778772337.972269,
            "messages": 0,
            "ack": 7374
        },
        {
            "timestamp": 1778772342.977056,
            "messages": 0,
            "ack": 7375
        },
        {
            "timestamp": 1778772347.982246,
            "messages": 0,
            "ack": 7377
        },
        {
            "timestamp": 1778772352.987101,
            "messages": 0,
            "ack": 7380
        },
        {
            "timestamp": 1778772357.992903,
            "messages": 0,
            "ack": 7381
        },
        {
            "timestamp": 1778772362.998262,
            "messages": 0,
            "ack": 7383
        },
        {
            "timestamp": 1778772368.002712,
            "messages": 0,
            "ack": 7386
        },
        {
            "timestamp": 1778772373.006952,
            "messages": 0,
            "ack": 7387
        },
        {
            "timestamp": 1778772378.011769,
            "messages": 0,
            "ack": 7389
        },
        {
            "timestamp": 1778772383.016581,
            "messages": 0,
            "ack": 7391
        },
        {
            "timestamp": 1778772388.021436,
            "messages": 0,
            "ack": 7393
        },
        {
            "timestamp": 1778772393.025285,
            "messages": 0,
            "ack": 7395
        },
        {
            "timestamp": 1778772398.030449,
            "messages": 0,
            "ack": 7397
        },
        {
            "timestamp": 1778772403.035756,
            "messages": 0,
            "ack": 7399
        },
        {
            "timestamp": 1778772408.040665,
            "messages": 0,
            "ack": 7401
        },
        {
            "timestamp": 1778772413.045642,
            "messages": 0,
            "ack": 7403
        },
        {
            "timestamp": 1778772418.051395,
            "messages": 0,
            "ack": 7405
        },
        {
            "timestamp": 1778772423.056455,
            "messages": 0,
            "ack": 7407
        },
        {
            "timestamp": 1778772428.061618,
            "messages": 0,
            "ack": 7409
        },
        {
            "timestamp": 1778772433.0661,
            "messages": 0,
            "ack": 7411
        },
        {
            "timestamp": 1778772438.070884,
            "messages": 0,
            "ack": 7413
        },
        {
            "timestamp": 1778772443.075329,
            "messages": 0,
            "ack": 7415
        },
        {
            "timestamp": 1778772448.079705,
            "messages": 0,
            "ack": 7417
        },
        {
            "timestamp": 1778772453.084749,
            "messages": 0,
            "ack": 7419
        },
        {
            "timestamp": 1778772458.088966,
            "messages": 0,
            "ack": 7421
        },
        {
            "timestamp": 1778772463.093887,
            "messages": 0,
            "ack": 7423
        },
        {
            "timestamp": 1778772468.099106,
            "messages": 0,
            "ack": 7425
        },
        {
            "timestamp": 1778772473.102936,
            "messages": 0,
            "ack": 7427
        },
        {
            "timestamp": 1778772478.10759,
            "messages": 0,
            "ack": 7429
        },
        {
            "timestamp": 1778772483.113029,
            "messages": 0,
            "ack": 7431
        },
        {
            "timestamp": 1778772488.11925,
            "messages": 0,
            "ack": 7433
        },
        {
            "timestamp": 1778772493.123766,
            "messages": 0,
            "ack": 7435
        },
        {
            "timestamp": 1778772498.130382,
            "messages": 0,
            "ack": 7437
        },
        {
            "timestamp": 1778772503.135397,
            "messages": 0,
            "ack": 7439
        },
        {
            "timestamp": 1778772508.139983,
            "messages": 0,
            "ack": 7441
        },
        {
            "timestamp": 1778772513.144888,
            "messages": 0,
            "ack": 7443
        },
        {
            "timestamp": 1778772518.150912,
            "messages": 0,
            "ack": 7445
        },
        {
            "timestamp": 1778772523.158419,
            "messages": 0,
            "ack": 7447
        },
        {
            "timestamp": 1778772528.164311,
            "messages": 0,
            "ack": 7449
        },
        {
            "timestamp": 1778772533.168554,
            "messages": 0,
            "ack": 7451
        },
        {
            "timestamp": 1778772538.173099,
            "messages": 0,
            "ack": 7453
        },
        {
            "timestamp": 1778772543.178347,
            "messages": 0,
            "ack": 7455
        },
        {
            "timestamp": 1778772548.183186,
            "messages": 0,
            "ack": 7457
        },
        {
            "timestamp": 1778772553.187732,
            "messages": 0,
            "ack": 7459
        },
        {
            "timestamp": 1778772555.59511,
            "messages": 0,
            "ack": 7461
        }
    ]
}