Процесс: 91540
УПРАВЛЯЮЩИЙ ПРОЦЕСС
Родитель: 13546
Создан: 2026-04-26T16:52:41.350000
Последний замер: 2026-04-26T16:57:45.144713
Время жизни: 303.794713 сек
voluntary_ctxt_switches: 2451
nonvoluntary_ctxt_switches: 6
jiffies: 89.0
avg_cpu_load: 0.2 %
avg_memory_mb: 42.8 MB


Процесс: 91547
Родитель: 91540
Создан: 2026-04-26T16:52:41.770000
Последний замер: 2026-04-26T16:57:45.144932
Время жизни: 303.374932 сек
voluntary_ctxt_switches: 980
nonvoluntary_ctxt_switches: 535
jiffies: 8015.0
avg_cpu_load: 26.5 %
avg_memory_mb: 117.4 MB

Среднее latency: 5.04
Средний runtime: 1.63
Всего задач: 184
Задач по типам: cpu_intensive - 123; memory_intensive - 61

Процесс: 91548
Родитель: 91540
Создан: 2026-04-26T16:52:41.800000
Последний замер: 2026-04-26T16:57:45.145135
Время жизни: 303.345135 сек
voluntary_ctxt_switches: 982
nonvoluntary_ctxt_switches: 608
jiffies: 8011.0
avg_cpu_load: 26.4 %
avg_memory_mb: 118.4 MB

Среднее latency: 5.07
Средний runtime: 1.63
Всего задач: 184
Задач по типам: cpu_intensive - 123; memory_intensive - 61

