Процесс: 44721
УПРАВЛЯЮЩИЙ ПРОЦЕСС
Родитель: 13546
Создан: 2026-04-26T07:30:29.290000
Последний замер: 2026-04-26T07:35:31.816354
Время жизни: 302.526354 сек
voluntary_ctxt_switches: 5163
nonvoluntary_ctxt_switches: 163
jiffies: 182.0
avg_cpu_load: 0.5 %
avg_memory_mb: 42.9 MB


Процесс: 44733
Родитель: 44721
Создан: 2026-04-26T07:30:29.690000
Последний замер: 2026-04-26T07:32:30.267665
Время жизни: 120.577665 сек
voluntary_ctxt_switches: 333
nonvoluntary_ctxt_switches: 3961
jiffies: 2982.0
avg_cpu_load: 24.8 %
avg_memory_mb: 101.2 MB

Среднее latency: 10.14
Средний runtime: 1.82
Всего задач: 65
Задач по типам: cpu_intensive - 45; memory_intensive - 20

Процесс: 44734
Родитель: 44721
Создан: 2026-04-26T07:30:29.720000
Последний замер: 2026-04-26T07:35:31.816576
Время жизни: 302.096576 сек
voluntary_ctxt_switches: 849
nonvoluntary_ctxt_switches: 11549
jiffies: 7236.0
avg_cpu_load: 24.0 %
avg_memory_mb: 118.2 MB

Среднее latency: 23.08
Средний runtime: 1.86
Всего задач: 161
Задач по типам: cpu_intensive - 108; memory_intensive - 53

Процесс: 44735
Родитель: 44721
Создан: 2026-04-26T07:30:29.740000
Последний замер: 2026-04-26T07:31:22.349493
Время жизни: 52.609493 сек
voluntary_ctxt_switches: 150
nonvoluntary_ctxt_switches: 1772
jiffies: 1194.0
avg_cpu_load: 22.9 %
avg_memory_mb: 105.0 MB

Среднее latency: 5.44
Средний runtime: 1.83
Всего задач: 28
Задач по типам: cpu_intensive - 18; memory_intensive - 10

Процесс: 44736
Родитель: 44721
Создан: 2026-04-26T07:30:29.760000
Последний замер: 2026-04-26T07:35:31.816798
Время жизни: 302.056798 сек
voluntary_ctxt_switches: 834
nonvoluntary_ctxt_switches: 11754
jiffies: 7381.0
avg_cpu_load: 24.5 %
avg_memory_mb: 112.8 MB

Среднее latency: 22.33
Средний runtime: 1.87
Всего задач: 160
Задач по типам: cpu_intensive - 109; memory_intensive - 51

Процесс: 44746
Родитель: 44721
Создан: 2026-04-26T07:30:30.840000
Последний замер: 2026-04-26T07:35:31.817114
Время жизни: 300.977114 сек
voluntary_ctxt_switches: 889
nonvoluntary_ctxt_switches: 9940
jiffies: 7169.0
avg_cpu_load: 23.8 %
avg_memory_mb: 118.3 MB

Среднее latency: 22.51
Средний runtime: 1.83
Всего задач: 164
Задач по типам: cpu_intensive - 107; memory_intensive - 57

Процесс: 44747
Родитель: 44721
Создан: 2026-04-26T07:30:30.860000
Последний замер: 2026-04-26T07:35:31.817319
Время жизни: 300.957319 сек
voluntary_ctxt_switches: 837
nonvoluntary_ctxt_switches: 11333
jiffies: 7339.0
avg_cpu_load: 24.4 %
avg_memory_mb: 112.9 MB

Среднее latency: 22.32
Средний runtime: 1.86
Всего задач: 162
Задач по типам: memory_intensive - 53; cpu_intensive - 109

Процесс: 44748
Родитель: 44721
Создан: 2026-04-26T07:30:30.890000
Последний замер: 2026-04-26T07:35:31.817526
Время жизни: 300.927526 сек
voluntary_ctxt_switches: 892
nonvoluntary_ctxt_switches: 10656
jiffies: 7129.0
avg_cpu_load: 23.7 %
avg_memory_mb: 120.2 MB

Среднее latency: 22.37
Средний runtime: 1.84
Всего задач: 163
Задач по типам: memory_intensive - 57; cpu_intensive - 106

Процесс: 44749
Родитель: 44721
Создан: 2026-04-26T07:30:30.910000
Последний замер: 2026-04-26T07:33:46.571131
Время жизни: 195.661131 сек
voluntary_ctxt_switches: 528
nonvoluntary_ctxt_switches: 7676
jiffies: 4824.0
avg_cpu_load: 24.7 %
avg_memory_mb: 116.6 MB

Среднее latency: 15.45
Средний runtime: 1.86
Всего задач: 105
Задач по типам: cpu_intensive - 73; memory_intensive - 32

Процесс: 44818
Родитель: 44721
Создан: 2026-04-26T07:31:25.870000
Последний замер: 2026-04-26T07:35:31.817909
Время жизни: 245.947909 сек
voluntary_ctxt_switches: 724
nonvoluntary_ctxt_switches: 8664
jiffies: 5757.0
avg_cpu_load: 23.4 %
avg_memory_mb: 115.7 MB

Среднее latency: 26.3
Средний runtime: 1.84
Всего задач: 133
Задач по типам: cpu_intensive - 86; memory_intensive - 47

Процесс: 44887
Родитель: 44721
Создан: 2026-04-26T07:32:29.530000
Последний замер: 2026-04-26T07:35:31.818269
Время жизни: 182.288269 сек
voluntary_ctxt_switches: 522
nonvoluntary_ctxt_switches: 6694
jiffies: 4532.0
avg_cpu_load: 24.9 %
avg_memory_mb: 117.5 MB

Среднее latency: 30.87
Средний runtime: 1.87
Всего задач: 97
Задач по типам: memory_intensive - 33; cpu_intensive - 64

Процесс: 44961
Родитель: 44721
Создан: 2026-04-26T07:33:50.940000
Последний замер: 2026-04-26T07:35:31.818600
Время жизни: 100.8786 сек
voluntary_ctxt_switches: 273
nonvoluntary_ctxt_switches: 4047
jiffies: 2446.0
avg_cpu_load: 24.1 %
avg_memory_mb: 113.2 MB

Среднее latency: 36.34
Средний runtime: 1.87
Всего задач: 54
Задач по типам: cpu_intensive - 37; memory_intensive - 17

