Процесс: 93369
УПРАВЛЯЮЩИЙ ПРОЦЕСС
Родитель: 13546
Создан: 2026-04-26T17:14:35.290000
Последний замер: 2026-04-26T17:19:39.057371
Время жизни: 303.767371 сек
voluntary_ctxt_switches: 2426
nonvoluntary_ctxt_switches: 9
jiffies: 88.0
avg_cpu_load: 0.2 %
avg_memory_mb: 42.7 MB


Процесс: 93377
Родитель: 93369
Создан: 2026-04-26T17:14:35.690000
Последний замер: 2026-04-26T17:19:39.057604
Время жизни: 303.367604 сек
voluntary_ctxt_switches: 981
nonvoluntary_ctxt_switches: 560
jiffies: 8034.0
avg_cpu_load: 26.5 %
avg_memory_mb: 115.2 MB

Среднее latency: 5.13
Средний runtime: 1.64
Всего задач: 184
Задач по типам: cpu_intensive - 123; memory_intensive - 61

Процесс: 93378
Родитель: 93369
Создан: 2026-04-26T17:14:35.720000
Последний замер: 2026-04-26T17:19:39.057812
Время жизни: 303.337812 сек
voluntary_ctxt_switches: 980
nonvoluntary_ctxt_switches: 515
jiffies: 8015.0
avg_cpu_load: 26.5 %
avg_memory_mb: 119.3 MB

Среднее latency: 5.14
Средний runtime: 1.64
Всего задач: 184
Задач по типам: cpu_intensive - 123; memory_intensive - 61

