{
    "active_periods": [
        {
            "start": 1776538333.464576,
            "end": 1776538638.108792,
            "duration_sec": 304.6442160606384,
            "tasks_completed": 944,
            "throughput_tps": 3.0986966114337777
        }
    ],
    "history": [
        {
            "timestamp": 1776538333.464576,
            "messages": 8,
            "ack": 143782
        },
        {
            "timestamp": 1776538338.471168,
            "messages": 0,
            "ack": 143782
        },
        {
            "timestamp": 1776538343.476641,
            "messages": 0,
            "ack": 143798
        },
        {
            "timestamp": 1776538348.48047,
            "messages": 0,
            "ack": 143814
        },
        {
            "timestamp": 1776538353.486441,
            "messages": 0,
            "ack": 143830
        },
        {
            "timestamp": 1776538358.490587,
            "messages": 0,
            "ack": 143846
        },
        {
            "timestamp": 1776538363.498175,
            "messages": 0,
            "ack": 143862
        },
        {
            "timestamp": 1776538368.503338,
            "messages": 0,
            "ack": 143878
        },
        {
            "timestamp": 1776538373.509063,
            "messages": 0,
            "ack": 143894
        },
        {
            "timestamp": 1776538378.512801,
            "messages": 0,
            "ack": 143910
        },
        {
            "timestamp": 1776538383.519682,
            "messages": 0,
            "ack": 143924
        },
        {
            "timestamp": 1776538388.5263,
            "messages": 0,
            "ack": 143939
        },
        {
            "timestamp": 1776538393.53197,
            "messages": 0,
            "ack": 143952
        },
        {
            "timestamp": 1776538398.537689,
            "messages": 0,
            "ack": 143966
        },
        {
            "timestamp": 1776538403.542611,
            "messages": 0,
            "ack": 143982
        },
        {
            "timestamp": 1776538408.547907,
            "messages": 0,
            "ack": 143998
        },
        {
            "timestamp": 1776538413.552375,
            "messages": 0,
            "ack": 144014
        },
        {
            "timestamp": 1776538418.556008,
            "messages": 0,
            "ack": 144030
        },
        {
            "timestamp": 1776538423.561176,
            "messages": 0,
            "ack": 144046
        },
        {
            "timestamp": 1776538428.566138,
            "messages": 0,
            "ack": 144062
        },
        {
            "timestamp": 1776538433.57163,
            "messages": 0,
            "ack": 144078
        },
        {
            "timestamp": 1776538438.577685,
            "messages": 0,
            "ack": 144094
        },
        {
            "timestamp": 1776538443.583611,
            "messages": 0,
            "ack": 144110
        },
        {
            "timestamp": 1776538448.587775,
            "messages": 0,
            "ack": 144126
        },
        {
            "timestamp": 1776538453.593358,
            "messages": 0,
            "ack": 144142
        },
        {
            "timestamp": 1776538458.598643,
            "messages": 0,
            "ack": 144158
        },
        {
            "timestamp": 1776538463.603532,
            "messages": 0,
            "ack": 144173
        },
        {
            "timestamp": 1776538468.609366,
            "messages": 0,
            "ack": 144187
        },
        {
            "timestamp": 1776538473.615948,
            "messages": 0,
            "ack": 144203
        },
        {
            "timestamp": 1776538478.620361,
            "messages": 0,
            "ack": 144230
        },
        {
            "timestamp": 1776538483.625,
            "messages": 0,
            "ack": 144246
        },
        {
            "timestamp": 1776538488.633683,
            "messages": 0,
            "ack": 144262
        },
        {
            "timestamp": 1776538493.636523,
            "messages": 0,
            "ack": 144278
        },
        {
            "timestamp": 1776538498.641838,
            "messages": 0,
            "ack": 144294
        },
        {
            "timestamp": 1776538503.64686,
            "messages": 0,
            "ack": 144310
        },
        {
            "timestamp": 1776538508.652717,
            "messages": 0,
            "ack": 144326
        },
        {
            "timestamp": 1776538513.659266,
            "messages": 0,
            "ack": 144342
        },
        {
            "timestamp": 1776538518.666545,
            "messages": 0,
            "ack": 144358
        },
        {
            "timestamp": 1776538523.672613,
            "messages": 0,
            "ack": 144374
        },
        {
            "timestamp": 1776538528.677195,
            "messages": 0,
            "ack": 144390
        },
        {
            "timestamp": 1776538533.681264,
            "messages": 0,
            "ack": 144406
        },
        {
            "timestamp": 1776538538.68543,
            "messages": 0,
            "ack": 144422
        },
        {
            "timestamp": 1776538543.691062,
            "messages": 0,
            "ack": 144436
        },
        {
            "timestamp": 1776538548.69532,
            "messages": 0,
            "ack": 144451
        },
        {
            "timestamp": 1776538553.700856,
            "messages": 0,
            "ack": 144464
        },
        {
            "timestamp": 1776538558.706206,
            "messages": 0,
            "ack": 144478
        },
        {
            "timestamp": 1776538563.711831,
            "messages": 0,
            "ack": 144494
        },
        {
            "timestamp": 1776538568.717278,
            "messages": 0,
            "ack": 144510
        },
        {
            "timestamp": 1776538573.723861,
            "messages": 0,
            "ack": 144526
        },
        {
            "timestamp": 1776538578.731837,
            "messages": 0,
            "ack": 144542
        },
        {
            "timestamp": 1776538583.737084,
            "messages": 0,
            "ack": 144558
        },
        {
            "timestamp": 1776538588.743676,
            "messages": 0,
            "ack": 144574
        },
        {
            "timestamp": 1776538593.749192,
            "messages": 0,
            "ack": 144590
        },
        {
            "timestamp": 1776538598.75452,
            "messages": 0,
            "ack": 144606
        },
        {
            "timestamp": 1776538603.760641,
            "messages": 0,
            "ack": 144622
        },
        {
            "timestamp": 1776538608.764997,
            "messages": 0,
            "ack": 144638
        },
        {
            "timestamp": 1776538613.76869,
            "messages": 0,
            "ack": 144654
        },
        {
            "timestamp": 1776538618.772913,
            "messages": 0,
            "ack": 144670
        },
        {
            "timestamp": 1776538623.778269,
            "messages": 0,
            "ack": 144685
        },
        {
            "timestamp": 1776538628.783762,
            "messages": 0,
            "ack": 144696
        },
        {
            "timestamp": 1776538633.788846,
            "messages": 0,
            "ack": 144712
        },
        {
            "timestamp": 1776538638.104561,
            "messages": 0,
            "ack": 144726
        }
    ]
}