Процесс: 434083
УПРАВЛЯЮЩИЙ ПРОЦЕСС
Родитель: 434065
Создан: 2026-04-18T20:50:45.810000
Последний замер: 2026-04-18T21:57:18.147841
Время жизни: 3992.337841 сек
voluntary_ctxt_switches: 20079
nonvoluntary_ctxt_switches: 900
jiffies: 1566.0
avg_cpu_load: 0.4 %
avg_memory_mb: 43.2 MB


Процесс: 434091
Родитель: 434083
Создан: 2026-04-18T20:50:46.030000
Последний замер: 2026-04-18T21:57:18.148036
Время жизни: 3992.118036 сек
voluntary_ctxt_switches: 8160
nonvoluntary_ctxt_switches: 15853
jiffies: 71426.0
avg_cpu_load: 17.8 %
avg_memory_mb: 119.5 MB

Среднее latency: 1.9
Всего задач: 118
Задач по типам: cpu_intensive - 79; memory_intensive - 39

Процесс: 434092
Родитель: 434083
Создан: 2026-04-18T20:50:46.050000
Последний замер: 2026-04-18T21:57:18.148214
Время жизни: 3992.098214 сек
voluntary_ctxt_switches: 8393
nonvoluntary_ctxt_switches: 13806
jiffies: 69108.0
avg_cpu_load: 17.3 %
avg_memory_mb: 119.6 MB

Среднее latency: 1.81
Всего задач: 118
Задач по типам: memory_intensive - 40; cpu_intensive - 78

Процесс: 434093
Родитель: 434083
Создан: 2026-04-18T20:50:46.070000
Последний замер: 2026-04-18T21:57:18.148391
Время жизни: 3992.078391 сек
voluntary_ctxt_switches: 8179
nonvoluntary_ctxt_switches: 13877
jiffies: 69757.0
avg_cpu_load: 17.6 %
avg_memory_mb: 119.5 MB

Среднее latency: 1.81
Всего задач: 118
Задач по типам: cpu_intensive - 79; memory_intensive - 39

Процесс: 434094
Родитель: 434083
Создан: 2026-04-18T20:50:46.100000
Последний замер: 2026-04-18T21:57:18.148573
Время жизни: 3992.048573 сек
voluntary_ctxt_switches: 8228
nonvoluntary_ctxt_switches: 13508
jiffies: 69457.0
avg_cpu_load: 17.3 %
avg_memory_mb: 119.5 MB

Среднее latency: 1.78
Всего задач: 118
Задач по типам: cpu_intensive - 79; memory_intensive - 39

Процесс: 434095
Родитель: 434083
Создан: 2026-04-18T20:50:46.120000
Последний замер: 2026-04-18T21:57:18.148749
Время жизни: 3992.028749 сек
voluntary_ctxt_switches: 8535
nonvoluntary_ctxt_switches: 12972
jiffies: 68622.0
avg_cpu_load: 17.2 %
avg_memory_mb: 119.6 MB

Среднее latency: 1.8
Всего задач: 118
Задач по типам: memory_intensive - 40; cpu_intensive - 78

Процесс: 434096
Родитель: 434083
Создан: 2026-04-18T20:50:46.150000
Последний замер: 2026-04-18T21:57:18.148923
Время жизни: 3991.998923 сек
voluntary_ctxt_switches: 8160
nonvoluntary_ctxt_switches: 16529
jiffies: 72894.0
avg_cpu_load: 18.2 %
avg_memory_mb: 119.6 MB

Среднее latency: 1.92
Всего задач: 118
Задач по типам: cpu_intensive - 79; memory_intensive - 39

Процесс: 434097
Родитель: 434083
Создан: 2026-04-18T20:50:46.170000
Последний замер: 2026-04-18T21:57:18.149099
Время жизни: 3991.979099 сек
voluntary_ctxt_switches: 8190
nonvoluntary_ctxt_switches: 16580
jiffies: 71376.0
avg_cpu_load: 17.9 %
avg_memory_mb: 119.6 MB

Среднее latency: 1.9
Всего задач: 118
Задач по типам: cpu_intensive - 79; memory_intensive - 39

Процесс: 434098
Родитель: 434083
Создан: 2026-04-18T20:50:46.190000
Последний замер: 2026-04-18T21:57:18.149274
Время жизни: 3991.959274 сек
voluntary_ctxt_switches: 8158
nonvoluntary_ctxt_switches: 15827
jiffies: 73260.0
avg_cpu_load: 18.3 %
avg_memory_mb: 119.6 MB

Среднее latency: 1.92
Всего задач: 118
Задач по типам: cpu_intensive - 79; memory_intensive - 39

