Процесс: 108150
УПРАВЛЯЮЩИЙ ПРОЦЕСС
Родитель: 13546
Создан: 2026-04-26T20:14:48.850000
Последний замер: 2026-04-26T20:19:51.395237
Время жизни: 302.545237 сек
voluntary_ctxt_switches: 1753
nonvoluntary_ctxt_switches: 129
jiffies: 172.0
avg_cpu_load: 0.5 %
avg_memory_mb: 42.9 MB


Процесс: 108157
Родитель: 108150
Создан: 2026-04-26T20:14:49.250000
Последний замер: 2026-04-26T20:15:30.535724
Время жизни: 41.285724 сек
voluntary_ctxt_switches: 19
nonvoluntary_ctxt_switches: 390
jiffies: 201.0
avg_cpu_load: 4.9 %
avg_memory_mb: 75.0 MB

Среднее latency: 2.06
Средний runtime: 1.96
Всего задач: 4
Задач по типам: cpu_intensive - 3; memory_intensive - 1

Процесс: 108158
Родитель: 108150
Создан: 2026-04-26T20:14:49.270000
Последний замер: 2026-04-26T20:15:30.535926
Время жизни: 41.265926 сек
voluntary_ctxt_switches: 21
nonvoluntary_ctxt_switches: 205
jiffies: 194.0
avg_cpu_load: 4.8 %
avg_memory_mb: 95.2 MB

Среднее latency: 1.9
Средний runtime: 1.79
Всего задач: 4
Задач по типам: cpu_intensive - 3; memory_intensive - 1

Процесс: 108159
Родитель: 108150
Создан: 2026-04-26T20:14:49.300000
Последний замер: 2026-04-26T20:15:30.536124
Время жизни: 41.236124 сек
voluntary_ctxt_switches: 20
nonvoluntary_ctxt_switches: 270
jiffies: 203.0
avg_cpu_load: 5.0 %
avg_memory_mb: 75.0 MB

Среднее latency: 1.99
Средний runtime: 1.88
Всего задач: 4
Задач по типам: cpu_intensive - 3; memory_intensive - 1

Процесс: 108160
Родитель: 108150
Создан: 2026-04-26T20:14:49.320000
Последний замер: 2026-04-26T20:15:30.536324
Время жизни: 41.216324 сек
voluntary_ctxt_switches: 19
nonvoluntary_ctxt_switches: 389
jiffies: 201.0
avg_cpu_load: 4.9 %
avg_memory_mb: 95.2 MB

Среднее latency: 2.07
Средний runtime: 1.96
Всего задач: 4
Задач по типам: cpu_intensive - 3; memory_intensive - 1

Процесс: 108170
Родитель: 108150
Создан: 2026-04-26T20:14:50.390000
Последний замер: 2026-04-26T20:16:00.924101
Время жизни: 70.534101 сек
voluntary_ctxt_switches: 36
nonvoluntary_ctxt_switches: 558
jiffies: 337.0
avg_cpu_load: 4.6 %
avg_memory_mb: 107.1 MB

Среднее latency: 1.97
Средний runtime: 1.9
Всего задач: 7
Задач по типам: cpu_intensive - 5; memory_intensive - 2

Процесс: 108171
Родитель: 108150
Создан: 2026-04-26T20:14:50.420000
Последний замер: 2026-04-26T20:16:00.924310
Время жизни: 70.50431 сек
voluntary_ctxt_switches: 46
nonvoluntary_ctxt_switches: 327
jiffies: 278.0
avg_cpu_load: 4.0 %
avg_memory_mb: 118.4 MB

Среднее latency: 1.87
Средний runtime: 1.81
Всего задач: 7
Задач по типам: memory_intensive - 3; cpu_intensive - 4

Процесс: 108172
Родитель: 108150
Создан: 2026-04-26T20:14:50.440000
Последний замер: 2026-04-26T20:16:00.924520
Время жизни: 70.48452 сек
voluntary_ctxt_switches: 45
nonvoluntary_ctxt_switches: 279
jiffies: 269.0
avg_cpu_load: 3.8 %
avg_memory_mb: 118.3 MB

Среднее latency: 1.84
Средний runtime: 1.77
Всего задач: 7
Задач по типам: memory_intensive - 3; cpu_intensive - 4

Процесс: 108173
Родитель: 108150
Создан: 2026-04-26T20:14:50.470000
Последний замер: 2026-04-26T20:16:00.924741
Время жизни: 70.454741 сек
voluntary_ctxt_switches: 35
nonvoluntary_ctxt_switches: 513
jiffies: 339.0
avg_cpu_load: 4.8 %
avg_memory_mb: 95.1 MB

Среднее latency: 1.94
Средний runtime: 1.87
Всего задач: 7
Задач по типам: cpu_intensive - 5; memory_intensive - 2

Процесс: 108245
Родитель: 108150
Создан: 2026-04-26T20:15:30.260000
Последний замер: 2026-04-26T20:16:30.260220
Время жизни: 60.00022 сек
voluntary_ctxt_switches: 46
nonvoluntary_ctxt_switches: 171
jiffies: 220.0
avg_cpu_load: 3.7 %
avg_memory_mb: 118.4 MB

Среднее latency: 1.79
Средний runtime: 1.75
Всего задач: 6
Задач по типам: memory_intensive - 3; cpu_intensive - 3

Процесс: 108246
Родитель: 108150
Создан: 2026-04-26T20:15:30.310000
Последний замер: 2026-04-26T20:16:30.260423
Время жизни: 59.950423 сек
voluntary_ctxt_switches: 33
nonvoluntary_ctxt_switches: 527
jiffies: 271.0
avg_cpu_load: 4.5 %
avg_memory_mb: 118.0 MB

Среднее latency: 1.96
Средний runtime: 1.92
Всего задач: 6
Задач по типам: memory_intensive - 2; cpu_intensive - 4

Процесс: 108247
Родитель: 108150
Создан: 2026-04-26T20:15:30.340000
Последний замер: 2026-04-26T20:16:30.260636
Время жизни: 59.920636 сек
voluntary_ctxt_switches: 33
nonvoluntary_ctxt_switches: 476
jiffies: 273.0
avg_cpu_load: 4.6 %
avg_memory_mb: 104.5 MB

Среднее latency: 1.93
Средний runtime: 1.89
Всего задач: 6
Задач по типам: cpu_intensive - 4; memory_intensive - 2

Процесс: 108248
Родитель: 108150
Создан: 2026-04-26T20:15:30.370000
Последний замер: 2026-04-26T20:16:30.260839
Время жизни: 59.890839 сек
voluntary_ctxt_switches: 24
nonvoluntary_ctxt_switches: 212
jiffies: 329.0
avg_cpu_load: 5.2 %
avg_memory_mb: 76.6 MB

Среднее latency: 1.78
Средний runtime: 1.75
Всего задач: 6
Задач по типам: cpu_intensive - 5; memory_intensive - 1

Процесс: 108252
Родитель: 108150
Создан: 2026-04-26T20:16:00.310000
Последний замер: 2026-04-26T20:17:00.643907
Время жизни: 60.333907 сек
voluntary_ctxt_switches: 33
nonvoluntary_ctxt_switches: 288
jiffies: 261.0
avg_cpu_load: 4.4 %
avg_memory_mb: 105.2 MB

Среднее latency: 1.82
Средний runtime: 1.78
Всего задач: 6
Задач по типам: cpu_intensive - 4; memory_intensive - 2

Процесс: 108253
Родитель: 108150
Создан: 2026-04-26T20:16:00.340000
Последний замер: 2026-04-26T20:17:00.644114
Время жизни: 60.304114 сек
voluntary_ctxt_switches: 23
nonvoluntary_ctxt_switches: 605
jiffies: 327.0
avg_cpu_load: 5.5 %
avg_memory_mb: 77.3 MB

Среднее latency: 1.99
Средний runtime: 1.95
Всего задач: 6
Задач по типам: cpu_intensive - 5; memory_intensive - 1

Процесс: 108254
Родитель: 108150
Создан: 2026-04-26T20:16:00.370000
Последний замер: 2026-04-26T20:17:00.644314
Время жизни: 60.274314 сек
voluntary_ctxt_switches: 34
nonvoluntary_ctxt_switches: 245
jiffies: 271.0
avg_cpu_load: 3.7 %
avg_memory_mb: 91.3 MB

Среднее latency: 1.81
Средний runtime: 1.78
Всего задач: 6
Задач по типам: cpu_intensive - 4; memory_intensive - 2

Процесс: 108255
Родитель: 108150
Создан: 2026-04-26T20:16:00.400000
Последний замер: 2026-04-26T20:17:00.644516
Время жизни: 60.244516 сек
voluntary_ctxt_switches: 43
nonvoluntary_ctxt_switches: 159
jiffies: 212.0
avg_cpu_load: 3.5 %
avg_memory_mb: 119.0 MB

Среднее latency: 1.78
Средний runtime: 1.74
Всего задач: 6
Задач по типам: memory_intensive - 3; cpu_intensive - 3

Процесс: 108320
Родитель: 108150
Создан: 2026-04-26T20:16:30.310000
Последний замер: 2026-04-26T20:17:31.040774
Время жизни: 60.730774 сек
voluntary_ctxt_switches: 44
nonvoluntary_ctxt_switches: 331
jiffies: 211.0
avg_cpu_load: 3.4 %
avg_memory_mb: 119.5 MB

Среднее latency: 1.86
Средний runtime: 1.83
Всего задач: 6
Задач по типам: memory_intensive - 3; cpu_intensive - 3

Процесс: 108321
Родитель: 108150
Создан: 2026-04-26T20:16:30.340000
Последний замер: 2026-04-26T20:17:31.040977
Время жизни: 60.700977 сек
voluntary_ctxt_switches: 25
nonvoluntary_ctxt_switches: 266
jiffies: 317.0
avg_cpu_load: 4.3 %
avg_memory_mb: 77.8 MB

Среднее latency: 1.79
Средний runtime: 1.75
Всего задач: 6
Задач по типам: cpu_intensive - 5; memory_intensive - 1

Процесс: 108322
Родитель: 108150
Создан: 2026-04-26T20:16:30.360000
Последний замер: 2026-04-26T20:17:31.041176
Время жизни: 60.681176 сек
voluntary_ctxt_switches: 45
nonvoluntary_ctxt_switches: 358
jiffies: 212.0
avg_cpu_load: 3.5 %
avg_memory_mb: 119.5 MB

Среднее latency: 1.89
Средний runtime: 1.85
Всего задач: 6
Задач по типам: memory_intensive - 3; cpu_intensive - 3

Процесс: 108323
Родитель: 108150
Создан: 2026-04-26T20:16:30.390000
Последний замер: 2026-04-26T20:17:31.041377
Время жизни: 60.651377 сек
voluntary_ctxt_switches: 23
nonvoluntary_ctxt_switches: 554
jiffies: 324.0
avg_cpu_load: 5.4 %
avg_memory_mb: 77.8 MB

Среднее latency: 1.96
Средний runtime: 1.92
Всего задач: 6
Задач по типам: cpu_intensive - 5; memory_intensive - 1

Процесс: 108327
Родитель: 108150
Создан: 2026-04-26T20:17:00.360000
Последний замер: 2026-04-26T20:18:00.387638
Время жизни: 60.027638 сек
voluntary_ctxt_switches: 24
nonvoluntary_ctxt_switches: 493
jiffies: 324.0
avg_cpu_load: 5.4 %
avg_memory_mb: 76.8 MB

Среднее latency: 1.94
Средний runtime: 1.9
Всего задач: 6
Задач по типам: cpu_intensive - 5; memory_intensive - 1

Процесс: 108328
Родитель: 108150
Создан: 2026-04-26T20:17:00.380000
Последний замер: 2026-04-26T20:18:00.387844
Время жизни: 60.007844 сек
voluntary_ctxt_switches: 35
nonvoluntary_ctxt_switches: 386
jiffies: 265.0
avg_cpu_load: 4.1 %
avg_memory_mb: 90.7 MB

Среднее latency: 1.88
Средний runtime: 1.85
Всего задач: 6
Задач по типам: cpu_intensive - 4; memory_intensive - 2

Процесс: 108329
Родитель: 108150
Создан: 2026-04-26T20:17:00.420000
Последний замер: 2026-04-26T20:18:30.778759
Время жизни: 90.358759 сек
voluntary_ctxt_switches: 49
nonvoluntary_ctxt_switches: 308
jiffies: 390.0
avg_cpu_load: 4.3 %
avg_memory_mb: 100.5 MB

Среднее latency: 1.77
Средний runtime: 1.74
Всего задач: 9
Задач по типам: cpu_intensive - 6; memory_intensive - 3

Процесс: 108330
Родитель: 108150
Создан: 2026-04-26T20:17:00.450000
Последний замер: 2026-04-26T20:18:30.778963
Время жизни: 90.328963 сек
voluntary_ctxt_switches: 58
nonvoluntary_ctxt_switches: 403
jiffies: 335.0
avg_cpu_load: 3.7 %
avg_memory_mb: 119.0 MB

Среднее latency: 1.81
Средний runtime: 1.78
Всего задач: 9
Задач по типам: memory_intensive - 4; cpu_intensive - 5

Процесс: 108400
Родитель: 108150
Создан: 2026-04-26T20:17:30.350000
Последний замер: 2026-04-26T20:18:30.779434
Время жизни: 60.429434 сек
voluntary_ctxt_switches: 46
nonvoluntary_ctxt_switches: 311
jiffies: 211.0
avg_cpu_load: 3.5 %
avg_memory_mb: 119.3 MB

Среднее latency: 1.84
Средний runtime: 1.81
Всего задач: 6
Задач по типам: memory_intensive - 3; cpu_intensive - 3

Процесс: 108401
Родитель: 108150
Создан: 2026-04-26T20:17:30.380000
Последний замер: 2026-04-26T20:18:30.779648
Время жизни: 60.399648 сек
voluntary_ctxt_switches: 24
nonvoluntary_ctxt_switches: 300
jiffies: 320.0
avg_cpu_load: 4.4 %
avg_memory_mb: 77.5 MB

Среднее latency: 1.81
Средний runtime: 1.77
Всего задач: 6
Задач по типам: cpu_intensive - 5; memory_intensive - 1

Процесс: 108402
Родитель: 108150
Создан: 2026-04-26T20:17:30.410000
Последний замер: 2026-04-26T20:19:01.176977
Время жизни: 90.766977 сек
voluntary_ctxt_switches: 59
nonvoluntary_ctxt_switches: 365
jiffies: 349.0
avg_cpu_load: 3.8 %
avg_memory_mb: 113.6 MB

Среднее latency: 1.82
Средний runtime: 1.79
Всего задач: 9
Задач по типам: memory_intensive - 4; cpu_intensive - 5

Процесс: 108403
Родитель: 108150
Создан: 2026-04-26T20:17:30.440000
Последний замер: 2026-04-26T20:19:01.177181
Время жизни: 90.737181 сек
voluntary_ctxt_switches: 39
nonvoluntary_ctxt_switches: 762
jiffies: 461.0
avg_cpu_load: 5.1 %
avg_memory_mb: 91.7 MB

Среднее latency: 1.93
Средний runtime: 1.9
Всего задач: 9
Задач по типам: cpu_intensive - 7; memory_intensive - 2

Процесс: 108407
Родитель: 108150
Создан: 2026-04-26T20:18:00.380000
Последний замер: 2026-04-26T20:19:01.177381
Время жизни: 60.797381 сек
voluntary_ctxt_switches: 34
nonvoluntary_ctxt_switches: 404
jiffies: 269.0
avg_cpu_load: 4.4 %
avg_memory_mb: 118.3 MB

Среднее latency: 1.88
Средний runtime: 1.86
Всего задач: 6
Задач по типам: memory_intensive - 2; cpu_intensive - 4

Процесс: 108408
Родитель: 108150
Создан: 2026-04-26T20:18:00.400000
Последний замер: 2026-04-26T20:19:01.177593
Время жизни: 60.777593 сек
voluntary_ctxt_switches: 32
nonvoluntary_ctxt_switches: 287
jiffies: 200.0
avg_cpu_load: 3.4 %
avg_memory_mb: 92.0 MB

Среднее latency: 1.83
Средний runtime: 1.83
Всего задач: 5
Задач по типам: cpu_intensive - 3; memory_intensive - 2

Процесс: 108473
Родитель: 108150
Создан: 2026-04-26T20:18:30.380000
Последний замер: 2026-04-26T20:19:30.518604
Время жизни: 60.138604 сек
voluntary_ctxt_switches: 33
nonvoluntary_ctxt_switches: 464
jiffies: 264.0
avg_cpu_load: 4.4 %
avg_memory_mb: 104.9 MB

Среднее latency: 1.91
Средний runtime: 1.87
Всего задач: 6
Задач по типам: cpu_intensive - 4; memory_intensive - 2

Процесс: 108474
Родитель: 108150
Создан: 2026-04-26T20:18:30.440000
Последний замер: 2026-04-26T20:19:30.518809
Время жизни: 60.078809 сек
voluntary_ctxt_switches: 45
nonvoluntary_ctxt_switches: 205
jiffies: 205.0
avg_cpu_load: 3.4 %
avg_memory_mb: 118.9 MB

Среднее latency: 1.8
Средний runtime: 1.75
Всего задач: 6
Задач по типам: memory_intensive - 3; cpu_intensive - 3

Процесс: 108475
Родитель: 108150
Создан: 2026-04-26T20:18:30.470000
Последний замер: 2026-04-26T20:19:30.519011
Время жизни: 60.049011 сек
voluntary_ctxt_switches: 35
nonvoluntary_ctxt_switches: 366
jiffies: 261.0
avg_cpu_load: 4.4 %
avg_memory_mb: 104.9 MB

Среднее latency: 1.86
Средний runtime: 1.82
Всего задач: 6
Задач по типам: cpu_intensive - 4; memory_intensive - 2

Процесс: 108476
Родитель: 108150
Создан: 2026-04-26T20:18:30.500000
Последний замер: 2026-04-26T20:19:30.519211
Время жизни: 60.019211 сек
voluntary_ctxt_switches: 34
nonvoluntary_ctxt_switches: 424
jiffies: 263.0
avg_cpu_load: 4.4 %
avg_memory_mb: 77.1 MB

Среднее latency: 1.9
Средний runtime: 1.86
Всего задач: 6
Задач по типам: cpu_intensive - 4; memory_intensive - 2

Процесс: 108480
Родитель: 108150
Создан: 2026-04-26T20:19:00.400000
Последний замер: 2026-04-26T20:19:51.395836
Время жизни: 50.995836 сек
voluntary_ctxt_switches: 31
nonvoluntary_ctxt_switches: 241
jiffies: 204.0
avg_cpu_load: 4.0 %
avg_memory_mb: 119.0 MB

Среднее latency: 1.83
Средний runtime: 1.8
Всего задач: 5
Задач по типам: memory_intensive - 2; cpu_intensive - 3

Процесс: 108481
Родитель: 108150
Создан: 2026-04-26T20:19:00.420000
Последний замер: 2026-04-26T20:19:51.396041
Время жизни: 50.976041 сек
voluntary_ctxt_switches: 21
nonvoluntary_ctxt_switches: 392
jiffies: 262.0
avg_cpu_load: 4.0 %
avg_memory_mb: 69.9 MB

Среднее latency: 1.92
Средний runtime: 1.89
Всего задач: 5
Задач по типам: cpu_intensive - 4; memory_intensive - 1

Процесс: 108482
Родитель: 108150
Создан: 2026-04-26T20:19:00.450000
Последний замер: 2026-04-26T20:19:51.396246
Время жизни: 50.946246 сек
voluntary_ctxt_switches: 32
nonvoluntary_ctxt_switches: 164
jiffies: 201.0
avg_cpu_load: 2.7 %
avg_memory_mb: 70.0 MB

Среднее latency: 1.77
Средний runtime: 1.73
Всего задач: 5
Задач по типам: cpu_intensive - 3; memory_intensive - 2

Процесс: 108483
Родитель: 108150
Создан: 2026-04-26T20:19:00.470000
Последний замер: 2026-04-26T20:19:51.396449
Время жизни: 50.926449 сек
voluntary_ctxt_switches: 31
nonvoluntary_ctxt_switches: 80
jiffies: 204.0
avg_cpu_load: 4.0 %
avg_memory_mb: 119.1 MB

Среднее latency: 1.74
Средний runtime: 1.7
Всего задач: 5
Задач по типам: memory_intensive - 2; cpu_intensive - 3

Процесс: 108548
Родитель: 108150
Создан: 2026-04-26T20:19:30.390000
Последний замер: 2026-04-26T20:19:51.396662
Время жизни: 21.006662 сек
voluntary_ctxt_switches: 15
nonvoluntary_ctxt_switches: 125
jiffies: 70.0
avg_cpu_load: 3.3 %
avg_memory_mb: 77.0 MB

Среднее latency: 1.94
Средний runtime: 1.85
Всего задач: 2
Задач по типам: cpu_intensive - 1; memory_intensive - 1

Процесс: 108549
Родитель: 108150
Создан: 2026-04-26T20:19:30.450000
Последний замер: 2026-04-26T20:19:51.396863
Время жизни: 20.946863 сек
voluntary_ctxt_switches: 5
nonvoluntary_ctxt_switches: 170
jiffies: 127.0
avg_cpu_load: 5.8 %
avg_memory_mb: 36.8 MB

Среднее latency: 1.99
Средний runtime: 1.9
Всего задач: 2
Задач по типам: cpu_intensive - 2

Процесс: 108550
Родитель: 108150
Создан: 2026-04-26T20:19:30.480000
Последний замер: 2026-04-26T20:19:51.397062
Время жизни: 20.917062 сек
voluntary_ctxt_switches: 6
nonvoluntary_ctxt_switches: 40
jiffies: 124.0
avg_cpu_load: 5.7 %
avg_memory_mb: 36.8 MB

Среднее latency: 1.75
Средний runtime: 1.66
Всего задач: 2
Задач по типам: cpu_intensive - 2

Процесс: 108551
Родитель: 108150
Создан: 2026-04-26T20:19:30.510000
Последний замер: 2026-04-26T20:19:51.397265
Время жизни: 20.887265 сек
voluntary_ctxt_switches: 15
nonvoluntary_ctxt_switches: 124
jiffies: 70.0
avg_cpu_load: 3.3 %
avg_memory_mb: 77.0 MB

Среднее latency: 1.94
Средний runtime: 1.84
Всего задач: 2
Задач по типам: cpu_intensive - 1; memory_intensive - 1

