{
    "304668": {
        "ppid": "254983",
        "name": "celery",
        "cmdline": "/home/experimenter/projects/celery-autoscale/.venv/bin/python3 /home/experimenter/projects/celery-autoscale/.venv/bin/celery -A celery_app worker --loglevel=INFO --concurrency=2 --pool=gevent",
        "create_time": "2026-05-14T23:45:30.340000",
        "last_update": "2026-05-14T23:50:33.258036",
        "voluntary_ctxt_switches": 2744,
        "nonvoluntary_ctxt_switches": 1143,
        "jiffies": 11281,
        "stats": [
            {
                "memory_mb": 48.21484375,
                "cpu_percent": 0.0,
                "timestamp": 1778791531.4106812
            },
            {
                "memory_mb": 48.6484375,
                "cpu_percent": 37.2,
                "timestamp": 1778791532.4600723
            },
            {
                "memory_mb": 48.66015625,
                "cpu_percent": 27.6,
                "timestamp": 1778791533.5112796
            },
            {
                "memory_mb": 57.80078125,
                "cpu_percent": 68.4,
                "timestamp": 1778791534.563427
            },
            {
                "memory_mb": 140.109375,
                "cpu_percent": 22.9,
                "timestamp": 1778791535.610986
            },
            {
                "memory_mb": 140.12109375,
                "cpu_percent": 72.5,
                "timestamp": 1778791536.659492
            },
            {
                "memory_mb": 139.34375,
                "cpu_percent": 51.3,
                "timestamp": 1778791537.7115154
            },
            {
                "memory_mb": 139.34765625,
                "cpu_percent": 28.6,
                "timestamp": 1778791538.759023
            },
            {
                "memory_mb": 139.34765625,
                "cpu_percent": 39.9,
                "timestamp": 1778791539.810854
            },
            {
                "memory_mb": 138.69921875,
                "cpu_percent": 3.8,
                "timestamp": 1778791540.8639472
            },
            {
                "memory_mb": 138.69921875,
                "cpu_percent": 42.0,
                "timestamp": 1778791541.911679
            },
            {
                "memory_mb": 138.703125,
                "cpu_percent": 31.4,
                "timestamp": 1778791542.9634583
            },
            {
                "memory_mb": 140.7578125,
                "cpu_percent": 53.4,
                "timestamp": 1778791544.011574
            },
            {
                "memory_mb": 140.7578125,
                "cpu_percent": 69.6,
                "timestamp": 1778791545.0597382
            },
            {
                "memory_mb": 138.76953125,
                "cpu_percent": 16.2,
                "timestamp": 1778791546.1116216
            },
            {
                "memory_mb": 138.7734375,
                "cpu_percent": 65.8,
                "timestamp": 1778791547.1596944
            },
            {
                "memory_mb": 140.7578125,
                "cpu_percent": 11.4,
                "timestamp": 1778791548.21207
            },
            {
                "memory_mb": 131.3828125,
                "cpu_percent": 2.9,
                "timestamp": 1778791549.264388
            },
            {
                "memory_mb": 131.37890625,
                "cpu_percent": 70.3,
                "timestamp": 1778791550.3166227
            },
            {
                "memory_mb": 131.38671875,
                "cpu_percent": 3.8,
                "timestamp": 1778791551.369658
            },
            {
                "memory_mb": 140.75390625,
                "cpu_percent": 67.5,
                "timestamp": 1778791552.4215643
            },
            {
                "memory_mb": 138.69921875,
                "cpu_percent": 68.5,
                "timestamp": 1778791553.4725516
            },
            {
                "memory_mb": 138.703125,
                "cpu_percent": 5.7,
                "timestamp": 1778791554.523509
            },
            {
                "memory_mb": 138.703125,
                "cpu_percent": 61.8,
                "timestamp": 1778791555.5755289
            },
            {
                "memory_mb": 140.7578125,
                "cpu_percent": 1.9,
                "timestamp": 1778791556.6273441
            },
            {
                "memory_mb": 131.3828125,
                "cpu_percent": 22.0,
                "timestamp": 1778791557.6746337
            },
            {
                "memory_mb": 131.38671875,
                "cpu_percent": 55.1,
                "timestamp": 1778791558.726531
            },
            {
                "memory_mb": 140.76171875,
                "cpu_percent": 31.5,
                "timestamp": 1778791559.7740169
            },
            {
                "memory_mb": 140.76171875,
                "cpu_percent": 72.6,
                "timestamp": 1778791560.8206508
            },
            {
                "memory_mb": 138.69921875,
                "cpu_percent": 39.9,
                "timestamp": 1778791561.8733008
            },
            {
                "memory_mb": 138.703125,
                "cpu_percent": 42.9,
                "timestamp": 1778791562.9221377
            },
            {
                "memory_mb": 138.703125,
                "cpu_percent": 28.5,
                "timestamp": 1778791563.9737594
            },
            {
                "memory_mb": 138.7734375,
                "cpu_percent": 3.8,
                "timestamp": 1778791565.0257895
            },
            {
                "memory_mb": 138.7734375,
                "cpu_percent": 56.3,
                "timestamp": 1778791566.0728288
            },
            {
                "memory_mb": 138.77734375,
                "cpu_percent": 19.9,
                "timestamp": 1778791567.126402
            },
            {
                "memory_mb": 140.7578125,
                "cpu_percent": 65.9,
                "timestamp": 1778791568.1737416
            },
            {
                "memory_mb": 131.3828125,
                "cpu_percent": 76.4,
                "timestamp": 1778791569.2207742
            },
            {
                "memory_mb": 131.37890625,
                "cpu_percent": 0.0,
                "timestamp": 1778791570.2725213
            },
            {
                "memory_mb": 131.38671875,
                "cpu_percent": 65.7,
                "timestamp": 1778791571.3231583
            },
            {
                "memory_mb": 140.7578125,
                "cpu_percent": 4.8,
                "timestamp": 1778791572.3757448
            },
            {
                "memory_mb": 138.703125,
                "cpu_percent": 2.9,
                "timestamp": 1778791573.4275696
            },
            {
                "memory_mb": 138.69921875,
                "cpu_percent": 71.4,
                "timestamp": 1778791574.4783409
            },
            {
                "memory_mb": 140.76171875,
                "cpu_percent": 8.6,
                "timestamp": 1778791575.5298164
            },
            {
                "memory_mb": 140.76171875,
                "cpu_percent": 69.7,
                "timestamp": 1778791576.5769243
            },
            {
                "memory_mb": 131.3828125,
                "cpu_percent": 59.8,
                "timestamp": 1778791577.629621
            },
            {
                "memory_mb": 131.38671875,
                "cpu_percent": 18.1,
                "timestamp": 1778791578.6775432
            },
            {
                "memory_mb": 131.38671875,
                "cpu_percent": 49.4,
                "timestamp": 1778791579.7296958
            },
            {
                "memory_mb": 138.703125,
                "cpu_percent": 3.8,
                "timestamp": 1778791580.7776263
            },
            {
                "memory_mb": 138.703125,
                "cpu_percent": 32.5,
                "timestamp": 1778791581.824969
            },
            {
                "memory_mb": 138.70703125,
                "cpu_percent": 38.0,
                "timestamp": 1778791582.8764482
            },
            {
                "memory_mb": 140.7578125,
                "cpu_percent": 43.0,
                "timestamp": 1778791583.9240518
            },
            {
                "memory_mb": 140.7578125,
                "cpu_percent": 70.7,
                "timestamp": 1778791584.9711094
            },
            {
                "memory_mb": 131.3828125,
                "cpu_percent": 22.8,
                "timestamp": 1778791586.0231621
            },
            {
                "memory_mb": 131.38671875,
                "cpu_percent": 56.3,
                "timestamp": 1778791587.0711842
            },
            {
                "memory_mb": 140.7578125,
                "cpu_percent": 17.1,
                "timestamp": 1778791588.1229956
            },
            {
                "memory_mb": 138.703125,
                "cpu_percent": 2.9,
                "timestamp": 1778791589.174917
            },
            {
                "memory_mb": 138.703125,
                "cpu_percent": 69.7,
                "timestamp": 1778791590.222067
            },
            {
                "memory_mb": 138.70703125,
                "cpu_percent": 5.7,
                "timestamp": 1778791591.273429
            },
            {
                "memory_mb": 140.7578125,
                "cpu_percent": 67.4,
                "timestamp": 1778791592.32608
            },
            {
                "memory_mb": 138.7734375,
                "cpu_percent": 67.4,
                "timestamp": 1778791593.3787608
            },
            {
                "memory_mb": 138.76953125,
                "cpu_percent": 0.0,
                "timestamp": 1778791594.429885
            },
            {
                "memory_mb": 138.77734375,
                "cpu_percent": 69.4,
                "timestamp": 1778791595.4814968
            },
            {
                "memory_mb": 140.765625,
                "cpu_percent": 2.9,
                "timestamp": 1778791596.532891
            },
            {
                "memory_mb": 138.7734375,
                "cpu_percent": 10.5,
                "timestamp": 1778791597.5824108
            },
            {
                "memory_mb": 138.77734375,
                "cpu_percent": 59.9,
                "timestamp": 1778791598.634184
            },
            {
                "memory_mb": 140.765625,
                "cpu_percent": 21.0,
                "timestamp": 1778791599.6817448
            },
            {
                "memory_mb": 140.765625,
                "cpu_percent": 71.6,
                "timestamp": 1778791600.7296124
            },
            {
                "memory_mb": 138.7734375,
                "cpu_percent": 44.7,
                "timestamp": 1778791601.781321
            },
            {
                "memory_mb": 138.77734375,
                "cpu_percent": 32.4,
                "timestamp": 1778791602.830404
            },
            {
                "memory_mb": 138.77734375,
                "cpu_percent": 35.2,
                "timestamp": 1778791603.8820548
            },
            {
                "memory_mb": 138.7734375,
                "cpu_percent": 3.8,
                "timestamp": 1778791604.9341116
            },
            {
                "memory_mb": 138.7734375,
                "cpu_percent": 45.8,
                "timestamp": 1778791605.9813883
            },
            {
                "memory_mb": 138.77734375,
                "cpu_percent": 25.7,
                "timestamp": 1778791607.0339882
            },
            {
                "memory_mb": 140.765625,
                "cpu_percent": 57.2,
                "timestamp": 1778791608.0822206
            },
            {
                "memory_mb": 140.765625,
                "cpu_percent": 68.8,
                "timestamp": 1778791609.1294632
            },
            {
                "memory_mb": 138.7734375,
                "cpu_percent": 6.6,
                "timestamp": 1778791610.182122
            },
            {
                "memory_mb": 138.77734375,
                "cpu_percent": 65.8,
                "timestamp": 1778791611.230478
            },
            {
                "memory_mb": 140.76171875,
                "cpu_percent": 4.7,
                "timestamp": 1778791612.283335
            },
            {
                "memory_mb": 138.7734375,
                "cpu_percent": 1.9,
                "timestamp": 1778791613.3351257
            },
            {
                "memory_mb": 138.76953125,
                "cpu_percent": 70.4,
                "timestamp": 1778791614.3869925
            },
            {
                "memory_mb": 138.77734375,
                "cpu_percent": 4.8,
                "timestamp": 1778791615.4381363
            },
            {
                "memory_mb": 140.7578125,
                "cpu_percent": 67.6,
                "timestamp": 1778791616.4891782
            },
            {
                "memory_mb": 138.7734375,
                "cpu_percent": 69.4,
                "timestamp": 1778791617.540967
            },
            {
                "memory_mb": 138.77734375,
                "cpu_percent": 8.6,
                "timestamp": 1778791618.5880394
            },
            {
                "memory_mb": 138.77734375,
                "cpu_percent": 64.6,
                "timestamp": 1778791619.6399024
            },
            {
                "memory_mb": 140.765625,
                "cpu_percent": 2.9,
                "timestamp": 1778791620.6913962
            },
            {
                "memory_mb": 138.7734375,
                "cpu_percent": 23.9,
                "timestamp": 1778791621.7378838
            },
            {
                "memory_mb": 138.77734375,
                "cpu_percent": 47.6,
                "timestamp": 1778791622.789225
            },
            {
                "memory_mb": 140.765625,
                "cpu_percent": 32.4,
                "timestamp": 1778791623.8381948
            },
            {
                "memory_mb": 140.765625,
                "cpu_percent": 74.5,
                "timestamp": 1778791624.885027
            },
            {
                "memory_mb": 138.7734375,
                "cpu_percent": 36.1,
                "timestamp": 1778791625.9367945
            },
            {
                "memory_mb": 138.77734375,
                "cpu_percent": 45.8,
                "timestamp": 1778791626.983883
            },
            {
                "memory_mb": 140.76171875,
                "cpu_percent": 22.8,
                "timestamp": 1778791628.0375774
            },
            {
                "memory_mb": 138.7734375,
                "cpu_percent": 2.9,
                "timestamp": 1778791629.0900526
            },
            {
                "memory_mb": 138.7734375,
                "cpu_percent": 60.2,
                "timestamp": 1778791630.1372945
            },
            {
                "memory_mb": 138.77734375,
                "cpu_percent": 14.3,
                "timestamp": 1778791631.189099
            },
            {
                "memory_mb": 140.76953125,
                "cpu_percent": 67.8,
                "timestamp": 1778791632.2366498
            },
            {
                "memory_mb": 138.77734375,
                "cpu_percent": 69.7,
                "timestamp": 1778791633.2836757
            },
            {
                "memory_mb": 138.7734375,
                "cpu_percent": 0.0,
                "timestamp": 1778791634.3357248
            },
            {
                "memory_mb": 138.78125,
                "cpu_percent": 68.4,
                "timestamp": 1778791635.3879263
            },
            {
                "memory_mb": 140.76953125,
                "cpu_percent": 3.8,
                "timestamp": 1778791636.4427118
            },
            {
                "memory_mb": 138.77734375,
                "cpu_percent": 2.9,
                "timestamp": 1778791637.4946873
            },
            {
                "memory_mb": 138.78125,
                "cpu_percent": 70.3,
                "timestamp": 1778791638.5478632
            },
            {
                "memory_mb": 140.7734375,
                "cpu_percent": 11.5,
                "timestamp": 1778791639.5956388
            },
            {
                "memory_mb": 140.77734375,
                "cpu_percent": 72.5,
                "timestamp": 1778791640.643396
            },
            {
                "memory_mb": 138.78125,
                "cpu_percent": 56.9,
                "timestamp": 1778791641.6971061
            },
            {
                "memory_mb": 138.78515625,
                "cpu_percent": 21.9,
                "timestamp": 1778791642.7451117
            },
            {
                "memory_mb": 138.78515625,
                "cpu_percent": 49.4,
                "timestamp": 1778791643.797306
            },
            {
                "memory_mb": 138.78125,
                "cpu_percent": 4.8,
                "timestamp": 1778791644.8450842
            },
            {
                "memory_mb": 138.78125,
                "cpu_percent": 35.3,
                "timestamp": 1778791645.8928113
            },
            {
                "memory_mb": 138.78515625,
                "cpu_percent": 37.1,
                "timestamp": 1778791646.9451423
            },
            {
                "memory_mb": 140.77734375,
                "cpu_percent": 47.7,
                "timestamp": 1778791647.9929903
            },
            {
                "memory_mb": 140.77734375,
                "cpu_percent": 68.8,
                "timestamp": 1778791649.0401103
            },
            {
                "memory_mb": 138.78125,
                "cpu_percent": 16.2,
                "timestamp": 1778791650.0923245
            },
            {
                "memory_mb": 138.78515625,
                "cpu_percent": 60.1,
                "timestamp": 1778791651.140543
            },
            {
                "memory_mb": 140.77734375,
                "cpu_percent": 9.5,
                "timestamp": 1778791652.1930532
            },
            {
                "memory_mb": 138.78125,
                "cpu_percent": 2.9,
                "timestamp": 1778791653.2452018
            },
            {
                "memory_mb": 138.77734375,
                "cpu_percent": 68.7,
                "timestamp": 1778791654.2926605
            },
            {
                "memory_mb": 138.78515625,
                "cpu_percent": 4.8,
                "timestamp": 1778791655.3439982
            },
            {
                "memory_mb": 140.77734375,
                "cpu_percent": 68.5,
                "timestamp": 1778791656.3957484
            },
            {
                "memory_mb": 138.78125,
                "cpu_percent": 69.4,
                "timestamp": 1778791657.4480667
            },
            {
                "memory_mb": 138.77734375,
                "cpu_percent": 0.9,
                "timestamp": 1778791658.5017147
            },
            {
                "memory_mb": 138.78515625,
                "cpu_percent": 69.4,
                "timestamp": 1778791659.5535803
            },
            {
                "memory_mb": 140.78125,
                "cpu_percent": 2.9,
                "timestamp": 1778791660.6056318
            },
            {
                "memory_mb": 138.78125,
                "cpu_percent": 14.3,
                "timestamp": 1778791661.652653
            },
            {
                "memory_mb": 138.78515625,
                "cpu_percent": 57.0,
                "timestamp": 1778791662.704989
            },
            {
                "memory_mb": 140.78125,
                "cpu_percent": 24.8,
                "timestamp": 1778791663.7536724
            },
            {
                "memory_mb": 140.78125,
                "cpu_percent": 73.4,
                "timestamp": 1778791664.802255
            },
            {
                "memory_mb": 138.78125,
                "cpu_percent": 38.9,
                "timestamp": 1778791665.8552668
            },
            {
                "memory_mb": 138.78515625,
                "cpu_percent": 36.3,
                "timestamp": 1778791666.9035091
            },
            {
                "memory_mb": 138.78515625,
                "cpu_percent": 33.3,
                "timestamp": 1778791667.9558997
            },
            {
                "memory_mb": 138.78125,
                "cpu_percent": 3.8,
                "timestamp": 1778791669.0080402
            },
            {
                "memory_mb": 138.78125,
                "cpu_percent": 49.6,
                "timestamp": 1778791670.0559251
            },
            {
                "memory_mb": 138.78515625,
                "cpu_percent": 22.8,
                "timestamp": 1778791671.1070664
            },
            {
                "memory_mb": 140.78125,
                "cpu_percent": 61.1,
                "timestamp": 1778791672.1551836
            },
            {
                "memory_mb": 140.78125,
                "cpu_percent": 70.7,
                "timestamp": 1778791673.202182
            },
            {
                "memory_mb": 138.77734375,
                "cpu_percent": 5.7,
                "timestamp": 1778791674.253904
            },
            {
                "memory_mb": 138.78515625,
                "cpu_percent": 64.6,
                "timestamp": 1778791675.305775
            },
            {
                "memory_mb": 140.77734375,
                "cpu_percent": 3.8,
                "timestamp": 1778791676.3571248
            },
            {
                "memory_mb": 138.78125,
                "cpu_percent": 1.9,
                "timestamp": 1778791677.4092665
            },
            {
                "memory_mb": 138.77734375,
                "cpu_percent": 70.3,
                "timestamp": 1778791678.4617598
            },
            {
                "memory_mb": 140.77734375,
                "cpu_percent": 5.7,
                "timestamp": 1778791679.5136569
            },
            {
                "memory_mb": 140.77734375,
                "cpu_percent": 67.5,
                "timestamp": 1778791680.5658634
            },
            {
                "memory_mb": 138.78125,
                "cpu_percent": 65.6,
                "timestamp": 1778791681.617602
            },
            {
                "memory_mb": 138.78515625,
                "cpu_percent": 12.4,
                "timestamp": 1778791682.6642978
            },
            {
                "memory_mb": 138.78515625,
                "cpu_percent": 54.2,
                "timestamp": 1778791683.7162108
            },
            {
                "memory_mb": 140.78125,
                "cpu_percent": 2.9,
                "timestamp": 1778791684.768499
            },
            {
                "memory_mb": 138.78125,
                "cpu_percent": 28.6,
                "timestamp": 1778791685.816896
            },
            {
                "memory_mb": 138.78515625,
                "cpu_percent": 42.8,
                "timestamp": 1778791686.8691342
            },
            {
                "memory_mb": 140.77734375,
                "cpu_percent": 39.1,
                "timestamp": 1778791687.916832
            },
            {
                "memory_mb": 140.78125,
                "cpu_percent": 71.5,
                "timestamp": 1778791688.9660761
            },
            {
                "memory_mb": 138.78515625,
                "cpu_percent": 24.8,
                "timestamp": 1778791690.013177
            },
            {
                "memory_mb": 138.7890625,
                "cpu_percent": 50.5,
                "timestamp": 1778791691.0617144
            },
            {
                "memory_mb": 140.78125,
                "cpu_percent": 19.0,
                "timestamp": 1778791692.1124268
            },
            {
                "memory_mb": 138.78515625,
                "cpu_percent": 2.9,
                "timestamp": 1778791693.1646438
            },
            {
                "memory_mb": 138.78515625,
                "cpu_percent": 63.9,
                "timestamp": 1778791694.2132134
            },
            {
                "memory_mb": 138.7890625,
                "cpu_percent": 7.6,
                "timestamp": 1778791695.2650945
            },
            {
                "memory_mb": 140.7890625,
                "cpu_percent": 65.6,
                "timestamp": 1778791696.3173892
            },
            {
                "memory_mb": 138.79296875,
                "cpu_percent": 67.5,
                "timestamp": 1778791697.3694246
            },
            {
                "memory_mb": 138.7890625,
                "cpu_percent": 0.0,
                "timestamp": 1778791698.4217098
            },
            {
                "memory_mb": 138.796875,
                "cpu_percent": 65.6,
                "timestamp": 1778791699.4741035
            },
            {
                "memory_mb": 140.7890625,
                "cpu_percent": 2.9,
                "timestamp": 1778791700.526364
            },
            {
                "memory_mb": 138.79296875,
                "cpu_percent": 5.7,
                "timestamp": 1778791701.5772097
            },
            {
                "memory_mb": 138.796875,
                "cpu_percent": 66.5,
                "timestamp": 1778791702.630169
            },
            {
                "memory_mb": 140.79296875,
                "cpu_percent": 17.2,
                "timestamp": 1778791703.6789804
            },
            {
                "memory_mb": 140.79296875,
                "cpu_percent": 69.7,
                "timestamp": 1778791704.7267463
            },
            {
                "memory_mb": 138.79296875,
                "cpu_percent": 48.5,
                "timestamp": 1778791705.7788136
            },
            {
                "memory_mb": 138.796875,
                "cpu_percent": 27.7,
                "timestamp": 1778791706.8259
            },
            {
                "memory_mb": 138.796875,
                "cpu_percent": 39.9,
                "timestamp": 1778791707.8777952
            },
            {
                "memory_mb": 138.79296875,
                "cpu_percent": 4.8,
                "timestamp": 1778791708.9302602
            },
            {
                "memory_mb": 138.79296875,
                "cpu_percent": 41.0,
                "timestamp": 1778791709.9780421
            },
            {
                "memory_mb": 138.796875,
                "cpu_percent": 31.4,
                "timestamp": 1778791711.0292783
            },
            {
                "memory_mb": 140.79296875,
                "cpu_percent": 52.5,
                "timestamp": 1778791712.0770712
            },
            {
                "memory_mb": 140.79296875,
                "cpu_percent": 73.5,
                "timestamp": 1778791713.123999
            },
            {
                "memory_mb": 138.79296875,
                "cpu_percent": 11.4,
                "timestamp": 1778791714.1763666
            },
            {
                "memory_mb": 138.796875,
                "cpu_percent": 64.9,
                "timestamp": 1778791715.2237403
            },
            {
                "memory_mb": 140.7890625,
                "cpu_percent": 7.6,
                "timestamp": 1778791716.2751243
            },
            {
                "memory_mb": 138.79296875,
                "cpu_percent": 2.9,
                "timestamp": 1778791717.3272755
            },
            {
                "memory_mb": 138.7890625,
                "cpu_percent": 70.3,
                "timestamp": 1778791718.3799748
            },
            {
                "memory_mb": 138.796875,
                "cpu_percent": 3.8,
                "timestamp": 1778791719.4334326
            },
            {
                "memory_mb": 140.79296875,
                "cpu_percent": 68.4,
                "timestamp": 1778791720.486024
            },
            {
                "memory_mb": 138.796875,
                "cpu_percent": 66.4,
                "timestamp": 1778791721.5405512
            },
            {
                "memory_mb": 138.80078125,
                "cpu_percent": 3.8,
                "timestamp": 1778791722.5927386
            },
            {
                "memory_mb": 138.80078125,
                "cpu_percent": 61.8,
                "timestamp": 1778791723.645229
            },
            {
                "memory_mb": 140.796875,
                "cpu_percent": 2.9,
                "timestamp": 1778791724.6977816
            },
            {
                "memory_mb": 138.796875,
                "cpu_percent": 20.0,
                "timestamp": 1778791725.745452
            },
            {
                "memory_mb": 138.80078125,
                "cpu_percent": 54.2,
                "timestamp": 1778791726.7972667
            },
            {
                "memory_mb": 140.80078125,
                "cpu_percent": 30.6,
                "timestamp": 1778791727.8446436
            },
            {
                "memory_mb": 140.80078125,
                "cpu_percent": 69.7,
                "timestamp": 1778791728.8923159
            },
            {
                "memory_mb": 138.796875,
                "cpu_percent": 33.2,
                "timestamp": 1778791729.9463234
            },
            {
                "memory_mb": 138.80078125,
                "cpu_percent": 42.0,
                "timestamp": 1778791730.9932864
            },
            {
                "memory_mb": 138.80078125,
                "cpu_percent": 26.6,
                "timestamp": 1778791732.045311
            },
            {
                "memory_mb": 138.796875,
                "cpu_percent": 3.8,
                "timestamp": 1778791733.0987487
            },
            {
                "memory_mb": 138.796875,
                "cpu_percent": 55.4,
                "timestamp": 1778791734.1461904
            },
            {
                "memory_mb": 138.80078125,
                "cpu_percent": 18.1,
                "timestamp": 1778791735.1981702
            },
            {
                "memory_mb": 140.796875,
                "cpu_percent": 66.8,
                "timestamp": 1778791736.246016
            },
            {
                "memory_mb": 138.796875,
                "cpu_percent": 65.9,
                "timestamp": 1778791737.2928226
            },
            {
                "memory_mb": 138.79296875,
                "cpu_percent": 1.0,
                "timestamp": 1778791738.3452775
            },
            {
                "memory_mb": 138.80078125,
                "cpu_percent": 64.7,
                "timestamp": 1778791739.3956745
            },
            {
                "memory_mb": 140.796875,
                "cpu_percent": 3.8,
                "timestamp": 1778791740.4469469
            },
            {
                "memory_mb": 138.80078125,
                "cpu_percent": 2.9,
                "timestamp": 1778791741.4988167
            },
            {
                "memory_mb": 138.796875,
                "cpu_percent": 66.5,
                "timestamp": 1778791742.5516238
            },
            {
                "memory_mb": 140.80078125,
                "cpu_percent": 7.6,
                "timestamp": 1778791743.6026936
            },
            {
                "memory_mb": 140.80078125,
                "cpu_percent": 68.7,
                "timestamp": 1778791744.6502779
            },
            {
                "memory_mb": 138.80078125,
                "cpu_percent": 62.7,
                "timestamp": 1778791745.7032707
            },
            {
                "memory_mb": 138.8046875,
                "cpu_percent": 18.2,
                "timestamp": 1778791746.749651
            },
            {
                "memory_mb": 138.8046875,
                "cpu_percent": 52.3,
                "timestamp": 1778791747.8014398
            },
            {
                "memory_mb": 138.80078125,
                "cpu_percent": 5.7,
                "timestamp": 1778791748.8535106
            },
            {
                "memory_mb": 138.80078125,
                "cpu_percent": 31.5,
                "timestamp": 1778791749.901139
            },
            {
                "memory_mb": 138.8046875,
                "cpu_percent": 40.9,
                "timestamp": 1778791750.9526436
            },
            {
                "memory_mb": 140.80078125,
                "cpu_percent": 43.9,
                "timestamp": 1778791752.0000014
            },
            {
                "memory_mb": 140.80078125,
                "cpu_percent": 69.7,
                "timestamp": 1778791753.0477767
            },
            {
                "memory_mb": 138.80078125,
                "cpu_percent": 20.9,
                "timestamp": 1778791754.0997987
            },
            {
                "memory_mb": 138.8046875,
                "cpu_percent": 55.3,
                "timestamp": 1778791755.1477911
            },
            {
                "memory_mb": 140.80078125,
                "cpu_percent": 17.1,
                "timestamp": 1778791756.1994147
            },
            {
                "memory_mb": 138.80078125,
                "cpu_percent": 2.9,
                "timestamp": 1778791757.2519243
            },
            {
                "memory_mb": 138.80078125,
                "cpu_percent": 69.7,
                "timestamp": 1778791758.2997103
            },
            {
                "memory_mb": 138.8046875,
                "cpu_percent": 4.8,
                "timestamp": 1778791759.3516645
            },
            {
                "memory_mb": 140.796875,
                "cpu_percent": 65.6,
                "timestamp": 1778791760.403896
            },
            {
                "memory_mb": 138.80078125,
                "cpu_percent": 69.4,
                "timestamp": 1778791761.4558878
            },
            {
                "memory_mb": 138.796875,
                "cpu_percent": 0.0,
                "timestamp": 1778791762.5079298
            },
            {
                "memory_mb": 138.8046875,
                "cpu_percent": 65.6,
                "timestamp": 1778791763.5602314
            },
            {
                "memory_mb": 140.8046875,
                "cpu_percent": 3.8,
                "timestamp": 1778791764.6136467
            },
            {
                "memory_mb": 138.80078125,
                "cpu_percent": 10.5,
                "timestamp": 1778791765.6613219
            },
            {
                "memory_mb": 138.8046875,
                "cpu_percent": 58.9,
                "timestamp": 1778791766.7135956
            },
            {
                "memory_mb": 140.80078125,
                "cpu_percent": 21.0,
                "timestamp": 1778791767.7602057
            },
            {
                "memory_mb": 140.80078125,
                "cpu_percent": 69.7,
                "timestamp": 1778791768.8078737
            },
            {
                "memory_mb": 138.8046875,
                "cpu_percent": 47.5,
                "timestamp": 1778791769.859892
            },
            {
                "memory_mb": 138.80859375,
                "cpu_percent": 32.5,
                "timestamp": 1778791770.9072242
            },
            {
                "memory_mb": 138.80859375,
                "cpu_percent": 39.0,
                "timestamp": 1778791771.9590335
            },
            {
                "memory_mb": 138.8046875,
                "cpu_percent": 4.8,
                "timestamp": 1778791773.0104318
            },
            {
                "memory_mb": 138.8046875,
                "cpu_percent": 45.9,
                "timestamp": 1778791774.057225
            },
            {
                "memory_mb": 138.80859375,
                "cpu_percent": 25.7,
                "timestamp": 1778791775.109283
            },
            {
                "memory_mb": 140.80859375,
                "cpu_percent": 56.3,
                "timestamp": 1778791776.1572945
            },
            {
                "memory_mb": 140.80859375,
                "cpu_percent": 71.5,
                "timestamp": 1778791777.2062342
            },
            {
                "memory_mb": 138.8046875,
                "cpu_percent": 9.5,
                "timestamp": 1778791778.2582514
            },
            {
                "memory_mb": 138.80859375,
                "cpu_percent": 68.7,
                "timestamp": 1778791779.3061316
            },
            {
                "memory_mb": 140.80859375,
                "cpu_percent": 4.8,
                "timestamp": 1778791780.357044
            },
            {
                "memory_mb": 138.80859375,
                "cpu_percent": 1.9,
                "timestamp": 1778791781.4094121
            },
            {
                "memory_mb": 138.8046875,
                "cpu_percent": 69.4,
                "timestamp": 1778791782.4611437
            },
            {
                "memory_mb": 138.8125,
                "cpu_percent": 3.8,
                "timestamp": 1778791783.5155828
            },
            {
                "memory_mb": 140.80859375,
                "cpu_percent": 65.6,
                "timestamp": 1778791784.5677717
            },
            {
                "memory_mb": 138.80859375,
                "cpu_percent": 66.5,
                "timestamp": 1778791785.6197872
            },
            {
                "memory_mb": 138.8125,
                "cpu_percent": 8.6,
                "timestamp": 1778791786.667171
            },
            {
                "memory_mb": 138.8125,
                "cpu_percent": 58.9,
                "timestamp": 1778791787.72034
            },
            {
                "memory_mb": 140.8203125,
                "cpu_percent": 2.9,
                "timestamp": 1778791788.7727587
            },
            {
                "memory_mb": 138.8125,
                "cpu_percent": 24.8,
                "timestamp": 1778791789.8203142
            },
            {
                "memory_mb": 138.81640625,
                "cpu_percent": 47.5,
                "timestamp": 1778791790.8720906
            },
            {
                "memory_mb": 140.81640625,
                "cpu_percent": 35.3,
                "timestamp": 1778791791.918784
            },
            {
                "memory_mb": 140.81640625,
                "cpu_percent": 69.7,
                "timestamp": 1778791792.9663107
            },
            {
                "memory_mb": 138.8125,
                "cpu_percent": 29.5,
                "timestamp": 1778791794.018603
            },
            {
                "memory_mb": 138.81640625,
                "cpu_percent": 46.8,
                "timestamp": 1778791795.0653832
            },
            {
                "memory_mb": 140.81640625,
                "cpu_percent": 22.8,
                "timestamp": 1778791796.1172552
            },
            {
                "memory_mb": 138.8125,
                "cpu_percent": 2.9,
                "timestamp": 1778791797.169092
            },
            {
                "memory_mb": 138.8125,
                "cpu_percent": 60.2,
                "timestamp": 1778791798.2161748
            },
            {
                "memory_mb": 138.81640625,
                "cpu_percent": 14.3,
                "timestamp": 1778791799.2674284
            },
            {
                "memory_mb": 140.81640625,
                "cpu_percent": 64.9,
                "timestamp": 1778791800.3145282
            },
            {
                "memory_mb": 138.8125,
                "cpu_percent": 66.5,
                "timestamp": 1778791801.3666809
            },
            {
                "memory_mb": 138.80859375,
                "cpu_percent": 0.0,
                "timestamp": 1778791802.4189062
            },
            {
                "memory_mb": 138.81640625,
                "cpu_percent": 68.4,
                "timestamp": 1778791803.4708688
            },
            {
                "memory_mb": 140.81640625,
                "cpu_percent": 4.8,
                "timestamp": 1778791804.5229983
            },
            {
                "memory_mb": 138.8125,
                "cpu_percent": 2.9,
                "timestamp": 1778791805.5755413
            },
            {
                "memory_mb": 138.81640625,
                "cpu_percent": 70.2,
                "timestamp": 1778791806.6292496
            },
            {
                "memory_mb": 140.81640625,
                "cpu_percent": 11.5,
                "timestamp": 1778791807.6759138
            },
            {
                "memory_mb": 140.81640625,
                "cpu_percent": 72.6,
                "timestamp": 1778791808.7233844
            },
            {
                "memory_mb": 138.8125,
                "cpu_percent": 53.2,
                "timestamp": 1778791809.7752044
            },
            {
                "memory_mb": 138.81640625,
                "cpu_percent": 22.9,
                "timestamp": 1778791810.821548
            },
            {
                "memory_mb": 138.81640625,
                "cpu_percent": 45.6,
                "timestamp": 1778791811.8732836
            },
            {
                "memory_mb": 138.8125,
                "cpu_percent": 4.8,
                "timestamp": 1778791812.9256065
            },
            {
                "memory_mb": 138.8125,
                "cpu_percent": 36.3,
                "timestamp": 1778791813.9724197
            },
            {
                "memory_mb": 138.81640625,
                "cpu_percent": 36.1,
                "timestamp": 1778791815.0257719
            },
            {
                "memory_mb": 140.8203125,
                "cpu_percent": 47.7,
                "timestamp": 1778791816.07324
            },
            {
                "memory_mb": 140.82421875,
                "cpu_percent": 69.7,
                "timestamp": 1778791817.1210203
            },
            {
                "memory_mb": 138.81640625,
                "cpu_percent": 15.2,
                "timestamp": 1778791818.1734438
            },
            {
                "memory_mb": 138.8203125,
                "cpu_percent": 61.1,
                "timestamp": 1778791819.220662
            },
            {
                "memory_mb": 140.8203125,
                "cpu_percent": 9.5,
                "timestamp": 1778791820.2722461
            },
            {
                "memory_mb": 138.81640625,
                "cpu_percent": 2.9,
                "timestamp": 1778791821.324371
            },
            {
                "memory_mb": 138.8125,
                "cpu_percent": 68.8,
                "timestamp": 1778791822.3710306
            },
            {
                "memory_mb": 138.8203125,
                "cpu_percent": 3.8,
                "timestamp": 1778791823.4228456
            },
            {
                "memory_mb": 140.81640625,
                "cpu_percent": 65.5,
                "timestamp": 1778791824.4759343
            },
            {
                "memory_mb": 138.81640625,
                "cpu_percent": 68.5,
                "timestamp": 1778791825.5275111
            },
            {
                "memory_mb": 138.8125,
                "cpu_percent": 1.0,
                "timestamp": 1778791826.5795064
            },
            {
                "memory_mb": 138.8203125,
                "cpu_percent": 65.6,
                "timestamp": 1778791827.63162
            },
            {
                "memory_mb": 140.82421875,
                "cpu_percent": 3.8,
                "timestamp": 1778791828.6835525
            },
            {
                "memory_mb": 138.81640625,
                "cpu_percent": 14.3,
                "timestamp": 1778791829.731243
            },
            {
                "memory_mb": 138.8203125,
                "cpu_percent": 59.9,
                "timestamp": 1778791830.7829823
            },
            {
                "memory_mb": 140.8203125,
                "cpu_percent": 24.9,
                "timestamp": 1778791831.8291945
            },
            {
                "memory_mb": 140.8203125,
                "cpu_percent": 72.6,
                "timestamp": 1778791832.876482
            },
            {
                "memory_mb": 140.8203125,
                "cpu_percent": 99.6,
                "timestamp": 1778791833.2580357
            }
        ]
    }
}
