{
    "301665": {
        "ppid": "254983",
        "name": "celery",
        "cmdline": "/home/experimenter/projects/celery-autoscale/.venv/bin/python3 /home/experimenter/projects/celery-autoscale/.venv/bin/celery -A celery_app worker --loglevel=INFO --concurrency=4 --pool=eventlet",
        "create_time": "2026-05-14T23:07:21.890000",
        "last_update": "2026-05-14T23:12:24.919534",
        "voluntary_ctxt_switches": 2685,
        "nonvoluntary_ctxt_switches": 3532,
        "jiffies": 20298,
        "stats": [
            {
                "memory_mb": 52.22265625,
                "cpu_percent": 0.0,
                "timestamp": 1778789242.9651558
            },
            {
                "memory_mb": 52.71484375,
                "cpu_percent": 26.7,
                "timestamp": 1778789244.0149078
            },
            {
                "memory_mb": 108.1171875,
                "cpu_percent": 43.8,
                "timestamp": 1778789245.0656464
            },
            {
                "memory_mb": 144.984375,
                "cpu_percent": 70.6,
                "timestamp": 1778789246.1131628
            },
            {
                "memory_mb": 144.9921875,
                "cpu_percent": 100.4,
                "timestamp": 1778789247.1592438
            },
            {
                "memory_mb": 153.44921875,
                "cpu_percent": 99.0,
                "timestamp": 1778789248.2094042
            },
            {
                "memory_mb": 181.015625,
                "cpu_percent": 15.2,
                "timestamp": 1778789249.2612185
            },
            {
                "memory_mb": 236.2890625,
                "cpu_percent": 50.6,
                "timestamp": 1778789250.30811
            },
            {
                "memory_mb": 236.29296875,
                "cpu_percent": 79.3,
                "timestamp": 1778789251.355408
            },
            {
                "memory_mb": 236.29296875,
                "cpu_percent": 74.4,
                "timestamp": 1778789252.4038205
            },
            {
                "memory_mb": 236.2890625,
                "cpu_percent": 78.3,
                "timestamp": 1778789253.450933
            },
            {
                "memory_mb": 236.41015625,
                "cpu_percent": 11.4,
                "timestamp": 1778789254.5030243
            },
            {
                "memory_mb": 236.40625,
                "cpu_percent": 99.3,
                "timestamp": 1778789255.5508332
            },
            {
                "memory_mb": 236.40625,
                "cpu_percent": 77.4,
                "timestamp": 1778789256.5978334
            },
            {
                "memory_mb": 236.40234375,
                "cpu_percent": 76.4,
                "timestamp": 1778789257.644923
            },
            {
                "memory_mb": 236.41015625,
                "cpu_percent": 37.1,
                "timestamp": 1778789258.6968887
            },
            {
                "memory_mb": 236.41015625,
                "cpu_percent": 73.5,
                "timestamp": 1778789259.7445333
            },
            {
                "memory_mb": 236.4140625,
                "cpu_percent": 75.1,
                "timestamp": 1778789260.7959483
            },
            {
                "memory_mb": 236.41015625,
                "cpu_percent": 70.7,
                "timestamp": 1778789261.8433614
            },
            {
                "memory_mb": 236.41796875,
                "cpu_percent": 62.6,
                "timestamp": 1778789262.8979747
            },
            {
                "memory_mb": 226.71484375,
                "cpu_percent": 50.6,
                "timestamp": 1778789263.944733
            },
            {
                "memory_mb": 226.71875,
                "cpu_percent": 97.4,
                "timestamp": 1778789264.9916365
            },
            {
                "memory_mb": 226.7109375,
                "cpu_percent": 71.7,
                "timestamp": 1778789266.0372365
            },
            {
                "memory_mb": 226.72265625,
                "cpu_percent": 69.4,
                "timestamp": 1778789267.0889552
            },
            {
                "memory_mb": 236.41796875,
                "cpu_percent": 23.9,
                "timestamp": 1778789268.1356285
            },
            {
                "memory_mb": 236.41796875,
                "cpu_percent": 99.3,
                "timestamp": 1778789269.1832845
            },
            {
                "memory_mb": 224.06640625,
                "cpu_percent": 78.3,
                "timestamp": 1778789270.2305222
            },
            {
                "memory_mb": 224.0625,
                "cpu_percent": 73.5,
                "timestamp": 1778789271.2784083
            },
            {
                "memory_mb": 226.5859375,
                "cpu_percent": 19.0,
                "timestamp": 1778789272.3291194
            },
            {
                "memory_mb": 236.40625,
                "cpu_percent": 91.7,
                "timestamp": 1778789273.3765285
            },
            {
                "memory_mb": 236.40625,
                "cpu_percent": 74.5,
                "timestamp": 1778789274.423469
            },
            {
                "memory_mb": 236.40234375,
                "cpu_percent": 78.2,
                "timestamp": 1778789275.4727209
            },
            {
                "memory_mb": 236.41015625,
                "cpu_percent": 42.8,
                "timestamp": 1778789276.5247438
            },
            {
                "memory_mb": 236.43359375,
                "cpu_percent": 67.8,
                "timestamp": 1778789277.5712814
            },
            {
                "memory_mb": 236.43359375,
                "cpu_percent": 78.0,
                "timestamp": 1778789278.622259
            },
            {
                "memory_mb": 236.4296875,
                "cpu_percent": 73.3,
                "timestamp": 1778789279.6723654
            },
            {
                "memory_mb": 236.4375,
                "cpu_percent": 62.8,
                "timestamp": 1778789280.724106
            },
            {
                "memory_mb": 236.44140625,
                "cpu_percent": 47.7,
                "timestamp": 1778789281.7714458
            },
            {
                "memory_mb": 230.11328125,
                "cpu_percent": 94.5,
                "timestamp": 1778789282.818837
            },
            {
                "memory_mb": 230.10546875,
                "cpu_percent": 72.3,
                "timestamp": 1778789283.869633
            },
            {
                "memory_mb": 230.1171875,
                "cpu_percent": 68.5,
                "timestamp": 1778789284.920839
            },
            {
                "memory_mb": 236.4375,
                "cpu_percent": 27.7,
                "timestamp": 1778789285.9688795
            },
            {
                "memory_mb": 236.4375,
                "cpu_percent": 100.4,
                "timestamp": 1778789287.0151994
            },
            {
                "memory_mb": 236.4375,
                "cpu_percent": 77.4,
                "timestamp": 1778789288.0622687
            },
            {
                "memory_mb": 236.43359375,
                "cpu_percent": 72.5,
                "timestamp": 1778789289.110004
            },
            {
                "memory_mb": 236.453125,
                "cpu_percent": 12.4,
                "timestamp": 1778789290.1616695
            },
            {
                "memory_mb": 236.44921875,
                "cpu_percent": 98.3,
                "timestamp": 1778789291.2089617
            },
            {
                "memory_mb": 236.44921875,
                "cpu_percent": 75.4,
                "timestamp": 1778789292.2561555
            },
            {
                "memory_mb": 236.4453125,
                "cpu_percent": 76.4,
                "timestamp": 1778789293.3032057
            },
            {
                "memory_mb": 236.453125,
                "cpu_percent": 37.1,
                "timestamp": 1778789294.3546271
            },
            {
                "memory_mb": 236.453125,
                "cpu_percent": 73.5,
                "timestamp": 1778789295.4019012
            },
            {
                "memory_mb": 230.25390625,
                "cpu_percent": 73.5,
                "timestamp": 1778789296.4499824
            },
            {
                "memory_mb": 230.25,
                "cpu_percent": 72.6,
                "timestamp": 1778789297.4970205
            },
            {
                "memory_mb": 230.2578125,
                "cpu_percent": 60.8,
                "timestamp": 1778789298.5500596
            },
            {
                "memory_mb": 236.4453125,
                "cpu_percent": 50.6,
                "timestamp": 1778789299.596635
            },
            {
                "memory_mb": 236.4453125,
                "cpu_percent": 90.3,
                "timestamp": 1778789300.6486728
            },
            {
                "memory_mb": 236.4375,
                "cpu_percent": 72.3,
                "timestamp": 1778789301.7004983
            },
            {
                "memory_mb": 236.44921875,
                "cpu_percent": 69.3,
                "timestamp": 1778789302.754594
            },
            {
                "memory_mb": 236.44921875,
                "cpu_percent": 30.5,
                "timestamp": 1778789303.8030462
            },
            {
                "memory_mb": 236.44921875,
                "cpu_percent": 99.3,
                "timestamp": 1778789304.8507142
            },
            {
                "memory_mb": 232.125,
                "cpu_percent": 75.4,
                "timestamp": 1778789305.8985748
            },
            {
                "memory_mb": 232.12109375,
                "cpu_percent": 73.5,
                "timestamp": 1778789306.9457812
            },
            {
                "memory_mb": 236.4453125,
                "cpu_percent": 11.4,
                "timestamp": 1778789307.9952035
            },
            {
                "memory_mb": 236.4453125,
                "cpu_percent": 100.2,
                "timestamp": 1778789309.0432804
            },
            {
                "memory_mb": 236.4453125,
                "cpu_percent": 73.5,
                "timestamp": 1778789310.0906703
            },
            {
                "memory_mb": 236.44140625,
                "cpu_percent": 74.5,
                "timestamp": 1778789311.13755
            },
            {
                "memory_mb": 236.44921875,
                "cpu_percent": 32.3,
                "timestamp": 1778789312.18921
            },
            {
                "memory_mb": 236.4609375,
                "cpu_percent": 77.4,
                "timestamp": 1778789313.2357094
            },
            {
                "memory_mb": 236.4609375,
                "cpu_percent": 75.3,
                "timestamp": 1778789314.28504
            },
            {
                "memory_mb": 236.45703125,
                "cpu_percent": 71.6,
                "timestamp": 1778789315.3325465
            },
            {
                "memory_mb": 236.46484375,
                "cpu_percent": 54.2,
                "timestamp": 1778789316.3847919
            },
            {
                "memory_mb": 232.58984375,
                "cpu_percent": 59.2,
                "timestamp": 1778789317.4324305
            },
            {
                "memory_mb": 225.4453125,
                "cpu_percent": 86.6,
                "timestamp": 1778789318.483666
            },
            {
                "memory_mb": 225.4375,
                "cpu_percent": 70.3,
                "timestamp": 1778789319.535696
            },
            {
                "memory_mb": 225.44921875,
                "cpu_percent": 68.5,
                "timestamp": 1778789320.5866468
            },
            {
                "memory_mb": 236.44140625,
                "cpu_percent": 36.3,
                "timestamp": 1778789321.6333542
            },
            {
                "memory_mb": 236.44140625,
                "cpu_percent": 99.3,
                "timestamp": 1778789322.6802545
            },
            {
                "memory_mb": 236.44140625,
                "cpu_percent": 74.5,
                "timestamp": 1778789323.7267034
            },
            {
                "memory_mb": 236.4453125,
                "cpu_percent": 72.5,
                "timestamp": 1778789324.7742758
            },
            {
                "memory_mb": 236.4609375,
                "cpu_percent": 11.5,
                "timestamp": 1778789325.8214047
            },
            {
                "memory_mb": 236.4609375,
                "cpu_percent": 101.3,
                "timestamp": 1778789326.868143
            },
            {
                "memory_mb": 236.4609375,
                "cpu_percent": 74.5,
                "timestamp": 1778789327.9153504
            },
            {
                "memory_mb": 236.45703125,
                "cpu_percent": 77.3,
                "timestamp": 1778789328.9629753
            },
            {
                "memory_mb": 236.46484375,
                "cpu_percent": 27.5,
                "timestamp": 1778789330.016781
            },
            {
                "memory_mb": 236.46484375,
                "cpu_percent": 83.1,
                "timestamp": 1778789331.064054
            },
            {
                "memory_mb": 227.71875,
                "cpu_percent": 74.5,
                "timestamp": 1778789332.111381
            },
            {
                "memory_mb": 227.71484375,
                "cpu_percent": 72.6,
                "timestamp": 1778789333.1583772
            },
            {
                "memory_mb": 227.72265625,
                "cpu_percent": 48.5,
                "timestamp": 1778789334.209469
            },
            {
                "memory_mb": 227.71484375,
                "cpu_percent": 64.0,
                "timestamp": 1778789335.2560964
            },
            {
                "memory_mb": 227.71875,
                "cpu_percent": 80.8,
                "timestamp": 1778789336.307973
            },
            {
                "memory_mb": 227.7109375,
                "cpu_percent": 69.4,
                "timestamp": 1778789337.3598068
            },
            {
                "memory_mb": 227.72265625,
                "cpu_percent": 66.6,
                "timestamp": 1778789338.410873
            },
            {
                "memory_mb": 236.44140625,
                "cpu_percent": 43.0,
                "timestamp": 1778789339.456565
            },
            {
                "memory_mb": 236.44921875,
                "cpu_percent": 100.3,
                "timestamp": 1778789340.5039341
            },
            {
                "memory_mb": 236.4375,
                "cpu_percent": 73.6,
                "timestamp": 1778789341.5507698
            },
            {
                "memory_mb": 236.44921875,
                "cpu_percent": 65.6,
                "timestamp": 1778789342.6025186
            },
            {
                "memory_mb": 233.515625,
                "cpu_percent": 23.9,
                "timestamp": 1778789343.6499417
            },
            {
                "memory_mb": 233.51953125,
                "cpu_percent": 99.3,
                "timestamp": 1778789344.697041
            },
            {
                "memory_mb": 233.51953125,
                "cpu_percent": 74.5,
                "timestamp": 1778789345.7445626
            },
            {
                "memory_mb": 233.515625,
                "cpu_percent": 74.5,
                "timestamp": 1778789346.791849
            },
            {
                "memory_mb": 233.5234375,
                "cpu_percent": 15.2,
                "timestamp": 1778789347.8429415
            },
            {
                "memory_mb": 236.453125,
                "cpu_percent": 95.4,
                "timestamp": 1778789348.891243
            },
            {
                "memory_mb": 236.453125,
                "cpu_percent": 75.4,
                "timestamp": 1778789349.9388206
            },
            {
                "memory_mb": 236.44921875,
                "cpu_percent": 73.5,
                "timestamp": 1778789350.9860735
            },
            {
                "memory_mb": 236.45703125,
                "cpu_percent": 39.9,
                "timestamp": 1778789352.037882
            },
            {
                "memory_mb": 236.47265625,
                "cpu_percent": 70.7,
                "timestamp": 1778789353.0848134
            },
            {
                "memory_mb": 236.47265625,
                "cpu_percent": 77.1,
                "timestamp": 1778789354.1356614
            },
            {
                "memory_mb": 236.46875,
                "cpu_percent": 70.4,
                "timestamp": 1778789355.1863382
            },
            {
                "memory_mb": 236.4765625,
                "cpu_percent": 62.7,
                "timestamp": 1778789356.2383907
            },
            {
                "memory_mb": 232.0859375,
                "cpu_percent": 50.5,
                "timestamp": 1778789357.2877784
            },
            {
                "memory_mb": 227.81640625,
                "cpu_percent": 92.3,
                "timestamp": 1778789358.338823
            },
            {
                "memory_mb": 227.80859375,
                "cpu_percent": 74.1,
                "timestamp": 1778789359.3910992
            },
            {
                "memory_mb": 227.8203125,
                "cpu_percent": 66.6,
                "timestamp": 1778789360.4428914
            },
            {
                "memory_mb": 236.4609375,
                "cpu_percent": 32.3,
                "timestamp": 1778789361.495788
            },
            {
                "memory_mb": 236.46484375,
                "cpu_percent": 100.2,
                "timestamp": 1778789362.5437095
            },
            {
                "memory_mb": 236.46484375,
                "cpu_percent": 75.4,
                "timestamp": 1778789363.591543
            },
            {
                "memory_mb": 236.46875,
                "cpu_percent": 77.3,
                "timestamp": 1778789364.6393907
            },
            {
                "memory_mb": 236.48046875,
                "cpu_percent": 10.5,
                "timestamp": 1778789365.6884549
            },
            {
                "memory_mb": 236.48046875,
                "cpu_percent": 99.3,
                "timestamp": 1778789366.736217
            },
            {
                "memory_mb": 236.48046875,
                "cpu_percent": 75.4,
                "timestamp": 1778789367.784465
            },
            {
                "memory_mb": 236.4765625,
                "cpu_percent": 72.6,
                "timestamp": 1778789368.8314002
            },
            {
                "memory_mb": 236.484375,
                "cpu_percent": 33.3,
                "timestamp": 1778789369.8832726
            },
            {
                "memory_mb": 236.48046875,
                "cpu_percent": 77.4,
                "timestamp": 1778789370.9304094
            },
            {
                "memory_mb": 233.29296875,
                "cpu_percent": 75.4,
                "timestamp": 1778789371.977571
            },
            {
                "memory_mb": 233.2890625,
                "cpu_percent": 76.2,
                "timestamp": 1778789373.0269587
            },
            {
                "memory_mb": 233.296875,
                "cpu_percent": 53.2,
                "timestamp": 1778789374.0786743
            },
            {
                "memory_mb": 236.48828125,
                "cpu_percent": 58.3,
                "timestamp": 1778789375.125562
            },
            {
                "memory_mb": 236.48828125,
                "cpu_percent": 84.6,
                "timestamp": 1778789376.1772215
            },
            {
                "memory_mb": 236.48046875,
                "cpu_percent": 72.2,
                "timestamp": 1778789377.2295575
            },
            {
                "memory_mb": 236.4921875,
                "cpu_percent": 70.4,
                "timestamp": 1778789378.2805338
            },
            {
                "memory_mb": 236.4921875,
                "cpu_percent": 36.3,
                "timestamp": 1778789379.3281524
            },
            {
                "memory_mb": 236.49609375,
                "cpu_percent": 100.2,
                "timestamp": 1778789380.3760796
            },
            {
                "memory_mb": 233.55859375,
                "cpu_percent": 74.5,
                "timestamp": 1778789381.4229724
            },
            {
                "memory_mb": 233.5625,
                "cpu_percent": 77.3,
                "timestamp": 1778789382.470376
            },
            {
                "memory_mb": 236.4921875,
                "cpu_percent": 11.4,
                "timestamp": 1778789383.5198967
            },
            {
                "memory_mb": 236.4921875,
                "cpu_percent": 99.3,
                "timestamp": 1778789384.5676339
            },
            {
                "memory_mb": 236.4921875,
                "cpu_percent": 75.4,
                "timestamp": 1778789385.6151397
            },
            {
                "memory_mb": 236.48828125,
                "cpu_percent": 76.3,
                "timestamp": 1778789386.663094
            },
            {
                "memory_mb": 236.49609375,
                "cpu_percent": 33.3,
                "timestamp": 1778789387.7148888
            },
            {
                "memory_mb": 236.5,
                "cpu_percent": 78.3,
                "timestamp": 1778789388.7621503
            },
            {
                "memory_mb": 227.75,
                "cpu_percent": 74.5,
                "timestamp": 1778789389.8088741
            },
            {
                "memory_mb": 227.74609375,
                "cpu_percent": 76.3,
                "timestamp": 1778789390.8568947
            },
            {
                "memory_mb": 227.75390625,
                "cpu_percent": 59.0,
                "timestamp": 1778789391.9079802
            },
            {
                "memory_mb": 236.4921875,
                "cpu_percent": 52.5,
                "timestamp": 1778789392.9550822
            },
            {
                "memory_mb": 236.4921875,
                "cpu_percent": 92.3,
                "timestamp": 1778789394.006475
            },
            {
                "memory_mb": 236.484375,
                "cpu_percent": 72.2,
                "timestamp": 1778789395.0584981
            },
            {
                "memory_mb": 236.49609375,
                "cpu_percent": 72.3,
                "timestamp": 1778789396.1090386
            },
            {
                "memory_mb": 236.49609375,
                "cpu_percent": 24.8,
                "timestamp": 1778789397.156543
            },
            {
                "memory_mb": 236.5,
                "cpu_percent": 100.2,
                "timestamp": 1778789398.2044141
            },
            {
                "memory_mb": 232.453125,
                "cpu_percent": 74.5,
                "timestamp": 1778789399.2515812
            },
            {
                "memory_mb": 232.44921875,
                "cpu_percent": 76.3,
                "timestamp": 1778789400.2995658
            },
            {
                "memory_mb": 232.45703125,
                "cpu_percent": 18.1,
                "timestamp": 1778789401.3514082
            },
            {
                "memory_mb": 236.49609375,
                "cpu_percent": 93.5,
                "timestamp": 1778789402.3993943
            },
            {
                "memory_mb": 236.49609375,
                "cpu_percent": 74.5,
                "timestamp": 1778789403.4467485
            },
            {
                "memory_mb": 236.4921875,
                "cpu_percent": 77.2,
                "timestamp": 1778789404.4953287
            },
            {
                "memory_mb": 236.5,
                "cpu_percent": 40.8,
                "timestamp": 1778789405.5482101
            },
            {
                "memory_mb": 236.5,
                "cpu_percent": 69.7,
                "timestamp": 1778789406.5953605
            },
            {
                "memory_mb": 236.5,
                "cpu_percent": 75.1,
                "timestamp": 1778789407.6477215
            },
            {
                "memory_mb": 236.49609375,
                "cpu_percent": 77.3,
                "timestamp": 1778789408.695076
            },
            {
                "memory_mb": 236.50390625,
                "cpu_percent": 64.6,
                "timestamp": 1778789409.7471125
            },
            {
                "memory_mb": 236.5,
                "cpu_percent": 46.8,
                "timestamp": 1778789410.7946768
            },
            {
                "memory_mb": 227.75390625,
                "cpu_percent": 98.3,
                "timestamp": 1778789411.84262
            },
            {
                "memory_mb": 227.74609375,
                "cpu_percent": 72.6,
                "timestamp": 1778789412.889091
            },
            {
                "memory_mb": 227.7578125,
                "cpu_percent": 68.4,
                "timestamp": 1778789413.9414957
            },
            {
                "memory_mb": 236.49609375,
                "cpu_percent": 23.8,
                "timestamp": 1778789414.9919996
            },
            {
                "memory_mb": 236.49609375,
                "cpu_percent": 100.3,
                "timestamp": 1778789416.039361
            },
            {
                "memory_mb": 236.49609375,
                "cpu_percent": 75.4,
                "timestamp": 1778789417.0873442
            },
            {
                "memory_mb": 236.4921875,
                "cpu_percent": 77.3,
                "timestamp": 1778789418.1349456
            },
            {
                "memory_mb": 236.5,
                "cpu_percent": 13.3,
                "timestamp": 1778789419.1883855
            },
            {
                "memory_mb": 236.5,
                "cpu_percent": 97.4,
                "timestamp": 1778789420.235169
            },
            {
                "memory_mb": 236.5,
                "cpu_percent": 75.4,
                "timestamp": 1778789421.2827494
            },
            {
                "memory_mb": 236.49609375,
                "cpu_percent": 78.3,
                "timestamp": 1778789422.3304348
            },
            {
                "memory_mb": 236.50390625,
                "cpu_percent": 35.2,
                "timestamp": 1778789423.3820589
            },
            {
                "memory_mb": 236.5,
                "cpu_percent": 75.4,
                "timestamp": 1778789424.4293683
            },
            {
                "memory_mb": 236.50390625,
                "cpu_percent": 75.1,
                "timestamp": 1778789425.481888
            },
            {
                "memory_mb": 236.5,
                "cpu_percent": 77.3,
                "timestamp": 1778789426.530186
            },
            {
                "memory_mb": 236.5078125,
                "cpu_percent": 59.9,
                "timestamp": 1778789427.5826554
            },
            {
                "memory_mb": 236.51171875,
                "cpu_percent": 50.6,
                "timestamp": 1778789428.6299987
            },
            {
                "memory_mb": 236.51171875,
                "cpu_percent": 94.5,
                "timestamp": 1778789429.6778936
            },
            {
                "memory_mb": 236.50390625,
                "cpu_percent": 73.2,
                "timestamp": 1778789430.729789
            },
            {
                "memory_mb": 236.515625,
                "cpu_percent": 66.5,
                "timestamp": 1778789431.7823546
            },
            {
                "memory_mb": 236.515625,
                "cpu_percent": 28.6,
                "timestamp": 1778789432.8304238
            },
            {
                "memory_mb": 236.515625,
                "cpu_percent": 100.1,
                "timestamp": 1778789433.878992
            },
            {
                "memory_mb": 232.71484375,
                "cpu_percent": 75.4,
                "timestamp": 1778789434.926509
            },
            {
                "memory_mb": 232.7109375,
                "cpu_percent": 74.5,
                "timestamp": 1778789435.9733415
            },
            {
                "memory_mb": 236.51171875,
                "cpu_percent": 12.4,
                "timestamp": 1778789437.0246193
            },
            {
                "memory_mb": 236.5078125,
                "cpu_percent": 98.3,
                "timestamp": 1778789438.0721087
            },
            {
                "memory_mb": 236.5078125,
                "cpu_percent": 75.5,
                "timestamp": 1778789439.1188765
            },
            {
                "memory_mb": 236.50390625,
                "cpu_percent": 73.5,
                "timestamp": 1778789440.1669028
            },
            {
                "memory_mb": 236.51171875,
                "cpu_percent": 36.1,
                "timestamp": 1778789441.2198145
            },
            {
                "memory_mb": 236.5078125,
                "cpu_percent": 74.3,
                "timestamp": 1778789442.2702265
            },
            {
                "memory_mb": 227.765625,
                "cpu_percent": 75.4,
                "timestamp": 1778789443.3176286
            },
            {
                "memory_mb": 227.76171875,
                "cpu_percent": 75.4,
                "timestamp": 1778789444.3653922
            },
            {
                "memory_mb": 227.76953125,
                "cpu_percent": 57.1,
                "timestamp": 1778789445.4170866
            },
            {
                "memory_mb": 236.51171875,
                "cpu_percent": 54.4,
                "timestamp": 1778789446.465059
            },
            {
                "memory_mb": 236.515625,
                "cpu_percent": 94.2,
                "timestamp": 1778789447.5159483
            },
            {
                "memory_mb": 236.5078125,
                "cpu_percent": 69.4,
                "timestamp": 1778789448.567887
            },
            {
                "memory_mb": 236.51953125,
                "cpu_percent": 66.5,
                "timestamp": 1778789449.6201534
            },
            {
                "memory_mb": 236.51953125,
                "cpu_percent": 28.6,
                "timestamp": 1778789450.6679053
            },
            {
                "memory_mb": 236.51953125,
                "cpu_percent": 100.2,
                "timestamp": 1778789451.715428
            },
            {
                "memory_mb": 232.73828125,
                "cpu_percent": 74.4,
                "timestamp": 1778789452.7641764
            },
            {
                "memory_mb": 232.734375,
                "cpu_percent": 77.3,
                "timestamp": 1778789453.8122191
            },
            {
                "memory_mb": 236.51953125,
                "cpu_percent": 10.5,
                "timestamp": 1778789454.8641572
            },
            {
                "memory_mb": 236.51953125,
                "cpu_percent": 100.2,
                "timestamp": 1778789455.912308
            },
            {
                "memory_mb": 236.51953125,
                "cpu_percent": 74.5,
                "timestamp": 1778789456.9594455
            },
            {
                "memory_mb": 236.515625,
                "cpu_percent": 73.5,
                "timestamp": 1778789458.0070448
            },
            {
                "memory_mb": 236.5234375,
                "cpu_percent": 35.2,
                "timestamp": 1778789459.0591383
            },
            {
                "memory_mb": 236.515625,
                "cpu_percent": 75.5,
                "timestamp": 1778789460.105957
            },
            {
                "memory_mb": 230.6484375,
                "cpu_percent": 73.2,
                "timestamp": 1778789461.1574981
            },
            {
                "memory_mb": 230.64453125,
                "cpu_percent": 76.3,
                "timestamp": 1778789462.205738
            },
            {
                "memory_mb": 230.65234375,
                "cpu_percent": 61.8,
                "timestamp": 1778789463.2574553
            },
            {
                "memory_mb": 236.51953125,
                "cpu_percent": 48.7,
                "timestamp": 1778789464.3053725
            },
            {
                "memory_mb": 236.51953125,
                "cpu_percent": 94.4,
                "timestamp": 1778789465.3541067
            },
            {
                "memory_mb": 236.51171875,
                "cpu_percent": 65.6,
                "timestamp": 1778789466.4057796
            },
            {
                "memory_mb": 236.5234375,
                "cpu_percent": 66.5,
                "timestamp": 1778789467.4580457
            },
            {
                "memory_mb": 233.5859375,
                "cpu_percent": 31.5,
                "timestamp": 1778789468.5052638
            },
            {
                "memory_mb": 233.58984375,
                "cpu_percent": 100.2,
                "timestamp": 1778789469.552786
            },
            {
                "memory_mb": 233.58984375,
                "cpu_percent": 74.5,
                "timestamp": 1778789470.6001418
            },
            {
                "memory_mb": 233.5859375,
                "cpu_percent": 75.4,
                "timestamp": 1778789471.6475973
            },
            {
                "memory_mb": 236.50390625,
                "cpu_percent": 11.4,
                "timestamp": 1778789472.6992562
            },
            {
                "memory_mb": 236.50390625,
                "cpu_percent": 100.3,
                "timestamp": 1778789473.7464142
            },
            {
                "memory_mb": 236.50390625,
                "cpu_percent": 74.4,
                "timestamp": 1778789474.7943542
            },
            {
                "memory_mb": 236.5,
                "cpu_percent": 77.3,
                "timestamp": 1778789475.8421674
            },
            {
                "memory_mb": 236.5078125,
                "cpu_percent": 27.6,
                "timestamp": 1778789476.8943832
            },
            {
                "memory_mb": 236.5234375,
                "cpu_percent": 83.1,
                "timestamp": 1778789477.9412415
            },
            {
                "memory_mb": 236.5234375,
                "cpu_percent": 75.3,
                "timestamp": 1778789478.989967
            },
            {
                "memory_mb": 236.51953125,
                "cpu_percent": 70.6,
                "timestamp": 1778789480.038206
            },
            {
                "memory_mb": 236.52734375,
                "cpu_percent": 52.3,
                "timestamp": 1778789481.090652
            },
            {
                "memory_mb": 232.95703125,
                "cpu_percent": 62.0,
                "timestamp": 1778789482.1386511
            },
            {
                "memory_mb": 227.77734375,
                "cpu_percent": 83.7,
                "timestamp": 1778789483.1896806
            },
            {
                "memory_mb": 227.76953125,
                "cpu_percent": 70.4,
                "timestamp": 1778789484.2410238
            },
            {
                "memory_mb": 227.78125,
                "cpu_percent": 67.5,
                "timestamp": 1778789485.293122
            },
            {
                "memory_mb": 236.5078125,
                "cpu_percent": 39.1,
                "timestamp": 1778789486.3404973
            },
            {
                "memory_mb": 236.5078125,
                "cpu_percent": 100.3,
                "timestamp": 1778789487.3873756
            },
            {
                "memory_mb": 236.5,
                "cpu_percent": 73.5,
                "timestamp": 1778789488.435147
            },
            {
                "memory_mb": 236.51171875,
                "cpu_percent": 71.6,
                "timestamp": 1778789489.483132
            },
            {
                "memory_mb": 236.52734375,
                "cpu_percent": 12.4,
                "timestamp": 1778789490.5308511
            },
            {
                "memory_mb": 236.52734375,
                "cpu_percent": 100.2,
                "timestamp": 1778789491.5788174
            },
            {
                "memory_mb": 236.52734375,
                "cpu_percent": 73.5,
                "timestamp": 1778789492.6265724
            },
            {
                "memory_mb": 236.5234375,
                "cpu_percent": 70.7,
                "timestamp": 1778789493.673383
            },
            {
                "memory_mb": 236.53125,
                "cpu_percent": 28.5,
                "timestamp": 1778789494.7249758
            },
            {
                "memory_mb": 236.52734375,
                "cpu_percent": 85.0,
                "timestamp": 1778789495.7726414
            },
            {
                "memory_mb": 234.34375,
                "cpu_percent": 75.4,
                "timestamp": 1778789496.8201056
            },
            {
                "memory_mb": 234.33984375,
                "cpu_percent": 73.5,
                "timestamp": 1778789497.8682492
            },
            {
                "memory_mb": 234.34765625,
                "cpu_percent": 48.6,
                "timestamp": 1778789498.9183564
            },
            {
                "memory_mb": 236.51171875,
                "cpu_percent": 62.1,
                "timestamp": 1778789499.9658127
            },
            {
                "memory_mb": 236.51171875,
                "cpu_percent": 84.5,
                "timestamp": 1778789501.0185328
            },
            {
                "memory_mb": 236.50390625,
                "cpu_percent": 66.5,
                "timestamp": 1778789502.070935
            },
            {
                "memory_mb": 236.515625,
                "cpu_percent": 67.5,
                "timestamp": 1778789503.1233194
            },
            {
                "memory_mb": 233.203125,
                "cpu_percent": 43.8,
                "timestamp": 1778789504.173284
            },
            {
                "memory_mb": 227.77734375,
                "cpu_percent": 99.2,
                "timestamp": 1778789505.2213635
            },
            {
                "memory_mb": 227.76953125,
                "cpu_percent": 67.6,
                "timestamp": 1778789506.2717335
            },
            {
                "memory_mb": 227.78125,
                "cpu_percent": 66.5,
                "timestamp": 1778789507.324268
            },
            {
                "memory_mb": 227.7734375,
                "cpu_percent": 24.8,
                "timestamp": 1778789508.3713706
            },
            {
                "memory_mb": 227.77734375,
                "cpu_percent": 100.2,
                "timestamp": 1778789509.4192696
            },
            {
                "memory_mb": 227.77734375,
                "cpu_percent": 73.4,
                "timestamp": 1778789510.4680915
            },
            {
                "memory_mb": 227.7734375,
                "cpu_percent": 76.4,
                "timestamp": 1778789511.514931
            },
            {
                "memory_mb": 227.78515625,
                "cpu_percent": 19.0,
                "timestamp": 1778789512.566651
            },
            {
                "memory_mb": 236.5234375,
                "cpu_percent": 92.6,
                "timestamp": 1778789513.6137526
            },
            {
                "memory_mb": 236.5234375,
                "cpu_percent": 73.5,
                "timestamp": 1778789514.661288
            },
            {
                "memory_mb": 236.51953125,
                "cpu_percent": 77.3,
                "timestamp": 1778789515.7089272
            },
            {
                "memory_mb": 236.52734375,
                "cpu_percent": 39.9,
                "timestamp": 1778789516.760961
            },
            {
                "memory_mb": 233.59375,
                "cpu_percent": 72.6,
                "timestamp": 1778789517.8075318
            },
            {
                "memory_mb": 231.0390625,
                "cpu_percent": 74.1,
                "timestamp": 1778789518.8597248
            },
            {
                "memory_mb": 231.03515625,
                "cpu_percent": 75.4,
                "timestamp": 1778789519.9074442
            },
            {
                "memory_mb": 231.04296875,
                "cpu_percent": 60.9,
                "timestamp": 1778789520.9588056
            },
            {
                "memory_mb": 228.08203125,
                "cpu_percent": 53.5,
                "timestamp": 1778789522.0060382
            },
            {
                "memory_mb": 228.08984375,
                "cpu_percent": 93.2,
                "timestamp": 1778789523.05722
            },
            {
                "memory_mb": 228.08203125,
                "cpu_percent": 70.3,
                "timestamp": 1778789524.1091113
            },
            {
                "memory_mb": 228.09375,
                "cpu_percent": 67.5,
                "timestamp": 1778789525.1608741
            },
            {
                "memory_mb": 236.52734375,
                "cpu_percent": 29.6,
                "timestamp": 1778789526.2086625
            },
            {
                "memory_mb": 236.52734375,
                "cpu_percent": 99.0,
                "timestamp": 1778789527.259673
            },
            {
                "memory_mb": 236.52734375,
                "cpu_percent": 75.5,
                "timestamp": 1778789528.3065898
            },
            {
                "memory_mb": 236.5234375,
                "cpu_percent": 71.5,
                "timestamp": 1778789529.3552186
            },
            {
                "memory_mb": 233.59765625,
                "cpu_percent": 16.2,
                "timestamp": 1778789530.4064739
            },
            {
                "memory_mb": 233.59765625,
                "cpu_percent": 97.3,
                "timestamp": 1778789531.4550612
            },
            {
                "memory_mb": 233.59765625,
                "cpu_percent": 74.3,
                "timestamp": 1778789532.505417
            },
            {
                "memory_mb": 233.59375,
                "cpu_percent": 71.6,
                "timestamp": 1778789533.552711
            },
            {
                "memory_mb": 233.6015625,
                "cpu_percent": 32.3,
                "timestamp": 1778789534.6052217
            },
            {
                "memory_mb": 230.46484375,
                "cpu_percent": 81.2,
                "timestamp": 1778789535.6525624
            },
            {
                "memory_mb": 227.8046875,
                "cpu_percent": 75.4,
                "timestamp": 1778789536.70047
            },
            {
                "memory_mb": 227.80078125,
                "cpu_percent": 70.6,
                "timestamp": 1778789537.748716
            },
            {
                "memory_mb": 227.80859375,
                "cpu_percent": 53.3,
                "timestamp": 1778789538.8002121
            },
            {
                "memory_mb": 227.80078125,
                "cpu_percent": 59.2,
                "timestamp": 1778789539.8475394
            },
            {
                "memory_mb": 227.8046875,
                "cpu_percent": 84.6,
                "timestamp": 1778789540.8999522
            },
            {
                "memory_mb": 227.796875,
                "cpu_percent": 68.4,
                "timestamp": 1778789541.951866
            },
            {
                "memory_mb": 227.80859375,
                "cpu_percent": 67.5,
                "timestamp": 1778789543.0040178
            },
            {
                "memory_mb": 236.5390625,
                "cpu_percent": 40.1,
                "timestamp": 1778789544.0519645
            },
            {
                "memory_mb": 236.5390625,
                "cpu_percent": 99.1,
                "timestamp": 1778789544.919534
            }
        ]
    }
}
