{
    "active_periods": [
        {
            "start": 1777216486.462176,
            "end": 1777216789.150833,
            "duration_sec": 302.6886568069458,
            "tasks_completed": 120,
            "throughput_tps": 0.39644696721005884
        }
    ],
    "history": [
        {
            "timestamp": 1777216486.462176,
            "messages": 0,
            "ack": 88559
        },
        {
            "timestamp": 1777216491.469901,
            "messages": 0,
            "ack": 88559
        },
        {
            "timestamp": 1777216496.477103,
            "messages": 0,
            "ack": 88563
        },
        {
            "timestamp": 1777216501.482744,
            "messages": 0,
            "ack": 88563
        },
        {
            "timestamp": 1777216506.48845,
            "messages": 0,
            "ack": 88567
        },
        {
            "timestamp": 1777216511.495013,
            "messages": 0,
            "ack": 88567
        },
        {
            "timestamp": 1777216516.501045,
            "messages": 0,
            "ack": 88571
        },
        {
            "timestamp": 1777216521.507883,
            "messages": 0,
            "ack": 88571
        },
        {
            "timestamp": 1777216526.513251,
            "messages": 0,
            "ack": 88575
        },
        {
            "timestamp": 1777216531.520811,
            "messages": 0,
            "ack": 88575
        },
        {
            "timestamp": 1777216536.526827,
            "messages": 0,
            "ack": 88579
        },
        {
            "timestamp": 1777216541.534408,
            "messages": 0,
            "ack": 88579
        },
        {
            "timestamp": 1777216546.541741,
            "messages": 0,
            "ack": 88583
        },
        {
            "timestamp": 1777216551.548329,
            "messages": 0,
            "ack": 88583
        },
        {
            "timestamp": 1777216556.555239,
            "messages": 0,
            "ack": 88587
        },
        {
            "timestamp": 1777216561.561539,
            "messages": 0,
            "ack": 88587
        },
        {
            "timestamp": 1777216566.567174,
            "messages": 0,
            "ack": 88591
        },
        {
            "timestamp": 1777216571.572809,
            "messages": 0,
            "ack": 88591
        },
        {
            "timestamp": 1777216576.578979,
            "messages": 0,
            "ack": 88595
        },
        {
            "timestamp": 1777216581.587103,
            "messages": 0,
            "ack": 88595
        },
        {
            "timestamp": 1777216586.59433,
            "messages": 0,
            "ack": 88599
        },
        {
            "timestamp": 1777216591.599943,
            "messages": 0,
            "ack": 88599
        },
        {
            "timestamp": 1777216596.605349,
            "messages": 0,
            "ack": 88603
        },
        {
            "timestamp": 1777216601.611489,
            "messages": 0,
            "ack": 88603
        },
        {
            "timestamp": 1777216606.616875,
            "messages": 0,
            "ack": 88607
        },
        {
            "timestamp": 1777216611.622222,
            "messages": 0,
            "ack": 88607
        },
        {
            "timestamp": 1777216616.62718,
            "messages": 0,
            "ack": 88611
        },
        {
            "timestamp": 1777216621.633686,
            "messages": 0,
            "ack": 88611
        },
        {
            "timestamp": 1777216626.639139,
            "messages": 0,
            "ack": 88615
        },
        {
            "timestamp": 1777216631.645517,
            "messages": 0,
            "ack": 88615
        },
        {
            "timestamp": 1777216636.651054,
            "messages": 0,
            "ack": 88619
        },
        {
            "timestamp": 1777216641.656918,
            "messages": 0,
            "ack": 88619
        },
        {
            "timestamp": 1777216646.663136,
            "messages": 0,
            "ack": 88623
        },
        {
            "timestamp": 1777216651.668954,
            "messages": 0,
            "ack": 88623
        },
        {
            "timestamp": 1777216656.675034,
            "messages": 0,
            "ack": 88627
        },
        {
            "timestamp": 1777216661.680276,
            "messages": 0,
            "ack": 88627
        },
        {
            "timestamp": 1777216666.685117,
            "messages": 0,
            "ack": 88631
        },
        {
            "timestamp": 1777216671.690508,
            "messages": 0,
            "ack": 88631
        },
        {
            "timestamp": 1777216676.697835,
            "messages": 0,
            "ack": 88635
        },
        {
            "timestamp": 1777216681.704354,
            "messages": 0,
            "ack": 88635
        },
        {
            "timestamp": 1777216686.709243,
            "messages": 0,
            "ack": 88639
        },
        {
            "timestamp": 1777216691.715694,
            "messages": 0,
            "ack": 88639
        },
        {
            "timestamp": 1777216696.722104,
            "messages": 0,
            "ack": 88643
        },
        {
            "timestamp": 1777216701.728825,
            "messages": 0,
            "ack": 88643
        },
        {
            "timestamp": 1777216706.735189,
            "messages": 0,
            "ack": 88647
        },
        {
            "timestamp": 1777216711.740335,
            "messages": 0,
            "ack": 88647
        },
        {
            "timestamp": 1777216716.746744,
            "messages": 0,
            "ack": 88651
        },
        {
            "timestamp": 1777216721.752832,
            "messages": 0,
            "ack": 88651
        },
        {
            "timestamp": 1777216726.758292,
            "messages": 0,
            "ack": 88655
        },
        {
            "timestamp": 1777216731.763695,
            "messages": 0,
            "ack": 88655
        },
        {
            "timestamp": 1777216736.769664,
            "messages": 0,
            "ack": 88659
        },
        {
            "timestamp": 1777216741.776307,
            "messages": 0,
            "ack": 88659
        },
        {
            "timestamp": 1777216746.782237,
            "messages": 0,
            "ack": 88663
        },
        {
            "timestamp": 1777216751.789657,
            "messages": 0,
            "ack": 88663
        },
        {
            "timestamp": 1777216756.796814,
            "messages": 0,
            "ack": 88667
        },
        {
            "timestamp": 1777216761.804206,
            "messages": 0,
            "ack": 88667
        },
        {
            "timestamp": 1777216766.810861,
            "messages": 0,
            "ack": 88671
        },
        {
            "timestamp": 1777216771.817344,
            "messages": 0,
            "ack": 88671
        },
        {
            "timestamp": 1777216776.822996,
            "messages": 0,
            "ack": 88675
        },
        {
            "timestamp": 1777216781.829838,
            "messages": 0,
            "ack": 88675
        },
        {
            "timestamp": 1777216786.835526,
            "messages": 0,
            "ack": 88679
        },
        {
            "timestamp": 1777216789.135655,
            "messages": 0,
            "ack": 88679
        }
    ]
}