{
    "263308": {
        "ppid": "254983",
        "name": "celery",
        "cmdline": "/home/experimenter/projects/celery-autoscale/.venv/bin/python3 /home/experimenter/projects/celery-autoscale/.venv/bin/celery -A celery_app worker --loglevel=INFO --concurrency=2 --pool=gevent",
        "create_time": "2026-05-14T17:13:23.440000",
        "last_update": "2026-05-14T17:18:26.351891",
        "voluntary_ctxt_switches": 2725,
        "nonvoluntary_ctxt_switches": 3008,
        "jiffies": 11535,
        "stats": [
            {
                "memory_mb": 48.25390625,
                "cpu_percent": 0.0,
                "timestamp": 1778768004.5065634
            },
            {
                "memory_mb": 48.73046875,
                "cpu_percent": 36.2,
                "timestamp": 1778768005.5563867
            },
            {
                "memory_mb": 48.75390625,
                "cpu_percent": 28.5,
                "timestamp": 1778768006.6096697
            },
            {
                "memory_mb": 48.7578125,
                "cpu_percent": 66.5,
                "timestamp": 1778768007.662898
            },
            {
                "memory_mb": 94.81640625,
                "cpu_percent": 6.6,
                "timestamp": 1778768008.717019
            },
            {
                "memory_mb": 140.19140625,
                "cpu_percent": 61.8,
                "timestamp": 1778768009.7690842
            },
            {
                "memory_mb": 140.1875,
                "cpu_percent": 69.5,
                "timestamp": 1778768010.8194587
            },
            {
                "memory_mb": 139.41796875,
                "cpu_percent": 11.4,
                "timestamp": 1778768011.8744717
            },
            {
                "memory_mb": 139.421875,
                "cpu_percent": 65.5,
                "timestamp": 1778768012.9283786
            },
            {
                "memory_mb": 140.83203125,
                "cpu_percent": 3.8,
                "timestamp": 1778768013.983136
            },
            {
                "memory_mb": 138.77734375,
                "cpu_percent": 2.8,
                "timestamp": 1778768015.036498
            },
            {
                "memory_mb": 138.7734375,
                "cpu_percent": 71.2,
                "timestamp": 1778768016.0900738
            },
            {
                "memory_mb": 140.8359375,
                "cpu_percent": 4.7,
                "timestamp": 1778768017.1441567
            },
            {
                "memory_mb": 140.8359375,
                "cpu_percent": 66.4,
                "timestamp": 1778768018.197677
            },
            {
                "memory_mb": 131.2578125,
                "cpu_percent": 65.5,
                "timestamp": 1778768019.2509704
            },
            {
                "memory_mb": 131.26171875,
                "cpu_percent": 14.3,
                "timestamp": 1778768020.3016145
            },
            {
                "memory_mb": 131.26171875,
                "cpu_percent": 54.1,
                "timestamp": 1778768021.354656
            },
            {
                "memory_mb": 140.83984375,
                "cpu_percent": 3.8,
                "timestamp": 1778768022.4086573
            },
            {
                "memory_mb": 138.77734375,
                "cpu_percent": 28.6,
                "timestamp": 1778768023.458017
            },
            {
                "memory_mb": 138.78125,
                "cpu_percent": 44.6,
                "timestamp": 1778768024.5120296
            },
            {
                "memory_mb": 140.8359375,
                "cpu_percent": 40.0,
                "timestamp": 1778768025.5613918
            },
            {
                "memory_mb": 140.8359375,
                "cpu_percent": 69.5,
                "timestamp": 1778768026.6111631
            },
            {
                "memory_mb": 138.8515625,
                "cpu_percent": 24.6,
                "timestamp": 1778768027.6661246
            },
            {
                "memory_mb": 138.85546875,
                "cpu_percent": 52.4,
                "timestamp": 1778768028.7150846
            },
            {
                "memory_mb": 140.83984375,
                "cpu_percent": 17.1,
                "timestamp": 1778768029.7682493
            },
            {
                "memory_mb": 112.2734375,
                "cpu_percent": 2.8,
                "timestamp": 1778768030.821833
            },
            {
                "memory_mb": 112.2734375,
                "cpu_percent": 65.7,
                "timestamp": 1778768031.872664
            },
            {
                "memory_mb": 122.41796875,
                "cpu_percent": 10.4,
                "timestamp": 1778768032.926869
            },
            {
                "memory_mb": 140.8359375,
                "cpu_percent": 69.2,
                "timestamp": 1778768033.9816353
            },
            {
                "memory_mb": 138.78125,
                "cpu_percent": 65.5,
                "timestamp": 1778768035.0350633
            },
            {
                "memory_mb": 138.77734375,
                "cpu_percent": 0.9,
                "timestamp": 1778768036.088794
            },
            {
                "memory_mb": 138.78515625,
                "cpu_percent": 65.5,
                "timestamp": 1778768037.1418693
            },
            {
                "memory_mb": 140.83984375,
                "cpu_percent": 3.8,
                "timestamp": 1778768038.1960087
            },
            {
                "memory_mb": 138.8515625,
                "cpu_percent": 8.6,
                "timestamp": 1778768039.2460766
            },
            {
                "memory_mb": 138.85546875,
                "cpu_percent": 65.5,
                "timestamp": 1778768040.2993195
            },
            {
                "memory_mb": 140.83984375,
                "cpu_percent": 19.1,
                "timestamp": 1778768041.3488128
            },
            {
                "memory_mb": 140.83984375,
                "cpu_percent": 77.1,
                "timestamp": 1778768042.3989701
            },
            {
                "memory_mb": 138.78125,
                "cpu_percent": 47.4,
                "timestamp": 1778768043.454282
            },
            {
                "memory_mb": 138.78515625,
                "cpu_percent": 31.5,
                "timestamp": 1778768044.5034592
            },
            {
                "memory_mb": 138.78515625,
                "cpu_percent": 38.9,
                "timestamp": 1778768045.5574307
            },
            {
                "memory_mb": 138.8515625,
                "cpu_percent": 3.8,
                "timestamp": 1778768046.6128132
            },
            {
                "memory_mb": 138.8515625,
                "cpu_percent": 45.8,
                "timestamp": 1778768047.66166
            },
            {
                "memory_mb": 138.85546875,
                "cpu_percent": 26.6,
                "timestamp": 1778768048.7156374
            },
            {
                "memory_mb": 140.83984375,
                "cpu_percent": 57.2,
                "timestamp": 1778768049.764969
            },
            {
                "memory_mb": 140.83984375,
                "cpu_percent": 70.4,
                "timestamp": 1778768050.8158064
            },
            {
                "memory_mb": 138.78125,
                "cpu_percent": 7.6,
                "timestamp": 1778768051.8695638
            },
            {
                "memory_mb": 138.78515625,
                "cpu_percent": 66.7,
                "timestamp": 1778768052.9191747
            },
            {
                "memory_mb": 140.83984375,
                "cpu_percent": 3.8,
                "timestamp": 1778768053.972847
            },
            {
                "memory_mb": 138.8515625,
                "cpu_percent": 1.9,
                "timestamp": 1778768055.0252132
            },
            {
                "memory_mb": 138.84765625,
                "cpu_percent": 70.2,
                "timestamp": 1778768056.0786555
            },
            {
                "memory_mb": 140.84375,
                "cpu_percent": 4.7,
                "timestamp": 1778768057.1324482
            },
            {
                "memory_mb": 140.84375,
                "cpu_percent": 67.4,
                "timestamp": 1778768058.1862125
            },
            {
                "memory_mb": 138.78125,
                "cpu_percent": 71.2,
                "timestamp": 1778768059.2399256
            },
            {
                "memory_mb": 138.78515625,
                "cpu_percent": 10.5,
                "timestamp": 1778768060.2890563
            },
            {
                "memory_mb": 138.78515625,
                "cpu_percent": 59.8,
                "timestamp": 1778768061.343081
            },
            {
                "memory_mb": 140.84765625,
                "cpu_percent": 2.8,
                "timestamp": 1778768062.3967073
            },
            {
                "memory_mb": 138.8515625,
                "cpu_percent": 26.7,
                "timestamp": 1778768063.4464345
            },
            {
                "memory_mb": 138.85546875,
                "cpu_percent": 47.4,
                "timestamp": 1778768064.5010893
            },
            {
                "memory_mb": 140.84375,
                "cpu_percent": 37.2,
                "timestamp": 1778768065.5505571
            },
            {
                "memory_mb": 140.84375,
                "cpu_percent": 69.6,
                "timestamp": 1778768066.5996544
            },
            {
                "memory_mb": 138.78515625,
                "cpu_percent": 26.6,
                "timestamp": 1778768067.653349
            },
            {
                "memory_mb": 138.7890625,
                "cpu_percent": 50.5,
                "timestamp": 1778768068.7028153
            },
            {
                "memory_mb": 140.84375,
                "cpu_percent": 21.8,
                "timestamp": 1778768069.7569072
            },
            {
                "memory_mb": 138.859375,
                "cpu_percent": 3.8,
                "timestamp": 1778768070.81048
            },
            {
                "memory_mb": 138.859375,
                "cpu_percent": 63.8,
                "timestamp": 1778768071.8598762
            },
            {
                "memory_mb": 138.86328125,
                "cpu_percent": 8.5,
                "timestamp": 1778768072.9139962
            },
            {
                "memory_mb": 140.83984375,
                "cpu_percent": 65.5,
                "timestamp": 1778768073.9675472
            },
            {
                "memory_mb": 138.78515625,
                "cpu_percent": 69.3,
                "timestamp": 1778768075.0214784
            },
            {
                "memory_mb": 138.78125,
                "cpu_percent": 0.0,
                "timestamp": 1778768076.0756288
            },
            {
                "memory_mb": 138.7890625,
                "cpu_percent": 65.6,
                "timestamp": 1778768077.1277385
            },
            {
                "memory_mb": 140.83984375,
                "cpu_percent": 3.8,
                "timestamp": 1778768078.1817493
            },
            {
                "memory_mb": 138.85546875,
                "cpu_percent": 5.7,
                "timestamp": 1778768079.2313824
            },
            {
                "memory_mb": 138.859375,
                "cpu_percent": 67.2,
                "timestamp": 1778768080.287963
            },
            {
                "memory_mb": 140.84765625,
                "cpu_percent": 17.1,
                "timestamp": 1778768081.3385732
            },
            {
                "memory_mb": 140.84765625,
                "cpu_percent": 69.5,
                "timestamp": 1778768082.3883898
            },
            {
                "memory_mb": 138.78515625,
                "cpu_percent": 50.3,
                "timestamp": 1778768083.4418654
            },
            {
                "memory_mb": 138.7890625,
                "cpu_percent": 28.5,
                "timestamp": 1778768084.4942539
            },
            {
                "memory_mb": 138.7890625,
                "cpu_percent": 38.9,
                "timestamp": 1778768085.5489287
            },
            {
                "memory_mb": 138.859375,
                "cpu_percent": 3.8,
                "timestamp": 1778768086.597866
            },
            {
                "memory_mb": 138.859375,
                "cpu_percent": 42.9,
                "timestamp": 1778768087.647346
            },
            {
                "memory_mb": 138.86328125,
                "cpu_percent": 31.2,
                "timestamp": 1778768088.7055957
            },
            {
                "memory_mb": 140.84765625,
                "cpu_percent": 56.2,
                "timestamp": 1778768089.7559319
            },
            {
                "memory_mb": 140.8515625,
                "cpu_percent": 69.6,
                "timestamp": 1778768090.805406
            },
            {
                "memory_mb": 138.7890625,
                "cpu_percent": 7.6,
                "timestamp": 1778768091.8589559
            },
            {
                "memory_mb": 138.79296875,
                "cpu_percent": 65.7,
                "timestamp": 1778768092.9084759
            },
            {
                "memory_mb": 140.84765625,
                "cpu_percent": 3.8,
                "timestamp": 1778768093.9627764
            },
            {
                "memory_mb": 138.86328125,
                "cpu_percent": 1.9,
                "timestamp": 1778768095.0162182
            },
            {
                "memory_mb": 138.859375,
                "cpu_percent": 70.2,
                "timestamp": 1778768096.0701501
            },
            {
                "memory_mb": 138.8671875,
                "cpu_percent": 4.7,
                "timestamp": 1778768097.1239426
            },
            {
                "memory_mb": 140.84375,
                "cpu_percent": 67.4,
                "timestamp": 1778768098.1778557
            },
            {
                "memory_mb": 138.7890625,
                "cpu_percent": 66.4,
                "timestamp": 1778768099.2320669
            },
            {
                "memory_mb": 138.79296875,
                "cpu_percent": 6.7,
                "timestamp": 1778768100.2814324
            },
            {
                "memory_mb": 138.79296875,
                "cpu_percent": 59.8,
                "timestamp": 1778768101.3346667
            },
            {
                "memory_mb": 140.8515625,
                "cpu_percent": 3.8,
                "timestamp": 1778768102.3877165
            },
            {
                "memory_mb": 138.86328125,
                "cpu_percent": 23.8,
                "timestamp": 1778768103.437387
            },
            {
                "memory_mb": 138.8671875,
                "cpu_percent": 46.6,
                "timestamp": 1778768104.4898458
            },
            {
                "memory_mb": 140.84765625,
                "cpu_percent": 34.3,
                "timestamp": 1778768105.540498
            },
            {
                "memory_mb": 140.84765625,
                "cpu_percent": 74.4,
                "timestamp": 1778768106.5890136
            },
            {
                "memory_mb": 138.7890625,
                "cpu_percent": 32.2,
                "timestamp": 1778768107.643577
            },
            {
                "memory_mb": 138.79296875,
                "cpu_percent": 47.6,
                "timestamp": 1778768108.6928678
            },
            {
                "memory_mb": 138.79296875,
                "cpu_percent": 24.7,
                "timestamp": 1778768109.7457078
            },
            {
                "memory_mb": 138.86328125,
                "cpu_percent": 3.8,
                "timestamp": 1778768110.800415
            },
            {
                "memory_mb": 138.86328125,
                "cpu_percent": 61.0,
                "timestamp": 1778768111.8498487
            },
            {
                "memory_mb": 138.8671875,
                "cpu_percent": 12.3,
                "timestamp": 1778768112.9029884
            },
            {
                "memory_mb": 140.84765625,
                "cpu_percent": 71.4,
                "timestamp": 1778768113.9536726
            },
            {
                "memory_mb": 138.79296875,
                "cpu_percent": 66.4,
                "timestamp": 1778768115.0075052
            },
            {
                "memory_mb": 138.7890625,
                "cpu_percent": 0.0,
                "timestamp": 1778768116.0571172
            },
            {
                "memory_mb": 138.796875,
                "cpu_percent": 66.5,
                "timestamp": 1778768117.109842
            },
            {
                "memory_mb": 140.84765625,
                "cpu_percent": 2.8,
                "timestamp": 1778768118.164592
            },
            {
                "memory_mb": 138.86328125,
                "cpu_percent": 3.8,
                "timestamp": 1778768119.2184281
            },
            {
                "memory_mb": 138.8671875,
                "cpu_percent": 66.5,
                "timestamp": 1778768120.2717767
            },
            {
                "memory_mb": 140.8515625,
                "cpu_percent": 14.3,
                "timestamp": 1778768121.3230045
            },
            {
                "memory_mb": 140.859375,
                "cpu_percent": 73.4,
                "timestamp": 1778768122.3717709
            },
            {
                "memory_mb": 138.80078125,
                "cpu_percent": 54.1,
                "timestamp": 1778768123.4253128
            },
            {
                "memory_mb": 138.8046875,
                "cpu_percent": 25.7,
                "timestamp": 1778768124.4747233
            },
            {
                "memory_mb": 138.8046875,
                "cpu_percent": 41.8,
                "timestamp": 1778768125.528015
            },
            {
                "memory_mb": 138.875,
                "cpu_percent": 4.8,
                "timestamp": 1778768126.5783827
            },
            {
                "memory_mb": 138.875,
                "cpu_percent": 40.5,
                "timestamp": 1778768127.640237
            },
            {
                "memory_mb": 138.87890625,
                "cpu_percent": 45.7,
                "timestamp": 1778768128.6909897
            },
            {
                "memory_mb": 140.859375,
                "cpu_percent": 51.5,
                "timestamp": 1778768129.740319
            },
            {
                "memory_mb": 140.859375,
                "cpu_percent": 73.3,
                "timestamp": 1778768130.8042743
            },
            {
                "memory_mb": 132.44921875,
                "cpu_percent": 25.6,
                "timestamp": 1778768131.8599865
            },
            {
                "memory_mb": 132.453125,
                "cpu_percent": 67.2,
                "timestamp": 1778768132.9322166
            },
            {
                "memory_mb": 140.8671875,
                "cpu_percent": 18.8,
                "timestamp": 1778768133.9940727
            },
            {
                "memory_mb": 138.8046875,
                "cpu_percent": 3.8,
                "timestamp": 1778768135.0606673
            },
            {
                "memory_mb": 138.80078125,
                "cpu_percent": 80.7,
                "timestamp": 1778768136.1263855
            },
            {
                "memory_mb": 140.8671875,
                "cpu_percent": 4.7,
                "timestamp": 1778768137.1980078
            },
            {
                "memory_mb": 140.8671875,
                "cpu_percent": 92.6,
                "timestamp": 1778768138.266683
            },
            {
                "memory_mb": 138.87890625,
                "cpu_percent": 79.8,
                "timestamp": 1778768139.332296
            },
            {
                "memory_mb": 138.8828125,
                "cpu_percent": 17.6,
                "timestamp": 1778768140.4088087
            },
            {
                "memory_mb": 138.8828125,
                "cpu_percent": 72.0,
                "timestamp": 1778768141.4780483
            },
            {
                "memory_mb": 140.87109375,
                "cpu_percent": 2.8,
                "timestamp": 1778768142.5354748
            },
            {
                "memory_mb": 132.453125,
                "cpu_percent": 38.0,
                "timestamp": 1778768143.5880487
            },
            {
                "memory_mb": 132.45703125,
                "cpu_percent": 36.0,
                "timestamp": 1778768144.6434617
            },
            {
                "memory_mb": 140.87109375,
                "cpu_percent": 46.6,
                "timestamp": 1778768145.6947958
            },
            {
                "memory_mb": 140.87109375,
                "cpu_percent": 73.2,
                "timestamp": 1778768146.7463868
            },
            {
                "memory_mb": 138.80859375,
                "cpu_percent": 20.0,
                "timestamp": 1778768147.7974048
            },
            {
                "memory_mb": 138.8125,
                "cpu_percent": 60.9,
                "timestamp": 1778768148.8486917
            },
            {
                "memory_mb": 140.8671875,
                "cpu_percent": 13.3,
                "timestamp": 1778768149.9003103
            },
            {
                "memory_mb": 132.453125,
                "cpu_percent": 2.9,
                "timestamp": 1778768150.9527442
            },
            {
                "memory_mb": 132.44921875,
                "cpu_percent": 64.4,
                "timestamp": 1778768152.0082963
            },
            {
                "memory_mb": 132.45703125,
                "cpu_percent": 3.8,
                "timestamp": 1778768153.0660665
            },
            {
                "memory_mb": 140.86328125,
                "cpu_percent": 69.2,
                "timestamp": 1778768154.1210032
            },
            {
                "memory_mb": 138.80859375,
                "cpu_percent": 69.0,
                "timestamp": 1778768155.1786907
            },
            {
                "memory_mb": 138.8125,
                "cpu_percent": 1.9,
                "timestamp": 1778768156.2366486
            },
            {
                "memory_mb": 138.8125,
                "cpu_percent": 67.3,
                "timestamp": 1778768157.2918544
            },
            {
                "memory_mb": 140.8671875,
                "cpu_percent": 2.8,
                "timestamp": 1778768158.3475678
            },
            {
                "memory_mb": 138.87890625,
                "cpu_percent": 20.8,
                "timestamp": 1778768159.4032662
            },
            {
                "memory_mb": 138.8828125,
                "cpu_percent": 55.9,
                "timestamp": 1778768160.4579914
            },
            {
                "memory_mb": 140.8671875,
                "cpu_percent": 29.5,
                "timestamp": 1778768161.5097795
            },
            {
                "memory_mb": 140.8671875,
                "cpu_percent": 71.3,
                "timestamp": 1778768162.5623395
            },
            {
                "memory_mb": 132.453125,
                "cpu_percent": 40.8,
                "timestamp": 1778768163.6162086
            },
            {
                "memory_mb": 132.45703125,
                "cpu_percent": 42.8,
                "timestamp": 1778768164.6684165
            },
            {
                "memory_mb": 132.45703125,
                "cpu_percent": 28.5,
                "timestamp": 1778768165.7203298
            },
            {
                "memory_mb": 138.8125,
                "cpu_percent": 3.8,
                "timestamp": 1778768166.7751484
            },
            {
                "memory_mb": 138.8125,
                "cpu_percent": 57.0,
                "timestamp": 1778768167.827067
            },
            {
                "memory_mb": 138.81640625,
                "cpu_percent": 17.1,
                "timestamp": 1778768168.882757
            },
            {
                "memory_mb": 140.875,
                "cpu_percent": 67.5,
                "timestamp": 1778768169.9341645
            },
            {
                "memory_mb": 138.8828125,
                "cpu_percent": 75.0,
                "timestamp": 1778768170.9872591
            },
            {
                "memory_mb": 138.87890625,
                "cpu_percent": 0.0,
                "timestamp": 1778768172.0398874
            },
            {
                "memory_mb": 138.88671875,
                "cpu_percent": 68.3,
                "timestamp": 1778768173.0941517
            },
            {
                "memory_mb": 140.87109375,
                "cpu_percent": 3.8,
                "timestamp": 1778768174.1504066
            },
            {
                "memory_mb": 132.4609375,
                "cpu_percent": 3.8,
                "timestamp": 1778768175.2031844
            },
            {
                "memory_mb": 132.46484375,
                "cpu_percent": 72.0,
                "timestamp": 1778768176.2588584
            },
            {
                "memory_mb": 140.875,
                "cpu_percent": 11.4,
                "timestamp": 1778768177.3107555
            },
            {
                "memory_mb": 140.875,
                "cpu_percent": 69.4,
                "timestamp": 1778768178.3619204
            },
            {
                "memory_mb": 138.81640625,
                "cpu_percent": 56.8,
                "timestamp": 1778768179.417377
            },
            {
                "memory_mb": 138.8203125,
                "cpu_percent": 23.7,
                "timestamp": 1778768180.4729571
            },
            {
                "memory_mb": 138.8203125,
                "cpu_percent": 54.2,
                "timestamp": 1778768181.524645
            },
            {
                "memory_mb": 140.875,
                "cpu_percent": 3.8,
                "timestamp": 1778768182.57528
            },
            {
                "memory_mb": 138.81640625,
                "cpu_percent": 38.8,
                "timestamp": 1778768183.632059
            },
            {
                "memory_mb": 138.8203125,
                "cpu_percent": 35.2,
                "timestamp": 1778768184.6829596
            },
            {
                "memory_mb": 140.87890625,
                "cpu_percent": 49.5,
                "timestamp": 1778768185.7343855
            },
            {
                "memory_mb": 140.8828125,
                "cpu_percent": 79.0,
                "timestamp": 1778768186.7856245
            },
            {
                "memory_mb": 138.890625,
                "cpu_percent": 16.2,
                "timestamp": 1778768187.8358052
            },
            {
                "memory_mb": 138.89453125,
                "cpu_percent": 62.8,
                "timestamp": 1778768188.886479
            },
            {
                "memory_mb": 140.8828125,
                "cpu_percent": 8.5,
                "timestamp": 1778768189.9408894
            },
            {
                "memory_mb": 136.3359375,
                "cpu_percent": 1.9,
                "timestamp": 1778768190.9955144
            },
            {
                "memory_mb": 136.33203125,
                "cpu_percent": 66.3,
                "timestamp": 1778768192.0514572
            },
            {
                "memory_mb": 136.33984375,
                "cpu_percent": 3.8,
                "timestamp": 1778768193.108122
            },
            {
                "memory_mb": 140.87890625,
                "cpu_percent": 67.3,
                "timestamp": 1778768194.163263
            },
            {
                "memory_mb": 138.828125,
                "cpu_percent": 76.7,
                "timestamp": 1778768195.2189853
            },
            {
                "memory_mb": 138.83203125,
                "cpu_percent": 4.7,
                "timestamp": 1778768196.274772
            },
            {
                "memory_mb": 138.83203125,
                "cpu_percent": 61.4,
                "timestamp": 1778768197.3326273
            },
            {
                "memory_mb": 140.8828125,
                "cpu_percent": 2.8,
                "timestamp": 1778768198.3883688
            },
            {
                "memory_mb": 138.82421875,
                "cpu_percent": 20.9,
                "timestamp": 1778768199.4406862
            },
            {
                "memory_mb": 138.828125,
                "cpu_percent": 49.3,
                "timestamp": 1778768200.4948993
            },
            {
                "memory_mb": 140.8828125,
                "cpu_percent": 32.3,
                "timestamp": 1778768201.5481186
            },
            {
                "memory_mb": 140.8828125,
                "cpu_percent": 69.4,
                "timestamp": 1778768202.5998127
            },
            {
                "memory_mb": 138.89453125,
                "cpu_percent": 40.3,
                "timestamp": 1778768203.666976
            },
            {
                "memory_mb": 138.8984375,
                "cpu_percent": 45.6,
                "timestamp": 1778768204.72023
            },
            {
                "memory_mb": 140.88671875,
                "cpu_percent": 23.6,
                "timestamp": 1778768205.7779317
            },
            {
                "memory_mb": 138.82421875,
                "cpu_percent": 2.8,
                "timestamp": 1778768206.8337247
            },
            {
                "memory_mb": 138.82421875,
                "cpu_percent": 60.8,
                "timestamp": 1778768207.8856857
            },
            {
                "memory_mb": 138.828125,
                "cpu_percent": 11.4,
                "timestamp": 1778768208.9404616
            },
            {
                "memory_mb": 140.8828125,
                "cpu_percent": 71.3,
                "timestamp": 1778768209.992279
            },
            {
                "memory_mb": 138.8984375,
                "cpu_percent": 70.4,
                "timestamp": 1778768211.0439944
            },
            {
                "memory_mb": 138.89453125,
                "cpu_percent": 0.9,
                "timestamp": 1778768212.0969915
            },
            {
                "memory_mb": 138.90234375,
                "cpu_percent": 68.2,
                "timestamp": 1778768213.1528592
            },
            {
                "memory_mb": 140.8828125,
                "cpu_percent": 3.8,
                "timestamp": 1778768214.2097905
            },
            {
                "memory_mb": 138.828125,
                "cpu_percent": 4.7,
                "timestamp": 1778768215.2662046
            },
            {
                "memory_mb": 138.83203125,
                "cpu_percent": 69.1,
                "timestamp": 1778768216.3228965
            },
            {
                "memory_mb": 140.88671875,
                "cpu_percent": 16.0,
                "timestamp": 1778768217.3868797
            },
            {
                "memory_mb": 140.88671875,
                "cpu_percent": 88.6,
                "timestamp": 1778768218.4593868
            },
            {
                "memory_mb": 126.73046875,
                "cpu_percent": 65.4,
                "timestamp": 1778768219.5301125
            },
            {
                "memory_mb": 126.734375,
                "cpu_percent": 32.8,
                "timestamp": 1778768220.597647
            },
            {
                "memory_mb": 126.734375,
                "cpu_percent": 60.1,
                "timestamp": 1778768221.6633596
            },
            {
                "memory_mb": 140.88671875,
                "cpu_percent": 2.8,
                "timestamp": 1778768222.7213545
            },
            {
                "memory_mb": 138.828125,
                "cpu_percent": 53.0,
                "timestamp": 1778768223.7773252
            },
            {
                "memory_mb": 138.83203125,
                "cpu_percent": 19.9,
                "timestamp": 1778768224.8313777
            },
            {
                "memory_mb": 140.890625,
                "cpu_percent": 61.9,
                "timestamp": 1778768225.882049
            },
            {
                "memory_mb": 140.890625,
                "cpu_percent": 75.9,
                "timestamp": 1778768226.9354963
            },
            {
                "memory_mb": 138.33203125,
                "cpu_percent": 5.7,
                "timestamp": 1778768227.9908009
            },
            {
                "memory_mb": 138.33984375,
                "cpu_percent": 65.2,
                "timestamp": 1778768229.0494516
            },
            {
                "memory_mb": 140.8828125,
                "cpu_percent": 2.8,
                "timestamp": 1778768230.1053436
            },
            {
                "memory_mb": 138.83203125,
                "cpu_percent": 2.8,
                "timestamp": 1778768231.1606388
            },
            {
                "memory_mb": 138.828125,
                "cpu_percent": 69.0,
                "timestamp": 1778768232.2182891
            },
            {
                "memory_mb": 140.890625,
                "cpu_percent": 6.6,
                "timestamp": 1778768233.2744577
            },
            {
                "memory_mb": 140.890625,
                "cpu_percent": 72.4,
                "timestamp": 1778768234.3244379
            },
            {
                "memory_mb": 138.90234375,
                "cpu_percent": 61.5,
                "timestamp": 1778768235.3805277
            },
            {
                "memory_mb": 138.90625,
                "cpu_percent": 18.1,
                "timestamp": 1778768236.4326947
            },
            {
                "memory_mb": 138.90625,
                "cpu_percent": 50.2,
                "timestamp": 1778768237.4881613
            },
            {
                "memory_mb": 137.80859375,
                "cpu_percent": 3.8,
                "timestamp": 1778768238.5395129
            },
            {
                "memory_mb": 137.80859375,
                "cpu_percent": 32.3,
                "timestamp": 1778768239.591135
            },
            {
                "memory_mb": 137.8125,
                "cpu_percent": 40.8,
                "timestamp": 1778768240.6460397
            },
            {
                "memory_mb": 140.89453125,
                "cpu_percent": 44.7,
                "timestamp": 1778768241.6975393
            },
            {
                "memory_mb": 140.89453125,
                "cpu_percent": 72.3,
                "timestamp": 1778768242.7489097
            },
            {
                "memory_mb": 138.8359375,
                "cpu_percent": 21.8,
                "timestamp": 1778768243.806303
            },
            {
                "memory_mb": 138.83984375,
                "cpu_percent": 58.0,
                "timestamp": 1778768244.8575966
            },
            {
                "memory_mb": 140.89453125,
                "cpu_percent": 15.1,
                "timestamp": 1778768245.9147325
            },
            {
                "memory_mb": 116.484375,
                "cpu_percent": 2.8,
                "timestamp": 1778768246.9695063
            },
            {
                "memory_mb": 116.48046875,
                "cpu_percent": 69.6,
                "timestamp": 1778768248.0321329
            },
            {
                "memory_mb": 122.46875,
                "cpu_percent": 4.7,
                "timestamp": 1778768249.0879233
            },
            {
                "memory_mb": 140.8828125,
                "cpu_percent": 64.6,
                "timestamp": 1778768250.141242
            },
            {
                "memory_mb": 138.83203125,
                "cpu_percent": 69.0,
                "timestamp": 1778768251.199614
            },
            {
                "memory_mb": 138.828125,
                "cpu_percent": 0.9,
                "timestamp": 1778768252.2555113
            },
            {
                "memory_mb": 138.8359375,
                "cpu_percent": 65.3,
                "timestamp": 1778768253.3115091
            },
            {
                "memory_mb": 140.90234375,
                "cpu_percent": 3.8,
                "timestamp": 1778768254.3677406
            },
            {
                "memory_mb": 138.91015625,
                "cpu_percent": 17.1,
                "timestamp": 1778768255.4194622
            },
            {
                "memory_mb": 138.9140625,
                "cpu_percent": 54.0,
                "timestamp": 1778768256.4759061
            },
            {
                "memory_mb": 140.8984375,
                "cpu_percent": 27.6,
                "timestamp": 1778768257.5273707
            },
            {
                "memory_mb": 140.90234375,
                "cpu_percent": 73.2,
                "timestamp": 1778768258.5790794
            },
            {
                "memory_mb": 135.421875,
                "cpu_percent": 35.1,
                "timestamp": 1778768259.6341138
            },
            {
                "memory_mb": 135.42578125,
                "cpu_percent": 40.7,
                "timestamp": 1778768260.6897755
            },
            {
                "memory_mb": 135.42578125,
                "cpu_percent": 31.2,
                "timestamp": 1778768261.7462595
            },
            {
                "memory_mb": 138.84375,
                "cpu_percent": 3.8,
                "timestamp": 1778768262.802453
            },
            {
                "memory_mb": 138.84375,
                "cpu_percent": 56.1,
                "timestamp": 1778768263.8540888
            },
            {
                "memory_mb": 138.84765625,
                "cpu_percent": 17.0,
                "timestamp": 1778768264.9105039
            },
            {
                "memory_mb": 140.90234375,
                "cpu_percent": 67.5,
                "timestamp": 1778768265.9621086
            },
            {
                "memory_mb": 138.9140625,
                "cpu_percent": 70.4,
                "timestamp": 1778768267.0133572
            },
            {
                "memory_mb": 138.91015625,
                "cpu_percent": 0.9,
                "timestamp": 1778768268.06881
            },
            {
                "memory_mb": 138.91796875,
                "cpu_percent": 64.4,
                "timestamp": 1778768269.124517
            },
            {
                "memory_mb": 140.90234375,
                "cpu_percent": 3.8,
                "timestamp": 1778768270.1778107
            },
            {
                "memory_mb": 138.84375,
                "cpu_percent": 3.8,
                "timestamp": 1778768271.235088
            },
            {
                "memory_mb": 138.84765625,
                "cpu_percent": 70.1,
                "timestamp": 1778768272.2912378
            },
            {
                "memory_mb": 140.90625,
                "cpu_percent": 10.5,
                "timestamp": 1778768273.343804
            },
            {
                "memory_mb": 140.90625,
                "cpu_percent": 73.2,
                "timestamp": 1778768274.3958793
            },
            {
                "memory_mb": 138.9140625,
                "cpu_percent": 57.7,
                "timestamp": 1778768275.4523273
            },
            {
                "memory_mb": 138.91796875,
                "cpu_percent": 22.8,
                "timestamp": 1778768276.504523
            },
            {
                "memory_mb": 138.91796875,
                "cpu_percent": 48.3,
                "timestamp": 1778768277.5600374
            },
            {
                "memory_mb": 136.35546875,
                "cpu_percent": 3.8,
                "timestamp": 1778768278.611595
            },
            {
                "memory_mb": 136.35546875,
                "cpu_percent": 37.1,
                "timestamp": 1778768279.663636
            },
            {
                "memory_mb": 136.359375,
                "cpu_percent": 36.0,
                "timestamp": 1778768280.7198677
            },
            {
                "memory_mb": 140.90625,
                "cpu_percent": 49.4,
                "timestamp": 1778768281.7714987
            },
            {
                "memory_mb": 140.90625,
                "cpu_percent": 73.2,
                "timestamp": 1778768282.822721
            },
            {
                "memory_mb": 138.84375,
                "cpu_percent": 14.2,
                "timestamp": 1778768283.875964
            },
            {
                "memory_mb": 138.84765625,
                "cpu_percent": 61.9,
                "timestamp": 1778768284.9265277
            },
            {
                "memory_mb": 140.90625,
                "cpu_percent": 9.5,
                "timestamp": 1778768285.9825613
            },
            {
                "memory_mb": 131.328125,
                "cpu_percent": 2.9,
                "timestamp": 1778768287.033923
            },
            {
                "memory_mb": 131.32421875,
                "cpu_percent": 70.1,
                "timestamp": 1778768288.0895643
            },
            {
                "memory_mb": 131.33203125,
                "cpu_percent": 4.7,
                "timestamp": 1778768289.144709
            },
            {
                "memory_mb": 140.8984375,
                "cpu_percent": 67.2,
                "timestamp": 1778768290.2014377
            },
            {
                "memory_mb": 138.84375,
                "cpu_percent": 70.1,
                "timestamp": 1778768291.2578032
            },
            {
                "memory_mb": 138.84765625,
                "cpu_percent": 3.8,
                "timestamp": 1778768292.3126287
            },
            {
                "memory_mb": 138.84765625,
                "cpu_percent": 67.3,
                "timestamp": 1778768293.3677807
            },
            {
                "memory_mb": 140.90234375,
                "cpu_percent": 2.8,
                "timestamp": 1778768294.4228396
            },
            {
                "memory_mb": 138.9140625,
                "cpu_percent": 20.9,
                "timestamp": 1778768295.474139
            },
            {
                "memory_mb": 138.91796875,
                "cpu_percent": 52.3,
                "timestamp": 1778768296.5256417
            },
            {
                "memory_mb": 140.90625,
                "cpu_percent": 31.4,
                "timestamp": 1778768297.576019
            },
            {
                "memory_mb": 140.91015625,
                "cpu_percent": 72.3,
                "timestamp": 1778768298.627674
            },
            {
                "memory_mb": 131.57421875,
                "cpu_percent": 34.1,
                "timestamp": 1778768299.6841385
            },
            {
                "memory_mb": 131.578125,
                "cpu_percent": 43.7,
                "timestamp": 1778768300.7361295
            },
            {
                "memory_mb": 131.578125,
                "cpu_percent": 27.5,
                "timestamp": 1778768301.7908816
            },
            {
                "memory_mb": 138.8515625,
                "cpu_percent": 4.7,
                "timestamp": 1778768302.8479328
            },
            {
                "memory_mb": 138.8515625,
                "cpu_percent": 58.0,
                "timestamp": 1778768303.8989704
            },
            {
                "memory_mb": 138.85546875,
                "cpu_percent": 18.1,
                "timestamp": 1778768304.9500802
            },
            {
                "memory_mb": 140.90234375,
                "cpu_percent": 68.4,
                "timestamp": 1778768306.0024023
            },
            {
                "memory_mb": 140.90625,
                "cpu_percent": 20.0,
                "timestamp": 1778768306.351891
            }
        ]
    }
}
