{
    "active_periods": [
        {
            "start": 1778768004.404316,
            "end": 1778768308.316778,
            "duration_sec": 303.9124619960785,
            "tasks_completed": 222,
            "throughput_tps": 0.7304735006321148
        }
    ],
    "history": [
        {
            "timestamp": 1778768004.404316,
            "messages": 0,
            "ack": 2506
        },
        {
            "timestamp": 1778768009.410321,
            "messages": 0,
            "ack": 2506
        },
        {
            "timestamp": 1778768014.416253,
            "messages": 4,
            "ack": 2509
        },
        {
            "timestamp": 1778768019.419966,
            "messages": 7,
            "ack": 2514
        },
        {
            "timestamp": 1778768024.426095,
            "messages": 9,
            "ack": 2517
        },
        {
            "timestamp": 1778768029.431724,
            "messages": 12,
            "ack": 2521
        },
        {
            "timestamp": 1778768034.436749,
            "messages": 15,
            "ack": 2524
        },
        {
            "timestamp": 1778768039.440938,
            "messages": 17,
            "ack": 2529
        },
        {
            "timestamp": 1778768044.445927,
            "messages": 20,
            "ack": 2532
        },
        {
            "timestamp": 1778768049.452061,
            "messages": 23,
            "ack": 2535
        },
        {
            "timestamp": 1778768054.457258,
            "messages": 25,
            "ack": 2539
        },
        {
            "timestamp": 1778768059.461365,
            "messages": 28,
            "ack": 2542
        },
        {
            "timestamp": 1778768064.46692,
            "messages": 31,
            "ack": 2547
        },
        {
            "timestamp": 1778768069.471737,
            "messages": 31,
            "ack": 2550
        },
        {
            "timestamp": 1778768074.477743,
            "messages": 33,
            "ack": 2554
        },
        {
            "timestamp": 1778768079.484266,
            "messages": 36,
            "ack": 2557
        },
        {
            "timestamp": 1778768084.488738,
            "messages": 39,
            "ack": 2562
        },
        {
            "timestamp": 1778768089.494684,
            "messages": 41,
            "ack": 2565
        },
        {
            "timestamp": 1778768094.501365,
            "messages": 44,
            "ack": 2569
        },
        {
            "timestamp": 1778768099.506595,
            "messages": 47,
            "ack": 2572
        },
        {
            "timestamp": 1778768104.512606,
            "messages": 49,
            "ack": 2577
        },
        {
            "timestamp": 1778768109.517339,
            "messages": 52,
            "ack": 2580
        },
        {
            "timestamp": 1778768114.521807,
            "messages": 55,
            "ack": 2584
        },
        {
            "timestamp": 1778768119.525587,
            "messages": 57,
            "ack": 2587
        },
        {
            "timestamp": 1778768124.529562,
            "messages": 60,
            "ack": 2592
        },
        {
            "timestamp": 1778768129.534434,
            "messages": 61,
            "ack": 2595
        },
        {
            "timestamp": 1778768134.538743,
            "messages": 66,
            "ack": 2599
        },
        {
            "timestamp": 1778768139.545453,
            "messages": 68,
            "ack": 2602
        },
        {
            "timestamp": 1778768144.549239,
            "messages": 68,
            "ack": 2607
        },
        {
            "timestamp": 1778768149.55567,
            "messages": 69,
            "ack": 2610
        },
        {
            "timestamp": 1778768154.560419,
            "messages": 74,
            "ack": 2613
        },
        {
            "timestamp": 1778768159.564845,
            "messages": 76,
            "ack": 2617
        },
        {
            "timestamp": 1778768164.569467,
            "messages": 77,
            "ack": 2620
        },
        {
            "timestamp": 1778768169.573733,
            "messages": 82,
            "ack": 2625
        },
        {
            "timestamp": 1778768174.580695,
            "messages": 84,
            "ack": 2628
        },
        {
            "timestamp": 1778768179.585458,
            "messages": 85,
            "ack": 2632
        },
        {
            "timestamp": 1778768184.590401,
            "messages": 90,
            "ack": 2635
        },
        {
            "timestamp": 1778768189.594646,
            "messages": 92,
            "ack": 2640
        },
        {
            "timestamp": 1778768194.598879,
            "messages": 93,
            "ack": 2643
        },
        {
            "timestamp": 1778768199.604105,
            "messages": 97,
            "ack": 2647
        },
        {
            "timestamp": 1778768204.609561,
            "messages": 100,
            "ack": 2650
        },
        {
            "timestamp": 1778768209.614173,
            "messages": 100,
            "ack": 2658
        },
        {
            "timestamp": 1778768214.618684,
            "messages": 101,
            "ack": 2662
        },
        {
            "timestamp": 1778768219.623481,
            "messages": 105,
            "ack": 2665
        },
        {
            "timestamp": 1778768224.628277,
            "messages": 108,
            "ack": 2670
        },
        {
            "timestamp": 1778768229.632744,
            "messages": 109,
            "ack": 2673
        },
        {
            "timestamp": 1778768234.636931,
            "messages": 113,
            "ack": 2677
        },
        {
            "timestamp": 1778768239.641223,
            "messages": 117,
            "ack": 2680
        },
        {
            "timestamp": 1778768244.646334,
            "messages": 121,
            "ack": 2685
        },
        {
            "timestamp": 1778768249.651559,
            "messages": 124,
            "ack": 2688
        },
        {
            "timestamp": 1778768254.660527,
            "messages": 125,
            "ack": 2691
        },
        {
            "timestamp": 1778768259.664591,
            "messages": 129,
            "ack": 2695
        },
        {
            "timestamp": 1778768264.669361,
            "messages": 132,
            "ack": 2698
        },
        {
            "timestamp": 1778768269.674873,
            "messages": 133,
            "ack": 2703
        },
        {
            "timestamp": 1778768274.679534,
            "messages": 133,
            "ack": 2706
        },
        {
            "timestamp": 1778768279.684232,
            "messages": 137,
            "ack": 2710
        },
        {
            "timestamp": 1778768284.689153,
            "messages": 140,
            "ack": 2713
        },
        {
            "timestamp": 1778768289.694636,
            "messages": 141,
            "ack": 2718
        },
        {
            "timestamp": 1778768294.699528,
            "messages": 145,
            "ack": 2721
        },
        {
            "timestamp": 1778768299.703795,
            "messages": 148,
            "ack": 2725
        },
        {
            "timestamp": 1778768304.708165,
            "messages": 149,
            "ack": 2728
        },
        {
            "timestamp": 1778768308.309118,
            "messages": 149,
            "ack": 2728
        }
    ]
}