{
    "285347": {
        "ppid": "254983",
        "name": "celery",
        "cmdline": "/home/experimenter/projects/celery-autoscale/.venv/bin/python3 /home/experimenter/projects/celery-autoscale/.venv/bin/celery -A celery_app worker --loglevel=INFO --concurrency=2 --pool=eventlet",
        "create_time": "2026-05-14T19:45:59.520000",
        "last_update": "2026-05-14T19:51:02.480832",
        "voluntary_ctxt_switches": 2723,
        "nonvoluntary_ctxt_switches": 910,
        "jiffies": 11212,
        "stats": [
            {
                "memory_mb": 52.32421875,
                "cpu_percent": 0.0,
                "timestamp": 1778777160.6040163
            },
            {
                "memory_mb": 52.8046875,
                "cpu_percent": 26.7,
                "timestamp": 1778777161.653372
            },
            {
                "memory_mb": 52.828125,
                "cpu_percent": 37.0,
                "timestamp": 1778777162.706798
            },
            {
                "memory_mb": 52.83203125,
                "cpu_percent": 64.8,
                "timestamp": 1778777163.755543
            },
            {
                "memory_mb": 98.98046875,
                "cpu_percent": 4.7,
                "timestamp": 1778777164.8120348
            },
            {
                "memory_mb": 145.0546875,
                "cpu_percent": 54.1,
                "timestamp": 1778777165.8651738
            },
            {
                "memory_mb": 145.06640625,
                "cpu_percent": 69.5,
                "timestamp": 1778777166.914942
            },
            {
                "memory_mb": 135.36328125,
                "cpu_percent": 10.4,
                "timestamp": 1778777167.969544
            },
            {
                "memory_mb": 135.3671875,
                "cpu_percent": 65.8,
                "timestamp": 1778777169.018273
            },
            {
                "memory_mb": 144.90625,
                "cpu_percent": 6.6,
                "timestamp": 1778777170.0719757
            },
            {
                "memory_mb": 107.2890625,
                "cpu_percent": 3.8,
                "timestamp": 1778777171.1250348
            },
            {
                "memory_mb": 107.28515625,
                "cpu_percent": 62.7,
                "timestamp": 1778777172.178259
            },
            {
                "memory_mb": 135.08203125,
                "cpu_percent": 5.7,
                "timestamp": 1778777173.2321827
            },
            {
                "memory_mb": 144.90234375,
                "cpu_percent": 63.6,
                "timestamp": 1778777174.285251
            },
            {
                "memory_mb": 135.203125,
                "cpu_percent": 72.1,
                "timestamp": 1778777175.3389025
            },
            {
                "memory_mb": 135.20703125,
                "cpu_percent": 3.8,
                "timestamp": 1778777176.3940418
            },
            {
                "memory_mb": 135.2109375,
                "cpu_percent": 63.5,
                "timestamp": 1778777177.4483497
            },
            {
                "memory_mb": 144.91015625,
                "cpu_percent": 3.8,
                "timestamp": 1778777178.5020351
            },
            {
                "memory_mb": 135.20703125,
                "cpu_percent": 21.0,
                "timestamp": 1778777179.5513885
            },
            {
                "memory_mb": 135.2109375,
                "cpu_percent": 49.4,
                "timestamp": 1778777180.604695
            },
            {
                "memory_mb": 144.91015625,
                "cpu_percent": 31.4,
                "timestamp": 1778777181.6540031
            },
            {
                "memory_mb": 144.91015625,
                "cpu_percent": 70.5,
                "timestamp": 1778777182.7030544
            },
            {
                "memory_mb": 135.20703125,
                "cpu_percent": 32.3,
                "timestamp": 1778777183.7562354
            },
            {
                "memory_mb": 135.2109375,
                "cpu_percent": 43.9,
                "timestamp": 1778777184.8052368
            },
            {
                "memory_mb": 135.2109375,
                "cpu_percent": 26.6,
                "timestamp": 1778777185.8579557
            },
            {
                "memory_mb": 135.20703125,
                "cpu_percent": 5.7,
                "timestamp": 1778777186.9113615
            },
            {
                "memory_mb": 135.20703125,
                "cpu_percent": 57.2,
                "timestamp": 1778777187.960309
            },
            {
                "memory_mb": 135.2109375,
                "cpu_percent": 18.0,
                "timestamp": 1778777189.0145311
            },
            {
                "memory_mb": 144.91015625,
                "cpu_percent": 66.8,
                "timestamp": 1778777190.0631106
            },
            {
                "memory_mb": 135.203125,
                "cpu_percent": 65.5,
                "timestamp": 1778777191.1159666
            },
            {
                "memory_mb": 135.19921875,
                "cpu_percent": 0.9,
                "timestamp": 1778777192.1697245
            },
            {
                "memory_mb": 135.20703125,
                "cpu_percent": 66.5,
                "timestamp": 1778777193.2227547
            },
            {
                "memory_mb": 144.90625,
                "cpu_percent": 2.8,
                "timestamp": 1778777194.2764652
            },
            {
                "memory_mb": 135.20703125,
                "cpu_percent": 3.8,
                "timestamp": 1778777195.3304284
            },
            {
                "memory_mb": 135.2109375,
                "cpu_percent": 73.1,
                "timestamp": 1778777196.3837478
            },
            {
                "memory_mb": 144.9140625,
                "cpu_percent": 9.5,
                "timestamp": 1778777197.4338384
            },
            {
                "memory_mb": 144.9140625,
                "cpu_percent": 67.7,
                "timestamp": 1778777198.483031
            },
            {
                "memory_mb": 135.20703125,
                "cpu_percent": 54.9,
                "timestamp": 1778777199.538645
            },
            {
                "memory_mb": 135.2109375,
                "cpu_percent": 20.9,
                "timestamp": 1778777200.5904272
            },
            {
                "memory_mb": 135.2109375,
                "cpu_percent": 47.4,
                "timestamp": 1778777201.6444774
            },
            {
                "memory_mb": 135.20703125,
                "cpu_percent": 5.7,
                "timestamp": 1778777202.693446
            },
            {
                "memory_mb": 135.20703125,
                "cpu_percent": 35.3,
                "timestamp": 1778777203.742403
            },
            {
                "memory_mb": 135.2109375,
                "cpu_percent": 39.8,
                "timestamp": 1778777204.7964168
            },
            {
                "memory_mb": 144.91015625,
                "cpu_percent": 46.7,
                "timestamp": 1778777205.844901
            },
            {
                "memory_mb": 144.91015625,
                "cpu_percent": 71.5,
                "timestamp": 1778777206.8941057
            },
            {
                "memory_mb": 135.20703125,
                "cpu_percent": 19.9,
                "timestamp": 1778777207.947327
            },
            {
                "memory_mb": 135.2109375,
                "cpu_percent": 59.1,
                "timestamp": 1778777208.9963157
            },
            {
                "memory_mb": 144.9140625,
                "cpu_percent": 11.4,
                "timestamp": 1778777210.0502021
            },
            {
                "memory_mb": 135.20703125,
                "cpu_percent": 3.8,
                "timestamp": 1778777211.1033714
            },
            {
                "memory_mb": 135.203125,
                "cpu_percent": 71.5,
                "timestamp": 1778777212.1522062
            },
            {
                "memory_mb": 135.2109375,
                "cpu_percent": 3.8,
                "timestamp": 1778777213.2066867
            },
            {
                "memory_mb": 144.90625,
                "cpu_percent": 63.6,
                "timestamp": 1778777214.2595353
            },
            {
                "memory_mb": 134.07421875,
                "cpu_percent": 68.4,
                "timestamp": 1778777215.3123572
            },
            {
                "memory_mb": 134.0703125,
                "cpu_percent": 0.9,
                "timestamp": 1778777216.365703
            },
            {
                "memory_mb": 134.078125,
                "cpu_percent": 67.4,
                "timestamp": 1778777217.4189382
            },
            {
                "memory_mb": 144.91015625,
                "cpu_percent": 3.8,
                "timestamp": 1778777218.4724824
            },
            {
                "memory_mb": 135.20703125,
                "cpu_percent": 15.3,
                "timestamp": 1778777219.5214243
            },
            {
                "memory_mb": 135.2109375,
                "cpu_percent": 58.8,
                "timestamp": 1778777220.576741
            },
            {
                "memory_mb": 144.91015625,
                "cpu_percent": 25.7,
                "timestamp": 1778777221.6256533
            },
            {
                "memory_mb": 144.91015625,
                "cpu_percent": 67.7,
                "timestamp": 1778777222.675025
            },
            {
                "memory_mb": 135.20703125,
                "cpu_percent": 45.6,
                "timestamp": 1778777223.7277708
            },
            {
                "memory_mb": 135.2109375,
                "cpu_percent": 36.2,
                "timestamp": 1778777224.7762501
            },
            {
                "memory_mb": 135.2109375,
                "cpu_percent": 35.1,
                "timestamp": 1778777225.8301086
            },
            {
                "memory_mb": 135.2109375,
                "cpu_percent": 5.7,
                "timestamp": 1778777226.8828013
            },
            {
                "memory_mb": 135.2109375,
                "cpu_percent": 49.6,
                "timestamp": 1778777227.9319804
            },
            {
                "memory_mb": 135.21484375,
                "cpu_percent": 23.7,
                "timestamp": 1778777228.985128
            },
            {
                "memory_mb": 144.91015625,
                "cpu_percent": 61.9,
                "timestamp": 1778777230.034854
            },
            {
                "memory_mb": 144.91015625,
                "cpu_percent": 68.6,
                "timestamp": 1778777231.0845385
            },
            {
                "memory_mb": 135.203125,
                "cpu_percent": 4.7,
                "timestamp": 1778777232.1380098
            },
            {
                "memory_mb": 135.2109375,
                "cpu_percent": 66.3,
                "timestamp": 1778777233.1931596
            },
            {
                "memory_mb": 144.91015625,
                "cpu_percent": 3.8,
                "timestamp": 1778777234.2468426
            },
            {
                "memory_mb": 135.2109375,
                "cpu_percent": 3.8,
                "timestamp": 1778777235.3007271
            },
            {
                "memory_mb": 135.20703125,
                "cpu_percent": 71.2,
                "timestamp": 1778777236.3539531
            },
            {
                "memory_mb": 144.9140625,
                "cpu_percent": 4.7,
                "timestamp": 1778777237.407801
            },
            {
                "memory_mb": 144.91796875,
                "cpu_percent": 67.4,
                "timestamp": 1778777238.461349
            },
            {
                "memory_mb": 135.2109375,
                "cpu_percent": 63.6,
                "timestamp": 1778777239.5148294
            },
            {
                "memory_mb": 135.21484375,
                "cpu_percent": 14.3,
                "timestamp": 1778777240.5642283
            },
            {
                "memory_mb": 135.21484375,
                "cpu_percent": 54.1,
                "timestamp": 1778777241.6174502
            },
            {
                "memory_mb": 144.921875,
                "cpu_percent": 3.8,
                "timestamp": 1778777242.6708245
            },
            {
                "memory_mb": 135.21875,
                "cpu_percent": 31.4,
                "timestamp": 1778777243.7202363
            },
            {
                "memory_mb": 135.22265625,
                "cpu_percent": 44.6,
                "timestamp": 1778777244.7736356
            },
            {
                "memory_mb": 144.921875,
                "cpu_percent": 42.0,
                "timestamp": 1778777245.8223534
            },
            {
                "memory_mb": 144.921875,
                "cpu_percent": 71.4,
                "timestamp": 1778777246.872231
            },
            {
                "memory_mb": 135.21484375,
                "cpu_percent": 25.6,
                "timestamp": 1778777247.9258075
            },
            {
                "memory_mb": 135.21875,
                "cpu_percent": 53.4,
                "timestamp": 1778777248.9751918
            },
            {
                "memory_mb": 144.921875,
                "cpu_percent": 19.0,
                "timestamp": 1778777250.026013
            },
            {
                "memory_mb": 135.21875,
                "cpu_percent": 2.8,
                "timestamp": 1778777251.0789528
            },
            {
                "memory_mb": 135.21875,
                "cpu_percent": 66.7,
                "timestamp": 1778777252.1281772
            },
            {
                "memory_mb": 135.22265625,
                "cpu_percent": 8.5,
                "timestamp": 1778777253.1817923
            },
            {
                "memory_mb": 144.91796875,
                "cpu_percent": 66.4,
                "timestamp": 1778777254.2352252
            },
            {
                "memory_mb": 135.21484375,
                "cpu_percent": 64.5,
                "timestamp": 1778777255.2887347
            },
            {
                "memory_mb": 135.2109375,
                "cpu_percent": 0.9,
                "timestamp": 1778777256.3423107
            },
            {
                "memory_mb": 135.21875,
                "cpu_percent": 67.4,
                "timestamp": 1778777257.394964
            },
            {
                "memory_mb": 144.92578125,
                "cpu_percent": 3.8,
                "timestamp": 1778777258.4486523
            },
            {
                "memory_mb": 135.22265625,
                "cpu_percent": 9.5,
                "timestamp": 1778777259.4979641
            },
            {
                "memory_mb": 135.2265625,
                "cpu_percent": 65.5,
                "timestamp": 1778777260.5516503
            },
            {
                "memory_mb": 144.92578125,
                "cpu_percent": 18.1,
                "timestamp": 1778777261.601699
            },
            {
                "memory_mb": 144.92578125,
                "cpu_percent": 69.5,
                "timestamp": 1778777262.6517045
            },
            {
                "memory_mb": 135.21875,
                "cpu_percent": 44.6,
                "timestamp": 1778777263.7044003
            },
            {
                "memory_mb": 135.22265625,
                "cpu_percent": 30.5,
                "timestamp": 1778777264.7534442
            },
            {
                "memory_mb": 135.22265625,
                "cpu_percent": 38.9,
                "timestamp": 1778777265.8069196
            },
            {
                "memory_mb": 135.22265625,
                "cpu_percent": 5.7,
                "timestamp": 1778777266.8623893
            },
            {
                "memory_mb": 135.22265625,
                "cpu_percent": 43.8,
                "timestamp": 1778777267.9119287
            },
            {
                "memory_mb": 135.2265625,
                "cpu_percent": 29.4,
                "timestamp": 1778777268.9656267
            },
            {
                "memory_mb": 144.9296875,
                "cpu_percent": 57.2,
                "timestamp": 1778777270.0146472
            },
            {
                "memory_mb": 144.9296875,
                "cpu_percent": 67.7,
                "timestamp": 1778777271.063602
            },
            {
                "memory_mb": 135.22265625,
                "cpu_percent": 7.6,
                "timestamp": 1778777272.1175902
            },
            {
                "memory_mb": 135.23046875,
                "cpu_percent": 66.7,
                "timestamp": 1778777273.1668785
            },
            {
                "memory_mb": 144.9296875,
                "cpu_percent": 4.7,
                "timestamp": 1778777274.220392
            },
            {
                "memory_mb": 135.2265625,
                "cpu_percent": 2.8,
                "timestamp": 1778777275.274032
            },
            {
                "memory_mb": 135.22265625,
                "cpu_percent": 71.2,
                "timestamp": 1778777276.3278549
            },
            {
                "memory_mb": 135.23046875,
                "cpu_percent": 4.7,
                "timestamp": 1778777277.3812459
            },
            {
                "memory_mb": 144.9296875,
                "cpu_percent": 64.6,
                "timestamp": 1778777278.4345508
            },
            {
                "memory_mb": 135.22265625,
                "cpu_percent": 64.5,
                "timestamp": 1778777279.4885569
            },
            {
                "memory_mb": 135.2265625,
                "cpu_percent": 8.6,
                "timestamp": 1778777280.5387676
            },
            {
                "memory_mb": 135.2265625,
                "cpu_percent": 59.8,
                "timestamp": 1778777281.5925817
            },
            {
                "memory_mb": 144.93359375,
                "cpu_percent": 3.8,
                "timestamp": 1778777282.6463683
            },
            {
                "memory_mb": 135.23046875,
                "cpu_percent": 24.8,
                "timestamp": 1778777283.694246
            },
            {
                "memory_mb": 135.234375,
                "cpu_percent": 51.3,
                "timestamp": 1778777284.7476556
            },
            {
                "memory_mb": 144.93359375,
                "cpu_percent": 36.2,
                "timestamp": 1778777285.7976367
            },
            {
                "memory_mb": 144.93359375,
                "cpu_percent": 68.6,
                "timestamp": 1778777286.8472912
            },
            {
                "memory_mb": 136.51953125,
                "cpu_percent": 28.5,
                "timestamp": 1778777287.9001617
            },
            {
                "memory_mb": 136.5234375,
                "cpu_percent": 46.7,
                "timestamp": 1778777288.9491935
            },
            {
                "memory_mb": 140.21875,
                "cpu_percent": 23.7,
                "timestamp": 1778777290.0028868
            },
            {
                "memory_mb": 136.51953125,
                "cpu_percent": 3.8,
                "timestamp": 1778777291.057103
            },
            {
                "memory_mb": 136.51953125,
                "cpu_percent": 61.0,
                "timestamp": 1778777292.106594
            },
            {
                "memory_mb": 136.5234375,
                "cpu_percent": 14.2,
                "timestamp": 1778777293.1599555
            },
            {
                "memory_mb": 144.9296875,
                "cpu_percent": 65.5,
                "timestamp": 1778777294.2135344
            },
            {
                "memory_mb": 136.51953125,
                "cpu_percent": 64.6,
                "timestamp": 1778777295.2667284
            },
            {
                "memory_mb": 136.515625,
                "cpu_percent": 0.9,
                "timestamp": 1778777296.3211074
            },
            {
                "memory_mb": 136.5234375,
                "cpu_percent": 66.5,
                "timestamp": 1778777297.3741386
            },
            {
                "memory_mb": 144.9296875,
                "cpu_percent": 4.7,
                "timestamp": 1778777298.427976
            },
            {
                "memory_mb": 136.51953125,
                "cpu_percent": 2.8,
                "timestamp": 1778777299.481716
            },
            {
                "memory_mb": 136.5234375,
                "cpu_percent": 70.1,
                "timestamp": 1778777300.5366971
            },
            {
                "memory_mb": 144.93359375,
                "cpu_percent": 15.3,
                "timestamp": 1778777301.5855815
            },
            {
                "memory_mb": 144.94140625,
                "cpu_percent": 67.7,
                "timestamp": 1778777302.6343534
            },
            {
                "memory_mb": 136.52734375,
                "cpu_percent": 50.3,
                "timestamp": 1778777303.687807
            },
            {
                "memory_mb": 136.53125,
                "cpu_percent": 24.8,
                "timestamp": 1778777304.7371213
            },
            {
                "memory_mb": 136.53125,
                "cpu_percent": 44.6,
                "timestamp": 1778777305.7907472
            },
            {
                "memory_mb": 136.52734375,
                "cpu_percent": 4.7,
                "timestamp": 1778777306.8444297
            },
            {
                "memory_mb": 136.52734375,
                "cpu_percent": 39.1,
                "timestamp": 1778777307.8940308
            },
            {
                "memory_mb": 136.53125,
                "cpu_percent": 35.1,
                "timestamp": 1778777308.947666
            },
            {
                "memory_mb": 144.9453125,
                "cpu_percent": 51.5,
                "timestamp": 1778777309.99706
            },
            {
                "memory_mb": 144.9453125,
                "cpu_percent": 68.6,
                "timestamp": 1778777311.04603
            },
            {
                "memory_mb": 136.52734375,
                "cpu_percent": 11.4,
                "timestamp": 1778777312.100093
            },
            {
                "memory_mb": 136.53125,
                "cpu_percent": 63.9,
                "timestamp": 1778777313.1493306
            },
            {
                "memory_mb": 144.94140625,
                "cpu_percent": 8.5,
                "timestamp": 1778777314.2044702
            },
            {
                "memory_mb": 136.52734375,
                "cpu_percent": 2.8,
                "timestamp": 1778777315.25744
            },
            {
                "memory_mb": 136.5234375,
                "cpu_percent": 70.2,
                "timestamp": 1778777316.3115432
            },
            {
                "memory_mb": 136.53125,
                "cpu_percent": 4.7,
                "timestamp": 1778777317.365168
            },
            {
                "memory_mb": 144.94140625,
                "cpu_percent": 63.6,
                "timestamp": 1778777318.4179533
            },
            {
                "memory_mb": 136.52734375,
                "cpu_percent": 65.5,
                "timestamp": 1778777319.4713879
            },
            {
                "memory_mb": 136.53125,
                "cpu_percent": 2.8,
                "timestamp": 1778777320.5253305
            },
            {
                "memory_mb": 136.53125,
                "cpu_percent": 64.6,
                "timestamp": 1778777321.578592
            },
            {
                "memory_mb": 144.9453125,
                "cpu_percent": 3.8,
                "timestamp": 1778777322.6320045
            },
            {
                "memory_mb": 136.52734375,
                "cpu_percent": 21.0,
                "timestamp": 1778777323.6819305
            },
            {
                "memory_mb": 136.53125,
                "cpu_percent": 53.2,
                "timestamp": 1778777324.7352998
            },
            {
                "memory_mb": 144.9453125,
                "cpu_percent": 29.6,
                "timestamp": 1778777325.7839246
            },
            {
                "memory_mb": 144.94921875,
                "cpu_percent": 68.6,
                "timestamp": 1778777326.8331661
            },
            {
                "memory_mb": 136.53125,
                "cpu_percent": 34.2,
                "timestamp": 1778777327.8859615
            },
            {
                "memory_mb": 136.53515625,
                "cpu_percent": 41.9,
                "timestamp": 1778777328.9348652
            },
            {
                "memory_mb": 136.53515625,
                "cpu_percent": 27.5,
                "timestamp": 1778777329.9887
            },
            {
                "memory_mb": 136.53125,
                "cpu_percent": 4.7,
                "timestamp": 1778777331.0415187
            },
            {
                "memory_mb": 136.53125,
                "cpu_percent": 56.2,
                "timestamp": 1778777332.0907662
            },
            {
                "memory_mb": 136.53515625,
                "cpu_percent": 18.0,
                "timestamp": 1778777333.1449242
            },
            {
                "memory_mb": 144.9453125,
                "cpu_percent": 64.7,
                "timestamp": 1778777334.1962094
            },
            {
                "memory_mb": 135.234375,
                "cpu_percent": 65.8,
                "timestamp": 1778777335.2451575
            },
            {
                "memory_mb": 135.23046875,
                "cpu_percent": 0.0,
                "timestamp": 1778777336.2978387
            },
            {
                "memory_mb": 135.23828125,
                "cpu_percent": 66.4,
                "timestamp": 1778777337.3513484
            },
            {
                "memory_mb": 144.94140625,
                "cpu_percent": 4.7,
                "timestamp": 1778777338.4048936
            },
            {
                "memory_mb": 135.2421875,
                "cpu_percent": 3.8,
                "timestamp": 1778777339.458091
            },
            {
                "memory_mb": 135.23828125,
                "cpu_percent": 71.2,
                "timestamp": 1778777340.5117855
            },
            {
                "memory_mb": 144.94921875,
                "cpu_percent": 9.5,
                "timestamp": 1778777341.5654566
            },
            {
                "memory_mb": 144.94921875,
                "cpu_percent": 67.7,
                "timestamp": 1778777342.6145942
            },
            {
                "memory_mb": 135.24609375,
                "cpu_percent": 56.0,
                "timestamp": 1778777343.667847
            },
            {
                "memory_mb": 135.25,
                "cpu_percent": 19.1,
                "timestamp": 1778777344.7173033
            },
            {
                "memory_mb": 135.25,
                "cpu_percent": 50.4,
                "timestamp": 1778777345.7691522
            },
            {
                "memory_mb": 135.234375,
                "cpu_percent": 5.7,
                "timestamp": 1778777346.8227751
            },
            {
                "memory_mb": 135.234375,
                "cpu_percent": 33.3,
                "timestamp": 1778777347.8734758
            },
            {
                "memory_mb": 135.23828125,
                "cpu_percent": 39.9,
                "timestamp": 1778777348.9271417
            },
            {
                "memory_mb": 144.94921875,
                "cpu_percent": 44.8,
                "timestamp": 1778777349.9764245
            },
            {
                "memory_mb": 144.94921875,
                "cpu_percent": 68.5,
                "timestamp": 1778777351.0268412
            },
            {
                "memory_mb": 135.24609375,
                "cpu_percent": 19.0,
                "timestamp": 1778777352.0806885
            },
            {
                "memory_mb": 135.25,
                "cpu_percent": 57.1,
                "timestamp": 1778777353.130628
            },
            {
                "memory_mb": 144.94921875,
                "cpu_percent": 12.3,
                "timestamp": 1778777354.1848147
            },
            {
                "memory_mb": 135.23828125,
                "cpu_percent": 3.8,
                "timestamp": 1778777355.238993
            },
            {
                "memory_mb": 135.234375,
                "cpu_percent": 71.5,
                "timestamp": 1778777356.288218
            },
            {
                "memory_mb": 135.2421875,
                "cpu_percent": 3.8,
                "timestamp": 1778777357.3418794
            },
            {
                "memory_mb": 144.9453125,
                "cpu_percent": 63.6,
                "timestamp": 1778777358.3946497
            },
            {
                "memory_mb": 135.24609375,
                "cpu_percent": 66.5,
                "timestamp": 1778777359.447749
            },
            {
                "memory_mb": 135.2421875,
                "cpu_percent": 0.0,
                "timestamp": 1778777360.5009642
            },
            {
                "memory_mb": 135.25,
                "cpu_percent": 67.4,
                "timestamp": 1778777361.5543525
            },
            {
                "memory_mb": 144.953125,
                "cpu_percent": 2.8,
                "timestamp": 1778777362.6077564
            },
            {
                "memory_mb": 135.2421875,
                "cpu_percent": 15.2,
                "timestamp": 1778777363.6573486
            },
            {
                "memory_mb": 135.24609375,
                "cpu_percent": 59.9,
                "timestamp": 1778777364.709254
            },
            {
                "memory_mb": 144.953125,
                "cpu_percent": 24.7,
                "timestamp": 1778777365.7599163
            },
            {
                "memory_mb": 144.953125,
                "cpu_percent": 69.6,
                "timestamp": 1778777366.8085656
            },
            {
                "memory_mb": 135.25,
                "cpu_percent": 38.8,
                "timestamp": 1778777367.8639061
            },
            {
                "memory_mb": 135.25390625,
                "cpu_percent": 36.2,
                "timestamp": 1778777368.9132352
            },
            {
                "memory_mb": 135.25390625,
                "cpu_percent": 33.2,
                "timestamp": 1778777369.9670572
            },
            {
                "memory_mb": 135.2421875,
                "cpu_percent": 4.7,
                "timestamp": 1778777371.0203197
            },
            {
                "memory_mb": 135.2421875,
                "cpu_percent": 49.5,
                "timestamp": 1778777372.0699937
            },
            {
                "memory_mb": 135.24609375,
                "cpu_percent": 24.7,
                "timestamp": 1778777373.1230257
            },
            {
                "memory_mb": 144.953125,
                "cpu_percent": 62.0,
                "timestamp": 1778777374.1720746
            },
            {
                "memory_mb": 144.95703125,
                "cpu_percent": 69.5,
                "timestamp": 1778777375.2218301
            },
            {
                "memory_mb": 135.25,
                "cpu_percent": 0.9,
                "timestamp": 1778777376.274961
            },
            {
                "memory_mb": 135.2578125,
                "cpu_percent": 66.4,
                "timestamp": 1778777377.3285768
            },
            {
                "memory_mb": 144.953125,
                "cpu_percent": 4.7,
                "timestamp": 1778777378.3825176
            },
            {
                "memory_mb": 135.24609375,
                "cpu_percent": 2.8,
                "timestamp": 1778777379.4356935
            },
            {
                "memory_mb": 135.2421875,
                "cpu_percent": 71.2,
                "timestamp": 1778777380.4893286
            },
            {
                "memory_mb": 144.95703125,
                "cpu_percent": 5.7,
                "timestamp": 1778777381.543111
            },
            {
                "memory_mb": 144.95703125,
                "cpu_percent": 66.4,
                "timestamp": 1778777382.5970492
            },
            {
                "memory_mb": 135.25390625,
                "cpu_percent": 60.7,
                "timestamp": 1778777383.6506827
            },
            {
                "memory_mb": 135.2578125,
                "cpu_percent": 13.3,
                "timestamp": 1778777384.6998725
            },
            {
                "memory_mb": 135.2578125,
                "cpu_percent": 55.9,
                "timestamp": 1778777385.7554598
            },
            {
                "memory_mb": 144.95703125,
                "cpu_percent": 2.8,
                "timestamp": 1778777386.8093367
            },
            {
                "memory_mb": 135.24609375,
                "cpu_percent": 30.5,
                "timestamp": 1778777387.85876
            },
            {
                "memory_mb": 135.25,
                "cpu_percent": 46.5,
                "timestamp": 1778777388.9127655
            },
            {
                "memory_mb": 144.95703125,
                "cpu_percent": 40.0,
                "timestamp": 1778777389.9618926
            },
            {
                "memory_mb": 144.9609375,
                "cpu_percent": 68.7,
                "timestamp": 1778777391.0106544
            },
            {
                "memory_mb": 135.2578125,
                "cpu_percent": 22.8,
                "timestamp": 1778777392.0634506
            },
            {
                "memory_mb": 135.26171875,
                "cpu_percent": 53.4,
                "timestamp": 1778777393.1125884
            },
            {
                "memory_mb": 144.96875,
                "cpu_percent": 18.1,
                "timestamp": 1778777394.163242
            },
            {
                "memory_mb": 135.265625,
                "cpu_percent": 3.8,
                "timestamp": 1778777395.2176585
            },
            {
                "memory_mb": 135.265625,
                "cpu_percent": 66.7,
                "timestamp": 1778777396.2676175
            },
            {
                "memory_mb": 135.26953125,
                "cpu_percent": 7.6,
                "timestamp": 1778777397.3221035
            },
            {
                "memory_mb": 144.96875,
                "cpu_percent": 77.2,
                "timestamp": 1778777398.370909
            },
            {
                "memory_mb": 135.24609375,
                "cpu_percent": 80.0,
                "timestamp": 1778777399.4203355
            },
            {
                "memory_mb": 135.2421875,
                "cpu_percent": 0.0,
                "timestamp": 1778777400.4741213
            },
            {
                "memory_mb": 135.25,
                "cpu_percent": 81.5,
                "timestamp": 1778777401.529264
            },
            {
                "memory_mb": 144.96875,
                "cpu_percent": 4.7,
                "timestamp": 1778777402.5829873
            },
            {
                "memory_mb": 135.26171875,
                "cpu_percent": 8.6,
                "timestamp": 1778777403.635362
            },
            {
                "memory_mb": 135.265625,
                "cpu_percent": 64.5,
                "timestamp": 1778777404.6888895
            },
            {
                "memory_mb": 144.96875,
                "cpu_percent": 19.1,
                "timestamp": 1778777405.738409
            },
            {
                "memory_mb": 144.97265625,
                "cpu_percent": 68.6,
                "timestamp": 1778777406.7875533
            },
            {
                "memory_mb": 135.26953125,
                "cpu_percent": 45.6,
                "timestamp": 1778777407.8410623
            },
            {
                "memory_mb": 135.2734375,
                "cpu_percent": 29.5,
                "timestamp": 1778777408.8904595
            },
            {
                "memory_mb": 135.2734375,
                "cpu_percent": 39.9,
                "timestamp": 1778777409.9442842
            },
            {
                "memory_mb": 135.26953125,
                "cpu_percent": 4.7,
                "timestamp": 1778777410.9981
            },
            {
                "memory_mb": 135.26953125,
                "cpu_percent": 44.8,
                "timestamp": 1778777412.0476234
            },
            {
                "memory_mb": 135.2734375,
                "cpu_percent": 30.4,
                "timestamp": 1778777413.1013458
            },
            {
                "memory_mb": 144.96875,
                "cpu_percent": 55.3,
                "timestamp": 1778777414.1503444
            },
            {
                "memory_mb": 144.96875,
                "cpu_percent": 70.4,
                "timestamp": 1778777415.2012658
            },
            {
                "memory_mb": 135.24609375,
                "cpu_percent": 8.5,
                "timestamp": 1778777416.2561257
            },
            {
                "memory_mb": 135.25390625,
                "cpu_percent": 65.8,
                "timestamp": 1778777417.3053083
            },
            {
                "memory_mb": 144.96875,
                "cpu_percent": 3.8,
                "timestamp": 1778777418.3594265
            },
            {
                "memory_mb": 135.265625,
                "cpu_percent": 2.8,
                "timestamp": 1778777419.4128199
            },
            {
                "memory_mb": 135.26171875,
                "cpu_percent": 70.2,
                "timestamp": 1778777420.4665499
            },
            {
                "memory_mb": 135.26953125,
                "cpu_percent": 4.7,
                "timestamp": 1778777421.520523
            },
            {
                "memory_mb": 144.96875,
                "cpu_percent": 63.5,
                "timestamp": 1778777422.5752406
            },
            {
                "memory_mb": 135.26953125,
                "cpu_percent": 65.5,
                "timestamp": 1778777423.629468
            },
            {
                "memory_mb": 135.2734375,
                "cpu_percent": 9.5,
                "timestamp": 1778777424.679244
            },
            {
                "memory_mb": 135.2734375,
                "cpu_percent": 59.8,
                "timestamp": 1778777425.7323396
            },
            {
                "memory_mb": 144.97265625,
                "cpu_percent": 2.8,
                "timestamp": 1778777426.7861986
            },
            {
                "memory_mb": 135.26953125,
                "cpu_percent": 25.7,
                "timestamp": 1778777427.83509
            },
            {
                "memory_mb": 135.2734375,
                "cpu_percent": 50.3,
                "timestamp": 1778777428.8878896
            },
            {
                "memory_mb": 144.96875,
                "cpu_percent": 35.3,
                "timestamp": 1778777429.9371085
            },
            {
                "memory_mb": 144.96875,
                "cpu_percent": 68.6,
                "timestamp": 1778777430.9862986
            },
            {
                "memory_mb": 135.25,
                "cpu_percent": 28.5,
                "timestamp": 1778777432.0394168
            },
            {
                "memory_mb": 135.25390625,
                "cpu_percent": 46.7,
                "timestamp": 1778777433.0890095
            },
            {
                "memory_mb": 143.98046875,
                "cpu_percent": 24.7,
                "timestamp": 1778777434.1428943
            },
            {
                "memory_mb": 135.26953125,
                "cpu_percent": 2.8,
                "timestamp": 1778777435.1980705
            },
            {
                "memory_mb": 135.26953125,
                "cpu_percent": 61.0,
                "timestamp": 1778777436.247262
            },
            {
                "memory_mb": 135.2734375,
                "cpu_percent": 13.3,
                "timestamp": 1778777437.300526
            },
            {
                "memory_mb": 144.97265625,
                "cpu_percent": 68.6,
                "timestamp": 1778777438.349351
            },
            {
                "memory_mb": 135.25390625,
                "cpu_percent": 65.5,
                "timestamp": 1778777439.402998
            },
            {
                "memory_mb": 135.25,
                "cpu_percent": 0.0,
                "timestamp": 1778777440.4569838
            },
            {
                "memory_mb": 135.2578125,
                "cpu_percent": 66.4,
                "timestamp": 1778777441.5113184
            },
            {
                "memory_mb": 144.97265625,
                "cpu_percent": 3.8,
                "timestamp": 1778777442.5649905
            },
            {
                "memory_mb": 135.27734375,
                "cpu_percent": 2.8,
                "timestamp": 1778777443.6186047
            },
            {
                "memory_mb": 135.28125,
                "cpu_percent": 72.3,
                "timestamp": 1778777444.6704364
            },
            {
                "memory_mb": 144.98046875,
                "cpu_percent": 15.1,
                "timestamp": 1778777445.7335327
            },
            {
                "memory_mb": 144.98046875,
                "cpu_percent": 68.6,
                "timestamp": 1778777446.7836843
            },
            {
                "memory_mb": 135.2578125,
                "cpu_percent": 49.3,
                "timestamp": 1778777447.8373818
            },
            {
                "memory_mb": 135.26171875,
                "cpu_percent": 25.7,
                "timestamp": 1778777448.8869915
            },
            {
                "memory_mb": 135.26171875,
                "cpu_percent": 42.7,
                "timestamp": 1778777449.9417691
            },
            {
                "memory_mb": 135.27734375,
                "cpu_percent": 5.7,
                "timestamp": 1778777450.9955275
            },
            {
                "memory_mb": 135.27734375,
                "cpu_percent": 40.0,
                "timestamp": 1778777452.0450783
            },
            {
                "memory_mb": 135.28125,
                "cpu_percent": 32.3,
                "timestamp": 1778777453.0980022
            },
            {
                "memory_mb": 144.98046875,
                "cpu_percent": 52.4,
                "timestamp": 1778777454.1477232
            },
            {
                "memory_mb": 144.98046875,
                "cpu_percent": 68.6,
                "timestamp": 1778777455.196676
            },
            {
                "memory_mb": 135.2578125,
                "cpu_percent": 10.4,
                "timestamp": 1778777456.2504783
            },
            {
                "memory_mb": 135.26171875,
                "cpu_percent": 64.8,
                "timestamp": 1778777457.2998126
            },
            {
                "memory_mb": 144.9765625,
                "cpu_percent": 6.6,
                "timestamp": 1778777458.3531694
            },
            {
                "memory_mb": 135.27734375,
                "cpu_percent": 2.8,
                "timestamp": 1778777459.4070485
            },
            {
                "memory_mb": 135.2734375,
                "cpu_percent": 69.3,
                "timestamp": 1778777460.46075
            },
            {
                "memory_mb": 135.28125,
                "cpu_percent": 4.7,
                "timestamp": 1778777461.515116
            },
            {
                "memory_mb": 144.9765625,
                "cpu_percent": 70.4,
                "timestamp": 1778777462.4808319
            }
        ]
    }
}
