{
    "active_periods": [
        {
            "start": 1777231220.445089,
            "end": 1777231524.424295,
            "duration_sec": 303.9792058467865,
            "tasks_completed": 364,
            "throughput_tps": 1.1974503288342215
        }
    ],
    "history": [
        {
            "timestamp": 1777231220.445089,
            "messages": 0,
            "ack": 114284
        },
        {
            "timestamp": 1777231225.452045,
            "messages": 0,
            "ack": 114284
        },
        {
            "timestamp": 1777231230.458192,
            "messages": 2,
            "ack": 114290
        },
        {
            "timestamp": 1777231235.463462,
            "messages": 4,
            "ack": 114296
        },
        {
            "timestamp": 1777231240.46815,
            "messages": 4,
            "ack": 114302
        },
        {
            "timestamp": 1777231245.474237,
            "messages": 3,
            "ack": 114308
        },
        {
            "timestamp": 1777231250.480167,
            "messages": 2,
            "ack": 114314
        },
        {
            "timestamp": 1777231255.484885,
            "messages": 2,
            "ack": 114320
        },
        {
            "timestamp": 1777231260.489417,
            "messages": 4,
            "ack": 114326
        },
        {
            "timestamp": 1777231265.494254,
            "messages": 4,
            "ack": 114332
        },
        {
            "timestamp": 1777231270.499396,
            "messages": 2,
            "ack": 114338
        },
        {
            "timestamp": 1777231275.505093,
            "messages": 4,
            "ack": 114344
        },
        {
            "timestamp": 1777231280.510156,
            "messages": 4,
            "ack": 114350
        },
        {
            "timestamp": 1777231285.515547,
            "messages": 4,
            "ack": 114356
        },
        {
            "timestamp": 1777231290.52012,
            "messages": 4,
            "ack": 114362
        },
        {
            "timestamp": 1777231295.525126,
            "messages": 4,
            "ack": 114368
        },
        {
            "timestamp": 1777231300.530081,
            "messages": 6,
            "ack": 114374
        },
        {
            "timestamp": 1777231305.535712,
            "messages": 4,
            "ack": 114380
        },
        {
            "timestamp": 1777231310.54012,
            "messages": 4,
            "ack": 114386
        },
        {
            "timestamp": 1777231315.545152,
            "messages": 6,
            "ack": 114392
        },
        {
            "timestamp": 1777231320.549811,
            "messages": 6,
            "ack": 114398
        },
        {
            "timestamp": 1777231325.554895,
            "messages": 4,
            "ack": 114404
        },
        {
            "timestamp": 1777231330.560169,
            "messages": 4,
            "ack": 114410
        },
        {
            "timestamp": 1777231335.564884,
            "messages": 6,
            "ack": 114416
        },
        {
            "timestamp": 1777231340.57043,
            "messages": 6,
            "ack": 114423
        },
        {
            "timestamp": 1777231345.575887,
            "messages": 7,
            "ack": 114430
        },
        {
            "timestamp": 1777231350.581844,
            "messages": 6,
            "ack": 114436
        },
        {
            "timestamp": 1777231355.586472,
            "messages": 6,
            "ack": 114442
        },
        {
            "timestamp": 1777231360.590866,
            "messages": 8,
            "ack": 114448
        },
        {
            "timestamp": 1777231365.595881,
            "messages": 7,
            "ack": 114454
        },
        {
            "timestamp": 1777231370.600648,
            "messages": 6,
            "ack": 114460
        },
        {
            "timestamp": 1777231375.604484,
            "messages": 6,
            "ack": 114466
        },
        {
            "timestamp": 1777231380.609079,
            "messages": 6,
            "ack": 114472
        },
        {
            "timestamp": 1777231385.613785,
            "messages": 8,
            "ack": 114478
        },
        {
            "timestamp": 1777231390.619263,
            "messages": 8,
            "ack": 114484
        },
        {
            "timestamp": 1777231395.625018,
            "messages": 6,
            "ack": 114490
        },
        {
            "timestamp": 1777231400.629969,
            "messages": 8,
            "ack": 114496
        },
        {
            "timestamp": 1777231405.635193,
            "messages": 8,
            "ack": 114502
        },
        {
            "timestamp": 1777231410.640886,
            "messages": 6,
            "ack": 114508
        },
        {
            "timestamp": 1777231415.646989,
            "messages": 8,
            "ack": 114514
        },
        {
            "timestamp": 1777231420.652262,
            "messages": 8,
            "ack": 114520
        },
        {
            "timestamp": 1777231425.657653,
            "messages": 10,
            "ack": 114526
        },
        {
            "timestamp": 1777231430.663282,
            "messages": 8,
            "ack": 114532
        },
        {
            "timestamp": 1777231435.668889,
            "messages": 8,
            "ack": 114538
        },
        {
            "timestamp": 1777231440.674022,
            "messages": 10,
            "ack": 114546
        },
        {
            "timestamp": 1777231445.678936,
            "messages": 10,
            "ack": 114552
        },
        {
            "timestamp": 1777231450.683649,
            "messages": 8,
            "ack": 114558
        },
        {
            "timestamp": 1777231455.688037,
            "messages": 8,
            "ack": 114564
        },
        {
            "timestamp": 1777231460.692636,
            "messages": 8,
            "ack": 114570
        },
        {
            "timestamp": 1777231465.696767,
            "messages": 10,
            "ack": 114576
        },
        {
            "timestamp": 1777231470.701632,
            "messages": 10,
            "ack": 114582
        },
        {
            "timestamp": 1777231475.70584,
            "messages": 9,
            "ack": 114588
        },
        {
            "timestamp": 1777231480.711482,
            "messages": 8,
            "ack": 114594
        },
        {
            "timestamp": 1777231485.716141,
            "messages": 10,
            "ack": 114600
        },
        {
            "timestamp": 1777231490.720913,
            "messages": 10,
            "ack": 114606
        },
        {
            "timestamp": 1777231495.726367,
            "messages": 10,
            "ack": 114612
        },
        {
            "timestamp": 1777231500.730743,
            "messages": 10,
            "ack": 114618
        },
        {
            "timestamp": 1777231505.736506,
            "messages": 12,
            "ack": 114624
        },
        {
            "timestamp": 1777231510.741929,
            "messages": 10,
            "ack": 114630
        },
        {
            "timestamp": 1777231515.747183,
            "messages": 10,
            "ack": 114636
        },
        {
            "timestamp": 1777231520.751953,
            "messages": 12,
            "ack": 114642
        },
        {
            "timestamp": 1777231524.412829,
            "messages": 12,
            "ack": 114648
        }
    ]
}