{
    "295299": {
        "ppid": "254983",
        "name": "celery",
        "cmdline": "/home/experimenter/projects/celery-autoscale/.venv/bin/python3 /home/experimenter/projects/celery-autoscale/.venv/bin/celery -A celery_app worker --loglevel=INFO --concurrency=4 --pool=gevent",
        "create_time": "2026-05-14T21:45:42.400000",
        "last_update": "2026-05-14T21:50:44.188256",
        "voluntary_ctxt_switches": 2211,
        "nonvoluntary_ctxt_switches": 917,
        "jiffies": 11856,
        "stats": [
            {
                "memory_mb": 48.20703125,
                "cpu_percent": 0.0,
                "timestamp": 1778784343.4628766
            },
            {
                "memory_mb": 48.515625,
                "cpu_percent": 40.1,
                "timestamp": 1778784344.5109394
            },
            {
                "memory_mb": 112.71875,
                "cpu_percent": 35.2,
                "timestamp": 1778784345.563178
            },
            {
                "memory_mb": 140.12109375,
                "cpu_percent": 79.1,
                "timestamp": 1778784346.612254
            },
            {
                "memory_mb": 140.1171875,
                "cpu_percent": 56.1,
                "timestamp": 1778784347.6643584
            },
            {
                "memory_mb": 139.34765625,
                "cpu_percent": 2.9,
                "timestamp": 1778784348.715766
            },
            {
                "memory_mb": 139.3515625,
                "cpu_percent": 82.9,
                "timestamp": 1778784349.7647443
            },
            {
                "memory_mb": 139.35546875,
                "cpu_percent": 57.0,
                "timestamp": 1778784350.8167176
            },
            {
                "memory_mb": 140.76953125,
                "cpu_percent": 52.5,
                "timestamp": 1778784351.8640752
            },
            {
                "memory_mb": 130.45703125,
                "cpu_percent": 20.0,
                "timestamp": 1778784352.9157717
            },
            {
                "memory_mb": 130.46875,
                "cpu_percent": 5.7,
                "timestamp": 1778784353.9620016
            },
            {
                "memory_mb": 130.47265625,
                "cpu_percent": 73.5,
                "timestamp": 1778784355.0098503
            },
            {
                "memory_mb": 201.5390625,
                "cpu_percent": 64.7,
                "timestamp": 1778784356.0616765
            },
            {
                "memory_mb": 230.14453125,
                "cpu_percent": 7.6,
                "timestamp": 1778784357.1136477
            },
            {
                "memory_mb": 230.14453125,
                "cpu_percent": 0.9,
                "timestamp": 1778784358.1668217
            },
            {
                "memory_mb": 230.1484375,
                "cpu_percent": 29.6,
                "timestamp": 1778784359.2138722
            },
            {
                "memory_mb": 230.16015625,
                "cpu_percent": 39.0,
                "timestamp": 1778784360.2654738
            },
            {
                "memory_mb": 230.24609375,
                "cpu_percent": 69.6,
                "timestamp": 1778784361.3144355
            },
            {
                "memory_mb": 230.2421875,
                "cpu_percent": 71.3,
                "timestamp": 1778784362.3661668
            },
            {
                "memory_mb": 225.92578125,
                "cpu_percent": 1.9,
                "timestamp": 1778784363.420885
            },
            {
                "memory_mb": 225.9296875,
                "cpu_percent": 52.5,
                "timestamp": 1778784364.4684577
            },
            {
                "memory_mb": 225.94140625,
                "cpu_percent": 80.8,
                "timestamp": 1778784365.52026
            },
            {
                "memory_mb": 225.93359375,
                "cpu_percent": 28.6,
                "timestamp": 1778784366.5684128
            },
            {
                "memory_mb": 218.328125,
                "cpu_percent": 43.7,
                "timestamp": 1778784367.6202438
            },
            {
                "memory_mb": 218.328125,
                "cpu_percent": 0.0,
                "timestamp": 1778784368.6717815
            },
            {
                "memory_mb": 218.34375,
                "cpu_percent": 67.5,
                "timestamp": 1778784369.7240033
            },
            {
                "memory_mb": 218.3359375,
                "cpu_percent": 75.2,
                "timestamp": 1778784370.7747483
            },
            {
                "memory_mb": 232.2109375,
                "cpu_percent": 4.8,
                "timestamp": 1778784371.8270345
            },
            {
                "memory_mb": 230.1484375,
                "cpu_percent": 4.8,
                "timestamp": 1778784372.8789008
            },
            {
                "memory_mb": 230.15234375,
                "cpu_percent": 1.9,
                "timestamp": 1778784373.9337845
            },
            {
                "memory_mb": 230.1640625,
                "cpu_percent": 64.6,
                "timestamp": 1778784374.98576
            },
            {
                "memory_mb": 230.16015625,
                "cpu_percent": 44.9,
                "timestamp": 1778784376.0335739
            },
            {
                "memory_mb": 230.15234375,
                "cpu_percent": 90.3,
                "timestamp": 1778784377.08594
            },
            {
                "memory_mb": 204.296875,
                "cpu_percent": 2.9,
                "timestamp": 1778784378.1379077
            },
            {
                "memory_mb": 204.30078125,
                "cpu_percent": 23.9,
                "timestamp": 1778784379.1852806
            },
            {
                "memory_mb": 204.30859375,
                "cpu_percent": 100.2,
                "timestamp": 1778784380.2327967
            },
            {
                "memory_mb": 204.30859375,
                "cpu_percent": 9.5,
                "timestamp": 1778784381.2845528
            },
            {
                "memory_mb": 204.296875,
                "cpu_percent": 71.3,
                "timestamp": 1778784382.3366742
            },
            {
                "memory_mb": 204.296875,
                "cpu_percent": 0.0,
                "timestamp": 1778784383.3883963
            },
            {
                "memory_mb": 204.30859375,
                "cpu_percent": 47.7,
                "timestamp": 1778784384.4363549
            },
            {
                "memory_mb": 204.3125,
                "cpu_percent": 70.7,
                "timestamp": 1778784385.4837039
            },
            {
                "memory_mb": 232.21484375,
                "cpu_percent": 24.7,
                "timestamp": 1778784386.5355504
            },
            {
                "memory_mb": 230.15234375,
                "cpu_percent": 4.8,
                "timestamp": 1778784387.5879426
            },
            {
                "memory_mb": 230.15234375,
                "cpu_percent": 0.0,
                "timestamp": 1778784388.640094
            },
            {
                "memory_mb": 230.16796875,
                "cpu_percent": 66.8,
                "timestamp": 1778784389.687414
            },
            {
                "memory_mb": 230.1640625,
                "cpu_percent": 14.3,
                "timestamp": 1778784390.7343915
            },
            {
                "memory_mb": 230.16015625,
                "cpu_percent": 99.3,
                "timestamp": 1778784391.7817378
            },
            {
                "memory_mb": 204.296875,
                "cpu_percent": 26.6,
                "timestamp": 1778784392.834049
            },
            {
                "memory_mb": 204.296875,
                "cpu_percent": 0.0,
                "timestamp": 1778784393.8863173
            },
            {
                "memory_mb": 204.30859375,
                "cpu_percent": 94.4,
                "timestamp": 1778784394.9351718
            },
            {
                "memory_mb": 204.30859375,
                "cpu_percent": 39.0,
                "timestamp": 1778784395.9867113
            },
            {
                "memory_mb": 204.30078125,
                "cpu_percent": 70.7,
                "timestamp": 1778784397.0340831
            },
            {
                "memory_mb": 204.296875,
                "cpu_percent": 1.0,
                "timestamp": 1778784398.0858035
            },
            {
                "memory_mb": 204.30859375,
                "cpu_percent": 17.2,
                "timestamp": 1778784399.133044
            },
            {
                "memory_mb": 204.3125,
                "cpu_percent": 72.6,
                "timestamp": 1778784400.180552
            },
            {
                "memory_mb": 223.078125,
                "cpu_percent": 53.2,
                "timestamp": 1778784401.2329187
            },
            {
                "memory_mb": 230.15625,
                "cpu_percent": 4.8,
                "timestamp": 1778784402.2848554
            },
            {
                "memory_mb": 230.15625,
                "cpu_percent": 1.0,
                "timestamp": 1778784403.3369324
            },
            {
                "memory_mb": 230.16015625,
                "cpu_percent": 42.0,
                "timestamp": 1778784404.3840976
            },
            {
                "memory_mb": 230.171875,
                "cpu_percent": 28.6,
                "timestamp": 1778784405.4346611
            },
            {
                "memory_mb": 230.1640625,
                "cpu_percent": 81.1,
                "timestamp": 1778784406.482109
            },
            {
                "memory_mb": 230.16015625,
                "cpu_percent": 55.1,
                "timestamp": 1778784407.5338633
            },
            {
                "memory_mb": 204.30078125,
                "cpu_percent": 2.9,
                "timestamp": 1778784408.5857294
            },
            {
                "memory_mb": 204.3046875,
                "cpu_percent": 64.0,
                "timestamp": 1778784409.6334002
            },
            {
                "memory_mb": 204.3125,
                "cpu_percent": 70.4,
                "timestamp": 1778784410.68455
            },
            {
                "memory_mb": 204.30859375,
                "cpu_percent": 39.1,
                "timestamp": 1778784411.7324114
            },
            {
                "memory_mb": 204.3046875,
                "cpu_percent": 34.2,
                "timestamp": 1778784412.784841
            },
            {
                "memory_mb": 204.3046875,
                "cpu_percent": 0.0,
                "timestamp": 1778784413.8365886
            },
            {
                "memory_mb": 204.3203125,
                "cpu_percent": 69.4,
                "timestamp": 1778784414.8887248
            },
            {
                "memory_mb": 204.3125,
                "cpu_percent": 69.5,
                "timestamp": 1778784415.9385262
            },
            {
                "memory_mb": 232.2265625,
                "cpu_percent": 7.6,
                "timestamp": 1778784416.9861138
            },
            {
                "memory_mb": 230.171875,
                "cpu_percent": 1.9,
                "timestamp": 1778784418.0379834
            },
            {
                "memory_mb": 230.17578125,
                "cpu_percent": 12.4,
                "timestamp": 1778784419.0843482
            },
            {
                "memory_mb": 230.1875,
                "cpu_percent": 57.1,
                "timestamp": 1778784420.1357381
            },
            {
                "memory_mb": 230.18359375,
                "cpu_percent": 52.5,
                "timestamp": 1778784421.183374
            },
            {
                "memory_mb": 230.17578125,
                "cpu_percent": 85.5,
                "timestamp": 1778784422.235507
            },
            {
                "memory_mb": 204.3046875,
                "cpu_percent": 1.9,
                "timestamp": 1778784423.2871914
            },
            {
                "memory_mb": 204.30859375,
                "cpu_percent": 35.3,
                "timestamp": 1778784424.3344924
            },
            {
                "memory_mb": 204.3203125,
                "cpu_percent": 98.3,
                "timestamp": 1778784425.3822575
            },
            {
                "memory_mb": 204.3125,
                "cpu_percent": 11.5,
                "timestamp": 1778784426.4297132
            },
            {
                "memory_mb": 204.30859375,
                "cpu_percent": 61.8,
                "timestamp": 1778784427.4815714
            },
            {
                "memory_mb": 204.30859375,
                "cpu_percent": 0.0,
                "timestamp": 1778784428.533824
            },
            {
                "memory_mb": 204.3203125,
                "cpu_percent": 58.2,
                "timestamp": 1778784429.5820189
            },
            {
                "memory_mb": 204.32421875,
                "cpu_percent": 72.6,
                "timestamp": 1778784430.6295235
            },
            {
                "memory_mb": 232.2421875,
                "cpu_percent": 12.4,
                "timestamp": 1778784431.6812773
            },
            {
                "memory_mb": 230.1796875,
                "cpu_percent": 5.7,
                "timestamp": 1778784432.7334633
            },
            {
                "memory_mb": 230.1796875,
                "cpu_percent": 0.0,
                "timestamp": 1778784433.7856786
            },
            {
                "memory_mb": 230.1953125,
                "cpu_percent": 66.5,
                "timestamp": 1778784434.8385205
            },
            {
                "memory_mb": 230.19140625,
                "cpu_percent": 24.8,
                "timestamp": 1778784435.8861337
            },
            {
                "memory_mb": 230.1875,
                "cpu_percent": 100.2,
                "timestamp": 1778784436.9337811
            },
            {
                "memory_mb": 204.30859375,
                "cpu_percent": 18.1,
                "timestamp": 1778784437.9858425
            },
            {
                "memory_mb": 204.3125,
                "cpu_percent": 6.7,
                "timestamp": 1778784439.0349822
            },
            {
                "memory_mb": 204.3203125,
                "cpu_percent": 99.3,
                "timestamp": 1778784440.082467
            },
            {
                "memory_mb": 204.3203125,
                "cpu_percent": 32.3,
                "timestamp": 1778784441.134386
            },
            {
                "memory_mb": 204.30859375,
                "cpu_percent": 68.4,
                "timestamp": 1778784442.1863089
            },
            {
                "memory_mb": 204.30859375,
                "cpu_percent": 1.0,
                "timestamp": 1778784443.238348
            },
            {
                "memory_mb": 204.3203125,
                "cpu_percent": 28.6,
                "timestamp": 1778784444.286016
            },
            {
                "memory_mb": 204.32421875,
                "cpu_percent": 73.5,
                "timestamp": 1778784445.3332531
            },
            {
                "memory_mb": 232.2421875,
                "cpu_percent": 40.9,
                "timestamp": 1778784446.3833508
            },
            {
                "memory_mb": 230.1796875,
                "cpu_percent": 4.8,
                "timestamp": 1778784447.4351301
            },
            {
                "memory_mb": 230.1796875,
                "cpu_percent": 0.0,
                "timestamp": 1778784448.4875815
            },
            {
                "memory_mb": 230.18359375,
                "cpu_percent": 53.4,
                "timestamp": 1778784449.5357263
            },
            {
                "memory_mb": 230.1953125,
                "cpu_percent": 18.1,
                "timestamp": 1778784450.5870943
            },
            {
                "memory_mb": 230.1875,
                "cpu_percent": 90.7,
                "timestamp": 1778784451.6347444
            },
            {
                "memory_mb": 230.1875,
                "cpu_percent": 46.6,
                "timestamp": 1778784452.6864734
            },
            {
                "memory_mb": 205.4765625,
                "cpu_percent": 2.9,
                "timestamp": 1778784453.738112
            },
            {
                "memory_mb": 205.48828125,
                "cpu_percent": 76.3,
                "timestamp": 1778784454.78634
            },
            {
                "memory_mb": 205.4921875,
                "cpu_percent": 58.9,
                "timestamp": 1778784455.838291
            },
            {
                "memory_mb": 205.48828125,
                "cpu_percent": 49.6,
                "timestamp": 1778784456.8858314
            },
            {
                "memory_mb": 205.48046875,
                "cpu_percent": 21.9,
                "timestamp": 1778784457.9377518
            },
            {
                "memory_mb": 205.48046875,
                "cpu_percent": 0.0,
                "timestamp": 1778784458.9914348
            },
            {
                "memory_mb": 205.49609375,
                "cpu_percent": 72.3,
                "timestamp": 1778784460.0431805
            },
            {
                "memory_mb": 205.48828125,
                "cpu_percent": 65.6,
                "timestamp": 1778784461.0952175
            },
            {
                "memory_mb": 230.18359375,
                "cpu_percent": 8.6,
                "timestamp": 1778784462.146904
            },
            {
                "memory_mb": 230.18359375,
                "cpu_percent": 0.0,
                "timestamp": 1778784463.1987443
            },
            {
                "memory_mb": 230.1875,
                "cpu_percent": 24.8,
                "timestamp": 1778784464.2462285
            },
            {
                "memory_mb": 230.19921875,
                "cpu_percent": 44.7,
                "timestamp": 1778784465.2981873
            },
            {
                "memory_mb": 230.1953125,
                "cpu_percent": 64.9,
                "timestamp": 1778784466.3457525
            },
            {
                "memory_mb": 230.1875,
                "cpu_percent": 70.4,
                "timestamp": 1778784467.3975832
            },
            {
                "memory_mb": 204.31640625,
                "cpu_percent": 1.9,
                "timestamp": 1778784468.4492083
            },
            {
                "memory_mb": 204.3203125,
                "cpu_percent": 46.8,
                "timestamp": 1778784469.4968936
            },
            {
                "memory_mb": 204.33203125,
                "cpu_percent": 87.4,
                "timestamp": 1778784470.5489397
            },
            {
                "memory_mb": 204.32421875,
                "cpu_percent": 22.0,
                "timestamp": 1778784471.5966916
            },
            {
                "memory_mb": 204.3203125,
                "cpu_percent": 50.4,
                "timestamp": 1778784472.6490965
            },
            {
                "memory_mb": 204.3203125,
                "cpu_percent": 0.0,
                "timestamp": 1778784473.7012377
            },
            {
                "memory_mb": 204.3359375,
                "cpu_percent": 68.7,
                "timestamp": 1778784474.7497065
            },
            {
                "memory_mb": 204.328125,
                "cpu_percent": 69.4,
                "timestamp": 1778784475.8015296
            },
            {
                "memory_mb": 232.2578125,
                "cpu_percent": 6.7,
                "timestamp": 1778784476.8533747
            },
            {
                "memory_mb": 230.1953125,
                "cpu_percent": 4.8,
                "timestamp": 1778784477.905206
            },
            {
                "memory_mb": 230.1953125,
                "cpu_percent": 0.0,
                "timestamp": 1778784478.9578238
            },
            {
                "memory_mb": 230.2109375,
                "cpu_percent": 68.3,
                "timestamp": 1778784480.012467
            },
            {
                "memory_mb": 230.20703125,
                "cpu_percent": 36.3,
                "timestamp": 1778784481.0603325
            },
            {
                "memory_mb": 230.203125,
                "cpu_percent": 100.2,
                "timestamp": 1778784482.1078222
            },
            {
                "memory_mb": 204.3203125,
                "cpu_percent": 3.8,
                "timestamp": 1778784483.1598554
            },
            {
                "memory_mb": 204.32421875,
                "cpu_percent": 18.1,
                "timestamp": 1778784484.2075934
            },
            {
                "memory_mb": 204.33203125,
                "cpu_percent": 100.2,
                "timestamp": 1778784485.255261
            },
            {
                "memory_mb": 204.33203125,
                "cpu_percent": 20.0,
                "timestamp": 1778784486.3069122
            },
            {
                "memory_mb": 204.32421875,
                "cpu_percent": 68.4,
                "timestamp": 1778784487.358838
            },
            {
                "memory_mb": 204.32421875,
                "cpu_percent": 0.0,
                "timestamp": 1778784488.4108608
            },
            {
                "memory_mb": 204.3359375,
                "cpu_percent": 42.0,
                "timestamp": 1778784489.4583921
            },
            {
                "memory_mb": 204.33984375,
                "cpu_percent": 73.5,
                "timestamp": 1778784490.5056627
            },
            {
                "memory_mb": 232.265625,
                "cpu_percent": 28.5,
                "timestamp": 1778784491.5578737
            },
            {
                "memory_mb": 230.203125,
                "cpu_percent": 4.8,
                "timestamp": 1778784492.6099463
            },
            {
                "memory_mb": 230.203125,
                "cpu_percent": 0.0,
                "timestamp": 1778784493.661592
            },
            {
                "memory_mb": 230.20703125,
                "cpu_percent": 66.8,
                "timestamp": 1778784494.7093425
            },
            {
                "memory_mb": 230.21875,
                "cpu_percent": 8.6,
                "timestamp": 1778784495.761216
            },
            {
                "memory_mb": 230.21484375,
                "cpu_percent": 100.2,
                "timestamp": 1778784496.8089457
            },
            {
                "memory_mb": 204.88671875,
                "cpu_percent": 34.2,
                "timestamp": 1778784497.8612792
            },
            {
                "memory_mb": 204.88671875,
                "cpu_percent": 0.0,
                "timestamp": 1778784498.9130352
            },
            {
                "memory_mb": 204.8984375,
                "cpu_percent": 88.7,
                "timestamp": 1778784499.9619997
            },
            {
                "memory_mb": 204.8984375,
                "cpu_percent": 46.6,
                "timestamp": 1778784501.013749
            },
            {
                "memory_mb": 204.89453125,
                "cpu_percent": 62.1,
                "timestamp": 1778784502.061153
            },
            {
                "memory_mb": 204.88671875,
                "cpu_percent": 8.6,
                "timestamp": 1778784503.1131985
            },
            {
                "memory_mb": 204.8984375,
                "cpu_percent": 11.5,
                "timestamp": 1778784504.1603408
            },
            {
                "memory_mb": 204.90234375,
                "cpu_percent": 73.5,
                "timestamp": 1778784505.2077074
            },
            {
                "memory_mb": 205.32421875,
                "cpu_percent": 54.2,
                "timestamp": 1778784506.2596457
            },
            {
                "memory_mb": 230.203125,
                "cpu_percent": 7.6,
                "timestamp": 1778784507.3114457
            },
            {
                "memory_mb": 230.203125,
                "cpu_percent": 0.0,
                "timestamp": 1778784508.3633964
            },
            {
                "memory_mb": 230.20703125,
                "cpu_percent": 36.3,
                "timestamp": 1778784509.4103377
            },
            {
                "memory_mb": 230.21875,
                "cpu_percent": 34.2,
                "timestamp": 1778784510.4622157
            },
            {
                "memory_mb": 230.2109375,
                "cpu_percent": 75.4,
                "timestamp": 1778784511.5099735
            },
            {
                "memory_mb": 230.20703125,
                "cpu_percent": 58.0,
                "timestamp": 1778784512.5615573
            },
            {
                "memory_mb": 204.33203125,
                "cpu_percent": 2.8,
                "timestamp": 1778784513.6143591
            },
            {
                "memory_mb": 204.3359375,
                "cpu_percent": 59.2,
                "timestamp": 1778784514.6621304
            },
            {
                "memory_mb": 204.34765625,
                "cpu_percent": 74.2,
                "timestamp": 1778784515.7140434
            },
            {
                "memory_mb": 204.34375,
                "cpu_percent": 34.4,
                "timestamp": 1778784516.7617111
            },
            {
                "memory_mb": 204.3359375,
                "cpu_percent": 39.0,
                "timestamp": 1778784517.8136716
            },
            {
                "memory_mb": 204.3359375,
                "cpu_percent": 0.0,
                "timestamp": 1778784518.865703
            },
            {
                "memory_mb": 204.3515625,
                "cpu_percent": 69.5,
                "timestamp": 1778784519.916092
            },
            {
                "memory_mb": 204.34375,
                "cpu_percent": 68.4,
                "timestamp": 1778784520.9681935
            },
            {
                "memory_mb": 232.2734375,
                "cpu_percent": 7.6,
                "timestamp": 1778784522.0205839
            },
            {
                "memory_mb": 230.2109375,
                "cpu_percent": 2.9,
                "timestamp": 1778784523.0725539
            },
            {
                "memory_mb": 230.21484375,
                "cpu_percent": 6.7,
                "timestamp": 1778784524.118978
            },
            {
                "memory_mb": 230.2265625,
                "cpu_percent": 61.8,
                "timestamp": 1778784525.170959
            },
            {
                "memory_mb": 230.22265625,
                "cpu_percent": 47.7,
                "timestamp": 1778784526.2189128
            },
            {
                "memory_mb": 230.21484375,
                "cpu_percent": 89.4,
                "timestamp": 1778784527.2707798
            },
            {
                "memory_mb": 204.890625,
                "cpu_percent": 3.8,
                "timestamp": 1778784528.32305
            },
            {
                "memory_mb": 204.89453125,
                "cpu_percent": 29.6,
                "timestamp": 1778784529.3705494
            },
            {
                "memory_mb": 204.90234375,
                "cpu_percent": 100.2,
                "timestamp": 1778784530.418051
            },
            {
                "memory_mb": 204.8984375,
                "cpu_percent": 9.5,
                "timestamp": 1778784531.470196
            },
            {
                "memory_mb": 204.890625,
                "cpu_percent": 66.5,
                "timestamp": 1778784532.5225956
            },
            {
                "memory_mb": 204.890625,
                "cpu_percent": 0.0,
                "timestamp": 1778784533.5746133
            },
            {
                "memory_mb": 204.90234375,
                "cpu_percent": 53.5,
                "timestamp": 1778784534.6216464
            },
            {
                "memory_mb": 204.90625,
                "cpu_percent": 72.6,
                "timestamp": 1778784535.6687858
            },
            {
                "memory_mb": 232.2734375,
                "cpu_percent": 19.0,
                "timestamp": 1778784536.7215602
            },
            {
                "memory_mb": 230.20703125,
                "cpu_percent": 4.8,
                "timestamp": 1778784537.7735677
            },
            {
                "memory_mb": 230.20703125,
                "cpu_percent": 1.0,
                "timestamp": 1778784538.824741
            },
            {
                "memory_mb": 230.22265625,
                "cpu_percent": 65.6,
                "timestamp": 1778784539.8771858
            },
            {
                "memory_mb": 230.21875,
                "cpu_percent": 21.0,
                "timestamp": 1778784540.9249265
            },
            {
                "memory_mb": 230.21484375,
                "cpu_percent": 100.2,
                "timestamp": 1778784541.9727404
            },
            {
                "memory_mb": 204.3359375,
                "cpu_percent": 18.1,
                "timestamp": 1778784543.0249166
            },
            {
                "memory_mb": 204.33984375,
                "cpu_percent": 0.9,
                "timestamp": 1778784544.0795114
            },
            {
                "memory_mb": 204.34765625,
                "cpu_percent": 99.2,
                "timestamp": 1778784545.127416
            },
            {
                "memory_mb": 204.34765625,
                "cpu_percent": 28.5,
                "timestamp": 1778784546.1783311
            },
            {
                "memory_mb": 204.33984375,
                "cpu_percent": 65.6,
                "timestamp": 1778784547.230244
            },
            {
                "memory_mb": 204.33984375,
                "cpu_percent": 0.0,
                "timestamp": 1778784548.2822576
            },
            {
                "memory_mb": 204.3515625,
                "cpu_percent": 24.8,
                "timestamp": 1778784549.329518
            },
            {
                "memory_mb": 204.35546875,
                "cpu_percent": 70.6,
                "timestamp": 1778784550.3775573
            },
            {
                "memory_mb": 232.27734375,
                "cpu_percent": 44.7,
                "timestamp": 1778784551.429558
            },
            {
                "memory_mb": 230.21484375,
                "cpu_percent": 4.8,
                "timestamp": 1778784552.481847
            },
            {
                "memory_mb": 230.21484375,
                "cpu_percent": 1.0,
                "timestamp": 1778784553.5339837
            },
            {
                "memory_mb": 230.21875,
                "cpu_percent": 48.7,
                "timestamp": 1778784554.5812926
            },
            {
                "memory_mb": 230.23046875,
                "cpu_percent": 22.8,
                "timestamp": 1778784555.6334105
            },
            {
                "memory_mb": 230.2265625,
                "cpu_percent": 87.7,
                "timestamp": 1778784556.6823785
            },
            {
                "memory_mb": 230.22265625,
                "cpu_percent": 47.5,
                "timestamp": 1778784557.7343602
            },
            {
                "memory_mb": 204.34375,
                "cpu_percent": 2.9,
                "timestamp": 1778784558.7861924
            },
            {
                "memory_mb": 204.35546875,
                "cpu_percent": 71.6,
                "timestamp": 1778784559.834235
            },
            {
                "memory_mb": 204.35546875,
                "cpu_percent": 62.7,
                "timestamp": 1778784560.8862855
            },
            {
                "memory_mb": 204.3515625,
                "cpu_percent": 46.8,
                "timestamp": 1778784561.934084
            },
            {
                "memory_mb": 204.34375,
                "cpu_percent": 23.8,
                "timestamp": 1778784562.9863644
            },
            {
                "memory_mb": 204.34375,
                "cpu_percent": 0.0,
                "timestamp": 1778784564.0383906
            },
            {
                "memory_mb": 204.359375,
                "cpu_percent": 69.4,
                "timestamp": 1778784565.0905387
            },
            {
                "memory_mb": 204.3515625,
                "cpu_percent": 69.4,
                "timestamp": 1778784566.142473
            },
            {
                "memory_mb": 230.21484375,
                "cpu_percent": 9.5,
                "timestamp": 1778784567.1915982
            },
            {
                "memory_mb": 230.21484375,
                "cpu_percent": 0.0,
                "timestamp": 1778784568.2433543
            },
            {
                "memory_mb": 230.21875,
                "cpu_percent": 20.1,
                "timestamp": 1778784569.2904038
            },
            {
                "memory_mb": 230.23046875,
                "cpu_percent": 48.5,
                "timestamp": 1778784570.3425024
            },
            {
                "memory_mb": 230.2265625,
                "cpu_percent": 61.1,
                "timestamp": 1778784571.390173
            },
            {
                "memory_mb": 230.22265625,
                "cpu_percent": 75.1,
                "timestamp": 1778784572.4420152
            },
            {
                "memory_mb": 204.34765625,
                "cpu_percent": 1.9,
                "timestamp": 1778784573.4939978
            },
            {
                "memory_mb": 204.3515625,
                "cpu_percent": 43.9,
                "timestamp": 1778784574.5429049
            },
            {
                "memory_mb": 204.36328125,
                "cpu_percent": 89.3,
                "timestamp": 1778784575.595072
            },
            {
                "memory_mb": 204.35546875,
                "cpu_percent": 19.1,
                "timestamp": 1778784576.643292
            },
            {
                "memory_mb": 204.34765625,
                "cpu_percent": 54.2,
                "timestamp": 1778784577.6955905
            },
            {
                "memory_mb": 204.34765625,
                "cpu_percent": 0.0,
                "timestamp": 1778784578.7479873
            },
            {
                "memory_mb": 204.359375,
                "cpu_percent": 66.8,
                "timestamp": 1778784579.7958863
            },
            {
                "memory_mb": 204.35546875,
                "cpu_percent": 70.6,
                "timestamp": 1778784580.843478
            },
            {
                "memory_mb": 232.2890625,
                "cpu_percent": 6.7,
                "timestamp": 1778784581.895542
            },
            {
                "memory_mb": 230.2265625,
                "cpu_percent": 4.8,
                "timestamp": 1778784582.9475648
            },
            {
                "memory_mb": 230.2265625,
                "cpu_percent": 0.0,
                "timestamp": 1778784583.999445
            },
            {
                "memory_mb": 230.2421875,
                "cpu_percent": 67.6,
                "timestamp": 1778784585.0504475
            },
            {
                "memory_mb": 230.23828125,
                "cpu_percent": 33.4,
                "timestamp": 1778784586.0980752
            },
            {
                "memory_mb": 230.234375,
                "cpu_percent": 100.2,
                "timestamp": 1778784587.1457849
            },
            {
                "memory_mb": 204.34765625,
                "cpu_percent": 6.7,
                "timestamp": 1778784588.1977725
            },
            {
                "memory_mb": 204.3515625,
                "cpu_percent": 13.4,
                "timestamp": 1778784589.2461057
            },
            {
                "memory_mb": 204.359375,
                "cpu_percent": 100.2,
                "timestamp": 1778784590.2938302
            },
            {
                "memory_mb": 204.359375,
                "cpu_percent": 23.8,
                "timestamp": 1778784591.3458748
            },
            {
                "memory_mb": 204.3515625,
                "cpu_percent": 68.5,
                "timestamp": 1778784592.3973966
            },
            {
                "memory_mb": 204.3515625,
                "cpu_percent": 1.0,
                "timestamp": 1778784593.4495165
            },
            {
                "memory_mb": 204.36328125,
                "cpu_percent": 37.2,
                "timestamp": 1778784594.4979868
            },
            {
                "memory_mb": 204.3671875,
                "cpu_percent": 72.5,
                "timestamp": 1778784595.5455844
            },
            {
                "memory_mb": 232.29296875,
                "cpu_percent": 34.2,
                "timestamp": 1778784596.5976875
            },
            {
                "memory_mb": 230.23046875,
                "cpu_percent": 4.8,
                "timestamp": 1778784597.6494699
            },
            {
                "memory_mb": 230.23046875,
                "cpu_percent": 0.9,
                "timestamp": 1778784598.7042925
            },
            {
                "memory_mb": 230.234375,
                "cpu_percent": 62.1,
                "timestamp": 1778784599.7517931
            },
            {
                "memory_mb": 230.2421875,
                "cpu_percent": 8.6,
                "timestamp": 1778784600.8034804
            },
            {
                "memory_mb": 230.23828125,
                "cpu_percent": 100.2,
                "timestamp": 1778784601.851377
            },
            {
                "memory_mb": 204.3515625,
                "cpu_percent": 35.2,
                "timestamp": 1778784602.903042
            },
            {
                "memory_mb": 204.3515625,
                "cpu_percent": 1.0,
                "timestamp": 1778784603.9550583
            },
            {
                "memory_mb": 204.36328125,
                "cpu_percent": 83.9,
                "timestamp": 1778784605.0035443
            },
            {
                "memory_mb": 204.36328125,
                "cpu_percent": 45.6,
                "timestamp": 1778784606.0555487
            },
            {
                "memory_mb": 204.359375,
                "cpu_percent": 64.9,
                "timestamp": 1778784607.1030524
            },
            {
                "memory_mb": 204.3515625,
                "cpu_percent": 2.9,
                "timestamp": 1778784608.15521
            },
            {
                "memory_mb": 204.36328125,
                "cpu_percent": 7.6,
                "timestamp": 1778784609.2027347
            },
            {
                "memory_mb": 204.3671875,
                "cpu_percent": 70.6,
                "timestamp": 1778784610.250414
            },
            {
                "memory_mb": 223.1484375,
                "cpu_percent": 60.0,
                "timestamp": 1778784611.3000546
            },
            {
                "memory_mb": 230.22265625,
                "cpu_percent": 6.7,
                "timestamp": 1778784612.352117
            },
            {
                "memory_mb": 230.22265625,
                "cpu_percent": 0.0,
                "timestamp": 1778784613.4042666
            },
            {
                "memory_mb": 230.2265625,
                "cpu_percent": 31.5,
                "timestamp": 1778784614.4520354
            },
            {
                "memory_mb": 230.23828125,
                "cpu_percent": 38.0,
                "timestamp": 1778784615.5035155
            },
            {
                "memory_mb": 230.23828125,
                "cpu_percent": 71.6,
                "timestamp": 1778784616.5511367
            },
            {
                "memory_mb": 230.234375,
                "cpu_percent": 67.5,
                "timestamp": 1778784617.6032038
            },
            {
                "memory_mb": 204.359375,
                "cpu_percent": 2.9,
                "timestamp": 1778784618.6553307
            },
            {
                "memory_mb": 204.36328125,
                "cpu_percent": 55.4,
                "timestamp": 1778784619.70278
            },
            {
                "memory_mb": 204.375,
                "cpu_percent": 79.9,
                "timestamp": 1778784620.7546167
            },
            {
                "memory_mb": 204.3671875,
                "cpu_percent": 28.6,
                "timestamp": 1778784621.8023133
            },
            {
                "memory_mb": 204.359375,
                "cpu_percent": 43.7,
                "timestamp": 1778784622.8542566
            },
            {
                "memory_mb": 204.359375,
                "cpu_percent": 0.0,
                "timestamp": 1778784623.9059696
            },
            {
                "memory_mb": 204.375,
                "cpu_percent": 68.4,
                "timestamp": 1778784624.958674
            },
            {
                "memory_mb": 204.3671875,
                "cpu_percent": 68.7,
                "timestamp": 1778784626.0068572
            },
            {
                "memory_mb": 232.3046875,
                "cpu_percent": 6.7,
                "timestamp": 1778784627.0591645
            },
            {
                "memory_mb": 230.2421875,
                "cpu_percent": 4.8,
                "timestamp": 1778784628.1111736
            },
            {
                "memory_mb": 230.24609375,
                "cpu_percent": 3.8,
                "timestamp": 1778784629.1645231
            },
            {
                "memory_mb": 230.2578125,
                "cpu_percent": 63.7,
                "timestamp": 1778784630.216643
            },
            {
                "memory_mb": 230.25390625,
                "cpu_percent": 45.8,
                "timestamp": 1778784631.264214
            },
            {
                "memory_mb": 230.24609375,
                "cpu_percent": 96.5,
                "timestamp": 1778784632.3111436
            },
            {
                "memory_mb": 204.359375,
                "cpu_percent": 1.9,
                "timestamp": 1778784633.3629918
            },
            {
                "memory_mb": 204.36328125,
                "cpu_percent": 25.8,
                "timestamp": 1778784634.4103425
            },
            {
                "memory_mb": 204.37109375,
                "cpu_percent": 100.2,
                "timestamp": 1778784635.4580908
            },
            {
                "memory_mb": 204.37109375,
                "cpu_percent": 11.4,
                "timestamp": 1778784636.5101929
            },
            {
                "memory_mb": 204.36328125,
                "cpu_percent": 71.3,
                "timestamp": 1778784637.5623527
            },
            {
                "memory_mb": 204.36328125,
                "cpu_percent": 0.0,
                "timestamp": 1778784638.6143677
            },
            {
                "memory_mb": 204.375,
                "cpu_percent": 48.7,
                "timestamp": 1778784639.662074
            },
            {
                "memory_mb": 204.37890625,
                "cpu_percent": 73.5,
                "timestamp": 1778784640.709376
            },
            {
                "memory_mb": 232.30078125,
                "cpu_percent": 20.9,
                "timestamp": 1778784641.761394
            },
            {
                "memory_mb": 230.23828125,
                "cpu_percent": 4.8,
                "timestamp": 1778784642.8132584
            },
            {
                "memory_mb": 230.23828125,
                "cpu_percent": 1.0,
                "timestamp": 1778784643.8658347
            },
            {
                "memory_mb": 230.23828125,
                "cpu_percent": 0.0,
                "timestamp": 1778784644.188256
            }
        ]
    }
}
