{
    "364462": {
        "ppid": "254983",
        "name": "celery",
        "cmdline": "/home/experimenter/projects/celery-autoscale/.venv/bin/python3 /home/experimenter/projects/celery-autoscale/.venv/bin/celery -A celery_app worker --loglevel=INFO --concurrency=4 --pool=gevent",
        "create_time": "2026-05-15T11:17:06.250000",
        "last_update": "2026-05-15T11:22:08.059158",
        "voluntary_ctxt_switches": 2205,
        "nonvoluntary_ctxt_switches": 1551,
        "jiffies": 11918,
        "stats": [
            {
                "memory_mb": 48.2109375,
                "cpu_percent": 0.0,
                "timestamp": 1778833027.3294647
            },
            {
                "memory_mb": 48.66796875,
                "cpu_percent": 37.2,
                "timestamp": 1778833028.3780007
            },
            {
                "memory_mb": 112.72265625,
                "cpu_percent": 37.1,
                "timestamp": 1778833029.429925
            },
            {
                "memory_mb": 140.1328125,
                "cpu_percent": 78.3,
                "timestamp": 1778833030.4770656
            },
            {
                "memory_mb": 140.13671875,
                "cpu_percent": 58.9,
                "timestamp": 1778833031.5289776
            },
            {
                "memory_mb": 139.3671875,
                "cpu_percent": 1.9,
                "timestamp": 1778833032.5819108
            },
            {
                "memory_mb": 139.37109375,
                "cpu_percent": 82.9,
                "timestamp": 1778833033.6313326
            },
            {
                "memory_mb": 139.37109375,
                "cpu_percent": 58.0,
                "timestamp": 1778833034.6830745
            },
            {
                "memory_mb": 140.77734375,
                "cpu_percent": 50.6,
                "timestamp": 1778833035.7297792
            },
            {
                "memory_mb": 112.515625,
                "cpu_percent": 20.0,
                "timestamp": 1778833036.7816277
            },
            {
                "memory_mb": 112.52734375,
                "cpu_percent": 5.7,
                "timestamp": 1778833037.8284466
            },
            {
                "memory_mb": 113.00390625,
                "cpu_percent": 74.5,
                "timestamp": 1778833038.8754373
            },
            {
                "memory_mb": 204.11328125,
                "cpu_percent": 63.7,
                "timestamp": 1778833039.9277334
            },
            {
                "memory_mb": 230.15625,
                "cpu_percent": 7.6,
                "timestamp": 1778833040.9797387
            },
            {
                "memory_mb": 230.15625,
                "cpu_percent": 0.0,
                "timestamp": 1778833042.031696
            },
            {
                "memory_mb": 230.16015625,
                "cpu_percent": 29.6,
                "timestamp": 1778833043.0786068
            },
            {
                "memory_mb": 230.171875,
                "cpu_percent": 37.1,
                "timestamp": 1778833044.130063
            },
            {
                "memory_mb": 230.2578125,
                "cpu_percent": 71.7,
                "timestamp": 1778833045.1765563
            },
            {
                "memory_mb": 230.25390625,
                "cpu_percent": 66.6,
                "timestamp": 1778833046.2283401
            },
            {
                "memory_mb": 227.0625,
                "cpu_percent": 1.9,
                "timestamp": 1778833047.2828705
            },
            {
                "memory_mb": 227.06640625,
                "cpu_percent": 53.5,
                "timestamp": 1778833048.3295794
            },
            {
                "memory_mb": 227.078125,
                "cpu_percent": 76.0,
                "timestamp": 1778833049.381582
            },
            {
                "memory_mb": 227.0703125,
                "cpu_percent": 33.4,
                "timestamp": 1778833050.4305062
            },
            {
                "memory_mb": 204.8984375,
                "cpu_percent": 41.8,
                "timestamp": 1778833051.4825275
            },
            {
                "memory_mb": 204.8984375,
                "cpu_percent": 0.0,
                "timestamp": 1778833052.5339627
            },
            {
                "memory_mb": 204.9140625,
                "cpu_percent": 64.6,
                "timestamp": 1778833053.5862439
            },
            {
                "memory_mb": 204.90625,
                "cpu_percent": 73.0,
                "timestamp": 1778833054.6410222
            },
            {
                "memory_mb": 232.22265625,
                "cpu_percent": 6.7,
                "timestamp": 1778833055.6925387
            },
            {
                "memory_mb": 230.1640625,
                "cpu_percent": 2.9,
                "timestamp": 1778833056.7441967
            },
            {
                "memory_mb": 230.16796875,
                "cpu_percent": 1.9,
                "timestamp": 1778833057.8039107
            },
            {
                "memory_mb": 230.1796875,
                "cpu_percent": 66.5,
                "timestamp": 1778833058.8561008
            },
            {
                "memory_mb": 230.17578125,
                "cpu_percent": 42.8,
                "timestamp": 1778833059.906527
            },
            {
                "memory_mb": 230.16796875,
                "cpu_percent": 99.3,
                "timestamp": 1778833060.9541538
            },
            {
                "memory_mb": 202.48828125,
                "cpu_percent": 2.9,
                "timestamp": 1778833062.0060184
            },
            {
                "memory_mb": 202.4921875,
                "cpu_percent": 24.8,
                "timestamp": 1778833063.053429
            },
            {
                "memory_mb": 202.5,
                "cpu_percent": 100.2,
                "timestamp": 1778833064.1008644
            },
            {
                "memory_mb": 202.5,
                "cpu_percent": 12.4,
                "timestamp": 1778833065.1528935
            },
            {
                "memory_mb": 192.87109375,
                "cpu_percent": 69.4,
                "timestamp": 1778833066.2053158
            },
            {
                "memory_mb": 192.87109375,
                "cpu_percent": 0.0,
                "timestamp": 1778833067.2572842
            },
            {
                "memory_mb": 192.8828125,
                "cpu_percent": 47.8,
                "timestamp": 1778833068.304245
            },
            {
                "memory_mb": 192.88671875,
                "cpu_percent": 73.5,
                "timestamp": 1778833069.3514416
            },
            {
                "memory_mb": 232.23046875,
                "cpu_percent": 22.8,
                "timestamp": 1778833070.4029686
            },
            {
                "memory_mb": 230.16796875,
                "cpu_percent": 4.8,
                "timestamp": 1778833071.4551342
            },
            {
                "memory_mb": 230.16796875,
                "cpu_percent": 0.0,
                "timestamp": 1778833072.5063941
            },
            {
                "memory_mb": 230.18359375,
                "cpu_percent": 67.7,
                "timestamp": 1778833073.5550075
            },
            {
                "memory_mb": 230.1796875,
                "cpu_percent": 14.3,
                "timestamp": 1778833074.6027057
            },
            {
                "memory_mb": 230.17578125,
                "cpu_percent": 99.3,
                "timestamp": 1778833075.6502013
            },
            {
                "memory_mb": 167.9765625,
                "cpu_percent": 28.5,
                "timestamp": 1778833076.7015414
            },
            {
                "memory_mb": 167.9765625,
                "cpu_percent": 0.0,
                "timestamp": 1778833077.75397
            },
            {
                "memory_mb": 167.98828125,
                "cpu_percent": 95.3,
                "timestamp": 1778833078.8038304
            },
            {
                "memory_mb": 167.98828125,
                "cpu_percent": 40.8,
                "timestamp": 1778833079.856745
            },
            {
                "memory_mb": 167.98046875,
                "cpu_percent": 67.8,
                "timestamp": 1778833080.903881
            },
            {
                "memory_mb": 167.9765625,
                "cpu_percent": 1.9,
                "timestamp": 1778833081.9559064
            },
            {
                "memory_mb": 167.98828125,
                "cpu_percent": 18.1,
                "timestamp": 1778833083.0036669
            },
            {
                "memory_mb": 167.9921875,
                "cpu_percent": 74.5,
                "timestamp": 1778833084.0508623
            },
            {
                "memory_mb": 223.09375,
                "cpu_percent": 51.3,
                "timestamp": 1778833085.1028273
            },
            {
                "memory_mb": 230.171875,
                "cpu_percent": 7.6,
                "timestamp": 1778833086.1547759
            },
            {
                "memory_mb": 230.171875,
                "cpu_percent": 0.0,
                "timestamp": 1778833087.206879
            },
            {
                "memory_mb": 230.17578125,
                "cpu_percent": 42.0,
                "timestamp": 1778833088.2543626
            },
            {
                "memory_mb": 230.1875,
                "cpu_percent": 27.6,
                "timestamp": 1778833089.3059301
            },
            {
                "memory_mb": 230.1796875,
                "cpu_percent": 82.1,
                "timestamp": 1778833090.353459
            },
            {
                "memory_mb": 230.17578125,
                "cpu_percent": 56.1,
                "timestamp": 1778833091.4051354
            },
            {
                "memory_mb": 182.19140625,
                "cpu_percent": 3.8,
                "timestamp": 1778833092.4569502
            },
            {
                "memory_mb": 182.1953125,
                "cpu_percent": 64.9,
                "timestamp": 1778833093.5050604
            },
            {
                "memory_mb": 182.203125,
                "cpu_percent": 69.4,
                "timestamp": 1778833094.5572116
            },
            {
                "memory_mb": 182.19921875,
                "cpu_percent": 39.1,
                "timestamp": 1778833095.6048899
            },
            {
                "memory_mb": 172.31640625,
                "cpu_percent": 32.3,
                "timestamp": 1778833096.6570516
            },
            {
                "memory_mb": 172.31640625,
                "cpu_percent": 0.0,
                "timestamp": 1778833097.70818
            },
            {
                "memory_mb": 172.33203125,
                "cpu_percent": 70.3,
                "timestamp": 1778833098.7608223
            },
            {
                "memory_mb": 172.32421875,
                "cpu_percent": 70.5,
                "timestamp": 1778833099.8107615
            },
            {
                "memory_mb": 232.234375,
                "cpu_percent": 9.5,
                "timestamp": 1778833100.8616
            },
            {
                "memory_mb": 230.171875,
                "cpu_percent": 1.9,
                "timestamp": 1778833101.9134264
            },
            {
                "memory_mb": 230.17578125,
                "cpu_percent": 13.4,
                "timestamp": 1778833102.960329
            },
            {
                "memory_mb": 230.1875,
                "cpu_percent": 56.1,
                "timestamp": 1778833104.0119631
            },
            {
                "memory_mb": 230.18359375,
                "cpu_percent": 54.4,
                "timestamp": 1778833105.0591636
            },
            {
                "memory_mb": 230.1796875,
                "cpu_percent": 83.7,
                "timestamp": 1778833106.1108518
            },
            {
                "memory_mb": 178.78515625,
                "cpu_percent": 1.9,
                "timestamp": 1778833107.1626694
            },
            {
                "memory_mb": 178.7890625,
                "cpu_percent": 35.3,
                "timestamp": 1778833108.2096345
            },
            {
                "memory_mb": 178.80078125,
                "cpu_percent": 99.3,
                "timestamp": 1778833109.2571387
            },
            {
                "memory_mb": 178.79296875,
                "cpu_percent": 10.5,
                "timestamp": 1778833110.3043034
            },
            {
                "memory_mb": 174.625,
                "cpu_percent": 62.7,
                "timestamp": 1778833111.357599
            },
            {
                "memory_mb": 174.625,
                "cpu_percent": 0.0,
                "timestamp": 1778833112.4089925
            },
            {
                "memory_mb": 174.63671875,
                "cpu_percent": 59.2,
                "timestamp": 1778833113.4564183
            },
            {
                "memory_mb": 174.640625,
                "cpu_percent": 73.5,
                "timestamp": 1778833114.5038886
            },
            {
                "memory_mb": 232.2265625,
                "cpu_percent": 13.3,
                "timestamp": 1778833115.555716
            },
            {
                "memory_mb": 230.16796875,
                "cpu_percent": 4.8,
                "timestamp": 1778833116.6079278
            },
            {
                "memory_mb": 230.16796875,
                "cpu_percent": 0.0,
                "timestamp": 1778833117.660323
            },
            {
                "memory_mb": 230.18359375,
                "cpu_percent": 67.4,
                "timestamp": 1778833118.713187
            },
            {
                "memory_mb": 230.1796875,
                "cpu_percent": 24.8,
                "timestamp": 1778833119.7607586
            },
            {
                "memory_mb": 230.17578125,
                "cpu_percent": 100.3,
                "timestamp": 1778833120.8079147
            },
            {
                "memory_mb": 205.1796875,
                "cpu_percent": 20.9,
                "timestamp": 1778833121.8596723
            },
            {
                "memory_mb": 205.18359375,
                "cpu_percent": 5.7,
                "timestamp": 1778833122.9067118
            },
            {
                "memory_mb": 205.19140625,
                "cpu_percent": 100.2,
                "timestamp": 1778833123.9548979
            },
            {
                "memory_mb": 205.19140625,
                "cpu_percent": 31.4,
                "timestamp": 1778833125.0068252
            },
            {
                "memory_mb": 201.99609375,
                "cpu_percent": 69.4,
                "timestamp": 1778833126.0586905
            },
            {
                "memory_mb": 201.99609375,
                "cpu_percent": 0.0,
                "timestamp": 1778833127.1107488
            },
            {
                "memory_mb": 202.0078125,
                "cpu_percent": 30.5,
                "timestamp": 1778833128.1582212
            },
            {
                "memory_mb": 202.01171875,
                "cpu_percent": 72.5,
                "timestamp": 1778833129.206121
            },
            {
                "memory_mb": 232.2421875,
                "cpu_percent": 41.0,
                "timestamp": 1778833130.2548268
            },
            {
                "memory_mb": 230.1796875,
                "cpu_percent": 4.8,
                "timestamp": 1778833131.306881
            },
            {
                "memory_mb": 230.1796875,
                "cpu_percent": 0.0,
                "timestamp": 1778833132.361023
            },
            {
                "memory_mb": 230.18359375,
                "cpu_percent": 54.4,
                "timestamp": 1778833133.408348
            },
            {
                "memory_mb": 230.1953125,
                "cpu_percent": 16.2,
                "timestamp": 1778833134.460076
            },
            {
                "memory_mb": 230.1875,
                "cpu_percent": 92.6,
                "timestamp": 1778833135.5074089
            },
            {
                "memory_mb": 192.30078125,
                "cpu_percent": 43.7,
                "timestamp": 1778833136.5590985
            },
            {
                "memory_mb": 173.6328125,
                "cpu_percent": 1.9,
                "timestamp": 1778833137.6113763
            },
            {
                "memory_mb": 173.64453125,
                "cpu_percent": 76.4,
                "timestamp": 1778833138.6589808
            },
            {
                "memory_mb": 173.6484375,
                "cpu_percent": 59.0,
                "timestamp": 1778833139.710691
            },
            {
                "memory_mb": 173.64453125,
                "cpu_percent": 50.6,
                "timestamp": 1778833140.7581954
            },
            {
                "memory_mb": 167.9921875,
                "cpu_percent": 21.9,
                "timestamp": 1778833141.8099976
            },
            {
                "memory_mb": 167.99609375,
                "cpu_percent": 0.0,
                "timestamp": 1778833142.8648217
            },
            {
                "memory_mb": 168.0078125,
                "cpu_percent": 73.2,
                "timestamp": 1778833143.9161289
            },
            {
                "memory_mb": 186.41796875,
                "cpu_percent": 65.6,
                "timestamp": 1778833144.967725
            },
            {
                "memory_mb": 230.19140625,
                "cpu_percent": 10.5,
                "timestamp": 1778833146.0173793
            },
            {
                "memory_mb": 230.19140625,
                "cpu_percent": 0.0,
                "timestamp": 1778833147.0692065
            },
            {
                "memory_mb": 230.1953125,
                "cpu_percent": 24.8,
                "timestamp": 1778833148.1173732
            },
            {
                "memory_mb": 230.20703125,
                "cpu_percent": 43.7,
                "timestamp": 1778833149.1692715
            },
            {
                "memory_mb": 230.203125,
                "cpu_percent": 64.9,
                "timestamp": 1778833150.2170434
            },
            {
                "memory_mb": 230.1953125,
                "cpu_percent": 71.3,
                "timestamp": 1778833151.2690446
            },
            {
                "memory_mb": 209.86328125,
                "cpu_percent": 2.9,
                "timestamp": 1778833152.3210404
            },
            {
                "memory_mb": 209.8671875,
                "cpu_percent": 47.7,
                "timestamp": 1778833153.3690007
            },
            {
                "memory_mb": 209.87890625,
                "cpu_percent": 87.5,
                "timestamp": 1778833154.421023
            },
            {
                "memory_mb": 209.87109375,
                "cpu_percent": 22.0,
                "timestamp": 1778833155.4687169
            },
            {
                "memory_mb": 209.86328125,
                "cpu_percent": 50.4,
                "timestamp": 1778833156.5205562
            },
            {
                "memory_mb": 209.86328125,
                "cpu_percent": 0.0,
                "timestamp": 1778833157.5731356
            },
            {
                "memory_mb": 209.87890625,
                "cpu_percent": 67.8,
                "timestamp": 1778833158.6210005
            },
            {
                "memory_mb": 209.87109375,
                "cpu_percent": 68.5,
                "timestamp": 1778833159.6726367
            },
            {
                "memory_mb": 232.25390625,
                "cpu_percent": 7.6,
                "timestamp": 1778833160.7247586
            },
            {
                "memory_mb": 230.19140625,
                "cpu_percent": 4.8,
                "timestamp": 1778833161.7765152
            },
            {
                "memory_mb": 230.19140625,
                "cpu_percent": 0.0,
                "timestamp": 1778833162.828268
            },
            {
                "memory_mb": 230.20703125,
                "cpu_percent": 68.4,
                "timestamp": 1778833163.8815465
            },
            {
                "memory_mb": 230.203125,
                "cpu_percent": 36.3,
                "timestamp": 1778833164.928821
            },
            {
                "memory_mb": 230.19921875,
                "cpu_percent": 100.2,
                "timestamp": 1778833165.9767408
            },
            {
                "memory_mb": 186.36328125,
                "cpu_percent": 5.7,
                "timestamp": 1778833167.0288136
            },
            {
                "memory_mb": 186.3671875,
                "cpu_percent": 18.1,
                "timestamp": 1778833168.0764153
            },
            {
                "memory_mb": 186.375,
                "cpu_percent": 99.2,
                "timestamp": 1778833169.1243749
            },
            {
                "memory_mb": 186.375,
                "cpu_percent": 20.0,
                "timestamp": 1778833170.175982
            },
            {
                "memory_mb": 186.3671875,
                "cpu_percent": 69.4,
                "timestamp": 1778833171.2280393
            },
            {
                "memory_mb": 186.3671875,
                "cpu_percent": 0.0,
                "timestamp": 1778833172.2799306
            },
            {
                "memory_mb": 186.37890625,
                "cpu_percent": 41.0,
                "timestamp": 1778833173.327511
            },
            {
                "memory_mb": 186.3828125,
                "cpu_percent": 73.4,
                "timestamp": 1778833174.3759549
            },
            {
                "memory_mb": 232.26953125,
                "cpu_percent": 28.5,
                "timestamp": 1778833175.4278512
            },
            {
                "memory_mb": 230.2109375,
                "cpu_percent": 4.8,
                "timestamp": 1778833176.4802024
            },
            {
                "memory_mb": 230.2109375,
                "cpu_percent": 0.0,
                "timestamp": 1778833177.5330627
            },
            {
                "memory_mb": 230.21484375,
                "cpu_percent": 67.8,
                "timestamp": 1778833178.5806475
            },
            {
                "memory_mb": 230.22265625,
                "cpu_percent": 9.5,
                "timestamp": 1778833179.632718
            },
            {
                "memory_mb": 230.21875,
                "cpu_percent": 99.2,
                "timestamp": 1778833180.6806288
            },
            {
                "memory_mb": 186.37109375,
                "cpu_percent": 32.3,
                "timestamp": 1778833181.7326238
            },
            {
                "memory_mb": 186.37109375,
                "cpu_percent": 0.0,
                "timestamp": 1778833182.783943
            },
            {
                "memory_mb": 186.3828125,
                "cpu_percent": 89.7,
                "timestamp": 1778833183.832047
            },
            {
                "memory_mb": 186.3828125,
                "cpu_percent": 46.6,
                "timestamp": 1778833184.8834295
            },
            {
                "memory_mb": 186.37890625,
                "cpu_percent": 62.0,
                "timestamp": 1778833185.9310765
            },
            {
                "memory_mb": 186.37109375,
                "cpu_percent": 7.6,
                "timestamp": 1778833186.9829822
            },
            {
                "memory_mb": 186.3828125,
                "cpu_percent": 12.4,
                "timestamp": 1778833188.0301058
            },
            {
                "memory_mb": 186.38671875,
                "cpu_percent": 73.5,
                "timestamp": 1778833189.0780303
            },
            {
                "memory_mb": 204.171875,
                "cpu_percent": 56.1,
                "timestamp": 1778833190.129732
            },
            {
                "memory_mb": 230.2109375,
                "cpu_percent": 8.6,
                "timestamp": 1778833191.181412
            },
            {
                "memory_mb": 230.2109375,
                "cpu_percent": 0.0,
                "timestamp": 1778833192.2333946
            },
            {
                "memory_mb": 230.21484375,
                "cpu_percent": 36.3,
                "timestamp": 1778833193.2810502
            },
            {
                "memory_mb": 230.2265625,
                "cpu_percent": 35.2,
                "timestamp": 1778833194.333027
            },
            {
                "memory_mb": 230.21875,
                "cpu_percent": 74.4,
                "timestamp": 1778833195.3808565
            },
            {
                "memory_mb": 230.21484375,
                "cpu_percent": 58.0,
                "timestamp": 1778833196.4326298
            },
            {
                "memory_mb": 203.671875,
                "cpu_percent": 1.9,
                "timestamp": 1778833197.4833753
            },
            {
                "memory_mb": 203.67578125,
                "cpu_percent": 60.1,
                "timestamp": 1778833198.5308077
            },
            {
                "memory_mb": 203.6875,
                "cpu_percent": 74.2,
                "timestamp": 1778833199.5826378
            },
            {
                "memory_mb": 203.6796875,
                "cpu_percent": 34.4,
                "timestamp": 1778833200.6297178
            },
            {
                "memory_mb": 200.48828125,
                "cpu_percent": 38.0,
                "timestamp": 1778833201.6813087
            },
            {
                "memory_mb": 200.48828125,
                "cpu_percent": 0.0,
                "timestamp": 1778833202.732482
            },
            {
                "memory_mb": 200.50390625,
                "cpu_percent": 68.5,
                "timestamp": 1778833203.7834067
            },
            {
                "memory_mb": 200.49609375,
                "cpu_percent": 69.4,
                "timestamp": 1778833204.8352501
            },
            {
                "memory_mb": 232.2734375,
                "cpu_percent": 6.7,
                "timestamp": 1778833205.88683
            },
            {
                "memory_mb": 230.20703125,
                "cpu_percent": 3.8,
                "timestamp": 1778833206.9387684
            },
            {
                "memory_mb": 230.2109375,
                "cpu_percent": 7.6,
                "timestamp": 1778833207.9849484
            },
            {
                "memory_mb": 230.22265625,
                "cpu_percent": 60.8,
                "timestamp": 1778833209.0368674
            },
            {
                "memory_mb": 230.21875,
                "cpu_percent": 47.7,
                "timestamp": 1778833210.0845215
            },
            {
                "memory_mb": 230.2109375,
                "cpu_percent": 89.4,
                "timestamp": 1778833211.1362534
            },
            {
                "memory_mb": 186.375,
                "cpu_percent": 2.9,
                "timestamp": 1778833212.188693
            },
            {
                "memory_mb": 186.37890625,
                "cpu_percent": 29.6,
                "timestamp": 1778833213.2354531
            },
            {
                "memory_mb": 186.38671875,
                "cpu_percent": 100.3,
                "timestamp": 1778833214.2824385
            },
            {
                "memory_mb": 186.3828125,
                "cpu_percent": 9.5,
                "timestamp": 1778833215.3342705
            },
            {
                "memory_mb": 186.37890625,
                "cpu_percent": 66.6,
                "timestamp": 1778833216.3859234
            },
            {
                "memory_mb": 186.37890625,
                "cpu_percent": 1.0,
                "timestamp": 1778833217.4376192
            },
            {
                "memory_mb": 186.390625,
                "cpu_percent": 52.5,
                "timestamp": 1778833218.4842997
            },
            {
                "memory_mb": 186.39453125,
                "cpu_percent": 73.5,
                "timestamp": 1778833219.531646
            },
            {
                "memory_mb": 232.2734375,
                "cpu_percent": 19.0,
                "timestamp": 1778833220.5837348
            },
            {
                "memory_mb": 230.2109375,
                "cpu_percent": 4.8,
                "timestamp": 1778833221.635509
            },
            {
                "memory_mb": 230.2109375,
                "cpu_percent": 0.0,
                "timestamp": 1778833222.6868186
            },
            {
                "memory_mb": 230.2265625,
                "cpu_percent": 69.4,
                "timestamp": 1778833223.7384977
            },
            {
                "memory_mb": 230.22265625,
                "cpu_percent": 17.2,
                "timestamp": 1778833224.7859855
            },
            {
                "memory_mb": 230.21875,
                "cpu_percent": 100.3,
                "timestamp": 1778833225.8332055
            },
            {
                "memory_mb": 204.0078125,
                "cpu_percent": 21.9,
                "timestamp": 1778833226.8852458
            },
            {
                "memory_mb": 204.01171875,
                "cpu_percent": 0.0,
                "timestamp": 1778833227.9391217
            },
            {
                "memory_mb": 204.01953125,
                "cpu_percent": 100.3,
                "timestamp": 1778833228.9860764
            },
            {
                "memory_mb": 204.01953125,
                "cpu_percent": 36.1,
                "timestamp": 1778833230.038355
            },
            {
                "memory_mb": 196.28515625,
                "cpu_percent": 68.7,
                "timestamp": 1778833231.0859616
            },
            {
                "memory_mb": 196.28515625,
                "cpu_percent": 1.0,
                "timestamp": 1778833232.1377068
            },
            {
                "memory_mb": 196.296875,
                "cpu_percent": 22.9,
                "timestamp": 1778833233.1854434
            },
            {
                "memory_mb": 196.30078125,
                "cpu_percent": 73.5,
                "timestamp": 1778833234.2328534
            },
            {
                "memory_mb": 223.140625,
                "cpu_percent": 45.6,
                "timestamp": 1778833235.284755
            },
            {
                "memory_mb": 230.21875,
                "cpu_percent": 6.7,
                "timestamp": 1778833236.3371158
            },
            {
                "memory_mb": 230.21875,
                "cpu_percent": 0.0,
                "timestamp": 1778833237.3887956
            },
            {
                "memory_mb": 230.22265625,
                "cpu_percent": 47.8,
                "timestamp": 1778833238.4357424
            },
            {
                "memory_mb": 230.234375,
                "cpu_percent": 23.8,
                "timestamp": 1778833239.4875119
            },
            {
                "memory_mb": 230.23046875,
                "cpu_percent": 84.9,
                "timestamp": 1778833240.5353107
            },
            {
                "memory_mb": 230.2265625,
                "cpu_percent": 52.3,
                "timestamp": 1778833241.5871456
            },
            {
                "memory_mb": 202.6640625,
                "cpu_percent": 3.8,
                "timestamp": 1778833242.638857
            },
            {
                "memory_mb": 202.67578125,
                "cpu_percent": 70.6,
                "timestamp": 1778833243.6876328
            },
            {
                "memory_mb": 202.67578125,
                "cpu_percent": 63.7,
                "timestamp": 1778833244.7392757
            },
            {
                "memory_mb": 202.67578125,
                "cpu_percent": 44.9,
                "timestamp": 1778833245.7865162
            },
            {
                "memory_mb": 186.43359375,
                "cpu_percent": 26.6,
                "timestamp": 1778833246.8383465
            },
            {
                "memory_mb": 186.43359375,
                "cpu_percent": 0.0,
                "timestamp": 1778833247.8908985
            },
            {
                "memory_mb": 186.44921875,
                "cpu_percent": 69.4,
                "timestamp": 1778833248.9435065
            },
            {
                "memory_mb": 186.93359375,
                "cpu_percent": 69.4,
                "timestamp": 1778833249.9946418
            },
            {
                "memory_mb": 230.23046875,
                "cpu_percent": 10.5,
                "timestamp": 1778833251.0464418
            },
            {
                "memory_mb": 230.23046875,
                "cpu_percent": 0.0,
                "timestamp": 1778833252.098188
            },
            {
                "memory_mb": 230.234375,
                "cpu_percent": 19.1,
                "timestamp": 1778833253.1456015
            },
            {
                "memory_mb": 230.24609375,
                "cpu_percent": 51.3,
                "timestamp": 1778833254.1975877
            },
            {
                "memory_mb": 230.24609375,
                "cpu_percent": 57.3,
                "timestamp": 1778833255.2449121
            },
            {
                "memory_mb": 230.23828125,
                "cpu_percent": 80.8,
                "timestamp": 1778833256.2969174
            },
            {
                "memory_mb": 186.4375,
                "cpu_percent": 2.9,
                "timestamp": 1778833257.3486152
            },
            {
                "memory_mb": 186.44140625,
                "cpu_percent": 42.1,
                "timestamp": 1778833258.3947809
            },
            {
                "memory_mb": 186.453125,
                "cpu_percent": 91.3,
                "timestamp": 1778833259.446441
            },
            {
                "memory_mb": 186.4453125,
                "cpu_percent": 17.2,
                "timestamp": 1778833260.4936147
            },
            {
                "memory_mb": 186.4375,
                "cpu_percent": 56.1,
                "timestamp": 1778833261.5454102
            },
            {
                "memory_mb": 186.4375,
                "cpu_percent": 0.0,
                "timestamp": 1778833262.5963836
            },
            {
                "memory_mb": 186.44921875,
                "cpu_percent": 64.9,
                "timestamp": 1778833263.6435852
            },
            {
                "memory_mb": 186.4453125,
                "cpu_percent": 72.5,
                "timestamp": 1778833264.6914325
            },
            {
                "memory_mb": 232.296875,
                "cpu_percent": 7.6,
                "timestamp": 1778833265.7436926
            },
            {
                "memory_mb": 230.234375,
                "cpu_percent": 4.8,
                "timestamp": 1778833266.7956445
            },
            {
                "memory_mb": 230.234375,
                "cpu_percent": 0.0,
                "timestamp": 1778833267.8482563
            },
            {
                "memory_mb": 230.25,
                "cpu_percent": 68.4,
                "timestamp": 1778833268.900429
            },
            {
                "memory_mb": 230.24609375,
                "cpu_percent": 30.5,
                "timestamp": 1778833269.9491317
            },
            {
                "memory_mb": 230.2421875,
                "cpu_percent": 99.3,
                "timestamp": 1778833270.9962742
            },
            {
                "memory_mb": 203.3828125,
                "cpu_percent": 12.4,
                "timestamp": 1778833272.0482552
            },
            {
                "memory_mb": 203.38671875,
                "cpu_percent": 11.5,
                "timestamp": 1778833273.0952864
            },
            {
                "memory_mb": 203.39453125,
                "cpu_percent": 100.2,
                "timestamp": 1778833274.14308
            },
            {
                "memory_mb": 203.39453125,
                "cpu_percent": 25.7,
                "timestamp": 1778833275.1951916
            },
            {
                "memory_mb": 203.38671875,
                "cpu_percent": 69.4,
                "timestamp": 1778833276.247234
            },
            {
                "memory_mb": 203.38671875,
                "cpu_percent": 0.0,
                "timestamp": 1778833277.2993295
            },
            {
                "memory_mb": 203.3984375,
                "cpu_percent": 35.3,
                "timestamp": 1778833278.347036
            },
            {
                "memory_mb": 203.40234375,
                "cpu_percent": 73.5,
                "timestamp": 1778833279.3949583
            },
            {
                "memory_mb": 232.30078125,
                "cpu_percent": 33.3,
                "timestamp": 1778833280.4469774
            },
            {
                "memory_mb": 230.23828125,
                "cpu_percent": 5.7,
                "timestamp": 1778833281.498824
            },
            {
                "memory_mb": 230.23828125,
                "cpu_percent": 0.0,
                "timestamp": 1778833282.553142
            },
            {
                "memory_mb": 230.2421875,
                "cpu_percent": 60.1,
                "timestamp": 1778833283.6009948
            },
            {
                "memory_mb": 230.25390625,
                "cpu_percent": 10.5,
                "timestamp": 1778833284.651689
            },
            {
                "memory_mb": 230.24609375,
                "cpu_percent": 98.3,
                "timestamp": 1778833285.6991496
            },
            {
                "memory_mb": 203.3203125,
                "cpu_percent": 40.0,
                "timestamp": 1778833286.7481372
            },
            {
                "memory_mb": 203.3203125,
                "cpu_percent": 0.0,
                "timestamp": 1778833287.7996275
            },
            {
                "memory_mb": 203.33203125,
                "cpu_percent": 82.0,
                "timestamp": 1778833288.8487422
            },
            {
                "memory_mb": 203.33203125,
                "cpu_percent": 56.1,
                "timestamp": 1778833289.9000976
            },
            {
                "memory_mb": 203.328125,
                "cpu_percent": 53.4,
                "timestamp": 1778833290.9478643
            },
            {
                "memory_mb": 203.3203125,
                "cpu_percent": 17.1,
                "timestamp": 1778833291.9990778
            },
            {
                "memory_mb": 203.33203125,
                "cpu_percent": 4.8,
                "timestamp": 1778833293.047846
            },
            {
                "memory_mb": 203.3359375,
                "cpu_percent": 73.5,
                "timestamp": 1778833294.0958204
            },
            {
                "memory_mb": 204.27734375,
                "cpu_percent": 60.9,
                "timestamp": 1778833295.1475856
            },
            {
                "memory_mb": 230.23828125,
                "cpu_percent": 8.6,
                "timestamp": 1778833296.1994233
            },
            {
                "memory_mb": 230.23828125,
                "cpu_percent": 0.0,
                "timestamp": 1778833297.251285
            },
            {
                "memory_mb": 230.2421875,
                "cpu_percent": 30.6,
                "timestamp": 1778833298.298685
            },
            {
                "memory_mb": 230.25390625,
                "cpu_percent": 39.9,
                "timestamp": 1778833299.3503718
            },
            {
                "memory_mb": 230.25,
                "cpu_percent": 69.7,
                "timestamp": 1778833300.3977036
            },
            {
                "memory_mb": 230.24609375,
                "cpu_percent": 65.6,
                "timestamp": 1778833301.449559
            },
            {
                "memory_mb": 203.32421875,
                "cpu_percent": 1.9,
                "timestamp": 1778833302.5002773
            },
            {
                "memory_mb": 203.328125,
                "cpu_percent": 52.5,
                "timestamp": 1778833303.5474973
            },
            {
                "memory_mb": 203.34375,
                "cpu_percent": 80.8,
                "timestamp": 1778833304.5994208
            },
            {
                "memory_mb": 203.3359375,
                "cpu_percent": 28.6,
                "timestamp": 1778833305.6467364
            },
            {
                "memory_mb": 194.66015625,
                "cpu_percent": 44.7,
                "timestamp": 1778833306.6986606
            },
            {
                "memory_mb": 194.66015625,
                "cpu_percent": 0.0,
                "timestamp": 1778833307.7511644
            },
            {
                "memory_mb": 194.67578125,
                "cpu_percent": 67.5,
                "timestamp": 1778833308.802975
            },
            {
                "memory_mb": 194.66796875,
                "cpu_percent": 69.4,
                "timestamp": 1778833309.854901
            },
            {
                "memory_mb": 232.30859375,
                "cpu_percent": 5.7,
                "timestamp": 1778833310.9066815
            },
            {
                "memory_mb": 230.25,
                "cpu_percent": 6.7,
                "timestamp": 1778833311.958552
            },
            {
                "memory_mb": 230.25390625,
                "cpu_percent": 0.9,
                "timestamp": 1778833313.012648
            },
            {
                "memory_mb": 230.265625,
                "cpu_percent": 66.6,
                "timestamp": 1778833314.0640202
            },
            {
                "memory_mb": 230.26171875,
                "cpu_percent": 43.0,
                "timestamp": 1778833315.1113045
            },
            {
                "memory_mb": 230.2578125,
                "cpu_percent": 95.5,
                "timestamp": 1778833316.1583083
            },
            {
                "memory_mb": 201.0078125,
                "cpu_percent": 1.9,
                "timestamp": 1778833317.210126
            },
            {
                "memory_mb": 201.01171875,
                "cpu_percent": 23.9,
                "timestamp": 1778833318.2569554
            },
            {
                "memory_mb": 201.01953125,
                "cpu_percent": 99.3,
                "timestamp": 1778833319.3042033
            },
            {
                "memory_mb": 201.01953125,
                "cpu_percent": 14.3,
                "timestamp": 1778833320.3564024
            },
            {
                "memory_mb": 188.10546875,
                "cpu_percent": 70.3,
                "timestamp": 1778833321.408546
            },
            {
                "memory_mb": 188.1015625,
                "cpu_percent": 0.0,
                "timestamp": 1778833322.460431
            },
            {
                "memory_mb": 188.11328125,
                "cpu_percent": 46.8,
                "timestamp": 1778833323.508052
            },
            {
                "memory_mb": 188.1171875,
                "cpu_percent": 73.5,
                "timestamp": 1778833324.5563269
            },
            {
                "memory_mb": 232.3125,
                "cpu_percent": 23.8,
                "timestamp": 1778833325.6082788
            },
            {
                "memory_mb": 230.25390625,
                "cpu_percent": 4.8,
                "timestamp": 1778833326.660328
            },
            {
                "memory_mb": 230.25390625,
                "cpu_percent": 0.0,
                "timestamp": 1778833327.7117064
            },
            {
                "memory_mb": 230.25390625,
                "cpu_percent": 0.0,
                "timestamp": 1778833328.059158
            }
        ]
    }
}
