{
    "active_periods": [
        {
            "start": 1778768984.433002,
            "end": 1778769288.323182,
            "duration_sec": 303.8901801109314,
            "tasks_completed": 224,
            "throughput_tps": 0.7371083853984078
        }
    ],
    "history": [
        {
            "timestamp": 1778768984.433002,
            "messages": 0,
            "ack": 3213
        },
        {
            "timestamp": 1778768989.440962,
            "messages": 0,
            "ack": 3213
        },
        {
            "timestamp": 1778768994.446705,
            "messages": 2,
            "ack": 3218
        },
        {
            "timestamp": 1778768999.452799,
            "messages": 7,
            "ack": 3221
        },
        {
            "timestamp": 1778769004.457746,
            "messages": 9,
            "ack": 3225
        },
        {
            "timestamp": 1778769009.462701,
            "messages": 12,
            "ack": 3228
        },
        {
            "timestamp": 1778769014.469164,
            "messages": 15,
            "ack": 3233
        },
        {
            "timestamp": 1778769019.473119,
            "messages": 17,
            "ack": 3236
        },
        {
            "timestamp": 1778769024.479389,
            "messages": 20,
            "ack": 3240
        },
        {
            "timestamp": 1778769029.485863,
            "messages": 23,
            "ack": 3243
        },
        {
            "timestamp": 1778769034.492593,
            "messages": 25,
            "ack": 3248
        },
        {
            "timestamp": 1778769039.497311,
            "messages": 28,
            "ack": 3251
        },
        {
            "timestamp": 1778769044.503242,
            "messages": 31,
            "ack": 3254
        },
        {
            "timestamp": 1778769049.507795,
            "messages": 33,
            "ack": 3258
        },
        {
            "timestamp": 1778769054.51276,
            "messages": 33,
            "ack": 3261
        },
        {
            "timestamp": 1778769059.518172,
            "messages": 36,
            "ack": 3266
        },
        {
            "timestamp": 1778769064.522451,
            "messages": 39,
            "ack": 3269
        },
        {
            "timestamp": 1778769069.526698,
            "messages": 41,
            "ack": 3273
        },
        {
            "timestamp": 1778769074.531705,
            "messages": 44,
            "ack": 3276
        },
        {
            "timestamp": 1778769079.537243,
            "messages": 47,
            "ack": 3281
        },
        {
            "timestamp": 1778769084.542268,
            "messages": 49,
            "ack": 3284
        },
        {
            "timestamp": 1778769089.546087,
            "messages": 52,
            "ack": 3288
        },
        {
            "timestamp": 1778769094.55142,
            "messages": 55,
            "ack": 3291
        },
        {
            "timestamp": 1778769099.558117,
            "messages": 57,
            "ack": 3296
        },
        {
            "timestamp": 1778769104.563755,
            "messages": 60,
            "ack": 3299
        },
        {
            "timestamp": 1778769109.570165,
            "messages": 63,
            "ack": 3303
        },
        {
            "timestamp": 1778769114.575212,
            "messages": 65,
            "ack": 3306
        },
        {
            "timestamp": 1778769119.579693,
            "messages": 65,
            "ack": 3311
        },
        {
            "timestamp": 1778769124.586251,
            "messages": 68,
            "ack": 3314
        },
        {
            "timestamp": 1778769129.59077,
            "messages": 71,
            "ack": 3318
        },
        {
            "timestamp": 1778769134.595672,
            "messages": 73,
            "ack": 3321
        },
        {
            "timestamp": 1778769139.600253,
            "messages": 76,
            "ack": 3326
        },
        {
            "timestamp": 1778769144.606118,
            "messages": 79,
            "ack": 3329
        },
        {
            "timestamp": 1778769149.612901,
            "messages": 81,
            "ack": 3332
        },
        {
            "timestamp": 1778769154.617629,
            "messages": 84,
            "ack": 3336
        },
        {
            "timestamp": 1778769159.622853,
            "messages": 87,
            "ack": 3339
        },
        {
            "timestamp": 1778769164.627794,
            "messages": 89,
            "ack": 3344
        },
        {
            "timestamp": 1778769169.632797,
            "messages": 92,
            "ack": 3347
        },
        {
            "timestamp": 1778769174.638613,
            "messages": 95,
            "ack": 3351
        },
        {
            "timestamp": 1778769179.644252,
            "messages": 97,
            "ack": 3354
        },
        {
            "timestamp": 1778769184.648886,
            "messages": 100,
            "ack": 3359
        },
        {
            "timestamp": 1778769189.656588,
            "messages": 100,
            "ack": 3362
        },
        {
            "timestamp": 1778769194.662791,
            "messages": 103,
            "ack": 3366
        },
        {
            "timestamp": 1778769199.668334,
            "messages": 105,
            "ack": 3369
        },
        {
            "timestamp": 1778769204.672984,
            "messages": 108,
            "ack": 3374
        },
        {
            "timestamp": 1778769209.676533,
            "messages": 110,
            "ack": 3377
        },
        {
            "timestamp": 1778769214.681028,
            "messages": 113,
            "ack": 3381
        },
        {
            "timestamp": 1778769219.685792,
            "messages": 116,
            "ack": 3384
        },
        {
            "timestamp": 1778769224.690912,
            "messages": 118,
            "ack": 3389
        },
        {
            "timestamp": 1778769229.695082,
            "messages": 121,
            "ack": 3392
        },
        {
            "timestamp": 1778769234.699721,
            "messages": 124,
            "ack": 3396
        },
        {
            "timestamp": 1778769239.705495,
            "messages": 126,
            "ack": 3399
        },
        {
            "timestamp": 1778769244.709657,
            "messages": 129,
            "ack": 3404
        },
        {
            "timestamp": 1778769249.714229,
            "messages": 132,
            "ack": 3407
        },
        {
            "timestamp": 1778769254.718265,
            "messages": 134,
            "ack": 3410
        },
        {
            "timestamp": 1778769259.722994,
            "messages": 134,
            "ack": 3414
        },
        {
            "timestamp": 1778769264.728992,
            "messages": 137,
            "ack": 3422
        },
        {
            "timestamp": 1778769269.733981,
            "messages": 140,
            "ack": 3425
        },
        {
            "timestamp": 1778769274.737736,
            "messages": 142,
            "ack": 3429
        },
        {
            "timestamp": 1778769279.741655,
            "messages": 145,
            "ack": 3432
        },
        {
            "timestamp": 1778769284.745752,
            "messages": 150,
            "ack": 3437
        },
        {
            "timestamp": 1778769288.317976,
            "messages": 150,
            "ack": 3437
        }
    ]
}