{
    "active_periods": [
        {
            "start": 1777229581.194579,
            "end": 1777229885.279867,
            "duration_sec": 304.0852880477905,
            "tasks_completed": 713,
            "throughput_tps": 2.344736914361815
        }
    ],
    "history": [
        {
            "timestamp": 1777229581.194579,
            "messages": 0,
            "ack": 110451
        },
        {
            "timestamp": 1777229586.200938,
            "messages": 4,
            "ack": 110459
        },
        {
            "timestamp": 1777229591.209224,
            "messages": 8,
            "ack": 110471
        },
        {
            "timestamp": 1777229596.214418,
            "messages": 8,
            "ack": 110483
        },
        {
            "timestamp": 1777229601.219083,
            "messages": 7,
            "ack": 110495
        },
        {
            "timestamp": 1777229606.227621,
            "messages": 7,
            "ack": 110507
        },
        {
            "timestamp": 1777229611.23239,
            "messages": 7,
            "ack": 110519
        },
        {
            "timestamp": 1777229616.239829,
            "messages": 12,
            "ack": 110530
        },
        {
            "timestamp": 1777229621.246735,
            "messages": 12,
            "ack": 110541
        },
        {
            "timestamp": 1777229626.253147,
            "messages": 10,
            "ack": 110554
        },
        {
            "timestamp": 1777229631.257826,
            "messages": 10,
            "ack": 110566
        },
        {
            "timestamp": 1777229636.265579,
            "messages": 10,
            "ack": 110577
        },
        {
            "timestamp": 1777229641.270952,
            "messages": 14,
            "ack": 110589
        },
        {
            "timestamp": 1777229646.275696,
            "messages": 14,
            "ack": 110601
        },
        {
            "timestamp": 1777229651.284882,
            "messages": 14,
            "ack": 110613
        },
        {
            "timestamp": 1777229656.290688,
            "messages": 12,
            "ack": 110625
        },
        {
            "timestamp": 1777229661.294844,
            "messages": 12,
            "ack": 110637
        },
        {
            "timestamp": 1777229666.304017,
            "messages": 16,
            "ack": 110649
        },
        {
            "timestamp": 1777229671.309637,
            "messages": 15,
            "ack": 110661
        },
        {
            "timestamp": 1777229676.315811,
            "messages": 14,
            "ack": 110673
        },
        {
            "timestamp": 1777229681.321006,
            "messages": 14,
            "ack": 110685
        },
        {
            "timestamp": 1777229686.325684,
            "messages": 14,
            "ack": 110697
        },
        {
            "timestamp": 1777229691.33062,
            "messages": 17,
            "ack": 110710
        },
        {
            "timestamp": 1777229696.338463,
            "messages": 16,
            "ack": 110721
        },
        {
            "timestamp": 1777229701.342741,
            "messages": 16,
            "ack": 110733
        },
        {
            "timestamp": 1777229706.346834,
            "messages": 16,
            "ack": 110745
        },
        {
            "timestamp": 1777229711.355277,
            "messages": 19,
            "ack": 110757
        },
        {
            "timestamp": 1777229716.361787,
            "messages": 19,
            "ack": 110769
        },
        {
            "timestamp": 1777229721.36749,
            "messages": 18,
            "ack": 110781
        },
        {
            "timestamp": 1777229726.3753,
            "messages": 19,
            "ack": 110793
        },
        {
            "timestamp": 1777229731.379436,
            "messages": 18,
            "ack": 110805
        },
        {
            "timestamp": 1777229736.384809,
            "messages": 22,
            "ack": 110817
        },
        {
            "timestamp": 1777229741.396825,
            "messages": 22,
            "ack": 110829
        },
        {
            "timestamp": 1777229746.401923,
            "messages": 21,
            "ack": 110840
        },
        {
            "timestamp": 1777229751.4098,
            "messages": 24,
            "ack": 110853
        },
        {
            "timestamp": 1777229756.415834,
            "messages": 26,
            "ack": 110864
        },
        {
            "timestamp": 1777229761.419908,
            "messages": 24,
            "ack": 110876
        },
        {
            "timestamp": 1777229766.42682,
            "messages": 24,
            "ack": 110888
        },
        {
            "timestamp": 1777229771.432429,
            "messages": 23,
            "ack": 110901
        },
        {
            "timestamp": 1777229776.437968,
            "messages": 26,
            "ack": 110913
        },
        {
            "timestamp": 1777229781.446834,
            "messages": 26,
            "ack": 110925
        },
        {
            "timestamp": 1777229786.457937,
            "messages": 26,
            "ack": 110937
        },
        {
            "timestamp": 1777229791.462939,
            "messages": 30,
            "ack": 110949
        },
        {
            "timestamp": 1777229796.470827,
            "messages": 28,
            "ack": 110961
        },
        {
            "timestamp": 1777229801.476684,
            "messages": 28,
            "ack": 110973
        },
        {
            "timestamp": 1777229806.481213,
            "messages": 27,
            "ack": 110985
        },
        {
            "timestamp": 1777229811.488833,
            "messages": 26,
            "ack": 110997
        },
        {
            "timestamp": 1777229816.495071,
            "messages": 31,
            "ack": 111009
        },
        {
            "timestamp": 1777229821.499967,
            "messages": 31,
            "ack": 111020
        },
        {
            "timestamp": 1777229826.506833,
            "messages": 31,
            "ack": 111032
        },
        {
            "timestamp": 1777229831.515058,
            "messages": 31,
            "ack": 111044
        },
        {
            "timestamp": 1777229836.520201,
            "messages": 31,
            "ack": 111056
        },
        {
            "timestamp": 1777229841.524448,
            "messages": 30,
            "ack": 111068
        },
        {
            "timestamp": 1777229846.531572,
            "messages": 34,
            "ack": 111080
        },
        {
            "timestamp": 1777229851.536966,
            "messages": 34,
            "ack": 111092
        },
        {
            "timestamp": 1777229856.541352,
            "messages": 33,
            "ack": 111104
        },
        {
            "timestamp": 1777229861.546797,
            "messages": 33,
            "ack": 111116
        },
        {
            "timestamp": 1777229866.552898,
            "messages": 32,
            "ack": 111128
        },
        {
            "timestamp": 1777229871.560837,
            "messages": 36,
            "ack": 111140
        },
        {
            "timestamp": 1777229876.571728,
            "messages": 36,
            "ack": 111152
        },
        {
            "timestamp": 1777229881.576928,
            "messages": 36,
            "ack": 111164
        },
        {
            "timestamp": 1777229885.264482,
            "messages": 36,
            "ack": 111164
        }
    ]
}