{
    "331249": {
        "ppid": "254983",
        "name": "celery",
        "cmdline": "/home/experimenter/projects/celery-autoscale/.venv/bin/python3 /home/experimenter/projects/celery-autoscale/.venv/bin/celery -A celery_app worker --loglevel=INFO --concurrency=4 --pool=eventlet",
        "create_time": "2026-05-15T04:12:23.530000",
        "last_update": "2026-05-15T04:17:26.605125",
        "voluntary_ctxt_switches": 2682,
        "nonvoluntary_ctxt_switches": 2164,
        "jiffies": 20302,
        "stats": [
            {
                "memory_mb": 52.28125,
                "cpu_percent": 0.0,
                "timestamp": 1778807544.59351
            },
            {
                "memory_mb": 52.7578125,
                "cpu_percent": 28.6,
                "timestamp": 1778807545.6424592
            },
            {
                "memory_mb": 108.1640625,
                "cpu_percent": 44.7,
                "timestamp": 1778807546.6939204
            },
            {
                "memory_mb": 145.03515625,
                "cpu_percent": 68.6,
                "timestamp": 1778807547.7435684
            },
            {
                "memory_mb": 145.04296875,
                "cpu_percent": 101.0,
                "timestamp": 1778807548.7927592
            },
            {
                "memory_mb": 153.50390625,
                "cpu_percent": 99.0,
                "timestamp": 1778807549.8436577
            },
            {
                "memory_mb": 190.2734375,
                "cpu_percent": 8.6,
                "timestamp": 1778807550.8948646
            },
            {
                "memory_mb": 226.51171875,
                "cpu_percent": 57.2,
                "timestamp": 1778807551.9433453
            },
            {
                "memory_mb": 226.515625,
                "cpu_percent": 70.6,
                "timestamp": 1778807552.9911895
            },
            {
                "memory_mb": 226.515625,
                "cpu_percent": 75.3,
                "timestamp": 1778807554.0403063
            },
            {
                "memory_mb": 226.51171875,
                "cpu_percent": 78.3,
                "timestamp": 1778807555.0872326
            },
            {
                "memory_mb": 236.4375,
                "cpu_percent": 10.5,
                "timestamp": 1778807556.1394954
            },
            {
                "memory_mb": 236.4375,
                "cpu_percent": 100.3,
                "timestamp": 1778807557.1866934
            },
            {
                "memory_mb": 236.4375,
                "cpu_percent": 75.4,
                "timestamp": 1778807558.2343853
            },
            {
                "memory_mb": 236.43359375,
                "cpu_percent": 73.5,
                "timestamp": 1778807559.2819412
            },
            {
                "memory_mb": 236.44140625,
                "cpu_percent": 28.5,
                "timestamp": 1778807560.3337796
            },
            {
                "memory_mb": 236.46484375,
                "cpu_percent": 82.1,
                "timestamp": 1778807561.3818612
            },
            {
                "memory_mb": 236.46484375,
                "cpu_percent": 75.4,
                "timestamp": 1778807562.4296846
            },
            {
                "memory_mb": 236.4609375,
                "cpu_percent": 72.5,
                "timestamp": 1778807563.478218
            },
            {
                "memory_mb": 236.46875,
                "cpu_percent": 57.0,
                "timestamp": 1778807564.5316088
            },
            {
                "memory_mb": 236.4609375,
                "cpu_percent": 56.3,
                "timestamp": 1778807565.5795984
            },
            {
                "memory_mb": 226.94140625,
                "cpu_percent": 88.5,
                "timestamp": 1778807566.6306825
            },
            {
                "memory_mb": 226.93359375,
                "cpu_percent": 68.4,
                "timestamp": 1778807567.6830375
            },
            {
                "memory_mb": 226.9453125,
                "cpu_percent": 66.5,
                "timestamp": 1778807568.7355921
            },
            {
                "memory_mb": 236.45703125,
                "cpu_percent": 36.3,
                "timestamp": 1778807569.7830625
            },
            {
                "memory_mb": 236.45703125,
                "cpu_percent": 100.2,
                "timestamp": 1778807570.8308165
            },
            {
                "memory_mb": 236.45703125,
                "cpu_percent": 74.5,
                "timestamp": 1778807571.8785005
            },
            {
                "memory_mb": 236.4609375,
                "cpu_percent": 75.4,
                "timestamp": 1778807572.9258304
            },
            {
                "memory_mb": 236.4765625,
                "cpu_percent": 11.5,
                "timestamp": 1778807573.9732826
            },
            {
                "memory_mb": 236.4765625,
                "cpu_percent": 99.3,
                "timestamp": 1778807575.021005
            },
            {
                "memory_mb": 236.4765625,
                "cpu_percent": 75.4,
                "timestamp": 1778807576.0690243
            },
            {
                "memory_mb": 236.47265625,
                "cpu_percent": 73.3,
                "timestamp": 1778807577.119784
            },
            {
                "memory_mb": 236.48046875,
                "cpu_percent": 29.5,
                "timestamp": 1778807578.1722672
            },
            {
                "memory_mb": 236.4921875,
                "cpu_percent": 81.1,
                "timestamp": 1778807579.2202256
            },
            {
                "memory_mb": 236.4921875,
                "cpu_percent": 75.4,
                "timestamp": 1778807580.2679405
            },
            {
                "memory_mb": 236.48828125,
                "cpu_percent": 77.2,
                "timestamp": 1778807581.3177545
            },
            {
                "memory_mb": 236.49609375,
                "cpu_percent": 52.2,
                "timestamp": 1778807582.370711
            },
            {
                "memory_mb": 236.49609375,
                "cpu_percent": 58.2,
                "timestamp": 1778807583.4185176
            },
            {
                "memory_mb": 236.49609375,
                "cpu_percent": 83.6,
                "timestamp": 1778807584.4710379
            },
            {
                "memory_mb": 236.48828125,
                "cpu_percent": 72.2,
                "timestamp": 1778807585.5242872
            },
            {
                "memory_mb": 236.5,
                "cpu_percent": 66.5,
                "timestamp": 1778807586.5766833
            },
            {
                "memory_mb": 236.5,
                "cpu_percent": 40.1,
                "timestamp": 1778807587.6244233
            },
            {
                "memory_mb": 236.5,
                "cpu_percent": 99.3,
                "timestamp": 1778807588.6720393
            },
            {
                "memory_mb": 231.58984375,
                "cpu_percent": 78.3,
                "timestamp": 1778807589.719195
            },
            {
                "memory_mb": 231.59765625,
                "cpu_percent": 66.5,
                "timestamp": 1778807590.7717576
            },
            {
                "memory_mb": 236.48046875,
                "cpu_percent": 18.2,
                "timestamp": 1778807591.8185816
            },
            {
                "memory_mb": 236.48046875,
                "cpu_percent": 100.7,
                "timestamp": 1778807592.8713815
            },
            {
                "memory_mb": 236.48046875,
                "cpu_percent": 76.3,
                "timestamp": 1778807593.9199147
            },
            {
                "memory_mb": 236.4765625,
                "cpu_percent": 75.5,
                "timestamp": 1778807594.966959
            },
            {
                "memory_mb": 236.484375,
                "cpu_percent": 20.9,
                "timestamp": 1778807596.0193093
            },
            {
                "memory_mb": 236.484375,
                "cpu_percent": 89.7,
                "timestamp": 1778807597.0672646
            },
            {
                "memory_mb": 236.484375,
                "cpu_percent": 75.4,
                "timestamp": 1778807598.1146536
            },
            {
                "memory_mb": 236.48046875,
                "cpu_percent": 73.5,
                "timestamp": 1778807599.1626723
            },
            {
                "memory_mb": 236.48828125,
                "cpu_percent": 44.7,
                "timestamp": 1778807600.2152548
            },
            {
                "memory_mb": 236.48828125,
                "cpu_percent": 65.9,
                "timestamp": 1778807601.2616038
            },
            {
                "memory_mb": 231.8359375,
                "cpu_percent": 77.0,
                "timestamp": 1778807602.3139722
            },
            {
                "memory_mb": 231.83203125,
                "cpu_percent": 70.4,
                "timestamp": 1778807603.3651779
            },
            {
                "memory_mb": 231.83984375,
                "cpu_percent": 62.5,
                "timestamp": 1778807604.420568
            },
            {
                "memory_mb": 231.83203125,
                "cpu_percent": 49.6,
                "timestamp": 1778807605.4691632
            },
            {
                "memory_mb": 231.8359375,
                "cpu_percent": 93.2,
                "timestamp": 1778807606.5210698
            },
            {
                "memory_mb": 231.828125,
                "cpu_percent": 69.4,
                "timestamp": 1778807607.5733275
            },
            {
                "memory_mb": 231.83984375,
                "cpu_percent": 67.5,
                "timestamp": 1778807608.625395
            },
            {
                "memory_mb": 236.48046875,
                "cpu_percent": 29.6,
                "timestamp": 1778807609.6719816
            },
            {
                "memory_mb": 236.48046875,
                "cpu_percent": 100.1,
                "timestamp": 1778807610.7204115
            },
            {
                "memory_mb": 236.48046875,
                "cpu_percent": 75.4,
                "timestamp": 1778807611.7678568
            },
            {
                "memory_mb": 236.4765625,
                "cpu_percent": 77.3,
                "timestamp": 1778807612.815729
            },
            {
                "memory_mb": 236.5,
                "cpu_percent": 10.5,
                "timestamp": 1778807613.8674695
            },
            {
                "memory_mb": 236.5,
                "cpu_percent": 99.2,
                "timestamp": 1778807614.9155056
            },
            {
                "memory_mb": 236.5,
                "cpu_percent": 75.4,
                "timestamp": 1778807615.9628072
            },
            {
                "memory_mb": 236.49609375,
                "cpu_percent": 74.5,
                "timestamp": 1778807617.0101545
            },
            {
                "memory_mb": 236.50390625,
                "cpu_percent": 31.3,
                "timestamp": 1778807618.0629501
            },
            {
                "memory_mb": 236.5078125,
                "cpu_percent": 79.1,
                "timestamp": 1778807619.11228
            },
            {
                "memory_mb": 231.84375,
                "cpu_percent": 75.3,
                "timestamp": 1778807620.1609237
            },
            {
                "memory_mb": 231.83984375,
                "cpu_percent": 76.3,
                "timestamp": 1778807621.2091994
            },
            {
                "memory_mb": 231.84765625,
                "cpu_percent": 52.3,
                "timestamp": 1778807622.26083
            },
            {
                "memory_mb": 236.5078125,
                "cpu_percent": 59.2,
                "timestamp": 1778807623.308381
            },
            {
                "memory_mb": 236.5078125,
                "cpu_percent": 83.6,
                "timestamp": 1778807624.361284
            },
            {
                "memory_mb": 236.5,
                "cpu_percent": 72.3,
                "timestamp": 1778807625.4129815
            },
            {
                "memory_mb": 236.51171875,
                "cpu_percent": 66.5,
                "timestamp": 1778807626.464955
            },
            {
                "memory_mb": 236.51171875,
                "cpu_percent": 37.2,
                "timestamp": 1778807627.51345
            },
            {
                "memory_mb": 236.51171875,
                "cpu_percent": 101.2,
                "timestamp": 1778807628.56037
            },
            {
                "memory_mb": 232.828125,
                "cpu_percent": 73.3,
                "timestamp": 1778807629.610345
            },
            {
                "memory_mb": 232.8359375,
                "cpu_percent": 65.5,
                "timestamp": 1778807630.6640015
            },
            {
                "memory_mb": 226.74609375,
                "cpu_percent": 20.1,
                "timestamp": 1778807631.7111628
            },
            {
                "memory_mb": 226.75,
                "cpu_percent": 99.2,
                "timestamp": 1778807632.7591295
            },
            {
                "memory_mb": 226.75,
                "cpu_percent": 75.4,
                "timestamp": 1778807633.8069649
            },
            {
                "memory_mb": 226.74609375,
                "cpu_percent": 77.2,
                "timestamp": 1778807634.8564427
            },
            {
                "memory_mb": 226.75390625,
                "cpu_percent": 18.1,
                "timestamp": 1778807635.908463
            },
            {
                "memory_mb": 236.484375,
                "cpu_percent": 93.5,
                "timestamp": 1778807636.9568992
            },
            {
                "memory_mb": 236.484375,
                "cpu_percent": 74.5,
                "timestamp": 1778807638.0045533
            },
            {
                "memory_mb": 236.48046875,
                "cpu_percent": 77.2,
                "timestamp": 1778807639.0537148
            },
            {
                "memory_mb": 236.48828125,
                "cpu_percent": 39.0,
                "timestamp": 1778807640.1048775
            },
            {
                "memory_mb": 236.5,
                "cpu_percent": 71.6,
                "timestamp": 1778807641.1524959
            },
            {
                "memory_mb": 236.50390625,
                "cpu_percent": 75.1,
                "timestamp": 1778807642.2050805
            },
            {
                "memory_mb": 236.5,
                "cpu_percent": 74.4,
                "timestamp": 1778807643.253016
            },
            {
                "memory_mb": 236.5078125,
                "cpu_percent": 59.9,
                "timestamp": 1778807644.3052108
            },
            {
                "memory_mb": 236.51171875,
                "cpu_percent": 50.6,
                "timestamp": 1778807645.3527734
            },
            {
                "memory_mb": 236.515625,
                "cpu_percent": 95.5,
                "timestamp": 1778807646.3996937
            },
            {
                "memory_mb": 236.5078125,
                "cpu_percent": 66.5,
                "timestamp": 1778807647.4522507
            },
            {
                "memory_mb": 236.51953125,
                "cpu_percent": 66.5,
                "timestamp": 1778807648.504916
            },
            {
                "memory_mb": 236.51171875,
                "cpu_percent": 29.6,
                "timestamp": 1778807649.5528316
            },
            {
                "memory_mb": 236.515625,
                "cpu_percent": 100.1,
                "timestamp": 1778807650.6020977
            },
            {
                "memory_mb": 229.55859375,
                "cpu_percent": 75.4,
                "timestamp": 1778807651.6496766
            },
            {
                "memory_mb": 229.5625,
                "cpu_percent": 74.5,
                "timestamp": 1778807652.696622
            },
            {
                "memory_mb": 236.5,
                "cpu_percent": 11.4,
                "timestamp": 1778807653.7479641
            },
            {
                "memory_mb": 236.50390625,
                "cpu_percent": 99.3,
                "timestamp": 1778807654.7957056
            },
            {
                "memory_mb": 236.50390625,
                "cpu_percent": 76.3,
                "timestamp": 1778807655.843757
            },
            {
                "memory_mb": 236.5,
                "cpu_percent": 72.5,
                "timestamp": 1778807656.891405
            },
            {
                "memory_mb": 236.5078125,
                "cpu_percent": 28.5,
                "timestamp": 1778807657.943448
            },
            {
                "memory_mb": 236.515625,
                "cpu_percent": 84.0,
                "timestamp": 1778807658.990932
            },
            {
                "memory_mb": 236.515625,
                "cpu_percent": 74.3,
                "timestamp": 1778807660.0400329
            },
            {
                "memory_mb": 236.51171875,
                "cpu_percent": 79.1,
                "timestamp": 1778807661.08988
            },
            {
                "memory_mb": 236.51953125,
                "cpu_percent": 51.2,
                "timestamp": 1778807662.1445978
            },
            {
                "memory_mb": 236.53125,
                "cpu_percent": 59.2,
                "timestamp": 1778807663.192344
            },
            {
                "memory_mb": 232.05859375,
                "cpu_percent": 86.5,
                "timestamp": 1778807664.2446396
            },
            {
                "memory_mb": 232.05078125,
                "cpu_percent": 71.2,
                "timestamp": 1778807665.2973711
            },
            {
                "memory_mb": 232.0625,
                "cpu_percent": 69.3,
                "timestamp": 1778807666.3500996
            },
            {
                "memory_mb": 236.5234375,
                "cpu_percent": 36.3,
                "timestamp": 1778807667.398114
            },
            {
                "memory_mb": 236.52734375,
                "cpu_percent": 99.2,
                "timestamp": 1778807668.4460864
            },
            {
                "memory_mb": 236.52734375,
                "cpu_percent": 75.4,
                "timestamp": 1778807669.494433
            },
            {
                "memory_mb": 236.53125,
                "cpu_percent": 75.4,
                "timestamp": 1778807670.5421991
            },
            {
                "memory_mb": 236.52734375,
                "cpu_percent": 12.4,
                "timestamp": 1778807671.5899854
            },
            {
                "memory_mb": 236.52734375,
                "cpu_percent": 99.2,
                "timestamp": 1778807672.6380284
            },
            {
                "memory_mb": 232.0625,
                "cpu_percent": 80.2,
                "timestamp": 1778807673.6851833
            },
            {
                "memory_mb": 232.05859375,
                "cpu_percent": 76.4,
                "timestamp": 1778807674.7320826
            },
            {
                "memory_mb": 232.06640625,
                "cpu_percent": 26.6,
                "timestamp": 1778807675.78442
            },
            {
                "memory_mb": 236.51953125,
                "cpu_percent": 85.0,
                "timestamp": 1778807676.8317244
            },
            {
                "memory_mb": 236.51953125,
                "cpu_percent": 74.4,
                "timestamp": 1778807677.8797991
            },
            {
                "memory_mb": 236.515625,
                "cpu_percent": 78.2,
                "timestamp": 1778807678.9278994
            },
            {
                "memory_mb": 236.5234375,
                "cpu_percent": 47.6,
                "timestamp": 1778807679.9791696
            },
            {
                "memory_mb": 236.53515625,
                "cpu_percent": 63.9,
                "timestamp": 1778807681.0269806
            },
            {
                "memory_mb": 236.53515625,
                "cpu_percent": 80.8,
                "timestamp": 1778807682.0792627
            },
            {
                "memory_mb": 236.53125,
                "cpu_percent": 71.3,
                "timestamp": 1778807683.1304462
            },
            {
                "memory_mb": 236.5390625,
                "cpu_percent": 69.4,
                "timestamp": 1778807684.1824288
            },
            {
                "memory_mb": 236.53515625,
                "cpu_percent": 41.0,
                "timestamp": 1778807685.2302961
            },
            {
                "memory_mb": 236.5390625,
                "cpu_percent": 99.3,
                "timestamp": 1778807686.2776864
            },
            {
                "memory_mb": 236.52734375,
                "cpu_percent": 74.4,
                "timestamp": 1778807687.325818
            },
            {
                "memory_mb": 236.5390625,
                "cpu_percent": 72.5,
                "timestamp": 1778807688.3735588
            },
            {
                "memory_mb": 236.5390625,
                "cpu_percent": 16.2,
                "timestamp": 1778807689.4207227
            },
            {
                "memory_mb": 236.5390625,
                "cpu_percent": 99.3,
                "timestamp": 1778807690.468319
            },
            {
                "memory_mb": 233.34765625,
                "cpu_percent": 75.4,
                "timestamp": 1778807691.5157847
            },
            {
                "memory_mb": 233.34375,
                "cpu_percent": 76.4,
                "timestamp": 1778807692.563508
            },
            {
                "memory_mb": 233.3515625,
                "cpu_percent": 34.2,
                "timestamp": 1778807693.6159067
            },
            {
                "memory_mb": 236.53515625,
                "cpu_percent": 76.2,
                "timestamp": 1778807694.6653879
            },
            {
                "memory_mb": 236.53515625,
                "cpu_percent": 75.3,
                "timestamp": 1778807695.7141159
            },
            {
                "memory_mb": 236.53125,
                "cpu_percent": 77.3,
                "timestamp": 1778807696.7625322
            },
            {
                "memory_mb": 236.5390625,
                "cpu_percent": 62.7,
                "timestamp": 1778807697.8146338
            },
            {
                "memory_mb": 236.54296875,
                "cpu_percent": 48.7,
                "timestamp": 1778807698.8624694
            },
            {
                "memory_mb": 232.0703125,
                "cpu_percent": 94.5,
                "timestamp": 1778807699.910145
            },
            {
                "memory_mb": 232.0625,
                "cpu_percent": 71.3,
                "timestamp": 1778807700.9617252
            },
            {
                "memory_mb": 232.07421875,
                "cpu_percent": 67.5,
                "timestamp": 1778807702.0137208
            },
            {
                "memory_mb": 236.5390625,
                "cpu_percent": 29.6,
                "timestamp": 1778807703.0623596
            },
            {
                "memory_mb": 236.5390625,
                "cpu_percent": 100.3,
                "timestamp": 1778807704.1095157
            },
            {
                "memory_mb": 236.5390625,
                "cpu_percent": 74.4,
                "timestamp": 1778807705.157279
            },
            {
                "memory_mb": 236.53515625,
                "cpu_percent": 76.4,
                "timestamp": 1778807706.2050004
            },
            {
                "memory_mb": 236.5390625,
                "cpu_percent": 11.4,
                "timestamp": 1778807707.257055
            },
            {
                "memory_mb": 236.5390625,
                "cpu_percent": 99.2,
                "timestamp": 1778807708.3051758
            },
            {
                "memory_mb": 232.0703125,
                "cpu_percent": 75.3,
                "timestamp": 1778807709.3548188
            },
            {
                "memory_mb": 232.06640625,
                "cpu_percent": 77.3,
                "timestamp": 1778807710.4021883
            },
            {
                "memory_mb": 232.07421875,
                "cpu_percent": 34.2,
                "timestamp": 1778807711.4544094
            },
            {
                "memory_mb": 236.53515625,
                "cpu_percent": 75.4,
                "timestamp": 1778807712.5024436
            },
            {
                "memory_mb": 236.53515625,
                "cpu_percent": 75.3,
                "timestamp": 1778807713.551908
            },
            {
                "memory_mb": 236.53125,
                "cpu_percent": 76.4,
                "timestamp": 1778807714.5984812
            },
            {
                "memory_mb": 236.5390625,
                "cpu_percent": 58.0,
                "timestamp": 1778807715.650752
            },
            {
                "memory_mb": 236.54296875,
                "cpu_percent": 52.5,
                "timestamp": 1778807716.6981401
            },
            {
                "memory_mb": 232.0703125,
                "cpu_percent": 94.3,
                "timestamp": 1778807717.7481399
            },
            {
                "memory_mb": 232.0625,
                "cpu_percent": 71.3,
                "timestamp": 1778807718.8006933
            },
            {
                "memory_mb": 232.07421875,
                "cpu_percent": 67.3,
                "timestamp": 1778807719.855564
            },
            {
                "memory_mb": 236.53515625,
                "cpu_percent": 28.6,
                "timestamp": 1778807720.9028249
            },
            {
                "memory_mb": 236.5390625,
                "cpu_percent": 101.1,
                "timestamp": 1778807721.950985
            },
            {
                "memory_mb": 236.5390625,
                "cpu_percent": 75.4,
                "timestamp": 1778807722.9984727
            },
            {
                "memory_mb": 236.53515625,
                "cpu_percent": 70.6,
                "timestamp": 1778807724.0473502
            },
            {
                "memory_mb": 233.3203125,
                "cpu_percent": 12.4,
                "timestamp": 1778807725.0959587
            },
            {
                "memory_mb": 233.32421875,
                "cpu_percent": 100.2,
                "timestamp": 1778807726.143509
            },
            {
                "memory_mb": 233.32421875,
                "cpu_percent": 74.4,
                "timestamp": 1778807727.191811
            },
            {
                "memory_mb": 233.3203125,
                "cpu_percent": 77.4,
                "timestamp": 1778807728.238997
            },
            {
                "memory_mb": 233.328125,
                "cpu_percent": 28.5,
                "timestamp": 1778807729.291437
            },
            {
                "memory_mb": 236.53125,
                "cpu_percent": 83.0,
                "timestamp": 1778807730.3399177
            },
            {
                "memory_mb": 236.53125,
                "cpu_percent": 75.4,
                "timestamp": 1778807731.3870082
            },
            {
                "memory_mb": 236.52734375,
                "cpu_percent": 72.5,
                "timestamp": 1778807732.4348342
            },
            {
                "memory_mb": 236.53515625,
                "cpu_percent": 53.2,
                "timestamp": 1778807733.486889
            },
            {
                "memory_mb": 236.5546875,
                "cpu_percent": 57.3,
                "timestamp": 1778807734.5341678
            },
            {
                "memory_mb": 236.55859375,
                "cpu_percent": 87.5,
                "timestamp": 1778807735.5857244
            },
            {
                "memory_mb": 236.55078125,
                "cpu_percent": 68.4,
                "timestamp": 1778807736.6378026
            },
            {
                "memory_mb": 236.5625,
                "cpu_percent": 66.6,
                "timestamp": 1778807737.6892726
            },
            {
                "memory_mb": 236.5625,
                "cpu_percent": 35.3,
                "timestamp": 1778807738.7368052
            },
            {
                "memory_mb": 236.5625,
                "cpu_percent": 100.3,
                "timestamp": 1778807739.783406
            },
            {
                "memory_mb": 236.5625,
                "cpu_percent": 74.5,
                "timestamp": 1778807740.8306663
            },
            {
                "memory_mb": 236.55859375,
                "cpu_percent": 71.6,
                "timestamp": 1778807741.8781755
            },
            {
                "memory_mb": 236.55859375,
                "cpu_percent": 13.3,
                "timestamp": 1778807742.9310665
            },
            {
                "memory_mb": 236.5625,
                "cpu_percent": 100.2,
                "timestamp": 1778807743.978602
            },
            {
                "memory_mb": 236.5625,
                "cpu_percent": 74.5,
                "timestamp": 1778807745.026032
            },
            {
                "memory_mb": 236.55859375,
                "cpu_percent": 77.3,
                "timestamp": 1778807746.0744116
            },
            {
                "memory_mb": 236.56640625,
                "cpu_percent": 26.5,
                "timestamp": 1778807747.1293795
            },
            {
                "memory_mb": 236.56640625,
                "cpu_percent": 84.0,
                "timestamp": 1778807748.1773891
            },
            {
                "memory_mb": 232.08203125,
                "cpu_percent": 75.4,
                "timestamp": 1778807749.2247345
            },
            {
                "memory_mb": 232.078125,
                "cpu_percent": 71.6,
                "timestamp": 1778807750.2716472
            },
            {
                "memory_mb": 232.0859375,
                "cpu_percent": 52.2,
                "timestamp": 1778807751.3248107
            },
            {
                "memory_mb": 232.078125,
                "cpu_percent": 61.1,
                "timestamp": 1778807752.3722208
            },
            {
                "memory_mb": 232.08203125,
                "cpu_percent": 84.7,
                "timestamp": 1778807753.423008
            },
            {
                "memory_mb": 232.07421875,
                "cpu_percent": 72.2,
                "timestamp": 1778807754.4754224
            },
            {
                "memory_mb": 232.0859375,
                "cpu_percent": 66.6,
                "timestamp": 1778807755.5271797
            },
            {
                "memory_mb": 236.5390625,
                "cpu_percent": 38.2,
                "timestamp": 1778807756.5750725
            },
            {
                "memory_mb": 236.5390625,
                "cpu_percent": 100.2,
                "timestamp": 1778807757.623355
            },
            {
                "memory_mb": 236.53515625,
                "cpu_percent": 73.4,
                "timestamp": 1778807758.67271
            },
            {
                "memory_mb": 236.54296875,
                "cpu_percent": 72.5,
                "timestamp": 1778807759.7216175
            },
            {
                "memory_mb": 232.36328125,
                "cpu_percent": 14.3,
                "timestamp": 1778807760.7710166
            },
            {
                "memory_mb": 232.3671875,
                "cpu_percent": 99.3,
                "timestamp": 1778807761.8183258
            },
            {
                "memory_mb": 232.3671875,
                "cpu_percent": 75.4,
                "timestamp": 1778807762.8665771
            },
            {
                "memory_mb": 232.36328125,
                "cpu_percent": 73.5,
                "timestamp": 1778807763.9143639
            },
            {
                "memory_mb": 232.37109375,
                "cpu_percent": 26.6,
                "timestamp": 1778807764.9666734
            },
            {
                "memory_mb": 236.5390625,
                "cpu_percent": 84.9,
                "timestamp": 1778807766.0146825
            },
            {
                "memory_mb": 236.5390625,
                "cpu_percent": 74.5,
                "timestamp": 1778807767.0622652
            },
            {
                "memory_mb": 236.53515625,
                "cpu_percent": 76.4,
                "timestamp": 1778807768.110037
            },
            {
                "memory_mb": 236.54296875,
                "cpu_percent": 57.0,
                "timestamp": 1778807769.1622512
            },
            {
                "memory_mb": 236.5625,
                "cpu_percent": 53.4,
                "timestamp": 1778807770.2103217
            },
            {
                "memory_mb": 236.5625,
                "cpu_percent": 91.3,
                "timestamp": 1778807771.262329
            },
            {
                "memory_mb": 236.5546875,
                "cpu_percent": 66.5,
                "timestamp": 1778807772.3145304
            },
            {
                "memory_mb": 236.56640625,
                "cpu_percent": 70.3,
                "timestamp": 1778807773.3670092
            },
            {
                "memory_mb": 233.4140625,
                "cpu_percent": 31.4,
                "timestamp": 1778807774.417376
            },
            {
                "memory_mb": 233.41796875,
                "cpu_percent": 100.3,
                "timestamp": 1778807775.4645772
            },
            {
                "memory_mb": 233.41796875,
                "cpu_percent": 79.2,
                "timestamp": 1778807776.5126433
            },
            {
                "memory_mb": 233.4140625,
                "cpu_percent": 73.5,
                "timestamp": 1778807777.560049
            },
            {
                "memory_mb": 236.55078125,
                "cpu_percent": 11.4,
                "timestamp": 1778807778.6113844
            },
            {
                "memory_mb": 236.55078125,
                "cpu_percent": 98.3,
                "timestamp": 1778807779.6588316
            },
            {
                "memory_mb": 236.55078125,
                "cpu_percent": 75.4,
                "timestamp": 1778807780.7072225
            },
            {
                "memory_mb": 236.546875,
                "cpu_percent": 71.6,
                "timestamp": 1778807781.7554164
            },
            {
                "memory_mb": 236.5546875,
                "cpu_percent": 35.2,
                "timestamp": 1778807782.8077226
            },
            {
                "memory_mb": 232.09375,
                "cpu_percent": 78.2,
                "timestamp": 1778807783.8561962
            },
            {
                "memory_mb": 232.09375,
                "cpu_percent": 74.4,
                "timestamp": 1778807784.904135
            },
            {
                "memory_mb": 232.08984375,
                "cpu_percent": 78.3,
                "timestamp": 1778807785.9511158
            },
            {
                "memory_mb": 232.09765625,
                "cpu_percent": 56.1,
                "timestamp": 1778807787.0029538
            },
            {
                "memory_mb": 236.5546875,
                "cpu_percent": 54.4,
                "timestamp": 1778807788.0510702
            },
            {
                "memory_mb": 236.5546875,
                "cpu_percent": 92.2,
                "timestamp": 1778807789.1028037
            },
            {
                "memory_mb": 236.546875,
                "cpu_percent": 69.4,
                "timestamp": 1778807790.1552265
            },
            {
                "memory_mb": 236.55859375,
                "cpu_percent": 69.4,
                "timestamp": 1778807791.2076924
            },
            {
                "memory_mb": 236.56640625,
                "cpu_percent": 28.6,
                "timestamp": 1778807792.255123
            },
            {
                "memory_mb": 236.56640625,
                "cpu_percent": 99.2,
                "timestamp": 1778807793.3030345
            },
            {
                "memory_mb": 236.56640625,
                "cpu_percent": 75.4,
                "timestamp": 1778807794.3505619
            },
            {
                "memory_mb": 236.5625,
                "cpu_percent": 70.7,
                "timestamp": 1778807795.3971777
            },
            {
                "memory_mb": 236.56640625,
                "cpu_percent": 18.1,
                "timestamp": 1778807796.449304
            },
            {
                "memory_mb": 236.56640625,
                "cpu_percent": 95.5,
                "timestamp": 1778807797.4962823
            },
            {
                "memory_mb": 234.38671875,
                "cpu_percent": 78.2,
                "timestamp": 1778807798.5449467
            },
            {
                "memory_mb": 234.3828125,
                "cpu_percent": 76.4,
                "timestamp": 1778807799.5924315
            },
            {
                "memory_mb": 234.390625,
                "cpu_percent": 40.0,
                "timestamp": 1778807800.642691
            },
            {
                "memory_mb": 236.5546875,
                "cpu_percent": 71.3,
                "timestamp": 1778807801.6939363
            },
            {
                "memory_mb": 236.55859375,
                "cpu_percent": 74.1,
                "timestamp": 1778807802.746073
            },
            {
                "memory_mb": 236.5546875,
                "cpu_percent": 74.4,
                "timestamp": 1778807803.794042
            },
            {
                "memory_mb": 236.5625,
                "cpu_percent": 61.8,
                "timestamp": 1778807804.8458045
            },
            {
                "memory_mb": 236.58203125,
                "cpu_percent": 48.7,
                "timestamp": 1778807805.893646
            },
            {
                "memory_mb": 236.58203125,
                "cpu_percent": 93.5,
                "timestamp": 1778807806.9416265
            },
            {
                "memory_mb": 236.57421875,
                "cpu_percent": 66.6,
                "timestamp": 1778807807.9921541
            },
            {
                "memory_mb": 236.5859375,
                "cpu_percent": 69.4,
                "timestamp": 1778807809.0445774
            },
            {
                "memory_mb": 232.23046875,
                "cpu_percent": 29.6,
                "timestamp": 1778807810.0928676
            },
            {
                "memory_mb": 232.234375,
                "cpu_percent": 99.3,
                "timestamp": 1778807811.140528
            },
            {
                "memory_mb": 232.234375,
                "cpu_percent": 78.2,
                "timestamp": 1778807812.188731
            },
            {
                "memory_mb": 232.23046875,
                "cpu_percent": 70.7,
                "timestamp": 1778807813.2355483
            },
            {
                "memory_mb": 232.234375,
                "cpu_percent": 15.2,
                "timestamp": 1778807814.2852976
            },
            {
                "memory_mb": 232.234375,
                "cpu_percent": 98.3,
                "timestamp": 1778807815.33303
            },
            {
                "memory_mb": 232.234375,
                "cpu_percent": 73.5,
                "timestamp": 1778807816.3805025
            },
            {
                "memory_mb": 232.23046875,
                "cpu_percent": 76.3,
                "timestamp": 1778807817.4283087
            },
            {
                "memory_mb": 232.23828125,
                "cpu_percent": 34.2,
                "timestamp": 1778807818.4803097
            },
            {
                "memory_mb": 236.56640625,
                "cpu_percent": 77.3,
                "timestamp": 1778807819.528121
            },
            {
                "memory_mb": 236.56640625,
                "cpu_percent": 73.4,
                "timestamp": 1778807820.5765362
            },
            {
                "memory_mb": 236.5625,
                "cpu_percent": 74.5,
                "timestamp": 1778807821.6238136
            },
            {
                "memory_mb": 236.5703125,
                "cpu_percent": 59.9,
                "timestamp": 1778807822.6755311
            },
            {
                "memory_mb": 236.5859375,
                "cpu_percent": 50.6,
                "timestamp": 1778807823.723167
            },
            {
                "memory_mb": 236.58984375,
                "cpu_percent": 96.3,
                "timestamp": 1778807824.7715702
            },
            {
                "memory_mb": 236.58203125,
                "cpu_percent": 66.5,
                "timestamp": 1778807825.823678
            },
            {
                "memory_mb": 236.59375,
                "cpu_percent": 66.5,
                "timestamp": 1778807826.875613
            },
            {
                "memory_mb": 233.32421875,
                "cpu_percent": 31.5,
                "timestamp": 1778807827.92371
            },
            {
                "memory_mb": 233.328125,
                "cpu_percent": 99.2,
                "timestamp": 1778807828.9717457
            },
            {
                "memory_mb": 233.328125,
                "cpu_percent": 79.2,
                "timestamp": 1778807830.0194578
            },
            {
                "memory_mb": 233.32421875,
                "cpu_percent": 77.2,
                "timestamp": 1778807831.0681753
            },
            {
                "memory_mb": 236.578125,
                "cpu_percent": 10.5,
                "timestamp": 1778807832.1186333
            },
            {
                "memory_mb": 236.57421875,
                "cpu_percent": 100.1,
                "timestamp": 1778807833.1671207
            },
            {
                "memory_mb": 236.57421875,
                "cpu_percent": 75.4,
                "timestamp": 1778807834.2154174
            },
            {
                "memory_mb": 236.5703125,
                "cpu_percent": 74.4,
                "timestamp": 1778807835.263138
            },
            {
                "memory_mb": 236.578125,
                "cpu_percent": 36.1,
                "timestamp": 1778807836.3156207
            },
            {
                "memory_mb": 236.58203125,
                "cpu_percent": 74.4,
                "timestamp": 1778807837.3644292
            },
            {
                "memory_mb": 236.5859375,
                "cpu_percent": 75.1,
                "timestamp": 1778807838.4167445
            },
            {
                "memory_mb": 236.58203125,
                "cpu_percent": 71.5,
                "timestamp": 1778807839.465244
            },
            {
                "memory_mb": 236.58984375,
                "cpu_percent": 61.8,
                "timestamp": 1778807840.5173502
            },
            {
                "memory_mb": 236.58203125,
                "cpu_percent": 50.6,
                "timestamp": 1778807841.5651276
            },
            {
                "memory_mb": 236.5859375,
                "cpu_percent": 88.4,
                "timestamp": 1778807842.6170938
            },
            {
                "memory_mb": 236.578125,
                "cpu_percent": 72.3,
                "timestamp": 1778807843.6684709
            },
            {
                "memory_mb": 236.58984375,
                "cpu_percent": 69.4,
                "timestamp": 1778807844.7209122
            },
            {
                "memory_mb": 236.59375,
                "cpu_percent": 32.4,
                "timestamp": 1778807845.769117
            },
            {
                "memory_mb": 236.59765625,
                "cpu_percent": 99.3,
                "timestamp": 1778807846.6051252
            }
        ]
    }
}
