{
    "idx_task": 19,
    "task_name": "cpu_intensive",
    "duration_into_wraps": 1.6257190704345703,
    "data": {
        "ppid": 170708,
        "voluntary_ctxt_switches": 1,
        "nonvoluntary_ctxt_switches": 6,
        "delta_jiffies": 62,
        "delta_time": 1.6257,
        "cpu_load": 38.14,
        "memory_mib": 0.27734375
    },
    "timestamp": 1775641124.451507
}
{
    "idx_task": 23,
    "task_name": "cpu_intensive",
    "duration_into_wraps": 1.628309965133667,
    "data": {
        "ppid": 170708,
        "voluntary_ctxt_switches": 1,
        "nonvoluntary_ctxt_switches": 4,
        "delta_jiffies": 63,
        "delta_time": -6.6736,
        "cpu_load": -9.44,
        "memory_mib": 0.0078125
    },
    "timestamp": 1775641134.3815742
}
{
    "idx_task": 24,
    "task_name": "cpu_intensive",
    "duration_into_wraps": 16.249818086624146,
    "data": {
        "ppid": 170708,
        "voluntary_ctxt_switches": 1,
        "nonvoluntary_ctxt_switches": 30,
        "delta_jiffies": 625,
        "delta_time": 16.2468,
        "cpu_load": 38.47,
        "memory_mib": 0.0
    },
    "timestamp": 1775641150.634081
}
{
    "idx_task": 30,
    "task_name": "cpu_intensive",
    "duration_into_wraps": 15.854156494140625,
    "data": {
        "ppid": 170708,
        "voluntary_ctxt_switches": 1,
        "nonvoluntary_ctxt_switches": 47,
        "delta_jiffies": 586,
        "delta_time": 13.6496,
        "cpu_load": 42.93,
        "memory_mib": 0.0
    },
    "timestamp": 1775641168.6926014
}
{
    "idx_task": 37,
    "task_name": "cpu_intensive",
    "duration_into_wraps": 1.5895042419433594,
    "data": {
        "ppid": 170708,
        "voluntary_ctxt_switches": 1,
        "nonvoluntary_ctxt_switches": 2,
        "delta_jiffies": 59,
        "delta_time": -2.5609,
        "cpu_load": -23.04,
        "memory_mib": 0.0
    },
    "timestamp": 1775641174.4325445
}
{
    "idx_task": 39,
    "task_name": "cpu_intensive",
    "duration_into_wraps": 16.047385692596436,
    "data": {
        "ppid": 170708,
        "voluntary_ctxt_switches": 1,
        "nonvoluntary_ctxt_switches": 25,
        "delta_jiffies": 604,
        "delta_time": 16.0445,
        "cpu_load": 37.65,
        "memory_mib": 0.0
    },
    "timestamp": 1775641190.48269
}
{
    "idx_task": 47,
    "task_name": "cpu_intensive",
    "duration_into_wraps": 1.6312224864959717,
    "data": {
        "ppid": 170708,
        "voluntary_ctxt_switches": 1,
        "nonvoluntary_ctxt_switches": 2,
        "delta_jiffies": 64,
        "delta_time": -0.7848999999999999,
        "cpu_load": -81.54,
        "memory_mib": 0.00390625
    },
    "timestamp": 1775641194.5298352
}
{
    "idx_task": 49,
    "task_name": "cpu_intensive",
    "duration_into_wraps": 1.6098763942718506,
    "data": {
        "ppid": 170708,
        "voluntary_ctxt_switches": 1,
        "nonvoluntary_ctxt_switches": 2,
        "delta_jiffies": 61,
        "delta_time": -6.7734000000000005,
        "cpu_load": -9.01,
        "memory_mib": 0.0
    },
    "timestamp": 1775641204.5228844
}
{
    "idx_task": 52,
    "task_name": "cpu_intensive",
    "duration_into_wraps": 1.6051898002624512,
    "data": {
        "ppid": 170708,
        "voluntary_ctxt_switches": 1,
        "nonvoluntary_ctxt_switches": 0,
        "delta_jiffies": 60,
        "delta_time": 1.6024,
        "cpu_load": 37.44,
        "memory_mib": 0.0
    },
    "timestamp": 1775641206.1307251
}
