{
    "idx_task": 82,
    "task_name": "cpu_intensive",
    "duration_into_wraps": 1.6014094352722168,
    "data": {
        "ppid": 170708,
        "voluntary_ctxt_switches": 1,
        "nonvoluntary_ctxt_switches": 7,
        "delta_jiffies": 60,
        "delta_time": 1.6014,
        "cpu_load": 37.47,
        "memory_mib": 0.28125
    },
    "timestamp": 1775641284.7982907
}
{
    "idx_task": 86,
    "task_name": "cpu_intensive",
    "duration_into_wraps": 1.6251556873321533,
    "data": {
        "ppid": 170708,
        "voluntary_ctxt_switches": 1,
        "nonvoluntary_ctxt_switches": 1,
        "delta_jiffies": 62,
        "delta_time": -6.694800000000001,
        "cpu_load": -9.26,
        "memory_mib": 0.0
    },
    "timestamp": 1775641294.7433145
}
{
    "idx_task": 88,
    "task_name": "cpu_intensive",
    "duration_into_wraps": 1.6447772979736328,
    "data": {
        "ppid": 170708,
        "voluntary_ctxt_switches": 1,
        "nonvoluntary_ctxt_switches": 37,
        "delta_jiffies": 65,
        "delta_time": 1.6422,
        "cpu_load": 39.58,
        "memory_mib": 0.0
    },
    "timestamp": 1775641296.39075
}
{
    "idx_task": 91,
    "task_name": "cpu_intensive",
    "duration_into_wraps": 1.6302647590637207,
    "data": {
        "ppid": 170708,
        "voluntary_ctxt_switches": 1,
        "nonvoluntary_ctxt_switches": 18,
        "delta_jiffies": 63,
        "delta_time": -5.124099999999999,
        "cpu_load": -12.29,
        "memory_mib": 0.0
    },
    "timestamp": 1775641304.7752492
}
{
    "idx_task": 95,
    "task_name": "cpu_intensive",
    "duration_into_wraps": 1.6195173263549805,
    "data": {
        "ppid": 170708,
        "voluntary_ctxt_switches": 1,
        "nonvoluntary_ctxt_switches": 40,
        "delta_jiffies": 62,
        "delta_time": -6.778,
        "cpu_load": -9.15,
        "memory_mib": 0.0
    },
    "timestamp": 1775641314.7921383
}
