{
    "idx_task": 55,
    "task_name": "cpu_intensive",
    "duration_into_wraps": 1.60856294631958,
    "data": {
        "ppid": 170708,
        "voluntary_ctxt_switches": 1,
        "nonvoluntary_ctxt_switches": 35,
        "delta_jiffies": 60,
        "delta_time": 1.6086,
        "cpu_load": 37.3,
        "memory_mib": 0.28515625
    },
    "timestamp": 1775641214.647025
}
{
    "idx_task": 58,
    "task_name": "cpu_intensive",
    "duration_into_wraps": 1.6643056869506836,
    "data": {
        "ppid": 170708,
        "voluntary_ctxt_switches": 1,
        "nonvoluntary_ctxt_switches": 32,
        "delta_jiffies": 67,
        "delta_time": -6.648599999999999,
        "cpu_load": -10.08,
        "memory_mib": 0.0
    },
    "timestamp": 1775641224.6240416
}
{
    "idx_task": 60,
    "task_name": "cpu_intensive",
    "duration_into_wraps": 16.22293210029602,
    "data": {
        "ppid": 170708,
        "voluntary_ctxt_switches": 1,
        "nonvoluntary_ctxt_switches": 84,
        "delta_jiffies": 622,
        "delta_time": 16.2202,
        "cpu_load": 38.35,
        "memory_mib": 0.0
    },
    "timestamp": 1775641240.8496215
}
{
    "idx_task": 66,
    "task_name": "cpu_intensive",
    "duration_into_wraps": 15.917115688323975,
    "data": {
        "ppid": 170708,
        "voluntary_ctxt_switches": 1,
        "nonvoluntary_ctxt_switches": 38,
        "delta_jiffies": 592,
        "delta_time": 13.7595,
        "cpu_load": 43.02,
        "memory_mib": 0.0
    },
    "timestamp": 1775641258.9242373
}
{
    "idx_task": 74,
    "task_name": "cpu_intensive",
    "duration_into_wraps": 1.6284127235412598,
    "data": {
        "ppid": 170708,
        "voluntary_ctxt_switches": 1,
        "nonvoluntary_ctxt_switches": 4,
        "delta_jiffies": 63,
        "delta_time": -2.4978,
        "cpu_load": -25.22,
        "memory_mib": 0.0
    },
    "timestamp": 1775641264.6786194
}
{
    "idx_task": 76,
    "task_name": "cpu_intensive",
    "duration_into_wraps": 1.6096761226654053,
    "data": {
        "ppid": 170708,
        "voluntary_ctxt_switches": 1,
        "nonvoluntary_ctxt_switches": 7,
        "delta_jiffies": 61,
        "delta_time": 1.6075,
        "cpu_load": 37.95,
        "memory_mib": 0.0
    },
    "timestamp": 1775641266.2902236
}
{
    "idx_task": 77,
    "task_name": "cpu_intensive",
    "duration_into_wraps": 1.614166021347046,
    "data": {
        "ppid": 170708,
        "voluntary_ctxt_switches": 1,
        "nonvoluntary_ctxt_switches": 0,
        "delta_jiffies": 61,
        "delta_time": -5.1613999999999995,
        "cpu_load": -11.82,
        "memory_mib": 0.00390625
    },
    "timestamp": 1775641274.6799324
}
{
    "idx_task": 80,
    "task_name": "cpu_intensive",
    "duration_into_wraps": 1.613435983657837,
    "data": {
        "ppid": 170708,
        "voluntary_ctxt_switches": 1,
        "nonvoluntary_ctxt_switches": 11,
        "delta_jiffies": 61,
        "delta_time": 1.6111,
        "cpu_load": 37.86,
        "memory_mib": 0.0
    },
    "timestamp": 1775641276.2956412
}
