{
    "idx_task": 3,
    "task_name": "cpu_intensive",
    "duration_into_wraps": 15.914976596832275,
    "data": {
        "ppid": 170708,
        "voluntary_ctxt_switches": 1,
        "nonvoluntary_ctxt_switches": 196,
        "delta_jiffies": 591,
        "delta_time": 15.9149,
        "cpu_load": 37.14,
        "memory_mib": 0.28125
    },
    "timestamp": 1775641098.6908803
}
{
    "idx_task": 10,
    "task_name": "cpu_intensive",
    "duration_into_wraps": 1.589745044708252,
    "data": {
        "ppid": 170708,
        "voluntary_ctxt_switches": 1,
        "nonvoluntary_ctxt_switches": 11,
        "delta_jiffies": 59,
        "delta_time": -2.4011,
        "cpu_load": -24.57,
        "memory_mib": 0.0
    },
    "timestamp": 1775641104.2712612
}
{
    "idx_task": 12,
    "task_name": "cpu_intensive",
    "duration_into_wraps": 16.096027851104736,
    "data": {
        "ppid": 170708,
        "voluntary_ctxt_switches": 1,
        "nonvoluntary_ctxt_switches": 33,
        "delta_jiffies": 610,
        "delta_time": 16.0936,
        "cpu_load": 37.9,
        "memory_mib": 0.0
    },
    "timestamp": 1775641120.3695455
}
