{
    "idx_task": 31,
    "task_name": "cpu_intensive",
    "duration_into_wraps": 1.5887892246246338,
    "data": {
        "ppid": 170708,
        "voluntary_ctxt_switches": 1,
        "nonvoluntary_ctxt_switches": 39,
        "delta_jiffies": 58,
        "delta_time": 1.5889,
        "cpu_load": 36.5,
        "memory_mib": 0.28515625
    },
    "timestamp": 1775641154.4324968
}
{
    "idx_task": 34,
    "task_name": "cpu_intensive",
    "duration_into_wraps": 1.5870883464813232,
    "data": {
        "ppid": 170708,
        "voluntary_ctxt_switches": 1,
        "nonvoluntary_ctxt_switches": 6,
        "delta_jiffies": 57,
        "delta_time": -6.803000000000001,
        "cpu_load": -8.38,
        "memory_mib": 0.0
    },
    "timestamp": 1775641164.4096453
}
{
    "idx_task": 36,
    "task_name": "cpu_intensive",
    "duration_into_wraps": 15.920273542404175,
    "data": {
        "ppid": 170708,
        "voluntary_ctxt_switches": 1,
        "nonvoluntary_ctxt_switches": 17,
        "delta_jiffies": 592,
        "delta_time": 15.917399999999999,
        "cpu_load": 37.19,
        "memory_mib": 0.0
    },
    "timestamp": 1775641180.332688
}
{
    "idx_task": 41,
    "task_name": "cpu_intensive",
    "duration_into_wraps": 1.6240127086639404,
    "data": {
        "ppid": 170708,
        "voluntary_ctxt_switches": 1,
        "nonvoluntary_ctxt_switches": 4,
        "delta_jiffies": 63,
        "delta_time": -0.9723999999999999,
        "cpu_load": -64.79,
        "memory_mib": 0.00390625
    },
    "timestamp": 1775641184.5531714
}
{
    "idx_task": 44,
    "task_name": "cpu_intensive",
    "duration_into_wraps": 1.6088063716888428,
    "data": {
        "ppid": 170708,
        "voluntary_ctxt_switches": 1,
        "nonvoluntary_ctxt_switches": 1,
        "delta_jiffies": 61,
        "delta_time": 1.6057,
        "cpu_load": 37.99,
        "memory_mib": 0.0
    },
    "timestamp": 1775641186.1650667
}
{
    "idx_task": 46,
    "task_name": "cpu_intensive",
    "duration_into_wraps": 1.6256191730499268,
    "data": {
        "ppid": 170708,
        "voluntary_ctxt_switches": 1,
        "nonvoluntary_ctxt_switches": 7,
        "delta_jiffies": 62,
        "delta_time": -5.104500000000001,
        "cpu_load": -12.15,
        "memory_mib": 0.0
    },
    "timestamp": 1775641194.5205994
}
{
    "idx_task": 48,
    "task_name": "cpu_intensive",
    "duration_into_wraps": 16.042394161224365,
    "data": {
        "ppid": 170708,
        "voluntary_ctxt_switches": 1,
        "nonvoluntary_ctxt_switches": 46,
        "delta_jiffies": 605,
        "delta_time": 16.0399,
        "cpu_load": 37.72,
        "memory_mib": 0.0
    },
    "timestamp": 1775641210.5651364
}
