{
    "351214": {
        "ppid": "254983",
        "name": "celery",
        "cmdline": "/home/experimenter/projects/celery-autoscale/.venv/bin/python3 /home/experimenter/projects/celery-autoscale/.venv/bin/celery -A celery_app worker --loglevel=INFO --concurrency=8 --pool=gevent",
        "create_time": "2026-05-15T08:28:23.800000",
        "last_update": "2026-05-15T08:33:25.676934",
        "voluntary_ctxt_switches": 2034,
        "nonvoluntary_ctxt_switches": 3449,
        "jiffies": 23335,
        "stats": [
            {
                "memory_mb": 48.19140625,
                "cpu_percent": 0.0,
                "timestamp": 1778822904.8749442
            },
            {
                "memory_mb": 48.68359375,
                "cpu_percent": 37.2,
                "timestamp": 1778822905.9234295
            },
            {
                "memory_mb": 67.09765625,
                "cpu_percent": 100.3,
                "timestamp": 1778822906.970161
            },
            {
                "memory_mb": 85.5703125,
                "cpu_percent": 100.3,
                "timestamp": 1778822908.017184
            },
            {
                "memory_mb": 103.8984375,
                "cpu_percent": 100.3,
                "timestamp": 1778822909.064156
            },
            {
                "memory_mb": 176.98046875,
                "cpu_percent": 63.7,
                "timestamp": 1778822910.1154618
            },
            {
                "memory_mb": 231.7578125,
                "cpu_percent": 85.0,
                "timestamp": 1778822911.1625168
            },
            {
                "memory_mb": 268.46875,
                "cpu_percent": 100.2,
                "timestamp": 1778822912.2105029
            },
            {
                "memory_mb": 350.87109375,
                "cpu_percent": 79.3,
                "timestamp": 1778822913.257211
            },
            {
                "memory_mb": 377.03125,
                "cpu_percent": 95.5,
                "timestamp": 1778822914.3046966
            },
            {
                "memory_mb": 375.96484375,
                "cpu_percent": 13.3,
                "timestamp": 1778822915.3550794
            },
            {
                "memory_mb": 375.97265625,
                "cpu_percent": 99.3,
                "timestamp": 1778822916.402411
            },
            {
                "memory_mb": 375.984375,
                "cpu_percent": 99.3,
                "timestamp": 1778822917.4498348
            },
            {
                "memory_mb": 375.9765625,
                "cpu_percent": 75.5,
                "timestamp": 1778822918.4968174
            },
            {
                "memory_mb": 375.96875,
                "cpu_percent": 64.6,
                "timestamp": 1778822919.5486596
            },
            {
                "memory_mb": 375.97265625,
                "cpu_percent": 29.6,
                "timestamp": 1778822920.5955124
            },
            {
                "memory_mb": 375.98828125,
                "cpu_percent": 100.2,
                "timestamp": 1778822921.6437628
            },
            {
                "memory_mb": 368.15234375,
                "cpu_percent": 99.2,
                "timestamp": 1778822922.691683
            },
            {
                "memory_mb": 368.1484375,
                "cpu_percent": 100.2,
                "timestamp": 1778822923.7391016
            },
            {
                "memory_mb": 368.1328125,
                "cpu_percent": 77.9,
                "timestamp": 1778822924.791118
            },
            {
                "memory_mb": 368.14453125,
                "cpu_percent": 51.5,
                "timestamp": 1778822925.8388524
            },
            {
                "memory_mb": 368.1484375,
                "cpu_percent": 100.3,
                "timestamp": 1778822926.8858125
            },
            {
                "memory_mb": 368.14453125,
                "cpu_percent": 80.2,
                "timestamp": 1778822927.9327605
            },
            {
                "memory_mb": 368.140625,
                "cpu_percent": 92.6,
                "timestamp": 1778822928.9798672
            },
            {
                "memory_mb": 368.13671875,
                "cpu_percent": 26.6,
                "timestamp": 1778822930.0321128
            },
            {
                "memory_mb": 368.140625,
                "cpu_percent": 76.3,
                "timestamp": 1778822931.0805206
            },
            {
                "memory_mb": 368.15625,
                "cpu_percent": 100.3,
                "timestamp": 1778822932.1276164
            },
            {
                "memory_mb": 368.1484375,
                "cpu_percent": 73.5,
                "timestamp": 1778822933.1747868
            },
            {
                "memory_mb": 368.13671875,
                "cpu_percent": 92.2,
                "timestamp": 1778822934.2267344
            },
            {
                "memory_mb": 368.13671875,
                "cpu_percent": 6.7,
                "timestamp": 1778822935.2787545
            },
            {
                "memory_mb": 368.15625,
                "cpu_percent": 94.4,
                "timestamp": 1778822936.3272264
            },
            {
                "memory_mb": 368.15234375,
                "cpu_percent": 99.3,
                "timestamp": 1778822937.374468
            },
            {
                "memory_mb": 368.1484375,
                "cpu_percent": 100.2,
                "timestamp": 1778822938.4221764
            },
            {
                "memory_mb": 368.13671875,
                "cpu_percent": 99.3,
                "timestamp": 1778822939.4699159
            },
            {
                "memory_mb": 368.14453125,
                "cpu_percent": 27.7,
                "timestamp": 1778822940.516665
            },
            {
                "memory_mb": 368.15234375,
                "cpu_percent": 99.3,
                "timestamp": 1778822941.5644305
            },
            {
                "memory_mb": 368.1484375,
                "cpu_percent": 86.7,
                "timestamp": 1778822942.6138837
            },
            {
                "memory_mb": 368.140625,
                "cpu_percent": 85.9,
                "timestamp": 1778822943.6612115
            },
            {
                "memory_mb": 368.13671875,
                "cpu_percent": 57.0,
                "timestamp": 1778822944.712987
            },
            {
                "memory_mb": 368.1328125,
                "cpu_percent": 43.9,
                "timestamp": 1778822945.760204
            },
            {
                "memory_mb": 368.15625,
                "cpu_percent": 100.2,
                "timestamp": 1778822946.8078973
            },
            {
                "memory_mb": 368.1484375,
                "cpu_percent": 75.5,
                "timestamp": 1778822947.8544662
            },
            {
                "memory_mb": 368.14453125,
                "cpu_percent": 100.2,
                "timestamp": 1778822948.9020972
            },
            {
                "memory_mb": 368.13671875,
                "cpu_percent": 34.2,
                "timestamp": 1778822949.953536
            },
            {
                "memory_mb": 368.140625,
                "cpu_percent": 60.1,
                "timestamp": 1778822951.0010161
            },
            {
                "memory_mb": 368.15234375,
                "cpu_percent": 100.2,
                "timestamp": 1778822952.048968
            },
            {
                "memory_mb": 368.15234375,
                "cpu_percent": 99.3,
                "timestamp": 1778822953.0962613
            },
            {
                "memory_mb": 368.13671875,
                "cpu_percent": 100.2,
                "timestamp": 1778822954.1437714
            },
            {
                "memory_mb": 368.1328125,
                "cpu_percent": 51.3,
                "timestamp": 1778822955.1956427
            },
            {
                "memory_mb": 368.15234375,
                "cpu_percent": 84.1,
                "timestamp": 1778822956.2425776
            },
            {
                "memory_mb": 368.15234375,
                "cpu_percent": 100.2,
                "timestamp": 1778822957.2899945
            },
            {
                "memory_mb": 368.14453125,
                "cpu_percent": 80.2,
                "timestamp": 1778822958.337071
            },
            {
                "memory_mb": 368.13671875,
                "cpu_percent": 74.1,
                "timestamp": 1778822959.3891778
            },
            {
                "memory_mb": 368.1328125,
                "cpu_percent": 13.4,
                "timestamp": 1778822960.4372191
            },
            {
                "memory_mb": 368.140625,
                "cpu_percent": 100.3,
                "timestamp": 1778822961.484425
            },
            {
                "memory_mb": 368.15234375,
                "cpu_percent": 90.3,
                "timestamp": 1778822962.5368288
            },
            {
                "memory_mb": 368.14453125,
                "cpu_percent": 84.0,
                "timestamp": 1778822963.583983
            },
            {
                "memory_mb": 368.13671875,
                "cpu_percent": 58.0,
                "timestamp": 1778822964.6358945
            },
            {
                "memory_mb": 368.1328125,
                "cpu_percent": 31.5,
                "timestamp": 1778822965.683308
            },
            {
                "memory_mb": 368.1484375,
                "cpu_percent": 99.3,
                "timestamp": 1778822966.730671
            },
            {
                "memory_mb": 368.1484375,
                "cpu_percent": 100.2,
                "timestamp": 1778822967.7785347
            },
            {
                "memory_mb": 368.14453125,
                "cpu_percent": 101.2,
                "timestamp": 1778822968.8257911
            },
            {
                "memory_mb": 368.13671875,
                "cpu_percent": 17.1,
                "timestamp": 1778822969.8801074
            },
            {
                "memory_mb": 368.13671875,
                "cpu_percent": 94.6,
                "timestamp": 1778822970.9268866
            },
            {
                "memory_mb": 368.14453125,
                "cpu_percent": 99.2,
                "timestamp": 1778822971.975393
            },
            {
                "memory_mb": 368.1484375,
                "cpu_percent": 81.7,
                "timestamp": 1778822973.027629
            },
            {
                "memory_mb": 368.140625,
                "cpu_percent": 91.6,
                "timestamp": 1778822974.0753706
            },
            {
                "memory_mb": 368.13671875,
                "cpu_percent": 52.3,
                "timestamp": 1778822975.1277702
            },
            {
                "memory_mb": 368.15234375,
                "cpu_percent": 75.5,
                "timestamp": 1778822976.174744
            },
            {
                "memory_mb": 368.15625,
                "cpu_percent": 100.2,
                "timestamp": 1778822977.2224529
            },
            {
                "memory_mb": 368.15234375,
                "cpu_percent": 79.3,
                "timestamp": 1778822978.269534
            },
            {
                "memory_mb": 368.140625,
                "cpu_percent": 82.7,
                "timestamp": 1778822979.32156
            },
            {
                "memory_mb": 368.12890625,
                "cpu_percent": 10.5,
                "timestamp": 1778822980.3740506
            },
            {
                "memory_mb": 368.1484375,
                "cpu_percent": 99.2,
                "timestamp": 1778822981.4221952
            },
            {
                "memory_mb": 368.16015625,
                "cpu_percent": 99.3,
                "timestamp": 1778822982.4699934
            },
            {
                "memory_mb": 368.15625,
                "cpu_percent": 100.3,
                "timestamp": 1778822983.5172718
            },
            {
                "memory_mb": 368.140625,
                "cpu_percent": 95.4,
                "timestamp": 1778822984.5650349
            },
            {
                "memory_mb": 368.15234375,
                "cpu_percent": 26.7,
                "timestamp": 1778822985.6137264
            },
            {
                "memory_mb": 368.16015625,
                "cpu_percent": 100.3,
                "timestamp": 1778822986.6610124
            },
            {
                "memory_mb": 368.16015625,
                "cpu_percent": 81.7,
                "timestamp": 1778822987.7130249
            },
            {
                "memory_mb": 368.15234375,
                "cpu_percent": 89.8,
                "timestamp": 1778822988.7601712
            },
            {
                "memory_mb": 368.1484375,
                "cpu_percent": 48.5,
                "timestamp": 1778822989.811816
            },
            {
                "memory_mb": 368.140625,
                "cpu_percent": 52.5,
                "timestamp": 1778822990.8595078
            },
            {
                "memory_mb": 368.1640625,
                "cpu_percent": 100.3,
                "timestamp": 1778822991.9063962
            },
            {
                "memory_mb": 368.16015625,
                "cpu_percent": 72.6,
                "timestamp": 1778822992.953855
            },
            {
                "memory_mb": 368.15625,
                "cpu_percent": 100.3,
                "timestamp": 1778822994.0008464
            },
            {
                "memory_mb": 368.1484375,
                "cpu_percent": 32.3,
                "timestamp": 1778822995.0531077
            },
            {
                "memory_mb": 368.1640625,
                "cpu_percent": 69.7,
                "timestamp": 1778822996.100679
            },
            {
                "memory_mb": 368.1640625,
                "cpu_percent": 99.3,
                "timestamp": 1778822997.1478896
            },
            {
                "memory_mb": 368.16015625,
                "cpu_percent": 99.3,
                "timestamp": 1778822998.195276
            },
            {
                "memory_mb": 368.1484375,
                "cpu_percent": 100.3,
                "timestamp": 1778822999.2422898
            },
            {
                "memory_mb": 368.14453125,
                "cpu_percent": 35.2,
                "timestamp": 1778823000.2938178
            },
            {
                "memory_mb": 368.16796875,
                "cpu_percent": 89.7,
                "timestamp": 1778823001.3413186
            },
            {
                "memory_mb": 368.1640625,
                "cpu_percent": 101.1,
                "timestamp": 1778823002.3897693
            },
            {
                "memory_mb": 368.16015625,
                "cpu_percent": 76.4,
                "timestamp": 1778823003.4371865
            },
            {
                "memory_mb": 368.15234375,
                "cpu_percent": 73.2,
                "timestamp": 1778823004.4892118
            },
            {
                "memory_mb": 368.1484375,
                "cpu_percent": 19.1,
                "timestamp": 1778823005.5363934
            },
            {
                "memory_mb": 368.15625,
                "cpu_percent": 100.2,
                "timestamp": 1778823006.584263
            },
            {
                "memory_mb": 368.171875,
                "cpu_percent": 85.6,
                "timestamp": 1778823007.635798
            },
            {
                "memory_mb": 368.1640625,
                "cpu_percent": 87.8,
                "timestamp": 1778823008.6833255
            },
            {
                "memory_mb": 368.15625,
                "cpu_percent": 55.1,
                "timestamp": 1778823009.7360706
            },
            {
                "memory_mb": 368.15234375,
                "cpu_percent": 36.3,
                "timestamp": 1778823010.7840729
            },
            {
                "memory_mb": 368.16796875,
                "cpu_percent": 100.2,
                "timestamp": 1778823011.831891
            },
            {
                "memory_mb": 368.16796875,
                "cpu_percent": 99.3,
                "timestamp": 1778823012.8794281
            },
            {
                "memory_mb": 368.1640625,
                "cpu_percent": 100.2,
                "timestamp": 1778823013.9270635
            },
            {
                "memory_mb": 368.16015625,
                "cpu_percent": 9.5,
                "timestamp": 1778823014.9778678
            },
            {
                "memory_mb": 368.16015625,
                "cpu_percent": 100.3,
                "timestamp": 1778823016.0249963
            },
            {
                "memory_mb": 368.16796875,
                "cpu_percent": 99.2,
                "timestamp": 1778823017.072921
            },
            {
                "memory_mb": 368.16796875,
                "cpu_percent": 75.1,
                "timestamp": 1778823018.1246943
            },
            {
                "memory_mb": 368.1640625,
                "cpu_percent": 101.2,
                "timestamp": 1778823019.1720188
            },
            {
                "memory_mb": 368.16015625,
                "cpu_percent": 43.7,
                "timestamp": 1778823020.2237287
            },
            {
                "memory_mb": 368.171875,
                "cpu_percent": 80.2,
                "timestamp": 1778823021.2711756
            },
            {
                "memory_mb": 368.1796875,
                "cpu_percent": 99.2,
                "timestamp": 1778823022.319573
            },
            {
                "memory_mb": 368.17578125,
                "cpu_percent": 80.2,
                "timestamp": 1778823023.36688
            },
            {
                "memory_mb": 368.1640625,
                "cpu_percent": 81.1,
                "timestamp": 1778823024.4145951
            },
            {
                "memory_mb": 368.15625,
                "cpu_percent": 12.3,
                "timestamp": 1778823025.4705656
            },
            {
                "memory_mb": 368.171875,
                "cpu_percent": 100.2,
                "timestamp": 1778823026.5179815
            },
            {
                "memory_mb": 368.1796875,
                "cpu_percent": 100.2,
                "timestamp": 1778823027.5657127
            },
            {
                "memory_mb": 368.17578125,
                "cpu_percent": 99.3,
                "timestamp": 1778823028.6134973
            },
            {
                "memory_mb": 368.16015625,
                "cpu_percent": 92.2,
                "timestamp": 1778823029.6655433
            },
            {
                "memory_mb": 368.171875,
                "cpu_percent": 29.6,
                "timestamp": 1778823030.71268
            },
            {
                "memory_mb": 368.1796875,
                "cpu_percent": 100.2,
                "timestamp": 1778823031.7609036
            },
            {
                "memory_mb": 368.17578125,
                "cpu_percent": 80.7,
                "timestamp": 1778823032.8135805
            },
            {
                "memory_mb": 368.171875,
                "cpu_percent": 96.4,
                "timestamp": 1778823033.861641
            },
            {
                "memory_mb": 368.16796875,
                "cpu_percent": 47.5,
                "timestamp": 1778823034.9134786
            },
            {
                "memory_mb": 368.1640625,
                "cpu_percent": 53.4,
                "timestamp": 1778823035.9615178
            },
            {
                "memory_mb": 368.1875,
                "cpu_percent": 100.2,
                "timestamp": 1778823037.0095348
            },
            {
                "memory_mb": 368.1796875,
                "cpu_percent": 75.4,
                "timestamp": 1778823038.0574362
            },
            {
                "memory_mb": 368.17578125,
                "cpu_percent": 99.2,
                "timestamp": 1778823039.1053066
            },
            {
                "memory_mb": 368.16796875,
                "cpu_percent": 21.9,
                "timestamp": 1778823040.1573844
            },
            {
                "memory_mb": 368.1875,
                "cpu_percent": 71.6,
                "timestamp": 1778823041.20522
            },
            {
                "memory_mb": 368.18359375,
                "cpu_percent": 100.3,
                "timestamp": 1778823042.2524743
            },
            {
                "memory_mb": 368.1796875,
                "cpu_percent": 99.3,
                "timestamp": 1778823043.3002317
            },
            {
                "memory_mb": 368.16796875,
                "cpu_percent": 100.3,
                "timestamp": 1778823044.3476002
            },
            {
                "memory_mb": 368.1640625,
                "cpu_percent": 34.2,
                "timestamp": 1778823045.4003172
            },
            {
                "memory_mb": 368.1875,
                "cpu_percent": 93.5,
                "timestamp": 1778823046.448213
            },
            {
                "memory_mb": 368.18359375,
                "cpu_percent": 100.2,
                "timestamp": 1778823047.4962277
            },
            {
                "memory_mb": 368.1796875,
                "cpu_percent": 79.2,
                "timestamp": 1778823048.5441718
            },
            {
                "memory_mb": 368.17578125,
                "cpu_percent": 70.3,
                "timestamp": 1778823049.596308
            },
            {
                "memory_mb": 368.171875,
                "cpu_percent": 23.9,
                "timestamp": 1778823050.6443267
            },
            {
                "memory_mb": 368.1796875,
                "cpu_percent": 100.2,
                "timestamp": 1778823051.692085
            },
            {
                "memory_mb": 368.19140625,
                "cpu_percent": 80.8,
                "timestamp": 1778823052.7442265
            },
            {
                "memory_mb": 368.18359375,
                "cpu_percent": 92.6,
                "timestamp": 1778823053.7919576
            },
            {
                "memory_mb": 368.17578125,
                "cpu_percent": 50.4,
                "timestamp": 1778823054.8436513
            },
            {
                "memory_mb": 368.1796875,
                "cpu_percent": 40.1,
                "timestamp": 1778823055.8911984
            },
            {
                "memory_mb": 368.19140625,
                "cpu_percent": 100.2,
                "timestamp": 1778823056.9394307
            },
            {
                "memory_mb": 368.19140625,
                "cpu_percent": 100.2,
                "timestamp": 1778823057.9870455
            },
            {
                "memory_mb": 368.17578125,
                "cpu_percent": 100.2,
                "timestamp": 1778823059.0347714
            },
            {
                "memory_mb": 368.171875,
                "cpu_percent": 65.6,
                "timestamp": 1778823060.0862293
            },
            {
                "memory_mb": 368.18359375,
                "cpu_percent": 63.9,
                "timestamp": 1778823061.1340334
            },
            {
                "memory_mb": 368.1875,
                "cpu_percent": 100.2,
                "timestamp": 1778823062.181809
            },
            {
                "memory_mb": 368.18359375,
                "cpu_percent": 78.2,
                "timestamp": 1778823063.230336
            },
            {
                "memory_mb": 368.1796875,
                "cpu_percent": 96.4,
                "timestamp": 1778823064.2778478
            },
            {
                "memory_mb": 368.17578125,
                "cpu_percent": 9.5,
                "timestamp": 1778823065.3296714
            },
            {
                "memory_mb": 368.1796875,
                "cpu_percent": 87.8,
                "timestamp": 1778823066.377158
            },
            {
                "memory_mb": 368.1953125,
                "cpu_percent": 100.2,
                "timestamp": 1778823067.4248288
            },
            {
                "memory_mb": 368.1875,
                "cpu_percent": 74.4,
                "timestamp": 1778823068.4727752
            },
            {
                "memory_mb": 368.17578125,
                "cpu_percent": 74.2,
                "timestamp": 1778823069.5245972
            },
            {
                "memory_mb": 368.171875,
                "cpu_percent": 15.3,
                "timestamp": 1778823070.571723
            },
            {
                "memory_mb": 368.1875,
                "cpu_percent": 100.2,
                "timestamp": 1778823071.6196628
            },
            {
                "memory_mb": 368.1875,
                "cpu_percent": 100.2,
                "timestamp": 1778823072.667727
            },
            {
                "memory_mb": 368.18359375,
                "cpu_percent": 99.3,
                "timestamp": 1778823073.7155926
            },
            {
                "memory_mb": 368.1796875,
                "cpu_percent": 41.8,
                "timestamp": 1778823074.7671893
            },
            {
                "memory_mb": 368.171875,
                "cpu_percent": 68.7,
                "timestamp": 1778823075.8147786
            },
            {
                "memory_mb": 368.1875,
                "cpu_percent": 100.2,
                "timestamp": 1778823076.862637
            },
            {
                "memory_mb": 368.19921875,
                "cpu_percent": 100.2,
                "timestamp": 1778823077.9105718
            },
            {
                "memory_mb": 368.1875,
                "cpu_percent": 76.3,
                "timestamp": 1778823078.9586346
            },
            {
                "memory_mb": 368.18359375,
                "cpu_percent": 75.0,
                "timestamp": 1778823080.0125213
            },
            {
                "memory_mb": 368.1875,
                "cpu_percent": 56.3,
                "timestamp": 1778823081.0606122
            },
            {
                "memory_mb": 368.19921875,
                "cpu_percent": 100.2,
                "timestamp": 1778823082.1084547
            },
            {
                "memory_mb": 368.1953125,
                "cpu_percent": 80.1,
                "timestamp": 1778823083.1570516
            },
            {
                "memory_mb": 368.19140625,
                "cpu_percent": 99.2,
                "timestamp": 1778823084.2054543
            },
            {
                "memory_mb": 368.18359375,
                "cpu_percent": 14.2,
                "timestamp": 1778823085.2587278
            },
            {
                "memory_mb": 368.1953125,
                "cpu_percent": 82.0,
                "timestamp": 1778823086.3070116
            },
            {
                "memory_mb": 368.203125,
                "cpu_percent": 100.2,
                "timestamp": 1778823087.354822
            },
            {
                "memory_mb": 368.19140625,
                "cpu_percent": 100.2,
                "timestamp": 1778823088.4024744
            },
            {
                "memory_mb": 368.1875,
                "cpu_percent": 63.7,
                "timestamp": 1778823089.4546847
            },
            {
                "memory_mb": 368.1875,
                "cpu_percent": 46.8,
                "timestamp": 1778823090.502439
            },
            {
                "memory_mb": 368.1953125,
                "cpu_percent": 100.2,
                "timestamp": 1778823091.5501904
            },
            {
                "memory_mb": 368.20703125,
                "cpu_percent": 99.2,
                "timestamp": 1778823092.5983665
            },
            {
                "memory_mb": 368.1953125,
                "cpu_percent": 80.2,
                "timestamp": 1778823093.6461434
            },
            {
                "memory_mb": 368.1875,
                "cpu_percent": 97.3,
                "timestamp": 1778823094.6942923
            },
            {
                "memory_mb": 368.19140625,
                "cpu_percent": 27.7,
                "timestamp": 1778823095.741796
            },
            {
                "memory_mb": 368.19921875,
                "cpu_percent": 100.2,
                "timestamp": 1778823096.789375
            },
            {
                "memory_mb": 368.20703125,
                "cpu_percent": 82.7,
                "timestamp": 1778823097.8412921
            },
            {
                "memory_mb": 368.19921875,
                "cpu_percent": 95.4,
                "timestamp": 1778823098.8891184
            },
            {
                "memory_mb": 368.19140625,
                "cpu_percent": 47.5,
                "timestamp": 1778823099.9413927
            },
            {
                "memory_mb": 368.1875,
                "cpu_percent": 50.6,
                "timestamp": 1778823100.989041
            },
            {
                "memory_mb": 368.20703125,
                "cpu_percent": 100.2,
                "timestamp": 1778823102.0369587
            },
            {
                "memory_mb": 368.203125,
                "cpu_percent": 100.2,
                "timestamp": 1778823103.0852401
            },
            {
                "memory_mb": 368.19140625,
                "cpu_percent": 91.2,
                "timestamp": 1778823104.1373785
            },
            {
                "memory_mb": 368.19140625,
                "cpu_percent": 19.1,
                "timestamp": 1778823105.1850147
            },
            {
                "memory_mb": 368.19140625,
                "cpu_percent": 99.2,
                "timestamp": 1778823106.2334192
            },
            {
                "memory_mb": 368.2109375,
                "cpu_percent": 100.2,
                "timestamp": 1778823107.2818432
            },
            {
                "memory_mb": 368.203125,
                "cpu_percent": 73.5,
                "timestamp": 1778823108.330036
            },
            {
                "memory_mb": 368.19921875,
                "cpu_percent": 100.2,
                "timestamp": 1778823109.3782365
            },
            {
                "memory_mb": 368.1953125,
                "cpu_percent": 40.8,
                "timestamp": 1778823110.431494
            },
            {
                "memory_mb": 368.20703125,
                "cpu_percent": 91.6,
                "timestamp": 1778823111.4799054
            },
            {
                "memory_mb": 368.21484375,
                "cpu_percent": 100.2,
                "timestamp": 1778823112.5277894
            },
            {
                "memory_mb": 368.2109375,
                "cpu_percent": 86.8,
                "timestamp": 1778823113.5759332
            },
            {
                "memory_mb": 368.19921875,
                "cpu_percent": 76.3,
                "timestamp": 1778823114.6245768
            },
            {
                "memory_mb": 368.19921875,
                "cpu_percent": 19.1,
                "timestamp": 1778823115.671749
            },
            {
                "memory_mb": 368.21484375,
                "cpu_percent": 100.2,
                "timestamp": 1778823116.7196813
            },
            {
                "memory_mb": 368.21484375,
                "cpu_percent": 100.2,
                "timestamp": 1778823117.76771
            },
            {
                "memory_mb": 368.2109375,
                "cpu_percent": 100.2,
                "timestamp": 1778823118.8157876
            },
            {
                "memory_mb": 368.1953125,
                "cpu_percent": 79.8,
                "timestamp": 1778823119.868304
            },
            {
                "memory_mb": 368.20703125,
                "cpu_percent": 39.1,
                "timestamp": 1778823120.9155784
            },
            {
                "memory_mb": 368.21875,
                "cpu_percent": 99.2,
                "timestamp": 1778823121.9636536
            },
            {
                "memory_mb": 368.2109375,
                "cpu_percent": 82.9,
                "timestamp": 1778823123.0125577
            },
            {
                "memory_mb": 368.20703125,
                "cpu_percent": 95.4,
                "timestamp": 1778823124.0607665
            },
            {
                "memory_mb": 368.203125,
                "cpu_percent": 46.6,
                "timestamp": 1778823125.1120715
            },
            {
                "memory_mb": 368.20703125,
                "cpu_percent": 59.2,
                "timestamp": 1778823126.159532
            },
            {
                "memory_mb": 368.21875,
                "cpu_percent": 100.2,
                "timestamp": 1778823127.207456
            },
            {
                "memory_mb": 368.21484375,
                "cpu_percent": 80.1,
                "timestamp": 1778823128.2555711
            },
            {
                "memory_mb": 368.2109375,
                "cpu_percent": 100.2,
                "timestamp": 1778823129.3034437
            },
            {
                "memory_mb": 368.203125,
                "cpu_percent": 10.5,
                "timestamp": 1778823130.3551743
            },
            {
                "memory_mb": 368.21484375,
                "cpu_percent": 85.9,
                "timestamp": 1778823131.4033597
            },
            {
                "memory_mb": 368.22265625,
                "cpu_percent": 100.1,
                "timestamp": 1778823132.4520116
            },
            {
                "memory_mb": 368.2109375,
                "cpu_percent": 100.2,
                "timestamp": 1778823133.499544
            },
            {
                "memory_mb": 368.203125,
                "cpu_percent": 60.8,
                "timestamp": 1778823134.551901
            },
            {
                "memory_mb": 368.203125,
                "cpu_percent": 49.5,
                "timestamp": 1778823135.6026118
            },
            {
                "memory_mb": 368.2109375,
                "cpu_percent": 100.2,
                "timestamp": 1778823136.6507905
            },
            {
                "memory_mb": 368.22265625,
                "cpu_percent": 100.2,
                "timestamp": 1778823137.6983402
            },
            {
                "memory_mb": 368.2109375,
                "cpu_percent": 72.5,
                "timestamp": 1778823138.7467291
            },
            {
                "memory_mb": 368.203125,
                "cpu_percent": 94.4,
                "timestamp": 1778823139.7957342
            },
            {
                "memory_mb": 368.20703125,
                "cpu_percent": 32.4,
                "timestamp": 1778823140.843619
            },
            {
                "memory_mb": 368.21484375,
                "cpu_percent": 100.2,
                "timestamp": 1778823141.8917832
            },
            {
                "memory_mb": 368.21875,
                "cpu_percent": 81.8,
                "timestamp": 1778823142.943748
            },
            {
                "memory_mb": 368.21484375,
                "cpu_percent": 100.2,
                "timestamp": 1778823143.9912357
            },
            {
                "memory_mb": 368.20703125,
                "cpu_percent": 45.7,
                "timestamp": 1778823145.0422316
            },
            {
                "memory_mb": 368.20703125,
                "cpu_percent": 53.4,
                "timestamp": 1778823146.0912771
            },
            {
                "memory_mb": 368.2265625,
                "cpu_percent": 98.3,
                "timestamp": 1778823147.1390107
            },
            {
                "memory_mb": 368.2265625,
                "cpu_percent": 100.2,
                "timestamp": 1778823148.1870434
            },
            {
                "memory_mb": 368.2109375,
                "cpu_percent": 101.2,
                "timestamp": 1778823149.2348256
            },
            {
                "memory_mb": 368.20703125,
                "cpu_percent": 58.9,
                "timestamp": 1778823150.286687
            },
            {
                "memory_mb": 368.23046875,
                "cpu_percent": 73.5,
                "timestamp": 1778823151.3350124
            },
            {
                "memory_mb": 368.2265625,
                "cpu_percent": 100.2,
                "timestamp": 1778823152.382907
            },
            {
                "memory_mb": 368.22265625,
                "cpu_percent": 82.0,
                "timestamp": 1778823153.4316947
            },
            {
                "memory_mb": 368.21484375,
                "cpu_percent": 92.5,
                "timestamp": 1778823154.480087
            },
            {
                "memory_mb": 368.2109375,
                "cpu_percent": 9.5,
                "timestamp": 1778823155.5319602
            },
            {
                "memory_mb": 368.21875,
                "cpu_percent": 96.3,
                "timestamp": 1778823156.5808778
            },
            {
                "memory_mb": 368.234375,
                "cpu_percent": 100.2,
                "timestamp": 1778823157.6289413
            },
            {
                "memory_mb": 368.22265625,
                "cpu_percent": 77.4,
                "timestamp": 1778823158.675907
            },
            {
                "memory_mb": 368.21484375,
                "cpu_percent": 70.3,
                "timestamp": 1778823159.7283158
            },
            {
                "memory_mb": 368.21875,
                "cpu_percent": 21.9,
                "timestamp": 1778823160.7774336
            },
            {
                "memory_mb": 368.234375,
                "cpu_percent": 100.2,
                "timestamp": 1778823161.825643
            },
            {
                "memory_mb": 368.23046875,
                "cpu_percent": 99.2,
                "timestamp": 1778823162.8740687
            },
            {
                "memory_mb": 368.2265625,
                "cpu_percent": 99.3,
                "timestamp": 1778823163.9218266
            },
            {
                "memory_mb": 368.2109375,
                "cpu_percent": 99.2,
                "timestamp": 1778823164.9703584
            },
            {
                "memory_mb": 368.22265625,
                "cpu_percent": 44.9,
                "timestamp": 1778823166.017963
            },
            {
                "memory_mb": 368.234375,
                "cpu_percent": 100.1,
                "timestamp": 1778823167.0664515
            },
            {
                "memory_mb": 368.2265625,
                "cpu_percent": 83.0,
                "timestamp": 1778823168.1150284
            },
            {
                "memory_mb": 368.22265625,
                "cpu_percent": 92.6,
                "timestamp": 1778823169.162621
            },
            {
                "memory_mb": 368.21875,
                "cpu_percent": 40.9,
                "timestamp": 1778823170.213547
            },
            {
                "memory_mb": 368.21484375,
                "cpu_percent": 67.7,
                "timestamp": 1778823171.2616913
            },
            {
                "memory_mb": 368.23828125,
                "cpu_percent": 99.2,
                "timestamp": 1778823172.3095694
            },
            {
                "memory_mb": 368.23046875,
                "cpu_percent": 78.3,
                "timestamp": 1778823173.3574107
            },
            {
                "memory_mb": 368.21875,
                "cpu_percent": 98.3,
                "timestamp": 1778823174.4054406
            },
            {
                "memory_mb": 368.21875,
                "cpu_percent": 7.6,
                "timestamp": 1778823175.4589145
            },
            {
                "memory_mb": 368.23828125,
                "cpu_percent": 86.9,
                "timestamp": 1778823176.5066752
            },
            {
                "memory_mb": 368.23828125,
                "cpu_percent": 99.3,
                "timestamp": 1778823177.554319
            },
            {
                "memory_mb": 368.234375,
                "cpu_percent": 100.2,
                "timestamp": 1778823178.6026127
            },
            {
                "memory_mb": 368.22265625,
                "cpu_percent": 99.3,
                "timestamp": 1778823179.650401
            },
            {
                "memory_mb": 368.23046875,
                "cpu_percent": 38.2,
                "timestamp": 1778823180.6980574
            },
            {
                "memory_mb": 368.23828125,
                "cpu_percent": 100.2,
                "timestamp": 1778823181.7459698
            },
            {
                "memory_mb": 368.234375,
                "cpu_percent": 94.3,
                "timestamp": 1778823182.7956896
            },
            {
                "memory_mb": 368.2265625,
                "cpu_percent": 78.3,
                "timestamp": 1778823183.8433182
            },
            {
                "memory_mb": 368.22265625,
                "cpu_percent": 62.7,
                "timestamp": 1778823184.8959367
            },
            {
                "memory_mb": 368.21875,
                "cpu_percent": 39.2,
                "timestamp": 1778823185.9431624
            },
            {
                "memory_mb": 368.2421875,
                "cpu_percent": 100.3,
                "timestamp": 1778823186.9905052
            },
            {
                "memory_mb": 368.234375,
                "cpu_percent": 74.4,
                "timestamp": 1778823188.0381792
            },
            {
                "memory_mb": 368.23046875,
                "cpu_percent": 100.2,
                "timestamp": 1778823189.0861216
            },
            {
                "memory_mb": 368.22265625,
                "cpu_percent": 35.1,
                "timestamp": 1778823190.1406233
            },
            {
                "memory_mb": 368.21875,
                "cpu_percent": 54.4,
                "timestamp": 1778823191.1883283
            },
            {
                "memory_mb": 368.2421875,
                "cpu_percent": 100.2,
                "timestamp": 1778823192.2361617
            },
            {
                "memory_mb": 368.234375,
                "cpu_percent": 100.2,
                "timestamp": 1778823193.2840047
            },
            {
                "memory_mb": 368.22265625,
                "cpu_percent": 89.3,
                "timestamp": 1778823194.3365667
            },
            {
                "memory_mb": 368.22265625,
                "cpu_percent": 22.0,
                "timestamp": 1778823195.384091
            },
            {
                "memory_mb": 368.22265625,
                "cpu_percent": 99.2,
                "timestamp": 1778823196.4320927
            },
            {
                "memory_mb": 368.2421875,
                "cpu_percent": 100.2,
                "timestamp": 1778823197.4799476
            },
            {
                "memory_mb": 368.23046875,
                "cpu_percent": 73.5,
                "timestamp": 1778823198.527851
            },
            {
                "memory_mb": 368.2265625,
                "cpu_percent": 100.2,
                "timestamp": 1778823199.5757291
            },
            {
                "memory_mb": 368.2265625,
                "cpu_percent": 28.4,
                "timestamp": 1778823200.6326983
            },
            {
                "memory_mb": 368.234375,
                "cpu_percent": 99.2,
                "timestamp": 1778823201.6808205
            },
            {
                "memory_mb": 368.23828125,
                "cpu_percent": 100.2,
                "timestamp": 1778823202.7290518
            },
            {
                "memory_mb": 368.234375,
                "cpu_percent": 82.1,
                "timestamp": 1778823203.7769406
            },
            {
                "memory_mb": 368.2265625,
                "cpu_percent": 62.7,
                "timestamp": 1778823204.8292272
            },
            {
                "memory_mb": 368.21875,
                "cpu_percent": 8.3,
                "timestamp": 1778823205.676934
            }
        ]
    }
}
