{
    "active_periods": [
        {
            "start": 1778790879.794961,
            "end": 1778791182.461192,
            "duration_sec": 302.66623091697693,
            "tasks_completed": 545,
            "throughput_tps": 1.8006633853695313
        }
    ],
    "history": [
        {
            "timestamp": 1778790879.794961,
            "messages": 0,
            "ack": 26151
        },
        {
            "timestamp": 1778790884.801906,
            "messages": 0,
            "ack": 26151
        },
        {
            "timestamp": 1778790889.808019,
            "messages": 16,
            "ack": 26159
        },
        {
            "timestamp": 1778790894.812226,
            "messages": 40,
            "ack": 26172
        },
        {
            "timestamp": 1778790899.816517,
            "messages": 51,
            "ack": 26179
        },
        {
            "timestamp": 1778790904.820955,
            "messages": 76,
            "ack": 26189
        },
        {
            "timestamp": 1778790909.826988,
            "messages": 87,
            "ack": 26197
        },
        {
            "timestamp": 1778790914.83116,
            "messages": 111,
            "ack": 26207
        },
        {
            "timestamp": 1778790919.836316,
            "messages": 125,
            "ack": 26215
        },
        {
            "timestamp": 1778790924.842197,
            "messages": 134,
            "ack": 26225
        },
        {
            "timestamp": 1778790929.84773,
            "messages": 158,
            "ack": 26233
        },
        {
            "timestamp": 1778790934.853099,
            "messages": 172,
            "ack": 26243
        },
        {
            "timestamp": 1778790939.858595,
            "messages": 196,
            "ack": 26251
        },
        {
            "timestamp": 1778790944.864079,
            "messages": 210,
            "ack": 26261
        },
        {
            "timestamp": 1778790949.868903,
            "messages": 226,
            "ack": 26269
        },
        {
            "timestamp": 1778790954.874994,
            "messages": 237,
            "ack": 26279
        },
        {
            "timestamp": 1778790959.879963,
            "messages": 261,
            "ack": 26287
        },
        {
            "timestamp": 1778790964.886061,
            "messages": 275,
            "ack": 26300
        },
        {
            "timestamp": 1778790969.891544,
            "messages": 275,
            "ack": 26305
        },
        {
            "timestamp": 1778790974.89757,
            "messages": 299,
            "ack": 26318
        },
        {
            "timestamp": 1778790979.902194,
            "messages": 313,
            "ack": 26323
        },
        {
            "timestamp": 1778790984.908371,
            "messages": 322,
            "ack": 26336
        },
        {
            "timestamp": 1778790989.913548,
            "messages": 338,
            "ack": 26341
        },
        {
            "timestamp": 1778790994.91867,
            "messages": 360,
            "ack": 26354
        },
        {
            "timestamp": 1778790999.924116,
            "messages": 376,
            "ack": 26362
        },
        {
            "timestamp": 1778791004.928863,
            "messages": 395,
            "ack": 26372
        },
        {
            "timestamp": 1778791009.933057,
            "messages": 411,
            "ack": 26380
        },
        {
            "timestamp": 1778791014.937801,
            "messages": 425,
            "ack": 26390
        },
        {
            "timestamp": 1778791019.942603,
            "messages": 449,
            "ack": 26398
        },
        {
            "timestamp": 1778791024.946961,
            "messages": 463,
            "ack": 26408
        },
        {
            "timestamp": 1778791029.951817,
            "messages": 463,
            "ack": 26416
        },
        {
            "timestamp": 1778791034.956567,
            "messages": 480,
            "ack": 26426
        },
        {
            "timestamp": 1778791039.962641,
            "messages": 496,
            "ack": 26434
        },
        {
            "timestamp": 1778791044.967669,
            "messages": 518,
            "ack": 26444
        },
        {
            "timestamp": 1778791049.972651,
            "messages": 534,
            "ack": 26452
        },
        {
            "timestamp": 1778791054.977927,
            "messages": 545,
            "ack": 26462
        },
        {
            "timestamp": 1778791059.982388,
            "messages": 569,
            "ack": 26470
        },
        {
            "timestamp": 1778791064.987258,
            "messages": 583,
            "ack": 26480
        },
        {
            "timestamp": 1778791069.992472,
            "messages": 607,
            "ack": 26488
        },
        {
            "timestamp": 1778791074.997335,
            "messages": 607,
            "ack": 26498
        },
        {
            "timestamp": 1778791080.003034,
            "messages": 621,
            "ack": 26506
        },
        {
            "timestamp": 1778791085.010476,
            "messages": 630,
            "ack": 26516
        },
        {
            "timestamp": 1778791090.016585,
            "messages": 654,
            "ack": 26524
        },
        {
            "timestamp": 1778791095.021367,
            "messages": 668,
            "ack": 26534
        },
        {
            "timestamp": 1778791100.026734,
            "messages": 692,
            "ack": 26542
        },
        {
            "timestamp": 1778791105.03131,
            "messages": 706,
            "ack": 26552
        },
        {
            "timestamp": 1778791110.036512,
            "messages": 722,
            "ack": 26560
        },
        {
            "timestamp": 1778791115.041744,
            "messages": 733,
            "ack": 26570
        },
        {
            "timestamp": 1778791120.047004,
            "messages": 757,
            "ack": 26578
        },
        {
            "timestamp": 1778791125.051734,
            "messages": 771,
            "ack": 26588
        },
        {
            "timestamp": 1778791130.057059,
            "messages": 795,
            "ack": 26596
        },
        {
            "timestamp": 1778791135.061702,
            "messages": 795,
            "ack": 26606
        },
        {
            "timestamp": 1778791140.066333,
            "messages": 809,
            "ack": 26614
        },
        {
            "timestamp": 1778791145.073216,
            "messages": 818,
            "ack": 26624
        },
        {
            "timestamp": 1778791150.076812,
            "messages": 842,
            "ack": 26632
        },
        {
            "timestamp": 1778791155.081533,
            "messages": 856,
            "ack": 26642
        },
        {
            "timestamp": 1778791160.085896,
            "messages": 880,
            "ack": 26650
        },
        {
            "timestamp": 1778791165.091268,
            "messages": 894,
            "ack": 26660
        },
        {
            "timestamp": 1778791170.097083,
            "messages": 910,
            "ack": 26668
        },
        {
            "timestamp": 1778791175.103058,
            "messages": 921,
            "ack": 26678
        },
        {
            "timestamp": 1778791180.107927,
            "messages": 945,
            "ack": 26686
        },
        {
            "timestamp": 1778791182.455236,
            "messages": 8,
            "ack": 26696
        }
    ]
}