Процесс: 120609
УПРАВЛЯЮЩИЙ ПРОЦЕСС
Родитель: 13546
Создан: 2026-04-26T22:03:54.850000
Последний замер: 2026-04-26T22:08:58.572057
Время жизни: 303.722057 сек
voluntary_ctxt_switches: 2479
nonvoluntary_ctxt_switches: 5
jiffies: 95.0
avg_cpu_load: 0.2 %
avg_memory_mb: 42.8 MB


Процесс: 120616
Родитель: 120609
Создан: 2026-04-26T22:03:55.260000
Последний замер: 2026-04-26T22:05:34.313785
Время жизни: 99.053785 сек
voluntary_ctxt_switches: 330
nonvoluntary_ctxt_switches: 904
jiffies: 2511.0
avg_cpu_load: 25.5 %
avg_memory_mb: 117.3 MB

Среднее latency: 3.27
Средний runtime: 1.65
Всего задач: 59
Задач по типам: cpu_intensive - 38; memory_intensive - 21

Процесс: 120626
Родитель: 120609
Создан: 2026-04-26T22:03:56.330000
Последний замер: 2026-04-26T22:06:38.286267
Время жизни: 161.956267 сек
voluntary_ctxt_switches: 508
nonvoluntary_ctxt_switches: 989
jiffies: 4399.0
avg_cpu_load: 27.2 %
avg_memory_mb: 114.6 MB

Среднее latency: 4.02
Средний runtime: 1.64
Всего задач: 98
Задач по типам: cpu_intensive - 67; memory_intensive - 31

Процесс: 120749
Родитель: 120609
Создан: 2026-04-26T22:05:33.690000
Последний замер: 2026-04-26T22:08:58.572495
Время жизни: 204.882495 сек
voluntary_ctxt_switches: 669
nonvoluntary_ctxt_switches: 384
jiffies: 5468.0
avg_cpu_load: 26.5 %
avg_memory_mb: 116.1 MB

Среднее latency: 6.84
Средний runtime: 1.63
Всего задач: 125
Задач по типам: cpu_intensive - 84; memory_intensive - 41

Процесс: 120841
Родитель: 120609
Создан: 2026-04-26T22:06:37.690000
Последний замер: 2026-04-26T22:08:58.574558
Время жизни: 140.884558 сек
voluntary_ctxt_switches: 466
nonvoluntary_ctxt_switches: 268
jiffies: 3768.0
avg_cpu_load: 26.8 %
avg_memory_mb: 118.1 MB

Среднее latency: 8.31
Средний runtime: 1.65
Всего задач: 85
Задач по типам: memory_intensive - 29; cpu_intensive - 56

