{
    "idx_task": 2,
    "task_name": "memory_intensive",
    "duration_into_wraps": 52.09,
    "data": {
        "ppid": 176011,
        "voluntary_ctxt_switches": 101,
        "nonvoluntary_ctxt_switches": 17,
        "delta_jiffies": 108,
        "delta_time": 52.0944,
        "cpu_load": 2.07,
        "memory_mib": 907.08203125
    },
    "timestamp": 1775644175.791345
}
{
    "idx_task": 8,
    "task_name": "memory_intensive",
    "duration_into_wraps": 51.61,
    "data": {
        "ppid": 176011,
        "voluntary_ctxt_switches": 101,
        "nonvoluntary_ctxt_switches": 16,
        "delta_jiffies": 60,
        "delta_time": 51.604699999999994,
        "cpu_load": 1.16,
        "memory_mib": 8.08203125
    },
    "timestamp": 1775644227.4022453
}
{
    "idx_task": 10,
    "task_name": "memory_intensive",
    "duration_into_wraps": 51.52,
    "data": {
        "ppid": 176011,
        "voluntary_ctxt_switches": 101,
        "nonvoluntary_ctxt_switches": 10,
        "delta_jiffies": 50,
        "delta_time": 51.5183,
        "cpu_load": 0.97,
        "memory_mib": 0.00390625
    },
    "timestamp": 1775644278.9239657
}
{
    "idx_task": 15,
    "task_name": "memory_intensive",
    "duration_into_wraps": 51.51,
    "data": {
        "ppid": 176011,
        "voluntary_ctxt_switches": 101,
        "nonvoluntary_ctxt_switches": 5,
        "delta_jiffies": 50,
        "delta_time": 51.5089,
        "cpu_load": 0.97,
        "memory_mib": 0.0
    },
    "timestamp": 1775644330.438496
}
{
    "idx_task": 19,
    "task_name": "memory_intensive",
    "duration_into_wraps": 51.52,
    "data": {
        "ppid": 176011,
        "voluntary_ctxt_switches": 101,
        "nonvoluntary_ctxt_switches": 16,
        "delta_jiffies": 51,
        "delta_time": 51.5196,
        "cpu_load": 0.99,
        "memory_mib": -35.6015625
    },
    "timestamp": 1775644381.9643745
}
{
    "idx_task": 23,
    "task_name": "memory_intensive",
    "duration_into_wraps": 51.54,
    "data": {
        "ppid": 176011,
        "voluntary_ctxt_switches": 101,
        "nonvoluntary_ctxt_switches": 14,
        "delta_jiffies": 52,
        "delta_time": 51.541399999999996,
        "cpu_load": 1.01,
        "memory_mib": 35.6015625
    },
    "timestamp": 1775644433.5109255
}
