Процесс: 19781
УПРАВЛЯЮЩИЙ ПРОЦЕСС
Родитель: 13546
Создан: 2026-04-26T02:19:09.420000
Последний замер: 2026-04-26T02:24:11.894420
Время жизни: 302.47442 сек
voluntary_ctxt_switches: 1447
nonvoluntary_ctxt_switches: 5
jiffies: 60.0
avg_cpu_load: 0.1 %
avg_memory_mb: 42.7 MB


Процесс: 19788
Родитель: 19781
Создан: 2026-04-26T02:19:09.820000
Последний замер: 2026-04-26T02:24:11.894649
Время жизни: 302.074649 сек
voluntary_ctxt_switches: 161
nonvoluntary_ctxt_switches: 118
jiffies: 1299.0
avg_cpu_load: 4.3 %
avg_memory_mb: 112.9 MB

Среднее latency: 1.64
Средний runtime: 1.63
Всего задач: 30
Задач по типам: cpu_intensive - 20; memory_intensive - 10

Процесс: 19789
Родитель: 19781
Создан: 2026-04-26T02:19:09.840000
Последний замер: 2026-04-26T02:24:11.894852
Время жизни: 302.054852 сек
voluntary_ctxt_switches: 161
nonvoluntary_ctxt_switches: 116
jiffies: 1348.0
avg_cpu_load: 4.5 %
avg_memory_mb: 115.6 MB

Среднее latency: 1.66
Средний runtime: 1.65
Всего задач: 30
Задач по типам: cpu_intensive - 20; memory_intensive - 10

