{
    "288142": {
        "ppid": "254983",
        "name": "celery",
        "cmdline": "/home/experimenter/projects/celery-autoscale/.venv/bin/python3 /home/experimenter/projects/celery-autoscale/.venv/bin/celery -A celery_app worker --loglevel=INFO --concurrency=2 --pool=eventlet",
        "create_time": "2026-05-14T20:18:42.120000",
        "last_update": "2026-05-14T20:23:43.851523",
        "voluntary_ctxt_switches": 2223,
        "nonvoluntary_ctxt_switches": 359,
        "jiffies": 6091,
        "stats": [
            {
                "memory_mb": 52.359375,
                "cpu_percent": 0.0,
                "timestamp": 1778779123.1892061
            },
            {
                "memory_mb": 52.83984375,
                "cpu_percent": 28.5,
                "timestamp": 1778779124.2401092
            },
            {
                "memory_mb": 52.87890625,
                "cpu_percent": 36.1,
                "timestamp": 1778779125.293585
            },
            {
                "memory_mb": 52.88671875,
                "cpu_percent": 67.7,
                "timestamp": 1778779126.3429737
            },
            {
                "memory_mb": 52.89453125,
                "cpu_percent": 0.0,
                "timestamp": 1778779127.3959394
            },
            {
                "memory_mb": 52.89453125,
                "cpu_percent": 0.9,
                "timestamp": 1778779128.4500737
            },
            {
                "memory_mb": 126.6953125,
                "cpu_percent": 8.5,
                "timestamp": 1778779129.504288
            },
            {
                "memory_mb": 145.12890625,
                "cpu_percent": 65.5,
                "timestamp": 1778779130.5580585
            },
            {
                "memory_mb": 135.42578125,
                "cpu_percent": 2.8,
                "timestamp": 1778779131.611838
            },
            {
                "memory_mb": 135.42578125,
                "cpu_percent": 0.0,
                "timestamp": 1778779132.665603
            },
            {
                "memory_mb": 135.4296875,
                "cpu_percent": 9.5,
                "timestamp": 1778779133.7144208
            },
            {
                "memory_mb": 135.43359375,
                "cpu_percent": 62.6,
                "timestamp": 1778779134.7680466
            },
            {
                "memory_mb": 144.9765625,
                "cpu_percent": 3.8,
                "timestamp": 1778779135.8219142
            },
            {
                "memory_mb": 107.35546875,
                "cpu_percent": 3.8,
                "timestamp": 1778779136.8758585
            },
            {
                "memory_mb": 107.35546875,
                "cpu_percent": 0.0,
                "timestamp": 1778779137.9295876
            },
            {
                "memory_mb": 107.359375,
                "cpu_percent": 34.3,
                "timestamp": 1778779138.9786565
            },
            {
                "memory_mb": 107.36328125,
                "cpu_percent": 30.3,
                "timestamp": 1778779140.0335429
            },
            {
                "memory_mb": 107.35546875,
                "cpu_percent": 71.5,
                "timestamp": 1778779141.0829315
            },
            {
                "memory_mb": 107.35546875,
                "cpu_percent": 0.0,
                "timestamp": 1778779142.13696
            },
            {
                "memory_mb": 107.359375,
                "cpu_percent": 0.0,
                "timestamp": 1778779143.190162
            },
            {
                "memory_mb": 108.1328125,
                "cpu_percent": 2.8,
                "timestamp": 1778779144.2440336
            },
            {
                "memory_mb": 144.98828125,
                "cpu_percent": 67.6,
                "timestamp": 1778779145.294598
            },
            {
                "memory_mb": 135.27734375,
                "cpu_percent": 10.4,
                "timestamp": 1778779146.3485386
            },
            {
                "memory_mb": 135.27734375,
                "cpu_percent": 0.9,
                "timestamp": 1778779147.4027946
            },
            {
                "memory_mb": 135.27734375,
                "cpu_percent": 0.0,
                "timestamp": 1778779148.4567742
            },
            {
                "memory_mb": 135.28515625,
                "cpu_percent": 66.4,
                "timestamp": 1778779149.5114658
            },
            {
                "memory_mb": 144.98046875,
                "cpu_percent": 5.7,
                "timestamp": 1778779150.5652757
            },
            {
                "memory_mb": 107.83984375,
                "cpu_percent": 2.8,
                "timestamp": 1778779151.6189606
            },
            {
                "memory_mb": 107.83984375,
                "cpu_percent": 0.0,
                "timestamp": 1778779152.6730857
            },
            {
                "memory_mb": 107.84375,
                "cpu_percent": 7.6,
                "timestamp": 1778779153.7224796
            },
            {
                "memory_mb": 107.84765625,
                "cpu_percent": 58.9,
                "timestamp": 1778779154.7759633
            },
            {
                "memory_mb": 107.84375,
                "cpu_percent": 45.7,
                "timestamp": 1778779155.8262444
            },
            {
                "memory_mb": 107.83984375,
                "cpu_percent": 24.7,
                "timestamp": 1778779156.88081
            },
            {
                "memory_mb": 107.83984375,
                "cpu_percent": 0.0,
                "timestamp": 1778779157.935731
            },
            {
                "memory_mb": 107.84765625,
                "cpu_percent": 1.9,
                "timestamp": 1778779158.9894085
            },
            {
                "memory_mb": 144.984375,
                "cpu_percent": 42.9,
                "timestamp": 1778779160.0383496
            },
            {
                "memory_mb": 135.27734375,
                "cpu_percent": 37.2,
                "timestamp": 1778779161.0876591
            },
            {
                "memory_mb": 135.27734375,
                "cpu_percent": 0.0,
                "timestamp": 1778779162.1416502
            },
            {
                "memory_mb": 135.27734375,
                "cpu_percent": 0.0,
                "timestamp": 1778779163.1940434
            },
            {
                "memory_mb": 135.28125,
                "cpu_percent": 57.1,
                "timestamp": 1778779164.2443688
            },
            {
                "memory_mb": 135.28515625,
                "cpu_percent": 14.2,
                "timestamp": 1778779165.2980278
            },
            {
                "memory_mb": 135.27734375,
                "cpu_percent": 4.7,
                "timestamp": 1778779166.352188
            },
            {
                "memory_mb": 135.27734375,
                "cpu_percent": 0.0,
                "timestamp": 1778779167.406569
            },
            {
                "memory_mb": 135.27734375,
                "cpu_percent": 0.0,
                "timestamp": 1778779168.460202
            },
            {
                "memory_mb": 135.28515625,
                "cpu_percent": 63.5,
                "timestamp": 1778779169.515436
            },
            {
                "memory_mb": 135.28125,
                "cpu_percent": 23.8,
                "timestamp": 1778779170.564181
            },
            {
                "memory_mb": 135.27734375,
                "cpu_percent": 47.4,
                "timestamp": 1778779171.6180263
            },
            {
                "memory_mb": 135.27734375,
                "cpu_percent": 0.9,
                "timestamp": 1778779172.6723902
            },
            {
                "memory_mb": 135.28515625,
                "cpu_percent": 0.0,
                "timestamp": 1778779173.7255297
            },
            {
                "memory_mb": 144.984375,
                "cpu_percent": 17.2,
                "timestamp": 1778779174.774627
            },
            {
                "memory_mb": 144.98046875,
                "cpu_percent": 56.0,
                "timestamp": 1778779175.8283238
            },
            {
                "memory_mb": 135.27734375,
                "cpu_percent": 2.8,
                "timestamp": 1778779176.8814282
            },
            {
                "memory_mb": 135.27734375,
                "cpu_percent": 0.0,
                "timestamp": 1778779177.9348736
            },
            {
                "memory_mb": 135.28125,
                "cpu_percent": 31.5,
                "timestamp": 1778779178.9838665
            },
            {
                "memory_mb": 135.28515625,
                "cpu_percent": 38.0,
                "timestamp": 1778779180.0372155
            },
            {
                "memory_mb": 135.27734375,
                "cpu_percent": 5.7,
                "timestamp": 1778779181.085966
            },
            {
                "memory_mb": 135.27734375,
                "cpu_percent": 0.9,
                "timestamp": 1778779182.1398392
            },
            {
                "memory_mb": 135.27734375,
                "cpu_percent": 0.0,
                "timestamp": 1778779183.1956842
            },
            {
                "memory_mb": 135.28125,
                "cpu_percent": 55.3,
                "timestamp": 1778779184.2444406
            },
            {
                "memory_mb": 135.28515625,
                "cpu_percent": 8.5,
                "timestamp": 1778779185.2983794
            },
            {
                "memory_mb": 135.27734375,
                "cpu_percent": 72.1,
                "timestamp": 1778779186.3526435
            },
            {
                "memory_mb": 135.27734375,
                "cpu_percent": 0.0,
                "timestamp": 1778779187.4063945
            },
            {
                "memory_mb": 135.27734375,
                "cpu_percent": 0.0,
                "timestamp": 1778779188.460064
            },
            {
                "memory_mb": 135.28515625,
                "cpu_percent": 3.8,
                "timestamp": 1778779189.515078
            },
            {
                "memory_mb": 144.98046875,
                "cpu_percent": 69.3,
                "timestamp": 1778779190.5687604
            },
            {
                "memory_mb": 135.28125,
                "cpu_percent": 2.8,
                "timestamp": 1778779191.6225784
            },
            {
                "memory_mb": 135.28125,
                "cpu_percent": 0.0,
                "timestamp": 1778779192.6763365
            },
            {
                "memory_mb": 135.28515625,
                "cpu_percent": 5.7,
                "timestamp": 1778779193.726537
            },
            {
                "memory_mb": 135.2890625,
                "cpu_percent": 63.6,
                "timestamp": 1778779194.7802496
            },
            {
                "memory_mb": 144.98046875,
                "cpu_percent": 2.8,
                "timestamp": 1778779195.8339329
            },
            {
                "memory_mb": 107.96875,
                "cpu_percent": 3.8,
                "timestamp": 1778779196.8833106
            },
            {
                "memory_mb": 107.96875,
                "cpu_percent": 0.0,
                "timestamp": 1778779197.9371328
            },
            {
                "memory_mb": 107.97265625,
                "cpu_percent": 31.5,
                "timestamp": 1778779198.9860435
            },
            {
                "memory_mb": 107.9765625,
                "cpu_percent": 33.1,
                "timestamp": 1778779200.0421228
            },
            {
                "memory_mb": 107.96875,
                "cpu_percent": 70.6,
                "timestamp": 1778779201.0910044
            },
            {
                "memory_mb": 107.96875,
                "cpu_percent": 0.0,
                "timestamp": 1778779202.1447723
            },
            {
                "memory_mb": 107.96875,
                "cpu_percent": 0.0,
                "timestamp": 1778779203.200765
            },
            {
                "memory_mb": 108.30859375,
                "cpu_percent": 2.8,
                "timestamp": 1778779204.2547581
            },
            {
                "memory_mb": 144.984375,
                "cpu_percent": 64.8,
                "timestamp": 1778779205.3040686
            },
            {
                "memory_mb": 135.27734375,
                "cpu_percent": 10.4,
                "timestamp": 1778779206.3577626
            },
            {
                "memory_mb": 135.27734375,
                "cpu_percent": 0.0,
                "timestamp": 1778779207.411552
            },
            {
                "memory_mb": 135.27734375,
                "cpu_percent": 0.0,
                "timestamp": 1778779208.465001
            },
            {
                "memory_mb": 135.28515625,
                "cpu_percent": 66.4,
                "timestamp": 1778779209.5189543
            },
            {
                "memory_mb": 144.984375,
                "cpu_percent": 5.7,
                "timestamp": 1778779210.5728269
            },
            {
                "memory_mb": 135.28125,
                "cpu_percent": 2.8,
                "timestamp": 1778779211.6269143
            },
            {
                "memory_mb": 135.28125,
                "cpu_percent": 0.0,
                "timestamp": 1778779212.6805968
            },
            {
                "memory_mb": 135.28515625,
                "cpu_percent": 4.7,
                "timestamp": 1778779213.7339444
            },
            {
                "memory_mb": 135.2890625,
                "cpu_percent": 62.6,
                "timestamp": 1778779214.7877367
            },
            {
                "memory_mb": 135.28515625,
                "cpu_percent": 41.9,
                "timestamp": 1778779215.836628
            },
            {
                "memory_mb": 135.28125,
                "cpu_percent": 26.6,
                "timestamp": 1778779216.8908057
            },
            {
                "memory_mb": 135.28125,
                "cpu_percent": 0.0,
                "timestamp": 1778779217.9445417
            },
            {
                "memory_mb": 135.2890625,
                "cpu_percent": 1.9,
                "timestamp": 1778779218.9984772
            },
            {
                "memory_mb": 144.9921875,
                "cpu_percent": 38.1,
                "timestamp": 1778779220.0482821
            },
            {
                "memory_mb": 135.28125,
                "cpu_percent": 35.1,
                "timestamp": 1778779221.1019497
            },
            {
                "memory_mb": 135.28125,
                "cpu_percent": 0.0,
                "timestamp": 1778779222.1556258
            },
            {
                "memory_mb": 135.28125,
                "cpu_percent": 0.0,
                "timestamp": 1778779223.2113492
            },
            {
                "memory_mb": 135.28515625,
                "cpu_percent": 55.3,
                "timestamp": 1778779224.2610373
            },
            {
                "memory_mb": 135.2890625,
                "cpu_percent": 15.2,
                "timestamp": 1778779225.3149402
            },
            {
                "memory_mb": 135.28515625,
                "cpu_percent": 3.8,
                "timestamp": 1778779226.368726
            },
            {
                "memory_mb": 135.28515625,
                "cpu_percent": 0.0,
                "timestamp": 1778779227.4225216
            },
            {
                "memory_mb": 135.28515625,
                "cpu_percent": 0.9,
                "timestamp": 1778779228.4769547
            },
            {
                "memory_mb": 135.29296875,
                "cpu_percent": 63.6,
                "timestamp": 1778779229.530564
            },
            {
                "memory_mb": 135.2890625,
                "cpu_percent": 21.0,
                "timestamp": 1778779230.5793293
            },
            {
                "memory_mb": 135.28515625,
                "cpu_percent": 49.3,
                "timestamp": 1778779231.6334417
            },
            {
                "memory_mb": 135.28515625,
                "cpu_percent": 0.0,
                "timestamp": 1778779232.687014
            },
            {
                "memory_mb": 135.29296875,
                "cpu_percent": 1.0,
                "timestamp": 1778779233.7389164
            },
            {
                "memory_mb": 144.99609375,
                "cpu_percent": 13.3,
                "timestamp": 1778779234.7882411
            },
            {
                "memory_mb": 144.9921875,
                "cpu_percent": 58.8,
                "timestamp": 1778779235.841942
            },
            {
                "memory_mb": 135.28515625,
                "cpu_percent": 2.8,
                "timestamp": 1778779236.896125
            },
            {
                "memory_mb": 135.28515625,
                "cpu_percent": 1.0,
                "timestamp": 1778779237.945249
            },
            {
                "memory_mb": 135.2890625,
                "cpu_percent": 27.6,
                "timestamp": 1778779238.997135
            },
            {
                "memory_mb": 135.29296875,
                "cpu_percent": 38.9,
                "timestamp": 1778779240.0509508
            },
            {
                "memory_mb": 108.109375,
                "cpu_percent": 6.7,
                "timestamp": 1778779241.1002724
            },
            {
                "memory_mb": 108.109375,
                "cpu_percent": 0.0,
                "timestamp": 1778779242.1544604
            },
            {
                "memory_mb": 108.109375,
                "cpu_percent": 0.0,
                "timestamp": 1778779243.2084422
            },
            {
                "memory_mb": 108.11328125,
                "cpu_percent": 53.3,
                "timestamp": 1778779244.259659
            },
            {
                "memory_mb": 108.1171875,
                "cpu_percent": 11.4,
                "timestamp": 1778779245.3132715
            },
            {
                "memory_mb": 108.109375,
                "cpu_percent": 71.2,
                "timestamp": 1778779246.3666809
            },
            {
                "memory_mb": 108.109375,
                "cpu_percent": 0.0,
                "timestamp": 1778779247.4207504
            },
            {
                "memory_mb": 108.109375,
                "cpu_percent": 0.0,
                "timestamp": 1778779248.4737997
            },
            {
                "memory_mb": 126.5703125,
                "cpu_percent": 4.7,
                "timestamp": 1778779249.5273445
            },
            {
                "memory_mb": 144.9921875,
                "cpu_percent": 70.2,
                "timestamp": 1778779250.580791
            },
            {
                "memory_mb": 135.2890625,
                "cpu_percent": 1.9,
                "timestamp": 1778779251.6342998
            },
            {
                "memory_mb": 135.2890625,
                "cpu_percent": 0.9,
                "timestamp": 1778779252.6880615
            },
            {
                "memory_mb": 135.29296875,
                "cpu_percent": 2.8,
                "timestamp": 1778779253.7438388
            },
            {
                "memory_mb": 135.296875,
                "cpu_percent": 63.6,
                "timestamp": 1778779254.7977843
            },
            {
                "memory_mb": 144.9921875,
                "cpu_percent": 2.8,
                "timestamp": 1778779255.8517022
            },
            {
                "memory_mb": 108.15625,
                "cpu_percent": 2.8,
                "timestamp": 1778779256.9053152
            },
            {
                "memory_mb": 108.15625,
                "cpu_percent": 0.0,
                "timestamp": 1778779257.960085
            },
            {
                "memory_mb": 108.16015625,
                "cpu_percent": 29.6,
                "timestamp": 1778779259.009101
            },
            {
                "memory_mb": 108.1640625,
                "cpu_percent": 38.0,
                "timestamp": 1778779260.061087
            },
            {
                "memory_mb": 108.16015625,
                "cpu_percent": 66.7,
                "timestamp": 1778779261.1108174
            },
            {
                "memory_mb": 108.15625,
                "cpu_percent": 1.9,
                "timestamp": 1778779262.1647723
            },
            {
                "memory_mb": 108.15625,
                "cpu_percent": 0.0,
                "timestamp": 1778779263.21856
            },
            {
                "memory_mb": 108.49609375,
                "cpu_percent": 2.8,
                "timestamp": 1778779264.272852
            },
            {
                "memory_mb": 144.99609375,
                "cpu_percent": 62.9,
                "timestamp": 1778779265.321581
            },
            {
                "memory_mb": 135.2890625,
                "cpu_percent": 12.3,
                "timestamp": 1778779266.3752527
            },
            {
                "memory_mb": 135.2890625,
                "cpu_percent": 0.0,
                "timestamp": 1778779267.4291775
            },
            {
                "memory_mb": 135.2890625,
                "cpu_percent": 0.0,
                "timestamp": 1778779268.482451
            },
            {
                "memory_mb": 135.296875,
                "cpu_percent": 67.4,
                "timestamp": 1778779269.5364063
            },
            {
                "memory_mb": 144.9921875,
                "cpu_percent": 4.7,
                "timestamp": 1778779270.5905812
            },
            {
                "memory_mb": 108.19921875,
                "cpu_percent": 3.8,
                "timestamp": 1778779271.644642
            },
            {
                "memory_mb": 108.19921875,
                "cpu_percent": 0.0,
                "timestamp": 1778779272.6982358
            },
            {
                "memory_mb": 108.203125,
                "cpu_percent": 3.8,
                "timestamp": 1778779273.7550976
            },
            {
                "memory_mb": 108.20703125,
                "cpu_percent": 59.8,
                "timestamp": 1778779274.8089356
            },
            {
                "memory_mb": 108.203125,
                "cpu_percent": 44.8,
                "timestamp": 1778779275.8578393
            },
            {
                "memory_mb": 108.19921875,
                "cpu_percent": 25.6,
                "timestamp": 1778779276.9119256
            },
            {
                "memory_mb": 108.19921875,
                "cpu_percent": 0.9,
                "timestamp": 1778779277.965729
            },
            {
                "memory_mb": 108.20703125,
                "cpu_percent": 0.9,
                "timestamp": 1778779279.0194278
            },
            {
                "memory_mb": 144.99609375,
                "cpu_percent": 38.1,
                "timestamp": 1778779280.0690413
            },
            {
                "memory_mb": 135.2890625,
                "cpu_percent": 38.1,
                "timestamp": 1778779281.117826
            },
            {
                "memory_mb": 135.2890625,
                "cpu_percent": 0.0,
                "timestamp": 1778779282.1715689
            },
            {
                "memory_mb": 135.2890625,
                "cpu_percent": 0.9,
                "timestamp": 1778779283.2254298
            },
            {
                "memory_mb": 135.29296875,
                "cpu_percent": 52.5,
                "timestamp": 1778779284.2734308
            },
            {
                "memory_mb": 135.296875,
                "cpu_percent": 18.0,
                "timestamp": 1778779285.3273833
            },
            {
                "memory_mb": 108.24609375,
                "cpu_percent": 3.8,
                "timestamp": 1778779286.381444
            },
            {
                "memory_mb": 108.24609375,
                "cpu_percent": 0.9,
                "timestamp": 1778779287.435316
            },
            {
                "memory_mb": 108.24609375,
                "cpu_percent": 0.0,
                "timestamp": 1778779288.4887836
            },
            {
                "memory_mb": 108.25390625,
                "cpu_percent": 63.6,
                "timestamp": 1778779289.5428612
            },
            {
                "memory_mb": 108.25,
                "cpu_percent": 19.1,
                "timestamp": 1778779290.5926638
            },
            {
                "memory_mb": 108.24609375,
                "cpu_percent": 51.2,
                "timestamp": 1778779291.6464815
            },
            {
                "memory_mb": 108.24609375,
                "cpu_percent": 0.0,
                "timestamp": 1778779292.6966777
            },
            {
                "memory_mb": 108.2578125,
                "cpu_percent": 0.9,
                "timestamp": 1778779293.752769
            },
            {
                "memory_mb": 145.0,
                "cpu_percent": 14.3,
                "timestamp": 1778779294.8023608
            },
            {
                "memory_mb": 144.99609375,
                "cpu_percent": 56.9,
                "timestamp": 1778779295.856127
            },
            {
                "memory_mb": 135.29296875,
                "cpu_percent": 2.8,
                "timestamp": 1778779296.910112
            },
            {
                "memory_mb": 135.29296875,
                "cpu_percent": 0.0,
                "timestamp": 1778779297.9640522
            },
            {
                "memory_mb": 135.296875,
                "cpu_percent": 26.7,
                "timestamp": 1778779299.0135589
            },
            {
                "memory_mb": 135.30078125,
                "cpu_percent": 42.7,
                "timestamp": 1778779300.0681145
            },
            {
                "memory_mb": 135.28515625,
                "cpu_percent": 4.7,
                "timestamp": 1778779301.1219625
            },
            {
                "memory_mb": 135.28515625,
                "cpu_percent": 0.0,
                "timestamp": 1778779302.1757948
            },
            {
                "memory_mb": 135.28515625,
                "cpu_percent": 0.0,
                "timestamp": 1778779303.2297757
            },
            {
                "memory_mb": 135.2890625,
                "cpu_percent": 53.4,
                "timestamp": 1778779304.279047
            },
            {
                "memory_mb": 135.29296875,
                "cpu_percent": 18.0,
                "timestamp": 1778779305.3328273
            },
            {
                "memory_mb": 135.28515625,
                "cpu_percent": 67.4,
                "timestamp": 1778779306.386885
            },
            {
                "memory_mb": 135.28515625,
                "cpu_percent": 0.0,
                "timestamp": 1778779307.4414375
            },
            {
                "memory_mb": 135.28515625,
                "cpu_percent": 0.0,
                "timestamp": 1778779308.4957874
            },
            {
                "memory_mb": 135.29296875,
                "cpu_percent": 4.7,
                "timestamp": 1778779309.5495806
            },
            {
                "memory_mb": 144.99609375,
                "cpu_percent": 68.3,
                "timestamp": 1778779310.6036377
            },
            {
                "memory_mb": 135.29296875,
                "cpu_percent": 3.8,
                "timestamp": 1778779311.6578255
            },
            {
                "memory_mb": 135.29296875,
                "cpu_percent": 0.0,
                "timestamp": 1778779312.711775
            },
            {
                "memory_mb": 135.296875,
                "cpu_percent": 2.8,
                "timestamp": 1778779313.7670896
            },
            {
                "memory_mb": 135.30078125,
                "cpu_percent": 65.5,
                "timestamp": 1778779314.8206341
            },
            {
                "memory_mb": 145.0,
                "cpu_percent": 3.8,
                "timestamp": 1778779315.8743072
            },
            {
                "memory_mb": 144.99609375,
                "cpu_percent": 2.8,
                "timestamp": 1778779316.9284558
            },
            {
                "memory_mb": 144.99609375,
                "cpu_percent": 0.0,
                "timestamp": 1778779317.9825113
            },
            {
                "memory_mb": 145.0,
                "cpu_percent": 27.6,
                "timestamp": 1778779319.0318754
            },
            {
                "memory_mb": 145.00390625,
                "cpu_percent": 37.0,
                "timestamp": 1778779320.0852852
            },
            {
                "memory_mb": 144.99609375,
                "cpu_percent": 67.6,
                "timestamp": 1778779321.134859
            },
            {
                "memory_mb": 144.99609375,
                "cpu_percent": 0.0,
                "timestamp": 1778779322.1884475
            },
            {
                "memory_mb": 144.99609375,
                "cpu_percent": 0.0,
                "timestamp": 1778779323.242236
            },
            {
                "memory_mb": 145.00390625,
                "cpu_percent": 2.8,
                "timestamp": 1778779324.2972076
            },
            {
                "memory_mb": 145.0078125,
                "cpu_percent": 59.1,
                "timestamp": 1778779325.346517
            },
            {
                "memory_mb": 135.33984375,
                "cpu_percent": 12.3,
                "timestamp": 1778779326.4002411
            },
            {
                "memory_mb": 135.33984375,
                "cpu_percent": 0.0,
                "timestamp": 1778779327.4540932
            },
            {
                "memory_mb": 135.33984375,
                "cpu_percent": 0.0,
                "timestamp": 1778779328.5072317
            },
            {
                "memory_mb": 135.34765625,
                "cpu_percent": 72.4,
                "timestamp": 1778779329.5565915
            },
            {
                "memory_mb": 144.99609375,
                "cpu_percent": 4.7,
                "timestamp": 1778779330.6101
            },
            {
                "memory_mb": 135.33984375,
                "cpu_percent": 3.8,
                "timestamp": 1778779331.664068
            },
            {
                "memory_mb": 135.33984375,
                "cpu_percent": 0.0,
                "timestamp": 1778779332.71776
            },
            {
                "memory_mb": 135.34375,
                "cpu_percent": 1.9,
                "timestamp": 1778779333.7730596
            },
            {
                "memory_mb": 135.34765625,
                "cpu_percent": 64.5,
                "timestamp": 1778779334.826798
            },
            {
                "memory_mb": 135.34375,
                "cpu_percent": 40.0,
                "timestamp": 1778779335.8762362
            },
            {
                "memory_mb": 135.33984375,
                "cpu_percent": 30.4,
                "timestamp": 1778779336.930587
            },
            {
                "memory_mb": 135.33984375,
                "cpu_percent": 0.0,
                "timestamp": 1778779337.9844522
            },
            {
                "memory_mb": 135.34765625,
                "cpu_percent": 0.9,
                "timestamp": 1778779339.0389824
            },
            {
                "memory_mb": 145.01171875,
                "cpu_percent": 35.3,
                "timestamp": 1778779340.088307
            },
            {
                "memory_mb": 135.34375,
                "cpu_percent": 39.1,
                "timestamp": 1778779341.1371236
            },
            {
                "memory_mb": 135.34375,
                "cpu_percent": 0.0,
                "timestamp": 1778779342.190943
            },
            {
                "memory_mb": 135.34375,
                "cpu_percent": 0.9,
                "timestamp": 1778779343.2450244
            },
            {
                "memory_mb": 135.34765625,
                "cpu_percent": 49.6,
                "timestamp": 1778779344.2941356
            },
            {
                "memory_mb": 135.3515625,
                "cpu_percent": 21.8,
                "timestamp": 1778779345.347771
            },
            {
                "memory_mb": 135.34375,
                "cpu_percent": 4.7,
                "timestamp": 1778779346.4021292
            },
            {
                "memory_mb": 135.34375,
                "cpu_percent": 0.0,
                "timestamp": 1778779347.4561493
            },
            {
                "memory_mb": 135.34375,
                "cpu_percent": 0.0,
                "timestamp": 1778779348.5103135
            },
            {
                "memory_mb": 135.3515625,
                "cpu_percent": 67.3,
                "timestamp": 1778779349.5649266
            },
            {
                "memory_mb": 135.34765625,
                "cpu_percent": 14.3,
                "timestamp": 1778779350.614681
            },
            {
                "memory_mb": 135.34375,
                "cpu_percent": 56.9,
                "timestamp": 1778779351.668291
            },
            {
                "memory_mb": 135.34375,
                "cpu_percent": 0.0,
                "timestamp": 1778779352.7219703
            },
            {
                "memory_mb": 135.3515625,
                "cpu_percent": 0.0,
                "timestamp": 1778779353.7792177
            },
            {
                "memory_mb": 145.015625,
                "cpu_percent": 11.4,
                "timestamp": 1778779354.8287156
            },
            {
                "memory_mb": 145.01171875,
                "cpu_percent": 57.9,
                "timestamp": 1778779355.882532
            },
            {
                "memory_mb": 136.6015625,
                "cpu_percent": 2.8,
                "timestamp": 1778779356.9362578
            },
            {
                "memory_mb": 136.6015625,
                "cpu_percent": 0.0,
                "timestamp": 1778779357.990125
            },
            {
                "memory_mb": 136.60546875,
                "cpu_percent": 26.6,
                "timestamp": 1778779359.041164
            },
            {
                "memory_mb": 136.609375,
                "cpu_percent": 43.7,
                "timestamp": 1778779360.094469
            },
            {
                "memory_mb": 145.015625,
                "cpu_percent": 3.8,
                "timestamp": 1778779361.148758
            },
            {
                "memory_mb": 136.6015625,
                "cpu_percent": 1.9,
                "timestamp": 1778779362.202576
            },
            {
                "memory_mb": 136.6015625,
                "cpu_percent": 0.0,
                "timestamp": 1778779363.2563615
            },
            {
                "memory_mb": 136.60546875,
                "cpu_percent": 50.5,
                "timestamp": 1778779364.3055575
            },
            {
                "memory_mb": 136.609375,
                "cpu_percent": 14.2,
                "timestamp": 1778779365.3593252
            },
            {
                "memory_mb": 136.6015625,
                "cpu_percent": 68.3,
                "timestamp": 1778779366.4131787
            },
            {
                "memory_mb": 136.6015625,
                "cpu_percent": 0.0,
                "timestamp": 1778779367.4669626
            },
            {
                "memory_mb": 136.6015625,
                "cpu_percent": 0.0,
                "timestamp": 1778779368.5210056
            },
            {
                "memory_mb": 136.609375,
                "cpu_percent": 3.8,
                "timestamp": 1778779369.5754964
            },
            {
                "memory_mb": 145.015625,
                "cpu_percent": 66.4,
                "timestamp": 1778779370.6291914
            },
            {
                "memory_mb": 136.6015625,
                "cpu_percent": 2.8,
                "timestamp": 1778779371.6834657
            },
            {
                "memory_mb": 136.6015625,
                "cpu_percent": 0.0,
                "timestamp": 1778779372.7372298
            },
            {
                "memory_mb": 136.60546875,
                "cpu_percent": 0.9,
                "timestamp": 1778779373.7926738
            },
            {
                "memory_mb": 136.609375,
                "cpu_percent": 67.4,
                "timestamp": 1778779374.8462331
            },
            {
                "memory_mb": 145.01171875,
                "cpu_percent": 3.8,
                "timestamp": 1778779375.900042
            },
            {
                "memory_mb": 136.6015625,
                "cpu_percent": 2.8,
                "timestamp": 1778779376.9543777
            },
            {
                "memory_mb": 136.6015625,
                "cpu_percent": 0.0,
                "timestamp": 1778779378.0080638
            },
            {
                "memory_mb": 136.60546875,
                "cpu_percent": 27.6,
                "timestamp": 1778779379.0580053
            },
            {
                "memory_mb": 136.609375,
                "cpu_percent": 36.0,
                "timestamp": 1778779380.1121778
            },
            {
                "memory_mb": 136.60546875,
                "cpu_percent": 68.6,
                "timestamp": 1778779381.1612506
            },
            {
                "memory_mb": 136.6015625,
                "cpu_percent": 1.9,
                "timestamp": 1778779382.2148914
            },
            {
                "memory_mb": 136.6015625,
                "cpu_percent": 0.9,
                "timestamp": 1778779383.2687063
            },
            {
                "memory_mb": 136.609375,
                "cpu_percent": 1.9,
                "timestamp": 1778779384.322905
            },
            {
                "memory_mb": 145.01953125,
                "cpu_percent": 59.1,
                "timestamp": 1778779385.3724732
            },
            {
                "memory_mb": 136.6015625,
                "cpu_percent": 11.4,
                "timestamp": 1778779386.4263358
            },
            {
                "memory_mb": 136.6015625,
                "cpu_percent": 0.0,
                "timestamp": 1778779387.480298
            },
            {
                "memory_mb": 136.6015625,
                "cpu_percent": 0.0,
                "timestamp": 1778779388.5336163
            },
            {
                "memory_mb": 136.609375,
                "cpu_percent": 67.4,
                "timestamp": 1778779389.5874343
            },
            {
                "memory_mb": 145.015625,
                "cpu_percent": 5.7,
                "timestamp": 1778779390.6410577
            },
            {
                "memory_mb": 136.6015625,
                "cpu_percent": 2.8,
                "timestamp": 1778779391.6947808
            },
            {
                "memory_mb": 136.6015625,
                "cpu_percent": 0.0,
                "timestamp": 1778779392.7491055
            },
            {
                "memory_mb": 136.60546875,
                "cpu_percent": 1.9,
                "timestamp": 1778779393.8046482
            },
            {
                "memory_mb": 136.609375,
                "cpu_percent": 61.7,
                "timestamp": 1778779394.858446
            },
            {
                "memory_mb": 136.60546875,
                "cpu_percent": 42.8,
                "timestamp": 1778779395.9090834
            },
            {
                "memory_mb": 136.6015625,
                "cpu_percent": 25.6,
                "timestamp": 1778779396.9630961
            },
            {
                "memory_mb": 136.6015625,
                "cpu_percent": 0.0,
                "timestamp": 1778779398.017279
            },
            {
                "memory_mb": 136.609375,
                "cpu_percent": 1.9,
                "timestamp": 1778779399.072212
            },
            {
                "memory_mb": 145.0234375,
                "cpu_percent": 34.3,
                "timestamp": 1778779400.121749
            },
            {
                "memory_mb": 136.60546875,
                "cpu_percent": 37.1,
                "timestamp": 1778779401.1733038
            },
            {
                "memory_mb": 136.60546875,
                "cpu_percent": 0.0,
                "timestamp": 1778779402.2267485
            },
            {
                "memory_mb": 136.60546875,
                "cpu_percent": 0.0,
                "timestamp": 1778779403.2805793
            },
            {
                "memory_mb": 136.609375,
                "cpu_percent": 50.5,
                "timestamp": 1778779404.3301127
            },
            {
                "memory_mb": 136.61328125,
                "cpu_percent": 22.8,
                "timestamp": 1778779405.384013
            },
            {
                "memory_mb": 136.60546875,
                "cpu_percent": 4.7,
                "timestamp": 1778779406.4379241
            },
            {
                "memory_mb": 136.60546875,
                "cpu_percent": 0.0,
                "timestamp": 1778779407.4923348
            },
            {
                "memory_mb": 136.60546875,
                "cpu_percent": 0.0,
                "timestamp": 1778779408.5455606
            },
            {
                "memory_mb": 136.61328125,
                "cpu_percent": 64.5,
                "timestamp": 1778779409.6000562
            },
            {
                "memory_mb": 136.609375,
                "cpu_percent": 17.1,
                "timestamp": 1778779410.6505444
            },
            {
                "memory_mb": 136.60546875,
                "cpu_percent": 54.1,
                "timestamp": 1778779411.7044024
            },
            {
                "memory_mb": 136.60546875,
                "cpu_percent": 0.0,
                "timestamp": 1778779412.758253
            },
            {
                "memory_mb": 136.61328125,
                "cpu_percent": 0.0,
                "timestamp": 1778779413.8130271
            },
            {
                "memory_mb": 145.0234375,
                "cpu_percent": 11.4,
                "timestamp": 1778779414.8629045
            },
            {
                "memory_mb": 145.01953125,
                "cpu_percent": 60.7,
                "timestamp": 1778779415.9166954
            },
            {
                "memory_mb": 136.60546875,
                "cpu_percent": 2.8,
                "timestamp": 1778779416.9704747
            },
            {
                "memory_mb": 136.60546875,
                "cpu_percent": 0.0,
                "timestamp": 1778779418.0244453
            },
            {
                "memory_mb": 136.609375,
                "cpu_percent": 25.7,
                "timestamp": 1778779419.0738597
            },
            {
                "memory_mb": 136.61328125,
                "cpu_percent": 44.6,
                "timestamp": 1778779420.1279805
            },
            {
                "memory_mb": 145.01953125,
                "cpu_percent": 3.8,
                "timestamp": 1778779421.1818268
            },
            {
                "memory_mb": 136.60546875,
                "cpu_percent": 1.9,
                "timestamp": 1778779422.2357078
            },
            {
                "memory_mb": 136.60546875,
                "cpu_percent": 0.0,
                "timestamp": 1778779423.2892482
            },
            {
                "memory_mb": 136.60546875,
                "cpu_percent": 0.0,
                "timestamp": 1778779423.8515232
            }
        ]
    }
}
