{
    "active_periods": [
        {
            "start": 1777155543.996542,
            "end": 1777155847.899212,
            "duration_sec": 303.9026699066162,
            "tasks_completed": 368,
            "throughput_tps": 1.210914007807433
        }
    ],
    "history": [
        {
            "timestamp": 1777155543.996542,
            "messages": 0,
            "ack": 6625
        },
        {
            "timestamp": 1777155549.003908,
            "messages": 0,
            "ack": 6625
        },
        {
            "timestamp": 1777155554.01013,
            "messages": 4,
            "ack": 6632
        },
        {
            "timestamp": 1777155559.014937,
            "messages": 3,
            "ack": 6638
        },
        {
            "timestamp": 1777155564.020656,
            "messages": 2,
            "ack": 6645
        },
        {
            "timestamp": 1777155569.02676,
            "messages": 2,
            "ack": 6651
        },
        {
            "timestamp": 1777155574.032201,
            "messages": 4,
            "ack": 6657
        },
        {
            "timestamp": 1777155579.038007,
            "messages": 4,
            "ack": 6663
        },
        {
            "timestamp": 1777155584.043834,
            "messages": 2,
            "ack": 6669
        },
        {
            "timestamp": 1777155589.048944,
            "messages": 2,
            "ack": 6675
        },
        {
            "timestamp": 1777155594.054213,
            "messages": 4,
            "ack": 6681
        },
        {
            "timestamp": 1777155599.058864,
            "messages": 4,
            "ack": 6687
        },
        {
            "timestamp": 1777155604.063035,
            "messages": 4,
            "ack": 6693
        },
        {
            "timestamp": 1777155609.067943,
            "messages": 2,
            "ack": 6699
        },
        {
            "timestamp": 1777155614.0734,
            "messages": 4,
            "ack": 6705
        },
        {
            "timestamp": 1777155619.07905,
            "messages": 4,
            "ack": 6711
        },
        {
            "timestamp": 1777155624.084122,
            "messages": 5,
            "ack": 6717
        },
        {
            "timestamp": 1777155629.089759,
            "messages": 4,
            "ack": 6723
        },
        {
            "timestamp": 1777155634.09534,
            "messages": 4,
            "ack": 6729
        },
        {
            "timestamp": 1777155639.101317,
            "messages": 6,
            "ack": 6735
        },
        {
            "timestamp": 1777155644.106632,
            "messages": 6,
            "ack": 6741
        },
        {
            "timestamp": 1777155649.111103,
            "messages": 5,
            "ack": 6747
        },
        {
            "timestamp": 1777155654.11626,
            "messages": 4,
            "ack": 6753
        },
        {
            "timestamp": 1777155659.12048,
            "messages": 4,
            "ack": 6761
        },
        {
            "timestamp": 1777155664.126129,
            "messages": 6,
            "ack": 6767
        },
        {
            "timestamp": 1777155669.131465,
            "messages": 6,
            "ack": 6773
        },
        {
            "timestamp": 1777155674.137213,
            "messages": 4,
            "ack": 6779
        },
        {
            "timestamp": 1777155679.142272,
            "messages": 6,
            "ack": 6785
        },
        {
            "timestamp": 1777155684.146787,
            "messages": 6,
            "ack": 6791
        },
        {
            "timestamp": 1777155689.152656,
            "messages": 6,
            "ack": 6797
        },
        {
            "timestamp": 1777155694.157551,
            "messages": 6,
            "ack": 6803
        },
        {
            "timestamp": 1777155699.16264,
            "messages": 6,
            "ack": 6809
        },
        {
            "timestamp": 1777155704.167642,
            "messages": 8,
            "ack": 6815
        },
        {
            "timestamp": 1777155709.173622,
            "messages": 6,
            "ack": 6821
        },
        {
            "timestamp": 1777155714.178817,
            "messages": 6,
            "ack": 6827
        },
        {
            "timestamp": 1777155719.184681,
            "messages": 8,
            "ack": 6833
        },
        {
            "timestamp": 1777155724.189121,
            "messages": 8,
            "ack": 6839
        },
        {
            "timestamp": 1777155729.194181,
            "messages": 6,
            "ack": 6845
        },
        {
            "timestamp": 1777155734.199932,
            "messages": 6,
            "ack": 6851
        },
        {
            "timestamp": 1777155739.205195,
            "messages": 8,
            "ack": 6857
        },
        {
            "timestamp": 1777155744.210098,
            "messages": 8,
            "ack": 6864
        },
        {
            "timestamp": 1777155749.214798,
            "messages": 6,
            "ack": 6871
        },
        {
            "timestamp": 1777155754.219904,
            "messages": 6,
            "ack": 6877
        },
        {
            "timestamp": 1777155759.226788,
            "messages": 8,
            "ack": 6883
        },
        {
            "timestamp": 1777155764.231635,
            "messages": 8,
            "ack": 6889
        },
        {
            "timestamp": 1777155769.236767,
            "messages": 9,
            "ack": 6895
        },
        {
            "timestamp": 1777155774.240971,
            "messages": 8,
            "ack": 6901
        },
        {
            "timestamp": 1777155779.246458,
            "messages": 8,
            "ack": 6907
        },
        {
            "timestamp": 1777155784.251225,
            "messages": 10,
            "ack": 6913
        },
        {
            "timestamp": 1777155789.255829,
            "messages": 8,
            "ack": 6919
        },
        {
            "timestamp": 1777155794.260922,
            "messages": 8,
            "ack": 6925
        },
        {
            "timestamp": 1777155799.267821,
            "messages": 10,
            "ack": 6931
        },
        {
            "timestamp": 1777155804.273074,
            "messages": 10,
            "ack": 6937
        },
        {
            "timestamp": 1777155809.279371,
            "messages": 8,
            "ack": 6943
        },
        {
            "timestamp": 1777155814.28491,
            "messages": 8,
            "ack": 6949
        },
        {
            "timestamp": 1777155819.290308,
            "messages": 10,
            "ack": 6955
        },
        {
            "timestamp": 1777155824.294994,
            "messages": 10,
            "ack": 6961
        },
        {
            "timestamp": 1777155829.300871,
            "messages": 10,
            "ack": 6967
        },
        {
            "timestamp": 1777155834.305684,
            "messages": 8,
            "ack": 6974
        },
        {
            "timestamp": 1777155839.310738,
            "messages": 10,
            "ack": 6981
        },
        {
            "timestamp": 1777155844.316581,
            "messages": 10,
            "ack": 6987
        },
        {
            "timestamp": 1777155847.887702,
            "messages": 10,
            "ack": 6993
        }
    ]
}