Процесс: 14962
УПРАВЛЯЮЩИЙ ПРОЦЕСС
Родитель: 13546
Создан: 2026-04-26T01:19:02.200000
Последний замер: 2026-04-26T01:24:05.925966
Время жизни: 303.725966 сек
voluntary_ctxt_switches: 2437
nonvoluntary_ctxt_switches: 4
jiffies: 91.0
avg_cpu_load: 0.2 %
avg_memory_mb: 42.8 MB


Процесс: 14969
Родитель: 14962
Создан: 2026-04-26T01:19:02.620000
Последний замер: 2026-04-26T01:19:46.961714
Время жизни: 44.341714 сек
voluntary_ctxt_switches: 132
nonvoluntary_ctxt_switches: 170
jiffies: 1131.0
avg_cpu_load: 25.8 %
avg_memory_mb: 101.8 MB

Среднее latency: 2.37
Средний runtime: 1.64
Всего задач: 26
Задач по типам: cpu_intensive - 18; memory_intensive - 8

Процесс: 14978
Родитель: 14962
Создан: 2026-04-26T01:19:03.690000
Последний замер: 2026-04-26T01:24:05.926290
Время жизни: 302.23629 сек
voluntary_ctxt_switches: 980
nonvoluntary_ctxt_switches: 721
jiffies: 8013.0
avg_cpu_load: 26.5 %
avg_memory_mb: 119.1 MB

Среднее latency: 5.06
Средний runtime: 1.63
Всего задач: 184
Задач по типам: cpu_intensive - 123; memory_intensive - 61

Процесс: 15053
Родитель: 14962
Создан: 2026-04-26T01:19:46.460000
Последний замер: 2026-04-26T01:24:05.926496
Время жизни: 259.466496 сек
voluntary_ctxt_switches: 850
nonvoluntary_ctxt_switches: 969
jiffies: 6823.0
avg_cpu_load: 26.2 %
avg_memory_mb: 107.8 MB

Среднее latency: 5.54
Средний runtime: 1.64
Всего задач: 158
Задач по типам: cpu_intensive - 105; memory_intensive - 53

