{
    "idx_task": 482,
    "task_name": "cpu_intensive",
    "duration": 1.6383466720581055,
    "data": {
        "ppid": 656869,
        "voluntary_ctxt_switches": 1,
        "nonvoluntary_ctxt_switches": 1,
        "wchan": "Before: 0. After: 0",
        "delta_jiffies": null,
        "delta_time": null,
        "cpu_load": 0.0,
        "memory_mib": 0.28125,
        "threads_before": [
            {
                "tid": 657463,
                "state": "R",
                "wchan": "0",
                "stack": null
            }
        ],
        "threads_after": [
            {
                "tid": 657463,
                "state": "R",
                "wchan": "0",
                "stack": null
            }
        ]
    },
    "timestamp": 1775327480.8346884
}
{
    "idx_task": 487,
    "task_name": "cpu_intensive",
    "duration": 1.6548879146575928,
    "data": {
        "ppid": 656869,
        "voluntary_ctxt_switches": 1,
        "nonvoluntary_ctxt_switches": 0,
        "wchan": "Before: 0. After: 0",
        "delta_jiffies": null,
        "delta_time": 1.4118184949911665,
        "cpu_load": 0.0,
        "memory_mib": 0.0,
        "threads_before": [
            {
                "tid": 657463,
                "state": "R",
                "wchan": "0",
                "stack": null
            }
        ],
        "threads_after": [
            {
                "tid": 657463,
                "state": "R",
                "wchan": "0",
                "stack": null
            }
        ]
    },
    "timestamp": 1775327482.7324493
}
{
    "idx_task": 491,
    "task_name": "cpu_intensive",
    "duration": 1.6551289558410645,
    "data": {
        "ppid": 656869,
        "voluntary_ctxt_switches": 1,
        "nonvoluntary_ctxt_switches": 2,
        "wchan": "Before: 0. After: 0",
        "delta_jiffies": null,
        "delta_time": 1.29144643098698,
        "cpu_load": 0.0,
        "memory_mib": 0.0,
        "threads_before": [
            {
                "tid": 657463,
                "state": "R",
                "wchan": "0",
                "stack": null
            }
        ],
        "threads_after": [
            {
                "tid": 657463,
                "state": "R",
                "wchan": "0",
                "stack": null
            }
        ]
    },
    "timestamp": 1775327484.750945
}
{
    "idx_task": 495,
    "task_name": "cpu_intensive",
    "duration": 1.6559631824493408,
    "data": {
        "ppid": 656869,
        "voluntary_ctxt_switches": 1,
        "nonvoluntary_ctxt_switches": 50,
        "wchan": "Before: 0. After: 0",
        "delta_jiffies": 64,
        "delta_time": 1.2912178590486292,
        "cpu_load": 49.57,
        "memory_mib": 0.0,
        "threads_before": [
            {
                "tid": 657463,
                "state": "R",
                "wchan": "0",
                "stack": null
            }
        ],
        "threads_after": [
            {
                "tid": 657463,
                "state": "R",
                "wchan": "0",
                "stack": null
            }
        ]
    },
    "timestamp": 1775327486.7714546
}
{
    "idx_task": 499,
    "task_name": "cpu_intensive",
    "duration": 1.6429884433746338,
    "data": {
        "ppid": 656869,
        "voluntary_ctxt_switches": 1,
        "nonvoluntary_ctxt_switches": 44,
        "wchan": "Before: 0. After: 0",
        "delta_jiffies": null,
        "delta_time": 1.2745018559799064,
        "cpu_load": 0.0,
        "memory_mib": 0.0,
        "threads_before": [
            {
                "tid": 657463,
                "state": "R",
                "wchan": "0",
                "stack": null
            }
        ],
        "threads_after": [
            {
                "tid": 657463,
                "state": "R",
                "wchan": "0",
                "stack": null
            }
        ]
    },
    "timestamp": 1775327488.7831
}
{
    "idx_task": 503,
    "task_name": "cpu_intensive",
    "duration": 1.6964633464813232,
    "data": {
        "ppid": 656869,
        "voluntary_ctxt_switches": 1,
        "nonvoluntary_ctxt_switches": 3,
        "wchan": "Before: 0. After: 0",
        "delta_jiffies": null,
        "delta_time": 1.319194960000459,
        "cpu_load": 0.0,
        "memory_mib": 0.0,
        "threads_before": [
            {
                "tid": 657463,
                "state": "R",
                "wchan": "0",
                "stack": null
            }
        ],
        "threads_after": [
            {
                "tid": 657463,
                "state": "R",
                "wchan": "0",
                "stack": null
            }
        ]
    },
    "timestamp": 1775327490.856652
}
{
    "idx_task": 507,
    "task_name": "cpu_intensive",
    "duration": 1.6492879390716553,
    "data": {
        "ppid": 656869,
        "voluntary_ctxt_switches": 1,
        "nonvoluntary_ctxt_switches": 5,
        "wchan": "Before: 0. After: 0",
        "delta_jiffies": 64,
        "delta_time": 1.3282484420051333,
        "cpu_load": 48.18,
        "memory_mib": 0.0,
        "threads_before": [
            {
                "tid": 657463,
                "state": "R",
                "wchan": "0",
                "stack": null
            }
        ],
        "threads_after": [
            {
                "tid": 657463,
                "state": "R",
                "wchan": "0",
                "stack": null
            }
        ]
    },
    "timestamp": 1775327492.8269756
}
{
    "idx_task": 511,
    "task_name": "cpu_intensive",
    "duration": 1.6851420402526855,
    "data": {
        "ppid": 656869,
        "voluntary_ctxt_switches": 1,
        "nonvoluntary_ctxt_switches": 12,
        "wchan": "Before: 0. After: 0",
        "delta_jiffies": null,
        "delta_time": 1.3142683829937596,
        "cpu_load": 0.0,
        "memory_mib": 0.0,
        "threads_before": [
            {
                "tid": 657463,
                "state": "R",
                "wchan": "0",
                "stack": null
            }
        ],
        "threads_after": [
            {
                "tid": 657463,
                "state": "R",
                "wchan": "0",
                "stack": null
            }
        ]
    },
    "timestamp": 1775327494.882946
}
{
    "idx_task": 515,
    "task_name": "cpu_intensive",
    "duration": 1.6260709762573242,
    "data": {
        "ppid": 656869,
        "voluntary_ctxt_switches": 1,
        "nonvoluntary_ctxt_switches": 1,
        "wchan": "Before: 0. After: 0",
        "delta_jiffies": 61,
        "delta_time": 1.290224690019386,
        "cpu_load": 47.28,
        "memory_mib": 0.0,
        "threads_before": [
            {
                "tid": 657463,
                "state": "R",
                "wchan": "0",
                "stack": null
            }
        ],
        "threads_after": [
            {
                "tid": 657463,
                "state": "R",
                "wchan": "0",
                "stack": null
            }
        ]
    },
    "timestamp": 1775327496.8447165
}
{
    "idx_task": 519,
    "task_name": "cpu_intensive",
    "duration": 1.612985372543335,
    "data": {
        "ppid": 656869,
        "voluntary_ctxt_switches": 1,
        "nonvoluntary_ctxt_switches": 9,
        "wchan": "Before: 0. After: 0",
        "delta_jiffies": null,
        "delta_time": 1.2082692299736664,
        "cpu_load": 0.0,
        "memory_mib": 0.0,
        "threads_before": [
            {
                "tid": 657463,
                "state": "R",
                "wchan": "0",
                "stack": null
            }
        ],
        "threads_after": [
            {
                "tid": 657463,
                "state": "R",
                "wchan": "0",
                "stack": null
            }
        ]
    },
    "timestamp": 1775327498.8624501
}
{
    "idx_task": 523,
    "task_name": "cpu_intensive",
    "duration": 1.638396978378296,
    "data": {
        "ppid": 656869,
        "voluntary_ctxt_switches": 1,
        "nonvoluntary_ctxt_switches": 3,
        "wchan": "Before: 0. After: 0",
        "delta_jiffies": 62,
        "delta_time": 1.2298961149936076,
        "cpu_load": 50.41,
        "memory_mib": 0.0,
        "threads_before": [
            {
                "tid": 657463,
                "state": "R",
                "wchan": "0",
                "stack": null
            }
        ],
        "threads_after": [
            {
                "tid": 657463,
                "state": "R",
                "wchan": "0",
                "stack": null
            }
        ]
    },
    "timestamp": 1775327500.9092531
}
{
    "idx_task": 527,
    "task_name": "cpu_intensive",
    "duration": 1.7127301692962646,
    "data": {
        "ppid": 656869,
        "voluntary_ctxt_switches": 1,
        "nonvoluntary_ctxt_switches": 10,
        "wchan": "Before: 0. After: 0",
        "delta_jiffies": null,
        "delta_time": 1.3336156629957259,
        "cpu_load": 0.0,
        "memory_mib": 0.0,
        "threads_before": [
            {
                "tid": 657463,
                "state": "R",
                "wchan": "0",
                "stack": null
            }
        ],
        "threads_after": [
            {
                "tid": 657463,
                "state": "R",
                "wchan": "0",
                "stack": null
            }
        ]
    },
    "timestamp": 1775327503.000915
}
{
    "idx_task": 531,
    "task_name": "cpu_intensive",
    "duration": 1.7122225761413574,
    "data": {
        "ppid": 656869,
        "voluntary_ctxt_switches": 1,
        "nonvoluntary_ctxt_switches": 41,
        "wchan": "Before: 0. After: 0",
        "delta_jiffies": null,
        "delta_time": 1.3921360429667402,
        "cpu_load": 0.0,
        "memory_mib": 0.0,
        "threads_before": [
            {
                "tid": 657463,
                "state": "R",
                "wchan": "0",
                "stack": null
            }
        ],
        "threads_after": [
            {
                "tid": 657463,
                "state": "R",
                "wchan": "0",
                "stack": null
            }
        ]
    },
    "timestamp": 1775327505.0330522
}
{
    "idx_task": 535,
    "task_name": "cpu_intensive",
    "duration": 1.6796398162841797,
    "data": {
        "ppid": 656869,
        "voluntary_ctxt_switches": 1,
        "nonvoluntary_ctxt_switches": 66,
        "wchan": "Before: 0. After: 0",
        "delta_jiffies": null,
        "delta_time": 1.3646350640046876,
        "cpu_load": 0.0,
        "memory_mib": 0.0,
        "threads_before": [
            {
                "tid": 657463,
                "state": "R",
                "wchan": "0",
                "stack": null
            }
        ],
        "threads_after": [
            {
                "tid": 657463,
                "state": "R",
                "wchan": "0",
                "stack": null
            }
        ]
    },
    "timestamp": 1775327507.0275316
}
{
    "idx_task": 539,
    "task_name": "cpu_intensive",
    "duration": 1.7135179042816162,
    "data": {
        "ppid": 656869,
        "voluntary_ctxt_switches": 1,
        "nonvoluntary_ctxt_switches": 4,
        "wchan": "Before: 0. After: 0",
        "delta_jiffies": null,
        "delta_time": 1.3648070100171026,
        "cpu_load": 0.0,
        "memory_mib": 0.0,
        "threads_before": [
            {
                "tid": 657463,
                "state": "R",
                "wchan": "0",
                "stack": null
            }
        ],
        "threads_after": [
            {
                "tid": 657463,
                "state": "R",
                "wchan": "0",
                "stack": null
            }
        ]
    },
    "timestamp": 1775327509.0899353
}
{
    "idx_task": 543,
    "task_name": "cpu_intensive",
    "duration": 1.8707983493804932,
    "data": {
        "ppid": 656869,
        "voluntary_ctxt_switches": 1,
        "nonvoluntary_ctxt_switches": 2,
        "wchan": "Before: 0. After: 0",
        "delta_jiffies": null,
        "delta_time": 1.5637098759762011,
        "cpu_load": 0.0,
        "memory_mib": 0.0,
        "threads_before": [
            {
                "tid": 657463,
                "state": "R",
                "wchan": "0",
                "stack": null
            }
        ],
        "threads_after": [
            {
                "tid": 657463,
                "state": "R",
                "wchan": "0",
                "stack": null
            }
        ]
    },
    "timestamp": 1775327511.267413
}
{
    "idx_task": 547,
    "task_name": "cpu_intensive",
    "duration": 1.63706636428833,
    "data": {
        "ppid": 656869,
        "voluntary_ctxt_switches": 1,
        "nonvoluntary_ctxt_switches": 7,
        "wchan": "Before: 0. After: 0",
        "delta_jiffies": 62,
        "delta_time": 1.486650111997733,
        "cpu_load": 41.7,
        "memory_mib": 0.0,
        "threads_before": [
            {
                "tid": 657463,
                "state": "R",
                "wchan": "0",
                "stack": null
            }
        ],
        "threads_after": [
            {
                "tid": 657463,
                "state": "R",
                "wchan": "0",
                "stack": null
            }
        ]
    },
    "timestamp": 1775327513.054456
}
{
    "idx_task": 551,
    "task_name": "cpu_intensive",
    "duration": 1.6444437503814697,
    "data": {
        "ppid": 656869,
        "voluntary_ctxt_switches": 1,
        "nonvoluntary_ctxt_switches": 9,
        "wchan": "Before: 0. After: 0",
        "delta_jiffies": null,
        "delta_time": 1.2570882439613342,
        "cpu_load": 0.0,
        "memory_mib": 0.0,
        "threads_before": [
            {
                "tid": 657463,
                "state": "R",
                "wchan": "0",
                "stack": null
            }
        ],
        "threads_after": [
            {
                "tid": 657463,
                "state": "R",
                "wchan": "0",
                "stack": null
            }
        ]
    },
    "timestamp": 1775327515.0860476
}
{
    "idx_task": 555,
    "task_name": "cpu_intensive",
    "duration": 1.645475149154663,
    "data": {
        "ppid": 656869,
        "voluntary_ctxt_switches": 1,
        "nonvoluntary_ctxt_switches": 12,
        "wchan": "Before: 0. After: 0",
        "delta_jiffies": null,
        "delta_time": 1.271157934970688,
        "cpu_load": 0.0,
        "memory_mib": 0.0,
        "threads_before": [
            {
                "tid": 657463,
                "state": "R",
                "wchan": "0",
                "stack": null
            }
        ],
        "threads_after": [
            {
                "tid": 657463,
                "state": "R",
                "wchan": "0",
                "stack": null
            }
        ]
    },
    "timestamp": 1775327517.1056576
}
{
    "idx_task": 559,
    "task_name": "cpu_intensive",
    "duration": 1.6486389636993408,
    "data": {
        "ppid": 656869,
        "voluntary_ctxt_switches": 1,
        "nonvoluntary_ctxt_switches": 4,
        "wchan": "Before: 0. After: 0",
        "delta_jiffies": null,
        "delta_time": 1.2664236860291567,
        "cpu_load": 0.0,
        "memory_mib": 0.0,
        "threads_before": [
            {
                "tid": 657463,
                "state": "R",
                "wchan": "0",
                "stack": null
            }
        ],
        "threads_after": [
            {
                "tid": 657463,
                "state": "R",
                "wchan": "0",
                "stack": null
            }
        ]
    },
    "timestamp": 1775327519.1361232
}
{
    "idx_task": 563,
    "task_name": "cpu_intensive",
    "duration": 1.6775474548339844,
    "data": {
        "ppid": 656869,
        "voluntary_ctxt_switches": 1,
        "nonvoluntary_ctxt_switches": 8,
        "wchan": "Before: 0. After: 0",
        "delta_jiffies": null,
        "delta_time": 1.303978317999281,
        "cpu_load": 0.0,
        "memory_mib": 0.0,
        "threads_before": [
            {
                "tid": 657463,
                "state": "R",
                "wchan": "0",
                "stack": null
            }
        ],
        "threads_after": [
            {
                "tid": 657463,
                "state": "R",
                "wchan": "0",
                "stack": null
            }
        ]
    },
    "timestamp": 1775327521.1868782
}
{
    "idx_task": 567,
    "task_name": "cpu_intensive",
    "duration": 1.681413173675537,
    "data": {
        "ppid": 656869,
        "voluntary_ctxt_switches": 1,
        "nonvoluntary_ctxt_switches": 3,
        "wchan": "Before: 0. After: 0",
        "delta_jiffies": null,
        "delta_time": 1.3385175690054893,
        "cpu_load": 0.0,
        "memory_mib": 0.0,
        "threads_before": [
            {
                "tid": 657463,
                "state": "R",
                "wchan": "0",
                "stack": null
            }
        ],
        "threads_after": [
            {
                "tid": 657463,
                "state": "R",
                "wchan": "0",
                "stack": null
            }
        ]
    },
    "timestamp": 1775327523.2109728
}
{
    "idx_task": 571,
    "task_name": "cpu_intensive",
    "duration": 1.6279127597808838,
    "data": {
        "ppid": 656869,
        "voluntary_ctxt_switches": 1,
        "nonvoluntary_ctxt_switches": 35,
        "wchan": "Before: 0. After: 0",
        "delta_jiffies": null,
        "delta_time": 1.2904322180256713,
        "cpu_load": 0.0,
        "memory_mib": 0.0,
        "threads_before": [
            {
                "tid": 657463,
                "state": "R",
                "wchan": "0",
                "stack": null
            }
        ],
        "threads_after": [
            {
                "tid": 657463,
                "state": "R",
                "wchan": "0",
                "stack": null
            }
        ]
    },
    "timestamp": 1775327525.176155
}
{
    "idx_task": 575,
    "task_name": "cpu_intensive",
    "duration": 1.6734588146209717,
    "data": {
        "ppid": 656869,
        "voluntary_ctxt_switches": 1,
        "nonvoluntary_ctxt_switches": 57,
        "wchan": "Before: 0. After: 0",
        "delta_jiffies": null,
        "delta_time": 1.2802864010154735,
        "cpu_load": 0.0,
        "memory_mib": 0.0,
        "threads_before": [
            {
                "tid": 657463,
                "state": "R",
                "wchan": "0",
                "stack": null
            }
        ],
        "threads_after": [
            {
                "tid": 657463,
                "state": "R",
                "wchan": "0",
                "stack": null
            }
        ]
    },
    "timestamp": 1775327527.2426052
}
{
    "idx_task": 579,
    "task_name": "cpu_intensive",
    "duration": 1.8813998699188232,
    "data": {
        "ppid": 656869,
        "voluntary_ctxt_switches": 1,
        "nonvoluntary_ctxt_switches": 5,
        "wchan": "Before: 0. After: 0",
        "delta_jiffies": null,
        "delta_time": 1.5326413489528932,
        "cpu_load": 0.0,
        "memory_mib": 0.0,
        "threads_before": [
            {
                "tid": 657463,
                "state": "R",
                "wchan": "0",
                "stack": null
            }
        ],
        "threads_after": [
            {
                "tid": 657463,
                "state": "R",
                "wchan": "0",
                "stack": null
            }
        ]
    },
    "timestamp": 1775327529.4725387
}
{
    "idx_task": 583,
    "task_name": "cpu_intensive",
    "duration": 1.6693179607391357,
    "data": {
        "ppid": 656869,
        "voluntary_ctxt_switches": 1,
        "nonvoluntary_ctxt_switches": 4,
        "wchan": "Before: 0. After: 0",
        "delta_jiffies": null,
        "delta_time": 1.5297266840061639,
        "cpu_load": 0.0,
        "memory_mib": 0.0,
        "threads_before": [
            {
                "tid": 657463,
                "state": "R",
                "wchan": "0",
                "stack": null
            }
        ],
        "threads_after": [
            {
                "tid": 657463,
                "state": "R",
                "wchan": "0",
                "stack": null
            }
        ]
    },
    "timestamp": 1775327531.2812505
}
{
    "idx_task": 587,
    "task_name": "cpu_intensive",
    "duration": 1.664621114730835,
    "data": {
        "ppid": 656869,
        "voluntary_ctxt_switches": 1,
        "nonvoluntary_ctxt_switches": 34,
        "wchan": "Before: 0. After: 0",
        "delta_jiffies": null,
        "delta_time": 1.3126102759852074,
        "cpu_load": 0.0,
        "memory_mib": 0.0,
        "threads_before": [
            {
                "tid": 657463,
                "state": "R",
                "wchan": "0",
                "stack": null
            }
        ],
        "threads_after": [
            {
                "tid": 657463,
                "state": "R",
                "wchan": "0",
                "stack": null
            }
        ]
    },
    "timestamp": 1775327533.2977076
}
{
    "idx_task": 591,
    "task_name": "cpu_intensive",
    "duration": 1.658076286315918,
    "data": {
        "ppid": 656869,
        "voluntary_ctxt_switches": 1,
        "nonvoluntary_ctxt_switches": 0,
        "wchan": "Before: 0. After: 0",
        "delta_jiffies": null,
        "delta_time": 1.30128436096129,
        "cpu_load": 0.0,
        "memory_mib": 0.0,
        "threads_before": [
            {
                "tid": 657463,
                "state": "R",
                "wchan": "0",
                "stack": null
            }
        ],
        "threads_after": [
            {
                "tid": 657463,
                "state": "R",
                "wchan": "0",
                "stack": null
            }
        ]
    },
    "timestamp": 1775327535.3123276
}
{
    "idx_task": 595,
    "task_name": "cpu_intensive",
    "duration": 1.6744959354400635,
    "data": {
        "ppid": 656869,
        "voluntary_ctxt_switches": 1,
        "nonvoluntary_ctxt_switches": 15,
        "wchan": "Before: 0. After: 0",
        "delta_jiffies": null,
        "delta_time": 1.3118042379501276,
        "cpu_load": 0.0,
        "memory_mib": 0.0,
        "threads_before": [
            {
                "tid": 657463,
                "state": "R",
                "wchan": "0",
                "stack": null
            }
        ],
        "threads_after": [
            {
                "tid": 657463,
                "state": "R",
                "wchan": "0",
                "stack": null
            }
        ]
    },
    "timestamp": 1775327537.3494103
}
{
    "idx_task": 599,
    "task_name": "cpu_intensive",
    "duration": 1.663548231124878,
    "data": {
        "ppid": 656869,
        "voluntary_ctxt_switches": 1,
        "nonvoluntary_ctxt_switches": 2,
        "wchan": "Before: 0. After: 0",
        "delta_jiffies": null,
        "delta_time": 1.3130726449890062,
        "cpu_load": 0.0,
        "memory_mib": 0.0,
        "threads_before": [
            {
                "tid": 657463,
                "state": "R",
                "wchan": "0",
                "stack": null
            }
        ],
        "threads_after": [
            {
                "tid": 657463,
                "state": "R",
                "wchan": "0",
                "stack": null
            }
        ]
    },
    "timestamp": 1775327539.3632205
}
