{
    "idx_task": 4,
    "task_name": "cpu_intensive",
    "duration": 1.6368629932403564,
    "data": {
        "ppid": 656869,
        "voluntary_ctxt_switches": 1,
        "nonvoluntary_ctxt_switches": 61,
        "wchan": "Before: 0. After: 0",
        "delta_jiffies": null,
        "delta_time": null,
        "cpu_load": 0.0,
        "memory_mib": 0.29296875,
        "threads_before": [
            {
                "tid": 656881,
                "state": "R",
                "wchan": "0",
                "stack": null
            }
        ],
        "threads_after": [
            {
                "tid": 656881,
                "state": "R",
                "wchan": "0",
                "stack": null
            }
        ]
    },
    "timestamp": 1775327237.7714703
}
{
    "idx_task": 7,
    "task_name": "cpu_intensive",
    "duration": 1.5882148742675781,
    "data": {
        "ppid": 656869,
        "voluntary_ctxt_switches": 1,
        "nonvoluntary_ctxt_switches": 0,
        "wchan": "Before: 0. After: 0",
        "delta_jiffies": null,
        "delta_time": 1.2978318410168868,
        "cpu_load": 0.0,
        "memory_mib": 0.00390625,
        "threads_before": [
            {
                "tid": 656881,
                "state": "R",
                "wchan": "0",
                "stack": null
            }
        ],
        "threads_after": [
            {
                "tid": 656881,
                "state": "R",
                "wchan": "0",
                "stack": null
            }
        ]
    },
    "timestamp": 1775327239.6497493
}
{
    "idx_task": 11,
    "task_name": "cpu_intensive",
    "duration": 1.6236050128936768,
    "data": {
        "ppid": 656869,
        "voluntary_ctxt_switches": 1,
        "nonvoluntary_ctxt_switches": 13,
        "wchan": "Before: 0. After: 0",
        "delta_jiffies": null,
        "delta_time": 1.189181613997789,
        "cpu_load": 0.0,
        "memory_mib": 0.0,
        "threads_before": [
            {
                "tid": 656881,
                "state": "R",
                "wchan": "0",
                "stack": null
            }
        ],
        "threads_after": [
            {
                "tid": 656881,
                "state": "R",
                "wchan": "0",
                "stack": null
            }
        ]
    },
    "timestamp": 1775327241.7075958
}
{
    "idx_task": 15,
    "task_name": "cpu_intensive",
    "duration": 1.647470474243164,
    "data": {
        "ppid": 656869,
        "voluntary_ctxt_switches": 1,
        "nonvoluntary_ctxt_switches": 23,
        "wchan": "Before: 0. After: 0",
        "delta_jiffies": 64,
        "delta_time": 1.247549285995774,
        "cpu_load": 51.3,
        "memory_mib": 0.0,
        "threads_before": [
            {
                "tid": 656881,
                "state": "R",
                "wchan": "0",
                "stack": null
            }
        ],
        "threads_after": [
            {
                "tid": 656881,
                "state": "R",
                "wchan": "0",
                "stack": null
            }
        ]
    },
    "timestamp": 1775327243.7548523
}
{
    "idx_task": 19,
    "task_name": "cpu_intensive",
    "duration": 1.6169166564941406,
    "data": {
        "ppid": 656869,
        "voluntary_ctxt_switches": 1,
        "nonvoluntary_ctxt_switches": 21,
        "wchan": "Before: 0. After: 0",
        "delta_jiffies": null,
        "delta_time": 1.239759824005887,
        "cpu_load": 0.0,
        "memory_mib": 0.0,
        "threads_before": [
            {
                "tid": 656881,
                "state": "R",
                "wchan": "0",
                "stack": null
            }
        ],
        "threads_after": [
            {
                "tid": 656881,
                "state": "R",
                "wchan": "0",
                "stack": null
            }
        ]
    },
    "timestamp": 1775327245.7487626
}
{
    "idx_task": 23,
    "task_name": "cpu_intensive",
    "duration": 1.6336400508880615,
    "data": {
        "ppid": 656869,
        "voluntary_ctxt_switches": 1,
        "nonvoluntary_ctxt_switches": 27,
        "wchan": "Before: 0. After: 0",
        "delta_jiffies": null,
        "delta_time": 1.2228328969795257,
        "cpu_load": 0.0,
        "memory_mib": 0.0,
        "threads_before": [
            {
                "tid": 656881,
                "state": "R",
                "wchan": "0",
                "stack": null
            }
        ],
        "threads_after": [
            {
                "tid": 656881,
                "state": "R",
                "wchan": "0",
                "stack": null
            }
        ]
    },
    "timestamp": 1775327247.7930353
}
{
    "idx_task": 27,
    "task_name": "cpu_intensive",
    "duration": 1.590141773223877,
    "data": {
        "ppid": 656869,
        "voluntary_ctxt_switches": 1,
        "nonvoluntary_ctxt_switches": 3,
        "wchan": "Before: 0. After: 0",
        "delta_jiffies": null,
        "delta_time": 1.1928127810242586,
        "cpu_load": 0.0,
        "memory_mib": 0.0,
        "threads_before": [
            {
                "tid": 656881,
                "state": "R",
                "wchan": "0",
                "stack": null
            }
        ],
        "threads_after": [
            {
                "tid": 656881,
                "state": "R",
                "wchan": "0",
                "stack": null
            }
        ]
    },
    "timestamp": 1775327249.7804365
}
{
    "idx_task": 31,
    "task_name": "cpu_intensive",
    "duration": 1.6229722499847412,
    "data": {
        "ppid": 656869,
        "voluntary_ctxt_switches": 1,
        "nonvoluntary_ctxt_switches": 4,
        "wchan": "Before: 0. After: 0",
        "delta_jiffies": null,
        "delta_time": 1.189418961002957,
        "cpu_load": 0.0,
        "memory_mib": 0.0,
        "threads_before": [
            {
                "tid": 656881,
                "state": "R",
                "wchan": "0",
                "stack": null
            }
        ],
        "threads_after": [
            {
                "tid": 656881,
                "state": "R",
                "wchan": "0",
                "stack": null
            }
        ]
    },
    "timestamp": 1775327251.8368661
}
{
    "idx_task": 35,
    "task_name": "cpu_intensive",
    "duration": 1.6638362407684326,
    "data": {
        "ppid": 656869,
        "voluntary_ctxt_switches": 1,
        "nonvoluntary_ctxt_switches": 1,
        "wchan": "Before: 0. After: 0",
        "delta_jiffies": null,
        "delta_time": 1.2596923179808073,
        "cpu_load": 0.0,
        "memory_mib": 0.00390625,
        "threads_before": [
            {
                "tid": 656881,
                "state": "R",
                "wchan": "0",
                "stack": null
            }
        ],
        "threads_after": [
            {
                "tid": 656881,
                "state": "R",
                "wchan": "0",
                "stack": null
            }
        ]
    },
    "timestamp": 1775327253.90465
}
{
    "idx_task": 39,
    "task_name": "cpu_intensive",
    "duration": 1.6853101253509521,
    "data": {
        "ppid": 656869,
        "voluntary_ctxt_switches": 1,
        "nonvoluntary_ctxt_switches": 30,
        "wchan": "Before: 0. After: 0",
        "delta_jiffies": null,
        "delta_time": 1.3266724250279367,
        "cpu_load": 0.0,
        "memory_mib": 0.0,
        "threads_before": [
            {
                "tid": 656881,
                "state": "R",
                "wchan": "0",
                "stack": null
            }
        ],
        "threads_after": [
            {
                "tid": 656881,
                "state": "R",
                "wchan": "0",
                "stack": null
            }
        ]
    },
    "timestamp": 1775327255.948389
}
{
    "idx_task": 43,
    "task_name": "cpu_intensive",
    "duration": 1.661870002746582,
    "data": {
        "ppid": 656869,
        "voluntary_ctxt_switches": 1,
        "nonvoluntary_ctxt_switches": 3,
        "wchan": "Before: 0. After: 0",
        "delta_jiffies": null,
        "delta_time": 1.3261507109855302,
        "cpu_load": 0.0,
        "memory_mib": 0.0,
        "threads_before": [
            {
                "tid": 656881,
                "state": "R",
                "wchan": "0",
                "stack": null
            }
        ],
        "threads_after": [
            {
                "tid": 656881,
                "state": "R",
                "wchan": "0",
                "stack": null
            }
        ]
    },
    "timestamp": 1775327257.9456382
}
{
    "idx_task": 47,
    "task_name": "cpu_intensive",
    "duration": 1.630744218826294,
    "data": {
        "ppid": 656869,
        "voluntary_ctxt_switches": 1,
        "nonvoluntary_ctxt_switches": 37,
        "wchan": "Before: 0. After: 0",
        "delta_jiffies": null,
        "delta_time": 1.2623814609833062,
        "cpu_load": 0.0,
        "memory_mib": 0.0,
        "threads_before": [
            {
                "tid": 656881,
                "state": "R",
                "wchan": "0",
                "stack": null
            }
        ],
        "threads_after": [
            {
                "tid": 656881,
                "state": "R",
                "wchan": "0",
                "stack": null
            }
        ]
    },
    "timestamp": 1775327259.9443126
}
{
    "idx_task": 51,
    "task_name": "cpu_intensive",
    "duration": 1.6218113899230957,
    "data": {
        "ppid": 656869,
        "voluntary_ctxt_switches": 1,
        "nonvoluntary_ctxt_switches": 6,
        "wchan": "Before: 0. After: 0",
        "delta_jiffies": null,
        "delta_time": 1.2338304130244069,
        "cpu_load": 0.0,
        "memory_mib": 0.00390625,
        "threads_before": [
            {
                "tid": 656881,
                "state": "R",
                "wchan": "0",
                "stack": null
            }
        ],
        "threads_after": [
            {
                "tid": 656881,
                "state": "R",
                "wchan": "0",
                "stack": null
            }
        ]
    },
    "timestamp": 1775327261.9538777
}
{
    "idx_task": 55,
    "task_name": "cpu_intensive",
    "duration": 1.586677074432373,
    "data": {
        "ppid": 656869,
        "voluntary_ctxt_switches": 1,
        "nonvoluntary_ctxt_switches": 4,
        "wchan": "Before: 0. After: 0",
        "delta_jiffies": 57,
        "delta_time": 1.184599052008707,
        "cpu_load": 48.12,
        "memory_mib": 0.0,
        "threads_before": [
            {
                "tid": 656881,
                "state": "R",
                "wchan": "0",
                "stack": null
            }
        ],
        "threads_after": [
            {
                "tid": 656881,
                "state": "R",
                "wchan": "0",
                "stack": null
            }
        ]
    },
    "timestamp": 1775327263.942528
}
{
    "idx_task": 59,
    "task_name": "cpu_intensive",
    "duration": 1.6228492259979248,
    "data": {
        "ppid": 656869,
        "voluntary_ctxt_switches": 1,
        "nonvoluntary_ctxt_switches": 14,
        "wchan": "Before: 0. After: 0",
        "delta_jiffies": null,
        "delta_time": 1.172405929013621,
        "cpu_load": 0.0,
        "memory_mib": 0.0,
        "threads_before": [
            {
                "tid": 656881,
                "state": "R",
                "wchan": "0",
                "stack": null
            }
        ],
        "threads_after": [
            {
                "tid": 656881,
                "state": "R",
                "wchan": "0",
                "stack": null
            }
        ]
    },
    "timestamp": 1775327266.0154455
}
{
    "idx_task": 63,
    "task_name": "cpu_intensive",
    "duration": 1.7152619361877441,
    "data": {
        "ppid": 656869,
        "voluntary_ctxt_switches": 1,
        "nonvoluntary_ctxt_switches": 6,
        "wchan": "Before: 0. After: 0",
        "delta_jiffies": null,
        "delta_time": 1.3138201340043452,
        "cpu_load": 0.0,
        "memory_mib": 0.00390625,
        "threads_before": [
            {
                "tid": 656881,
                "state": "R",
                "wchan": "0",
                "stack": null
            }
        ],
        "threads_after": [
            {
                "tid": 656881,
                "state": "R",
                "wchan": "0",
                "stack": null
            }
        ]
    },
    "timestamp": 1775327268.1317613
}
{
    "idx_task": 67,
    "task_name": "cpu_intensive",
    "duration": 1.7842960357666016,
    "data": {
        "ppid": 656869,
        "voluntary_ctxt_switches": 1,
        "nonvoluntary_ctxt_switches": 6,
        "wchan": "Before: 0. After: 0",
        "delta_jiffies": null,
        "delta_time": 1.4601831460313406,
        "cpu_load": 0.0,
        "memory_mib": 0.0,
        "threads_before": [
            {
                "tid": 656881,
                "state": "R",
                "wchan": "0",
                "stack": null
            }
        ],
        "threads_after": [
            {
                "tid": 656881,
                "state": "R",
                "wchan": "0",
                "stack": null
            }
        ]
    },
    "timestamp": 1775327270.2399616
}
{
    "idx_task": 71,
    "task_name": "cpu_intensive",
    "duration": 1.6542255878448486,
    "data": {
        "ppid": 656869,
        "voluntary_ctxt_switches": 1,
        "nonvoluntary_ctxt_switches": 2,
        "wchan": "Before: 0. After: 0",
        "delta_jiffies": null,
        "delta_time": 1.4173710019676946,
        "cpu_load": 0.0,
        "memory_mib": 0.0,
        "threads_before": [
            {
                "tid": 656881,
                "state": "R",
                "wchan": "0",
                "stack": null
            }
        ],
        "threads_after": [
            {
                "tid": 656881,
                "state": "R",
                "wchan": "0",
                "stack": null
            }
        ]
    },
    "timestamp": 1775327272.1308382
}
{
    "idx_task": 75,
    "task_name": "cpu_intensive",
    "duration": 1.6449637413024902,
    "data": {
        "ppid": 656869,
        "voluntary_ctxt_switches": 1,
        "nonvoluntary_ctxt_switches": 3,
        "wchan": "Before: 0. After: 0",
        "delta_jiffies": null,
        "delta_time": 1.2724276049993932,
        "cpu_load": 0.0,
        "memory_mib": 0.0,
        "threads_before": [
            {
                "tid": 656881,
                "state": "R",
                "wchan": "0",
                "stack": null
            }
        ],
        "threads_after": [
            {
                "tid": 656881,
                "state": "R",
                "wchan": "0",
                "stack": null
            }
        ]
    },
    "timestamp": 1775327274.1479697
}
{
    "idx_task": 79,
    "task_name": "cpu_intensive",
    "duration": 1.6786057949066162,
    "data": {
        "ppid": 656869,
        "voluntary_ctxt_switches": 1,
        "nonvoluntary_ctxt_switches": 25,
        "wchan": "Before: 0. After: 0",
        "delta_jiffies": null,
        "delta_time": 1.3014586239878554,
        "cpu_load": 0.0,
        "memory_mib": 0.00390625,
        "threads_before": [
            {
                "tid": 656881,
                "state": "R",
                "wchan": "0",
                "stack": null
            }
        ],
        "threads_after": [
            {
                "tid": 656881,
                "state": "R",
                "wchan": "0",
                "stack": null
            }
        ]
    },
    "timestamp": 1775327276.2033124
}
{
    "idx_task": 83,
    "task_name": "cpu_intensive",
    "duration": 1.6447157859802246,
    "data": {
        "ppid": 656869,
        "voluntary_ctxt_switches": 1,
        "nonvoluntary_ctxt_switches": 1,
        "wchan": "Before: 0. After: 0",
        "delta_jiffies": null,
        "delta_time": 1.2974937120161485,
        "cpu_load": 0.0,
        "memory_mib": 0.0,
        "threads_before": [
            {
                "tid": 656881,
                "state": "R",
                "wchan": "0",
                "stack": null
            }
        ],
        "threads_after": [
            {
                "tid": 656881,
                "state": "R",
                "wchan": "0",
                "stack": null
            }
        ]
    },
    "timestamp": 1775327278.1949534
}
{
    "idx_task": 87,
    "task_name": "cpu_intensive",
    "duration": 1.6673684120178223,
    "data": {
        "ppid": 656869,
        "voluntary_ctxt_switches": 1,
        "nonvoluntary_ctxt_switches": 7,
        "wchan": "Before: 0. After: 0",
        "delta_jiffies": null,
        "delta_time": 1.2929636069748085,
        "cpu_load": 0.0,
        "memory_mib": 0.0,
        "threads_before": [
            {
                "tid": 656881,
                "state": "R",
                "wchan": "0",
                "stack": null
            }
        ],
        "threads_after": [
            {
                "tid": 656881,
                "state": "R",
                "wchan": "0",
                "stack": null
            }
        ]
    },
    "timestamp": 1775327280.2363894
}
{
    "idx_task": 91,
    "task_name": "cpu_intensive",
    "duration": 1.6200635433197021,
    "data": {
        "ppid": 656869,
        "voluntary_ctxt_switches": 1,
        "nonvoluntary_ctxt_switches": 3,
        "wchan": "Before: 0. After: 0",
        "delta_jiffies": null,
        "delta_time": 1.258317870029714,
        "cpu_load": 0.0,
        "memory_mib": 0.0,
        "threads_before": [
            {
                "tid": 656881,
                "state": "R",
                "wchan": "0",
                "stack": null
            }
        ],
        "threads_after": [
            {
                "tid": 656881,
                "state": "R",
                "wchan": "0",
                "stack": null
            }
        ]
    },
    "timestamp": 1775327282.217832
}
{
    "idx_task": 95,
    "task_name": "cpu_intensive",
    "duration": 1.6691396236419678,
    "data": {
        "ppid": 656869,
        "voluntary_ctxt_switches": 1,
        "nonvoluntary_ctxt_switches": 5,
        "wchan": "Before: 0. After: 0",
        "delta_jiffies": 65,
        "delta_time": 1.262667999981204,
        "cpu_load": 51.48,
        "memory_mib": 0.00390625,
        "threads_before": [
            {
                "tid": 656881,
                "state": "R",
                "wchan": "0",
                "stack": null
            }
        ],
        "threads_after": [
            {
                "tid": 656881,
                "state": "R",
                "wchan": "0",
                "stack": null
            }
        ]
    },
    "timestamp": 1775327284.2932267
}
{
    "idx_task": 99,
    "task_name": "cpu_intensive",
    "duration": 1.671393871307373,
    "data": {
        "ppid": 656869,
        "voluntary_ctxt_switches": 1,
        "nonvoluntary_ctxt_switches": 21,
        "wchan": "Before: 0. After: 0",
        "delta_jiffies": null,
        "delta_time": 1.3116783779696561,
        "cpu_load": 0.0,
        "memory_mib": 0.0,
        "threads_before": [
            {
                "tid": 656881,
                "state": "R",
                "wchan": "0",
                "stack": null
            }
        ],
        "threads_after": [
            {
                "tid": 656881,
                "state": "R",
                "wchan": "0",
                "stack": null
            }
        ]
    },
    "timestamp": 1775327286.324264
}
{
    "idx_task": 103,
    "task_name": "cpu_intensive",
    "duration": 1.729219913482666,
    "data": {
        "ppid": 656869,
        "voluntary_ctxt_switches": 1,
        "nonvoluntary_ctxt_switches": 26,
        "wchan": "Before: 0. After: 0",
        "delta_jiffies": null,
        "delta_time": 1.3818429049861152,
        "cpu_load": 0.0,
        "memory_mib": 0.0,
        "threads_before": [
            {
                "tid": 656881,
                "state": "R",
                "wchan": "0",
                "stack": null
            }
        ],
        "threads_after": [
            {
                "tid": 656881,
                "state": "R",
                "wchan": "0",
                "stack": null
            }
        ]
    },
    "timestamp": 1775327288.4008174
}
{
    "idx_task": 107,
    "task_name": "cpu_intensive",
    "duration": 1.6030030250549316,
    "data": {
        "ppid": 656869,
        "voluntary_ctxt_switches": 1,
        "nonvoluntary_ctxt_switches": 4,
        "wchan": "Before: 0. After: 0",
        "delta_jiffies": null,
        "delta_time": 1.3044328849937301,
        "cpu_load": 0.0,
        "memory_mib": 0.0,
        "threads_before": [
            {
                "tid": 656881,
                "state": "R",
                "wchan": "0",
                "stack": null
            }
        ],
        "threads_after": [
            {
                "tid": 656881,
                "state": "R",
                "wchan": "0",
                "stack": null
            }
        ]
    },
    "timestamp": 1775327290.302161
}
{
    "idx_task": 111,
    "task_name": "cpu_intensive",
    "duration": 1.610358715057373,
    "data": {
        "ppid": 656869,
        "voluntary_ctxt_switches": 1,
        "nonvoluntary_ctxt_switches": 4,
        "wchan": "Before: 0. After: 0",
        "delta_jiffies": null,
        "delta_time": 1.1790909829724114,
        "cpu_load": 0.0,
        "memory_mib": 0.00390625,
        "threads_before": [
            {
                "tid": 656881,
                "state": "R",
                "wchan": "0",
                "stack": null
            }
        ],
        "threads_after": [
            {
                "tid": 656881,
                "state": "R",
                "wchan": "0",
                "stack": null
            }
        ]
    },
    "timestamp": 1775327292.3438048
}
{
    "idx_task": 115,
    "task_name": "cpu_intensive",
    "duration": 1.6269803047180176,
    "data": {
        "ppid": 656869,
        "voluntary_ctxt_switches": 1,
        "nonvoluntary_ctxt_switches": 42,
        "wchan": "Before: 0. After: 0",
        "delta_jiffies": null,
        "delta_time": 1.214211881015217,
        "cpu_load": 0.0,
        "memory_mib": 0.0,
        "threads_before": [
            {
                "tid": 656881,
                "state": "R",
                "wchan": "0",
                "stack": null
            }
        ],
        "threads_after": [
            {
                "tid": 656881,
                "state": "R",
                "wchan": "0",
                "stack": null
            }
        ]
    },
    "timestamp": 1775327294.3833885
}
{
    "idx_task": 119,
    "task_name": "cpu_intensive",
    "duration": 1.6146535873413086,
    "data": {
        "ppid": 656869,
        "voluntary_ctxt_switches": 1,
        "nonvoluntary_ctxt_switches": 5,
        "wchan": "Before: 0. After: 0",
        "delta_jiffies": null,
        "delta_time": 1.2160120689950418,
        "cpu_load": 0.0,
        "memory_mib": 0.0,
        "threads_before": [
            {
                "tid": 656881,
                "state": "R",
                "wchan": "0",
                "stack": null
            }
        ],
        "threads_after": [
            {
                "tid": 656881,
                "state": "R",
                "wchan": "0",
                "stack": null
            }
        ]
    },
    "timestamp": 1775327296.3963819
}
{
    "idx_task": 121,
    "task_name": "cpu_intensive",
    "duration": 1.6205320358276367,
    "data": {
        "ppid": 656869,
        "voluntary_ctxt_switches": 1,
        "nonvoluntary_ctxt_switches": 12,
        "wchan": "Before: 0. After: 0",
        "delta_jiffies": null,
        "delta_time": 1.1408635300176684,
        "cpu_load": 0.0,
        "memory_mib": 0.0,
        "threads_before": [
            {
                "tid": 656881,
                "state": "R",
                "wchan": "0",
                "stack": null
            }
        ],
        "threads_after": [
            {
                "tid": 656881,
                "state": "R",
                "wchan": "0",
                "stack": null
            }
        ]
    },
    "timestamp": 1775327298.4963782
}
{
    "idx_task": 127,
    "task_name": "cpu_intensive",
    "duration": 1.6698789596557617,
    "data": {
        "ppid": 656869,
        "voluntary_ctxt_switches": 1,
        "nonvoluntary_ctxt_switches": 9,
        "wchan": "Before: 0. After: 0",
        "delta_jiffies": null,
        "delta_time": 1.325592202018015,
        "cpu_load": 0.0,
        "memory_mib": 0.0,
        "threads_before": [
            {
                "tid": 656881,
                "state": "R",
                "wchan": "0",
                "stack": null
            }
        ],
        "threads_after": [
            {
                "tid": 656881,
                "state": "R",
                "wchan": "0",
                "stack": null
            }
        ]
    },
    "timestamp": 1775327300.5104134
}
{
    "idx_task": 131,
    "task_name": "cpu_intensive",
    "duration": 1.6327171325683594,
    "data": {
        "ppid": 656869,
        "voluntary_ctxt_switches": 1,
        "nonvoluntary_ctxt_switches": 4,
        "wchan": "Before: 0. After: 0",
        "delta_jiffies": null,
        "delta_time": 1.2720410169858951,
        "cpu_load": 0.0,
        "memory_mib": 0.0,
        "threads_before": [
            {
                "tid": 656881,
                "state": "R",
                "wchan": "0",
                "stack": null
            }
        ],
        "threads_after": [
            {
                "tid": 656881,
                "state": "R",
                "wchan": "0",
                "stack": null
            }
        ]
    },
    "timestamp": 1775327302.5035932
}
{
    "idx_task": 135,
    "task_name": "cpu_intensive",
    "duration": 1.6483368873596191,
    "data": {
        "ppid": 656869,
        "voluntary_ctxt_switches": 1,
        "nonvoluntary_ctxt_switches": 5,
        "wchan": "Before: 0. After: 0",
        "delta_jiffies": null,
        "delta_time": 1.2590833220165223,
        "cpu_load": 0.0,
        "memory_mib": 0.0,
        "threads_before": [
            {
                "tid": 656881,
                "state": "R",
                "wchan": "0",
                "stack": null
            }
        ],
        "threads_after": [
            {
                "tid": 656881,
                "state": "R",
                "wchan": "0",
                "stack": null
            }
        ]
    },
    "timestamp": 1775327304.5412123
}
{
    "idx_task": 139,
    "task_name": "cpu_intensive",
    "duration": 1.604787826538086,
    "data": {
        "ppid": 656869,
        "voluntary_ctxt_switches": 1,
        "nonvoluntary_ctxt_switches": 1,
        "wchan": "Before: 0. After: 0",
        "delta_jiffies": null,
        "delta_time": 1.2298947990348097,
        "cpu_load": 0.0,
        "memory_mib": 0.00390625,
        "threads_before": [
            {
                "tid": 656881,
                "state": "R",
                "wchan": "0",
                "stack": null
            }
        ],
        "threads_after": [
            {
                "tid": 656881,
                "state": "R",
                "wchan": "0",
                "stack": null
            }
        ]
    },
    "timestamp": 1775327306.5205705
}
{
    "idx_task": 143,
    "task_name": "cpu_intensive",
    "duration": 1.6284184455871582,
    "data": {
        "ppid": 656869,
        "voluntary_ctxt_switches": 1,
        "nonvoluntary_ctxt_switches": 1,
        "wchan": "Before: 0. After: 0",
        "delta_jiffies": 61,
        "delta_time": 1.2004262920236215,
        "cpu_load": 50.82,
        "memory_mib": 0.0,
        "threads_before": [
            {
                "tid": 656881,
                "state": "R",
                "wchan": "0",
                "stack": null
            }
        ],
        "threads_after": [
            {
                "tid": 656881,
                "state": "R",
                "wchan": "0",
                "stack": null
            }
        ]
    },
    "timestamp": 1775327308.5767808
}
{
    "idx_task": 147,
    "task_name": "cpu_intensive",
    "duration": 1.6119632720947266,
    "data": {
        "ppid": 656869,
        "voluntary_ctxt_switches": 1,
        "nonvoluntary_ctxt_switches": 9,
        "wchan": "Before: 0. After: 0",
        "delta_jiffies": 60,
        "delta_time": 1.2191489629913121,
        "cpu_load": 49.21,
        "memory_mib": 0.0,
        "threads_before": [
            {
                "tid": 656881,
                "state": "R",
                "wchan": "0",
                "stack": null
            }
        ],
        "threads_after": [
            {
                "tid": 656881,
                "state": "R",
                "wchan": "0",
                "stack": null
            }
        ]
    },
    "timestamp": 1775327310.5817738
}
{
    "idx_task": 151,
    "task_name": "cpu_intensive",
    "duration": 1.6332283020019531,
    "data": {
        "ppid": 656869,
        "voluntary_ctxt_switches": 1,
        "nonvoluntary_ctxt_switches": 11,
        "wchan": "Before: 0. After: 0",
        "delta_jiffies": 62,
        "delta_time": 1.2245098449639045,
        "cpu_load": 50.63,
        "memory_mib": 0.0,
        "threads_before": [
            {
                "tid": 656881,
                "state": "R",
                "wchan": "0",
                "stack": null
            }
        ],
        "threads_after": [
            {
                "tid": 656881,
                "state": "R",
                "wchan": "0",
                "stack": null
            }
        ]
    },
    "timestamp": 1775327312.62365
}
{
    "idx_task": 155,
    "task_name": "cpu_intensive",
    "duration": 1.6732895374298096,
    "data": {
        "ppid": 656869,
        "voluntary_ctxt_switches": 1,
        "nonvoluntary_ctxt_switches": 1,
        "wchan": "Before: 0. After: 0",
        "delta_jiffies": null,
        "delta_time": 1.2755158850050066,
        "cpu_load": 0.0,
        "memory_mib": 0.0,
        "threads_before": [
            {
                "tid": 656881,
                "state": "R",
                "wchan": "0",
                "stack": null
            }
        ],
        "threads_after": [
            {
                "tid": 656881,
                "state": "R",
                "wchan": "0",
                "stack": null
            }
        ]
    },
    "timestamp": 1775327314.6945548
}
{
    "idx_task": 159,
    "task_name": "cpu_intensive",
    "duration": 1.6378860473632812,
    "data": {
        "ppid": 656869,
        "voluntary_ctxt_switches": 1,
        "nonvoluntary_ctxt_switches": 3,
        "wchan": "Before: 0. After: 0",
        "delta_jiffies": null,
        "delta_time": 1.2895069920341484,
        "cpu_load": 0.0,
        "memory_mib": 0.0,
        "threads_before": [
            {
                "tid": 656881,
                "state": "R",
                "wchan": "0",
                "stack": null
            }
        ],
        "threads_after": [
            {
                "tid": 656881,
                "state": "R",
                "wchan": "0",
                "stack": null
            }
        ]
    },
    "timestamp": 1775327316.680414
}
{
    "idx_task": 163,
    "task_name": "cpu_intensive",
    "duration": 1.6452744007110596,
    "data": {
        "ppid": 656869,
        "voluntary_ctxt_switches": 1,
        "nonvoluntary_ctxt_switches": 4,
        "wchan": "Before: 0. After: 0",
        "delta_jiffies": null,
        "delta_time": 1.2481564540066756,
        "cpu_load": 0.0,
        "memory_mib": 0.0,
        "threads_before": [
            {
                "tid": 656881,
                "state": "R",
                "wchan": "0",
                "stack": null
            }
        ],
        "threads_after": [
            {
                "tid": 656881,
                "state": "R",
                "wchan": "0",
                "stack": null
            }
        ]
    },
    "timestamp": 1775327318.722356
}
{
    "idx_task": 167,
    "task_name": "cpu_intensive",
    "duration": 1.6167216300964355,
    "data": {
        "ppid": 656869,
        "voluntary_ctxt_switches": 1,
        "nonvoluntary_ctxt_switches": 9,
        "wchan": "Before: 0. After: 0",
        "delta_jiffies": 60,
        "delta_time": 1.2365920399897732,
        "cpu_load": 48.52,
        "memory_mib": 0.0,
        "threads_before": [
            {
                "tid": 656881,
                "state": "R",
                "wchan": "0",
                "stack": null
            }
        ],
        "threads_after": [
            {
                "tid": 656881,
                "state": "R",
                "wchan": "0",
                "stack": null
            }
        ]
    },
    "timestamp": 1775327320.7188787
}
{
    "idx_task": 171,
    "task_name": "cpu_intensive",
    "duration": 1.6449415683746338,
    "data": {
        "ppid": 656869,
        "voluntary_ctxt_switches": 1,
        "nonvoluntary_ctxt_switches": 13,
        "wchan": "Before: 0. After: 0",
        "delta_jiffies": null,
        "delta_time": 1.235239283007104,
        "cpu_load": 0.0,
        "memory_mib": 0.0,
        "threads_before": [
            {
                "tid": 656881,
                "state": "R",
                "wchan": "0",
                "stack": null
            }
        ],
        "threads_after": [
            {
                "tid": 656881,
                "state": "R",
                "wchan": "0",
                "stack": null
            }
        ]
    },
    "timestamp": 1775327322.773405
}
{
    "idx_task": 175,
    "task_name": "cpu_intensive",
    "duration": 1.686758279800415,
    "data": {
        "ppid": 656869,
        "voluntary_ctxt_switches": 1,
        "nonvoluntary_ctxt_switches": 4,
        "wchan": "Before: 0. After: 0",
        "delta_jiffies": null,
        "delta_time": 1.2978305930446368,
        "cpu_load": 0.0,
        "memory_mib": 0.0,
        "threads_before": [
            {
                "tid": 656881,
                "state": "R",
                "wchan": "0",
                "stack": null
            }
        ],
        "threads_after": [
            {
                "tid": 656881,
                "state": "R",
                "wchan": "0",
                "stack": null
            }
        ]
    },
    "timestamp": 1775327324.8488572
}
{
    "idx_task": 179,
    "task_name": "cpu_intensive",
    "duration": 1.6325328350067139,
    "data": {
        "ppid": 656869,
        "voluntary_ctxt_switches": 1,
        "nonvoluntary_ctxt_switches": 4,
        "wchan": "Before: 0. After: 0",
        "delta_jiffies": null,
        "delta_time": 1.297869753005216,
        "cpu_load": 0.0,
        "memory_mib": 0.0,
        "threads_before": [
            {
                "tid": 656881,
                "state": "R",
                "wchan": "0",
                "stack": null
            }
        ],
        "threads_after": [
            {
                "tid": 656881,
                "state": "R",
                "wchan": "0",
                "stack": null
            }
        ]
    },
    "timestamp": 1775327326.8157651
}
{
    "idx_task": 183,
    "task_name": "cpu_intensive",
    "duration": 1.714799404144287,
    "data": {
        "ppid": 656869,
        "voluntary_ctxt_switches": 1,
        "nonvoluntary_ctxt_switches": 2,
        "wchan": "Before: 0. After: 0",
        "delta_jiffies": null,
        "delta_time": 1.3267481500224676,
        "cpu_load": 0.0,
        "memory_mib": 0.00390625,
        "threads_before": [
            {
                "tid": 656881,
                "state": "R",
                "wchan": "0",
                "stack": null
            }
        ],
        "threads_after": [
            {
                "tid": 656881,
                "state": "R",
                "wchan": "0",
                "stack": null
            }
        ]
    },
    "timestamp": 1775327328.9184935
}
{
    "idx_task": 187,
    "task_name": "cpu_intensive",
    "duration": 1.762634515762329,
    "data": {
        "ppid": 656869,
        "voluntary_ctxt_switches": 1,
        "nonvoluntary_ctxt_switches": 1,
        "wchan": "Before: 0. After: 0",
        "delta_jiffies": null,
        "delta_time": 1.4595710980065633,
        "cpu_load": 0.0,
        "memory_mib": 0.0,
        "threads_before": [
            {
                "tid": 656881,
                "state": "R",
                "wchan": "0",
                "stack": null
            }
        ],
        "threads_after": [
            {
                "tid": 656881,
                "state": "R",
                "wchan": "0",
                "stack": null
            }
        ]
    },
    "timestamp": 1775327330.9841108
}
{
    "idx_task": 191,
    "task_name": "cpu_intensive",
    "duration": 1.693634271621704,
    "data": {
        "ppid": 656869,
        "voluntary_ctxt_switches": 1,
        "nonvoluntary_ctxt_switches": 2,
        "wchan": "Before: 0. After: 0",
        "delta_jiffies": null,
        "delta_time": 1.437606246006908,
        "cpu_load": 0.0,
        "memory_mib": 0.0,
        "threads_before": [
            {
                "tid": 656881,
                "state": "R",
                "wchan": "0",
                "stack": null
            }
        ],
        "threads_after": [
            {
                "tid": 656881,
                "state": "R",
                "wchan": "0",
                "stack": null
            }
        ]
    },
    "timestamp": 1775327332.9337177
}
{
    "idx_task": 195,
    "task_name": "cpu_intensive",
    "duration": 1.6265299320220947,
    "data": {
        "ppid": 656869,
        "voluntary_ctxt_switches": 1,
        "nonvoluntary_ctxt_switches": 8,
        "wchan": "Before: 0. After: 0",
        "delta_jiffies": 61,
        "delta_time": 1.2988048009865452,
        "cpu_load": 46.97,
        "memory_mib": 0.0,
        "threads_before": [
            {
                "tid": 656881,
                "state": "R",
                "wchan": "0",
                "stack": null
            }
        ],
        "threads_after": [
            {
                "tid": 656881,
                "state": "R",
                "wchan": "0",
                "stack": null
            }
        ]
    },
    "timestamp": 1775327334.8877819
}
{
    "idx_task": 199,
    "task_name": "cpu_intensive",
    "duration": 1.6554648876190186,
    "data": {
        "ppid": 656869,
        "voluntary_ctxt_switches": 1,
        "nonvoluntary_ctxt_switches": 5,
        "wchan": "Before: 0. After: 0",
        "delta_jiffies": 65,
        "delta_time": 1.2599849699763581,
        "cpu_load": 51.59,
        "memory_mib": 0.0,
        "threads_before": [
            {
                "tid": 656881,
                "state": "R",
                "wchan": "0",
                "stack": null
            }
        ],
        "threads_after": [
            {
                "tid": 656881,
                "state": "R",
                "wchan": "0",
                "stack": null
            }
        ]
    },
    "timestamp": 1775327336.9383326
}
{
    "idx_task": 203,
    "task_name": "cpu_intensive",
    "duration": 1.7582106590270996,
    "data": {
        "ppid": 656869,
        "voluntary_ctxt_switches": 1,
        "nonvoluntary_ctxt_switches": 4,
        "wchan": "Before: 0. After: 0",
        "delta_jiffies": null,
        "delta_time": 1.3950051900174003,
        "cpu_load": 0.0,
        "memory_mib": 0.0,
        "threads_before": [
            {
                "tid": 656881,
                "state": "R",
                "wchan": "0",
                "stack": null
            }
        ],
        "threads_after": [
            {
                "tid": 656881,
                "state": "R",
                "wchan": "0",
                "stack": null
            }
        ]
    },
    "timestamp": 1775327339.05947
}
{
    "idx_task": 207,
    "task_name": "cpu_intensive",
    "duration": 1.6150336265563965,
    "data": {
        "ppid": 656869,
        "voluntary_ctxt_switches": 1,
        "nonvoluntary_ctxt_switches": 1,
        "wchan": "Before: 0. After: 0",
        "delta_jiffies": null,
        "delta_time": 1.3503913869790267,
        "cpu_load": 0.0,
        "memory_mib": 0.0,
        "threads_before": [
            {
                "tid": 656881,
                "state": "R",
                "wchan": "0",
                "stack": null
            }
        ],
        "threads_after": [
            {
                "tid": 656881,
                "state": "R",
                "wchan": "0",
                "stack": null
            }
        ]
    },
    "timestamp": 1775327340.9390707
}
{
    "idx_task": 211,
    "task_name": "cpu_intensive",
    "duration": 1.7637083530426025,
    "data": {
        "ppid": 656869,
        "voluntary_ctxt_switches": 1,
        "nonvoluntary_ctxt_switches": 3,
        "wchan": "Before: 0. After: 0",
        "delta_jiffies": null,
        "delta_time": 1.3563574150321074,
        "cpu_load": 0.0,
        "memory_mib": 0.0,
        "threads_before": [
            {
                "tid": 656881,
                "state": "R",
                "wchan": "0",
                "stack": null
            }
        ],
        "threads_after": [
            {
                "tid": 656881,
                "state": "R",
                "wchan": "0",
                "stack": null
            }
        ]
    },
    "timestamp": 1775327343.1099648
}
{
    "idx_task": 215,
    "task_name": "cpu_intensive",
    "duration": 1.6958820819854736,
    "data": {
        "ppid": 656869,
        "voluntary_ctxt_switches": 1,
        "nonvoluntary_ctxt_switches": 11,
        "wchan": "Before: 0. After: 0",
        "delta_jiffies": null,
        "delta_time": 1.4395047569996677,
        "cpu_load": 0.0,
        "memory_mib": 0.0,
        "threads_before": [
            {
                "tid": 656881,
                "state": "R",
                "wchan": "0",
                "stack": null
            }
        ],
        "threads_after": [
            {
                "tid": 656881,
                "state": "R",
                "wchan": "0",
                "stack": null
            }
        ]
    },
    "timestamp": 1775327345.0618834
}
{
    "idx_task": 219,
    "task_name": "cpu_intensive",
    "duration": 1.6580064296722412,
    "data": {
        "ppid": 656869,
        "voluntary_ctxt_switches": 1,
        "nonvoluntary_ctxt_switches": 14,
        "wchan": "Before: 0. After: 0",
        "delta_jiffies": null,
        "delta_time": 1.3320679840107914,
        "cpu_load": 0.0,
        "memory_mib": 0.0,
        "threads_before": [
            {
                "tid": 656881,
                "state": "R",
                "wchan": "0",
                "stack": null
            }
        ],
        "threads_after": [
            {
                "tid": 656881,
                "state": "R",
                "wchan": "0",
                "stack": null
            }
        ]
    },
    "timestamp": 1775327347.0457976
}
{
    "idx_task": 223,
    "task_name": "cpu_intensive",
    "duration": 1.6444880962371826,
    "data": {
        "ppid": 656869,
        "voluntary_ctxt_switches": 1,
        "nonvoluntary_ctxt_switches": 15,
        "wchan": "Before: 0. After: 0",
        "delta_jiffies": null,
        "delta_time": 1.2838764439802617,
        "cpu_load": 0.0,
        "memory_mib": 0.0,
        "threads_before": [
            {
                "tid": 656881,
                "state": "R",
                "wchan": "0",
                "stack": null
            }
        ],
        "threads_after": [
            {
                "tid": 656881,
                "state": "R",
                "wchan": "0",
                "stack": null
            }
        ]
    },
    "timestamp": 1775327349.0506313
}
{
    "idx_task": 227,
    "task_name": "cpu_intensive",
    "duration": 1.6672031879425049,
    "data": {
        "ppid": 656869,
        "voluntary_ctxt_switches": 1,
        "nonvoluntary_ctxt_switches": 4,
        "wchan": "Before: 0. After: 0",
        "delta_jiffies": null,
        "delta_time": 1.2753517339879181,
        "cpu_load": 0.0,
        "memory_mib": 0.0,
        "threads_before": [
            {
                "tid": 656881,
                "state": "R",
                "wchan": "0",
                "stack": null
            }
        ],
        "threads_after": [
            {
                "tid": 656881,
                "state": "R",
                "wchan": "0",
                "stack": null
            }
        ]
    },
    "timestamp": 1775327351.1094549
}
{
    "idx_task": 231,
    "task_name": "cpu_intensive",
    "duration": 1.6450965404510498,
    "data": {
        "ppid": 656869,
        "voluntary_ctxt_switches": 1,
        "nonvoluntary_ctxt_switches": 7,
        "wchan": "Before: 0. After: 0",
        "delta_jiffies": null,
        "delta_time": 1.2946548660402186,
        "cpu_load": 0.0,
        "memory_mib": 0.0,
        "threads_before": [
            {
                "tid": 656881,
                "state": "R",
                "wchan": "0",
                "stack": null
            }
        ],
        "threads_after": [
            {
                "tid": 656881,
                "state": "R",
                "wchan": "0",
                "stack": null
            }
        ]
    },
    "timestamp": 1775327353.1047466
}
{
    "idx_task": 235,
    "task_name": "cpu_intensive",
    "duration": 1.6294915676116943,
    "data": {
        "ppid": 656869,
        "voluntary_ctxt_switches": 1,
        "nonvoluntary_ctxt_switches": 15,
        "wchan": "Before: 0. After: 0",
        "delta_jiffies": null,
        "delta_time": 1.2545153010287322,
        "cpu_load": 0.0,
        "memory_mib": 0.00390625,
        "threads_before": [
            {
                "tid": 656881,
                "state": "R",
                "wchan": "0",
                "stack": null
            }
        ],
        "threads_after": [
            {
                "tid": 656881,
                "state": "R",
                "wchan": "0",
                "stack": null
            }
        ]
    },
    "timestamp": 1775327355.1090975
}
{
    "idx_task": 239,
    "task_name": "cpu_intensive",
    "duration": 1.6399080753326416,
    "data": {
        "ppid": 656869,
        "voluntary_ctxt_switches": 1,
        "nonvoluntary_ctxt_switches": 5,
        "wchan": "Before: 0. After: 0",
        "delta_jiffies": null,
        "delta_time": 1.2369628750020638,
        "cpu_load": 0.0,
        "memory_mib": 0.0,
        "threads_before": [
            {
                "tid": 656881,
                "state": "R",
                "wchan": "0",
                "stack": null
            }
        ],
        "threads_after": [
            {
                "tid": 656881,
                "state": "R",
                "wchan": "0",
                "stack": null
            }
        ]
    },
    "timestamp": 1775327357.151839
}
