{
    "idx_task": 123,
    "task_name": "cpu_intensive",
    "duration": 1.6215639114379883,
    "data": {
        "ppid": 656869,
        "voluntary_ctxt_switches": 1,
        "nonvoluntary_ctxt_switches": 4,
        "wchan": "Before: 0. After: 0",
        "delta_jiffies": null,
        "delta_time": null,
        "cpu_load": 0.0,
        "memory_mib": 0.28125,
        "threads_before": [
            {
                "tid": 657087,
                "state": "R",
                "wchan": "0",
                "stack": null
            }
        ],
        "threads_after": [
            {
                "tid": 657087,
                "state": "R",
                "wchan": "0",
                "stack": null
            }
        ]
    },
    "timestamp": 1775327298.5559757
}
{
    "idx_task": 128,
    "task_name": "cpu_intensive",
    "duration": 1.6155526638031006,
    "data": {
        "ppid": 656869,
        "voluntary_ctxt_switches": 1,
        "nonvoluntary_ctxt_switches": 7,
        "wchan": "Before: 0. After: 0",
        "delta_jiffies": null,
        "delta_time": 1.3266816219838802,
        "cpu_load": 0.0,
        "memory_mib": 0.0,
        "threads_before": [
            {
                "tid": 657087,
                "state": "R",
                "wchan": "0",
                "stack": null
            }
        ],
        "threads_after": [
            {
                "tid": 657087,
                "state": "R",
                "wchan": "0",
                "stack": null
            }
        ]
    },
    "timestamp": 1775327300.4600346
}
{
    "idx_task": 132,
    "task_name": "cpu_intensive",
    "duration": 1.6509220600128174,
    "data": {
        "ppid": 656869,
        "voluntary_ctxt_switches": 1,
        "nonvoluntary_ctxt_switches": 15,
        "wchan": "Before: 0. After: 0",
        "delta_jiffies": null,
        "delta_time": 1.2360482410003897,
        "cpu_load": 0.0,
        "memory_mib": 0.0,
        "threads_before": [
            {
                "tid": 657087,
                "state": "R",
                "wchan": "0",
                "stack": null
            }
        ],
        "threads_after": [
            {
                "tid": 657087,
                "state": "R",
                "wchan": "0",
                "stack": null
            }
        ]
    },
    "timestamp": 1775327302.5256162
}
{
    "idx_task": 136,
    "task_name": "cpu_intensive",
    "duration": 1.6957266330718994,
    "data": {
        "ppid": 656869,
        "voluntary_ctxt_switches": 1,
        "nonvoluntary_ctxt_switches": 4,
        "wchan": "Before: 0. After: 0",
        "delta_jiffies": null,
        "delta_time": 1.3246820400236174,
        "cpu_load": 0.0,
        "memory_mib": 0.0,
        "threads_before": [
            {
                "tid": 657087,
                "state": "R",
                "wchan": "0",
                "stack": null
            }
        ],
        "threads_after": [
            {
                "tid": 657087,
                "state": "R",
                "wchan": "0",
                "stack": null
            }
        ]
    },
    "timestamp": 1775327304.5921676
}
{
    "idx_task": 140,
    "task_name": "cpu_intensive",
    "duration": 1.6272239685058594,
    "data": {
        "ppid": 656869,
        "voluntary_ctxt_switches": 1,
        "nonvoluntary_ctxt_switches": 6,
        "wchan": "Before: 0. After: 0",
        "delta_jiffies": null,
        "delta_time": 1.2990150900150184,
        "cpu_load": 0.0,
        "memory_mib": 0.0,
        "threads_before": [
            {
                "tid": 657087,
                "state": "R",
                "wchan": "0",
                "stack": null
            }
        ],
        "threads_after": [
            {
                "tid": 657087,
                "state": "R",
                "wchan": "0",
                "stack": null
            }
        ]
    },
    "timestamp": 1775327306.5473664
}
{
    "idx_task": 144,
    "task_name": "cpu_intensive",
    "duration": 1.676086664199829,
    "data": {
        "ppid": 656869,
        "voluntary_ctxt_switches": 1,
        "nonvoluntary_ctxt_switches": 4,
        "wchan": "Before: 0. After: 0",
        "delta_jiffies": 66,
        "delta_time": 1.270827994972933,
        "cpu_load": 51.93,
        "memory_mib": 0.0,
        "threads_before": [
            {
                "tid": 657087,
                "state": "R",
                "wchan": "0",
                "stack": null
            }
        ],
        "threads_after": [
            {
                "tid": 657087,
                "state": "R",
                "wchan": "0",
                "stack": null
            }
        ]
    },
    "timestamp": 1775327308.6289203
}
{
    "idx_task": 148,
    "task_name": "cpu_intensive",
    "duration": 1.6325879096984863,
    "data": {
        "ppid": 656869,
        "voluntary_ctxt_switches": 1,
        "nonvoluntary_ctxt_switches": 12,
        "wchan": "Before: 0. After: 0",
        "delta_jiffies": null,
        "delta_time": 1.288272580015473,
        "cpu_load": 0.0,
        "memory_mib": 0.0,
        "threads_before": [
            {
                "tid": 657087,
                "state": "R",
                "wchan": "0",
                "stack": null
            }
        ],
        "threads_after": [
            {
                "tid": 657087,
                "state": "R",
                "wchan": "0",
                "stack": null
            }
        ]
    },
    "timestamp": 1775327310.6060102
}
{
    "idx_task": 152,
    "task_name": "cpu_intensive",
    "duration": 1.6012933254241943,
    "data": {
        "ppid": 656869,
        "voluntary_ctxt_switches": 1,
        "nonvoluntary_ctxt_switches": 1,
        "wchan": "Before: 0. After: 0",
        "delta_jiffies": null,
        "delta_time": 1.2129248740093317,
        "cpu_load": 0.0,
        "memory_mib": 0.00390625,
        "threads_before": [
            {
                "tid": 657087,
                "state": "R",
                "wchan": "0",
                "stack": null
            }
        ],
        "threads_after": [
            {
                "tid": 657087,
                "state": "R",
                "wchan": "0",
                "stack": null
            }
        ]
    },
    "timestamp": 1775327312.5954165
}
{
    "idx_task": 156,
    "task_name": "cpu_intensive",
    "duration": 1.802553415298462,
    "data": {
        "ppid": 656869,
        "voluntary_ctxt_switches": 1,
        "nonvoluntary_ctxt_switches": 20,
        "wchan": "Before: 0. After: 0",
        "delta_jiffies": null,
        "delta_time": 1.3723080100025982,
        "cpu_load": 0.0,
        "memory_mib": 0.0,
        "threads_before": [
            {
                "tid": 657087,
                "state": "R",
                "wchan": "0",
                "stack": null
            }
        ],
        "threads_after": [
            {
                "tid": 657087,
                "state": "R",
                "wchan": "0",
                "stack": null
            }
        ]
    },
    "timestamp": 1775327314.827876
}
{
    "idx_task": 160,
    "task_name": "cpu_intensive",
    "duration": 1.6399614810943604,
    "data": {
        "ppid": 656869,
        "voluntary_ctxt_switches": 1,
        "nonvoluntary_ctxt_switches": 1,
        "wchan": "Before: 0. After: 0",
        "delta_jiffies": null,
        "delta_time": 1.4167697209923062,
        "cpu_load": 0.0,
        "memory_mib": 0.0,
        "threads_before": [
            {
                "tid": 657087,
                "state": "R",
                "wchan": "0",
                "stack": null
            }
        ],
        "threads_after": [
            {
                "tid": 657087,
                "state": "R",
                "wchan": "0",
                "stack": null
            }
        ]
    },
    "timestamp": 1775327316.690644
}
{
    "idx_task": 164,
    "task_name": "cpu_intensive",
    "duration": 1.6500184535980225,
    "data": {
        "ppid": 656869,
        "voluntary_ctxt_switches": 1,
        "nonvoluntary_ctxt_switches": 2,
        "wchan": "Before: 0. After: 0",
        "delta_jiffies": null,
        "delta_time": 1.2556392900005449,
        "cpu_load": 0.0,
        "memory_mib": 0.0,
        "threads_before": [
            {
                "tid": 657087,
                "state": "R",
                "wchan": "0",
                "stack": null
            }
        ],
        "threads_after": [
            {
                "tid": 657087,
                "state": "R",
                "wchan": "0",
                "stack": null
            }
        ]
    },
    "timestamp": 1775327318.7348173
}
{
    "idx_task": 168,
    "task_name": "cpu_intensive",
    "duration": 1.6701180934906006,
    "data": {
        "ppid": 656869,
        "voluntary_ctxt_switches": 1,
        "nonvoluntary_ctxt_switches": 10,
        "wchan": "Before: 0. After: 0",
        "delta_jiffies": null,
        "delta_time": 1.2951342240266968,
        "cpu_load": 0.0,
        "memory_mib": 0.0,
        "threads_before": [
            {
                "tid": 657087,
                "state": "R",
                "wchan": "0",
                "stack": null
            }
        ],
        "threads_after": [
            {
                "tid": 657087,
                "state": "R",
                "wchan": "0",
                "stack": null
            }
        ]
    },
    "timestamp": 1775327320.779732
}
{
    "idx_task": 172,
    "task_name": "cpu_intensive",
    "duration": 1.6104357242584229,
    "data": {
        "ppid": 656869,
        "voluntary_ctxt_switches": 1,
        "nonvoluntary_ctxt_switches": 0,
        "wchan": "Before: 0. After: 0",
        "delta_jiffies": null,
        "delta_time": 1.254572489997372,
        "cpu_load": 0.0,
        "memory_mib": 0.00390625,
        "threads_before": [
            {
                "tid": 657087,
                "state": "R",
                "wchan": "0",
                "stack": null
            }
        ],
        "threads_after": [
            {
                "tid": 657087,
                "state": "R",
                "wchan": "0",
                "stack": null
            }
        ]
    },
    "timestamp": 1775327322.7456613
}
{
    "idx_task": 176,
    "task_name": "cpu_intensive",
    "duration": 1.6293294429779053,
    "data": {
        "ppid": 656869,
        "voluntary_ctxt_switches": 1,
        "nonvoluntary_ctxt_switches": 1,
        "wchan": "Before: 0. After: 0",
        "delta_jiffies": null,
        "delta_time": 1.2082522790296935,
        "cpu_load": 0.0,
        "memory_mib": 0.0,
        "threads_before": [
            {
                "tid": 657087,
                "state": "R",
                "wchan": "0",
                "stack": null
            }
        ],
        "threads_after": [
            {
                "tid": 657087,
                "state": "R",
                "wchan": "0",
                "stack": null
            }
        ]
    },
    "timestamp": 1775327324.7957494
}
{
    "idx_task": 180,
    "task_name": "cpu_intensive",
    "duration": 1.6615943908691406,
    "data": {
        "ppid": 656869,
        "voluntary_ctxt_switches": 1,
        "nonvoluntary_ctxt_switches": 6,
        "wchan": "Before: 0. After: 0",
        "delta_jiffies": null,
        "delta_time": 1.2709378850413486,
        "cpu_load": 0.0,
        "memory_mib": 0.0,
        "threads_before": [
            {
                "tid": 657087,
                "state": "R",
                "wchan": "0",
                "stack": null
            }
        ],
        "threads_after": [
            {
                "tid": 657087,
                "state": "R",
                "wchan": "0",
                "stack": null
            }
        ]
    },
    "timestamp": 1775327326.8478646
}
{
    "idx_task": 184,
    "task_name": "cpu_intensive",
    "duration": 1.7691497802734375,
    "data": {
        "ppid": 656869,
        "voluntary_ctxt_switches": 1,
        "nonvoluntary_ctxt_switches": 8,
        "wchan": "Before: 0. After: 0",
        "delta_jiffies": null,
        "delta_time": 1.409391635999782,
        "cpu_load": 0.0,
        "memory_mib": 0.0,
        "threads_before": [
            {
                "tid": 657087,
                "state": "R",
                "wchan": "0",
                "stack": null
            }
        ],
        "threads_after": [
            {
                "tid": 657087,
                "state": "R",
                "wchan": "0",
                "stack": null
            }
        ]
    },
    "timestamp": 1775327328.976627
}
{
    "idx_task": 188,
    "task_name": "cpu_intensive",
    "duration": 1.7368879318237305,
    "data": {
        "ppid": 656869,
        "voluntary_ctxt_switches": 1,
        "nonvoluntary_ctxt_switches": 5,
        "wchan": "Before: 0. After: 0",
        "delta_jiffies": null,
        "delta_time": 1.488129438017495,
        "cpu_load": 0.0,
        "memory_mib": 0.0,
        "threads_before": [
            {
                "tid": 657087,
                "state": "R",
                "wchan": "0",
                "stack": null
            }
        ],
        "threads_after": [
            {
                "tid": 657087,
                "state": "R",
                "wchan": "0",
                "stack": null
            }
        ]
    },
    "timestamp": 1775327330.962123
}
{
    "idx_task": 192,
    "task_name": "cpu_intensive",
    "duration": 1.6424083709716797,
    "data": {
        "ppid": 656869,
        "voluntary_ctxt_switches": 1,
        "nonvoluntary_ctxt_switches": 4,
        "wchan": "Before: 0. After: 0",
        "delta_jiffies": null,
        "delta_time": 1.3606289479939733,
        "cpu_load": 0.0,
        "memory_mib": 0.0,
        "threads_before": [
            {
                "tid": 657087,
                "state": "R",
                "wchan": "0",
                "stack": null
            }
        ],
        "threads_after": [
            {
                "tid": 657087,
                "state": "R",
                "wchan": "0",
                "stack": null
            }
        ]
    },
    "timestamp": 1775327332.8862064
}
{
    "idx_task": 196,
    "task_name": "cpu_intensive",
    "duration": 1.6294357776641846,
    "data": {
        "ppid": 656869,
        "voluntary_ctxt_switches": 1,
        "nonvoluntary_ctxt_switches": 3,
        "wchan": "Before: 0. After: 0",
        "delta_jiffies": null,
        "delta_time": 1.2499092530051712,
        "cpu_load": 0.0,
        "memory_mib": 0.0,
        "threads_before": [
            {
                "tid": 657087,
                "state": "R",
                "wchan": "0",
                "stack": null
            }
        ],
        "threads_after": [
            {
                "tid": 657087,
                "state": "R",
                "wchan": "0",
                "stack": null
            }
        ]
    },
    "timestamp": 1775327334.8949203
}
{
    "idx_task": 200,
    "task_name": "cpu_intensive",
    "duration": 1.686004400253296,
    "data": {
        "ppid": 656869,
        "voluntary_ctxt_switches": 1,
        "nonvoluntary_ctxt_switches": 4,
        "wchan": "Before: 0. After: 0",
        "delta_jiffies": null,
        "delta_time": 1.2942855060100555,
        "cpu_load": 0.0,
        "memory_mib": 0.0,
        "threads_before": [
            {
                "tid": 657087,
                "state": "R",
                "wchan": "0",
                "stack": null
            }
        ],
        "threads_after": [
            {
                "tid": 657087,
                "state": "R",
                "wchan": "0",
                "stack": null
            }
        ]
    },
    "timestamp": 1775327336.9723928
}
{
    "idx_task": 204,
    "task_name": "cpu_intensive",
    "duration": 1.7704389095306396,
    "data": {
        "ppid": 656869,
        "voluntary_ctxt_switches": 1,
        "nonvoluntary_ctxt_switches": 5,
        "wchan": "Before: 0. After: 0",
        "delta_jiffies": null,
        "delta_time": 1.4372694400080945,
        "cpu_load": 0.0,
        "memory_mib": 0.0,
        "threads_before": [
            {
                "tid": 657087,
                "state": "R",
                "wchan": "0",
                "stack": null
            }
        ],
        "threads_after": [
            {
                "tid": 657087,
                "state": "R",
                "wchan": "0",
                "stack": null
            }
        ]
    },
    "timestamp": 1775327339.0757258
}
{
    "idx_task": 208,
    "task_name": "cpu_intensive",
    "duration": 1.6368660926818848,
    "data": {
        "ppid": 656869,
        "voluntary_ctxt_switches": 1,
        "nonvoluntary_ctxt_switches": 4,
        "wchan": "Before: 0. After: 0",
        "delta_jiffies": 63,
        "delta_time": 1.3842911249957979,
        "cpu_load": 45.51,
        "memory_mib": 0.0,
        "threads_before": [
            {
                "tid": 657087,
                "state": "R",
                "wchan": "0",
                "stack": null
            }
        ],
        "threads_after": [
            {
                "tid": 657087,
                "state": "R",
                "wchan": "0",
                "stack": null
            }
        ]
    },
    "timestamp": 1775327340.9649117
}
{
    "idx_task": 212,
    "task_name": "cpu_intensive",
    "duration": 1.776601791381836,
    "data": {
        "ppid": 656869,
        "voluntary_ctxt_switches": 1,
        "nonvoluntary_ctxt_switches": 2,
        "wchan": "Before: 0. After: 0",
        "delta_jiffies": null,
        "delta_time": 1.390425233024871,
        "cpu_load": 0.0,
        "memory_mib": 0.0,
        "threads_before": [
            {
                "tid": 657087,
                "state": "R",
                "wchan": "0",
                "stack": null
            }
        ],
        "threads_after": [
            {
                "tid": 657087,
                "state": "R",
                "wchan": "0",
                "stack": null
            }
        ]
    },
    "timestamp": 1775327343.12741
}
{
    "idx_task": 216,
    "task_name": "cpu_intensive",
    "duration": 1.762882947921753,
    "data": {
        "ppid": 656869,
        "voluntary_ctxt_switches": 1,
        "nonvoluntary_ctxt_switches": 13,
        "wchan": "Before: 0. After: 0",
        "delta_jiffies": null,
        "delta_time": 1.5202004220045637,
        "cpu_load": 0.0,
        "memory_mib": 0.0,
        "threads_before": [
            {
                "tid": 657087,
                "state": "R",
                "wchan": "0",
                "stack": null
            }
        ],
        "threads_after": [
            {
                "tid": 657087,
                "state": "R",
                "wchan": "0",
                "stack": null
            }
        ]
    },
    "timestamp": 1775327345.1325958
}
{
    "idx_task": 220,
    "task_name": "cpu_intensive",
    "duration": 1.6340088844299316,
    "data": {
        "ppid": 656869,
        "voluntary_ctxt_switches": 1,
        "nonvoluntary_ctxt_switches": 2,
        "wchan": "Before: 0. After: 0",
        "delta_jiffies": 62,
        "delta_time": 1.3750238710199483,
        "cpu_load": 45.09,
        "memory_mib": 0.0,
        "threads_before": [
            {
                "tid": 657087,
                "state": "R",
                "wchan": "0",
                "stack": null
            }
        ],
        "threads_after": [
            {
                "tid": 657087,
                "state": "R",
                "wchan": "0",
                "stack": null
            }
        ]
    },
    "timestamp": 1775327347.0252917
}
{
    "idx_task": 224,
    "task_name": "cpu_intensive",
    "duration": 1.6123545169830322,
    "data": {
        "ppid": 656869,
        "voluntary_ctxt_switches": 1,
        "nonvoluntary_ctxt_switches": 2,
        "wchan": "Before: 0. After: 0",
        "delta_jiffies": null,
        "delta_time": 1.2237531339924317,
        "cpu_load": 0.0,
        "memory_mib": 0.0,
        "threads_before": [
            {
                "tid": 657087,
                "state": "R",
                "wchan": "0",
                "stack": null
            }
        ],
        "threads_after": [
            {
                "tid": 657087,
                "state": "R",
                "wchan": "0",
                "stack": null
            }
        ]
    },
    "timestamp": 1775327349.0259788
}
{
    "idx_task": 228,
    "task_name": "cpu_intensive",
    "duration": 1.6421654224395752,
    "data": {
        "ppid": 656869,
        "voluntary_ctxt_switches": 1,
        "nonvoluntary_ctxt_switches": 3,
        "wchan": "Before: 0. After: 0",
        "delta_jiffies": null,
        "delta_time": 1.2217285090009682,
        "cpu_load": 0.0,
        "memory_mib": 0.00390625,
        "threads_before": [
            {
                "tid": 657087,
                "state": "R",
                "wchan": "0",
                "stack": null
            }
        ],
        "threads_after": [
            {
                "tid": 657087,
                "state": "R",
                "wchan": "0",
                "stack": null
            }
        ]
    },
    "timestamp": 1775327351.0882256
}
{
    "idx_task": 232,
    "task_name": "cpu_intensive",
    "duration": 1.6012685298919678,
    "data": {
        "ppid": 656869,
        "voluntary_ctxt_switches": 1,
        "nonvoluntary_ctxt_switches": 4,
        "wchan": "Before: 0. After: 0",
        "delta_jiffies": 59,
        "delta_time": 1.2258784000005107,
        "cpu_load": 48.13,
        "memory_mib": 0.0,
        "threads_before": [
            {
                "tid": 657087,
                "state": "R",
                "wchan": "0",
                "stack": null
            }
        ],
        "threads_after": [
            {
                "tid": 657087,
                "state": "R",
                "wchan": "0",
                "stack": null
            }
        ]
    },
    "timestamp": 1775327353.0646405
}
{
    "idx_task": 236,
    "task_name": "cpu_intensive",
    "duration": 1.6115946769714355,
    "data": {
        "ppid": 656869,
        "voluntary_ctxt_switches": 1,
        "nonvoluntary_ctxt_switches": 9,
        "wchan": "Before: 0. After: 0",
        "delta_jiffies": null,
        "delta_time": 1.1928551360033453,
        "cpu_load": 0.0,
        "memory_mib": 0.0,
        "threads_before": [
            {
                "tid": 657087,
                "state": "R",
                "wchan": "0",
                "stack": null
            }
        ],
        "threads_after": [
            {
                "tid": 657087,
                "state": "R",
                "wchan": "0",
                "stack": null
            }
        ]
    },
    "timestamp": 1775327355.0948448
}
{
    "idx_task": 240,
    "task_name": "cpu_intensive",
    "duration": 1.6252758502960205,
    "data": {
        "ppid": 656869,
        "voluntary_ctxt_switches": 1,
        "nonvoluntary_ctxt_switches": 3,
        "wchan": "Before: 0. After: 0",
        "delta_jiffies": null,
        "delta_time": 1.2041517960024066,
        "cpu_load": 0.0,
        "memory_mib": 0.0,
        "threads_before": [
            {
                "tid": 657087,
                "state": "R",
                "wchan": "0",
                "stack": null
            }
        ],
        "threads_after": [
            {
                "tid": 657087,
                "state": "R",
                "wchan": "0",
                "stack": null
            }
        ]
    },
    "timestamp": 1775327357.1409993
}
