{
    "active_periods": [
        {
            "start": 1778775525.498847,
            "end": 1778775829.600569,
            "duration_sec": 304.1017220020294,
            "tasks_completed": 407,
            "throughput_tps": 1.338367955697679
        }
    ],
    "history": [
        {
            "timestamp": 1778775525.498847,
            "messages": 0,
            "ack": 10292
        },
        {
            "timestamp": 1778775530.506878,
            "messages": 0,
            "ack": 10295
        },
        {
            "timestamp": 1778775535.51206,
            "messages": 13,
            "ack": 10300
        },
        {
            "timestamp": 1778775540.516525,
            "messages": 17,
            "ack": 10309
        },
        {
            "timestamp": 1778775545.520649,
            "messages": 27,
            "ack": 10315
        },
        {
            "timestamp": 1778775550.525167,
            "messages": 30,
            "ack": 10321
        },
        {
            "timestamp": 1778775555.531399,
            "messages": 37,
            "ack": 10327
        },
        {
            "timestamp": 1778775560.53808,
            "messages": 43,
            "ack": 10333
        },
        {
            "timestamp": 1778775565.542374,
            "messages": 50,
            "ack": 10342
        },
        {
            "timestamp": 1778775570.547615,
            "messages": 56,
            "ack": 10348
        },
        {
            "timestamp": 1778775575.552775,
            "messages": 56,
            "ack": 10354
        },
        {
            "timestamp": 1778775580.561206,
            "messages": 63,
            "ack": 10360
        },
        {
            "timestamp": 1778775585.566117,
            "messages": 69,
            "ack": 10369
        },
        {
            "timestamp": 1778775590.570744,
            "messages": 76,
            "ack": 10375
        },
        {
            "timestamp": 1778775595.575687,
            "messages": 82,
            "ack": 10381
        },
        {
            "timestamp": 1778775600.580652,
            "messages": 85,
            "ack": 10387
        },
        {
            "timestamp": 1778775605.585305,
            "messages": 95,
            "ack": 10396
        },
        {
            "timestamp": 1778775610.590749,
            "messages": 101,
            "ack": 10402
        },
        {
            "timestamp": 1778775615.597112,
            "messages": 104,
            "ack": 10409
        },
        {
            "timestamp": 1778775620.601842,
            "messages": 110,
            "ack": 10414
        },
        {
            "timestamp": 1778775625.606757,
            "messages": 117,
            "ack": 10423
        },
        {
            "timestamp": 1778775630.612051,
            "messages": 123,
            "ack": 10429
        },
        {
            "timestamp": 1778775635.61733,
            "messages": 123,
            "ack": 10435
        },
        {
            "timestamp": 1778775640.622468,
            "messages": 130,
            "ack": 10441
        },
        {
            "timestamp": 1778775645.627035,
            "messages": 136,
            "ack": 10450
        },
        {
            "timestamp": 1778775650.632508,
            "messages": 139,
            "ack": 10456
        },
        {
            "timestamp": 1778775655.637836,
            "messages": 149,
            "ack": 10462
        },
        {
            "timestamp": 1778775660.64447,
            "messages": 155,
            "ack": 10468
        },
        {
            "timestamp": 1778775665.648911,
            "messages": 158,
            "ack": 10477
        },
        {
            "timestamp": 1778775670.653391,
            "messages": 168,
            "ack": 10483
        },
        {
            "timestamp": 1778775675.658477,
            "messages": 171,
            "ack": 10489
        },
        {
            "timestamp": 1778775680.664045,
            "messages": 177,
            "ack": 10495
        },
        {
            "timestamp": 1778775685.669037,
            "messages": 187,
            "ack": 10501
        },
        {
            "timestamp": 1778775690.674337,
            "messages": 190,
            "ack": 10510
        },
        {
            "timestamp": 1778775695.679902,
            "messages": 190,
            "ack": 10516
        },
        {
            "timestamp": 1778775700.684761,
            "messages": 197,
            "ack": 10522
        },
        {
            "timestamp": 1778775705.689685,
            "messages": 203,
            "ack": 10531
        },
        {
            "timestamp": 1778775710.693868,
            "messages": 210,
            "ack": 10537
        },
        {
            "timestamp": 1778775715.698202,
            "messages": 215,
            "ack": 10543
        },
        {
            "timestamp": 1778775720.703044,
            "messages": 222,
            "ack": 10549
        },
        {
            "timestamp": 1778775725.707318,
            "messages": 225,
            "ack": 10558
        },
        {
            "timestamp": 1778775730.711509,
            "messages": 235,
            "ack": 10564
        },
        {
            "timestamp": 1778775735.716547,
            "messages": 241,
            "ack": 10570
        },
        {
            "timestamp": 1778775740.721916,
            "messages": 244,
            "ack": 10576
        },
        {
            "timestamp": 1778775745.728141,
            "messages": 251,
            "ack": 10585
        },
        {
            "timestamp": 1778775750.73207,
            "messages": 257,
            "ack": 10591
        },
        {
            "timestamp": 1778775755.73678,
            "messages": 257,
            "ack": 10597
        },
        {
            "timestamp": 1778775760.742259,
            "messages": 267,
            "ack": 10603
        },
        {
            "timestamp": 1778775765.747803,
            "messages": 270,
            "ack": 10609
        },
        {
            "timestamp": 1778775770.754257,
            "messages": 277,
            "ack": 10618
        },
        {
            "timestamp": 1778775775.758899,
            "messages": 283,
            "ack": 10624
        },
        {
            "timestamp": 1778775780.764385,
            "messages": 290,
            "ack": 10630
        },
        {
            "timestamp": 1778775785.769233,
            "messages": 296,
            "ack": 10639
        },
        {
            "timestamp": 1778775790.773603,
            "messages": 303,
            "ack": 10645
        },
        {
            "timestamp": 1778775795.778339,
            "messages": 309,
            "ack": 10651
        },
        {
            "timestamp": 1778775800.783422,
            "messages": 309,
            "ack": 10657
        },
        {
            "timestamp": 1778775805.788247,
            "messages": 316,
            "ack": 10663
        },
        {
            "timestamp": 1778775810.792803,
            "messages": 322,
            "ack": 10672
        },
        {
            "timestamp": 1778775815.798519,
            "messages": 325,
            "ack": 10678
        },
        {
            "timestamp": 1778775820.804618,
            "messages": 335,
            "ack": 10684
        },
        {
            "timestamp": 1778775825.809971,
            "messages": 341,
            "ack": 10690
        },
        {
            "timestamp": 1778775829.593151,
            "messages": 344,
            "ack": 10699
        }
    ]
}