{
    "idx_task": 57,
    "task_name": "cpu_intensive",
    "duration": 16.904358863830566,
    "data": {
        "ppid": 872988,
        "voluntary_ctxt_switches": 1,
        "nonvoluntary_ctxt_switches": 33,
        "wchan": "Before: 0. After: 0",
        "delta_jiffies": null,
        "delta_time": null,
        "cpu_load": 0.0,
        "memory_mib": 0.28125,
        "threads_before": [
            {
                "tid": 873460,
                "state": "R",
                "wchan": "0",
                "stack": null
            }
        ],
        "threads_after": [
            {
                "tid": 873460,
                "state": "R",
                "wchan": "0",
                "stack": null
            }
        ]
    },
    "timestamp": 1775485010.3163028
}
