{
    "idx_task": 1,
    "task_name": "cpu_intensive",
    "duration": 16.7583909034729,
    "data": {
        "ppid": 872988,
        "voluntary_ctxt_switches": 1,
        "nonvoluntary_ctxt_switches": 20,
        "wchan": "Before: 0. After: 0",
        "delta_jiffies": null,
        "delta_time": null,
        "cpu_load": 0.0,
        "memory_mib": 0.28125,
        "threads_before": [
            {
                "tid": 872997,
                "state": "R",
                "wchan": "0",
                "stack": null
            }
        ],
        "threads_after": [
            {
                "tid": 872997,
                "state": "R",
                "wchan": "0",
                "stack": null
            }
        ]
    },
    "timestamp": 1775484768.9947844
}
{
    "idx_task": 5,
    "task_name": "cpu_intensive",
    "duration": 16.678561449050903,
    "data": {
        "ppid": 872988,
        "voluntary_ctxt_switches": 1,
        "nonvoluntary_ctxt_switches": 21,
        "wchan": "Before: 0. After: 0",
        "delta_jiffies": null,
        "delta_time": 16.311792411957867,
        "cpu_load": 0.0,
        "memory_mib": 0.00390625,
        "threads_before": [
            {
                "tid": 872997,
                "state": "R",
                "wchan": "0",
                "stack": null
            }
        ],
        "threads_after": [
            {
                "tid": 872997,
                "state": "R",
                "wchan": "0",
                "stack": null
            }
        ]
    },
    "timestamp": 1775484786.0398788
}
