Процесс: 104188
УПРАВЛЯЮЩИЙ ПРОЦЕСС
Родитель: 13546
Создан: 2026-04-26T19:25:42.240000
Последний замер: 2026-04-26T19:30:46.115697
Время жизни: 303.875697 сек
voluntary_ctxt_switches: 3510
nonvoluntary_ctxt_switches: 62
jiffies: 129.0
avg_cpu_load: 0.3 %
avg_memory_mb: 42.8 MB


Процесс: 104195
Родитель: 104188
Создан: 2026-04-26T19:25:42.640000
Последний замер: 2026-04-26T19:27:32.760903
Время жизни: 110.120903 сек
voluntary_ctxt_switches: 322
nonvoluntary_ctxt_switches: 691
jiffies: 2998.0
avg_cpu_load: 27.3 %
avg_memory_mb: 114.3 MB

Среднее latency: 4.12
Средний runtime: 1.66
Всего задач: 65
Задач по типам: cpu_intensive - 46; memory_intensive - 19

Процесс: 104196
Родитель: 104188
Создан: 2026-04-26T19:25:42.660000
Последний замер: 2026-04-26T19:26:55.163822
Время жизни: 72.503822 сек
voluntary_ctxt_switches: 243
nonvoluntary_ctxt_switches: 316
jiffies: 1812.0
avg_cpu_load: 25.1 %
avg_memory_mb: 105.0 MB

Среднее latency: 3.07
Средний runtime: 1.66
Всего задач: 43
Задач по типам: cpu_intensive - 27; memory_intensive - 16

Процесс: 104205
Родитель: 104188
Создан: 2026-04-26T19:25:43.730000
Последний замер: 2026-04-26T19:30:46.116021
Время жизни: 302.386021 сек
voluntary_ctxt_switches: 971
nonvoluntary_ctxt_switches: 2115
jiffies: 8002.0
avg_cpu_load: 26.4 %
avg_memory_mb: 116.2 MB

Среднее latency: 7.89
Средний runtime: 1.67
Всего задач: 181
Задач по типам: cpu_intensive - 121; memory_intensive - 60

Процесс: 104206
Родитель: 104188
Создан: 2026-04-26T19:25:43.760000
Последний замер: 2026-04-26T19:28:52.138739
Время жизни: 188.378739 сек
voluntary_ctxt_switches: 629
nonvoluntary_ctxt_switches: 1227
jiffies: 4899.0
avg_cpu_load: 26.1 %
avg_memory_mb: 116.0 MB

Среднее latency: 6.16
Средний runtime: 1.66
Всего задач: 113
Задач по типам: memory_intensive - 39; cpu_intensive - 74

Процесс: 104276
Родитель: 104188
Создан: 2026-04-26T19:26:58.750000
Последний замер: 2026-04-26T19:30:46.116225
Время жизни: 227.366225 сек
voluntary_ctxt_switches: 727
nonvoluntary_ctxt_switches: 1750
jiffies: 6038.0
avg_cpu_load: 26.3 %
avg_memory_mb: 119.8 MB

Среднее latency: 9.41
Средний runtime: 1.67
Всего задач: 136
Задач по типам: cpu_intensive - 91; memory_intensive - 45

Процесс: 104342
Родитель: 104188
Создан: 2026-04-26T19:27:31.910000
Последний замер: 2026-04-26T19:30:46.116429
Время жизни: 194.206429 сек
voluntary_ctxt_switches: 682
nonvoluntary_ctxt_switches: 685
jiffies: 4943.0
avg_cpu_load: 25.5 %
avg_memory_mb: 118.7 MB

Среднее latency: 11.15
Средний runtime: 1.67
Всего задач: 116
Задач по типам: cpu_intensive - 72; memory_intensive - 44

Процесс: 104421
Родитель: 104188
Создан: 2026-04-26T19:28:52.140000
Последний замер: 2026-04-26T19:30:46.116796
Время жизни: 113.976796 сек
voluntary_ctxt_switches: 312
nonvoluntary_ctxt_switches: 775
jiffies: 3309.0
avg_cpu_load: 28.8 %
avg_memory_mb: 111.4 MB

Среднее latency: 12.67
Средний runtime: 1.66
Всего задач: 68
Задач по типам: cpu_intensive - 51; memory_intensive - 17

