{
    "356004": {
        "ppid": "254983",
        "name": "celery",
        "cmdline": "/home/experimenter/projects/celery-autoscale/.venv/bin/python3 /home/experimenter/projects/celery-autoscale/.venv/bin/celery -A celery_app worker --loglevel=INFO --concurrency=2 --pool=eventlet",
        "create_time": "2026-05-15T09:28:13.320000",
        "last_update": "2026-05-15T09:33:15.059659",
        "voluntary_ctxt_switches": 2251,
        "nonvoluntary_ctxt_switches": 422,
        "jiffies": 6107,
        "stats": [
            {
                "memory_mb": 52.203125,
                "cpu_percent": 0.0,
                "timestamp": 1778826494.3957498
            },
            {
                "memory_mb": 52.6796875,
                "cpu_percent": 29.5,
                "timestamp": 1778826495.4454093
            },
            {
                "memory_mb": 52.69921875,
                "cpu_percent": 37.1,
                "timestamp": 1778826496.4980085
            },
            {
                "memory_mb": 52.70703125,
                "cpu_percent": 67.7,
                "timestamp": 1778826497.5459855
            },
            {
                "memory_mb": 52.71484375,
                "cpu_percent": 2.9,
                "timestamp": 1778826498.597948
            },
            {
                "memory_mb": 52.71484375,
                "cpu_percent": 0.0,
                "timestamp": 1778826499.6490352
            },
            {
                "memory_mb": 126.50390625,
                "cpu_percent": 9.5,
                "timestamp": 1778826500.7023118
            },
            {
                "memory_mb": 144.94140625,
                "cpu_percent": 69.4,
                "timestamp": 1778826501.753939
            },
            {
                "memory_mb": 135.234375,
                "cpu_percent": 2.9,
                "timestamp": 1778826502.8058598
            },
            {
                "memory_mb": 135.234375,
                "cpu_percent": 0.0,
                "timestamp": 1778826503.8573122
            },
            {
                "memory_mb": 135.23828125,
                "cpu_percent": 6.7,
                "timestamp": 1778826504.906508
            },
            {
                "memory_mb": 135.2421875,
                "cpu_percent": 61.8,
                "timestamp": 1778826505.958323
            },
            {
                "memory_mb": 144.7890625,
                "cpu_percent": 3.8,
                "timestamp": 1778826507.0101216
            },
            {
                "memory_mb": 107.16796875,
                "cpu_percent": 3.8,
                "timestamp": 1778826508.061741
            },
            {
                "memory_mb": 107.16796875,
                "cpu_percent": 0.0,
                "timestamp": 1778826509.113011
            },
            {
                "memory_mb": 107.171875,
                "cpu_percent": 30.6,
                "timestamp": 1778826510.1594043
            },
            {
                "memory_mb": 107.17578125,
                "cpu_percent": 36.1,
                "timestamp": 1778826511.2111177
            },
            {
                "memory_mb": 107.171875,
                "cpu_percent": 68.8,
                "timestamp": 1778826512.2580025
            },
            {
                "memory_mb": 107.171875,
                "cpu_percent": 0.0,
                "timestamp": 1778826513.3092487
            },
            {
                "memory_mb": 107.171875,
                "cpu_percent": 0.0,
                "timestamp": 1778826514.362675
            },
            {
                "memory_mb": 107.9453125,
                "cpu_percent": 2.9,
                "timestamp": 1778826515.4146552
            },
            {
                "memory_mb": 144.79296875,
                "cpu_percent": 63.0,
                "timestamp": 1778826516.4620616
            },
            {
                "memory_mb": 135.08984375,
                "cpu_percent": 13.3,
                "timestamp": 1778826517.513546
            },
            {
                "memory_mb": 135.08984375,
                "cpu_percent": 0.0,
                "timestamp": 1778826518.5649173
            },
            {
                "memory_mb": 135.08984375,
                "cpu_percent": 0.0,
                "timestamp": 1778826519.6159108
            },
            {
                "memory_mb": 135.09765625,
                "cpu_percent": 68.4,
                "timestamp": 1778826520.66787
            },
            {
                "memory_mb": 144.796875,
                "cpu_percent": 4.8,
                "timestamp": 1778826521.7194703
            },
            {
                "memory_mb": 107.65234375,
                "cpu_percent": 2.9,
                "timestamp": 1778826522.7711353
            },
            {
                "memory_mb": 107.65234375,
                "cpu_percent": 0.0,
                "timestamp": 1778826523.822681
            },
            {
                "memory_mb": 107.65625,
                "cpu_percent": 3.8,
                "timestamp": 1778826524.8768125
            },
            {
                "memory_mb": 107.66015625,
                "cpu_percent": 63.7,
                "timestamp": 1778826525.9285033
            },
            {
                "memory_mb": 107.65625,
                "cpu_percent": 40.1,
                "timestamp": 1778826526.9753451
            },
            {
                "memory_mb": 107.65234375,
                "cpu_percent": 30.4,
                "timestamp": 1778826528.026798
            },
            {
                "memory_mb": 107.65234375,
                "cpu_percent": 0.0,
                "timestamp": 1778826529.0785487
            },
            {
                "memory_mb": 107.66015625,
                "cpu_percent": 2.9,
                "timestamp": 1778826530.1294136
            },
            {
                "memory_mb": 144.80078125,
                "cpu_percent": 34.4,
                "timestamp": 1778826531.176359
            },
            {
                "memory_mb": 135.08984375,
                "cpu_percent": 40.9,
                "timestamp": 1778826532.2272284
            },
            {
                "memory_mb": 135.08984375,
                "cpu_percent": 0.0,
                "timestamp": 1778826533.2788584
            },
            {
                "memory_mb": 135.08984375,
                "cpu_percent": 1.0,
                "timestamp": 1778826534.3302877
            },
            {
                "memory_mb": 135.09375,
                "cpu_percent": 48.7,
                "timestamp": 1778826535.3769357
            },
            {
                "memory_mb": 135.09765625,
                "cpu_percent": 21.9,
                "timestamp": 1778826536.4286942
            },
            {
                "memory_mb": 135.09375,
                "cpu_percent": 4.8,
                "timestamp": 1778826537.4802861
            },
            {
                "memory_mb": 135.09375,
                "cpu_percent": 0.0,
                "timestamp": 1778826538.5317256
            },
            {
                "memory_mb": 135.09375,
                "cpu_percent": 0.0,
                "timestamp": 1778826539.58281
            },
            {
                "memory_mb": 135.1015625,
                "cpu_percent": 66.6,
                "timestamp": 1778826540.6342263
            },
            {
                "memory_mb": 135.09765625,
                "cpu_percent": 12.4,
                "timestamp": 1778826541.6818914
            },
            {
                "memory_mb": 135.09375,
                "cpu_percent": 59.9,
                "timestamp": 1778826542.7334673
            },
            {
                "memory_mb": 135.09375,
                "cpu_percent": 0.0,
                "timestamp": 1778826543.7852328
            },
            {
                "memory_mb": 135.09375,
                "cpu_percent": 0.0,
                "timestamp": 1778826544.8373468
            },
            {
                "memory_mb": 144.80078125,
                "cpu_percent": 5.7,
                "timestamp": 1778826545.888093
            },
            {
                "memory_mb": 144.796875,
                "cpu_percent": 69.4,
                "timestamp": 1778826546.9396985
            },
            {
                "memory_mb": 135.08984375,
                "cpu_percent": 2.9,
                "timestamp": 1778826547.9908886
            },
            {
                "memory_mb": 135.08984375,
                "cpu_percent": 0.0,
                "timestamp": 1778826549.0425441
            },
            {
                "memory_mb": 135.09375,
                "cpu_percent": 21.0,
                "timestamp": 1778826550.0898724
            },
            {
                "memory_mb": 135.09765625,
                "cpu_percent": 48.5,
                "timestamp": 1778826551.1413808
            },
            {
                "memory_mb": 144.796875,
                "cpu_percent": 2.9,
                "timestamp": 1778826552.193034
            },
            {
                "memory_mb": 135.08984375,
                "cpu_percent": 2.9,
                "timestamp": 1778826553.2445922
            },
            {
                "memory_mb": 135.08984375,
                "cpu_percent": 0.0,
                "timestamp": 1778826554.2961645
            },
            {
                "memory_mb": 135.09375,
                "cpu_percent": 45.8,
                "timestamp": 1778826555.3436198
            },
            {
                "memory_mb": 135.09765625,
                "cpu_percent": 19.0,
                "timestamp": 1778826556.3953426
            },
            {
                "memory_mb": 135.08984375,
                "cpu_percent": 72.3,
                "timestamp": 1778826557.4469779
            },
            {
                "memory_mb": 135.08984375,
                "cpu_percent": 0.0,
                "timestamp": 1778826558.498574
            },
            {
                "memory_mb": 135.08984375,
                "cpu_percent": 0.0,
                "timestamp": 1778826559.5496728
            },
            {
                "memory_mb": 135.09765625,
                "cpu_percent": 3.8,
                "timestamp": 1778826560.6012776
            },
            {
                "memory_mb": 144.796875,
                "cpu_percent": 69.8,
                "timestamp": 1778826561.6474936
            },
            {
                "memory_mb": 135.09375,
                "cpu_percent": 2.9,
                "timestamp": 1778826562.6992302
            },
            {
                "memory_mb": 135.09375,
                "cpu_percent": 0.0,
                "timestamp": 1778826563.7507074
            },
            {
                "memory_mb": 135.09375,
                "cpu_percent": 0.0,
                "timestamp": 1778826564.801927
            },
            {
                "memory_mb": 135.1015625,
                "cpu_percent": 68.5,
                "timestamp": 1778826565.852559
            },
            {
                "memory_mb": 144.796875,
                "cpu_percent": 4.8,
                "timestamp": 1778826566.9043138
            },
            {
                "memory_mb": 107.78125,
                "cpu_percent": 3.8,
                "timestamp": 1778826567.955659
            },
            {
                "memory_mb": 107.78125,
                "cpu_percent": 0.0,
                "timestamp": 1778826569.006862
            },
            {
                "memory_mb": 107.78515625,
                "cpu_percent": 16.2,
                "timestamp": 1778826570.0540037
            },
            {
                "memory_mb": 107.7890625,
                "cpu_percent": 51.3,
                "timestamp": 1778826571.1057096
            },
            {
                "memory_mb": 107.78515625,
                "cpu_percent": 53.5,
                "timestamp": 1778826572.1532085
            },
            {
                "memory_mb": 107.78125,
                "cpu_percent": 15.2,
                "timestamp": 1778826573.205028
            },
            {
                "memory_mb": 107.78125,
                "cpu_percent": 0.0,
                "timestamp": 1778826574.2565908
            },
            {
                "memory_mb": 107.7890625,
                "cpu_percent": 1.9,
                "timestamp": 1778826575.3098633
            },
            {
                "memory_mb": 144.80078125,
                "cpu_percent": 48.7,
                "timestamp": 1778826576.3574164
            },
            {
                "memory_mb": 135.09375,
                "cpu_percent": 28.5,
                "timestamp": 1778826577.4093802
            },
            {
                "memory_mb": 135.09375,
                "cpu_percent": 0.0,
                "timestamp": 1778826578.460921
            },
            {
                "memory_mb": 135.09375,
                "cpu_percent": 0.0,
                "timestamp": 1778826579.5118065
            },
            {
                "memory_mb": 135.09765625,
                "cpu_percent": 63.9,
                "timestamp": 1778826580.560288
            },
            {
                "memory_mb": 144.796875,
                "cpu_percent": 8.6,
                "timestamp": 1778826581.6115894
            },
            {
                "memory_mb": 107.82421875,
                "cpu_percent": 2.9,
                "timestamp": 1778826582.663323
            },
            {
                "memory_mb": 107.82421875,
                "cpu_percent": 0.0,
                "timestamp": 1778826583.7152996
            },
            {
                "memory_mb": 107.82421875,
                "cpu_percent": 0.0,
                "timestamp": 1778826584.7671194
            },
            {
                "memory_mb": 107.83203125,
                "cpu_percent": 68.4,
                "timestamp": 1778826585.8192008
            },
            {
                "memory_mb": 107.828125,
                "cpu_percent": 24.8,
                "timestamp": 1778826586.866372
            },
            {
                "memory_mb": 107.82421875,
                "cpu_percent": 43.7,
                "timestamp": 1778826587.91815
            },
            {
                "memory_mb": 107.82421875,
                "cpu_percent": 0.0,
                "timestamp": 1778826588.970095
            },
            {
                "memory_mb": 107.83203125,
                "cpu_percent": 1.0,
                "timestamp": 1778826590.0209782
            },
            {
                "memory_mb": 144.80078125,
                "cpu_percent": 22.0,
                "timestamp": 1778826591.0679932
            },
            {
                "memory_mb": 144.796875,
                "cpu_percent": 53.2,
                "timestamp": 1778826592.1196406
            },
            {
                "memory_mb": 135.09375,
                "cpu_percent": 2.9,
                "timestamp": 1778826593.1712272
            },
            {
                "memory_mb": 135.09375,
                "cpu_percent": 0.0,
                "timestamp": 1778826594.222747
            },
            {
                "memory_mb": 135.09765625,
                "cpu_percent": 36.3,
                "timestamp": 1778826595.2700803
            },
            {
                "memory_mb": 135.10546875,
                "cpu_percent": 35.2,
                "timestamp": 1778826596.3219502
            },
            {
                "memory_mb": 107.875,
                "cpu_percent": 5.7,
                "timestamp": 1778826597.3733885
            },
            {
                "memory_mb": 107.875,
                "cpu_percent": 0.0,
                "timestamp": 1778826598.4251678
            },
            {
                "memory_mb": 107.875,
                "cpu_percent": 0.0,
                "timestamp": 1778826599.475844
            },
            {
                "memory_mb": 107.87890625,
                "cpu_percent": 61.1,
                "timestamp": 1778826600.5236423
            },
            {
                "memory_mb": 107.8828125,
                "cpu_percent": 5.7,
                "timestamp": 1778826601.5755947
            },
            {
                "memory_mb": 107.875,
                "cpu_percent": 68.5,
                "timestamp": 1778826602.626651
            },
            {
                "memory_mb": 107.875,
                "cpu_percent": 0.0,
                "timestamp": 1778826603.678413
            },
            {
                "memory_mb": 107.875,
                "cpu_percent": 0.0,
                "timestamp": 1778826604.7299507
            },
            {
                "memory_mb": 134.98046875,
                "cpu_percent": 5.7,
                "timestamp": 1778826605.7814097
            },
            {
                "memory_mb": 144.80859375,
                "cpu_percent": 68.4,
                "timestamp": 1778826606.8335028
            },
            {
                "memory_mb": 135.1015625,
                "cpu_percent": 2.9,
                "timestamp": 1778826607.885121
            },
            {
                "memory_mb": 135.1015625,
                "cpu_percent": 0.0,
                "timestamp": 1778826608.937131
            },
            {
                "memory_mb": 135.10546875,
                "cpu_percent": 9.6,
                "timestamp": 1778826609.9837804
            },
            {
                "memory_mb": 135.109375,
                "cpu_percent": 61.8,
                "timestamp": 1778826611.0354521
            },
            {
                "memory_mb": 144.8046875,
                "cpu_percent": 3.8,
                "timestamp": 1778826612.086972
            },
            {
                "memory_mb": 107.92578125,
                "cpu_percent": 2.9,
                "timestamp": 1778826613.1389565
            },
            {
                "memory_mb": 107.92578125,
                "cpu_percent": 0.0,
                "timestamp": 1778826614.1905696
            },
            {
                "memory_mb": 107.9296875,
                "cpu_percent": 30.6,
                "timestamp": 1778826615.2376044
            },
            {
                "memory_mb": 107.93359375,
                "cpu_percent": 34.2,
                "timestamp": 1778826616.2896307
            },
            {
                "memory_mb": 107.92578125,
                "cpu_percent": 69.7,
                "timestamp": 1778826617.337306
            },
            {
                "memory_mb": 107.92578125,
                "cpu_percent": 0.0,
                "timestamp": 1778826618.3890028
            },
            {
                "memory_mb": 107.92578125,
                "cpu_percent": 0.0,
                "timestamp": 1778826619.4406993
            },
            {
                "memory_mb": 108.265625,
                "cpu_percent": 2.9,
                "timestamp": 1778826620.4920962
            },
            {
                "memory_mb": 144.8125,
                "cpu_percent": 63.0,
                "timestamp": 1778826621.5398972
            },
            {
                "memory_mb": 135.1015625,
                "cpu_percent": 11.4,
                "timestamp": 1778826622.591653
            },
            {
                "memory_mb": 135.1015625,
                "cpu_percent": 0.0,
                "timestamp": 1778826623.643464
            },
            {
                "memory_mb": 135.1015625,
                "cpu_percent": 0.0,
                "timestamp": 1778826624.69548
            },
            {
                "memory_mb": 135.109375,
                "cpu_percent": 68.5,
                "timestamp": 1778826625.7472618
            },
            {
                "memory_mb": 144.8046875,
                "cpu_percent": 4.8,
                "timestamp": 1778826626.7988892
            },
            {
                "memory_mb": 107.96875,
                "cpu_percent": 2.9,
                "timestamp": 1778826627.8502443
            },
            {
                "memory_mb": 107.96875,
                "cpu_percent": 0.0,
                "timestamp": 1778826628.9020264
            },
            {
                "memory_mb": 107.97265625,
                "cpu_percent": 3.8,
                "timestamp": 1778826629.9556334
            },
            {
                "memory_mb": 107.9765625,
                "cpu_percent": 62.8,
                "timestamp": 1778826631.00742
            },
            {
                "memory_mb": 107.97265625,
                "cpu_percent": 42.0,
                "timestamp": 1778826632.0555153
            },
            {
                "memory_mb": 107.96875,
                "cpu_percent": 25.7,
                "timestamp": 1778826633.1075695
            },
            {
                "memory_mb": 107.96875,
                "cpu_percent": 0.0,
                "timestamp": 1778826634.1600971
            },
            {
                "memory_mb": 107.9765625,
                "cpu_percent": 1.9,
                "timestamp": 1778826635.2119553
            },
            {
                "memory_mb": 144.81640625,
                "cpu_percent": 37.2,
                "timestamp": 1778826636.2592957
            },
            {
                "memory_mb": 135.109375,
                "cpu_percent": 39.1,
                "timestamp": 1778826637.3067744
            },
            {
                "memory_mb": 135.109375,
                "cpu_percent": 0.0,
                "timestamp": 1778826638.3585663
            },
            {
                "memory_mb": 135.109375,
                "cpu_percent": 0.0,
                "timestamp": 1778826639.4103863
            },
            {
                "memory_mb": 135.11328125,
                "cpu_percent": 51.5,
                "timestamp": 1778826640.4579592
            },
            {
                "memory_mb": 135.1171875,
                "cpu_percent": 18.1,
                "timestamp": 1778826641.5099797
            },
            {
                "memory_mb": 107.97265625,
                "cpu_percent": 4.8,
                "timestamp": 1778826642.5616415
            },
            {
                "memory_mb": 107.97265625,
                "cpu_percent": 0.0,
                "timestamp": 1778826643.6134331
            },
            {
                "memory_mb": 107.97265625,
                "cpu_percent": 0.0,
                "timestamp": 1778826644.665822
            },
            {
                "memory_mb": 107.98046875,
                "cpu_percent": 63.7,
                "timestamp": 1778826645.7175736
            },
            {
                "memory_mb": 107.9765625,
                "cpu_percent": 16.2,
                "timestamp": 1778826646.7651052
            },
            {
                "memory_mb": 107.97265625,
                "cpu_percent": 52.3,
                "timestamp": 1778826647.8167741
            },
            {
                "memory_mb": 107.97265625,
                "cpu_percent": 0.0,
                "timestamp": 1778826648.868431
            },
            {
                "memory_mb": 107.97265625,
                "cpu_percent": 0.0,
                "timestamp": 1778826649.9235911
            },
            {
                "memory_mb": 144.81640625,
                "cpu_percent": 10.5,
                "timestamp": 1778826650.9745073
            },
            {
                "memory_mb": 144.8125,
                "cpu_percent": 63.7,
                "timestamp": 1778826652.0263638
            },
            {
                "memory_mb": 135.109375,
                "cpu_percent": 3.8,
                "timestamp": 1778826653.077891
            },
            {
                "memory_mb": 135.109375,
                "cpu_percent": 0.0,
                "timestamp": 1778826654.1294124
            },
            {
                "memory_mb": 135.11328125,
                "cpu_percent": 22.9,
                "timestamp": 1778826655.1786044
            },
            {
                "memory_mb": 135.1171875,
                "cpu_percent": 49.4,
                "timestamp": 1778826656.2303772
            },
            {
                "memory_mb": 144.80859375,
                "cpu_percent": 3.8,
                "timestamp": 1778826657.2823722
            },
            {
                "memory_mb": 107.97265625,
                "cpu_percent": 2.9,
                "timestamp": 1778826658.3341346
            },
            {
                "memory_mb": 107.97265625,
                "cpu_percent": 0.0,
                "timestamp": 1778826659.3853908
            },
            {
                "memory_mb": 107.9765625,
                "cpu_percent": 46.8,
                "timestamp": 1778826660.4328496
            },
            {
                "memory_mb": 107.98046875,
                "cpu_percent": 22.8,
                "timestamp": 1778826661.4846926
            },
            {
                "memory_mb": 107.97265625,
                "cpu_percent": 67.5,
                "timestamp": 1778826662.5364614
            },
            {
                "memory_mb": 107.97265625,
                "cpu_percent": 1.0,
                "timestamp": 1778826663.58795
            },
            {
                "memory_mb": 107.97265625,
                "cpu_percent": 0.0,
                "timestamp": 1778826664.639367
            },
            {
                "memory_mb": 124.91015625,
                "cpu_percent": 4.8,
                "timestamp": 1778826665.6911154
            },
            {
                "memory_mb": 144.81640625,
                "cpu_percent": 66.6,
                "timestamp": 1778826666.7428634
            },
            {
                "memory_mb": 135.11328125,
                "cpu_percent": 2.9,
                "timestamp": 1778826667.7944598
            },
            {
                "memory_mb": 135.11328125,
                "cpu_percent": 0.0,
                "timestamp": 1778826668.8461356
            },
            {
                "memory_mb": 135.11328125,
                "cpu_percent": 0.0,
                "timestamp": 1778826669.898153
            },
            {
                "memory_mb": 135.12109375,
                "cpu_percent": 68.4,
                "timestamp": 1778826670.9502141
            },
            {
                "memory_mb": 144.8125,
                "cpu_percent": 4.8,
                "timestamp": 1778826672.0021415
            },
            {
                "memory_mb": 107.9765625,
                "cpu_percent": 3.8,
                "timestamp": 1778826673.0539937
            },
            {
                "memory_mb": 107.9765625,
                "cpu_percent": 0.0,
                "timestamp": 1778826674.1056523
            },
            {
                "memory_mb": 107.98046875,
                "cpu_percent": 20.0,
                "timestamp": 1778826675.153693
            },
            {
                "memory_mb": 107.984375,
                "cpu_percent": 46.6,
                "timestamp": 1778826676.205
            },
            {
                "memory_mb": 107.98046875,
                "cpu_percent": 58.2,
                "timestamp": 1778826677.2524624
            },
            {
                "memory_mb": 107.9765625,
                "cpu_percent": 10.5,
                "timestamp": 1778826678.3050482
            },
            {
                "memory_mb": 107.9765625,
                "cpu_percent": 0.0,
                "timestamp": 1778826679.357382
            },
            {
                "memory_mb": 107.984375,
                "cpu_percent": 2.9,
                "timestamp": 1778826680.4093082
            },
            {
                "memory_mb": 144.8203125,
                "cpu_percent": 53.5,
                "timestamp": 1778826681.456573
            },
            {
                "memory_mb": 135.11328125,
                "cpu_percent": 20.9,
                "timestamp": 1778826682.50847
            },
            {
                "memory_mb": 135.11328125,
                "cpu_percent": 0.0,
                "timestamp": 1778826683.5601153
            },
            {
                "memory_mb": 135.11328125,
                "cpu_percent": 0.0,
                "timestamp": 1778826684.6112113
            },
            {
                "memory_mb": 135.125,
                "cpu_percent": 66.8,
                "timestamp": 1778826685.6591668
            },
            {
                "memory_mb": 144.8125,
                "cpu_percent": 5.7,
                "timestamp": 1778826686.7108452
            },
            {
                "memory_mb": 144.80859375,
                "cpu_percent": 2.9,
                "timestamp": 1778826687.762581
            },
            {
                "memory_mb": 144.80859375,
                "cpu_percent": 0.0,
                "timestamp": 1778826688.8137488
            },
            {
                "memory_mb": 144.80859375,
                "cpu_percent": 0.0,
                "timestamp": 1778826689.8658423
            },
            {
                "memory_mb": 144.81640625,
                "cpu_percent": 68.4,
                "timestamp": 1778826690.9181495
            },
            {
                "memory_mb": 144.8125,
                "cpu_percent": 29.6,
                "timestamp": 1778826691.9652216
            },
            {
                "memory_mb": 144.80859375,
                "cpu_percent": 39.0,
                "timestamp": 1778826693.0176039
            },
            {
                "memory_mb": 144.80859375,
                "cpu_percent": 0.0,
                "timestamp": 1778826694.0694652
            },
            {
                "memory_mb": 144.81640625,
                "cpu_percent": 1.0,
                "timestamp": 1778826695.120817
            },
            {
                "memory_mb": 144.82421875,
                "cpu_percent": 23.9,
                "timestamp": 1778826696.1681333
            },
            {
                "memory_mb": 144.8203125,
                "cpu_percent": 44.7,
                "timestamp": 1778826697.2202873
            },
            {
                "memory_mb": 135.15625,
                "cpu_percent": 2.9,
                "timestamp": 1778826698.2722301
            },
            {
                "memory_mb": 135.15625,
                "cpu_percent": 0.0,
                "timestamp": 1778826699.3240507
            },
            {
                "memory_mb": 135.16015625,
                "cpu_percent": 40.1,
                "timestamp": 1778826700.370788
            },
            {
                "memory_mb": 135.1640625,
                "cpu_percent": 30.4,
                "timestamp": 1778826701.4225392
            },
            {
                "memory_mb": 135.15625,
                "cpu_percent": 4.8,
                "timestamp": 1778826702.4742882
            },
            {
                "memory_mb": 135.15625,
                "cpu_percent": 0.0,
                "timestamp": 1778826703.5260057
            },
            {
                "memory_mb": 135.15625,
                "cpu_percent": 0.0,
                "timestamp": 1778826704.5796974
            },
            {
                "memory_mb": 135.16015625,
                "cpu_percent": 63.9,
                "timestamp": 1778826705.6275203
            },
            {
                "memory_mb": 135.16015625,
                "cpu_percent": 4.8,
                "timestamp": 1778826706.6797235
            },
            {
                "memory_mb": 135.15625,
                "cpu_percent": 66.6,
                "timestamp": 1778826707.7315238
            },
            {
                "memory_mb": 135.15625,
                "cpu_percent": 0.0,
                "timestamp": 1778826708.7831829
            },
            {
                "memory_mb": 135.15625,
                "cpu_percent": 0.0,
                "timestamp": 1778826709.834578
            },
            {
                "memory_mb": 135.1640625,
                "cpu_percent": 4.8,
                "timestamp": 1778826710.8864672
            },
            {
                "memory_mb": 144.82421875,
                "cpu_percent": 71.3,
                "timestamp": 1778826711.938155
            },
            {
                "memory_mb": 135.15625,
                "cpu_percent": 3.8,
                "timestamp": 1778826712.9898458
            },
            {
                "memory_mb": 135.15625,
                "cpu_percent": 0.0,
                "timestamp": 1778826714.04105
            },
            {
                "memory_mb": 135.16015625,
                "cpu_percent": 10.5,
                "timestamp": 1778826715.0883188
            },
            {
                "memory_mb": 135.1640625,
                "cpu_percent": 58.9,
                "timestamp": 1778826716.140225
            },
            {
                "memory_mb": 144.82421875,
                "cpu_percent": 2.9,
                "timestamp": 1778826717.1924026
            },
            {
                "memory_mb": 135.15625,
                "cpu_percent": 2.9,
                "timestamp": 1778826718.2399154
            },
            {
                "memory_mb": 135.15625,
                "cpu_percent": 1.0,
                "timestamp": 1778826719.2916028
            },
            {
                "memory_mb": 135.16015625,
                "cpu_percent": 34.4,
                "timestamp": 1778826720.3386774
            },
            {
                "memory_mb": 135.1640625,
                "cpu_percent": 32.3,
                "timestamp": 1778826721.3902886
            },
            {
                "memory_mb": 135.15625,
                "cpu_percent": 67.8,
                "timestamp": 1778826722.4382386
            },
            {
                "memory_mb": 135.15625,
                "cpu_percent": 0.0,
                "timestamp": 1778826723.4899185
            },
            {
                "memory_mb": 135.15625,
                "cpu_percent": 0.0,
                "timestamp": 1778826724.5414371
            },
            {
                "memory_mb": 135.16796875,
                "cpu_percent": 2.8,
                "timestamp": 1778826725.5941832
            },
            {
                "memory_mb": 144.83203125,
                "cpu_percent": 65.9,
                "timestamp": 1778826726.6408794
            },
            {
                "memory_mb": 136.4140625,
                "cpu_percent": 7.6,
                "timestamp": 1778826727.6921518
            },
            {
                "memory_mb": 136.4140625,
                "cpu_percent": 0.0,
                "timestamp": 1778826728.7437978
            },
            {
                "memory_mb": 136.4140625,
                "cpu_percent": 0.0,
                "timestamp": 1778826729.7946315
            },
            {
                "memory_mb": 136.421875,
                "cpu_percent": 68.5,
                "timestamp": 1778826730.8458617
            },
            {
                "memory_mb": 144.82421875,
                "cpu_percent": 4.8,
                "timestamp": 1778826731.8976958
            },
            {
                "memory_mb": 136.4140625,
                "cpu_percent": 2.9,
                "timestamp": 1778826732.9443228
            },
            {
                "memory_mb": 136.4140625,
                "cpu_percent": 0.0,
                "timestamp": 1778826733.9955916
            },
            {
                "memory_mb": 136.41796875,
                "cpu_percent": 5.7,
                "timestamp": 1778826735.0437384
            },
            {
                "memory_mb": 136.421875,
                "cpu_percent": 59.0,
                "timestamp": 1778826736.09528
            },
            {
                "memory_mb": 136.41796875,
                "cpu_percent": 45.8,
                "timestamp": 1778826737.1429045
            },
            {
                "memory_mb": 136.4140625,
                "cpu_percent": 24.7,
                "timestamp": 1778826738.1952376
            },
            {
                "memory_mb": 136.4140625,
                "cpu_percent": 0.0,
                "timestamp": 1778826739.2467232
            },
            {
                "memory_mb": 136.421875,
                "cpu_percent": 1.9,
                "timestamp": 1778826740.2986045
            },
            {
                "memory_mb": 144.83203125,
                "cpu_percent": 37.2,
                "timestamp": 1778826741.3460317
            },
            {
                "memory_mb": 136.41796875,
                "cpu_percent": 33.3,
                "timestamp": 1778826742.3978326
            },
            {
                "memory_mb": 136.41796875,
                "cpu_percent": 1.0,
                "timestamp": 1778826743.4494045
            },
            {
                "memory_mb": 136.41796875,
                "cpu_percent": 0.0,
                "timestamp": 1778826744.5009916
            },
            {
                "memory_mb": 136.421875,
                "cpu_percent": 52.5,
                "timestamp": 1778826745.5480156
            },
            {
                "memory_mb": 136.42578125,
                "cpu_percent": 19.0,
                "timestamp": 1778826746.5994446
            },
            {
                "memory_mb": 136.41796875,
                "cpu_percent": 3.8,
                "timestamp": 1778826747.6511788
            },
            {
                "memory_mb": 136.41796875,
                "cpu_percent": 0.0,
                "timestamp": 1778826748.7029965
            },
            {
                "memory_mb": 136.41796875,
                "cpu_percent": 1.0,
                "timestamp": 1778826749.7551007
            },
            {
                "memory_mb": 136.42578125,
                "cpu_percent": 63.7,
                "timestamp": 1778826750.8076687
            },
            {
                "memory_mb": 136.421875,
                "cpu_percent": 17.2,
                "timestamp": 1778826751.85475
            },
            {
                "memory_mb": 136.41796875,
                "cpu_percent": 51.4,
                "timestamp": 1778826752.906256
            },
            {
                "memory_mb": 136.41796875,
                "cpu_percent": 0.0,
                "timestamp": 1778826753.9579875
            },
            {
                "memory_mb": 136.42578125,
                "cpu_percent": 0.9,
                "timestamp": 1778826755.011521
            },
            {
                "memory_mb": 144.83203125,
                "cpu_percent": 10.5,
                "timestamp": 1778826756.0596485
            },
            {
                "memory_mb": 144.828125,
                "cpu_percent": 59.0,
                "timestamp": 1778826757.111146
            },
            {
                "memory_mb": 136.41796875,
                "cpu_percent": 2.9,
                "timestamp": 1778826758.1628325
            },
            {
                "memory_mb": 136.41796875,
                "cpu_percent": 0.0,
                "timestamp": 1778826759.214507
            },
            {
                "memory_mb": 136.421875,
                "cpu_percent": 24.8,
                "timestamp": 1778826760.2619781
            },
            {
                "memory_mb": 136.42578125,
                "cpu_percent": 42.8,
                "timestamp": 1778826761.313628
            },
            {
                "memory_mb": 136.41796875,
                "cpu_percent": 4.8,
                "timestamp": 1778826762.3652039
            },
            {
                "memory_mb": 136.41796875,
                "cpu_percent": 0.0,
                "timestamp": 1778826763.4169853
            },
            {
                "memory_mb": 136.41796875,
                "cpu_percent": 0.0,
                "timestamp": 1778826764.4685202
            },
            {
                "memory_mb": 136.421875,
                "cpu_percent": 49.6,
                "timestamp": 1778826765.516563
            },
            {
                "memory_mb": 136.42578125,
                "cpu_percent": 18.1,
                "timestamp": 1778826766.5683112
            },
            {
                "memory_mb": 136.41796875,
                "cpu_percent": 69.4,
                "timestamp": 1778826767.620096
            },
            {
                "memory_mb": 136.41796875,
                "cpu_percent": 0.0,
                "timestamp": 1778826768.6721034
            },
            {
                "memory_mb": 136.41796875,
                "cpu_percent": 0.0,
                "timestamp": 1778826769.723597
            },
            {
                "memory_mb": 136.42578125,
                "cpu_percent": 3.8,
                "timestamp": 1778826770.7755857
            },
            {
                "memory_mb": 144.828125,
                "cpu_percent": 68.4,
                "timestamp": 1778826771.8276637
            },
            {
                "memory_mb": 136.41796875,
                "cpu_percent": 2.9,
                "timestamp": 1778826772.8795037
            },
            {
                "memory_mb": 136.41796875,
                "cpu_percent": 0.0,
                "timestamp": 1778826773.931363
            },
            {
                "memory_mb": 136.41796875,
                "cpu_percent": 0.0,
                "timestamp": 1778826774.9830234
            },
            {
                "memory_mb": 136.42578125,
                "cpu_percent": 68.4,
                "timestamp": 1778826776.0349643
            },
            {
                "memory_mb": 144.83203125,
                "cpu_percent": 3.8,
                "timestamp": 1778826777.0867653
            },
            {
                "memory_mb": 136.41796875,
                "cpu_percent": 2.9,
                "timestamp": 1778826778.1392145
            },
            {
                "memory_mb": 136.41796875,
                "cpu_percent": 0.0,
                "timestamp": 1778826779.1908312
            },
            {
                "memory_mb": 136.421875,
                "cpu_percent": 22.0,
                "timestamp": 1778826780.2381735
            },
            {
                "memory_mb": 136.42578125,
                "cpu_percent": 43.7,
                "timestamp": 1778826781.2905369
            },
            {
                "memory_mb": 136.421875,
                "cpu_percent": 61.1,
                "timestamp": 1778826782.3378384
            },
            {
                "memory_mb": 136.41796875,
                "cpu_percent": 7.6,
                "timestamp": 1778826783.3893998
            },
            {
                "memory_mb": 136.41796875,
                "cpu_percent": 0.0,
                "timestamp": 1778826784.4411771
            },
            {
                "memory_mb": 136.42578125,
                "cpu_percent": 2.9,
                "timestamp": 1778826785.4921203
            },
            {
                "memory_mb": 144.83203125,
                "cpu_percent": 52.5,
                "timestamp": 1778826786.5400045
            },
            {
                "memory_mb": 136.41796875,
                "cpu_percent": 20.9,
                "timestamp": 1778826787.5922804
            },
            {
                "memory_mb": 136.41796875,
                "cpu_percent": 0.0,
                "timestamp": 1778826788.64407
            },
            {
                "memory_mb": 136.41796875,
                "cpu_percent": 0.0,
                "timestamp": 1778826789.694824
            },
            {
                "memory_mb": 136.42578125,
                "cpu_percent": 65.0,
                "timestamp": 1778826790.7417614
            },
            {
                "memory_mb": 144.83203125,
                "cpu_percent": 5.7,
                "timestamp": 1778826791.7933908
            },
            {
                "memory_mb": 136.41796875,
                "cpu_percent": 3.8,
                "timestamp": 1778826792.8454456
            },
            {
                "memory_mb": 136.41796875,
                "cpu_percent": 0.0,
                "timestamp": 1778826793.8973627
            },
            {
                "memory_mb": 136.41796875,
                "cpu_percent": 0.0,
                "timestamp": 1778826794.9494448
            },
            {
                "memory_mb": 136.41796875,
                "cpu_percent": 0.0,
                "timestamp": 1778826795.0596585
            }
        ]
    }
}
