{
    "259466": {
        "ppid": "254983",
        "name": "celery",
        "cmdline": "/home/experimenter/projects/celery-autoscale/.venv/bin/python3 /home/experimenter/projects/celery-autoscale/.venv/bin/celery -A celery_app worker --loglevel=INFO --concurrency=8 --pool=eventlet",
        "create_time": "2026-05-14T16:46:12.210000",
        "last_update": "2026-05-14T16:51:13.890115",
        "voluntary_ctxt_switches": 2090,
        "nonvoluntary_ctxt_switches": 4291,
        "jiffies": 26783,
        "stats": [
            {
                "memory_mb": 52.21875,
                "cpu_percent": 0.0,
                "timestamp": 1778766373.281275
            },
            {
                "memory_mb": 52.77734375,
                "cpu_percent": 27.6,
                "timestamp": 1778766374.331437
            },
            {
                "memory_mb": 71.296875,
                "cpu_percent": 99.9,
                "timestamp": 1778766375.3821874
            },
            {
                "memory_mb": 89.75,
                "cpu_percent": 99.9,
                "timestamp": 1778766376.433416
            },
            {
                "memory_mb": 108.08984375,
                "cpu_percent": 99.8,
                "timestamp": 1778766377.4854777
            },
            {
                "memory_mb": 135.34765625,
                "cpu_percent": 99.5,
                "timestamp": 1778766378.5407443
            },
            {
                "memory_mb": 144.5859375,
                "cpu_percent": 99.9,
                "timestamp": 1778766379.5920022
            },
            {
                "memory_mb": 318.53125,
                "cpu_percent": 84.5,
                "timestamp": 1778766380.644646
            },
            {
                "memory_mb": 364.2734375,
                "cpu_percent": 95.2,
                "timestamp": 1778766381.6949162
            },
            {
                "memory_mb": 465.0,
                "cpu_percent": 81.8,
                "timestamp": 1778766382.7468355
            },
            {
                "memory_mb": 501.73046875,
                "cpu_percent": 99.8,
                "timestamp": 1778766383.7984328
            },
            {
                "memory_mb": 501.8828125,
                "cpu_percent": 17.1,
                "timestamp": 1778766384.8532116
            },
            {
                "memory_mb": 501.8828125,
                "cpu_percent": 58.0,
                "timestamp": 1778766385.9043176
            },
            {
                "memory_mb": 501.875,
                "cpu_percent": 100.0,
                "timestamp": 1778766386.9547267
            },
            {
                "memory_mb": 474.19140625,
                "cpu_percent": 100.0,
                "timestamp": 1778766388.0052392
            },
            {
                "memory_mb": 474.2109375,
                "cpu_percent": 99.0,
                "timestamp": 1778766389.0557702
            },
            {
                "memory_mb": 474.20703125,
                "cpu_percent": 100.0,
                "timestamp": 1778766390.1052797
            },
            {
                "memory_mb": 474.20703125,
                "cpu_percent": 100.0,
                "timestamp": 1778766391.1554947
            },
            {
                "memory_mb": 474.3046875,
                "cpu_percent": 75.2,
                "timestamp": 1778766392.2056544
            },
            {
                "memory_mb": 474.30078125,
                "cpu_percent": 100.1,
                "timestamp": 1778766393.2550147
            },
            {
                "memory_mb": 510.390625,
                "cpu_percent": 79.9,
                "timestamp": 1778766394.306871
            },
            {
                "memory_mb": 574.7890625,
                "cpu_percent": 48.6,
                "timestamp": 1778766395.3572407
            },
            {
                "memory_mb": 574.78515625,
                "cpu_percent": 99.9,
                "timestamp": 1778766396.4082375
            },
            {
                "memory_mb": 574.8046875,
                "cpu_percent": 100.0,
                "timestamp": 1778766397.4587324
            },
            {
                "memory_mb": 565.7109375,
                "cpu_percent": 101.0,
                "timestamp": 1778766398.5085595
            },
            {
                "memory_mb": 565.71484375,
                "cpu_percent": 100.0,
                "timestamp": 1778766399.5588467
            },
            {
                "memory_mb": 565.7109375,
                "cpu_percent": 99.9,
                "timestamp": 1778766400.6095378
            },
            {
                "memory_mb": 565.80859375,
                "cpu_percent": 75.8,
                "timestamp": 1778766401.6648946
            },
            {
                "memory_mb": 565.8046875,
                "cpu_percent": 99.9,
                "timestamp": 1778766402.7161014
            },
            {
                "memory_mb": 565.8984375,
                "cpu_percent": 97.2,
                "timestamp": 1778766403.7659235
            },
            {
                "memory_mb": 575.12109375,
                "cpu_percent": 25.7,
                "timestamp": 1778766404.8162944
            },
            {
                "memory_mb": 575.1171875,
                "cpu_percent": 100.0,
                "timestamp": 1778766405.8658147
            },
            {
                "memory_mb": 565.53515625,
                "cpu_percent": 99.9,
                "timestamp": 1778766406.9166818
            },
            {
                "memory_mb": 565.53125,
                "cpu_percent": 99.9,
                "timestamp": 1778766407.9679518
            },
            {
                "memory_mb": 565.53515625,
                "cpu_percent": 99.6,
                "timestamp": 1778766409.021991
            },
            {
                "memory_mb": 565.53125,
                "cpu_percent": 99.0,
                "timestamp": 1778766410.0724974
            },
            {
                "memory_mb": 565.5390625,
                "cpu_percent": 99.1,
                "timestamp": 1778766411.121955
            },
            {
                "memory_mb": 565.53515625,
                "cpu_percent": 77.1,
                "timestamp": 1778766412.1725578
            },
            {
                "memory_mb": 565.53125,
                "cpu_percent": 99.7,
                "timestamp": 1778766413.2256703
            },
            {
                "memory_mb": 575.046875,
                "cpu_percent": 37.1,
                "timestamp": 1778766414.2765577
            },
            {
                "memory_mb": 575.03125,
                "cpu_percent": 85.7,
                "timestamp": 1778766415.3270679
            },
            {
                "memory_mb": 575.0390625,
                "cpu_percent": 99.9,
                "timestamp": 1778766416.3784478
            },
            {
                "memory_mb": 569.23828125,
                "cpu_percent": 100.9,
                "timestamp": 1778766417.4286833
            },
            {
                "memory_mb": 569.24609375,
                "cpu_percent": 99.1,
                "timestamp": 1778766418.4778514
            },
            {
                "memory_mb": 569.33203125,
                "cpu_percent": 100.7,
                "timestamp": 1778766419.5308268
            },
            {
                "memory_mb": 569.33203125,
                "cpu_percent": 99.1,
                "timestamp": 1778766420.5807445
            },
            {
                "memory_mb": 569.3359375,
                "cpu_percent": 75.2,
                "timestamp": 1778766421.6317396
            },
            {
                "memory_mb": 569.33203125,
                "cpu_percent": 100.0,
                "timestamp": 1778766422.681872
            },
            {
                "memory_mb": 569.33984375,
                "cpu_percent": 72.2,
                "timestamp": 1778766423.7349136
            },
            {
                "memory_mb": 575.1328125,
                "cpu_percent": 51.4,
                "timestamp": 1778766424.7856479
            },
            {
                "memory_mb": 575.125,
                "cpu_percent": 99.1,
                "timestamp": 1778766425.8353388
            },
            {
                "memory_mb": 562.10546875,
                "cpu_percent": 100.0,
                "timestamp": 1778766426.8857193
            },
            {
                "memory_mb": 562.1015625,
                "cpu_percent": 100.0,
                "timestamp": 1778766427.9357612
            },
            {
                "memory_mb": 562.10546875,
                "cpu_percent": 100.9,
                "timestamp": 1778766428.985839
            },
            {
                "memory_mb": 562.1015625,
                "cpu_percent": 99.9,
                "timestamp": 1778766430.036754
            },
            {
                "memory_mb": 557.98046875,
                "cpu_percent": 74.9,
                "timestamp": 1778766431.0914538
            },
            {
                "memory_mb": 557.98046875,
                "cpu_percent": 100.9,
                "timestamp": 1778766432.1417677
            },
            {
                "memory_mb": 557.98828125,
                "cpu_percent": 93.1,
                "timestamp": 1778766433.1939435
            },
            {
                "memory_mb": 575.04296875,
                "cpu_percent": 30.4,
                "timestamp": 1778766434.2451904
            },
            {
                "memory_mb": 575.03515625,
                "cpu_percent": 100.0,
                "timestamp": 1778766435.2955189
            },
            {
                "memory_mb": 569.24609375,
                "cpu_percent": 99.7,
                "timestamp": 1778766436.3484533
            },
            {
                "memory_mb": 569.2421875,
                "cpu_percent": 100.0,
                "timestamp": 1778766437.398843
            },
            {
                "memory_mb": 569.24609375,
                "cpu_percent": 100.0,
                "timestamp": 1778766438.4483578
            },
            {
                "memory_mb": 569.2421875,
                "cpu_percent": 99.0,
                "timestamp": 1778766439.4984624
            },
            {
                "memory_mb": 569.25,
                "cpu_percent": 91.9,
                "timestamp": 1778766440.5536754
            },
            {
                "memory_mb": 569.24609375,
                "cpu_percent": 83.8,
                "timestamp": 1778766441.6034174
            },
            {
                "memory_mb": 569.2421875,
                "cpu_percent": 100.0,
                "timestamp": 1778766442.6535854
            },
            {
                "memory_mb": 575.1484375,
                "cpu_percent": 36.0,
                "timestamp": 1778766443.707885
            },
            {
                "memory_mb": 575.1328125,
                "cpu_percent": 87.7,
                "timestamp": 1778766444.7570777
            },
            {
                "memory_mb": 575.140625,
                "cpu_percent": 100.0,
                "timestamp": 1778766445.8074803
            },
            {
                "memory_mb": 569.33203125,
                "cpu_percent": 99.9,
                "timestamp": 1778766446.858168
            },
            {
                "memory_mb": 569.33984375,
                "cpu_percent": 100.0,
                "timestamp": 1778766447.9084404
            },
            {
                "memory_mb": 569.33203125,
                "cpu_percent": 99.9,
                "timestamp": 1778766448.9591997
            },
            {
                "memory_mb": 569.3359375,
                "cpu_percent": 98.9,
                "timestamp": 1778766450.0110362
            },
            {
                "memory_mb": 569.33984375,
                "cpu_percent": 76.1,
                "timestamp": 1778766451.0621197
            },
            {
                "memory_mb": 569.3359375,
                "cpu_percent": 99.0,
                "timestamp": 1778766452.1123013
            },
            {
                "memory_mb": 569.34375,
                "cpu_percent": 63.6,
                "timestamp": 1778766453.1660807
            },
            {
                "memory_mb": 575.1484375,
                "cpu_percent": 60.0,
                "timestamp": 1778766454.2165213
            },
            {
                "memory_mb": 575.1484375,
                "cpu_percent": 100.0,
                "timestamp": 1778766455.2666376
            },
            {
                "memory_mb": 569.33984375,
                "cpu_percent": 100.8,
                "timestamp": 1778766456.3178303
            },
            {
                "memory_mb": 569.34375,
                "cpu_percent": 99.1,
                "timestamp": 1778766457.3676267
            },
            {
                "memory_mb": 569.33984375,
                "cpu_percent": 100.1,
                "timestamp": 1778766458.416727
            },
            {
                "memory_mb": 569.33984375,
                "cpu_percent": 100.9,
                "timestamp": 1778766459.467293
            },
            {
                "memory_mb": 569.34375,
                "cpu_percent": 75.3,
                "timestamp": 1778766460.5166183
            },
            {
                "memory_mb": 569.34375,
                "cpu_percent": 100.9,
                "timestamp": 1778766461.5668979
            },
            {
                "memory_mb": 569.3515625,
                "cpu_percent": 87.6,
                "timestamp": 1778766462.6175773
            },
            {
                "memory_mb": 575.15234375,
                "cpu_percent": 35.2,
                "timestamp": 1778766463.6686847
            },
            {
                "memory_mb": 575.14453125,
                "cpu_percent": 100.0,
                "timestamp": 1778766464.7188344
            },
            {
                "memory_mb": 569.3828125,
                "cpu_percent": 100.9,
                "timestamp": 1778766465.7694938
            },
            {
                "memory_mb": 569.37890625,
                "cpu_percent": 99.6,
                "timestamp": 1778766466.82348
            },
            {
                "memory_mb": 569.3828125,
                "cpu_percent": 100.0,
                "timestamp": 1778766467.873786
            },
            {
                "memory_mb": 569.37890625,
                "cpu_percent": 99.0,
                "timestamp": 1778766468.9240663
            },
            {
                "memory_mb": 569.38671875,
                "cpu_percent": 96.2,
                "timestamp": 1778766469.9742613
            },
            {
                "memory_mb": 569.3828125,
                "cpu_percent": 79.9,
                "timestamp": 1778766471.0250952
            },
            {
                "memory_mb": 569.37890625,
                "cpu_percent": 99.9,
                "timestamp": 1778766472.0758927
            },
            {
                "memory_mb": 575.15625,
                "cpu_percent": 35.1,
                "timestamp": 1778766473.1305232
            },
            {
                "memory_mb": 575.14453125,
                "cpu_percent": 87.6,
                "timestamp": 1778766474.180554
            },
            {
                "memory_mb": 575.15234375,
                "cpu_percent": 100.0,
                "timestamp": 1778766475.2307646
            },
            {
                "memory_mb": 565.64453125,
                "cpu_percent": 100.0,
                "timestamp": 1778766476.280697
            },
            {
                "memory_mb": 565.65234375,
                "cpu_percent": 100.0,
                "timestamp": 1778766477.330849
            },
            {
                "memory_mb": 565.64453125,
                "cpu_percent": 100.1,
                "timestamp": 1778766478.3797212
            },
            {
                "memory_mb": 565.6484375,
                "cpu_percent": 99.0,
                "timestamp": 1778766479.430056
            },
            {
                "memory_mb": 565.65234375,
                "cpu_percent": 75.2,
                "timestamp": 1778766480.4806123
            },
            {
                "memory_mb": 565.6484375,
                "cpu_percent": 100.0,
                "timestamp": 1778766481.5308123
            },
            {
                "memory_mb": 565.65625,
                "cpu_percent": 67.3,
                "timestamp": 1778766482.585542
            },
            {
                "memory_mb": 575.16796875,
                "cpu_percent": 56.2,
                "timestamp": 1778766483.6356378
            },
            {
                "memory_mb": 575.16796875,
                "cpu_percent": 100.0,
                "timestamp": 1778766484.6855297
            },
            {
                "memory_mb": 560.94140625,
                "cpu_percent": 99.9,
                "timestamp": 1778766485.7361856
            },
            {
                "memory_mb": 560.9375,
                "cpu_percent": 100.0,
                "timestamp": 1778766486.7866313
            },
            {
                "memory_mb": 560.94140625,
                "cpu_percent": 100.0,
                "timestamp": 1778766487.836548
            },
            {
                "memory_mb": 560.9375,
                "cpu_percent": 100.0,
                "timestamp": 1778766488.886992
            },
            {
                "memory_mb": 560.9453125,
                "cpu_percent": 79.0,
                "timestamp": 1778766489.937876
            },
            {
                "memory_mb": 560.94921875,
                "cpu_percent": 96.1,
                "timestamp": 1778766490.9887674
            },
            {
                "memory_mb": 560.95703125,
                "cpu_percent": 99.0,
                "timestamp": 1778766492.0395715
            },
            {
                "memory_mb": 575.07421875,
                "cpu_percent": 25.7,
                "timestamp": 1778766493.0907016
            },
            {
                "memory_mb": 575.06640625,
                "cpu_percent": 99.9,
                "timestamp": 1778766494.1417744
            },
            {
                "memory_mb": 575.0859375,
                "cpu_percent": 99.9,
                "timestamp": 1778766495.1923811
            },
            {
                "memory_mb": 569.2734375,
                "cpu_percent": 99.9,
                "timestamp": 1778766496.2435312
            },
            {
                "memory_mb": 569.27734375,
                "cpu_percent": 99.5,
                "timestamp": 1778766497.299241
            },
            {
                "memory_mb": 569.2734375,
                "cpu_percent": 100.7,
                "timestamp": 1778766498.3516064
            },
            {
                "memory_mb": 569.27734375,
                "cpu_percent": 99.0,
                "timestamp": 1778766499.402338
            },
            {
                "memory_mb": 569.27734375,
                "cpu_percent": 76.2,
                "timestamp": 1778766500.4527304
            },
            {
                "memory_mb": 569.2734375,
                "cpu_percent": 99.9,
                "timestamp": 1778766501.5034757
            },
            {
                "memory_mb": 575.1875,
                "cpu_percent": 41.7,
                "timestamp": 1778766502.557824
            },
            {
                "memory_mb": 575.171875,
                "cpu_percent": 81.9,
                "timestamp": 1778766503.608226
            },
            {
                "memory_mb": 575.1796875,
                "cpu_percent": 99.8,
                "timestamp": 1778766504.6600525
            },
            {
                "memory_mb": 569.36328125,
                "cpu_percent": 100.0,
                "timestamp": 1778766505.7103386
            },
            {
                "memory_mb": 569.37109375,
                "cpu_percent": 100.0,
                "timestamp": 1778766506.7603097
            },
            {
                "memory_mb": 569.36328125,
                "cpu_percent": 99.9,
                "timestamp": 1778766507.811568
            },
            {
                "memory_mb": 569.3671875,
                "cpu_percent": 100.9,
                "timestamp": 1778766508.8620787
            },
            {
                "memory_mb": 569.37109375,
                "cpu_percent": 75.2,
                "timestamp": 1778766509.912143
            },
            {
                "memory_mb": 569.359375,
                "cpu_percent": 98.9,
                "timestamp": 1778766510.9635234
            },
            {
                "memory_mb": 569.375,
                "cpu_percent": 69.5,
                "timestamp": 1778766512.0138774
            },
            {
                "memory_mb": 575.1796875,
                "cpu_percent": 54.3,
                "timestamp": 1778766513.0642445
            },
            {
                "memory_mb": 575.171875,
                "cpu_percent": 99.9,
                "timestamp": 1778766514.1151836
            },
            {
                "memory_mb": 569.28515625,
                "cpu_percent": 100.0,
                "timestamp": 1778766515.1651313
            },
            {
                "memory_mb": 569.28125,
                "cpu_percent": 99.0,
                "timestamp": 1778766516.2153096
            },
            {
                "memory_mb": 569.28515625,
                "cpu_percent": 99.1,
                "timestamp": 1778766517.2650037
            },
            {
                "memory_mb": 569.28125,
                "cpu_percent": 101.0,
                "timestamp": 1778766518.3149972
            },
            {
                "memory_mb": 569.2890625,
                "cpu_percent": 79.0,
                "timestamp": 1778766519.36575
            },
            {
                "memory_mb": 569.28515625,
                "cpu_percent": 98.0,
                "timestamp": 1778766520.4166973
            },
            {
                "memory_mb": 569.28515625,
                "cpu_percent": 99.9,
                "timestamp": 1778766521.4672632
            },
            {
                "memory_mb": 575.1875,
                "cpu_percent": 23.7,
                "timestamp": 1778766522.5215366
            },
            {
                "memory_mb": 575.1796875,
                "cpu_percent": 100.0,
                "timestamp": 1778766523.5709965
            },
            {
                "memory_mb": 575.1875,
                "cpu_percent": 99.9,
                "timestamp": 1778766524.6217391
            },
            {
                "memory_mb": 569.3828125,
                "cpu_percent": 100.0,
                "timestamp": 1778766525.6719928
            },
            {
                "memory_mb": 569.390625,
                "cpu_percent": 100.0,
                "timestamp": 1778766526.7218857
            },
            {
                "memory_mb": 569.3828125,
                "cpu_percent": 99.6,
                "timestamp": 1778766527.7758288
            },
            {
                "memory_mb": 569.38671875,
                "cpu_percent": 99.0,
                "timestamp": 1778766528.8258398
            },
            {
                "memory_mb": 569.390625,
                "cpu_percent": 76.1,
                "timestamp": 1778766529.876723
            },
            {
                "memory_mb": 569.3828125,
                "cpu_percent": 100.9,
                "timestamp": 1778766530.9269323
            },
            {
                "memory_mb": 575.203125,
                "cpu_percent": 46.4,
                "timestamp": 1778766531.98326
            },
            {
                "memory_mb": 575.1875,
                "cpu_percent": 77.1,
                "timestamp": 1778766533.0340183
            },
            {
                "memory_mb": 575.19140625,
                "cpu_percent": 99.9,
                "timestamp": 1778766534.0855784
            },
            {
                "memory_mb": 569.421875,
                "cpu_percent": 99.9,
                "timestamp": 1778766535.1366274
            },
            {
                "memory_mb": 569.42578125,
                "cpu_percent": 100.0,
                "timestamp": 1778766536.1864133
            },
            {
                "memory_mb": 569.42578125,
                "cpu_percent": 100.0,
                "timestamp": 1778766537.2364972
            },
            {
                "memory_mb": 569.42578125,
                "cpu_percent": 99.9,
                "timestamp": 1778766538.2872372
            },
            {
                "memory_mb": 569.4296875,
                "cpu_percent": 77.1,
                "timestamp": 1778766539.3383772
            },
            {
                "memory_mb": 569.4296875,
                "cpu_percent": 99.1,
                "timestamp": 1778766540.388212
            },
            {
                "memory_mb": 569.4375,
                "cpu_percent": 80.5,
                "timestamp": 1778766541.4435563
            },
            {
                "memory_mb": 575.2109375,
                "cpu_percent": 42.9,
                "timestamp": 1778766542.493095
            },
            {
                "memory_mb": 575.203125,
                "cpu_percent": 100.0,
                "timestamp": 1778766543.5434422
            },
            {
                "memory_mb": 565.29296875,
                "cpu_percent": 100.0,
                "timestamp": 1778766544.5939143
            },
            {
                "memory_mb": 565.2890625,
                "cpu_percent": 99.1,
                "timestamp": 1778766545.6430764
            },
            {
                "memory_mb": 565.29296875,
                "cpu_percent": 100.0,
                "timestamp": 1778766546.6931655
            },
            {
                "memory_mb": 565.2890625,
                "cpu_percent": 99.9,
                "timestamp": 1778766547.7439125
            },
            {
                "memory_mb": 565.296875,
                "cpu_percent": 89.2,
                "timestamp": 1778766548.7977846
            },
            {
                "memory_mb": 565.29296875,
                "cpu_percent": 86.7,
                "timestamp": 1778766549.8471406
            },
            {
                "memory_mb": 565.2890625,
                "cpu_percent": 99.0,
                "timestamp": 1778766550.8972187
            },
            {
                "memory_mb": 575.1171875,
                "cpu_percent": 31.4,
                "timestamp": 1778766551.9476197
            },
            {
                "memory_mb": 575.10546875,
                "cpu_percent": 92.4,
                "timestamp": 1778766552.9975863
            },
            {
                "memory_mb": 575.11328125,
                "cpu_percent": 99.9,
                "timestamp": 1778766554.048114
            },
            {
                "memory_mb": 566.625,
                "cpu_percent": 99.6,
                "timestamp": 1778766555.1021655
            },
            {
                "memory_mb": 566.6328125,
                "cpu_percent": 99.9,
                "timestamp": 1778766556.1534202
            },
            {
                "memory_mb": 566.625,
                "cpu_percent": 100.1,
                "timestamp": 1778766557.2019775
            },
            {
                "memory_mb": 566.71875,
                "cpu_percent": 100.4,
                "timestamp": 1778766558.2576501
            },
            {
                "memory_mb": 566.72265625,
                "cpu_percent": 76.1,
                "timestamp": 1778766559.3091693
            },
            {
                "memory_mb": 566.71484375,
                "cpu_percent": 99.1,
                "timestamp": 1778766560.3585744
            },
            {
                "memory_mb": 566.7265625,
                "cpu_percent": 66.0,
                "timestamp": 1778766561.4189193
            },
            {
                "memory_mb": 575.21484375,
                "cpu_percent": 57.9,
                "timestamp": 1778766562.4723768
            },
            {
                "memory_mb": 575.20703125,
                "cpu_percent": 99.7,
                "timestamp": 1778766563.5255287
            },
            {
                "memory_mb": 569.41796875,
                "cpu_percent": 99.9,
                "timestamp": 1778766564.5870838
            },
            {
                "memory_mb": 569.4140625,
                "cpu_percent": 99.9,
                "timestamp": 1778766565.6381328
            },
            {
                "memory_mb": 569.41796875,
                "cpu_percent": 99.8,
                "timestamp": 1778766566.6907628
            },
            {
                "memory_mb": 569.4140625,
                "cpu_percent": 99.9,
                "timestamp": 1778766567.7421467
            },
            {
                "memory_mb": 569.41796875,
                "cpu_percent": 100.0,
                "timestamp": 1778766568.7920065
            },
            {
                "memory_mb": 569.421875,
                "cpu_percent": 79.0,
                "timestamp": 1778766569.8428192
            },
            {
                "memory_mb": 569.41796875,
                "cpu_percent": 99.1,
                "timestamp": 1778766570.8926046
            },
            {
                "memory_mb": 575.2265625,
                "cpu_percent": 41.8,
                "timestamp": 1778766571.9463649
            },
            {
                "memory_mb": 575.20703125,
                "cpu_percent": 82.9,
                "timestamp": 1778766572.9957237
            },
            {
                "memory_mb": 575.21875,
                "cpu_percent": 100.0,
                "timestamp": 1778766574.04534
            },
            {
                "memory_mb": 565.0859375,
                "cpu_percent": 100.0,
                "timestamp": 1778766575.09534
            },
            {
                "memory_mb": 565.08984375,
                "cpu_percent": 100.1,
                "timestamp": 1778766576.1439834
            },
            {
                "memory_mb": 565.0859375,
                "cpu_percent": 100.0,
                "timestamp": 1778766577.1937418
            },
            {
                "memory_mb": 565.0859375,
                "cpu_percent": 100.0,
                "timestamp": 1778766578.2437918
            },
            {
                "memory_mb": 565.08984375,
                "cpu_percent": 77.2,
                "timestamp": 1778766579.2933624
            },
            {
                "memory_mb": 565.0859375,
                "cpu_percent": 100.0,
                "timestamp": 1778766580.3436816
            },
            {
                "memory_mb": 565.08984375,
                "cpu_percent": 74.9,
                "timestamp": 1778766581.3981004
            },
            {
                "memory_mb": 575.12109375,
                "cpu_percent": 48.6,
                "timestamp": 1778766582.4476984
            },
            {
                "memory_mb": 575.11328125,
                "cpu_percent": 99.1,
                "timestamp": 1778766583.4973435
            },
            {
                "memory_mb": 565.08203125,
                "cpu_percent": 100.0,
                "timestamp": 1778766584.5470083
            },
            {
                "memory_mb": 565.078125,
                "cpu_percent": 99.7,
                "timestamp": 1778766585.600519
            },
            {
                "memory_mb": 565.08203125,
                "cpu_percent": 100.0,
                "timestamp": 1778766586.650403
            },
            {
                "memory_mb": 565.078125,
                "cpu_percent": 99.9,
                "timestamp": 1778766587.7217767
            },
            {
                "memory_mb": 565.0859375,
                "cpu_percent": 99.6,
                "timestamp": 1778766588.7762544
            },
            {
                "memory_mb": 565.08203125,
                "cpu_percent": 77.0,
                "timestamp": 1778766589.8277307
            },
            {
                "memory_mb": 565.078125,
                "cpu_percent": 100.0,
                "timestamp": 1778766590.877797
            },
            {
                "memory_mb": 575.13671875,
                "cpu_percent": 40.8,
                "timestamp": 1778766591.93092
            },
            {
                "memory_mb": 575.125,
                "cpu_percent": 85.3,
                "timestamp": 1778766592.9860501
            },
            {
                "memory_mb": 575.12890625,
                "cpu_percent": 99.7,
                "timestamp": 1778766594.0494213
            },
            {
                "memory_mb": 566.64453125,
                "cpu_percent": 100.2,
                "timestamp": 1778766595.1077163
            },
            {
                "memory_mb": 566.640625,
                "cpu_percent": 99.5,
                "timestamp": 1778766596.163433
            },
            {
                "memory_mb": 566.64453125,
                "cpu_percent": 100.0,
                "timestamp": 1778766597.2134278
            },
            {
                "memory_mb": 566.640625,
                "cpu_percent": 100.8,
                "timestamp": 1778766598.2650127
            },
            {
                "memory_mb": 566.6484375,
                "cpu_percent": 91.3,
                "timestamp": 1778766599.3165512
            },
            {
                "memory_mb": 566.6484375,
                "cpu_percent": 84.7,
                "timestamp": 1778766600.3677678
            },
            {
                "memory_mb": 566.64453125,
                "cpu_percent": 99.8,
                "timestamp": 1778766601.4194279
            },
            {
                "memory_mb": 575.234375,
                "cpu_percent": 34.2,
                "timestamp": 1778766602.4734712
            },
            {
                "memory_mb": 575.22265625,
                "cpu_percent": 89.5,
                "timestamp": 1778766603.5239794
            },
            {
                "memory_mb": 575.23046875,
                "cpu_percent": 99.8,
                "timestamp": 1778766604.5763507
            },
            {
                "memory_mb": 569.4296875,
                "cpu_percent": 99.9,
                "timestamp": 1778766605.6274774
            },
            {
                "memory_mb": 569.4375,
                "cpu_percent": 99.9,
                "timestamp": 1778766606.6781466
            },
            {
                "memory_mb": 569.4296875,
                "cpu_percent": 99.9,
                "timestamp": 1778766607.729479
            },
            {
                "memory_mb": 569.43359375,
                "cpu_percent": 99.9,
                "timestamp": 1778766608.780815
            },
            {
                "memory_mb": 569.4375,
                "cpu_percent": 75.2,
                "timestamp": 1778766609.8315485
            },
            {
                "memory_mb": 569.43359375,
                "cpu_percent": 99.8,
                "timestamp": 1778766610.8831544
            },
            {
                "memory_mb": 569.4453125,
                "cpu_percent": 70.3,
                "timestamp": 1778766611.9352024
            },
            {
                "memory_mb": 575.2421875,
                "cpu_percent": 54.2,
                "timestamp": 1778766612.9862914
            },
            {
                "memory_mb": 575.234375,
                "cpu_percent": 99.7,
                "timestamp": 1778766614.039639
            },
            {
                "memory_mb": 562.51953125,
                "cpu_percent": 99.9,
                "timestamp": 1778766615.0908837
            },
            {
                "memory_mb": 562.515625,
                "cpu_percent": 100.8,
                "timestamp": 1778766616.1424222
            },
            {
                "memory_mb": 562.51953125,
                "cpu_percent": 100.0,
                "timestamp": 1778766617.1924198
            },
            {
                "memory_mb": 562.515625,
                "cpu_percent": 100.0,
                "timestamp": 1778766618.242643
            },
            {
                "memory_mb": 562.5234375,
                "cpu_percent": 83.9,
                "timestamp": 1778766619.3029885
            },
            {
                "memory_mb": 562.51953125,
                "cpu_percent": 92.2,
                "timestamp": 1778766620.3548546
            },
            {
                "memory_mb": 562.515625,
                "cpu_percent": 98.9,
                "timestamp": 1778766621.4065826
            },
            {
                "memory_mb": 575.1484375,
                "cpu_percent": 25.6,
                "timestamp": 1778766622.4612741
            },
            {
                "memory_mb": 575.13671875,
                "cpu_percent": 99.1,
                "timestamp": 1778766623.5110424
            },
            {
                "memory_mb": 575.14453125,
                "cpu_percent": 99.9,
                "timestamp": 1778766624.5623174
            },
            {
                "memory_mb": 569.33984375,
                "cpu_percent": 99.9,
                "timestamp": 1778766625.6138248
            },
            {
                "memory_mb": 569.34765625,
                "cpu_percent": 99.9,
                "timestamp": 1778766626.6650286
            },
            {
                "memory_mb": 569.33984375,
                "cpu_percent": 100.0,
                "timestamp": 1778766627.715447
            },
            {
                "memory_mb": 569.34375,
                "cpu_percent": 100.7,
                "timestamp": 1778766628.76765
            },
            {
                "memory_mb": 569.34765625,
                "cpu_percent": 76.1,
                "timestamp": 1778766629.8187323
            },
            {
                "memory_mb": 569.34375,
                "cpu_percent": 99.9,
                "timestamp": 1778766630.8697047
            },
            {
                "memory_mb": 569.4453125,
                "cpu_percent": 50.2,
                "timestamp": 1778766631.925175
            },
            {
                "memory_mb": 575.24609375,
                "cpu_percent": 73.2,
                "timestamp": 1778766632.9769785
            },
            {
                "memory_mb": 575.24609375,
                "cpu_percent": 99.0,
                "timestamp": 1778766634.0275066
            },
            {
                "memory_mb": 569.4765625,
                "cpu_percent": 99.9,
                "timestamp": 1778766635.0786088
            },
            {
                "memory_mb": 569.48046875,
                "cpu_percent": 99.8,
                "timestamp": 1778766636.1303053
            },
            {
                "memory_mb": 569.4765625,
                "cpu_percent": 99.9,
                "timestamp": 1778766637.1811252
            },
            {
                "memory_mb": 569.4765625,
                "cpu_percent": 100.8,
                "timestamp": 1778766638.2323587
            },
            {
                "memory_mb": 569.48046875,
                "cpu_percent": 76.1,
                "timestamp": 1778766639.2836976
            },
            {
                "memory_mb": 569.4765625,
                "cpu_percent": 99.8,
                "timestamp": 1778766640.3353667
            },
            {
                "memory_mb": 569.484375,
                "cpu_percent": 90.0,
                "timestamp": 1778766641.3910446
            },
            {
                "memory_mb": 575.24609375,
                "cpu_percent": 32.3,
                "timestamp": 1778766642.4422176
            },
            {
                "memory_mb": 575.23828125,
                "cpu_percent": 100.8,
                "timestamp": 1778766643.4940941
            },
            {
                "memory_mb": 561.4296875,
                "cpu_percent": 98.8,
                "timestamp": 1778766644.5467167
            },
            {
                "memory_mb": 561.42578125,
                "cpu_percent": 99.8,
                "timestamp": 1778766645.5987074
            },
            {
                "memory_mb": 561.4296875,
                "cpu_percent": 99.9,
                "timestamp": 1778766646.6492722
            },
            {
                "memory_mb": 561.42578125,
                "cpu_percent": 99.9,
                "timestamp": 1778766647.700258
            },
            {
                "memory_mb": 561.4296875,
                "cpu_percent": 100.0,
                "timestamp": 1778766648.7504566
            },
            {
                "memory_mb": 561.4296875,
                "cpu_percent": 75.8,
                "timestamp": 1778766649.8052065
            },
            {
                "memory_mb": 561.42578125,
                "cpu_percent": 100.0,
                "timestamp": 1778766650.8550038
            },
            {
                "memory_mb": 575.1640625,
                "cpu_percent": 44.7,
                "timestamp": 1778766651.9070926
            },
            {
                "memory_mb": 575.15234375,
                "cpu_percent": 81.8,
                "timestamp": 1778766652.9579716
            },
            {
                "memory_mb": 575.15625,
                "cpu_percent": 99.9,
                "timestamp": 1778766654.0089173
            },
            {
                "memory_mb": 575.1640625,
                "cpu_percent": 99.1,
                "timestamp": 1778766655.0586927
            },
            {
                "memory_mb": 575.16796875,
                "cpu_percent": 99.9,
                "timestamp": 1778766656.1098788
            },
            {
                "memory_mb": 575.1640625,
                "cpu_percent": 99.9,
                "timestamp": 1778766657.1609657
            },
            {
                "memory_mb": 575.1640625,
                "cpu_percent": 99.9,
                "timestamp": 1778766658.2117627
            },
            {
                "memory_mb": 575.16796875,
                "cpu_percent": 76.1,
                "timestamp": 1778766659.262823
            },
            {
                "memory_mb": 575.16796875,
                "cpu_percent": 99.9,
                "timestamp": 1778766660.313547
            },
            {
                "memory_mb": 575.26171875,
                "cpu_percent": 72.9,
                "timestamp": 1778766661.369103
            },
            {
                "memory_mb": 575.25,
                "cpu_percent": 49.5,
                "timestamp": 1778766662.4199598
            },
            {
                "memory_mb": 575.2421875,
                "cpu_percent": 100.6,
                "timestamp": 1778766663.4735718
            },
            {
                "memory_mb": 570.890625,
                "cpu_percent": 99.9,
                "timestamp": 1778766664.524798
            },
            {
                "memory_mb": 570.88671875,
                "cpu_percent": 99.9,
                "timestamp": 1778766665.575948
            },
            {
                "memory_mb": 570.890625,
                "cpu_percent": 99.9,
                "timestamp": 1778766666.6270297
            },
            {
                "memory_mb": 570.88671875,
                "cpu_percent": 99.8,
                "timestamp": 1778766667.6787593
            },
            {
                "memory_mb": 570.89453125,
                "cpu_percent": 81.3,
                "timestamp": 1778766668.7361953
            },
            {
                "memory_mb": 570.890625,
                "cpu_percent": 94.1,
                "timestamp": 1778766669.788558
            },
            {
                "memory_mb": 570.88671875,
                "cpu_percent": 99.9,
                "timestamp": 1778766670.839297
            },
            {
                "memory_mb": 575.24609375,
                "cpu_percent": 25.7,
                "timestamp": 1778766671.8909576
            },
            {
                "memory_mb": 575.2421875,
                "cpu_percent": 99.9,
                "timestamp": 1778766672.9418464
            },
            {
                "memory_mb": 575.25,
                "cpu_percent": 100.2,
                "timestamp": 1778766673.8901145
            }
        ]
    }
}
