{
    "active_periods": [
        {
            "start": 1778771273.84363,
            "end": 1778771576.705601,
            "duration_sec": 302.86197090148926,
            "tasks_completed": 472,
            "throughput_tps": 1.5584657215135327
        }
    ],
    "history": [
        {
            "timestamp": 1778771273.84363,
            "messages": 0,
            "ack": 5970
        },
        {
            "timestamp": 1778771278.851658,
            "messages": 0,
            "ack": 5970
        },
        {
            "timestamp": 1778771283.856531,
            "messages": 8,
            "ack": 5976
        },
        {
            "timestamp": 1778771288.862079,
            "messages": 8,
            "ack": 5985
        },
        {
            "timestamp": 1778771293.867686,
            "messages": 3,
            "ack": 5992
        },
        {
            "timestamp": 1778771298.873682,
            "messages": 8,
            "ack": 6000
        },
        {
            "timestamp": 1778771303.877664,
            "messages": 8,
            "ack": 6009
        },
        {
            "timestamp": 1778771308.882667,
            "messages": 3,
            "ack": 6017
        },
        {
            "timestamp": 1778771313.886293,
            "messages": 3,
            "ack": 6024
        },
        {
            "timestamp": 1778771318.891661,
            "messages": 3,
            "ack": 6031
        },
        {
            "timestamp": 1778771323.89618,
            "messages": 3,
            "ack": 6041
        },
        {
            "timestamp": 1778771328.900594,
            "messages": 3,
            "ack": 6048
        },
        {
            "timestamp": 1778771333.905975,
            "messages": 3,
            "ack": 6055
        },
        {
            "timestamp": 1778771338.912581,
            "messages": 3,
            "ack": 6065
        },
        {
            "timestamp": 1778771343.918045,
            "messages": 3,
            "ack": 6072
        },
        {
            "timestamp": 1778771348.922723,
            "messages": 3,
            "ack": 6079
        },
        {
            "timestamp": 1778771353.928682,
            "messages": 3,
            "ack": 6089
        },
        {
            "timestamp": 1778771358.933714,
            "messages": 3,
            "ack": 6096
        },
        {
            "timestamp": 1778771363.939122,
            "messages": 3,
            "ack": 6103
        },
        {
            "timestamp": 1778771368.943796,
            "messages": 3,
            "ack": 6113
        },
        {
            "timestamp": 1778771373.948143,
            "messages": 3,
            "ack": 6119
        },
        {
            "timestamp": 1778771378.954872,
            "messages": 3,
            "ack": 6127
        },
        {
            "timestamp": 1778771383.959727,
            "messages": 3,
            "ack": 6137
        },
        {
            "timestamp": 1778771388.965211,
            "messages": 3,
            "ack": 6143
        },
        {
            "timestamp": 1778771393.969761,
            "messages": 3,
            "ack": 6151
        },
        {
            "timestamp": 1778771398.975592,
            "messages": 3,
            "ack": 6159
        },
        {
            "timestamp": 1778771403.981121,
            "messages": 2,
            "ack": 6168
        },
        {
            "timestamp": 1778771408.986848,
            "messages": 3,
            "ack": 6175
        },
        {
            "timestamp": 1778771413.992114,
            "messages": 3,
            "ack": 6183
        },
        {
            "timestamp": 1778771418.997973,
            "messages": 2,
            "ack": 6192
        },
        {
            "timestamp": 1778771424.002406,
            "messages": 2,
            "ack": 6199
        },
        {
            "timestamp": 1778771429.008699,
            "messages": 3,
            "ack": 6207
        },
        {
            "timestamp": 1778771434.013479,
            "messages": 3,
            "ack": 6216
        },
        {
            "timestamp": 1778771439.017552,
            "messages": 2,
            "ack": 6220
        },
        {
            "timestamp": 1778771444.02317,
            "messages": 1,
            "ack": 6240
        },
        {
            "timestamp": 1778771449.02832,
            "messages": 3,
            "ack": 6247
        },
        {
            "timestamp": 1778771454.035072,
            "messages": 2,
            "ack": 6255
        },
        {
            "timestamp": 1778771459.039155,
            "messages": 3,
            "ack": 6263
        },
        {
            "timestamp": 1778771464.044675,
            "messages": 3,
            "ack": 6267
        },
        {
            "timestamp": 1778771469.048589,
            "messages": 7,
            "ack": 6279
        },
        {
            "timestamp": 1778771474.053874,
            "messages": 3,
            "ack": 6287
        },
        {
            "timestamp": 1778771479.05982,
            "messages": 3,
            "ack": 6292
        },
        {
            "timestamp": 1778771484.065135,
            "messages": 3,
            "ack": 6303
        },
        {
            "timestamp": 1778771489.069657,
            "messages": 3,
            "ack": 6311
        },
        {
            "timestamp": 1778771494.074478,
            "messages": 3,
            "ack": 6316
        },
        {
            "timestamp": 1778771499.078614,
            "messages": 3,
            "ack": 6327
        },
        {
            "timestamp": 1778771504.085143,
            "messages": 3,
            "ack": 6330
        },
        {
            "timestamp": 1778771509.089718,
            "messages": 2,
            "ack": 6340
        },
        {
            "timestamp": 1778771514.096681,
            "messages": 1,
            "ack": 6347
        },
        {
            "timestamp": 1778771519.101971,
            "messages": 3,
            "ack": 6359
        },
        {
            "timestamp": 1778771524.108539,
            "messages": 3,
            "ack": 6363
        },
        {
            "timestamp": 1778771529.113707,
            "messages": 1,
            "ack": 6371
        },
        {
            "timestamp": 1778771534.118747,
            "messages": 3,
            "ack": 6377
        },
        {
            "timestamp": 1778771539.123441,
            "messages": 3,
            "ack": 6387
        },
        {
            "timestamp": 1778771544.127932,
            "messages": 1,
            "ack": 6395
        },
        {
            "timestamp": 1778771549.133389,
            "messages": 1,
            "ack": 6401
        },
        {
            "timestamp": 1778771554.138754,
            "messages": 3,
            "ack": 6412
        },
        {
            "timestamp": 1778771559.143313,
            "messages": 3,
            "ack": 6418
        },
        {
            "timestamp": 1778771564.147628,
            "messages": 3,
            "ack": 6425
        },
        {
            "timestamp": 1778771569.152683,
            "messages": 3,
            "ack": 6436
        },
        {
            "timestamp": 1778771574.157042,
            "messages": 3,
            "ack": 6442
        },
        {
            "timestamp": 1778771576.698722,
            "messages": 3,
            "ack": 6442
        }
    ]
}