{
    "idx_task": 50,
    "task_name": "cpu_intensive",
    "duration": 17.231306076049805,
    "data": {
        "ppid": 871354,
        "voluntary_ctxt_switches": 211,
        "nonvoluntary_ctxt_switches": 141,
        "wchan": "Before: 0. After: 0",
        "delta_jiffies": null,
        "delta_time": null,
        "cpu_load": 0.0,
        "memory_mib": 0.01953125,
        "threads_before": [
            {
                "tid": 871920,
                "state": "R",
                "wchan": "0",
                "stack": null
            },
            {
                "tid": 871921,
                "state": "S",
                "wchan": "futex_wait_queue",
                "stack": null
            },
            {
                "tid": 871922,
                "state": "S",
                "wchan": "wait_woken",
                "stack": null
            },
            {
                "tid": 871930,
                "state": "S",
                "wchan": "hrtimer_nanosleep",
                "stack": null
            },
            {
                "tid": 871931,
                "state": "S",
                "wchan": "hrtimer_nanosleep",
                "stack": null
            }
        ],
        "threads_after": [
            {
                "tid": 871920,
                "state": "R",
                "wchan": "0",
                "stack": null
            },
            {
                "tid": 871921,
                "state": "S",
                "wchan": "futex_wait_queue",
                "stack": null
            },
            {
                "tid": 871922,
                "state": "S",
                "wchan": "wait_woken",
                "stack": null
            },
            {
                "tid": 871930,
                "state": "S",
                "wchan": "futex_wait_queue",
                "stack": null
            },
            {
                "tid": 871931,
                "state": "S",
                "wchan": "hrtimer_nanosleep",
                "stack": null
            }
        ]
    },
    "timestamp": 1775484024.21436
}
{
    "idx_task": 56,
    "task_name": "cpu_intensive",
    "duration": 17.10712742805481,
    "data": {
        "ppid": 871354,
        "voluntary_ctxt_switches": 213,
        "nonvoluntary_ctxt_switches": 38,
        "wchan": "Before: 0. After: 0",
        "delta_jiffies": 714,
        "delta_time": 14.493615754996426,
        "cpu_load": 49.26,
        "memory_mib": 0.00390625,
        "threads_before": [
            {
                "tid": 871920,
                "state": "R",
                "wchan": "0",
                "stack": null
            },
            {
                "tid": 871921,
                "state": "S",
                "wchan": "futex_wait_queue",
                "stack": null
            },
            {
                "tid": 871922,
                "state": "S",
                "wchan": "wait_woken",
                "stack": null
            },
            {
                "tid": 871930,
                "state": "S",
                "wchan": "futex_wait_queue",
                "stack": null
            },
            {
                "tid": 871931,
                "state": "S",
                "wchan": "hrtimer_nanosleep",
                "stack": null
            }
        ],
        "threads_after": [
            {
                "tid": 871920,
                "state": "R",
                "wchan": "0",
                "stack": null
            },
            {
                "tid": 871921,
                "state": "S",
                "wchan": "futex_wait_queue",
                "stack": null
            },
            {
                "tid": 871922,
                "state": "S",
                "wchan": "wait_woken",
                "stack": null
            },
            {
                "tid": 871930,
                "state": "S",
                "wchan": "futex_wait_queue",
                "stack": null
            },
            {
                "tid": 871931,
                "state": "S",
                "wchan": "hrtimer_nanosleep",
                "stack": null
            }
        ]
    },
    "timestamp": 1775484043.9341254
}
