{
    "idx_task": 27,
    "task_name": "cpu_intensive",
    "duration": 17.031251668930054,
    "data": {
        "ppid": 871354,
        "voluntary_ctxt_switches": 220,
        "nonvoluntary_ctxt_switches": 251,
        "wchan": "Before: 0. After: 0",
        "delta_jiffies": null,
        "delta_time": null,
        "cpu_load": 0.0,
        "memory_mib": 0.0234375,
        "threads_before": [
            {
                "tid": 871703,
                "state": "R",
                "wchan": "0",
                "stack": null
            },
            {
                "tid": 871704,
                "state": "S",
                "wchan": "futex_wait_queue",
                "stack": null
            },
            {
                "tid": 871705,
                "state": "S",
                "wchan": "wait_woken",
                "stack": null
            },
            {
                "tid": 871712,
                "state": "S",
                "wchan": "hrtimer_nanosleep",
                "stack": null
            },
            {
                "tid": 871713,
                "state": "S",
                "wchan": "hrtimer_nanosleep",
                "stack": null
            }
        ],
        "threads_after": [
            {
                "tid": 871703,
                "state": "R",
                "wchan": "0",
                "stack": null
            },
            {
                "tid": 871704,
                "state": "S",
                "wchan": "futex_wait_queue",
                "stack": null
            },
            {
                "tid": 871705,
                "state": "S",
                "wchan": "wait_woken",
                "stack": null
            },
            {
                "tid": 871712,
                "state": "S",
                "wchan": "futex_wait_queue",
                "stack": null
            },
            {
                "tid": 871713,
                "state": "S",
                "wchan": "hrtimer_nanosleep",
                "stack": null
            }
        ]
    },
    "timestamp": 1775483903.891049
}
{
    "idx_task": 31,
    "task_name": "cpu_intensive",
    "duration": 17.17276120185852,
    "data": {
        "ppid": 871354,
        "voluntary_ctxt_switches": 200,
        "nonvoluntary_ctxt_switches": 146,
        "wchan": "Before: 0. After: 0",
        "delta_jiffies": 718,
        "delta_time": 14.414128577918746,
        "cpu_load": 49.81,
        "memory_mib": 0.0,
        "threads_before": [
            {
                "tid": 871703,
                "state": "R",
                "wchan": "0",
                "stack": null
            },
            {
                "tid": 871704,
                "state": "S",
                "wchan": "futex_wait_queue",
                "stack": null
            },
            {
                "tid": 871705,
                "state": "S",
                "wchan": "wait_woken",
                "stack": null
            },
            {
                "tid": 871712,
                "state": "S",
                "wchan": "futex_wait_queue",
                "stack": null
            },
            {
                "tid": 871713,
                "state": "S",
                "wchan": "hrtimer_nanosleep",
                "stack": null
            }
        ],
        "threads_after": [
            {
                "tid": 871703,
                "state": "R",
                "wchan": "0",
                "stack": null
            },
            {
                "tid": 871704,
                "state": "S",
                "wchan": "futex_wait_queue",
                "stack": null
            },
            {
                "tid": 871705,
                "state": "S",
                "wchan": "wait_woken",
                "stack": null
            },
            {
                "tid": 871712,
                "state": "S",
                "wchan": "futex_wait_queue",
                "stack": null
            },
            {
                "tid": 871713,
                "state": "S",
                "wchan": "hrtimer_nanosleep",
                "stack": null
            }
        ]
    },
    "timestamp": 1775483923.8211992
}
