{
    "idx_task": 59,
    "task_name": "cpu_intensive",
    "duration": 17.681411743164062,
    "data": {
        "ppid": 871354,
        "voluntary_ctxt_switches": 239,
        "nonvoluntary_ctxt_switches": 153,
        "wchan": "Before: 0. After: 0",
        "delta_jiffies": null,
        "delta_time": null,
        "cpu_load": 0.0,
        "memory_mib": 0.015625,
        "threads_before": [
            {
                "tid": 872049,
                "state": "R",
                "wchan": "0",
                "stack": null
            },
            {
                "tid": 872050,
                "state": "S",
                "wchan": "futex_wait_queue",
                "stack": null
            },
            {
                "tid": 872051,
                "state": "S",
                "wchan": "wait_woken",
                "stack": null
            },
            {
                "tid": 872057,
                "state": "S",
                "wchan": "hrtimer_nanosleep",
                "stack": null
            },
            {
                "tid": 872058,
                "state": "S",
                "wchan": "hrtimer_nanosleep",
                "stack": null
            }
        ],
        "threads_after": [
            {
                "tid": 872049,
                "state": "R",
                "wchan": "0",
                "stack": null
            },
            {
                "tid": 872050,
                "state": "S",
                "wchan": "futex_wait_queue",
                "stack": null
            },
            {
                "tid": 872051,
                "state": "S",
                "wchan": "wait_woken",
                "stack": null
            },
            {
                "tid": 872057,
                "state": "S",
                "wchan": "futex_wait_queue",
                "stack": null
            },
            {
                "tid": 872058,
                "state": "S",
                "wchan": "hrtimer_nanosleep",
                "stack": null
            }
        ]
    },
    "timestamp": 1775484064.7535925
}
