{
    "active_periods": [
        {
            "start": 1778816370.428122,
            "end": 1778816673.181585,
            "duration_sec": 302.75346302986145,
            "tasks_completed": 542,
            "throughput_tps": 1.7902355090370707
        }
    ],
    "history": [
        {
            "timestamp": 1778816370.428122,
            "messages": 0,
            "ack": 54039
        },
        {
            "timestamp": 1778816375.434709,
            "messages": 0,
            "ack": 54039
        },
        {
            "timestamp": 1778816380.439884,
            "messages": 16,
            "ack": 54045
        },
        {
            "timestamp": 1778816385.444444,
            "messages": 40,
            "ack": 54050
        },
        {
            "timestamp": 1778816390.448555,
            "messages": 51,
            "ack": 54062
        },
        {
            "timestamp": 1778816395.453804,
            "messages": 76,
            "ack": 54070
        },
        {
            "timestamp": 1778816400.458873,
            "messages": 87,
            "ack": 54080
        },
        {
            "timestamp": 1778816405.464273,
            "messages": 111,
            "ack": 54088
        },
        {
            "timestamp": 1778816410.468639,
            "messages": 125,
            "ack": 54098
        },
        {
            "timestamp": 1778816415.474256,
            "messages": 134,
            "ack": 54106
        },
        {
            "timestamp": 1778816420.479674,
            "messages": 158,
            "ack": 54116
        },
        {
            "timestamp": 1778816425.485173,
            "messages": 172,
            "ack": 54124
        },
        {
            "timestamp": 1778816430.490817,
            "messages": 172,
            "ack": 54134
        },
        {
            "timestamp": 1778816435.496872,
            "messages": 196,
            "ack": 54142
        },
        {
            "timestamp": 1778816440.501875,
            "messages": 210,
            "ack": 54152
        },
        {
            "timestamp": 1778816445.50685,
            "messages": 226,
            "ack": 54160
        },
        {
            "timestamp": 1778816450.512349,
            "messages": 237,
            "ack": 54170
        },
        {
            "timestamp": 1778816455.516948,
            "messages": 261,
            "ack": 54178
        },
        {
            "timestamp": 1778816460.522273,
            "messages": 275,
            "ack": 54188
        },
        {
            "timestamp": 1778816465.527744,
            "messages": 299,
            "ack": 54196
        },
        {
            "timestamp": 1778816470.53282,
            "messages": 313,
            "ack": 54214
        },
        {
            "timestamp": 1778816475.538184,
            "messages": 322,
            "ack": 54224
        },
        {
            "timestamp": 1778816480.5437,
            "messages": 338,
            "ack": 54232
        },
        {
            "timestamp": 1778816485.548733,
            "messages": 360,
            "ack": 54242
        },
        {
            "timestamp": 1778816490.553331,
            "messages": 376,
            "ack": 54250
        },
        {
            "timestamp": 1778816495.558184,
            "messages": 376,
            "ack": 54260
        },
        {
            "timestamp": 1778816500.562409,
            "messages": 395,
            "ack": 54268
        },
        {
            "timestamp": 1778816505.569254,
            "messages": 411,
            "ack": 54278
        },
        {
            "timestamp": 1778816510.574378,
            "messages": 425,
            "ack": 54286
        },
        {
            "timestamp": 1778816515.579665,
            "messages": 449,
            "ack": 54296
        },
        {
            "timestamp": 1778816520.584229,
            "messages": 463,
            "ack": 54304
        },
        {
            "timestamp": 1778816525.588043,
            "messages": 487,
            "ack": 54314
        },
        {
            "timestamp": 1778816530.593016,
            "messages": 496,
            "ack": 54322
        },
        {
            "timestamp": 1778816535.599767,
            "messages": 510,
            "ack": 54332
        },
        {
            "timestamp": 1778816540.605605,
            "messages": 534,
            "ack": 54340
        },
        {
            "timestamp": 1778816545.609621,
            "messages": 548,
            "ack": 54350
        },
        {
            "timestamp": 1778816550.61488,
            "messages": 564,
            "ack": 54358
        },
        {
            "timestamp": 1778816555.619063,
            "messages": 564,
            "ack": 54368
        },
        {
            "timestamp": 1778816560.623527,
            "messages": 575,
            "ack": 54383
        },
        {
            "timestamp": 1778816565.627228,
            "messages": 599,
            "ack": 54391
        },
        {
            "timestamp": 1778816570.63288,
            "messages": 613,
            "ack": 54401
        },
        {
            "timestamp": 1778816575.637957,
            "messages": 637,
            "ack": 54409
        },
        {
            "timestamp": 1778816580.642742,
            "messages": 651,
            "ack": 54419
        },
        {
            "timestamp": 1778816585.647141,
            "messages": 660,
            "ack": 54427
        },
        {
            "timestamp": 1778816590.65111,
            "messages": 684,
            "ack": 54437
        },
        {
            "timestamp": 1778816595.656618,
            "messages": 698,
            "ack": 54445
        },
        {
            "timestamp": 1778816600.660855,
            "messages": 722,
            "ack": 54455
        },
        {
            "timestamp": 1778816605.666627,
            "messages": 736,
            "ack": 54463
        },
        {
            "timestamp": 1778816610.670383,
            "messages": 752,
            "ack": 54473
        },
        {
            "timestamp": 1778816615.674743,
            "messages": 763,
            "ack": 54481
        },
        {
            "timestamp": 1778816620.679374,
            "messages": 763,
            "ack": 54491
        },
        {
            "timestamp": 1778816625.683713,
            "messages": 787,
            "ack": 54499
        },
        {
            "timestamp": 1778816630.687718,
            "messages": 801,
            "ack": 54509
        },
        {
            "timestamp": 1778816635.693812,
            "messages": 825,
            "ack": 54517
        },
        {
            "timestamp": 1778816640.698191,
            "messages": 839,
            "ack": 54527
        },
        {
            "timestamp": 1778816645.70235,
            "messages": 848,
            "ack": 54535
        },
        {
            "timestamp": 1778816650.706787,
            "messages": 864,
            "ack": 54545
        },
        {
            "timestamp": 1778816655.710869,
            "messages": 886,
            "ack": 54553
        },
        {
            "timestamp": 1778816660.715378,
            "messages": 902,
            "ack": 54563
        },
        {
            "timestamp": 1778816665.721462,
            "messages": 924,
            "ack": 54571
        },
        {
            "timestamp": 1778816670.726203,
            "messages": 940,
            "ack": 54581
        },
        {
            "timestamp": 1778816673.174187,
            "messages": 951,
            "ack": 54581
        }
    ]
}