{
    "335512": {
        "ppid": "254983",
        "name": "celery",
        "cmdline": "/home/experimenter/projects/celery-autoscale/.venv/bin/python3 /home/experimenter/projects/celery-autoscale/.venv/bin/celery -A celery_app worker --loglevel=INFO --concurrency=2 --pool=gevent",
        "create_time": "2026-05-15T05:06:56.510000",
        "last_update": "2026-05-15T05:11:58.254372",
        "voluntary_ctxt_switches": 2141,
        "nonvoluntary_ctxt_switches": 518,
        "jiffies": 6078,
        "stats": [
            {
                "memory_mb": 48.1640625,
                "cpu_percent": 0.0,
                "timestamp": 1778810817.5881665
            },
            {
                "memory_mb": 48.59375,
                "cpu_percent": 38.1,
                "timestamp": 1778810818.6387274
            },
            {
                "memory_mb": 48.62109375,
                "cpu_percent": 29.5,
                "timestamp": 1778810819.6899805
            },
            {
                "memory_mb": 48.62109375,
                "cpu_percent": 68.4,
                "timestamp": 1778810820.7418716
            },
            {
                "memory_mb": 48.62109375,
                "cpu_percent": 0.0,
                "timestamp": 1778810821.7942562
            },
            {
                "memory_mb": 48.62109375,
                "cpu_percent": 0.0,
                "timestamp": 1778810822.8464108
            },
            {
                "memory_mb": 121.78515625,
                "cpu_percent": 9.5,
                "timestamp": 1778810823.9002228
            },
            {
                "memory_mb": 140.0546875,
                "cpu_percent": 67.4,
                "timestamp": 1778810824.953056
            },
            {
                "memory_mb": 139.28515625,
                "cpu_percent": 1.9,
                "timestamp": 1778810826.005772
            },
            {
                "memory_mb": 139.28515625,
                "cpu_percent": 1.0,
                "timestamp": 1778810827.0581515
            },
            {
                "memory_mb": 139.2890625,
                "cpu_percent": 8.6,
                "timestamp": 1778810828.1044238
            },
            {
                "memory_mb": 139.29296875,
                "cpu_percent": 61.7,
                "timestamp": 1778810829.1570892
            },
            {
                "memory_mb": 140.703125,
                "cpu_percent": 2.9,
                "timestamp": 1778810830.2093585
            },
            {
                "memory_mb": 138.64453125,
                "cpu_percent": 1.9,
                "timestamp": 1778810831.26232
            },
            {
                "memory_mb": 138.64453125,
                "cpu_percent": 0.0,
                "timestamp": 1778810832.3144753
            },
            {
                "memory_mb": 138.6484375,
                "cpu_percent": 32.5,
                "timestamp": 1778810833.3615396
            },
            {
                "memory_mb": 138.65234375,
                "cpu_percent": 36.1,
                "timestamp": 1778810834.4142137
            },
            {
                "memory_mb": 138.6484375,
                "cpu_percent": 68.7,
                "timestamp": 1778810835.461843
            },
            {
                "memory_mb": 138.64453125,
                "cpu_percent": 1.0,
                "timestamp": 1778810836.514296
            },
            {
                "memory_mb": 138.64453125,
                "cpu_percent": 0.0,
                "timestamp": 1778810837.5665512
            },
            {
                "memory_mb": 138.65234375,
                "cpu_percent": 2.8,
                "timestamp": 1778810838.6193378
            },
            {
                "memory_mb": 140.70703125,
                "cpu_percent": 63.0,
                "timestamp": 1778810839.6676955
            },
            {
                "memory_mb": 138.71484375,
                "cpu_percent": 10.4,
                "timestamp": 1778810840.7203343
            },
            {
                "memory_mb": 138.71484375,
                "cpu_percent": 0.0,
                "timestamp": 1778810841.7723773
            },
            {
                "memory_mb": 138.71484375,
                "cpu_percent": 0.0,
                "timestamp": 1778810842.8241608
            },
            {
                "memory_mb": 138.72265625,
                "cpu_percent": 73.2,
                "timestamp": 1778810843.8764405
            },
            {
                "memory_mb": 140.70703125,
                "cpu_percent": 4.8,
                "timestamp": 1778810844.9285858
            },
            {
                "memory_mb": 103.01171875,
                "cpu_percent": 1.9,
                "timestamp": 1778810845.980993
            },
            {
                "memory_mb": 103.01171875,
                "cpu_percent": 0.0,
                "timestamp": 1778810847.033361
            },
            {
                "memory_mb": 103.015625,
                "cpu_percent": 5.7,
                "timestamp": 1778810848.0855882
            },
            {
                "memory_mb": 103.01953125,
                "cpu_percent": 63.7,
                "timestamp": 1778810849.1380067
            },
            {
                "memory_mb": 103.015625,
                "cpu_percent": 41.0,
                "timestamp": 1778810850.1859684
            },
            {
                "memory_mb": 103.01171875,
                "cpu_percent": 31.4,
                "timestamp": 1778810851.2384176
            },
            {
                "memory_mb": 103.01171875,
                "cpu_percent": 0.0,
                "timestamp": 1778810852.2910368
            },
            {
                "memory_mb": 103.01953125,
                "cpu_percent": 0.9,
                "timestamp": 1778810853.3440666
            },
            {
                "memory_mb": 140.7109375,
                "cpu_percent": 39.1,
                "timestamp": 1778810854.391349
            },
            {
                "memory_mb": 138.64453125,
                "cpu_percent": 39.9,
                "timestamp": 1778810855.4434094
            },
            {
                "memory_mb": 138.64453125,
                "cpu_percent": 0.0,
                "timestamp": 1778810856.4957643
            },
            {
                "memory_mb": 138.64453125,
                "cpu_percent": 0.0,
                "timestamp": 1778810857.5503669
            },
            {
                "memory_mb": 138.6484375,
                "cpu_percent": 53.4,
                "timestamp": 1778810858.59883
            },
            {
                "memory_mb": 138.65234375,
                "cpu_percent": 17.1,
                "timestamp": 1778810859.651648
            },
            {
                "memory_mb": 95.57421875,
                "cpu_percent": 2.9,
                "timestamp": 1778810860.7037773
            },
            {
                "memory_mb": 95.57421875,
                "cpu_percent": 0.0,
                "timestamp": 1778810861.7562776
            },
            {
                "memory_mb": 95.57421875,
                "cpu_percent": 1.0,
                "timestamp": 1778810862.808128
            },
            {
                "memory_mb": 95.58203125,
                "cpu_percent": 66.5,
                "timestamp": 1778810863.8601058
            },
            {
                "memory_mb": 95.578125,
                "cpu_percent": 15.3,
                "timestamp": 1778810864.9081285
            },
            {
                "memory_mb": 95.57421875,
                "cpu_percent": 54.2,
                "timestamp": 1778810865.9607296
            },
            {
                "memory_mb": 95.57421875,
                "cpu_percent": 0.0,
                "timestamp": 1778810867.0134828
            },
            {
                "memory_mb": 95.58203125,
                "cpu_percent": 0.0,
                "timestamp": 1778810868.066973
            },
            {
                "memory_mb": 140.7109375,
                "cpu_percent": 13.4,
                "timestamp": 1778810869.1152322
            },
            {
                "memory_mb": 140.70703125,
                "cpu_percent": 61.8,
                "timestamp": 1778810870.167781
            },
            {
                "memory_mb": 138.64453125,
                "cpu_percent": 2.9,
                "timestamp": 1778810871.2202601
            },
            {
                "memory_mb": 138.64453125,
                "cpu_percent": 0.0,
                "timestamp": 1778810872.2726185
            },
            {
                "memory_mb": 138.6484375,
                "cpu_percent": 25.8,
                "timestamp": 1778810873.3204715
            },
            {
                "memory_mb": 138.65234375,
                "cpu_percent": 45.6,
                "timestamp": 1778810874.3729112
            },
            {
                "memory_mb": 140.703125,
                "cpu_percent": 1.9,
                "timestamp": 1778810875.4253452
            },
            {
                "memory_mb": 95.56640625,
                "cpu_percent": 2.9,
                "timestamp": 1778810876.4777217
            },
            {
                "memory_mb": 95.56640625,
                "cpu_percent": 0.0,
                "timestamp": 1778810877.5307345
            },
            {
                "memory_mb": 95.5703125,
                "cpu_percent": 49.6,
                "timestamp": 1778810878.5795445
            },
            {
                "memory_mb": 95.57421875,
                "cpu_percent": 19.0,
                "timestamp": 1778810879.6318133
            },
            {
                "memory_mb": 95.56640625,
                "cpu_percent": 68.5,
                "timestamp": 1778810880.683387
            },
            {
                "memory_mb": 95.56640625,
                "cpu_percent": 0.0,
                "timestamp": 1778810881.7351286
            },
            {
                "memory_mb": 95.56640625,
                "cpu_percent": 0.0,
                "timestamp": 1778810882.7866132
            },
            {
                "memory_mb": 122.27734375,
                "cpu_percent": 4.8,
                "timestamp": 1778810883.8391988
            },
            {
                "memory_mb": 140.70703125,
                "cpu_percent": 68.4,
                "timestamp": 1778810884.8916492
            },
            {
                "memory_mb": 138.64453125,
                "cpu_percent": 2.9,
                "timestamp": 1778810885.94415
            },
            {
                "memory_mb": 138.64453125,
                "cpu_percent": 0.0,
                "timestamp": 1778810886.9966896
            },
            {
                "memory_mb": 138.64453125,
                "cpu_percent": 0.0,
                "timestamp": 1778810888.0486875
            },
            {
                "memory_mb": 138.65234375,
                "cpu_percent": 69.3,
                "timestamp": 1778810889.1018107
            },
            {
                "memory_mb": 140.703125,
                "cpu_percent": 2.9,
                "timestamp": 1778810890.154172
            },
            {
                "memory_mb": 95.56640625,
                "cpu_percent": 3.8,
                "timestamp": 1778810891.2067492
            },
            {
                "memory_mb": 95.56640625,
                "cpu_percent": 0.0,
                "timestamp": 1778810892.2589374
            },
            {
                "memory_mb": 95.5703125,
                "cpu_percent": 22.9,
                "timestamp": 1778810893.3063872
            },
            {
                "memory_mb": 95.57421875,
                "cpu_percent": 43.7,
                "timestamp": 1778810894.3588629
            },
            {
                "memory_mb": 95.5703125,
                "cpu_percent": 61.1,
                "timestamp": 1778810895.4068534
            },
            {
                "memory_mb": 95.56640625,
                "cpu_percent": 6.7,
                "timestamp": 1778810896.459279
            },
            {
                "memory_mb": 95.56640625,
                "cpu_percent": 0.0,
                "timestamp": 1778810897.5115874
            },
            {
                "memory_mb": 95.57421875,
                "cpu_percent": 2.9,
                "timestamp": 1778810898.5639005
            },
            {
                "memory_mb": 140.7109375,
                "cpu_percent": 56.3,
                "timestamp": 1778810899.6118155
            },
            {
                "memory_mb": 138.64453125,
                "cpu_percent": 23.7,
                "timestamp": 1778810900.6654034
            },
            {
                "memory_mb": 138.64453125,
                "cpu_percent": 0.0,
                "timestamp": 1778810901.7177885
            },
            {
                "memory_mb": 138.64453125,
                "cpu_percent": 0.0,
                "timestamp": 1778810902.770203
            },
            {
                "memory_mb": 138.65234375,
                "cpu_percent": 65.6,
                "timestamp": 1778810903.8224137
            },
            {
                "memory_mb": 140.703125,
                "cpu_percent": 5.7,
                "timestamp": 1778810904.874775
            },
            {
                "memory_mb": 95.56640625,
                "cpu_percent": 1.9,
                "timestamp": 1778810905.9273608
            },
            {
                "memory_mb": 95.56640625,
                "cpu_percent": 0.0,
                "timestamp": 1778810906.9796276
            },
            {
                "memory_mb": 95.56640625,
                "cpu_percent": 0.9,
                "timestamp": 1778810908.0323644
            },
            {
                "memory_mb": 95.57421875,
                "cpu_percent": 65.5,
                "timestamp": 1778810909.0850754
            },
            {
                "memory_mb": 95.5703125,
                "cpu_percent": 33.4,
                "timestamp": 1778810910.1328123
            },
            {
                "memory_mb": 95.56640625,
                "cpu_percent": 32.3,
                "timestamp": 1778810911.1853716
            },
            {
                "memory_mb": 95.56640625,
                "cpu_percent": 0.0,
                "timestamp": 1778810912.2377484
            },
            {
                "memory_mb": 95.57421875,
                "cpu_percent": 2.9,
                "timestamp": 1778810913.2895954
            },
            {
                "memory_mb": 140.7109375,
                "cpu_percent": 29.6,
                "timestamp": 1778810914.3376646
            },
            {
                "memory_mb": 140.70703125,
                "cpu_percent": 42.8,
                "timestamp": 1778810915.3901055
            },
            {
                "memory_mb": 138.64453125,
                "cpu_percent": 1.9,
                "timestamp": 1778810916.4425373
            },
            {
                "memory_mb": 138.64453125,
                "cpu_percent": 0.0,
                "timestamp": 1778810917.4950488
            },
            {
                "memory_mb": 138.6484375,
                "cpu_percent": 43.9,
                "timestamp": 1778810918.5437117
            },
            {
                "memory_mb": 138.65234375,
                "cpu_percent": 28.5,
                "timestamp": 1778810919.5952957
            },
            {
                "memory_mb": 95.56640625,
                "cpu_percent": 3.8,
                "timestamp": 1778810920.6473854
            },
            {
                "memory_mb": 95.56640625,
                "cpu_percent": 0.9,
                "timestamp": 1778810921.7001362
            },
            {
                "memory_mb": 95.56640625,
                "cpu_percent": 0.0,
                "timestamp": 1778810922.7521777
            },
            {
                "memory_mb": 95.57421875,
                "cpu_percent": 66.8,
                "timestamp": 1778810923.8004305
            },
            {
                "memory_mb": 95.5703125,
                "cpu_percent": 4.8,
                "timestamp": 1778810924.8505142
            },
            {
                "memory_mb": 95.56640625,
                "cpu_percent": 64.6,
                "timestamp": 1778810925.9035952
            },
            {
                "memory_mb": 95.56640625,
                "cpu_percent": 0.0,
                "timestamp": 1778810926.9560976
            },
            {
                "memory_mb": 95.56640625,
                "cpu_percent": 0.0,
                "timestamp": 1778810928.0079165
            },
            {
                "memory_mb": 130.87890625,
                "cpu_percent": 6.6,
                "timestamp": 1778810929.0606623
            },
            {
                "memory_mb": 140.70703125,
                "cpu_percent": 67.5,
                "timestamp": 1778810930.1130946
            },
            {
                "memory_mb": 138.64453125,
                "cpu_percent": 1.9,
                "timestamp": 1778810931.1656952
            },
            {
                "memory_mb": 138.64453125,
                "cpu_percent": 0.0,
                "timestamp": 1778810932.2180305
            },
            {
                "memory_mb": 138.6484375,
                "cpu_percent": 16.2,
                "timestamp": 1778810933.2653031
            },
            {
                "memory_mb": 138.65234375,
                "cpu_percent": 54.1,
                "timestamp": 1778810934.3180885
            },
            {
                "memory_mb": 140.70703125,
                "cpu_percent": 2.8,
                "timestamp": 1778810935.3714402
            },
            {
                "memory_mb": 138.71875,
                "cpu_percent": 2.9,
                "timestamp": 1778810936.4238856
            },
            {
                "memory_mb": 138.71875,
                "cpu_percent": 0.0,
                "timestamp": 1778810937.4762814
            },
            {
                "memory_mb": 138.72265625,
                "cpu_percent": 40.1,
                "timestamp": 1778810938.5244055
            },
            {
                "memory_mb": 138.7265625,
                "cpu_percent": 28.5,
                "timestamp": 1778810939.5766003
            },
            {
                "memory_mb": 138.71875,
                "cpu_percent": 68.4,
                "timestamp": 1778810940.628931
            },
            {
                "memory_mb": 138.71875,
                "cpu_percent": 0.0,
                "timestamp": 1778810941.6812565
            },
            {
                "memory_mb": 138.71875,
                "cpu_percent": 1.0,
                "timestamp": 1778810942.7329109
            },
            {
                "memory_mb": 138.7265625,
                "cpu_percent": 2.8,
                "timestamp": 1778810943.7859254
            },
            {
                "memory_mb": 140.703125,
                "cpu_percent": 69.6,
                "timestamp": 1778810944.8340626
            },
            {
                "memory_mb": 138.64453125,
                "cpu_percent": 1.9,
                "timestamp": 1778810945.8861887
            },
            {
                "memory_mb": 138.64453125,
                "cpu_percent": 0.0,
                "timestamp": 1778810946.9384966
            },
            {
                "memory_mb": 138.64453125,
                "cpu_percent": 0.0,
                "timestamp": 1778810947.9915452
            },
            {
                "memory_mb": 138.65234375,
                "cpu_percent": 67.4,
                "timestamp": 1778810949.0444303
            },
            {
                "memory_mb": 140.70703125,
                "cpu_percent": 3.8,
                "timestamp": 1778810950.0969462
            },
            {
                "memory_mb": 138.71875,
                "cpu_percent": 2.9,
                "timestamp": 1778810951.1494448
            },
            {
                "memory_mb": 138.71875,
                "cpu_percent": 0.0,
                "timestamp": 1778810952.2021453
            },
            {
                "memory_mb": 138.72265625,
                "cpu_percent": 13.4,
                "timestamp": 1778810953.250599
            },
            {
                "memory_mb": 138.7265625,
                "cpu_percent": 54.2,
                "timestamp": 1778810954.3029141
            },
            {
                "memory_mb": 138.72265625,
                "cpu_percent": 49.7,
                "timestamp": 1778810955.3502402
            },
            {
                "memory_mb": 138.71875,
                "cpu_percent": 19.0,
                "timestamp": 1778810956.4026566
            },
            {
                "memory_mb": 138.71875,
                "cpu_percent": 0.0,
                "timestamp": 1778810957.4560468
            },
            {
                "memory_mb": 138.7265625,
                "cpu_percent": 2.8,
                "timestamp": 1778810958.508751
            },
            {
                "memory_mb": 140.70703125,
                "cpu_percent": 44.8,
                "timestamp": 1778810959.5569165
            },
            {
                "memory_mb": 138.6484375,
                "cpu_percent": 26.6,
                "timestamp": 1778810960.6094434
            },
            {
                "memory_mb": 138.6484375,
                "cpu_percent": 0.0,
                "timestamp": 1778810961.6621141
            },
            {
                "memory_mb": 138.6484375,
                "cpu_percent": 0.0,
                "timestamp": 1778810962.7136123
            },
            {
                "memory_mb": 138.65234375,
                "cpu_percent": 62.0,
                "timestamp": 1778810963.7620802
            },
            {
                "memory_mb": 140.7109375,
                "cpu_percent": 8.6,
                "timestamp": 1778810964.8137279
            },
            {
                "memory_mb": 138.72265625,
                "cpu_percent": 2.8,
                "timestamp": 1778810965.866986
            },
            {
                "memory_mb": 138.72265625,
                "cpu_percent": 0.0,
                "timestamp": 1778810966.9194791
            },
            {
                "memory_mb": 138.72265625,
                "cpu_percent": 0.0,
                "timestamp": 1778810967.9720418
            },
            {
                "memory_mb": 138.73046875,
                "cpu_percent": 68.4,
                "timestamp": 1778810969.025128
            },
            {
                "memory_mb": 138.7265625,
                "cpu_percent": 21.9,
                "timestamp": 1778810970.073419
            },
            {
                "memory_mb": 138.72265625,
                "cpu_percent": 46.6,
                "timestamp": 1778810971.125925
            },
            {
                "memory_mb": 138.72265625,
                "cpu_percent": 0.0,
                "timestamp": 1778810972.1785645
            },
            {
                "memory_mb": 138.73046875,
                "cpu_percent": 0.0,
                "timestamp": 1778810973.230017
            },
            {
                "memory_mb": 140.7109375,
                "cpu_percent": 20.0,
                "timestamp": 1778810974.2778046
            },
            {
                "memory_mb": 140.70703125,
                "cpu_percent": 51.3,
                "timestamp": 1778810975.3302877
            },
            {
                "memory_mb": 138.6484375,
                "cpu_percent": 1.9,
                "timestamp": 1778810976.3827856
            },
            {
                "memory_mb": 138.6484375,
                "cpu_percent": 1.0,
                "timestamp": 1778810977.4353495
            },
            {
                "memory_mb": 138.65234375,
                "cpu_percent": 33.4,
                "timestamp": 1778810978.482751
            },
            {
                "memory_mb": 138.65625,
                "cpu_percent": 35.2,
                "timestamp": 1778810979.5351782
            },
            {
                "memory_mb": 138.72265625,
                "cpu_percent": 3.8,
                "timestamp": 1778810980.5878856
            },
            {
                "memory_mb": 138.72265625,
                "cpu_percent": 0.0,
                "timestamp": 1778810981.640298
            },
            {
                "memory_mb": 138.72265625,
                "cpu_percent": 0.9,
                "timestamp": 1778810982.6953478
            },
            {
                "memory_mb": 138.7265625,
                "cpu_percent": 58.2,
                "timestamp": 1778810983.7443266
            },
            {
                "memory_mb": 138.73046875,
                "cpu_percent": 7.6,
                "timestamp": 1778810984.7977924
            },
            {
                "memory_mb": 138.72265625,
                "cpu_percent": 69.4,
                "timestamp": 1778810985.8500228
            },
            {
                "memory_mb": 138.72265625,
                "cpu_percent": 0.0,
                "timestamp": 1778810986.9025285
            },
            {
                "memory_mb": 138.72265625,
                "cpu_percent": 0.0,
                "timestamp": 1778810987.9551754
            },
            {
                "memory_mb": 138.73046875,
                "cpu_percent": 4.8,
                "timestamp": 1778810989.0074596
            },
            {
                "memory_mb": 140.7109375,
                "cpu_percent": 68.5,
                "timestamp": 1778810990.0587645
            },
            {
                "memory_mb": 138.65234375,
                "cpu_percent": 1.9,
                "timestamp": 1778810991.110995
            },
            {
                "memory_mb": 138.65234375,
                "cpu_percent": 0.0,
                "timestamp": 1778810992.1635296
            },
            {
                "memory_mb": 138.65625,
                "cpu_percent": 7.6,
                "timestamp": 1778810993.2118616
            },
            {
                "memory_mb": 138.66015625,
                "cpu_percent": 60.8,
                "timestamp": 1778810994.2643092
            },
            {
                "memory_mb": 140.71484375,
                "cpu_percent": 2.8,
                "timestamp": 1778810995.3169868
            },
            {
                "memory_mb": 138.72265625,
                "cpu_percent": 2.9,
                "timestamp": 1778810996.3694594
            },
            {
                "memory_mb": 138.72265625,
                "cpu_percent": 0.0,
                "timestamp": 1778810997.421921
            },
            {
                "memory_mb": 138.7265625,
                "cpu_percent": 31.5,
                "timestamp": 1778810998.4695165
            },
            {
                "memory_mb": 138.73046875,
                "cpu_percent": 34.2,
                "timestamp": 1778810999.521771
            },
            {
                "memory_mb": 138.72265625,
                "cpu_percent": 68.7,
                "timestamp": 1778811000.5702915
            },
            {
                "memory_mb": 138.72265625,
                "cpu_percent": 0.0,
                "timestamp": 1778811001.6226919
            },
            {
                "memory_mb": 138.72265625,
                "cpu_percent": 0.0,
                "timestamp": 1778811002.6763453
            },
            {
                "memory_mb": 138.73046875,
                "cpu_percent": 3.8,
                "timestamp": 1778811003.7279687
            },
            {
                "memory_mb": 140.71484375,
                "cpu_percent": 61.1,
                "timestamp": 1778811004.7754393
            },
            {
                "memory_mb": 138.65234375,
                "cpu_percent": 11.4,
                "timestamp": 1778811005.8278296
            },
            {
                "memory_mb": 138.65234375,
                "cpu_percent": 0.0,
                "timestamp": 1778811006.8804157
            },
            {
                "memory_mb": 138.65234375,
                "cpu_percent": 0.0,
                "timestamp": 1778811007.933039
            },
            {
                "memory_mb": 138.66015625,
                "cpu_percent": 66.5,
                "timestamp": 1778811008.986128
            },
            {
                "memory_mb": 140.71484375,
                "cpu_percent": 3.8,
                "timestamp": 1778811010.038249
            },
            {
                "memory_mb": 138.72265625,
                "cpu_percent": 3.8,
                "timestamp": 1778811011.0910895
            },
            {
                "memory_mb": 138.72265625,
                "cpu_percent": 0.0,
                "timestamp": 1778811012.1440341
            },
            {
                "memory_mb": 138.7265625,
                "cpu_percent": 3.8,
                "timestamp": 1778811013.1955383
            },
            {
                "memory_mb": 138.73046875,
                "cpu_percent": 63.7,
                "timestamp": 1778811014.2480626
            },
            {
                "memory_mb": 138.7265625,
                "cpu_percent": 41.0,
                "timestamp": 1778811015.2960305
            },
            {
                "memory_mb": 138.72265625,
                "cpu_percent": 27.6,
                "timestamp": 1778811016.348306
            },
            {
                "memory_mb": 138.72265625,
                "cpu_percent": 0.0,
                "timestamp": 1778811017.400537
            },
            {
                "memory_mb": 138.73046875,
                "cpu_percent": 1.9,
                "timestamp": 1778811018.4534037
            },
            {
                "memory_mb": 140.71484375,
                "cpu_percent": 35.3,
                "timestamp": 1778811019.5017693
            },
            {
                "memory_mb": 138.65625,
                "cpu_percent": 38.2,
                "timestamp": 1778811020.549837
            },
            {
                "memory_mb": 138.65625,
                "cpu_percent": 0.0,
                "timestamp": 1778811021.6024601
            },
            {
                "memory_mb": 138.65625,
                "cpu_percent": 0.0,
                "timestamp": 1778811022.6551397
            },
            {
                "memory_mb": 138.66015625,
                "cpu_percent": 52.5,
                "timestamp": 1778811023.7035575
            },
            {
                "memory_mb": 138.6640625,
                "cpu_percent": 18.1,
                "timestamp": 1778811024.7560558
            },
            {
                "memory_mb": 138.7265625,
                "cpu_percent": 3.8,
                "timestamp": 1778811025.808498
            },
            {
                "memory_mb": 138.7265625,
                "cpu_percent": 0.0,
                "timestamp": 1778811026.8611915
            },
            {
                "memory_mb": 138.7265625,
                "cpu_percent": 0.0,
                "timestamp": 1778811027.9131193
            },
            {
                "memory_mb": 138.734375,
                "cpu_percent": 68.4,
                "timestamp": 1778811028.965728
            },
            {
                "memory_mb": 138.73046875,
                "cpu_percent": 12.4,
                "timestamp": 1778811030.0138106
            },
            {
                "memory_mb": 138.7265625,
                "cpu_percent": 57.0,
                "timestamp": 1778811031.066323
            },
            {
                "memory_mb": 138.7265625,
                "cpu_percent": 0.0,
                "timestamp": 1778811032.1190195
            },
            {
                "memory_mb": 138.734375,
                "cpu_percent": 0.9,
                "timestamp": 1778811033.1742043
            },
            {
                "memory_mb": 140.72265625,
                "cpu_percent": 9.5,
                "timestamp": 1778811034.2246988
            },
            {
                "memory_mb": 140.71875,
                "cpu_percent": 60.8,
                "timestamp": 1778811035.277677
            },
            {
                "memory_mb": 131.00390625,
                "cpu_percent": 1.9,
                "timestamp": 1778811036.330026
            },
            {
                "memory_mb": 131.00390625,
                "cpu_percent": 0.0,
                "timestamp": 1778811037.3823605
            },
            {
                "memory_mb": 131.0078125,
                "cpu_percent": 27.7,
                "timestamp": 1778811038.4301658
            },
            {
                "memory_mb": 131.01171875,
                "cpu_percent": 42.8,
                "timestamp": 1778811039.4826663
            },
            {
                "memory_mb": 140.71875,
                "cpu_percent": 3.8,
                "timestamp": 1778811040.5350223
            },
            {
                "memory_mb": 138.66015625,
                "cpu_percent": 1.0,
                "timestamp": 1778811041.5875578
            },
            {
                "memory_mb": 138.66015625,
                "cpu_percent": 0.0,
                "timestamp": 1778811042.6400456
            },
            {
                "memory_mb": 138.6640625,
                "cpu_percent": 51.5,
                "timestamp": 1778811043.6876464
            },
            {
                "memory_mb": 138.66796875,
                "cpu_percent": 16.2,
                "timestamp": 1778811044.7399795
            },
            {
                "memory_mb": 138.66015625,
                "cpu_percent": 67.5,
                "timestamp": 1778811045.7923298
            },
            {
                "memory_mb": 138.66015625,
                "cpu_percent": 0.0,
                "timestamp": 1778811046.8447301
            },
            {
                "memory_mb": 138.66015625,
                "cpu_percent": 0.0,
                "timestamp": 1778811047.89777
            },
            {
                "memory_mb": 138.66796875,
                "cpu_percent": 3.8,
                "timestamp": 1778811048.9497414
            },
            {
                "memory_mb": 140.73046875,
                "cpu_percent": 66.5,
                "timestamp": 1778811050.0019095
            },
            {
                "memory_mb": 131.01171875,
                "cpu_percent": 2.9,
                "timestamp": 1778811051.0541472
            },
            {
                "memory_mb": 131.01171875,
                "cpu_percent": 0.0,
                "timestamp": 1778811052.1064203
            },
            {
                "memory_mb": 131.01171875,
                "cpu_percent": 0.0,
                "timestamp": 1778811053.158821
            },
            {
                "memory_mb": 131.01953125,
                "cpu_percent": 72.1,
                "timestamp": 1778811054.2121959
            },
            {
                "memory_mb": 140.7265625,
                "cpu_percent": 4.8,
                "timestamp": 1778811055.26467
            },
            {
                "memory_mb": 138.671875,
                "cpu_percent": 1.9,
                "timestamp": 1778811056.3170578
            },
            {
                "memory_mb": 138.671875,
                "cpu_percent": 0.0,
                "timestamp": 1778811057.3694143
            },
            {
                "memory_mb": 138.67578125,
                "cpu_percent": 23.9,
                "timestamp": 1778811058.4175417
            },
            {
                "memory_mb": 138.6796875,
                "cpu_percent": 44.7,
                "timestamp": 1778811059.4691114
            },
            {
                "memory_mb": 138.67578125,
                "cpu_percent": 60.1,
                "timestamp": 1778811060.5171993
            },
            {
                "memory_mb": 138.671875,
                "cpu_percent": 9.5,
                "timestamp": 1778811061.5695527
            },
            {
                "memory_mb": 138.671875,
                "cpu_percent": 0.0,
                "timestamp": 1778811062.622051
            },
            {
                "memory_mb": 138.6796875,
                "cpu_percent": 2.8,
                "timestamp": 1778811063.675106
            },
            {
                "memory_mb": 140.73828125,
                "cpu_percent": 53.5,
                "timestamp": 1778811064.7226038
            },
            {
                "memory_mb": 138.7421875,
                "cpu_percent": 19.0,
                "timestamp": 1778811065.7753108
            },
            {
                "memory_mb": 138.7421875,
                "cpu_percent": 0.0,
                "timestamp": 1778811066.8276615
            },
            {
                "memory_mb": 138.7421875,
                "cpu_percent": 0.0,
                "timestamp": 1778811067.8793833
            },
            {
                "memory_mb": 138.75,
                "cpu_percent": 68.7,
                "timestamp": 1778811068.9278398
            },
            {
                "memory_mb": 140.734375,
                "cpu_percent": 5.7,
                "timestamp": 1778811069.9805837
            },
            {
                "memory_mb": 131.5234375,
                "cpu_percent": 1.9,
                "timestamp": 1778811071.0328581
            },
            {
                "memory_mb": 131.5234375,
                "cpu_percent": 0.0,
                "timestamp": 1778811072.0855527
            },
            {
                "memory_mb": 131.5234375,
                "cpu_percent": 0.0,
                "timestamp": 1778811073.1380708
            },
            {
                "memory_mb": 131.53125,
                "cpu_percent": 68.3,
                "timestamp": 1778811074.1916382
            },
            {
                "memory_mb": 131.52734375,
                "cpu_percent": 33.4,
                "timestamp": 1778811075.2399173
            },
            {
                "memory_mb": 131.5234375,
                "cpu_percent": 34.2,
                "timestamp": 1778811076.2925525
            },
            {
                "memory_mb": 131.5234375,
                "cpu_percent": 0.0,
                "timestamp": 1778811077.345146
            },
            {
                "memory_mb": 131.53125,
                "cpu_percent": 1.9,
                "timestamp": 1778811078.3977902
            },
            {
                "memory_mb": 140.73828125,
                "cpu_percent": 28.6,
                "timestamp": 1778811079.44569
            },
            {
                "memory_mb": 138.67578125,
                "cpu_percent": 43.7,
                "timestamp": 1778811080.4982128
            },
            {
                "memory_mb": 138.671875,
                "cpu_percent": 0.0,
                "timestamp": 1778811081.551088
            },
            {
                "memory_mb": 138.671875,
                "cpu_percent": 0.0,
                "timestamp": 1778811082.6036375
            },
            {
                "memory_mb": 138.67578125,
                "cpu_percent": 44.9,
                "timestamp": 1778811083.6508918
            },
            {
                "memory_mb": 138.6796875,
                "cpu_percent": 26.6,
                "timestamp": 1778811084.703075
            },
            {
                "memory_mb": 138.74609375,
                "cpu_percent": 3.8,
                "timestamp": 1778811085.7554595
            },
            {
                "memory_mb": 138.74609375,
                "cpu_percent": 0.0,
                "timestamp": 1778811086.8079903
            },
            {
                "memory_mb": 138.74609375,
                "cpu_percent": 0.9,
                "timestamp": 1778811087.8620524
            },
            {
                "memory_mb": 138.75390625,
                "cpu_percent": 67.7,
                "timestamp": 1778811088.9108186
            },
            {
                "memory_mb": 138.75,
                "cpu_percent": 5.7,
                "timestamp": 1778811089.9593995
            },
            {
                "memory_mb": 138.74609375,
                "cpu_percent": 62.7,
                "timestamp": 1778811091.0119817
            },
            {
                "memory_mb": 138.74609375,
                "cpu_percent": 0.0,
                "timestamp": 1778811092.0646403
            },
            {
                "memory_mb": 138.74609375,
                "cpu_percent": 0.0,
                "timestamp": 1778811093.116972
            },
            {
                "memory_mb": 140.73828125,
                "cpu_percent": 3.8,
                "timestamp": 1778811094.16959
            },
            {
                "memory_mb": 140.73828125,
                "cpu_percent": 66.5,
                "timestamp": 1778811095.2228339
            },
            {
                "memory_mb": 131.015625,
                "cpu_percent": 1.9,
                "timestamp": 1778811096.2753048
            },
            {
                "memory_mb": 131.015625,
                "cpu_percent": 0.0,
                "timestamp": 1778811097.3287299
            },
            {
                "memory_mb": 131.01953125,
                "cpu_percent": 18.1,
                "timestamp": 1778811098.3768716
            },
            {
                "memory_mb": 131.0234375,
                "cpu_percent": 52.3,
                "timestamp": 1778811099.4294398
            },
            {
                "memory_mb": 140.73828125,
                "cpu_percent": 2.8,
                "timestamp": 1778811100.48211
            },
            {
                "memory_mb": 138.67578125,
                "cpu_percent": 2.8,
                "timestamp": 1778811101.534758
            },
            {
                "memory_mb": 138.67578125,
                "cpu_percent": 0.0,
                "timestamp": 1778811102.587766
            },
            {
                "memory_mb": 138.6796875,
                "cpu_percent": 41.0,
                "timestamp": 1778811103.6355395
            },
            {
                "memory_mb": 138.68359375,
                "cpu_percent": 24.7,
                "timestamp": 1778811104.6876757
            },
            {
                "memory_mb": 138.67578125,
                "cpu_percent": 68.4,
                "timestamp": 1778811105.739975
            },
            {
                "memory_mb": 138.67578125,
                "cpu_percent": 0.0,
                "timestamp": 1778811106.7925785
            },
            {
                "memory_mb": 138.67578125,
                "cpu_percent": 0.0,
                "timestamp": 1778811107.846915
            },
            {
                "memory_mb": 138.68359375,
                "cpu_percent": 3.8,
                "timestamp": 1778811108.899845
            },
            {
                "memory_mb": 140.734375,
                "cpu_percent": 67.7,
                "timestamp": 1778811109.948375
            },
            {
                "memory_mb": 138.75,
                "cpu_percent": 1.9,
                "timestamp": 1778811111.000978
            },
            {
                "memory_mb": 138.75,
                "cpu_percent": 1.0,
                "timestamp": 1778811112.0531442
            },
            {
                "memory_mb": 138.75,
                "cpu_percent": 0.0,
                "timestamp": 1778811113.1054137
            },
            {
                "memory_mb": 138.7578125,
                "cpu_percent": 66.5,
                "timestamp": 1778811114.158126
            },
            {
                "memory_mb": 140.734375,
                "cpu_percent": 3.8,
                "timestamp": 1778811115.2105622
            },
            {
                "memory_mb": 134.1328125,
                "cpu_percent": 2.9,
                "timestamp": 1778811116.262821
            },
            {
                "memory_mb": 134.1328125,
                "cpu_percent": 0.0,
                "timestamp": 1778811117.3153565
            },
            {
                "memory_mb": 134.1328125,
                "cpu_percent": 0.0,
                "timestamp": 1778811118.254372
            }
        ]
    }
}
