Процесс: 85789
УПРАВЛЯЮЩИЙ ПРОЦЕСС
Родитель: 13546
Создан: 2026-04-26T15:41:36.290000
Последний замер: 2026-04-26T15:46:40.023063
Время жизни: 303.733063 сек
voluntary_ctxt_switches: 2425
nonvoluntary_ctxt_switches: 10
jiffies: 89.0
avg_cpu_load: 0.2 %
avg_memory_mb: 42.7 MB


Процесс: 85796
Родитель: 85789
Создан: 2026-04-26T15:41:36.690000
Последний замер: 2026-04-26T15:46:40.023279
Время жизни: 303.333279 сек
voluntary_ctxt_switches: 982
nonvoluntary_ctxt_switches: 1595
jiffies: 8032.0
avg_cpu_load: 26.5 %
avg_memory_mb: 115.4 MB

Среднее latency: 5.37
Средний runtime: 1.64
Всего задач: 184
Задач по типам: cpu_intensive - 123; memory_intensive - 61

Процесс: 85797
Родитель: 85789
Создан: 2026-04-26T15:41:36.720000
Последний замер: 2026-04-26T15:46:40.023481
Время жизни: 303.303481 сек
voluntary_ctxt_switches: 982
nonvoluntary_ctxt_switches: 676
jiffies: 8073.0
avg_cpu_load: 26.7 %
avg_memory_mb: 119.2 MB

Среднее latency: 5.36
Средний runtime: 1.64
Всего задач: 184
Задач по типам: cpu_intensive - 123; memory_intensive - 61

