{
    "active_periods": [
        {
            "start": 1777211563.145087,
            "end": 1777211867.116993,
            "duration_sec": 303.97190594673157,
            "tasks_completed": 364,
            "throughput_tps": 1.1974790856619093
        }
    ],
    "history": [
        {
            "timestamp": 1777211563.145087,
            "messages": 0,
            "ack": 82104
        },
        {
            "timestamp": 1777211568.153879,
            "messages": 2,
            "ack": 82108
        },
        {
            "timestamp": 1777211573.161159,
            "messages": 4,
            "ack": 82114
        },
        {
            "timestamp": 1777211578.167895,
            "messages": 3,
            "ack": 82120
        },
        {
            "timestamp": 1777211583.173864,
            "messages": 2,
            "ack": 82126
        },
        {
            "timestamp": 1777211588.180012,
            "messages": 2,
            "ack": 82132
        },
        {
            "timestamp": 1777211593.18512,
            "messages": 4,
            "ack": 82138
        },
        {
            "timestamp": 1777211598.19071,
            "messages": 4,
            "ack": 82144
        },
        {
            "timestamp": 1777211603.196923,
            "messages": 2,
            "ack": 82150
        },
        {
            "timestamp": 1777211608.20213,
            "messages": 4,
            "ack": 82156
        },
        {
            "timestamp": 1777211613.20891,
            "messages": 4,
            "ack": 82162
        },
        {
            "timestamp": 1777211618.213841,
            "messages": 4,
            "ack": 82168
        },
        {
            "timestamp": 1777211623.218007,
            "messages": 4,
            "ack": 82174
        },
        {
            "timestamp": 1777211628.223257,
            "messages": 4,
            "ack": 82180
        },
        {
            "timestamp": 1777211633.228604,
            "messages": 5,
            "ack": 82186
        },
        {
            "timestamp": 1777211638.233912,
            "messages": 4,
            "ack": 82192
        },
        {
            "timestamp": 1777211643.239642,
            "messages": 4,
            "ack": 82198
        },
        {
            "timestamp": 1777211648.245752,
            "messages": 6,
            "ack": 82204
        },
        {
            "timestamp": 1777211653.251561,
            "messages": 6,
            "ack": 82211
        },
        {
            "timestamp": 1777211658.258802,
            "messages": 4,
            "ack": 82218
        },
        {
            "timestamp": 1777211663.263697,
            "messages": 4,
            "ack": 82224
        },
        {
            "timestamp": 1777211668.268268,
            "messages": 6,
            "ack": 82230
        },
        {
            "timestamp": 1777211673.274008,
            "messages": 6,
            "ack": 82236
        },
        {
            "timestamp": 1777211678.279022,
            "messages": 4,
            "ack": 82242
        },
        {
            "timestamp": 1777211683.284816,
            "messages": 4,
            "ack": 82248
        },
        {
            "timestamp": 1777211688.291406,
            "messages": 6,
            "ack": 82254
        },
        {
            "timestamp": 1777211693.297143,
            "messages": 6,
            "ack": 82260
        },
        {
            "timestamp": 1777211698.301875,
            "messages": 6,
            "ack": 82266
        },
        {
            "timestamp": 1777211703.306455,
            "messages": 4,
            "ack": 82272
        },
        {
            "timestamp": 1777211708.311284,
            "messages": 6,
            "ack": 82278
        },
        {
            "timestamp": 1777211713.317524,
            "messages": 6,
            "ack": 82284
        },
        {
            "timestamp": 1777211718.32258,
            "messages": 7,
            "ack": 82290
        },
        {
            "timestamp": 1777211723.327235,
            "messages": 6,
            "ack": 82296
        },
        {
            "timestamp": 1777211728.333783,
            "messages": 6,
            "ack": 82302
        },
        {
            "timestamp": 1777211733.339854,
            "messages": 8,
            "ack": 82309
        },
        {
            "timestamp": 1777211738.345269,
            "messages": 7,
            "ack": 82316
        },
        {
            "timestamp": 1777211743.351212,
            "messages": 6,
            "ack": 82322
        },
        {
            "timestamp": 1777211748.355763,
            "messages": 6,
            "ack": 82328
        },
        {
            "timestamp": 1777211753.361282,
            "messages": 8,
            "ack": 82334
        },
        {
            "timestamp": 1777211758.367254,
            "messages": 8,
            "ack": 82340
        },
        {
            "timestamp": 1777211763.371627,
            "messages": 7,
            "ack": 82346
        },
        {
            "timestamp": 1777211768.376706,
            "messages": 6,
            "ack": 82352
        },
        {
            "timestamp": 1777211773.382087,
            "messages": 8,
            "ack": 82358
        },
        {
            "timestamp": 1777211778.387318,
            "messages": 8,
            "ack": 82364
        },
        {
            "timestamp": 1777211783.39248,
            "messages": 8,
            "ack": 82370
        },
        {
            "timestamp": 1777211788.397455,
            "messages": 8,
            "ack": 82376
        },
        {
            "timestamp": 1777211793.402111,
            "messages": 8,
            "ack": 82382
        },
        {
            "timestamp": 1777211798.406703,
            "messages": 9,
            "ack": 82388
        },
        {
            "timestamp": 1777211803.411999,
            "messages": 8,
            "ack": 82394
        },
        {
            "timestamp": 1777211808.417141,
            "messages": 8,
            "ack": 82400
        },
        {
            "timestamp": 1777211813.421513,
            "messages": 10,
            "ack": 82406
        },
        {
            "timestamp": 1777211818.426379,
            "messages": 10,
            "ack": 82412
        },
        {
            "timestamp": 1777211823.431977,
            "messages": 8,
            "ack": 82418
        },
        {
            "timestamp": 1777211828.437097,
            "messages": 8,
            "ack": 82426
        },
        {
            "timestamp": 1777211833.442988,
            "messages": 10,
            "ack": 82432
        },
        {
            "timestamp": 1777211838.44907,
            "messages": 10,
            "ack": 82438
        },
        {
            "timestamp": 1777211843.455142,
            "messages": 8,
            "ack": 82444
        },
        {
            "timestamp": 1777211848.460339,
            "messages": 10,
            "ack": 82450
        },
        {
            "timestamp": 1777211853.465642,
            "messages": 10,
            "ack": 82456
        },
        {
            "timestamp": 1777211858.472432,
            "messages": 10,
            "ack": 82462
        },
        {
            "timestamp": 1777211863.477794,
            "messages": 8,
            "ack": 82468
        },
        {
            "timestamp": 1777211867.106042,
            "messages": 8,
            "ack": 82468
        }
    ]
}