{
    "active_periods": [
        {
            "start": 1778809508.558283,
            "end": 1778809811.31504,
            "duration_sec": 302.7567570209503,
            "tasks_completed": 542,
            "throughput_tps": 1.7902160312890867
        }
    ],
    "history": [
        {
            "timestamp": 1778809508.558283,
            "messages": 0,
            "ack": 47290
        },
        {
            "timestamp": 1778809513.565925,
            "messages": 0,
            "ack": 47290
        },
        {
            "timestamp": 1778809518.571676,
            "messages": 0,
            "ack": 47298
        },
        {
            "timestamp": 1778809523.575924,
            "messages": 26,
            "ack": 47304
        },
        {
            "timestamp": 1778809528.579556,
            "messages": 45,
            "ack": 47313
        },
        {
            "timestamp": 1778809533.584391,
            "messages": 81,
            "ack": 47321
        },
        {
            "timestamp": 1778809538.589105,
            "messages": 95,
            "ack": 47331
        },
        {
            "timestamp": 1778809543.593294,
            "messages": 104,
            "ack": 47339
        },
        {
            "timestamp": 1778809548.598729,
            "messages": 128,
            "ack": 47349
        },
        {
            "timestamp": 1778809553.603904,
            "messages": 142,
            "ack": 47357
        },
        {
            "timestamp": 1778809558.609154,
            "messages": 166,
            "ack": 47367
        },
        {
            "timestamp": 1778809563.614054,
            "messages": 180,
            "ack": 47375
        },
        {
            "timestamp": 1778809568.618974,
            "messages": 196,
            "ack": 47385
        },
        {
            "timestamp": 1778809573.623635,
            "messages": 207,
            "ack": 47400
        },
        {
            "timestamp": 1778809578.628378,
            "messages": 207,
            "ack": 47408
        },
        {
            "timestamp": 1778809583.633145,
            "messages": 231,
            "ack": 47418
        },
        {
            "timestamp": 1778809588.637574,
            "messages": 245,
            "ack": 47426
        },
        {
            "timestamp": 1778809593.642913,
            "messages": 269,
            "ack": 47436
        },
        {
            "timestamp": 1778809598.647934,
            "messages": 283,
            "ack": 47444
        },
        {
            "timestamp": 1778809603.653263,
            "messages": 292,
            "ack": 47454
        },
        {
            "timestamp": 1778809608.657645,
            "messages": 308,
            "ack": 47462
        },
        {
            "timestamp": 1778809613.663447,
            "messages": 330,
            "ack": 47472
        },
        {
            "timestamp": 1778809618.667704,
            "messages": 346,
            "ack": 47480
        },
        {
            "timestamp": 1778809623.671335,
            "messages": 365,
            "ack": 47490
        },
        {
            "timestamp": 1778809628.676231,
            "messages": 381,
            "ack": 47498
        },
        {
            "timestamp": 1778809633.680514,
            "messages": 395,
            "ack": 47508
        },
        {
            "timestamp": 1778809638.685148,
            "messages": 395,
            "ack": 47516
        },
        {
            "timestamp": 1778809643.689983,
            "messages": 419,
            "ack": 47526
        },
        {
            "timestamp": 1778809648.695174,
            "messages": 433,
            "ack": 47534
        },
        {
            "timestamp": 1778809653.699671,
            "messages": 450,
            "ack": 47544
        },
        {
            "timestamp": 1778809658.703786,
            "messages": 466,
            "ack": 47552
        },
        {
            "timestamp": 1778809663.709808,
            "messages": 488,
            "ack": 47562
        },
        {
            "timestamp": 1778809668.714153,
            "messages": 504,
            "ack": 47570
        },
        {
            "timestamp": 1778809673.7192,
            "messages": 515,
            "ack": 47580
        },
        {
            "timestamp": 1778809678.724343,
            "messages": 539,
            "ack": 47588
        },
        {
            "timestamp": 1778809683.728532,
            "messages": 553,
            "ack": 47598
        },
        {
            "timestamp": 1778809688.733752,
            "messages": 553,
            "ack": 47606
        },
        {
            "timestamp": 1778809693.738178,
            "messages": 577,
            "ack": 47616
        },
        {
            "timestamp": 1778809698.746685,
            "messages": 591,
            "ack": 47624
        },
        {
            "timestamp": 1778809703.75162,
            "messages": 600,
            "ack": 47634
        },
        {
            "timestamp": 1778809708.756944,
            "messages": 616,
            "ack": 47642
        },
        {
            "timestamp": 1778809713.762092,
            "messages": 638,
            "ack": 47652
        },
        {
            "timestamp": 1778809718.766542,
            "messages": 654,
            "ack": 47660
        },
        {
            "timestamp": 1778809723.77125,
            "messages": 676,
            "ack": 47670
        },
        {
            "timestamp": 1778809728.777809,
            "messages": 692,
            "ack": 47678
        },
        {
            "timestamp": 1778809733.782626,
            "messages": 703,
            "ack": 47688
        },
        {
            "timestamp": 1778809738.78742,
            "messages": 727,
            "ack": 47696
        },
        {
            "timestamp": 1778809743.792632,
            "messages": 741,
            "ack": 47706
        },
        {
            "timestamp": 1778809748.797512,
            "messages": 741,
            "ack": 47724
        },
        {
            "timestamp": 1778809753.80355,
            "messages": 765,
            "ack": 47732
        },
        {
            "timestamp": 1778809758.807984,
            "messages": 779,
            "ack": 47742
        },
        {
            "timestamp": 1778809763.812792,
            "messages": 788,
            "ack": 47750
        },
        {
            "timestamp": 1778809768.817137,
            "messages": 804,
            "ack": 47760
        },
        {
            "timestamp": 1778809773.822922,
            "messages": 826,
            "ack": 47768
        },
        {
            "timestamp": 1778809778.828136,
            "messages": 842,
            "ack": 47778
        },
        {
            "timestamp": 1778809783.834357,
            "messages": 861,
            "ack": 47786
        },
        {
            "timestamp": 1778809788.838881,
            "messages": 877,
            "ack": 47796
        },
        {
            "timestamp": 1778809793.844325,
            "messages": 891,
            "ack": 47804
        },
        {
            "timestamp": 1778809798.848984,
            "messages": 915,
            "ack": 47814
        },
        {
            "timestamp": 1778809803.854738,
            "messages": 929,
            "ack": 47822
        },
        {
            "timestamp": 1778809808.859786,
            "messages": 929,
            "ack": 47832
        },
        {
            "timestamp": 1778809811.30802,
            "messages": 953,
            "ack": 47832
        }
    ]
}