{
    "idx_task": 23,
    "task_name": "memory_intensive",
    "duration_into_wraps": 6.14,
    "data": {
        "ppid": 176011,
        "voluntary_ctxt_switches": 11,
        "nonvoluntary_ctxt_switches": 4,
        "delta_jiffies": 13,
        "delta_time": 6.1368,
        "cpu_load": 2.12,
        "memory_mib": 82.78515625
    },
    "timestamp": 1775642491.6755433
}
{
    "idx_task": 28,
    "task_name": "memory_intensive",
    "duration_into_wraps": 6.07,
    "data": {
        "ppid": 176011,
        "voluntary_ctxt_switches": 11,
        "nonvoluntary_ctxt_switches": 0,
        "delta_jiffies": 7,
        "delta_time": 6.0682,
        "cpu_load": 1.15,
        "memory_mib": 0.6875
    },
    "timestamp": 1775642497.7488704
}
{
    "idx_task": 32,
    "task_name": "memory_intensive",
    "duration_into_wraps": 6.08,
    "data": {
        "ppid": 176011,
        "voluntary_ctxt_switches": 11,
        "nonvoluntary_ctxt_switches": 0,
        "delta_jiffies": 8,
        "delta_time": 6.0732,
        "cpu_load": 1.32,
        "memory_mib": 0.00390625
    },
    "timestamp": 1775642503.8265183
}
{
    "idx_task": 36,
    "task_name": "memory_intensive",
    "duration_into_wraps": 6.07,
    "data": {
        "ppid": 176011,
        "voluntary_ctxt_switches": 11,
        "nonvoluntary_ctxt_switches": 1,
        "delta_jiffies": 7,
        "delta_time": 6.0725999999999996,
        "cpu_load": 1.15,
        "memory_mib": 0.00390625
    },
    "timestamp": 1775642509.9035609
}
{
    "idx_task": 40,
    "task_name": "memory_intensive",
    "duration_into_wraps": 6.07,
    "data": {
        "ppid": 176011,
        "voluntary_ctxt_switches": 11,
        "nonvoluntary_ctxt_switches": 2,
        "delta_jiffies": 7,
        "delta_time": 6.072500000000001,
        "cpu_load": 1.15,
        "memory_mib": 0.0
    },
    "timestamp": 1775642515.9808571
}
{
    "idx_task": 44,
    "task_name": "memory_intensive",
    "duration_into_wraps": 6.07,
    "data": {
        "ppid": 176011,
        "voluntary_ctxt_switches": 11,
        "nonvoluntary_ctxt_switches": 3,
        "delta_jiffies": 8,
        "delta_time": 6.0694,
        "cpu_load": 1.32,
        "memory_mib": -12.3046875
    },
    "timestamp": 1775642522.053993
}
{
    "idx_task": 46,
    "task_name": "memory_intensive",
    "duration_into_wraps": 6.08,
    "data": {
        "ppid": 176011,
        "voluntary_ctxt_switches": 11,
        "nonvoluntary_ctxt_switches": 0,
        "delta_jiffies": 8,
        "delta_time": 6.0699,
        "cpu_load": 1.32,
        "memory_mib": 12.3046875
    },
    "timestamp": 1775642528.1428525
}
{
    "idx_task": 51,
    "task_name": "memory_intensive",
    "duration_into_wraps": 6.07,
    "data": {
        "ppid": 176011,
        "voluntary_ctxt_switches": 11,
        "nonvoluntary_ctxt_switches": 0,
        "delta_jiffies": 6,
        "delta_time": 6.0684000000000005,
        "cpu_load": 0.99,
        "memory_mib": 0.0078125
    },
    "timestamp": 1775642534.215234
}
{
    "idx_task": 55,
    "task_name": "memory_intensive",
    "duration_into_wraps": 6.08,
    "data": {
        "ppid": 176011,
        "voluntary_ctxt_switches": 11,
        "nonvoluntary_ctxt_switches": 2,
        "delta_jiffies": 8,
        "delta_time": 6.0774,
        "cpu_load": 1.32,
        "memory_mib": -6.7265625
    },
    "timestamp": 1775642540.2971122
}
{
    "idx_task": 59,
    "task_name": "memory_intensive",
    "duration_into_wraps": 6.08,
    "data": {
        "ppid": 176011,
        "voluntary_ctxt_switches": 11,
        "nonvoluntary_ctxt_switches": 0,
        "delta_jiffies": 7,
        "delta_time": 6.076,
        "cpu_load": 1.15,
        "memory_mib": 6.72265625
    },
    "timestamp": 1775642546.3769383
}
{
    "idx_task": 63,
    "task_name": "memory_intensive",
    "duration_into_wraps": 6.08,
    "data": {
        "ppid": 176011,
        "voluntary_ctxt_switches": 11,
        "nonvoluntary_ctxt_switches": 0,
        "delta_jiffies": 8,
        "delta_time": 6.0779,
        "cpu_load": 1.32,
        "memory_mib": -1.16015625
    },
    "timestamp": 1775642552.459387
}
{
    "idx_task": 67,
    "task_name": "memory_intensive",
    "duration_into_wraps": 6.07,
    "data": {
        "ppid": 176011,
        "voluntary_ctxt_switches": 11,
        "nonvoluntary_ctxt_switches": 5,
        "delta_jiffies": 7,
        "delta_time": 6.0705,
        "cpu_load": 1.15,
        "memory_mib": 1.16015625
    },
    "timestamp": 1775642558.535033
}
{
    "idx_task": 71,
    "task_name": "memory_intensive",
    "duration_into_wraps": 6.07,
    "data": {
        "ppid": 176011,
        "voluntary_ctxt_switches": 11,
        "nonvoluntary_ctxt_switches": 2,
        "delta_jiffies": 8,
        "delta_time": 6.0719,
        "cpu_load": 1.32,
        "memory_mib": -12.30859375
    },
    "timestamp": 1775642564.6108131
}
{
    "idx_task": 75,
    "task_name": "memory_intensive",
    "duration_into_wraps": 6.08,
    "data": {
        "ppid": 176011,
        "voluntary_ctxt_switches": 11,
        "nonvoluntary_ctxt_switches": 1,
        "delta_jiffies": 8,
        "delta_time": 6.0778,
        "cpu_load": 1.32,
        "memory_mib": 12.3125
    },
    "timestamp": 1775642570.6921985
}
{
    "idx_task": 79,
    "task_name": "memory_intensive",
    "duration_into_wraps": 6.07,
    "data": {
        "ppid": 176011,
        "voluntary_ctxt_switches": 11,
        "nonvoluntary_ctxt_switches": 3,
        "delta_jiffies": 7,
        "delta_time": 6.0726,
        "cpu_load": 1.15,
        "memory_mib": -12.3125
    },
    "timestamp": 1775642576.7687314
}
{
    "idx_task": 83,
    "task_name": "memory_intensive",
    "duration_into_wraps": 6.09,
    "data": {
        "ppid": 176011,
        "voluntary_ctxt_switches": 11,
        "nonvoluntary_ctxt_switches": 0,
        "delta_jiffies": 8,
        "delta_time": 6.0852,
        "cpu_load": 1.31,
        "memory_mib": 12.31640625
    },
    "timestamp": 1775642582.857826
}
{
    "idx_task": 87,
    "task_name": "memory_intensive",
    "duration_into_wraps": 6.07,
    "data": {
        "ppid": 176011,
        "voluntary_ctxt_switches": 11,
        "nonvoluntary_ctxt_switches": 2,
        "delta_jiffies": 8,
        "delta_time": 6.0675,
        "cpu_load": 1.32,
        "memory_mib": -9.03515625
    },
    "timestamp": 1775642588.9326696
}
{
    "idx_task": 91,
    "task_name": "memory_intensive",
    "duration_into_wraps": 6.08,
    "data": {
        "ppid": 176011,
        "voluntary_ctxt_switches": 11,
        "nonvoluntary_ctxt_switches": 3,
        "delta_jiffies": 7,
        "delta_time": 6.0764,
        "cpu_load": 1.15,
        "memory_mib": 9.03125
    },
    "timestamp": 1775642595.013282
}
{
    "idx_task": 95,
    "task_name": "memory_intensive",
    "duration_into_wraps": 6.08,
    "data": {
        "ppid": 176011,
        "voluntary_ctxt_switches": 11,
        "nonvoluntary_ctxt_switches": 1,
        "delta_jiffies": 8,
        "delta_time": 6.0762,
        "cpu_load": 1.32,
        "memory_mib": -1.484375
    },
    "timestamp": 1775642601.0941644
}
{
    "idx_task": 99,
    "task_name": "memory_intensive",
    "duration_into_wraps": 6.1,
    "data": {
        "ppid": 176011,
        "voluntary_ctxt_switches": 11,
        "nonvoluntary_ctxt_switches": 2,
        "delta_jiffies": 11,
        "delta_time": 6.0981,
        "cpu_load": 1.8,
        "memory_mib": 1.484375
    },
    "timestamp": 1775642607.1973174
}
