{
    "idx_task": 43,
    "task_name": "cpu_intensive",
    "duration": 16.48852515220642,
    "data": {
        "ppid": 167343,
        "voluntary_ctxt_switches": 1,
        "nonvoluntary_ctxt_switches": 28,
        "wchan": "Before: 0. After: 0",
        "delta_jiffies": null,
        "delta_time": null,
        "cpu_load": 0.0,
        "memory_mib": 0.21484375,
        "threads_before": [
            {
                "tid": 167628,
                "state": "R",
                "wchan": "0",
                "stack": null
            }
        ],
        "threads_after": [
            {
                "tid": 167628,
                "state": "R",
                "wchan": "0",
                "stack": null
            }
        ]
    },
    "timestamp": 1775636675.30936
}
{
    "idx_task": 46,
    "task_name": "cpu_intensive",
    "duration": 16.37536334991455,
    "data": {
        "ppid": 167343,
        "voluntary_ctxt_switches": 1,
        "nonvoluntary_ctxt_switches": 53,
        "wchan": "Before: 0. After: 0",
        "delta_jiffies": null,
        "delta_time": 15.981278148989077,
        "cpu_load": 0.0,
        "memory_mib": 0.0,
        "threads_before": [
            {
                "tid": 167628,
                "state": "R",
                "wchan": "0",
                "stack": null
            }
        ],
        "threads_after": [
            {
                "tid": 167628,
                "state": "R",
                "wchan": "0",
                "stack": null
            }
        ]
    },
    "timestamp": 1775636692.0784407
}
