{
    "idx_task": 59,
    "task_name": "cpu_intensive",
    "duration": 16.764091730117798,
    "data": {
        "ppid": 167343,
        "voluntary_ctxt_switches": 1,
        "nonvoluntary_ctxt_switches": 32,
        "wchan": "Before: 0. After: 0",
        "delta_jiffies": null,
        "delta_time": null,
        "cpu_load": 0.0,
        "memory_mib": 0.26171875,
        "threads_before": [
            {
                "tid": 167723,
                "state": "R",
                "wchan": "0",
                "stack": null
            }
        ],
        "threads_after": [
            {
                "tid": 167723,
                "state": "R",
                "wchan": "0",
                "stack": null
            }
        ]
    },
    "timestamp": 1775636743.6599898
}
