{
    "idx_task": 9,
    "task_name": "cpu_intensive",
    "duration": 15.960803747177124,
    "data": {
        "ppid": 167343,
        "voluntary_ctxt_switches": 1,
        "nonvoluntary_ctxt_switches": 127,
        "wchan": "Before: 0. After: 0",
        "delta_jiffies": null,
        "delta_time": null,
        "cpu_load": 0.0,
        "memory_mib": 0.26171875,
        "threads_before": [
            {
                "tid": 167384,
                "state": "R",
                "wchan": "0",
                "stack": null
            }
        ],
        "threads_after": [
            {
                "tid": 167384,
                "state": "R",
                "wchan": "0",
                "stack": null
            }
        ]
    },
    "timestamp": 1775636538.5500906
}
{
    "idx_task": 13,
    "task_name": "cpu_intensive",
    "duration": 16.217178106307983,
    "data": {
        "ppid": 167343,
        "voluntary_ctxt_switches": 1,
        "nonvoluntary_ctxt_switches": 1154,
        "wchan": "Before: 0. After: 0",
        "delta_jiffies": null,
        "delta_time": 15.274372141997446,
        "cpu_load": 0.0,
        "memory_mib": 0.00390625,
        "threads_before": [
            {
                "tid": 167384,
                "state": "R",
                "wchan": "0",
                "stack": null
            }
        ],
        "threads_after": [
            {
                "tid": 167384,
                "state": "R",
                "wchan": "0",
                "stack": null
            }
        ]
    },
    "timestamp": 1775636555.7097454
}
