{
    "idx_task": 58,
    "task_name": "cpu_intensive",
    "duration": 16.70047926902771,
    "data": {
        "ppid": 167343,
        "voluntary_ctxt_switches": 1,
        "nonvoluntary_ctxt_switches": 49,
        "wchan": "Before: 0. After: 0",
        "delta_jiffies": null,
        "delta_time": null,
        "cpu_load": 0.0,
        "memory_mib": 0.2578125,
        "threads_before": [
            {
                "tid": 167722,
                "state": "R",
                "wchan": "0",
                "stack": null
            }
        ],
        "threads_after": [
            {
                "tid": 167722,
                "state": "R",
                "wchan": "0",
                "stack": null
            }
        ]
    },
    "timestamp": 1775636743.5963817
}
