{
    "378301": {
        "ppid": "254983",
        "name": "celery",
        "cmdline": "/home/experimenter/projects/celery-autoscale/.venv/bin/python3 /home/experimenter/projects/celery-autoscale/.venv/bin/celery -A celery_app worker --loglevel=INFO --concurrency=8 --pool=eventlet",
        "create_time": "2026-05-15T13:11:27.450000",
        "last_update": "2026-05-15T13:16:29.329048",
        "voluntary_ctxt_switches": 2135,
        "nonvoluntary_ctxt_switches": 4342,
        "jiffies": 24004,
        "stats": [
            {
                "memory_mb": 52.2578125,
                "cpu_percent": 0.0,
                "timestamp": 1778839888.5281532
            },
            {
                "memory_mb": 52.76171875,
                "cpu_percent": 27.6,
                "timestamp": 1778839889.5777006
            },
            {
                "memory_mb": 61.93359375,
                "cpu_percent": 100.9,
                "timestamp": 1778839890.6287003
            },
            {
                "memory_mb": 89.6484375,
                "cpu_percent": 100.0,
                "timestamp": 1778839891.6788423
            },
            {
                "memory_mb": 89.6484375,
                "cpu_percent": 99.1,
                "timestamp": 1778839892.7285516
            },
            {
                "memory_mb": 163.00390625,
                "cpu_percent": 76.2,
                "timestamp": 1778839893.7790453
            },
            {
                "memory_mb": 217.578125,
                "cpu_percent": 87.6,
                "timestamp": 1778839894.8293831
            },
            {
                "memory_mb": 254.28515625,
                "cpu_percent": 100.1,
                "timestamp": 1778839895.8786614
            },
            {
                "memory_mb": 354.96484375,
                "cpu_percent": 78.1,
                "timestamp": 1778839896.928064
            },
            {
                "memory_mb": 382.59765625,
                "cpu_percent": 91.1,
                "timestamp": 1778839897.9818027
            },
            {
                "memory_mb": 382.6875,
                "cpu_percent": 16.2,
                "timestamp": 1778839899.0312545
            },
            {
                "memory_mb": 382.6953125,
                "cpu_percent": 100.1,
                "timestamp": 1778839900.0804563
            },
            {
                "memory_mb": 382.70703125,
                "cpu_percent": 98.0,
                "timestamp": 1778839901.131673
            },
            {
                "memory_mb": 382.69921875,
                "cpu_percent": 81.9,
                "timestamp": 1778839902.1814654
            },
            {
                "memory_mb": 382.69140625,
                "cpu_percent": 54.1,
                "timestamp": 1778839903.2354007
            },
            {
                "memory_mb": 382.6875,
                "cpu_percent": 38.1,
                "timestamp": 1778839904.2852979
            },
            {
                "memory_mb": 382.703125,
                "cpu_percent": 99.1,
                "timestamp": 1778839905.334806
            },
            {
                "memory_mb": 382.703125,
                "cpu_percent": 100.1,
                "timestamp": 1778839906.3834167
            },
            {
                "memory_mb": 382.69921875,
                "cpu_percent": 100.1,
                "timestamp": 1778839907.4320369
            },
            {
                "memory_mb": 382.69140625,
                "cpu_percent": 10.4,
                "timestamp": 1778839908.4867885
            },
            {
                "memory_mb": 364.625,
                "cpu_percent": 100.0,
                "timestamp": 1778839909.5372698
            },
            {
                "memory_mb": 364.6328125,
                "cpu_percent": 100.0,
                "timestamp": 1778839910.587281
            },
            {
                "memory_mb": 364.63671875,
                "cpu_percent": 80.6,
                "timestamp": 1778839911.641255
            },
            {
                "memory_mb": 364.62890625,
                "cpu_percent": 96.1,
                "timestamp": 1778839912.692033
            },
            {
                "memory_mb": 364.625,
                "cpu_percent": 50.4,
                "timestamp": 1778839913.7431421
            },
            {
                "memory_mb": 364.63671875,
                "cpu_percent": 78.0,
                "timestamp": 1778839914.794349
            },
            {
                "memory_mb": 364.640625,
                "cpu_percent": 99.0,
                "timestamp": 1778839915.8451645
            },
            {
                "memory_mb": 364.63671875,
                "cpu_percent": 83.8,
                "timestamp": 1778839916.895218
            },
            {
                "memory_mb": 364.625,
                "cpu_percent": 81.8,
                "timestamp": 1778839917.9468818
            },
            {
                "memory_mb": 364.62109375,
                "cpu_percent": 11.4,
                "timestamp": 1778839918.999494
            },
            {
                "memory_mb": 364.63671875,
                "cpu_percent": 100.1,
                "timestamp": 1778839920.048133
            },
            {
                "memory_mb": 364.63671875,
                "cpu_percent": 101.0,
                "timestamp": 1778839921.0975347
            },
            {
                "memory_mb": 364.6328125,
                "cpu_percent": 100.1,
                "timestamp": 1778839922.1469965
            },
            {
                "memory_mb": 364.625,
                "cpu_percent": 32.3,
                "timestamp": 1778839923.200976
            },
            {
                "memory_mb": 364.62890625,
                "cpu_percent": 77.2,
                "timestamp": 1778839924.2498174
            },
            {
                "memory_mb": 364.63671875,
                "cpu_percent": 100.0,
                "timestamp": 1778839925.2994742
            },
            {
                "memory_mb": 364.640625,
                "cpu_percent": 86.6,
                "timestamp": 1778839926.3500729
            },
            {
                "memory_mb": 364.6328125,
                "cpu_percent": 87.6,
                "timestamp": 1778839927.4000523
            },
            {
                "memory_mb": 364.62890625,
                "cpu_percent": 59.1,
                "timestamp": 1778839928.4496574
            },
            {
                "memory_mb": 364.6328125,
                "cpu_percent": 49.5,
                "timestamp": 1778839929.4994202
            },
            {
                "memory_mb": 364.64453125,
                "cpu_percent": 99.0,
                "timestamp": 1778839930.5494506
            },
            {
                "memory_mb": 364.640625,
                "cpu_percent": 82.9,
                "timestamp": 1778839931.5986762
            },
            {
                "memory_mb": 364.63671875,
                "cpu_percent": 100.0,
                "timestamp": 1778839932.6487625
            },
            {
                "memory_mb": 364.62890625,
                "cpu_percent": 13.3,
                "timestamp": 1778839933.7022557
            },
            {
                "memory_mb": 364.63671875,
                "cpu_percent": 79.1,
                "timestamp": 1778839934.7513433
            },
            {
                "memory_mb": 364.64453125,
                "cpu_percent": 100.0,
                "timestamp": 1778839935.8014293
            },
            {
                "memory_mb": 364.640625,
                "cpu_percent": 99.1,
                "timestamp": 1778839936.850659
            },
            {
                "memory_mb": 364.62890625,
                "cpu_percent": 101.0,
                "timestamp": 1778839937.9003003
            },
            {
                "memory_mb": 364.625,
                "cpu_percent": 31.3,
                "timestamp": 1778839938.954933
            },
            {
                "memory_mb": 364.64453125,
                "cpu_percent": 96.1,
                "timestamp": 1778839940.0064359
            },
            {
                "memory_mb": 364.64453125,
                "cpu_percent": 99.6,
                "timestamp": 1778839941.0603356
            },
            {
                "memory_mb": 364.63671875,
                "cpu_percent": 79.1,
                "timestamp": 1778839942.1095617
            },
            {
                "memory_mb": 364.6328125,
                "cpu_percent": 68.3,
                "timestamp": 1778839943.1633966
            },
            {
                "memory_mb": 364.62890625,
                "cpu_percent": 27.6,
                "timestamp": 1778839944.2136204
            },
            {
                "memory_mb": 364.63671875,
                "cpu_percent": 100.0,
                "timestamp": 1778839945.2633736
            },
            {
                "memory_mb": 364.6484375,
                "cpu_percent": 83.8,
                "timestamp": 1778839946.3140476
            },
            {
                "memory_mb": 364.640625,
                "cpu_percent": 94.3,
                "timestamp": 1778839947.363612
            },
            {
                "memory_mb": 364.6328125,
                "cpu_percent": 45.5,
                "timestamp": 1778839948.4181201
            },
            {
                "memory_mb": 364.62890625,
                "cpu_percent": 47.6,
                "timestamp": 1778839949.4696379
            },
            {
                "memory_mb": 364.65234375,
                "cpu_percent": 100.0,
                "timestamp": 1778839950.519303
            },
            {
                "memory_mb": 364.64453125,
                "cpu_percent": 100.0,
                "timestamp": 1778839951.569461
            },
            {
                "memory_mb": 364.6328125,
                "cpu_percent": 93.5,
                "timestamp": 1778839952.6181257
            },
            {
                "memory_mb": 364.6328125,
                "cpu_percent": 16.2,
                "timestamp": 1778839953.6673925
            },
            {
                "memory_mb": 364.6328125,
                "cpu_percent": 99.9,
                "timestamp": 1778839954.7183077
            },
            {
                "memory_mb": 364.640625,
                "cpu_percent": 100.1,
                "timestamp": 1778839955.7776396
            },
            {
                "memory_mb": 364.640625,
                "cpu_percent": 67.7,
                "timestamp": 1778839956.827141
            },
            {
                "memory_mb": 364.640625,
                "cpu_percent": 47.7,
                "timestamp": 1778839957.8758419
            },
            {
                "memory_mb": 364.63671875,
                "cpu_percent": 99.2,
                "timestamp": 1778839958.92389
            },
            {
                "memory_mb": 364.63671875,
                "cpu_percent": 98.0,
                "timestamp": 1778839959.9751787
            },
            {
                "memory_mb": 364.6484375,
                "cpu_percent": 99.8,
                "timestamp": 1778839961.02778
            },
            {
                "memory_mb": 364.640625,
                "cpu_percent": 77.9,
                "timestamp": 1778839962.0798535
            },
            {
                "memory_mb": 364.6328125,
                "cpu_percent": 65.5,
                "timestamp": 1778839963.1340346
            },
            {
                "memory_mb": 364.62890625,
                "cpu_percent": 23.8,
                "timestamp": 1778839964.1845212
            },
            {
                "memory_mb": 364.640625,
                "cpu_percent": 100.0,
                "timestamp": 1778839965.2344987
            },
            {
                "memory_mb": 364.64453125,
                "cpu_percent": 99.9,
                "timestamp": 1778839966.2855277
            },
            {
                "memory_mb": 364.640625,
                "cpu_percent": 100.0,
                "timestamp": 1778839967.3353393
            },
            {
                "memory_mb": 364.6328125,
                "cpu_percent": 33.2,
                "timestamp": 1778839968.389841
            },
            {
                "memory_mb": 364.6328125,
                "cpu_percent": 78.2,
                "timestamp": 1778839969.4391007
            },
            {
                "memory_mb": 364.640625,
                "cpu_percent": 99.9,
                "timestamp": 1778839970.4898741
            },
            {
                "memory_mb": 364.64453125,
                "cpu_percent": 100.0,
                "timestamp": 1778839971.5402195
            },
            {
                "memory_mb": 364.63671875,
                "cpu_percent": 73.3,
                "timestamp": 1778839972.5906565
            },
            {
                "memory_mb": 364.6328125,
                "cpu_percent": 73.0,
                "timestamp": 1778839973.6458879
            },
            {
                "memory_mb": 364.63671875,
                "cpu_percent": 64.7,
                "timestamp": 1778839974.6961577
            },
            {
                "memory_mb": 364.65625,
                "cpu_percent": 99.0,
                "timestamp": 1778839975.7469356
            },
            {
                "memory_mb": 364.65234375,
                "cpu_percent": 82.0,
                "timestamp": 1778839976.7962055
            },
            {
                "memory_mb": 364.640625,
                "cpu_percent": 94.1,
                "timestamp": 1778839977.8482857
            },
            {
                "memory_mb": 364.63671875,
                "cpu_percent": 7.6,
                "timestamp": 1778839978.8990343
            },
            {
                "memory_mb": 364.6484375,
                "cpu_percent": 92.3,
                "timestamp": 1778839979.9502563
            },
            {
                "memory_mb": 364.65625,
                "cpu_percent": 100.0,
                "timestamp": 1778839981.0004437
            },
            {
                "memory_mb": 364.65234375,
                "cpu_percent": 100.0,
                "timestamp": 1778839982.0503001
            },
            {
                "memory_mb": 364.640625,
                "cpu_percent": 99.9,
                "timestamp": 1778839983.1013546
            },
            {
                "memory_mb": 364.6484375,
                "cpu_percent": 27.6,
                "timestamp": 1778839984.1517086
            },
            {
                "memory_mb": 364.65625,
                "cpu_percent": 100.0,
                "timestamp": 1778839985.2018552
            },
            {
                "memory_mb": 364.65625,
                "cpu_percent": 96.1,
                "timestamp": 1778839986.2531483
            },
            {
                "memory_mb": 364.6484375,
                "cpu_percent": 79.0,
                "timestamp": 1778839987.303204
            },
            {
                "memory_mb": 364.64453125,
                "cpu_percent": 60.7,
                "timestamp": 1778839988.357658
            },
            {
                "memory_mb": 364.640625,
                "cpu_percent": 40.0,
                "timestamp": 1778839989.4081445
            },
            {
                "memory_mb": 364.6640625,
                "cpu_percent": 99.9,
                "timestamp": 1778839990.458742
            },
            {
                "memory_mb": 364.65625,
                "cpu_percent": 77.1,
                "timestamp": 1778839991.5094519
            },
            {
                "memory_mb": 364.65234375,
                "cpu_percent": 99.9,
                "timestamp": 1778839992.5607388
            },
            {
                "memory_mb": 364.64453125,
                "cpu_percent": 29.5,
                "timestamp": 1778839993.6102786
            },
            {
                "memory_mb": 364.640625,
                "cpu_percent": 61.4,
                "timestamp": 1778839994.7019148
            },
            {
                "memory_mb": 364.65625,
                "cpu_percent": 100.7,
                "timestamp": 1778839995.7844152
            },
            {
                "memory_mb": 364.66015625,
                "cpu_percent": 99.9,
                "timestamp": 1778839996.8657327
            },
            {
                "memory_mb": 364.65625,
                "cpu_percent": 100.5,
                "timestamp": 1778839997.9503794
            },
            {
                "memory_mb": 364.65234375,
                "cpu_percent": 99.5,
                "timestamp": 1778839999.0353067
            },
            {
                "memory_mb": 364.65625,
                "cpu_percent": 100.4,
                "timestamp": 1778840000.1310065
            },
            {
                "memory_mb": 364.66796875,
                "cpu_percent": 99.0,
                "timestamp": 1778840001.2011924
            },
            {
                "memory_mb": 364.66796875,
                "cpu_percent": 100.7,
                "timestamp": 1778840002.2832735
            },
            {
                "memory_mb": 364.671875,
                "cpu_percent": 86.3,
                "timestamp": 1778840003.3491805
            },
            {
                "memory_mb": 501.07421875,
                "cpu_percent": 51.1,
                "timestamp": 1778840004.4248753
            },
            {
                "memory_mb": 510.91015625,
                "cpu_percent": 100.6,
                "timestamp": 1778840005.508352
            },
            {
                "memory_mb": 510.90625,
                "cpu_percent": 99.2,
                "timestamp": 1778840006.6068292
            },
            {
                "memory_mb": 510.89453125,
                "cpu_percent": 100.9,
                "timestamp": 1778840007.6965868
            },
            {
                "memory_mb": 510.890625,
                "cpu_percent": 99.6,
                "timestamp": 1778840008.760454
            },
            {
                "memory_mb": 510.91015625,
                "cpu_percent": 84.6,
                "timestamp": 1778840009.81238
            },
            {
                "memory_mb": 510.90625,
                "cpu_percent": 99.8,
                "timestamp": 1778840010.8640044
            },
            {
                "memory_mb": 511.0,
                "cpu_percent": 99.4,
                "timestamp": 1778840011.9208379
            },
            {
                "memory_mb": 511.09375,
                "cpu_percent": 77.1,
                "timestamp": 1778840012.9718032
            },
            {
                "memory_mb": 511.08984375,
                "cpu_percent": 99.9,
                "timestamp": 1778840014.0228374
            },
            {
                "memory_mb": 511.18359375,
                "cpu_percent": 85.2,
                "timestamp": 1778840015.0789113
            },
            {
                "memory_mb": 574.984375,
                "cpu_percent": 43.8,
                "timestamp": 1778840016.1298425
            },
            {
                "memory_mb": 574.98046875,
                "cpu_percent": 99.9,
                "timestamp": 1778840017.180844
            },
            {
                "memory_mb": 558.0859375,
                "cpu_percent": 99.0,
                "timestamp": 1778840018.2316923
            },
            {
                "memory_mb": 558.07421875,
                "cpu_percent": 77.2,
                "timestamp": 1778840019.2812126
            },
            {
                "memory_mb": 558.0703125,
                "cpu_percent": 99.9,
                "timestamp": 1778840020.3326852
            },
            {
                "memory_mb": 558.078125,
                "cpu_percent": 99.0,
                "timestamp": 1778840021.3834786
            },
            {
                "memory_mb": 558.08984375,
                "cpu_percent": 48.3,
                "timestamp": 1778840022.4383929
            },
            {
                "memory_mb": 558.0859375,
                "cpu_percent": 66.6,
                "timestamp": 1778840023.489525
            },
            {
                "memory_mb": 552.34765625,
                "cpu_percent": 100.9,
                "timestamp": 1778840024.539776
            },
            {
                "memory_mb": 552.35546875,
                "cpu_percent": 99.9,
                "timestamp": 1778840025.5911422
            },
            {
                "memory_mb": 552.37109375,
                "cpu_percent": 99.9,
                "timestamp": 1778840026.641919
            },
            {
                "memory_mb": 552.3671875,
                "cpu_percent": 99.8,
                "timestamp": 1778840027.6945252
            },
            {
                "memory_mb": 552.35546875,
                "cpu_percent": 89.1,
                "timestamp": 1778840028.7500818
            },
            {
                "memory_mb": 552.3671875,
                "cpu_percent": 70.4,
                "timestamp": 1778840029.8008316
            },
            {
                "memory_mb": 552.37109375,
                "cpu_percent": 100.8,
                "timestamp": 1778840030.852138
            },
            {
                "memory_mb": 552.3671875,
                "cpu_percent": 98.9,
                "timestamp": 1778840031.9035969
            },
            {
                "memory_mb": 552.3671875,
                "cpu_percent": 26.5,
                "timestamp": 1778840032.958205
            },
            {
                "memory_mb": 552.35546875,
                "cpu_percent": 73.0,
                "timestamp": 1778840034.0133665
            },
            {
                "memory_mb": 552.3671875,
                "cpu_percent": 90.4,
                "timestamp": 1778840035.0640302
            },
            {
                "memory_mb": 526.1484375,
                "cpu_percent": 99.9,
                "timestamp": 1778840036.1151962
            },
            {
                "memory_mb": 526.14453125,
                "cpu_percent": 99.9,
                "timestamp": 1778840037.165948
            },
            {
                "memory_mb": 526.140625,
                "cpu_percent": 99.9,
                "timestamp": 1778840038.21732
            },
            {
                "memory_mb": 526.13671875,
                "cpu_percent": 39.0,
                "timestamp": 1778840039.2689815
            },
            {
                "memory_mb": 526.15234375,
                "cpu_percent": 99.9,
                "timestamp": 1778840040.319967
            },
            {
                "memory_mb": 526.1484375,
                "cpu_percent": 73.3,
                "timestamp": 1778840041.3708682
            },
            {
                "memory_mb": 526.12890625,
                "cpu_percent": 94.2,
                "timestamp": 1778840042.4222567
            },
            {
                "memory_mb": 526.13671875,
                "cpu_percent": 66.3,
                "timestamp": 1778840043.4776974
            },
            {
                "memory_mb": 526.14453125,
                "cpu_percent": 41.8,
                "timestamp": 1778840044.5292304
            },
            {
                "memory_mb": 526.1484375,
                "cpu_percent": 99.9,
                "timestamp": 1778840045.5801156
            },
            {
                "memory_mb": 526.140625,
                "cpu_percent": 99.8,
                "timestamp": 1778840046.6318276
            },
            {
                "memory_mb": 526.140625,
                "cpu_percent": 38.9,
                "timestamp": 1778840047.686737
            },
            {
                "memory_mb": 526.13671875,
                "cpu_percent": 76.2,
                "timestamp": 1778840048.7369165
            },
            {
                "memory_mb": 526.12890625,
                "cpu_percent": 99.8,
                "timestamp": 1778840049.7885807
            },
            {
                "memory_mb": 526.13671875,
                "cpu_percent": 99.9,
                "timestamp": 1778840050.8391967
            },
            {
                "memory_mb": 453.484375,
                "cpu_percent": 72.1,
                "timestamp": 1778840051.8939705
            },
            {
                "memory_mb": 453.48046875,
                "cpu_percent": 100.9,
                "timestamp": 1778840052.94489
            },
            {
                "memory_mb": 453.47265625,
                "cpu_percent": 39.0,
                "timestamp": 1778840053.9960577
            },
            {
                "memory_mb": 453.4921875,
                "cpu_percent": 87.5,
                "timestamp": 1778840055.0474942
            },
            {
                "memory_mb": 453.48828125,
                "cpu_percent": 100.0,
                "timestamp": 1778840056.0978851
            },
            {
                "memory_mb": 453.484375,
                "cpu_percent": 99.0,
                "timestamp": 1778840057.1488824
            },
            {
                "memory_mb": 453.47265625,
                "cpu_percent": 99.9,
                "timestamp": 1778840058.1996212
            },
            {
                "memory_mb": 453.48046875,
                "cpu_percent": 44.8,
                "timestamp": 1778840059.2497036
            },
            {
                "memory_mb": 453.4921875,
                "cpu_percent": 99.9,
                "timestamp": 1778840060.3011527
            },
            {
                "memory_mb": 451.10546875,
                "cpu_percent": 95.2,
                "timestamp": 1778840061.352037
            },
            {
                "memory_mb": 451.09765625,
                "cpu_percent": 81.8,
                "timestamp": 1778840062.403045
            },
            {
                "memory_mb": 451.09375,
                "cpu_percent": 65.4,
                "timestamp": 1778840063.4583714
            },
            {
                "memory_mb": 443.8828125,
                "cpu_percent": 41.9,
                "timestamp": 1778840064.50847
            },
            {
                "memory_mb": 443.90234375,
                "cpu_percent": 99.9,
                "timestamp": 1778840065.5598536
            },
            {
                "memory_mb": 443.8984375,
                "cpu_percent": 76.1,
                "timestamp": 1778840066.6107016
            },
            {
                "memory_mb": 443.89453125,
                "cpu_percent": 99.9,
                "timestamp": 1778840067.6618872
            },
            {
                "memory_mb": 443.88671875,
                "cpu_percent": 33.1,
                "timestamp": 1778840068.7199473
            },
            {
                "memory_mb": 443.8828125,
                "cpu_percent": 64.6,
                "timestamp": 1778840069.7722604
            },
            {
                "memory_mb": 438.16015625,
                "cpu_percent": 99.9,
                "timestamp": 1778840070.823679
            },
            {
                "memory_mb": 438.15625,
                "cpu_percent": 99.9,
                "timestamp": 1778840071.874791
            },
            {
                "memory_mb": 438.14453125,
                "cpu_percent": 77.8,
                "timestamp": 1778840072.928834
            },
            {
                "memory_mb": 438.14453125,
                "cpu_percent": 33.3,
                "timestamp": 1778840073.9803073
            },
            {
                "memory_mb": 438.14453125,
                "cpu_percent": 99.8,
                "timestamp": 1778840075.032198
            },
            {
                "memory_mb": 438.15625,
                "cpu_percent": 99.9,
                "timestamp": 1778840076.0831864
            },
            {
                "memory_mb": 438.15234375,
                "cpu_percent": 74.2,
                "timestamp": 1778840077.1338098
            },
            {
                "memory_mb": 438.1484375,
                "cpu_percent": 99.9,
                "timestamp": 1778840078.185173
            },
            {
                "memory_mb": 438.1484375,
                "cpu_percent": 27.6,
                "timestamp": 1778840079.2361486
            },
            {
                "memory_mb": 438.15625,
                "cpu_percent": 100.9,
                "timestamp": 1778840080.2869291
            },
            {
                "memory_mb": 438.16015625,
                "cpu_percent": 96.1,
                "timestamp": 1778840081.3379145
            },
            {
                "memory_mb": 438.15234375,
                "cpu_percent": 84.7,
                "timestamp": 1778840082.388881
            },
            {
                "memory_mb": 438.14453125,
                "cpu_percent": 57.8,
                "timestamp": 1778840083.4443815
            },
            {
                "memory_mb": 438.14453125,
                "cpu_percent": 36.1,
                "timestamp": 1778840084.4957967
            },
            {
                "memory_mb": 438.1640625,
                "cpu_percent": 99.9,
                "timestamp": 1778840085.5465329
            },
            {
                "memory_mb": 438.16015625,
                "cpu_percent": 99.8,
                "timestamp": 1778840086.5981333
            },
            {
                "memory_mb": 438.15625,
                "cpu_percent": 99.9,
                "timestamp": 1778840087.6492782
            },
            {
                "memory_mb": 438.140625,
                "cpu_percent": 86.5,
                "timestamp": 1778840088.7017777
            },
            {
                "memory_mb": 438.15234375,
                "cpu_percent": 58.9,
                "timestamp": 1778840089.7536678
            },
            {
                "memory_mb": 438.16796875,
                "cpu_percent": 99.9,
                "timestamp": 1778840090.8043706
            },
            {
                "memory_mb": 438.1640625,
                "cpu_percent": 83.5,
                "timestamp": 1778840091.8580344
            },
            {
                "memory_mb": 438.15625,
                "cpu_percent": 96.1,
                "timestamp": 1778840092.9090517
            },
            {
                "memory_mb": 438.15234375,
                "cpu_percent": 19.0,
                "timestamp": 1778840093.963375
            },
            {
                "memory_mb": 438.15625,
                "cpu_percent": 86.6,
                "timestamp": 1778840095.0145738
            },
            {
                "memory_mb": 438.16796875,
                "cpu_percent": 99.9,
                "timestamp": 1778840096.0651739
            },
            {
                "memory_mb": 438.1640625,
                "cpu_percent": 72.3,
                "timestamp": 1778840097.1161456
            },
            {
                "memory_mb": 438.15234375,
                "cpu_percent": 85.3,
                "timestamp": 1778840098.1706839
            },
            {
                "memory_mb": 438.1484375,
                "cpu_percent": 14.2,
                "timestamp": 1778840099.2297313
            },
            {
                "memory_mb": 438.16015625,
                "cpu_percent": 99.9,
                "timestamp": 1778840100.2805958
            },
            {
                "memory_mb": 438.1640625,
                "cpu_percent": 99.9,
                "timestamp": 1778840101.3314073
            },
            {
                "memory_mb": 438.16015625,
                "cpu_percent": 99.9,
                "timestamp": 1778840102.3826284
            },
            {
                "memory_mb": 438.15234375,
                "cpu_percent": 35.2,
                "timestamp": 1778840103.4338224
            },
            {
                "memory_mb": 438.15234375,
                "cpu_percent": 74.7,
                "timestamp": 1778840104.4908025
            },
            {
                "memory_mb": 438.16015625,
                "cpu_percent": 99.6,
                "timestamp": 1778840105.5555336
            },
            {
                "memory_mb": 438.16015625,
                "cpu_percent": 99.8,
                "timestamp": 1778840106.60723
            },
            {
                "memory_mb": 438.15625,
                "cpu_percent": 75.6,
                "timestamp": 1778840107.666014
            },
            {
                "memory_mb": 438.15234375,
                "cpu_percent": 74.8,
                "timestamp": 1778840108.7222488
            },
            {
                "memory_mb": 438.15625,
                "cpu_percent": 57.1,
                "timestamp": 1778840109.7732806
            },
            {
                "memory_mb": 438.16796875,
                "cpu_percent": 100.7,
                "timestamp": 1778840110.8257585
            },
            {
                "memory_mb": 438.1640625,
                "cpu_percent": 80.8,
                "timestamp": 1778840111.8776598
            },
            {
                "memory_mb": 438.16015625,
                "cpu_percent": 99.8,
                "timestamp": 1778840112.9294226
            },
            {
                "memory_mb": 438.15234375,
                "cpu_percent": 15.2,
                "timestamp": 1778840113.9854612
            },
            {
                "memory_mb": 438.16015625,
                "cpu_percent": 86.2,
                "timestamp": 1778840115.0410664
            },
            {
                "memory_mb": 438.16796875,
                "cpu_percent": 99.8,
                "timestamp": 1778840116.0928013
            },
            {
                "memory_mb": 438.16015625,
                "cpu_percent": 99.9,
                "timestamp": 1778840117.144046
            },
            {
                "memory_mb": 438.15234375,
                "cpu_percent": 57.1,
                "timestamp": 1778840118.195252
            },
            {
                "memory_mb": 438.15234375,
                "cpu_percent": 53.2,
                "timestamp": 1778840119.2487772
            },
            {
                "memory_mb": 438.16015625,
                "cpu_percent": 100.8,
                "timestamp": 1778840120.3003223
            },
            {
                "memory_mb": 438.1640625,
                "cpu_percent": 99.9,
                "timestamp": 1778840121.351628
            },
            {
                "memory_mb": 438.16015625,
                "cpu_percent": 74.2,
                "timestamp": 1778840122.4032042
            },
            {
                "memory_mb": 438.15234375,
                "cpu_percent": 90.9,
                "timestamp": 1778840123.459638
            },
            {
                "memory_mb": 438.15625,
                "cpu_percent": 32.3,
                "timestamp": 1778840124.5126026
            },
            {
                "memory_mb": 438.1640625,
                "cpu_percent": 99.8,
                "timestamp": 1778840125.564284
            },
            {
                "memory_mb": 438.1640625,
                "cpu_percent": 82.4,
                "timestamp": 1778840126.6202242
            },
            {
                "memory_mb": 438.16015625,
                "cpu_percent": 99.9,
                "timestamp": 1778840127.6713803
            },
            {
                "memory_mb": 438.15234375,
                "cpu_percent": 32.1,
                "timestamp": 1778840128.729375
            },
            {
                "memory_mb": 438.14453125,
                "cpu_percent": 66.6,
                "timestamp": 1778840129.7811744
            },
            {
                "memory_mb": 438.16796875,
                "cpu_percent": 99.9,
                "timestamp": 1778840130.832149
            },
            {
                "memory_mb": 438.16796875,
                "cpu_percent": 99.0,
                "timestamp": 1778840131.8831553
            },
            {
                "memory_mb": 438.15234375,
                "cpu_percent": 100.8,
                "timestamp": 1778840132.934398
            },
            {
                "memory_mb": 438.1484375,
                "cpu_percent": 52.9,
                "timestamp": 1778840133.993073
            },
            {
                "memory_mb": 438.16015625,
                "cpu_percent": 78.9,
                "timestamp": 1778840135.0444613
            },
            {
                "memory_mb": 438.1640625,
                "cpu_percent": 100.3,
                "timestamp": 1778840136.1012816
            },
            {
                "memory_mb": 438.16015625,
                "cpu_percent": 75.1,
                "timestamp": 1778840137.1529746
            },
            {
                "memory_mb": 438.15625,
                "cpu_percent": 100.0,
                "timestamp": 1778840138.2031608
            },
            {
                "memory_mb": 438.15234375,
                "cpu_percent": 12.3,
                "timestamp": 1778840139.2625506
            },
            {
                "memory_mb": 438.16015625,
                "cpu_percent": 100.7,
                "timestamp": 1778840140.3154151
            },
            {
                "memory_mb": 438.16796875,
                "cpu_percent": 97.9,
                "timestamp": 1778840141.3674204
            },
            {
                "memory_mb": 438.16015625,
                "cpu_percent": 79.0,
                "timestamp": 1778840142.4174612
            },
            {
                "memory_mb": 438.15234375,
                "cpu_percent": 60.8,
                "timestamp": 1778840143.4698465
            },
            {
                "memory_mb": 438.1484375,
                "cpu_percent": 32.3,
                "timestamp": 1778840144.5216537
            },
            {
                "memory_mb": 438.1640625,
                "cpu_percent": 99.9,
                "timestamp": 1778840145.5731938
            },
            {
                "memory_mb": 438.16796875,
                "cpu_percent": 99.8,
                "timestamp": 1778840146.625049
            },
            {
                "memory_mb": 438.1640625,
                "cpu_percent": 99.9,
                "timestamp": 1778840147.6759946
            },
            {
                "memory_mb": 438.1484375,
                "cpu_percent": 89.8,
                "timestamp": 1778840148.7338383
            },
            {
                "memory_mb": 438.16015625,
                "cpu_percent": 56.1,
                "timestamp": 1778840149.785264
            },
            {
                "memory_mb": 438.1796875,
                "cpu_percent": 99.8,
                "timestamp": 1778840150.8368416
            },
            {
                "memory_mb": 438.17578125,
                "cpu_percent": 82.8,
                "timestamp": 1778840151.8881643
            },
            {
                "memory_mb": 438.16796875,
                "cpu_percent": 98.9,
                "timestamp": 1778840152.9400277
            },
            {
                "memory_mb": 438.1640625,
                "cpu_percent": 21.8,
                "timestamp": 1778840153.995865
            },
            {
                "memory_mb": 438.16796875,
                "cpu_percent": 82.8,
                "timestamp": 1778840155.0467377
            },
            {
                "memory_mb": 438.1796875,
                "cpu_percent": 98.9,
                "timestamp": 1778840156.0979865
            },
            {
                "memory_mb": 438.17578125,
                "cpu_percent": 78.9,
                "timestamp": 1778840157.150303
            },
            {
                "memory_mb": 438.1640625,
                "cpu_percent": 92.1,
                "timestamp": 1778840158.2039263
            },
            {
                "memory_mb": 438.1640625,
                "cpu_percent": 9.4,
                "timestamp": 1778840159.2640626
            },
            {
                "memory_mb": 438.1796875,
                "cpu_percent": 99.5,
                "timestamp": 1778840160.3292844
            },
            {
                "memory_mb": 438.18359375,
                "cpu_percent": 100.0,
                "timestamp": 1778840161.3797061
            },
            {
                "memory_mb": 438.1796875,
                "cpu_percent": 99.9,
                "timestamp": 1778840162.430949
            },
            {
                "memory_mb": 438.16796875,
                "cpu_percent": 100.0,
                "timestamp": 1778840163.4814324
            },
            {
                "memory_mb": 438.17578125,
                "cpu_percent": 43.8,
                "timestamp": 1778840164.5327106
            },
            {
                "memory_mb": 438.18359375,
                "cpu_percent": 100.0,
                "timestamp": 1778840165.5830808
            },
            {
                "memory_mb": 438.17578125,
                "cpu_percent": 77.7,
                "timestamp": 1778840166.6378138
            },
            {
                "memory_mb": 438.171875,
                "cpu_percent": 99.0,
                "timestamp": 1778840167.688681
            },
            {
                "memory_mb": 438.16796875,
                "cpu_percent": 40.7,
                "timestamp": 1778840168.7462294
            },
            {
                "memory_mb": 438.1640625,
                "cpu_percent": 57.1,
                "timestamp": 1778840169.797252
            },
            {
                "memory_mb": 438.1875,
                "cpu_percent": 99.9,
                "timestamp": 1778840170.8484113
            },
            {
                "memory_mb": 438.1796875,
                "cpu_percent": 74.2,
                "timestamp": 1778840171.8995037
            },
            {
                "memory_mb": 438.17578125,
                "cpu_percent": 99.9,
                "timestamp": 1778840172.9505641
            },
            {
                "memory_mb": 438.16796875,
                "cpu_percent": 15.2,
                "timestamp": 1778840174.0055566
            },
            {
                "memory_mb": 438.1796875,
                "cpu_percent": 76.1,
                "timestamp": 1778840175.0565126
            },
            {
                "memory_mb": 438.18359375,
                "cpu_percent": 99.9,
                "timestamp": 1778840176.1078792
            },
            {
                "memory_mb": 438.18359375,
                "cpu_percent": 99.1,
                "timestamp": 1778840177.1574674
            },
            {
                "memory_mb": 438.16796875,
                "cpu_percent": 99.0,
                "timestamp": 1778840178.2077045
            },
            {
                "memory_mb": 438.1640625,
                "cpu_percent": 43.6,
                "timestamp": 1778840179.263359
            },
            {
                "memory_mb": 438.18359375,
                "cpu_percent": 99.9,
                "timestamp": 1778840180.314659
            },
            {
                "memory_mb": 438.18359375,
                "cpu_percent": 99.8,
                "timestamp": 1778840181.3670604
            },
            {
                "memory_mb": 438.171875,
                "cpu_percent": 80.6,
                "timestamp": 1778840182.4222744
            },
            {
                "memory_mb": 438.16796875,
                "cpu_percent": 72.1,
                "timestamp": 1778840183.4766872
            },
            {
                "memory_mb": 438.1640625,
                "cpu_percent": 31.3,
                "timestamp": 1778840184.5300446
            },
            {
                "memory_mb": 438.171875,
                "cpu_percent": 99.8,
                "timestamp": 1778840185.5821683
            },
            {
                "memory_mb": 438.18359375,
                "cpu_percent": 76.8,
                "timestamp": 1778840186.637104
            },
            {
                "memory_mb": 438.17578125,
                "cpu_percent": 99.7,
                "timestamp": 1778840187.6900277
            },
            {
                "memory_mb": 438.16796875,
                "cpu_percent": 44.5,
                "timestamp": 1778840188.746047
            },
            {
                "memory_mb": 438.16796875,
                "cpu_percent": 1.7,
                "timestamp": 1778840189.3290482
            }
        ]
    }
}
