 
 -------------- celery@golubev-BMH-WCX9 v5.6.3 (recovery)
--- ***** ----- 
-- ******* ---- Linux-6.8.0-110-generic-x86_64-with-glibc2.39 2026-04-26 19:31:12
- *** --- * --- 
- ** ---------- [config]
- ** ---------- .> app:         __main__:0x71c4fb33d7c0
- ** ---------- .> transport:   amqp://celery_demo:**@localhost:5672//
- ** ---------- .> results:     disabled://
- *** --- * --- .> concurrency: 4 (prefork)
-- ******* ---- .> task events: OFF (enable -E to monitor tasks in this worker)
--- ***** ----- 
 -------------- [queues]
                .> celery           exchange=celery(direct) key=celery
                

[tasks]
  . cpu_intensive
  . memory_intensive

[2026-04-26 19:31:12,906: INFO/MainProcess] Connected to amqp://celery_demo:**@127.0.0.1:5672//
[2026-04-26 19:31:12,910: INFO/MainProcess] mingle: searching for neighbors
[2026-04-26 19:31:13,926: INFO/MainProcess] mingle: all alone
[2026-04-26 19:31:13,945: INFO/MainProcess] celery@golubev-BMH-WCX9 ready.
[2026-04-26 19:31:13,946: INFO/MainProcess] Task cpu_intensive[3ed962e1-f69d-41d9-b338-337cfed0307b] received
[2026-04-26 19:31:13,946: INFO/MainProcess] Task cpu_intensive[d16f8c1e-e6a5-4744-b41d-90e1a19a70f0] received
[2026-04-26 19:31:13,946: INFO/MainProcess] Task memory_intensive[f8c04e83-6dd8-4eda-8e11-9b17c3871007] received
[2026-04-26 19:31:13,947: INFO/MainProcess] Task cpu_intensive[fb480147-a04c-4c72-807a-10888601e99b] received
[2026-04-26 19:31:15,652: INFO/ForkPoolWorker-2] Task cpu_intensive[3ed962e1-f69d-41d9-b338-337cfed0307b] succeeded in 1.6035828349995427s: 333333283333335000000
[2026-04-26 19:31:15,653: INFO/ForkPoolWorker-3] Task cpu_intensive[d16f8c1e-e6a5-4744-b41d-90e1a19a70f0] succeeded in 1.6041191920085112s: 333333283333335000000
[2026-04-26 19:31:15,654: INFO/ForkPoolWorker-4] Task cpu_intensive[fb480147-a04c-4c72-807a-10888601e99b] succeeded in 1.6026981250033714s: 333333283333335000000
[2026-04-26 19:31:15,774: INFO/ForkPoolWorker-1] Task memory_intensive[f8c04e83-6dd8-4eda-8e11-9b17c3871007] succeeded in 1.7232732499978738s: 'Memory wave: released'
[2026-04-26 19:31:23,746: INFO/MainProcess] Task cpu_intensive[e679eac1-c24c-4d4e-a25c-dbd97dfcf463] received
[2026-04-26 19:31:23,746: INFO/MainProcess] Task memory_intensive[d15e02a5-9899-4662-856c-75892234f829] received
[2026-04-26 19:31:23,747: INFO/MainProcess] Task cpu_intensive[45a7a034-465b-4d2b-a0a8-3897fa2948bb] received
[2026-04-26 19:31:23,747: INFO/MainProcess] Task cpu_intensive[9d711d57-a78a-4893-917a-86390cfbdbc5] received
[2026-04-26 19:31:25,354: INFO/ForkPoolWorker-2] Task cpu_intensive[e679eac1-c24c-4d4e-a25c-dbd97dfcf463] succeeded in 1.6065881719987374s: 333333283333335000000
[2026-04-26 19:31:25,363: INFO/ForkPoolWorker-4] Task cpu_intensive[9d711d57-a78a-4893-917a-86390cfbdbc5] succeeded in 1.6126198150013806s: 333333283333335000000
[2026-04-26 19:31:25,402: INFO/ForkPoolWorker-1] Task cpu_intensive[45a7a034-465b-4d2b-a0a8-3897fa2948bb] succeeded in 1.6513366200088058s: 333333283333335000000
[2026-04-26 19:31:25,492: INFO/ForkPoolWorker-3] Task memory_intensive[d15e02a5-9899-4662-856c-75892234f829] succeeded in 1.7447955709940288s: 'Memory wave: released'
[2026-04-26 19:31:33,750: INFO/MainProcess] Task memory_intensive[a6e7cb8d-4a7f-46e0-af0e-f36364f2afb9] received
[2026-04-26 19:31:33,750: INFO/MainProcess] Task cpu_intensive[7064ef3a-5469-48c1-85d3-f27cad1fdcf7] received
[2026-04-26 19:31:33,751: INFO/MainProcess] Task cpu_intensive[683cdc4a-97b2-4982-92a7-365dc811f33a] received
[2026-04-26 19:31:33,751: INFO/MainProcess] Task memory_intensive[41fb09a2-04e0-4e57-8c64-90f4d4fa6dda] received
[2026-04-26 19:31:35,364: INFO/ForkPoolWorker-3] Task cpu_intensive[7064ef3a-5469-48c1-85d3-f27cad1fdcf7] succeeded in 1.6123894179909257s: 333333283333335000000
[2026-04-26 19:31:35,410: INFO/ForkPoolWorker-1] Task cpu_intensive[683cdc4a-97b2-4982-92a7-365dc811f33a] succeeded in 1.657602646999294s: 333333283333335000000
[2026-04-26 19:31:35,486: INFO/ForkPoolWorker-2] Task memory_intensive[a6e7cb8d-4a7f-46e0-af0e-f36364f2afb9] succeeded in 1.7344811299990397s: 'Memory wave: released'
[2026-04-26 19:31:35,497: INFO/ForkPoolWorker-4] Task memory_intensive[41fb09a2-04e0-4e57-8c64-90f4d4fa6dda] succeeded in 1.7415560160006862s: 'Memory wave: released'
[2026-04-26 19:31:43,753: INFO/MainProcess] Task cpu_intensive[74a27152-15a7-4a53-929e-5cbd731ad5a4] received
[2026-04-26 19:31:43,754: INFO/MainProcess] Task cpu_intensive[35111097-46f4-4629-8446-a3dfc50d507d] received
[2026-04-26 19:31:43,754: INFO/MainProcess] Task memory_intensive[c111dbd1-fde4-4f47-b5e7-1b543e8e3f61] received
[2026-04-26 19:31:43,754: INFO/MainProcess] Task cpu_intensive[74eebf08-ab29-42d6-9e0d-6e6c224de0b1] received
[2026-04-26 19:31:45,364: INFO/ForkPoolWorker-3] Task cpu_intensive[35111097-46f4-4629-8446-a3dfc50d507d] succeeded in 1.6092455760081066s: 333333283333335000000
[2026-04-26 19:31:45,367: INFO/ForkPoolWorker-4] Task cpu_intensive[74eebf08-ab29-42d6-9e0d-6e6c224de0b1] succeeded in 1.6067152689938666s: 333333283333335000000
[2026-04-26 19:31:45,401: INFO/ForkPoolWorker-2] Task cpu_intensive[74a27152-15a7-4a53-929e-5cbd731ad5a4] succeeded in 1.6464030500064837s: 333333283333335000000
[2026-04-26 19:31:45,427: INFO/ForkPoolWorker-1] Task memory_intensive[c111dbd1-fde4-4f47-b5e7-1b543e8e3f61] succeeded in 1.6700223240040941s: 'Memory wave: released'
[2026-04-26 19:31:53,757: INFO/MainProcess] Task cpu_intensive[d3dda7aa-ba23-478d-80d3-a198e8ceb45b] received
[2026-04-26 19:31:53,758: INFO/MainProcess] Task memory_intensive[3977ce17-408f-4b94-819b-4b89059de107] received
[2026-04-26 19:31:53,758: INFO/MainProcess] Task cpu_intensive[186f929b-0c89-4fb6-a30b-c6f53cd4cd86] received
[2026-04-26 19:31:53,759: INFO/MainProcess] Task cpu_intensive[047aefbe-862b-4d28-868f-5682491f623b] received
[2026-04-26 19:31:55,370: INFO/ForkPoolWorker-4] Task cpu_intensive[047aefbe-862b-4d28-868f-5682491f623b] succeeded in 1.607828544001677s: 333333283333335000000
[2026-04-26 19:31:55,389: INFO/ForkPoolWorker-2] Task cpu_intensive[d3dda7aa-ba23-478d-80d3-a198e8ceb45b] succeeded in 1.6296625480026705s: 333333283333335000000
[2026-04-26 19:31:55,412: INFO/ForkPoolWorker-1] Task cpu_intensive[186f929b-0c89-4fb6-a30b-c6f53cd4cd86] succeeded in 1.649187142989831s: 333333283333335000000
[2026-04-26 19:31:55,440: INFO/ForkPoolWorker-3] Task memory_intensive[3977ce17-408f-4b94-819b-4b89059de107] succeeded in 1.680855412996607s: 'Memory wave: released'
[2026-04-26 19:32:03,761: INFO/MainProcess] Task memory_intensive[bfdf921c-c97e-4ae9-b836-1a3cbd2548e2] received
[2026-04-26 19:32:03,762: INFO/MainProcess] Task cpu_intensive[d6c40699-529c-45ff-9aa7-8c3325d11015] received
[2026-04-26 19:32:03,762: INFO/MainProcess] Task cpu_intensive[973f386e-f9b5-406d-9c2a-48478b37fe61] received
[2026-04-26 19:32:03,762: INFO/MainProcess] Task memory_intensive[f72eff29-2705-4c78-b07e-02a2314909fb] received
[2026-04-26 19:32:05,379: INFO/ForkPoolWorker-3] Task cpu_intensive[d6c40699-529c-45ff-9aa7-8c3325d11015] succeeded in 1.616619267995702s: 333333283333335000000
[2026-04-26 19:32:05,406: INFO/ForkPoolWorker-1] Task cpu_intensive[973f386e-f9b5-406d-9c2a-48478b37fe61] succeeded in 1.6434860269946512s: 333333283333335000000
[2026-04-26 19:32:05,447: INFO/ForkPoolWorker-4] Task memory_intensive[f72eff29-2705-4c78-b07e-02a2314909fb] succeeded in 1.6809691039961763s: 'Memory wave: released'
[2026-04-26 19:32:05,447: INFO/ForkPoolWorker-2] Task memory_intensive[bfdf921c-c97e-4ae9-b836-1a3cbd2548e2] succeeded in 1.6848877949960297s: 'Memory wave: released'
[2026-04-26 19:32:13,765: INFO/MainProcess] Task cpu_intensive[87c0a641-82e6-4173-a2b6-aa163248478c] received
[2026-04-26 19:32:13,765: INFO/MainProcess] Task cpu_intensive[e38bffe1-eafd-4cab-8c8c-4e92609399b4] received
[2026-04-26 19:32:13,766: INFO/MainProcess] Task memory_intensive[8fb3a28c-b27b-4014-a053-4466b3c97f6b] received
[2026-04-26 19:32:13,766: INFO/MainProcess] Task cpu_intensive[c634a9e6-e080-4bf7-8ff8-be16aa3918a7] received
[2026-04-26 19:32:15,384: INFO/ForkPoolWorker-4] Task cpu_intensive[c634a9e6-e080-4bf7-8ff8-be16aa3918a7] succeeded in 1.6166021319950232s: 333333283333335000000
[2026-04-26 19:32:15,384: INFO/ForkPoolWorker-2] Task cpu_intensive[87c0a641-82e6-4173-a2b6-aa163248478c] succeeded in 1.6175354500010144s: 333333283333335000000
[2026-04-26 19:32:15,437: INFO/ForkPoolWorker-3] Task cpu_intensive[e38bffe1-eafd-4cab-8c8c-4e92609399b4] succeeded in 1.669946873007575s: 333333283333335000000
[2026-04-26 19:32:15,443: INFO/ForkPoolWorker-1] Task memory_intensive[8fb3a28c-b27b-4014-a053-4466b3c97f6b] succeeded in 1.673959706997266s: 'Memory wave: released'
[2026-04-26 19:32:23,770: INFO/MainProcess] Task cpu_intensive[f095e607-c2c3-4786-95d6-e14ad1052783] received
[2026-04-26 19:32:23,771: INFO/MainProcess] Task memory_intensive[63b11ea0-51f4-477a-ad86-d48c6e4927d0] received
[2026-04-26 19:32:23,771: INFO/MainProcess] Task cpu_intensive[9cbb0fce-18a0-4fcb-aad4-c5d376a914a4] received
[2026-04-26 19:32:23,772: INFO/MainProcess] Task cpu_intensive[dd6434c5-3052-4109-97f2-365e90752503] received
[2026-04-26 19:32:25,384: INFO/ForkPoolWorker-4] Task cpu_intensive[dd6434c5-3052-4109-97f2-365e90752503] succeeded in 1.605556833994342s: 333333283333335000000
[2026-04-26 19:32:25,396: INFO/ForkPoolWorker-2] Task cpu_intensive[f095e607-c2c3-4786-95d6-e14ad1052783] succeeded in 1.624005022997153s: 333333283333335000000
[2026-04-26 19:32:25,405: INFO/ForkPoolWorker-1] Task cpu_intensive[9cbb0fce-18a0-4fcb-aad4-c5d376a914a4] succeeded in 1.6294960550003452s: 333333283333335000000
[2026-04-26 19:32:25,448: INFO/ForkPoolWorker-3] Task memory_intensive[63b11ea0-51f4-477a-ad86-d48c6e4927d0] succeeded in 1.675873184009106s: 'Memory wave: released'
[2026-04-26 19:32:33,774: INFO/MainProcess] Task memory_intensive[e72fa825-3751-4152-bb20-c8bf6856923f] received
[2026-04-26 19:32:33,775: INFO/MainProcess] Task cpu_intensive[d19fa12c-fa16-4a10-aca1-83fb5abcbf40] received
[2026-04-26 19:32:33,775: INFO/MainProcess] Task cpu_intensive[f8ac6eb6-beb7-45d9-9b50-f76721f7e6bf] received
[2026-04-26 19:32:33,775: INFO/MainProcess] Task memory_intensive[be861369-bffd-46cd-9fcc-1b9f48b48e84] received
[2026-04-26 19:32:35,391: INFO/ForkPoolWorker-3] Task cpu_intensive[d19fa12c-fa16-4a10-aca1-83fb5abcbf40] succeeded in 1.6147273940005107s: 333333283333335000000
[2026-04-26 19:32:35,400: INFO/ForkPoolWorker-1] Task cpu_intensive[f8ac6eb6-beb7-45d9-9b50-f76721f7e6bf] succeeded in 1.622044627001742s: 333333283333335000000
[2026-04-26 19:32:35,460: INFO/ForkPoolWorker-2] Task memory_intensive[e72fa825-3751-4152-bb20-c8bf6856923f] succeeded in 1.6841527619981207s: 'Memory wave: released'
[2026-04-26 19:32:35,460: INFO/ForkPoolWorker-4] Task memory_intensive[be861369-bffd-46cd-9fcc-1b9f48b48e84] succeeded in 1.6835542480112053s: 'Memory wave: released'
[2026-04-26 19:32:43,778: INFO/MainProcess] Task cpu_intensive[6310b4d4-72e2-4836-9825-7ff0be1563aa] received
[2026-04-26 19:32:43,778: INFO/MainProcess] Task cpu_intensive[a6ba345b-9a5d-431a-8108-ed13273025ea] received
[2026-04-26 19:32:43,779: INFO/MainProcess] Task memory_intensive[1a332934-14d0-4ac5-8495-e19f2355098e] received
[2026-04-26 19:32:43,779: INFO/MainProcess] Task cpu_intensive[f9e6119f-4d8c-4b7a-8b7b-ebf041a82a83] received
[2026-04-26 19:32:45,392: INFO/ForkPoolWorker-4] Task cpu_intensive[f9e6119f-4d8c-4b7a-8b7b-ebf041a82a83] succeeded in 1.611653767991811s: 333333283333335000000
[2026-04-26 19:32:45,401: INFO/ForkPoolWorker-3] Task cpu_intensive[a6ba345b-9a5d-431a-8108-ed13273025ea] succeeded in 1.621083260004525s: 333333283333335000000
[2026-04-26 19:32:45,404: INFO/ForkPoolWorker-2] Task cpu_intensive[6310b4d4-72e2-4836-9825-7ff0be1563aa] succeeded in 1.6249261800112436s: 333333283333335000000
[2026-04-26 19:32:45,455: INFO/ForkPoolWorker-1] Task memory_intensive[1a332934-14d0-4ac5-8495-e19f2355098e] succeeded in 1.672699743998237s: 'Memory wave: released'
[2026-04-26 19:32:53,782: INFO/MainProcess] Task cpu_intensive[6e4d042d-576c-42db-9498-7b2a5a814ea0] received
[2026-04-26 19:32:53,783: INFO/MainProcess] Task memory_intensive[7b5a4097-5f1c-4697-9e4c-a7192b09886c] received
[2026-04-26 19:32:53,783: INFO/MainProcess] Task cpu_intensive[df5c5031-2535-4d52-923f-7347a687936c] received
[2026-04-26 19:32:53,784: INFO/MainProcess] Task cpu_intensive[16064e27-dee7-45fe-b8b1-156d3e0316cd] received
[2026-04-26 19:32:55,401: INFO/ForkPoolWorker-2] Task cpu_intensive[6e4d042d-576c-42db-9498-7b2a5a814ea0] succeeded in 1.6176476559921866s: 333333283333335000000
[2026-04-26 19:32:55,404: INFO/ForkPoolWorker-4] Task cpu_intensive[16064e27-dee7-45fe-b8b1-156d3e0316cd] succeeded in 1.6164861759898486s: 333333283333335000000
[2026-04-26 19:32:55,417: INFO/ForkPoolWorker-1] Task cpu_intensive[df5c5031-2535-4d52-923f-7347a687936c] succeeded in 1.629490273000556s: 333333283333335000000
[2026-04-26 19:32:55,466: INFO/ForkPoolWorker-3] Task memory_intensive[7b5a4097-5f1c-4697-9e4c-a7192b09886c] succeeded in 1.6814310250047129s: 'Memory wave: released'
[2026-04-26 19:33:03,786: INFO/MainProcess] Task memory_intensive[e556dd5f-01a1-497f-b5a3-946e660faaa2] received
[2026-04-26 19:33:03,786: INFO/MainProcess] Task cpu_intensive[68679ec1-8d4b-4b55-a4d0-fc4bc65748ed] received
[2026-04-26 19:33:03,787: INFO/MainProcess] Task cpu_intensive[81503c3d-07d0-4e7f-840b-5eb219a9f795] received
[2026-04-26 19:33:03,788: INFO/MainProcess] Task memory_intensive[9139a4dc-b6b3-4fcc-8541-92a84ebb4596] received
[2026-04-26 19:33:05,411: INFO/ForkPoolWorker-3] Task cpu_intensive[68679ec1-8d4b-4b55-a4d0-fc4bc65748ed] succeeded in 1.6230667030031327s: 333333283333335000000
[2026-04-26 19:33:05,430: INFO/ForkPoolWorker-1] Task cpu_intensive[81503c3d-07d0-4e7f-840b-5eb219a9f795] succeeded in 1.64205971499905s: 333333283333335000000
[2026-04-26 19:33:05,478: INFO/ForkPoolWorker-4] Task memory_intensive[9139a4dc-b6b3-4fcc-8541-92a84ebb4596] succeeded in 1.688714207004523s: 'Memory wave: released'
[2026-04-26 19:33:05,478: INFO/ForkPoolWorker-2] Task memory_intensive[e556dd5f-01a1-497f-b5a3-946e660faaa2] succeeded in 1.690621490997728s: 'Memory wave: released'
[2026-04-26 19:33:13,790: INFO/MainProcess] Task cpu_intensive[162539d4-e703-4a25-9073-8bcadc605377] received
[2026-04-26 19:33:13,791: INFO/MainProcess] Task cpu_intensive[652f67d7-513a-4346-85c8-a16c5043d34b] received
[2026-04-26 19:33:13,791: INFO/MainProcess] Task memory_intensive[85db0c63-664a-4032-8642-c0d98faea31e] received
[2026-04-26 19:33:13,792: INFO/MainProcess] Task cpu_intensive[865559db-42bc-4101-85fa-9203e6c6d72b] received
[2026-04-26 19:33:15,402: INFO/ForkPoolWorker-4] Task cpu_intensive[865559db-42bc-4101-85fa-9203e6c6d72b] succeeded in 1.6062835899938364s: 333333283333335000000
[2026-04-26 19:33:15,408: INFO/ForkPoolWorker-3] Task cpu_intensive[652f67d7-513a-4346-85c8-a16c5043d34b] succeeded in 1.615366340993205s: 333333283333335000000
[2026-04-26 19:33:15,411: INFO/ForkPoolWorker-2] Task cpu_intensive[162539d4-e703-4a25-9073-8bcadc605377] succeeded in 1.6193232399964472s: 333333283333335000000
[2026-04-26 19:33:15,481: INFO/ForkPoolWorker-1] Task memory_intensive[85db0c63-664a-4032-8642-c0d98faea31e] succeeded in 1.6882086679979693s: 'Memory wave: released'
[2026-04-26 19:33:23,795: INFO/MainProcess] Task cpu_intensive[7109a614-794d-4174-a9a4-6b4c40860bc6] received
[2026-04-26 19:33:23,795: INFO/MainProcess] Task memory_intensive[a5f9ef16-5c80-47b3-84b1-f3cce99156da] received
[2026-04-26 19:33:23,796: INFO/MainProcess] Task cpu_intensive[167613ca-7d2e-4d51-95ce-b81d03308151] received
[2026-04-26 19:33:23,796: INFO/MainProcess] Task cpu_intensive[1867a6bf-9f7b-4ab6-8459-6e4bbdedecc1] received
[2026-04-26 19:33:25,410: INFO/ForkPoolWorker-2] Task cpu_intensive[7109a614-794d-4174-a9a4-6b4c40860bc6] succeeded in 1.6138126509904396s: 333333283333335000000
[2026-04-26 19:33:25,415: INFO/ForkPoolWorker-4] Task cpu_intensive[1867a6bf-9f7b-4ab6-8459-6e4bbdedecc1] succeeded in 1.6160698949970538s: 333333283333335000000
[2026-04-26 19:33:25,431: INFO/ForkPoolWorker-1] Task cpu_intensive[167613ca-7d2e-4d51-95ce-b81d03308151] succeeded in 1.6318624330015155s: 333333283333335000000
[2026-04-26 19:33:25,496: INFO/ForkPoolWorker-3] Task memory_intensive[a5f9ef16-5c80-47b3-84b1-f3cce99156da] succeeded in 1.6994548179936828s: 'Memory wave: released'
[2026-04-26 19:33:33,798: INFO/MainProcess] Task memory_intensive[2f475657-8a44-4224-b670-dadfeba02500] received
[2026-04-26 19:33:33,799: INFO/MainProcess] Task cpu_intensive[71003d5f-4eaf-4de4-9c1b-c8809847759b] received
[2026-04-26 19:33:33,799: INFO/MainProcess] Task cpu_intensive[b742b8bc-ad13-493c-a6f2-927a179c7be4] received
[2026-04-26 19:33:33,800: INFO/MainProcess] Task memory_intensive[2f202a51-524f-4263-a51d-7c4ebe495c0f] received
[2026-04-26 19:33:35,412: INFO/ForkPoolWorker-3] Task cpu_intensive[71003d5f-4eaf-4de4-9c1b-c8809847759b] succeeded in 1.6115598729957128s: 333333283333335000000
[2026-04-26 19:33:35,449: INFO/ForkPoolWorker-1] Task cpu_intensive[b742b8bc-ad13-493c-a6f2-927a179c7be4] succeeded in 1.649162364003132s: 333333283333335000000
[2026-04-26 19:33:35,474: INFO/ForkPoolWorker-2] Task memory_intensive[2f475657-8a44-4224-b670-dadfeba02500] succeeded in 1.6744786179915536s: 'Memory wave: released'
[2026-04-26 19:33:35,475: INFO/ForkPoolWorker-4] Task memory_intensive[2f202a51-524f-4263-a51d-7c4ebe495c0f] succeeded in 1.671999008001876s: 'Memory wave: released'
[2026-04-26 19:33:43,803: INFO/MainProcess] Task cpu_intensive[346cbdf6-ee47-40ea-98ed-28fbaf7e8bdb] received
[2026-04-26 19:33:43,803: INFO/MainProcess] Task cpu_intensive[914ffeb3-13fd-4b3c-911e-e0861b1c40d8] received
[2026-04-26 19:33:43,804: INFO/MainProcess] Task memory_intensive[00c41b1a-c41d-4539-b4d6-be6ce6d46ba1] received
[2026-04-26 19:33:43,804: INFO/MainProcess] Task cpu_intensive[1812d2fa-8f80-4254-8107-b4f9cef3bf8e] received
[2026-04-26 19:33:45,418: INFO/ForkPoolWorker-4] Task cpu_intensive[1812d2fa-8f80-4254-8107-b4f9cef3bf8e] succeeded in 1.613112649996765s: 333333283333335000000
[2026-04-26 19:33:45,423: INFO/ForkPoolWorker-2] Task cpu_intensive[346cbdf6-ee47-40ea-98ed-28fbaf7e8bdb] succeeded in 1.618579943999066s: 333333283333335000000
[2026-04-26 19:33:45,434: INFO/ForkPoolWorker-3] Task cpu_intensive[914ffeb3-13fd-4b3c-911e-e0861b1c40d8] succeeded in 1.6293296009971527s: 333333283333335000000
[2026-04-26 19:33:45,478: INFO/ForkPoolWorker-1] Task memory_intensive[00c41b1a-c41d-4539-b4d6-be6ce6d46ba1] succeeded in 1.6703109470108757s: 'Memory wave: released'
[2026-04-26 19:33:53,807: INFO/MainProcess] Task cpu_intensive[8ae33e91-7b40-4160-b306-a286f98b882b] received
[2026-04-26 19:33:53,808: INFO/MainProcess] Task memory_intensive[2c3560f3-ad17-437f-aafd-dc90642e701e] received
[2026-04-26 19:33:53,808: INFO/MainProcess] Task cpu_intensive[5a2cbe76-450d-4bb5-b267-cc2e6e7da4d0] received
[2026-04-26 19:33:53,808: INFO/MainProcess] Task cpu_intensive[57be2e38-cd2c-4627-946c-0a312e0987c4] received
[2026-04-26 19:33:55,417: INFO/ForkPoolWorker-1] Task cpu_intensive[5a2cbe76-450d-4bb5-b267-cc2e6e7da4d0] succeeded in 1.605215595001937s: 333333283333335000000
[2026-04-26 19:33:55,431: INFO/ForkPoolWorker-4] Task cpu_intensive[57be2e38-cd2c-4627-946c-0a312e0987c4] succeeded in 1.618412319003255s: 333333283333335000000
[2026-04-26 19:33:55,456: INFO/ForkPoolWorker-2] Task cpu_intensive[8ae33e91-7b40-4160-b306-a286f98b882b] succeeded in 1.6474907719966723s: 333333283333335000000
[2026-04-26 19:33:55,488: INFO/ForkPoolWorker-3] Task memory_intensive[2c3560f3-ad17-437f-aafd-dc90642e701e] succeeded in 1.6793689760088455s: 'Memory wave: released'
[2026-04-26 19:34:03,811: INFO/MainProcess] Task memory_intensive[e41e3e7c-4d37-4995-a74a-d62501d66ebc] received
[2026-04-26 19:34:03,812: INFO/MainProcess] Task cpu_intensive[426b3dea-7418-4f0a-a851-63aec3c2a939] received
[2026-04-26 19:34:03,812: INFO/MainProcess] Task cpu_intensive[17a3a615-afd3-4ea6-9af7-cc9ddd30da1b] received
[2026-04-26 19:34:03,812: INFO/MainProcess] Task memory_intensive[cf318e19-4c3d-466e-a6cc-f2708d062343] received
[2026-04-26 19:34:05,426: INFO/ForkPoolWorker-3] Task cpu_intensive[426b3dea-7418-4f0a-a851-63aec3c2a939] succeeded in 1.6134707469900604s: 333333283333335000000
[2026-04-26 19:34:05,433: INFO/ForkPoolWorker-1] Task cpu_intensive[17a3a615-afd3-4ea6-9af7-cc9ddd30da1b] succeeded in 1.617841232000501s: 333333283333335000000
[2026-04-26 19:34:05,483: INFO/ForkPoolWorker-4] Task memory_intensive[cf318e19-4c3d-466e-a6cc-f2708d062343] succeeded in 1.669765214988729s: 'Memory wave: released'
[2026-04-26 19:34:05,485: INFO/ForkPoolWorker-2] Task memory_intensive[e41e3e7c-4d37-4995-a74a-d62501d66ebc] succeeded in 1.6721792479947908s: 'Memory wave: released'
[2026-04-26 19:34:13,815: INFO/MainProcess] Task cpu_intensive[b5e770a4-bb9f-4a4f-9b2d-57cd301c2a6d] received
[2026-04-26 19:34:13,815: INFO/MainProcess] Task cpu_intensive[e0cc649e-fd92-40d6-be91-a9ef8306e3bd] received
[2026-04-26 19:34:13,816: INFO/MainProcess] Task memory_intensive[ffe259bc-8060-4a2e-9770-22a453cdf152] received
[2026-04-26 19:34:13,817: INFO/MainProcess] Task cpu_intensive[f698345a-fb4b-4d10-89b7-2db810a0537c] received
[2026-04-26 19:34:15,427: INFO/ForkPoolWorker-2] Task cpu_intensive[b5e770a4-bb9f-4a4f-9b2d-57cd301c2a6d] succeeded in 1.6109152680000989s: 333333283333335000000
[2026-04-26 19:34:15,433: INFO/ForkPoolWorker-4] Task cpu_intensive[f698345a-fb4b-4d10-89b7-2db810a0537c] succeeded in 1.6131823609903222s: 333333283333335000000
[2026-04-26 19:34:15,439: INFO/ForkPoolWorker-3] Task cpu_intensive[e0cc649e-fd92-40d6-be91-a9ef8306e3bd] succeeded in 1.6224571760103572s: 333333283333335000000
[2026-04-26 19:34:15,491: INFO/ForkPoolWorker-1] Task memory_intensive[ffe259bc-8060-4a2e-9770-22a453cdf152] succeeded in 1.6736348749982426s: 'Memory wave: released'
[2026-04-26 19:34:23,819: INFO/MainProcess] Task cpu_intensive[77e1479d-b8c8-4d10-a536-750254a2890f] received
[2026-04-26 19:34:23,819: INFO/MainProcess] Task memory_intensive[bf114a6d-7982-4f66-bdd5-db6bdcd0a38c] received
[2026-04-26 19:34:23,820: INFO/MainProcess] Task cpu_intensive[ffac176b-cd61-4c00-821c-db3c0d1dc63f] received
[2026-04-26 19:34:23,820: INFO/MainProcess] Task cpu_intensive[6660e36c-61fd-4e44-bbfb-17d224fe71c3] received
[2026-04-26 19:34:25,438: INFO/ForkPoolWorker-2] Task cpu_intensive[77e1479d-b8c8-4d10-a536-750254a2890f] succeeded in 1.6175301899929764s: 333333283333335000000
[2026-04-26 19:34:25,438: INFO/ForkPoolWorker-4] Task cpu_intensive[6660e36c-61fd-4e44-bbfb-17d224fe71c3] succeeded in 1.6143899769958807s: 333333283333335000000
[2026-04-26 19:34:25,448: INFO/ForkPoolWorker-1] Task cpu_intensive[ffac176b-cd61-4c00-821c-db3c0d1dc63f] succeeded in 1.625020425999537s: 333333283333335000000
[2026-04-26 19:34:25,496: INFO/ForkPoolWorker-3] Task memory_intensive[bf114a6d-7982-4f66-bdd5-db6bdcd0a38c] succeeded in 1.6753047609963687s: 'Memory wave: released'
[2026-04-26 19:34:33,823: INFO/MainProcess] Task memory_intensive[b12f02f7-8b69-458d-9a49-948c62af25db] received
[2026-04-26 19:34:33,824: INFO/MainProcess] Task cpu_intensive[7ea6100b-f31c-4b99-9367-455d8b4d64d2] received
[2026-04-26 19:34:33,824: INFO/MainProcess] Task cpu_intensive[cf4ccb6d-3045-401b-b32b-14126b666589] received
[2026-04-26 19:34:33,825: INFO/MainProcess] Task memory_intensive[5105a81c-3e00-4467-abd3-f7fcdf30543e] received
[2026-04-26 19:34:35,439: INFO/ForkPoolWorker-3] Task cpu_intensive[7ea6100b-f31c-4b99-9367-455d8b4d64d2] succeeded in 1.61345390000497s: 333333283333335000000
[2026-04-26 19:34:35,482: INFO/ForkPoolWorker-1] Task cpu_intensive[cf4ccb6d-3045-401b-b32b-14126b666589] succeeded in 1.6562273310119053s: 333333283333335000000
[2026-04-26 19:34:35,505: INFO/ForkPoolWorker-4] Task memory_intensive[5105a81c-3e00-4467-abd3-f7fcdf30543e] succeeded in 1.6756130729918368s: 'Memory wave: released'
[2026-04-26 19:34:35,505: INFO/ForkPoolWorker-2] Task memory_intensive[b12f02f7-8b69-458d-9a49-948c62af25db] succeeded in 1.6800339829933364s: 'Memory wave: released'
[2026-04-26 19:34:43,827: INFO/MainProcess] Task cpu_intensive[b1ad279d-d70c-4e3b-8c71-75a46e904d8e] received
[2026-04-26 19:34:43,828: INFO/MainProcess] Task cpu_intensive[c11a2cbd-7dcf-4415-ba86-9c036434fa26] received
[2026-04-26 19:34:43,829: INFO/MainProcess] Task memory_intensive[570cafec-3c8f-460f-88fe-2dff86e3e828] received
[2026-04-26 19:34:43,829: INFO/MainProcess] Task cpu_intensive[f01fc916-1270-436e-a18d-e470b7eea1eb] received
[2026-04-26 19:34:45,442: INFO/ForkPoolWorker-2] Task cpu_intensive[b1ad279d-d70c-4e3b-8c71-75a46e904d8e] succeeded in 1.6140559380000923s: 333333283333335000000
[2026-04-26 19:34:45,443: INFO/ForkPoolWorker-4] Task cpu_intensive[f01fc916-1270-436e-a18d-e470b7eea1eb] succeeded in 1.6137875490094302s: 333333283333335000000
[2026-04-26 19:34:45,452: INFO/ForkPoolWorker-3] Task cpu_intensive[c11a2cbd-7dcf-4415-ba86-9c036434fa26] succeeded in 1.6228342760005035s: 333333283333335000000
[2026-04-26 19:34:45,506: INFO/ForkPoolWorker-1] Task memory_intensive[570cafec-3c8f-460f-88fe-2dff86e3e828] succeeded in 1.674642847996438s: 'Memory wave: released'
[2026-04-26 19:34:53,831: INFO/MainProcess] Task cpu_intensive[db50f427-cf4c-4653-931e-6271eeefefac] received
[2026-04-26 19:34:53,832: INFO/MainProcess] Task memory_intensive[8d910679-146d-4ec8-9c73-a13d4d21811a] received
[2026-04-26 19:34:53,832: INFO/MainProcess] Task cpu_intensive[19a07090-2825-4705-8dae-9fb66608f2d1] received
[2026-04-26 19:34:53,833: INFO/MainProcess] Task cpu_intensive[6dc6a67e-cd53-431b-a4f3-e0565e32e57e] received
[2026-04-26 19:34:55,440: INFO/ForkPoolWorker-1] Task cpu_intensive[19a07090-2825-4705-8dae-9fb66608f2d1] succeeded in 1.603323196992278s: 333333283333335000000
[2026-04-26 19:34:55,441: INFO/ForkPoolWorker-4] Task cpu_intensive[6dc6a67e-cd53-431b-a4f3-e0565e32e57e] succeeded in 1.6046095510100713s: 333333283333335000000
[2026-04-26 19:34:55,471: INFO/ForkPoolWorker-2] Task cpu_intensive[db50f427-cf4c-4653-931e-6271eeefefac] succeeded in 1.6381254250009079s: 333333283333335000000
[2026-04-26 19:34:55,510: INFO/ForkPoolWorker-3] Task memory_intensive[8d910679-146d-4ec8-9c73-a13d4d21811a] succeeded in 1.6771603490051348s: 'Memory wave: released'
[2026-04-26 19:35:03,835: INFO/MainProcess] Task memory_intensive[6b0b0745-7cdf-4378-bff5-fa29aa9eff57] received
[2026-04-26 19:35:03,835: INFO/MainProcess] Task cpu_intensive[a3e125c7-341e-4a72-9b6c-3573a5705d43] received
[2026-04-26 19:35:03,836: INFO/MainProcess] Task cpu_intensive[22fbcfea-77d4-489d-ab3a-267e4b997470] received
[2026-04-26 19:35:03,836: INFO/MainProcess] Task memory_intensive[ea46bdbf-09bd-40a9-8cb6-321883a360a1] received
[2026-04-26 19:35:05,452: INFO/ForkPoolWorker-3] Task cpu_intensive[a3e125c7-341e-4a72-9b6c-3573a5705d43] succeeded in 1.6151903720019618s: 333333283333335000000
[2026-04-26 19:35:05,479: INFO/ForkPoolWorker-1] Task cpu_intensive[22fbcfea-77d4-489d-ab3a-267e4b997470] succeeded in 1.6416667470039101s: 333333283333335000000
[2026-04-26 19:35:05,522: INFO/ForkPoolWorker-2] Task memory_intensive[6b0b0745-7cdf-4378-bff5-fa29aa9eff57] succeeded in 1.6859179099992616s: 'Memory wave: released'
[2026-04-26 19:35:05,523: INFO/ForkPoolWorker-4] Task memory_intensive[ea46bdbf-09bd-40a9-8cb6-321883a360a1] succeeded in 1.6832130679977126s: 'Memory wave: released'
[2026-04-26 19:35:13,839: INFO/MainProcess] Task cpu_intensive[f9ce63d3-dd81-4a79-b46a-c9c62e0926a4] received
[2026-04-26 19:35:13,840: INFO/MainProcess] Task cpu_intensive[ffa624f3-f3e3-412c-955b-369ab21e4fca] received
[2026-04-26 19:35:13,840: INFO/MainProcess] Task memory_intensive[a9d42c24-b02a-4872-b8dd-c5a70376f9ce] received
[2026-04-26 19:35:13,841: INFO/MainProcess] Task cpu_intensive[472f73dd-0735-44ca-be09-6be82d8eb5c7] received
[2026-04-26 19:35:15,451: INFO/ForkPoolWorker-2] Task cpu_intensive[f9ce63d3-dd81-4a79-b46a-c9c62e0926a4] succeeded in 1.6105998400016688s: 333333283333335000000
[2026-04-26 19:35:15,452: INFO/ForkPoolWorker-4] Task cpu_intensive[472f73dd-0735-44ca-be09-6be82d8eb5c7] succeeded in 1.6075144479982555s: 333333283333335000000
[2026-04-26 19:35:15,472: INFO/ForkPoolWorker-3] Task cpu_intensive[ffa624f3-f3e3-412c-955b-369ab21e4fca] succeeded in 1.6306363470066572s: 333333283333335000000
[2026-04-26 19:35:15,514: INFO/ForkPoolWorker-1] Task memory_intensive[a9d42c24-b02a-4872-b8dd-c5a70376f9ce] succeeded in 1.673039240995422s: 'Memory wave: released'
[2026-04-26 19:35:23,843: INFO/MainProcess] Task cpu_intensive[20208de5-b82e-4d7f-83df-e58405a7edbd] received
[2026-04-26 19:35:23,843: INFO/MainProcess] Task memory_intensive[a7941c0e-f1c9-4d07-9c6e-a33026b21160] received
[2026-04-26 19:35:23,844: INFO/MainProcess] Task cpu_intensive[61978a56-13d4-4acc-a01d-7cbf13bf5d1a] received
[2026-04-26 19:35:23,844: INFO/MainProcess] Task cpu_intensive[731472a3-5ddd-47b7-b4c1-0f737758bbbd] received
[2026-04-26 19:35:25,451: INFO/ForkPoolWorker-1] Task cpu_intensive[61978a56-13d4-4acc-a01d-7cbf13bf5d1a] succeeded in 1.6039041619951604s: 333333283333335000000
[2026-04-26 19:35:25,460: INFO/ForkPoolWorker-4] Task cpu_intensive[731472a3-5ddd-47b7-b4c1-0f737758bbbd] succeeded in 1.6112242079980206s: 333333283333335000000
[2026-04-26 19:35:25,493: INFO/ForkPoolWorker-2] Task cpu_intensive[20208de5-b82e-4d7f-83df-e58405a7edbd] succeeded in 1.6483079330064356s: 333333283333335000000
[2026-04-26 19:35:25,519: INFO/ForkPoolWorker-3] Task memory_intensive[a7941c0e-f1c9-4d07-9c6e-a33026b21160] succeeded in 1.674559715000214s: 'Memory wave: released'
[2026-04-26 19:35:33,846: INFO/MainProcess] Task memory_intensive[b7ffb08f-7f4f-477c-87dd-9069e90f1918] received
[2026-04-26 19:35:33,847: INFO/MainProcess] Task cpu_intensive[b855dc7a-7e91-490b-bb5d-c728dbbb58da] received
[2026-04-26 19:35:33,847: INFO/MainProcess] Task cpu_intensive[1a3c576e-e159-4e78-8843-2848d3750ed9] received
[2026-04-26 19:35:33,848: INFO/MainProcess] Task memory_intensive[143f6374-7bf4-4539-b8d9-406361a0459c] received
[2026-04-26 19:35:35,461: INFO/ForkPoolWorker-1] Task cpu_intensive[1a3c576e-e159-4e78-8843-2848d3750ed9] succeeded in 1.6092509309964953s: 333333283333335000000
[2026-04-26 19:35:35,461: INFO/ForkPoolWorker-3] Task cpu_intensive[b855dc7a-7e91-490b-bb5d-c728dbbb58da] succeeded in 1.6132303959893761s: 333333283333335000000
[2026-04-26 19:35:35,529: INFO/ForkPoolWorker-2] Task memory_intensive[b7ffb08f-7f4f-477c-87dd-9069e90f1918] succeeded in 1.681494340999052s: 'Memory wave: released'
[2026-04-26 19:35:35,529: INFO/ForkPoolWorker-4] Task memory_intensive[143f6374-7bf4-4539-b8d9-406361a0459c] succeeded in 1.680894568999065s: 'Memory wave: released'
[2026-04-26 19:35:43,851: INFO/MainProcess] Task cpu_intensive[a15744dc-a0a5-4667-927b-18d6b08d20d9] received
[2026-04-26 19:35:43,852: INFO/MainProcess] Task cpu_intensive[dea39897-a44c-4c1b-829c-64a9513c0a9f] received
[2026-04-26 19:35:43,852: INFO/MainProcess] Task memory_intensive[d829adef-d9a6-41d4-8800-a557842b37f1] received
[2026-04-26 19:35:43,853: INFO/MainProcess] Task cpu_intensive[24a5f05a-71ef-4605-a8a5-f58fc9f6a788] received
[2026-04-26 19:35:45,457: INFO/ForkPoolWorker-2] Task cpu_intensive[a15744dc-a0a5-4667-927b-18d6b08d20d9] succeeded in 1.6044639969913987s: 333333283333335000000
[2026-04-26 19:35:45,467: INFO/ForkPoolWorker-4] Task cpu_intensive[24a5f05a-71ef-4605-a8a5-f58fc9f6a788] succeeded in 1.610352497009444s: 333333283333335000000
[2026-04-26 19:35:45,469: INFO/ForkPoolWorker-3] Task cpu_intensive[dea39897-a44c-4c1b-829c-64a9513c0a9f] succeeded in 1.6161773049971089s: 333333283333335000000
[2026-04-26 19:35:45,528: INFO/ForkPoolWorker-1] Task memory_intensive[d829adef-d9a6-41d4-8800-a557842b37f1] succeeded in 1.6748054369963938s: 'Memory wave: released'
[2026-04-26 19:35:53,855: INFO/MainProcess] Task cpu_intensive[be1a7fb6-a15d-410d-8047-c9110d59f6b9] received
[2026-04-26 19:35:53,856: INFO/MainProcess] Task memory_intensive[1dcf6bf5-e1f3-4af2-afc2-e8a4e252235f] received
[2026-04-26 19:35:53,856: INFO/MainProcess] Task cpu_intensive[80196358-7df3-45ca-9fc1-4cb37ac47ae5] received
[2026-04-26 19:35:53,857: INFO/MainProcess] Task cpu_intensive[b27758f4-a236-47c3-a90e-1dbe7fa6b36a] received
[2026-04-26 19:35:55,471: INFO/ForkPoolWorker-4] Task cpu_intensive[b27758f4-a236-47c3-a90e-1dbe7fa6b36a] succeeded in 1.6137161270016804s: 333333283333335000000
[2026-04-26 19:35:55,482: INFO/ForkPoolWorker-2] Task cpu_intensive[be1a7fb6-a15d-410d-8047-c9110d59f6b9] succeeded in 1.6251188650057884s: 333333283333335000000
[2026-04-26 19:35:55,508: INFO/ForkPoolWorker-1] Task cpu_intensive[80196358-7df3-45ca-9fc1-4cb37ac47ae5] succeeded in 1.6448686259973329s: 333333283333335000000
[2026-04-26 19:35:55,543: INFO/ForkPoolWorker-3] Task memory_intensive[1dcf6bf5-e1f3-4af2-afc2-e8a4e252235f] succeeded in 1.682596904996899s: 'Memory wave: released'
[2026-04-26 19:36:03,859: INFO/MainProcess] Task memory_intensive[ade3bc7b-6ccd-4f5b-942c-eb9287c27b05] received
[2026-04-26 19:36:03,860: INFO/MainProcess] Task cpu_intensive[be0f9600-a741-4c26-8f36-9f73fbeded97] received
[2026-04-26 19:36:03,860: INFO/MainProcess] Task cpu_intensive[05613054-b131-4141-a61a-bb86683e0a65] received
[2026-04-26 19:36:03,861: INFO/MainProcess] Task memory_intensive[0e983016-1599-467e-895f-3ee2b89a0ed5] received
[2026-04-26 19:36:05,463: INFO/ForkPoolWorker-1] Task cpu_intensive[05613054-b131-4141-a61a-bb86683e0a65] succeeded in 1.5985831029975088s: 333333283333335000000
[2026-04-26 19:36:05,474: INFO/ForkPoolWorker-3] Task cpu_intensive[be0f9600-a741-4c26-8f36-9f73fbeded97] succeeded in 1.6125695160008036s: 333333283333335000000
[2026-04-26 19:36:05,537: INFO/ForkPoolWorker-4] Task memory_intensive[0e983016-1599-467e-895f-3ee2b89a0ed5] succeeded in 1.6750257200037595s: 'Memory wave: released'
[2026-04-26 19:36:05,537: INFO/ForkPoolWorker-2] Task memory_intensive[ade3bc7b-6ccd-4f5b-942c-eb9287c27b05] succeeded in 1.6757317170122406s: 'Memory wave: released'

worker: Warm shutdown (MainProcess)
