 
 -------------- celery@golubev-BMH-WCX9 v5.6.3 (recovery)
--- ***** ----- 
-- ******* ---- Linux-6.8.0-110-generic-x86_64-with-glibc2.39 2026-04-26 02:57:24
- *** --- * --- 
- ** ---------- [config]
- ** ---------- .> app:         __main__:0x750203822e10
- ** ---------- .> transport:   amqp://celery_demo:**@localhost:5672//
- ** ---------- .> results:     disabled://
- *** --- * --- .> concurrency: 4 (prefork)
-- ******* ---- .> task events: OFF (enable -E to monitor tasks in this worker)
--- ***** ----- 
 -------------- [queues]
                .> celery           exchange=celery(direct) key=celery
                

[tasks]
  . cpu_intensive
  . memory_intensive

[2026-04-26 02:57:25,018: INFO/MainProcess] Connected to amqp://celery_demo:**@127.0.0.1:5672//
[2026-04-26 02:57:25,022: INFO/MainProcess] mingle: searching for neighbors
[2026-04-26 02:57:26,039: INFO/MainProcess] mingle: all alone
[2026-04-26 02:57:26,056: INFO/MainProcess] celery@golubev-BMH-WCX9 ready.
[2026-04-26 02:57:26,057: INFO/MainProcess] Task cpu_intensive[f2796497-5d6c-4833-8ab8-41182c88f1dc] received
[2026-04-26 02:57:26,058: INFO/MainProcess] Task cpu_intensive[eb4d4da5-3283-4c95-8cac-a5fbe5e9e31b] received
[2026-04-26 02:57:26,058: INFO/MainProcess] Task memory_intensive[9af41a2a-84da-4490-a6a0-6a9cffe5d3d4] received
[2026-04-26 02:57:26,058: INFO/MainProcess] Task cpu_intensive[c064cc11-1244-4e8f-b764-e1da6ccb07a1] received
[2026-04-26 02:57:27,763: INFO/ForkPoolWorker-4] Task cpu_intensive[c064cc11-1244-4e8f-b764-e1da6ccb07a1] succeeded in 1.5991187009985879s: 333333283333335000000
[2026-04-26 02:57:27,764: INFO/ForkPoolWorker-2] Task cpu_intensive[f2796497-5d6c-4833-8ab8-41182c88f1dc] succeeded in 1.6040273319995322s: 333333283333335000000
[2026-04-26 02:57:27,766: INFO/ForkPoolWorker-3] Task cpu_intensive[eb4d4da5-3283-4c95-8cac-a5fbe5e9e31b] succeeded in 1.6061174019996542s: 333333283333335000000
[2026-04-26 02:57:27,883: INFO/ForkPoolWorker-1] Task memory_intensive[9af41a2a-84da-4490-a6a0-6a9cffe5d3d4] succeeded in 1.7210230720011168s: 'Memory wave: released'
[2026-04-26 02:57:35,839: INFO/MainProcess] Task cpu_intensive[992eaf1e-dcee-4266-9e01-2cd68d3cd101] received
[2026-04-26 02:57:35,839: INFO/MainProcess] Task memory_intensive[e5b99b9b-3b9b-4261-bf80-ea616fdcc8ef] received
[2026-04-26 02:57:35,839: INFO/MainProcess] Task cpu_intensive[06814b5d-d181-4943-a25f-b6990a97e388] received
[2026-04-26 02:57:35,840: INFO/MainProcess] Task cpu_intensive[1200b34e-2921-4342-a3ac-e1630d4b4236] received
[2026-04-26 02:57:37,453: INFO/ForkPoolWorker-4] Task cpu_intensive[1200b34e-2921-4342-a3ac-e1630d4b4236] succeeded in 1.612713585000165s: 333333283333335000000
[2026-04-26 02:57:37,454: INFO/ForkPoolWorker-1] Task cpu_intensive[06814b5d-d181-4943-a25f-b6990a97e388] succeeded in 1.6108293300003425s: 333333283333335000000
[2026-04-26 02:57:37,488: INFO/ForkPoolWorker-2] Task cpu_intensive[992eaf1e-dcee-4266-9e01-2cd68d3cd101] succeeded in 1.6485792370003765s: 333333283333335000000
[2026-04-26 02:57:37,582: INFO/ForkPoolWorker-3] Task memory_intensive[e5b99b9b-3b9b-4261-bf80-ea616fdcc8ef] succeeded in 1.7413715239999874s: 'Memory wave: released'
[2026-04-26 02:57:45,844: INFO/MainProcess] Task memory_intensive[cc9d3647-c503-4e03-bf2f-79d1ab944d2f] received
[2026-04-26 02:57:45,844: INFO/MainProcess] Task cpu_intensive[a7813c51-922d-48af-86b6-520ddf41c921] received
[2026-04-26 02:57:45,845: INFO/MainProcess] Task cpu_intensive[aca0af2d-e757-4f4f-a4e3-cefefde3964d] received
[2026-04-26 02:57:45,845: INFO/MainProcess] Task memory_intensive[86d944e9-1d4b-4010-a511-8e423eb094e0] received
[2026-04-26 02:57:47,460: INFO/ForkPoolWorker-3] Task cpu_intensive[a7813c51-922d-48af-86b6-520ddf41c921] succeeded in 1.6118702449984994s: 333333283333335000000
[2026-04-26 02:57:47,501: INFO/ForkPoolWorker-1] Task cpu_intensive[aca0af2d-e757-4f4f-a4e3-cefefde3964d] succeeded in 1.6522218629997951s: 333333283333335000000
[2026-04-26 02:57:47,582: INFO/ForkPoolWorker-4] Task memory_intensive[86d944e9-1d4b-4010-a511-8e423eb094e0] succeeded in 1.7364099229998828s: 'Memory wave: released'
[2026-04-26 02:57:47,582: INFO/ForkPoolWorker-2] Task memory_intensive[cc9d3647-c503-4e03-bf2f-79d1ab944d2f] succeeded in 1.736855426001057s: 'Memory wave: released'
[2026-04-26 02:57:55,847: INFO/MainProcess] Task cpu_intensive[8cace7e8-e5aa-4dae-ae82-4755aa27a086] received
[2026-04-26 02:57:55,848: INFO/MainProcess] Task cpu_intensive[3f1f870b-a947-4b67-9a52-c2abf97ee020] received
[2026-04-26 02:57:55,849: INFO/MainProcess] Task memory_intensive[7fe4aef0-ea3a-4145-98c2-6874bd8c8b12] received
[2026-04-26 02:57:55,849: INFO/MainProcess] Task cpu_intensive[342fb63d-7c39-4d6f-9211-7b667850fcde] received
[2026-04-26 02:57:57,462: INFO/ForkPoolWorker-2] Task cpu_intensive[8cace7e8-e5aa-4dae-ae82-4755aa27a086] succeeded in 1.6131074760014599s: 333333283333335000000
[2026-04-26 02:57:57,468: INFO/ForkPoolWorker-3] Task cpu_intensive[3f1f870b-a947-4b67-9a52-c2abf97ee020] succeeded in 1.6183669779984484s: 333333283333335000000
[2026-04-26 02:57:57,469: INFO/ForkPoolWorker-4] Task cpu_intensive[342fb63d-7c39-4d6f-9211-7b667850fcde] succeeded in 1.6165530500002205s: 333333283333335000000
[2026-04-26 02:57:57,520: INFO/ForkPoolWorker-1] Task memory_intensive[7fe4aef0-ea3a-4145-98c2-6874bd8c8b12] succeeded in 1.670396785999401s: 'Memory wave: released'
[2026-04-26 02:58:05,852: INFO/MainProcess] Task cpu_intensive[eee6c31c-42c1-42c2-859c-b80e09e9f2c4] received
[2026-04-26 02:58:05,853: INFO/MainProcess] Task memory_intensive[ac760917-d507-4762-a6e8-044b20a6822d] received
[2026-04-26 02:58:05,853: INFO/MainProcess] Task cpu_intensive[56cc8a18-e306-4e04-9e9f-f0d59e62818d] received
[2026-04-26 02:58:05,854: INFO/MainProcess] Task cpu_intensive[8bbc4dba-ce76-43f6-a5fa-1986c4e60d91] received
[2026-04-26 02:58:07,469: INFO/ForkPoolWorker-2] Task cpu_intensive[eee6c31c-42c1-42c2-859c-b80e09e9f2c4] succeeded in 1.6153197280000313s: 333333283333335000000
[2026-04-26 02:58:07,496: INFO/ForkPoolWorker-4] Task cpu_intensive[8bbc4dba-ce76-43f6-a5fa-1986c4e60d91] succeeded in 1.6386854680004035s: 333333283333335000000
[2026-04-26 02:58:07,497: INFO/ForkPoolWorker-1] Task cpu_intensive[56cc8a18-e306-4e04-9e9f-f0d59e62818d] succeeded in 1.6398034490011923s: 333333283333335000000
[2026-04-26 02:58:07,533: INFO/ForkPoolWorker-3] Task memory_intensive[ac760917-d507-4762-a6e8-044b20a6822d] succeeded in 1.6788502679992234s: 'Memory wave: released'
[2026-04-26 02:58:15,856: INFO/MainProcess] Task memory_intensive[20b2b5de-386e-42ed-8b8a-5b3fe2aae2f6] received
[2026-04-26 02:58:15,857: INFO/MainProcess] Task cpu_intensive[60f1ea84-964f-4b3b-b85e-df7df0d73e74] received
[2026-04-26 02:58:15,857: INFO/MainProcess] Task cpu_intensive[e9598913-f9a6-4509-bd6e-a94ad373a555] received
[2026-04-26 02:58:15,857: INFO/MainProcess] Task memory_intensive[927b0db4-8685-4cdc-a8a6-b55575bc59e6] received
[2026-04-26 02:58:17,467: INFO/ForkPoolWorker-3] Task cpu_intensive[60f1ea84-964f-4b3b-b85e-df7df0d73e74] succeeded in 1.6071246489991609s: 333333283333335000000
[2026-04-26 02:58:17,483: INFO/ForkPoolWorker-1] Task cpu_intensive[e9598913-f9a6-4509-bd6e-a94ad373a555] succeeded in 1.624625661999744s: 333333283333335000000
[2026-04-26 02:58:17,542: INFO/ForkPoolWorker-2] Task memory_intensive[20b2b5de-386e-42ed-8b8a-5b3fe2aae2f6] succeeded in 1.6849612810001418s: 'Memory wave: released'
[2026-04-26 02:58:17,542: INFO/ForkPoolWorker-4] Task memory_intensive[927b0db4-8685-4cdc-a8a6-b55575bc59e6] succeeded in 1.6811998240009416s: 'Memory wave: released'
[2026-04-26 02:58:25,861: INFO/MainProcess] Task cpu_intensive[21c4870e-990d-469d-9784-3c9751108887] received
[2026-04-26 02:58:25,861: INFO/MainProcess] Task cpu_intensive[05a8d352-87eb-4811-ac24-79fc9b81b63a] received
[2026-04-26 02:58:25,862: INFO/MainProcess] Task memory_intensive[93c39efd-db10-4bb4-9a05-50ac9acd04af] received
[2026-04-26 02:58:25,862: INFO/MainProcess] Task cpu_intensive[d50ba97f-8e7c-434e-9663-f427ac2add69] received
[2026-04-26 02:58:27,480: INFO/ForkPoolWorker-3] Task cpu_intensive[05a8d352-87eb-4811-ac24-79fc9b81b63a] succeeded in 1.6147997030002443s: 333333283333335000000
[2026-04-26 02:58:27,482: INFO/ForkPoolWorker-2] Task cpu_intensive[21c4870e-990d-469d-9784-3c9751108887] succeeded in 1.6195775950000098s: 333333283333335000000
[2026-04-26 02:58:27,485: INFO/ForkPoolWorker-4] Task cpu_intensive[d50ba97f-8e7c-434e-9663-f427ac2add69] succeeded in 1.6154404749995592s: 333333283333335000000
[2026-04-26 02:58:27,534: INFO/ForkPoolWorker-1] Task memory_intensive[93c39efd-db10-4bb4-9a05-50ac9acd04af] succeeded in 1.6684953829990263s: 'Memory wave: released'
[2026-04-26 02:58:35,865: INFO/MainProcess] Task cpu_intensive[8c4f3d35-b5b0-4d13-a08f-a75c5cedf845] received
[2026-04-26 02:58:35,865: INFO/MainProcess] Task memory_intensive[62dac58c-2331-45c3-a9ba-4bc28b57f415] received
[2026-04-26 02:58:35,866: INFO/MainProcess] Task cpu_intensive[7d03b9f7-ff00-4f3c-abfc-308830c6c16b] received
[2026-04-26 02:58:35,866: INFO/MainProcess] Task cpu_intensive[24f65559-dcaf-4604-b9c0-f1c23a258ef1] received
[2026-04-26 02:58:37,489: INFO/ForkPoolWorker-4] Task cpu_intensive[24f65559-dcaf-4604-b9c0-f1c23a258ef1] succeeded in 1.6167886780003755s: 333333283333335000000
[2026-04-26 02:58:37,495: INFO/ForkPoolWorker-1] Task cpu_intensive[7d03b9f7-ff00-4f3c-abfc-308830c6c16b] succeeded in 1.6259399560003658s: 333333283333335000000
[2026-04-26 02:58:37,513: INFO/ForkPoolWorker-2] Task cpu_intensive[8c4f3d35-b5b0-4d13-a08f-a75c5cedf845] succeeded in 1.6462561079988518s: 333333283333335000000
[2026-04-26 02:58:37,544: INFO/ForkPoolWorker-3] Task memory_intensive[62dac58c-2331-45c3-a9ba-4bc28b57f415] succeeded in 1.677066262000153s: 'Memory wave: released'
[2026-04-26 02:58:45,869: INFO/MainProcess] Task memory_intensive[7806d66b-aa6b-4c42-8743-8f3604ae548b] received
[2026-04-26 02:58:45,869: INFO/MainProcess] Task cpu_intensive[7f602fc8-0d2b-462f-b454-486c2598e330] received
[2026-04-26 02:58:45,870: INFO/MainProcess] Task cpu_intensive[b7ebe8f2-7e45-47b0-a7f7-c54b3bf6a314] received
[2026-04-26 02:58:45,870: INFO/MainProcess] Task memory_intensive[10252a33-696e-4462-9f6a-feb61cddf0b3] received
[2026-04-26 02:58:47,488: INFO/ForkPoolWorker-3] Task cpu_intensive[7f602fc8-0d2b-462f-b454-486c2598e330] succeeded in 1.617268852000052s: 333333283333335000000
[2026-04-26 02:58:47,530: INFO/ForkPoolWorker-1] Task cpu_intensive[b7ebe8f2-7e45-47b0-a7f7-c54b3bf6a314] succeeded in 1.65906362700116s: 333333283333335000000
[2026-04-26 02:58:47,555: INFO/ForkPoolWorker-4] Task memory_intensive[10252a33-696e-4462-9f6a-feb61cddf0b3] succeeded in 1.680657971999608s: 'Memory wave: released'
[2026-04-26 02:58:47,555: INFO/ForkPoolWorker-2] Task memory_intensive[7806d66b-aa6b-4c42-8743-8f3604ae548b] succeeded in 1.6846556939999573s: 'Memory wave: released'
[2026-04-26 02:58:55,872: INFO/MainProcess] Task cpu_intensive[ffcf2fb6-9071-49e6-b6a6-3823f2557453] received
[2026-04-26 02:58:55,873: INFO/MainProcess] Task cpu_intensive[c9568e8b-e499-4b90-a2a7-86400af19eaa] received
[2026-04-26 02:58:55,874: INFO/MainProcess] Task memory_intensive[27cf7aee-a257-4540-8b2a-f00ef5d4d880] received
[2026-04-26 02:58:55,874: INFO/MainProcess] Task cpu_intensive[fd33f092-9e6d-4c4c-b3aa-b06065f09e7c] received
[2026-04-26 02:58:57,499: INFO/ForkPoolWorker-3] Task cpu_intensive[c9568e8b-e499-4b90-a2a7-86400af19eaa] succeeded in 1.6243591429993103s: 333333283333335000000
[2026-04-26 02:58:57,504: INFO/ForkPoolWorker-2] Task cpu_intensive[ffcf2fb6-9071-49e6-b6a6-3823f2557453] succeeded in 1.6294594119990506s: 333333283333335000000
[2026-04-26 02:58:57,513: INFO/ForkPoolWorker-4] Task cpu_intensive[fd33f092-9e6d-4c4c-b3aa-b06065f09e7c] succeeded in 1.637825002999307s: 333333283333335000000
[2026-04-26 02:58:57,551: INFO/ForkPoolWorker-1] Task memory_intensive[27cf7aee-a257-4540-8b2a-f00ef5d4d880] succeeded in 1.6736469409988786s: 'Memory wave: released'
[2026-04-26 02:59:05,876: INFO/MainProcess] Task cpu_intensive[41fc024d-c254-43f3-8828-7742913373d6] received
[2026-04-26 02:59:05,877: INFO/MainProcess] Task memory_intensive[70782f26-5caa-4a05-a0cd-f9301486d12a] received
[2026-04-26 02:59:05,877: INFO/MainProcess] Task cpu_intensive[391a560d-0a0e-440e-9013-2a833d22540b] received
[2026-04-26 02:59:05,878: INFO/MainProcess] Task cpu_intensive[5aae7473-c2a4-427c-aa31-ac6d29828153] received
[2026-04-26 02:59:07,491: INFO/ForkPoolWorker-4] Task cpu_intensive[5aae7473-c2a4-427c-aa31-ac6d29828153] succeeded in 1.6095565270006773s: 333333283333335000000
[2026-04-26 02:59:07,531: INFO/ForkPoolWorker-2] Task cpu_intensive[41fc024d-c254-43f3-8828-7742913373d6] succeeded in 1.6534308979989873s: 333333283333335000000
[2026-04-26 02:59:07,534: INFO/ForkPoolWorker-1] Task cpu_intensive[391a560d-0a0e-440e-9013-2a833d22540b] succeeded in 1.6530893159997504s: 333333283333335000000
[2026-04-26 02:59:07,559: INFO/ForkPoolWorker-3] Task memory_intensive[70782f26-5caa-4a05-a0cd-f9301486d12a] succeeded in 1.6803995620011847s: 'Memory wave: released'
[2026-04-26 02:59:15,880: INFO/MainProcess] Task memory_intensive[9ee7f178-6459-4e64-b353-3a88e9dca85e] received
[2026-04-26 02:59:15,881: INFO/MainProcess] Task cpu_intensive[d41f34d5-a805-485b-ab53-2ae7aa38d06b] received
[2026-04-26 02:59:15,881: INFO/MainProcess] Task cpu_intensive[06b8f8cb-3083-4273-a8a4-15cc2ac3b24c] received
[2026-04-26 02:59:15,881: INFO/MainProcess] Task memory_intensive[a92abb75-20ae-45da-b7a6-1e9bb2df904f] received
[2026-04-26 02:59:17,530: INFO/ForkPoolWorker-1] Task cpu_intensive[06b8f8cb-3083-4273-a8a4-15cc2ac3b24c] succeeded in 1.6478786600000603s: 333333283333335000000
[2026-04-26 02:59:17,533: INFO/ForkPoolWorker-3] Task cpu_intensive[d41f34d5-a805-485b-ab53-2ae7aa38d06b] succeeded in 1.6490601259993127s: 333333283333335000000
[2026-04-26 02:59:17,564: INFO/ForkPoolWorker-2] Task memory_intensive[9ee7f178-6459-4e64-b353-3a88e9dca85e] succeeded in 1.6825807330005773s: 'Memory wave: released'
[2026-04-26 02:59:17,564: INFO/ForkPoolWorker-4] Task memory_intensive[a92abb75-20ae-45da-b7a6-1e9bb2df904f] succeeded in 1.6788643220006634s: 'Memory wave: released'
[2026-04-26 02:59:25,884: INFO/MainProcess] Task cpu_intensive[4d11a46a-6599-42ab-afb2-87871afe18e1] received
[2026-04-26 02:59:25,884: INFO/MainProcess] Task cpu_intensive[04c40228-bca4-4a4e-ad06-34ed2f36918c] received
[2026-04-26 02:59:25,885: INFO/MainProcess] Task memory_intensive[7fe133f6-2c64-4c8e-b662-49be283fbde5] received
[2026-04-26 02:59:25,885: INFO/MainProcess] Task cpu_intensive[31d5c266-945c-47d9-b29d-359322251e9a] received
[2026-04-26 02:59:27,499: INFO/ForkPoolWorker-4] Task cpu_intensive[31d5c266-945c-47d9-b29d-359322251e9a] succeeded in 1.6104930540004716s: 333333283333335000000
[2026-04-26 02:59:27,500: INFO/ForkPoolWorker-2] Task cpu_intensive[4d11a46a-6599-42ab-afb2-87871afe18e1] succeeded in 1.6148385049982608s: 333333283333335000000
[2026-04-26 02:59:27,504: INFO/ForkPoolWorker-3] Task cpu_intensive[04c40228-bca4-4a4e-ad06-34ed2f36918c] succeeded in 1.6180406210005458s: 333333283333335000000
[2026-04-26 02:59:27,556: INFO/ForkPoolWorker-1] Task memory_intensive[7fe133f6-2c64-4c8e-b662-49be283fbde5] succeeded in 1.6697727160008071s: 'Memory wave: released'
[2026-04-26 02:59:35,888: INFO/MainProcess] Task cpu_intensive[6d1b307c-447b-46d3-8eb5-c25ae5576157] received
[2026-04-26 02:59:35,888: INFO/MainProcess] Task memory_intensive[f1df28b9-a2e3-4eb9-a96f-0f62ff4fdfd6] received
[2026-04-26 02:59:35,889: INFO/MainProcess] Task cpu_intensive[7fd16878-5c93-49c7-b459-aed9afdc3e79] received
[2026-04-26 02:59:35,889: INFO/MainProcess] Task cpu_intensive[f3cf8827-1630-409e-bce4-e14dc6f507c8] received
[2026-04-26 02:59:37,501: INFO/ForkPoolWorker-4] Task cpu_intensive[f3cf8827-1630-409e-bce4-e14dc6f507c8] succeeded in 1.6078868320000765s: 333333283333335000000
[2026-04-26 02:59:37,538: INFO/ForkPoolWorker-1] Task cpu_intensive[7fd16878-5c93-49c7-b459-aed9afdc3e79] succeeded in 1.6455513349992543s: 333333283333335000000
[2026-04-26 02:59:37,542: INFO/ForkPoolWorker-2] Task cpu_intensive[6d1b307c-447b-46d3-8eb5-c25ae5576157] succeeded in 1.6526559129997622s: 333333283333335000000
[2026-04-26 02:59:37,572: INFO/ForkPoolWorker-3] Task memory_intensive[f1df28b9-a2e3-4eb9-a96f-0f62ff4fdfd6] succeeded in 1.681962997001392s: 'Memory wave: released'
[2026-04-26 02:59:45,891: INFO/MainProcess] Task memory_intensive[5144b319-43bb-4db3-979a-649a4c4d922d] received
[2026-04-26 02:59:45,892: INFO/MainProcess] Task cpu_intensive[927ec03a-ea8b-4892-952a-c475d3613bd6] received
[2026-04-26 02:59:45,893: INFO/MainProcess] Task cpu_intensive[c03e8f91-3143-423f-99e8-263494c67971] received
[2026-04-26 02:59:45,893: INFO/MainProcess] Task memory_intensive[de4f0718-edc2-45db-bcc2-732b8db09d8a] received
[2026-04-26 02:59:47,509: INFO/ForkPoolWorker-3] Task cpu_intensive[927ec03a-ea8b-4892-952a-c475d3613bd6] succeeded in 1.6154599180008518s: 333333283333335000000
[2026-04-26 02:59:47,510: INFO/ForkPoolWorker-1] Task cpu_intensive[c03e8f91-3143-423f-99e8-263494c67971] succeeded in 1.6132696980002947s: 333333283333335000000
[2026-04-26 02:59:47,570: INFO/ForkPoolWorker-2] Task memory_intensive[5144b319-43bb-4db3-979a-649a4c4d922d] succeeded in 1.6770500629991147s: 'Memory wave: released'
[2026-04-26 02:59:47,570: INFO/ForkPoolWorker-4] Task memory_intensive[de4f0718-edc2-45db-bcc2-732b8db09d8a] succeeded in 1.676366269999562s: 'Memory wave: released'
[2026-04-26 02:59:55,896: INFO/MainProcess] Task cpu_intensive[7ed6d791-6f0f-4add-a230-f66d32149051] received
[2026-04-26 02:59:55,896: INFO/MainProcess] Task cpu_intensive[2d493c71-a22a-4187-bfad-d1073790b2ee] received
[2026-04-26 02:59:55,896: INFO/MainProcess] Task memory_intensive[5586fd34-9939-4c14-bbdf-ca6a6445b808] received
[2026-04-26 02:59:55,897: INFO/MainProcess] Task cpu_intensive[b98eb2be-de54-4dfe-9f04-0afd9d94cf76] received
[2026-04-26 02:59:57,507: INFO/ForkPoolWorker-2] Task cpu_intensive[7ed6d791-6f0f-4add-a230-f66d32149051] succeeded in 1.610418270000082s: 333333283333335000000
[2026-04-26 02:59:57,511: INFO/ForkPoolWorker-4] Task cpu_intensive[b98eb2be-de54-4dfe-9f04-0afd9d94cf76] succeeded in 1.6107689320015197s: 333333283333335000000
[2026-04-26 02:59:57,543: INFO/ForkPoolWorker-3] Task cpu_intensive[2d493c71-a22a-4187-bfad-d1073790b2ee] succeeded in 1.6426011840012507s: 333333283333335000000
[2026-04-26 02:59:57,565: INFO/ForkPoolWorker-1] Task memory_intensive[5586fd34-9939-4c14-bbdf-ca6a6445b808] succeeded in 1.668078228000013s: 'Memory wave: released'
[2026-04-26 03:00:05,899: INFO/MainProcess] Task cpu_intensive[6acec52e-36ff-4194-9abf-b8c6703cdd15] received
[2026-04-26 03:00:05,900: INFO/MainProcess] Task memory_intensive[e01fbf74-0bc7-4d6e-b1bd-b85ffd7fd65d] received
[2026-04-26 03:00:05,900: INFO/MainProcess] Task cpu_intensive[d5745fc9-96da-4a2a-93f1-c38e9fd87d35] received
[2026-04-26 03:00:05,901: INFO/MainProcess] Task cpu_intensive[fc2fb821-cfa2-47ce-8116-fc4f38e97c69] received
[2026-04-26 03:00:07,509: INFO/ForkPoolWorker-2] Task cpu_intensive[6acec52e-36ff-4194-9abf-b8c6703cdd15] succeeded in 1.6081872899994778s: 333333283333335000000
[2026-04-26 03:00:07,518: INFO/ForkPoolWorker-4] Task cpu_intensive[fc2fb821-cfa2-47ce-8116-fc4f38e97c69] succeeded in 1.6110258260014234s: 333333283333335000000
[2026-04-26 03:00:07,579: INFO/ForkPoolWorker-1] Task cpu_intensive[d5745fc9-96da-4a2a-93f1-c38e9fd87d35] succeeded in 1.6747184060004656s: 333333283333335000000
[2026-04-26 03:00:07,585: INFO/ForkPoolWorker-3] Task memory_intensive[e01fbf74-0bc7-4d6e-b1bd-b85ffd7fd65d] succeeded in 1.6834398970004258s: 'Memory wave: released'
[2026-04-26 03:00:15,903: INFO/MainProcess] Task memory_intensive[962a8b97-e4ce-40d7-90c8-75a695d62695] received
[2026-04-26 03:00:15,904: INFO/MainProcess] Task cpu_intensive[b9bad12b-5ec1-4c5a-b826-9957464a4df6] received
[2026-04-26 03:00:15,904: INFO/MainProcess] Task cpu_intensive[460187aa-3816-4593-960c-22f72d96156a] received
[2026-04-26 03:00:15,904: INFO/MainProcess] Task memory_intensive[e0d13ea8-238b-432b-bd54-9fbd08047fc8] received
[2026-04-26 03:00:17,508: INFO/ForkPoolWorker-1] Task cpu_intensive[460187aa-3816-4593-960c-22f72d96156a] succeeded in 1.6002813359991706s: 333333283333335000000
[2026-04-26 03:00:17,518: INFO/ForkPoolWorker-3] Task cpu_intensive[b9bad12b-5ec1-4c5a-b826-9957464a4df6] succeeded in 1.6133540740011085s: 333333283333335000000
[2026-04-26 03:00:17,597: INFO/ForkPoolWorker-2] Task memory_intensive[962a8b97-e4ce-40d7-90c8-75a695d62695] succeeded in 1.6924394430006942s: 'Memory wave: released'
[2026-04-26 03:00:17,597: INFO/ForkPoolWorker-4] Task memory_intensive[e0d13ea8-238b-432b-bd54-9fbd08047fc8] succeeded in 1.6868090250009118s: 'Memory wave: released'
[2026-04-26 03:00:25,907: INFO/MainProcess] Task cpu_intensive[207e59d1-5196-4708-bde8-7ea4db63e6b2] received
[2026-04-26 03:00:25,908: INFO/MainProcess] Task cpu_intensive[0b7614c0-3336-4f90-b8c3-4aa94bdce4d6] received
[2026-04-26 03:00:25,908: INFO/MainProcess] Task memory_intensive[9915a054-0440-4933-8590-7a99162c4218] received
[2026-04-26 03:00:25,909: INFO/MainProcess] Task cpu_intensive[20319d36-b0b0-4209-b0fc-cc8106a5c4c5] received
[2026-04-26 03:00:27,513: INFO/ForkPoolWorker-2] Task cpu_intensive[207e59d1-5196-4708-bde8-7ea4db63e6b2] succeeded in 1.6045978980000655s: 333333283333335000000
[2026-04-26 03:00:27,522: INFO/ForkPoolWorker-4] Task cpu_intensive[20319d36-b0b0-4209-b0fc-cc8106a5c4c5] succeeded in 1.6099540579998575s: 333333283333335000000
[2026-04-26 03:00:27,524: INFO/ForkPoolWorker-3] Task cpu_intensive[0b7614c0-3336-4f90-b8c3-4aa94bdce4d6] succeeded in 1.614729298000384s: 333333283333335000000
[2026-04-26 03:00:27,583: INFO/ForkPoolWorker-1] Task memory_intensive[9915a054-0440-4933-8590-7a99162c4218] succeeded in 1.6733628149995639s: 'Memory wave: released'
[2026-04-26 03:00:35,911: INFO/MainProcess] Task cpu_intensive[c03e6132-140c-4812-9b6d-0db3db8da57a] received
[2026-04-26 03:00:35,911: INFO/MainProcess] Task memory_intensive[aa102469-6fd0-4855-808c-6402a1c9d90c] received
[2026-04-26 03:00:35,912: INFO/MainProcess] Task cpu_intensive[743296d8-dd82-4917-a09e-202a36a8ae94] received
[2026-04-26 03:00:35,912: INFO/MainProcess] Task cpu_intensive[6b6bbc0e-e9e6-4b6f-8ffa-88356ae8dbbd] received
[2026-04-26 03:00:37,523: INFO/ForkPoolWorker-1] Task cpu_intensive[743296d8-dd82-4917-a09e-202a36a8ae94] succeeded in 1.607317662001151s: 333333283333335000000
[2026-04-26 03:00:37,528: INFO/ForkPoolWorker-4] Task cpu_intensive[6b6bbc0e-e9e6-4b6f-8ffa-88356ae8dbbd] succeeded in 1.6114068039987615s: 333333283333335000000
[2026-04-26 03:00:37,540: INFO/ForkPoolWorker-2] Task cpu_intensive[c03e6132-140c-4812-9b6d-0db3db8da57a] succeeded in 1.6271413839986053s: 333333283333335000000
[2026-04-26 03:00:37,589: INFO/ForkPoolWorker-3] Task memory_intensive[aa102469-6fd0-4855-808c-6402a1c9d90c] succeeded in 1.676242022000224s: 'Memory wave: released'
[2026-04-26 03:00:45,915: INFO/MainProcess] Task memory_intensive[85e8da7d-d0ec-4494-b87d-ebb9cd611cdd] received
[2026-04-26 03:00:45,916: INFO/MainProcess] Task cpu_intensive[849d50f6-120e-415d-bf35-45c9ecf2be0d] received
[2026-04-26 03:00:45,916: INFO/MainProcess] Task cpu_intensive[8b87e28d-7014-4b97-8cfb-01f95f342d0d] received
[2026-04-26 03:00:45,916: INFO/MainProcess] Task memory_intensive[08e1a1d7-66ee-432c-afd9-6abca2cd6e46] received
[2026-04-26 03:00:47,524: INFO/ForkPoolWorker-3] Task cpu_intensive[849d50f6-120e-415d-bf35-45c9ecf2be0d] succeeded in 1.6064984750009899s: 333333283333335000000
[2026-04-26 03:00:47,543: INFO/ForkPoolWorker-1] Task cpu_intensive[8b87e28d-7014-4b97-8cfb-01f95f342d0d] succeeded in 1.623072870001124s: 333333283333335000000
[2026-04-26 03:00:47,590: INFO/ForkPoolWorker-2] Task memory_intensive[85e8da7d-d0ec-4494-b87d-ebb9cd611cdd] succeeded in 1.673110188999999s: 'Memory wave: released'
[2026-04-26 03:00:47,590: INFO/ForkPoolWorker-4] Task memory_intensive[08e1a1d7-66ee-432c-afd9-6abca2cd6e46] succeeded in 1.672411519999514s: 'Memory wave: released'
[2026-04-26 03:00:55,919: INFO/MainProcess] Task cpu_intensive[91f7f643-3a7a-4e1f-a6f6-e7ba3a30c0f3] received
[2026-04-26 03:00:55,920: INFO/MainProcess] Task cpu_intensive[b156715e-c078-45ae-9bf4-82df8f4d46a6] received
[2026-04-26 03:00:55,921: INFO/MainProcess] Task memory_intensive[9274c0cf-c34d-459d-95a1-acc026be47b5] received
[2026-04-26 03:00:55,921: INFO/MainProcess] Task cpu_intensive[af1ac701-b159-404c-8bbb-c46398268129] received
[2026-04-26 03:00:57,525: INFO/ForkPoolWorker-2] Task cpu_intensive[91f7f643-3a7a-4e1f-a6f6-e7ba3a30c0f3] succeeded in 1.604245215001356s: 333333283333335000000
[2026-04-26 03:00:57,540: INFO/ForkPoolWorker-4] Task cpu_intensive[af1ac701-b159-404c-8bbb-c46398268129] succeeded in 1.6143987539999216s: 333333283333335000000
[2026-04-26 03:00:57,574: INFO/ForkPoolWorker-3] Task cpu_intensive[b156715e-c078-45ae-9bf4-82df8f4d46a6] succeeded in 1.6496232970002893s: 333333283333335000000
[2026-04-26 03:00:57,592: INFO/ForkPoolWorker-1] Task memory_intensive[9274c0cf-c34d-459d-95a1-acc026be47b5] succeeded in 1.6709297019988298s: 'Memory wave: released'
[2026-04-26 03:01:05,923: INFO/MainProcess] Task cpu_intensive[498a0a9b-3018-4e12-a267-f06372870204] received
[2026-04-26 03:01:05,924: INFO/MainProcess] Task memory_intensive[84c2431b-c07d-4889-b3f0-baa7520bdf7e] received
[2026-04-26 03:01:05,924: INFO/MainProcess] Task cpu_intensive[64b5f251-eb44-47ef-afba-35b1c1ae4eb8] received
[2026-04-26 03:01:05,924: INFO/MainProcess] Task cpu_intensive[7253c7c4-e2d8-4e8e-8f53-a91dabf4844a] received
[2026-04-26 03:01:07,539: INFO/ForkPoolWorker-4] Task cpu_intensive[7253c7c4-e2d8-4e8e-8f53-a91dabf4844a] succeeded in 1.608263772999635s: 333333283333335000000
[2026-04-26 03:01:07,541: INFO/ForkPoolWorker-1] Task cpu_intensive[64b5f251-eb44-47ef-afba-35b1c1ae4eb8] succeeded in 1.613927923999654s: 333333283333335000000
[2026-04-26 03:01:07,561: INFO/ForkPoolWorker-2] Task cpu_intensive[498a0a9b-3018-4e12-a267-f06372870204] succeeded in 1.63606478300062s: 333333283333335000000
[2026-04-26 03:01:07,607: INFO/ForkPoolWorker-3] Task memory_intensive[84c2431b-c07d-4889-b3f0-baa7520bdf7e] succeeded in 1.6816412790012691s: 'Memory wave: released'
[2026-04-26 03:01:15,927: INFO/MainProcess] Task memory_intensive[a1f9c1ed-d11c-454a-ad68-56f659e71d50] received
[2026-04-26 03:01:15,928: INFO/MainProcess] Task cpu_intensive[e50de9f2-36d1-4c2a-8757-dfff30c95cf7] received
[2026-04-26 03:01:15,928: INFO/MainProcess] Task cpu_intensive[e9299438-d8d3-450d-a39a-721afafa1b9b] received
[2026-04-26 03:01:15,929: INFO/MainProcess] Task memory_intensive[01336586-45fb-4d27-8ae1-8b0460470709] received
[2026-04-26 03:01:17,532: INFO/ForkPoolWorker-3] Task cpu_intensive[e50de9f2-36d1-4c2a-8757-dfff30c95cf7] succeeded in 1.6026418980000017s: 333333283333335000000
[2026-04-26 03:01:17,543: INFO/ForkPoolWorker-1] Task cpu_intensive[e9299438-d8d3-450d-a39a-721afafa1b9b] succeeded in 1.6131841620008345s: 333333283333335000000
[2026-04-26 03:01:17,608: INFO/ForkPoolWorker-4] Task memory_intensive[01336586-45fb-4d27-8ae1-8b0460470709] succeeded in 1.6785787239987258s: 'Memory wave: released'
[2026-04-26 03:01:17,608: INFO/ForkPoolWorker-2] Task memory_intensive[a1f9c1ed-d11c-454a-ad68-56f659e71d50] succeeded in 1.679280046999338s: 'Memory wave: released'
[2026-04-26 03:01:25,931: INFO/MainProcess] Task cpu_intensive[8b121787-4d93-491e-baf5-cadde8cc90e1] received
[2026-04-26 03:01:25,931: INFO/MainProcess] Task cpu_intensive[b99077ff-6cdb-437c-94f5-30b533f310b6] received
[2026-04-26 03:01:25,932: INFO/MainProcess] Task memory_intensive[275b0182-6d77-40a6-a10e-7c2b1b0820a6] received
[2026-04-26 03:01:25,932: INFO/MainProcess] Task cpu_intensive[8278aae5-995b-4acd-9edb-0858cd276682] received
[2026-04-26 03:01:27,545: INFO/ForkPoolWorker-2] Task cpu_intensive[8b121787-4d93-491e-baf5-cadde8cc90e1] succeeded in 1.612827027000094s: 333333283333335000000
[2026-04-26 03:01:27,547: INFO/ForkPoolWorker-3] Task cpu_intensive[b99077ff-6cdb-437c-94f5-30b533f310b6] succeeded in 1.6142578190010681s: 333333283333335000000
[2026-04-26 03:01:27,574: INFO/ForkPoolWorker-4] Task cpu_intensive[8278aae5-995b-4acd-9edb-0858cd276682] succeeded in 1.64094147600008s: 333333283333335000000
[2026-04-26 03:01:27,612: INFO/ForkPoolWorker-1] Task memory_intensive[275b0182-6d77-40a6-a10e-7c2b1b0820a6] succeeded in 1.6764374150006915s: 'Memory wave: released'
[2026-04-26 03:01:35,935: INFO/MainProcess] Task cpu_intensive[7a2cdbff-f5a1-44e4-b40c-2d5b348d2e85] received
[2026-04-26 03:01:35,935: INFO/MainProcess] Task memory_intensive[959a1254-997f-47b0-82c5-e0dfb6b0c78c] received
[2026-04-26 03:01:35,936: INFO/MainProcess] Task cpu_intensive[2c468c83-f5f2-4439-a74c-ada8d2c37589] received
[2026-04-26 03:01:35,936: INFO/MainProcess] Task cpu_intensive[995ff06b-e69b-4756-9764-1a71afc3d651] received
[2026-04-26 03:01:37,543: INFO/ForkPoolWorker-2] Task cpu_intensive[7a2cdbff-f5a1-44e4-b40c-2d5b348d2e85] succeeded in 1.6073786319993815s: 333333283333335000000
[2026-04-26 03:01:37,553: INFO/ForkPoolWorker-4] Task cpu_intensive[995ff06b-e69b-4756-9764-1a71afc3d651] succeeded in 1.612458161000177s: 333333283333335000000
[2026-04-26 03:01:37,604: INFO/ForkPoolWorker-1] Task cpu_intensive[2c468c83-f5f2-4439-a74c-ada8d2c37589] succeeded in 1.6671599579985923s: 333333283333335000000
[2026-04-26 03:01:37,622: INFO/ForkPoolWorker-3] Task memory_intensive[959a1254-997f-47b0-82c5-e0dfb6b0c78c] succeeded in 1.6814539709994278s: 'Memory wave: released'
[2026-04-26 03:01:45,938: INFO/MainProcess] Task memory_intensive[c79d3ed5-8829-4153-a0d8-67481cdfc3e3] received
[2026-04-26 03:01:45,939: INFO/MainProcess] Task cpu_intensive[486da62b-f07f-4c76-87da-21a48b707f1a] received
[2026-04-26 03:01:45,939: INFO/MainProcess] Task cpu_intensive[816cd06d-6161-4765-ab51-b906ed8feee7] received
[2026-04-26 03:01:45,939: INFO/MainProcess] Task memory_intensive[ea4abc32-8f39-453d-910d-bcdeb8bdac0f] received
[2026-04-26 03:01:47,542: INFO/ForkPoolWorker-1] Task cpu_intensive[816cd06d-6161-4765-ab51-b906ed8feee7] succeeded in 1.601667920998807s: 333333283333335000000
[2026-04-26 03:01:47,544: INFO/ForkPoolWorker-3] Task cpu_intensive[486da62b-f07f-4c76-87da-21a48b707f1a] succeeded in 1.604566446998433s: 333333283333335000000
[2026-04-26 03:01:47,620: INFO/ForkPoolWorker-2] Task memory_intensive[c79d3ed5-8829-4153-a0d8-67481cdfc3e3] succeeded in 1.680641139000727s: 'Memory wave: released'
[2026-04-26 03:01:47,620: INFO/ForkPoolWorker-4] Task memory_intensive[ea4abc32-8f39-453d-910d-bcdeb8bdac0f] succeeded in 1.6767616540000745s: 'Memory wave: released'
[2026-04-26 03:01:55,942: INFO/MainProcess] Task cpu_intensive[fe04b15d-fc2c-4115-88a0-41deb110316b] received
[2026-04-26 03:01:55,943: INFO/MainProcess] Task cpu_intensive[39cd4ea2-9a2c-4df4-8809-d56f798b2006] received
[2026-04-26 03:01:55,943: INFO/MainProcess] Task memory_intensive[a69ca749-ecaf-4252-87a7-d4c769d84d36] received
[2026-04-26 03:01:55,944: INFO/MainProcess] Task cpu_intensive[ddea7188-cc2a-4e2c-8b7b-0f76e21c4d40] received
[2026-04-26 03:01:57,560: INFO/ForkPoolWorker-4] Task cpu_intensive[ddea7188-cc2a-4e2c-8b7b-0f76e21c4d40] succeeded in 1.6101265590004914s: 333333283333335000000
[2026-04-26 03:01:57,562: INFO/ForkPoolWorker-3] Task cpu_intensive[39cd4ea2-9a2c-4df4-8809-d56f798b2006] succeeded in 1.6174741790000553s: 333333283333335000000
[2026-04-26 03:01:57,563: INFO/ForkPoolWorker-2] Task cpu_intensive[fe04b15d-fc2c-4115-88a0-41deb110316b] succeeded in 1.6191801360000682s: 333333283333335000000
[2026-04-26 03:01:57,619: INFO/ForkPoolWorker-1] Task memory_intensive[a69ca749-ecaf-4252-87a7-d4c769d84d36] succeeded in 1.6712954489994445s: 'Memory wave: released'
[2026-04-26 03:02:05,946: INFO/MainProcess] Task cpu_intensive[4d059a47-b7c1-446a-a1e5-5ca43125768b] received
[2026-04-26 03:02:05,947: INFO/MainProcess] Task memory_intensive[b1e8cdd3-1201-48d3-919a-4e82829e58c4] received
[2026-04-26 03:02:05,947: INFO/MainProcess] Task cpu_intensive[63e7c7ff-27fc-435f-bcef-0e844b5fc270] received
[2026-04-26 03:02:05,948: INFO/MainProcess] Task cpu_intensive[f3abf147-2db2-427b-a191-bf080b5369f4] received
[2026-04-26 03:02:07,559: INFO/ForkPoolWorker-4] Task cpu_intensive[f3abf147-2db2-427b-a191-bf080b5369f4] succeeded in 1.607367381999211s: 333333283333335000000
[2026-04-26 03:02:07,573: INFO/ForkPoolWorker-2] Task cpu_intensive[4d059a47-b7c1-446a-a1e5-5ca43125768b] succeeded in 1.6255376689987315s: 333333283333335000000
[2026-04-26 03:02:07,582: INFO/ForkPoolWorker-1] Task cpu_intensive[63e7c7ff-27fc-435f-bcef-0e844b5fc270] succeeded in 1.6303314160013542s: 333333283333335000000
[2026-04-26 03:02:07,628: INFO/ForkPoolWorker-3] Task memory_intensive[b1e8cdd3-1201-48d3-919a-4e82829e58c4] succeeded in 1.6793563549999817s: 'Memory wave: released'
[2026-04-26 03:02:15,950: INFO/MainProcess] Task memory_intensive[10f49fbe-fb82-4e3d-ae48-7c09d6116749] received
[2026-04-26 03:02:15,951: INFO/MainProcess] Task cpu_intensive[7e87f51a-6d80-4317-ba71-1dcabebaf3ca] received
[2026-04-26 03:02:15,951: INFO/MainProcess] Task cpu_intensive[7c5e7a94-5d2f-4862-86b2-510619549e96] received
[2026-04-26 03:02:15,952: INFO/MainProcess] Task memory_intensive[f613ca79-b5e4-44c3-99f5-e7dc88034f15] received
[2026-04-26 03:02:17,560: INFO/ForkPoolWorker-1] Task cpu_intensive[7c5e7a94-5d2f-4862-86b2-510619549e96] succeeded in 1.6080010519999632s: 333333283333335000000
[2026-04-26 03:02:17,568: INFO/ForkPoolWorker-3] Task cpu_intensive[7e87f51a-6d80-4317-ba71-1dcabebaf3ca] succeeded in 1.6124391100001958s: 333333283333335000000
[2026-04-26 03:02:17,636: INFO/ForkPoolWorker-2] Task memory_intensive[10f49fbe-fb82-4e3d-ae48-7c09d6116749] succeeded in 1.6838798470016627s: 'Memory wave: released'
[2026-04-26 03:02:17,636: INFO/ForkPoolWorker-4] Task memory_intensive[f613ca79-b5e4-44c3-99f5-e7dc88034f15] succeeded in 1.680333773001621s: 'Memory wave: released'

worker: Warm shutdown (MainProcess)
