 
 -------------- celery@golubev-BMH-WCX9 v5.6.3 (recovery)
--- ***** ----- 
-- ******* ---- Linux-6.8.0-110-generic-x86_64-with-glibc2.39 2026-04-26 07:14:05
- *** --- * --- 
- ** ---------- [config]
- ** ---------- .> app:         __main__:0x775927992e10
- ** ---------- .> transport:   amqp://celery_demo:**@localhost:5672//
- ** ---------- .> results:     disabled://
- *** --- * --- .> concurrency: 2 (prefork)
-- ******* ---- .> task events: OFF (enable -E to monitor tasks in this worker)
--- ***** ----- 
 -------------- [queues]
                .> celery           exchange=celery(direct) key=celery
                

[tasks]
  . cpu_intensive
  . memory_intensive

[2026-04-26 07:14:06,049: INFO/MainProcess] Connected to amqp://celery_demo:**@127.0.0.1:5672//
[2026-04-26 07:14:06,051: INFO/MainProcess] mingle: searching for neighbors
[2026-04-26 07:14:07,069: INFO/MainProcess] mingle: all alone
[2026-04-26 07:14:07,087: INFO/MainProcess] celery@golubev-BMH-WCX9 ready.
[2026-04-26 07:14:07,088: INFO/MainProcess] Task cpu_intensive[93272e57-ea2b-4004-8965-5ea9f2f90e04] received
[2026-04-26 07:14:07,088: INFO/MainProcess] Task cpu_intensive[63d838d2-4651-4a96-a8c4-e97442cfcf52] received
[2026-04-26 07:14:08,778: INFO/ForkPoolWorker-1] Task cpu_intensive[63d838d2-4651-4a96-a8c4-e97442cfcf52] succeeded in 1.5876991429977352s: 333333283333335000000
[2026-04-26 07:14:08,779: INFO/ForkPoolWorker-2] Task cpu_intensive[93272e57-ea2b-4004-8965-5ea9f2f90e04] succeeded in 1.5888791670004139s: 333333283333335000000
[2026-04-26 07:14:16,945: INFO/MainProcess] Task memory_intensive[d147dbd6-4bcb-46ca-a845-18064710904a] received
[2026-04-26 07:14:16,946: INFO/MainProcess] Task cpu_intensive[1577ad2d-0e3e-497b-b6b8-37ea441469b7] received
[2026-04-26 07:14:18,553: INFO/ForkPoolWorker-1] Task cpu_intensive[1577ad2d-0e3e-497b-b6b8-37ea441469b7] succeeded in 1.606699039999512s: 333333283333335000000
[2026-04-26 07:14:18,683: INFO/ForkPoolWorker-2] Task memory_intensive[d147dbd6-4bcb-46ca-a845-18064710904a] succeeded in 1.736156918999768s: 'Memory wave: released'
[2026-04-26 07:14:26,949: INFO/MainProcess] Task cpu_intensive[93e517ca-e7a7-4275-b289-66d45dc8cfb1] received
[2026-04-26 07:14:26,950: INFO/MainProcess] Task memory_intensive[075601e4-e467-4c35-b75a-2525f7e7b991] received
[2026-04-26 07:14:28,588: INFO/ForkPoolWorker-2] Task cpu_intensive[93e517ca-e7a7-4275-b289-66d45dc8cfb1] succeeded in 1.6372395459984546s: 333333283333335000000
[2026-04-26 07:14:28,670: INFO/ForkPoolWorker-1] Task memory_intensive[075601e4-e467-4c35-b75a-2525f7e7b991] succeeded in 1.7192080550012179s: 'Memory wave: released'
[2026-04-26 07:14:36,952: INFO/MainProcess] Task cpu_intensive[edb0e466-69eb-4860-855f-26f4ccd15a6f] received
[2026-04-26 07:14:36,953: INFO/MainProcess] Task cpu_intensive[f23b9b37-44e6-44db-b17c-0f66d33a35ef] received
[2026-04-26 07:14:38,566: INFO/ForkPoolWorker-2] Task cpu_intensive[edb0e466-69eb-4860-855f-26f4ccd15a6f] succeeded in 1.6133546179989935s: 333333283333335000000
[2026-04-26 07:14:38,567: INFO/ForkPoolWorker-1] Task cpu_intensive[f23b9b37-44e6-44db-b17c-0f66d33a35ef] succeeded in 1.6140468739977223s: 333333283333335000000
[2026-04-26 07:14:46,955: INFO/MainProcess] Task memory_intensive[a69f33fe-3379-4fab-94e7-7d847aaae3ff] received
[2026-04-26 07:14:46,956: INFO/MainProcess] Task cpu_intensive[f9a61799-a0db-4f36-a6db-f7725f37f87c] received
[2026-04-26 07:14:48,603: INFO/ForkPoolWorker-1] Task cpu_intensive[f9a61799-a0db-4f36-a6db-f7725f37f87c] succeeded in 1.6462055780029914s: 333333283333335000000
[2026-04-26 07:14:48,630: INFO/ForkPoolWorker-2] Task memory_intensive[a69f33fe-3379-4fab-94e7-7d847aaae3ff] succeeded in 1.6735418970019964s: 'Memory wave: released'
[2026-04-26 07:14:56,958: INFO/MainProcess] Task cpu_intensive[0a86567c-a085-44d8-8ebf-ca7ef8029768] received
[2026-04-26 07:14:56,959: INFO/MainProcess] Task memory_intensive[3bd773af-2af2-4b6b-90c9-bdccbc961014] received
[2026-04-26 07:14:58,603: INFO/ForkPoolWorker-2] Task cpu_intensive[0a86567c-a085-44d8-8ebf-ca7ef8029768] succeeded in 1.643374725998001s: 333333283333335000000
[2026-04-26 07:14:58,631: INFO/ForkPoolWorker-1] Task memory_intensive[3bd773af-2af2-4b6b-90c9-bdccbc961014] succeeded in 1.670692878000409s: 'Memory wave: released'
[2026-04-26 07:15:06,961: INFO/MainProcess] Task cpu_intensive[4caff541-0809-42b6-8abd-0c933bf8f594] received
[2026-04-26 07:15:06,962: INFO/MainProcess] Task cpu_intensive[06647de7-4262-4165-bacb-5dacff158038] received
[2026-04-26 07:15:08,568: INFO/ForkPoolWorker-2] Task cpu_intensive[4caff541-0809-42b6-8abd-0c933bf8f594] succeeded in 1.6050630300014745s: 333333283333335000000
[2026-04-26 07:15:08,576: INFO/ForkPoolWorker-1] Task cpu_intensive[06647de7-4262-4165-bacb-5dacff158038] succeeded in 1.6126639499998419s: 333333283333335000000
[2026-04-26 07:15:16,964: INFO/MainProcess] Task memory_intensive[29bf9b07-f40b-4575-b0d0-e07137c6187e] received
[2026-04-26 07:15:16,965: INFO/MainProcess] Task cpu_intensive[663e897c-8df1-4ce7-875f-c1433b634df7] received
[2026-04-26 07:15:18,574: INFO/ForkPoolWorker-1] Task cpu_intensive[663e897c-8df1-4ce7-875f-c1433b634df7] succeeded in 1.6087626940025075s: 333333283333335000000
[2026-04-26 07:15:18,643: INFO/ForkPoolWorker-2] Task memory_intensive[29bf9b07-f40b-4575-b0d0-e07137c6187e] succeeded in 1.6773598750005476s: 'Memory wave: released'
[2026-04-26 07:15:26,968: INFO/MainProcess] Task cpu_intensive[488060b0-8a6d-4882-9b44-d76ee41b5f8c] received
[2026-04-26 07:15:26,969: INFO/MainProcess] Task memory_intensive[60f7bbe9-9c5a-4cf4-8d76-10878e557b0f] received
[2026-04-26 07:15:28,614: INFO/ForkPoolWorker-2] Task cpu_intensive[488060b0-8a6d-4882-9b44-d76ee41b5f8c] succeeded in 1.6450624319986673s: 333333283333335000000
[2026-04-26 07:15:28,641: INFO/ForkPoolWorker-1] Task memory_intensive[60f7bbe9-9c5a-4cf4-8d76-10878e557b0f] succeeded in 1.671592339000199s: 'Memory wave: released'
[2026-04-26 07:15:36,971: INFO/MainProcess] Task cpu_intensive[da975a40-293c-4d96-96e4-317343872e8c] received
[2026-04-26 07:15:36,971: INFO/MainProcess] Task cpu_intensive[bf64115b-64e9-4253-9768-fc4d4d8b78b0] received
[2026-04-26 07:15:38,604: INFO/ForkPoolWorker-1] Task cpu_intensive[bf64115b-64e9-4253-9768-fc4d4d8b78b0] succeeded in 1.6318734259984922s: 333333283333335000000
[2026-04-26 07:15:38,608: INFO/ForkPoolWorker-2] Task cpu_intensive[da975a40-293c-4d96-96e4-317343872e8c] succeeded in 1.6361947849982243s: 333333283333335000000
[2026-04-26 07:15:46,974: INFO/MainProcess] Task memory_intensive[42ee0cdd-2b98-459d-88b3-6dd321f38268] received
[2026-04-26 07:15:46,975: INFO/MainProcess] Task cpu_intensive[42cb25d3-55c8-4a46-8036-924934ab42a0] received
[2026-04-26 07:15:48,592: INFO/ForkPoolWorker-1] Task cpu_intensive[42cb25d3-55c8-4a46-8036-924934ab42a0] succeeded in 1.6162843109996174s: 333333283333335000000
[2026-04-26 07:15:48,655: INFO/ForkPoolWorker-2] Task memory_intensive[42ee0cdd-2b98-459d-88b3-6dd321f38268] succeeded in 1.6792487499988056s: 'Memory wave: released'
[2026-04-26 07:15:56,978: INFO/MainProcess] Task cpu_intensive[c510be4d-c954-4d3a-8b4a-6428b24acb4c] received
[2026-04-26 07:15:56,979: INFO/MainProcess] Task memory_intensive[4d788c9b-b02e-4d58-8ef3-70a0d490726f] received
[2026-04-26 07:15:58,633: INFO/ForkPoolWorker-2] Task cpu_intensive[c510be4d-c954-4d3a-8b4a-6428b24acb4c] succeeded in 1.6533756810022169s: 333333283333335000000
[2026-04-26 07:15:58,646: INFO/ForkPoolWorker-1] Task memory_intensive[4d788c9b-b02e-4d58-8ef3-70a0d490726f] succeeded in 1.6671114840028167s: 'Memory wave: released'
[2026-04-26 07:16:06,981: INFO/MainProcess] Task cpu_intensive[6e6638f9-ffd3-4658-a687-05380b380d8e] received
[2026-04-26 07:16:06,982: INFO/MainProcess] Task cpu_intensive[ab4f33fa-f696-411a-93cc-3bbe1e3e992f] received
[2026-04-26 07:16:08,590: INFO/ForkPoolWorker-2] Task cpu_intensive[6e6638f9-ffd3-4658-a687-05380b380d8e] succeeded in 1.607021193998662s: 333333283333335000000
[2026-04-26 07:16:08,592: INFO/ForkPoolWorker-1] Task cpu_intensive[ab4f33fa-f696-411a-93cc-3bbe1e3e992f] succeeded in 1.6086747970002762s: 333333283333335000000
[2026-04-26 07:16:16,985: INFO/MainProcess] Task memory_intensive[a0d91141-62d7-4ffc-aa1b-37df85032d3f] received
[2026-04-26 07:16:16,986: INFO/MainProcess] Task cpu_intensive[ef0caf1a-c68f-4269-b869-6a18951fb763] received
[2026-04-26 07:16:18,595: INFO/ForkPoolWorker-1] Task cpu_intensive[ef0caf1a-c68f-4269-b869-6a18951fb763] succeeded in 1.6091439909978362s: 333333283333335000000
[2026-04-26 07:16:18,665: INFO/ForkPoolWorker-2] Task memory_intensive[a0d91141-62d7-4ffc-aa1b-37df85032d3f] succeeded in 1.6781842480013438s: 'Memory wave: released'
[2026-04-26 07:16:26,988: INFO/MainProcess] Task cpu_intensive[7ff29c9e-65a1-4cf4-9437-7c76733297dc] received
[2026-04-26 07:16:26,989: INFO/MainProcess] Task memory_intensive[cb290213-602c-4a57-b57f-7e62156c85f9] received
[2026-04-26 07:16:28,627: INFO/ForkPoolWorker-2] Task cpu_intensive[7ff29c9e-65a1-4cf4-9437-7c76733297dc] succeeded in 1.6380366240009607s: 333333283333335000000
[2026-04-26 07:16:28,655: INFO/ForkPoolWorker-1] Task memory_intensive[cb290213-602c-4a57-b57f-7e62156c85f9] succeeded in 1.6656040269990626s: 'Memory wave: released'
[2026-04-26 07:16:36,991: INFO/MainProcess] Task cpu_intensive[b7e90f87-e28d-4bc3-8948-ba157041cc8f] received
[2026-04-26 07:16:36,992: INFO/MainProcess] Task cpu_intensive[b6580509-565c-4cfd-8340-8bb2aab0bbdf] received
[2026-04-26 07:16:38,602: INFO/ForkPoolWorker-1] Task cpu_intensive[b6580509-565c-4cfd-8340-8bb2aab0bbdf] succeeded in 1.6089938080003776s: 333333283333335000000
[2026-04-26 07:16:38,650: INFO/ForkPoolWorker-2] Task cpu_intensive[b7e90f87-e28d-4bc3-8948-ba157041cc8f] succeeded in 1.657731598999817s: 333333283333335000000
[2026-04-26 07:16:46,994: INFO/MainProcess] Task memory_intensive[ab09a773-a285-44f8-9d6c-8490d4246018] received
[2026-04-26 07:16:46,995: INFO/MainProcess] Task cpu_intensive[c55f3e2b-85d8-4c1e-8786-f2f63abb9f61] received
[2026-04-26 07:16:48,609: INFO/ForkPoolWorker-1] Task cpu_intensive[c55f3e2b-85d8-4c1e-8786-f2f63abb9f61] succeeded in 1.6137654510021093s: 333333283333335000000
[2026-04-26 07:16:48,675: INFO/ForkPoolWorker-2] Task memory_intensive[ab09a773-a285-44f8-9d6c-8490d4246018] succeeded in 1.6795511059972341s: 'Memory wave: released'
[2026-04-26 07:16:56,997: INFO/MainProcess] Task cpu_intensive[b6fc17de-bb64-46d3-b370-4dd9ae3813e1] received
[2026-04-26 07:16:56,997: INFO/MainProcess] Task memory_intensive[7c0668f4-a787-4c8b-980f-fd23b85a31ac] received
[2026-04-26 07:16:58,633: INFO/ForkPoolWorker-2] Task cpu_intensive[b6fc17de-bb64-46d3-b370-4dd9ae3813e1] succeeded in 1.6351511270004266s: 333333283333335000000
[2026-04-26 07:16:58,671: INFO/ForkPoolWorker-1] Task memory_intensive[7c0668f4-a787-4c8b-980f-fd23b85a31ac] succeeded in 1.6733962720027193s: 'Memory wave: released'
[2026-04-26 07:17:07,000: INFO/MainProcess] Task cpu_intensive[31381391-0f2b-408c-a768-735da76d6a78] received
[2026-04-26 07:17:07,001: INFO/MainProcess] Task cpu_intensive[f0bb585a-0809-4cf7-9bca-823a97da3828] received
[2026-04-26 07:17:08,607: INFO/ForkPoolWorker-1] Task cpu_intensive[f0bb585a-0809-4cf7-9bca-823a97da3828] succeeded in 1.6055102520003857s: 333333283333335000000
[2026-04-26 07:17:08,648: INFO/ForkPoolWorker-2] Task cpu_intensive[31381391-0f2b-408c-a768-735da76d6a78] succeeded in 1.6463500810023106s: 333333283333335000000
[2026-04-26 07:17:17,002: INFO/MainProcess] Task memory_intensive[c4ce6159-a007-4e5a-83d1-73bae70243a1] received
[2026-04-26 07:17:17,002: INFO/MainProcess] Task cpu_intensive[21d846a0-1fb7-4e2c-96ac-8a75d4f574b4] received
[2026-04-26 07:17:18,608: INFO/ForkPoolWorker-1] Task cpu_intensive[21d846a0-1fb7-4e2c-96ac-8a75d4f574b4] succeeded in 1.605471483002475s: 333333283333335000000
[2026-04-26 07:17:18,691: INFO/ForkPoolWorker-2] Task memory_intensive[c4ce6159-a007-4e5a-83d1-73bae70243a1] succeeded in 1.6884472080018895s: 'Memory wave: released'
[2026-04-26 07:17:27,004: INFO/MainProcess] Task cpu_intensive[61c16c93-3197-450b-ac37-47cb1d177e59] received
[2026-04-26 07:17:27,005: INFO/MainProcess] Task memory_intensive[67b3e754-7c84-4ff3-a73a-b7674375a097] received
[2026-04-26 07:17:28,619: INFO/ForkPoolWorker-2] Task cpu_intensive[61c16c93-3197-450b-ac37-47cb1d177e59] succeeded in 1.613727749998361s: 333333283333335000000
[2026-04-26 07:17:28,684: INFO/ForkPoolWorker-1] Task memory_intensive[67b3e754-7c84-4ff3-a73a-b7674375a097] succeeded in 1.6780010190013854s: 'Memory wave: released'
[2026-04-26 07:17:37,007: INFO/MainProcess] Task cpu_intensive[2b8e0974-18bf-4e25-abee-0cd3b7bf0dea] received
[2026-04-26 07:17:37,007: INFO/MainProcess] Task cpu_intensive[00478043-5086-4cdd-a3c0-d880ae567cc7] received
[2026-04-26 07:17:38,619: INFO/ForkPoolWorker-1] Task cpu_intensive[00478043-5086-4cdd-a3c0-d880ae567cc7] succeeded in 1.6110665070009418s: 333333283333335000000
[2026-04-26 07:17:38,634: INFO/ForkPoolWorker-2] Task cpu_intensive[2b8e0974-18bf-4e25-abee-0cd3b7bf0dea] succeeded in 1.6263805140006298s: 333333283333335000000
[2026-04-26 07:17:47,010: INFO/MainProcess] Task memory_intensive[0e9a2ee4-6919-4bfa-b409-ca3255d7b1e4] received
[2026-04-26 07:17:47,010: INFO/MainProcess] Task cpu_intensive[9ee83a71-b1ec-4cb2-a294-e022225f64c7] received
[2026-04-26 07:17:48,623: INFO/ForkPoolWorker-1] Task cpu_intensive[9ee83a71-b1ec-4cb2-a294-e022225f64c7] succeeded in 1.612207985999703s: 333333283333335000000
[2026-04-26 07:17:48,689: INFO/ForkPoolWorker-2] Task memory_intensive[0e9a2ee4-6919-4bfa-b409-ca3255d7b1e4] succeeded in 1.678483462001168s: 'Memory wave: released'
[2026-04-26 07:17:57,013: INFO/MainProcess] Task cpu_intensive[ca2cdafa-4017-493b-a00f-a2d34be6aed1] received
[2026-04-26 07:17:57,013: INFO/MainProcess] Task memory_intensive[f2a5aa98-db2e-40c8-b9b8-c65191f1ac5b] received
[2026-04-26 07:17:58,655: INFO/ForkPoolWorker-2] Task cpu_intensive[ca2cdafa-4017-493b-a00f-a2d34be6aed1] succeeded in 1.6409804319991963s: 333333283333335000000
[2026-04-26 07:17:58,684: INFO/ForkPoolWorker-1] Task memory_intensive[f2a5aa98-db2e-40c8-b9b8-c65191f1ac5b] succeeded in 1.6707902560010552s: 'Memory wave: released'
[2026-04-26 07:18:07,016: INFO/MainProcess] Task cpu_intensive[bd1b5aaf-c9c2-40ba-a852-ebbb3a04f3a8] received
[2026-04-26 07:18:07,017: INFO/MainProcess] Task cpu_intensive[55f4c2ea-fb67-401e-97ca-acfd89b4aebb] received
[2026-04-26 07:18:08,624: INFO/ForkPoolWorker-1] Task cpu_intensive[55f4c2ea-fb67-401e-97ca-acfd89b4aebb] succeeded in 1.605879429000197s: 333333283333335000000
[2026-04-26 07:18:08,658: INFO/ForkPoolWorker-2] Task cpu_intensive[bd1b5aaf-c9c2-40ba-a852-ebbb3a04f3a8] succeeded in 1.6405533840006683s: 333333283333335000000
[2026-04-26 07:18:17,019: INFO/MainProcess] Task memory_intensive[400a8731-ba13-4fe3-88c0-fc0392585904] received
[2026-04-26 07:18:17,019: INFO/MainProcess] Task cpu_intensive[41654fdc-5d8a-4ae3-b2c8-06622bbf9fd8] received
[2026-04-26 07:18:18,625: INFO/ForkPoolWorker-1] Task cpu_intensive[41654fdc-5d8a-4ae3-b2c8-06622bbf9fd8] succeeded in 1.6053444249992026s: 333333283333335000000
[2026-04-26 07:18:18,707: INFO/ForkPoolWorker-2] Task memory_intensive[400a8731-ba13-4fe3-88c0-fc0392585904] succeeded in 1.6872947790034232s: 'Memory wave: released'
[2026-04-26 07:18:27,022: INFO/MainProcess] Task cpu_intensive[ed173b28-fc73-4db0-be7b-785a90415d24] received
[2026-04-26 07:18:27,023: INFO/MainProcess] Task memory_intensive[8c2a00e1-83f4-41ae-b1c2-177b68f51e3e] received
[2026-04-26 07:18:28,663: INFO/ForkPoolWorker-2] Task cpu_intensive[ed173b28-fc73-4db0-be7b-785a90415d24] succeeded in 1.6397095089996583s: 333333283333335000000
[2026-04-26 07:18:28,703: INFO/ForkPoolWorker-1] Task memory_intensive[8c2a00e1-83f4-41ae-b1c2-177b68f51e3e] succeeded in 1.6797624419996282s: 'Memory wave: released'
[2026-04-26 07:18:37,025: INFO/MainProcess] Task cpu_intensive[9cb9a8c2-f4f8-430f-9b1d-0ee0771cca3b] received
[2026-04-26 07:18:37,026: INFO/MainProcess] Task cpu_intensive[1b3f5da4-da86-4f7b-96d6-5c5dbd94e535] received
[2026-04-26 07:18:38,632: INFO/ForkPoolWorker-1] Task cpu_intensive[1b3f5da4-da86-4f7b-96d6-5c5dbd94e535] succeeded in 1.6058246749998943s: 333333283333335000000
[2026-04-26 07:18:38,638: INFO/ForkPoolWorker-2] Task cpu_intensive[9cb9a8c2-f4f8-430f-9b1d-0ee0771cca3b] succeeded in 1.6119522810004128s: 333333283333335000000
[2026-04-26 07:18:47,028: INFO/MainProcess] Task memory_intensive[3c213a2d-3742-42a8-96af-e35df5aea264] received
[2026-04-26 07:18:47,029: INFO/MainProcess] Task cpu_intensive[40ca600b-090a-433d-9711-73634bc53ad3] received
[2026-04-26 07:18:48,635: INFO/ForkPoolWorker-1] Task cpu_intensive[40ca600b-090a-433d-9711-73634bc53ad3] succeeded in 1.6056156359991292s: 333333283333335000000
[2026-04-26 07:18:48,707: INFO/ForkPoolWorker-2] Task memory_intensive[3c213a2d-3742-42a8-96af-e35df5aea264] succeeded in 1.6770098570013943s: 'Memory wave: released'
[2026-04-26 07:18:57,032: INFO/MainProcess] Task cpu_intensive[9e49cfc4-49e1-44e3-8326-32f83b113985] received
[2026-04-26 07:18:57,033: INFO/MainProcess] Task memory_intensive[2fb792cc-ac00-41f4-9bf7-2edeaeede9c3] received
[2026-04-26 07:18:58,639: INFO/ForkPoolWorker-2] Task cpu_intensive[9e49cfc4-49e1-44e3-8326-32f83b113985] succeeded in 1.6054577959985181s: 333333283333335000000
[2026-04-26 07:18:58,701: INFO/ForkPoolWorker-1] Task memory_intensive[2fb792cc-ac00-41f4-9bf7-2edeaeede9c3] succeeded in 1.6678391079985886s: 'Memory wave: released'

worker: Warm shutdown (MainProcess)
