 
 -------------- celery@golubev-BMH-WCX9 v5.6.3 (recovery)
--- ***** ----- 
-- ******* ---- Linux-6.8.0-110-generic-x86_64-with-glibc2.39 2026-04-26 17:58:21
- *** --- * --- 
- ** ---------- [config]
- ** ---------- .> app:         __main__:0x74ca0f131a60
- ** ---------- .> transport:   amqp://celery_demo:**@localhost:5672//
- ** ---------- .> results:     disabled://
- *** --- * --- .> concurrency: 2 (prefork)
-- ******* ---- .> task events: OFF (enable -E to monitor tasks in this worker)
--- ***** ----- 
 -------------- [queues]
                .> celery           exchange=celery(direct) key=celery
                

[tasks]
  . cpu_intensive
  . memory_intensive

[2026-04-26 17:58:21,569: INFO/MainProcess] Connected to amqp://celery_demo:**@127.0.0.1:5672//
[2026-04-26 17:58:21,573: INFO/MainProcess] mingle: searching for neighbors
[2026-04-26 17:58:22,590: INFO/MainProcess] mingle: all alone
[2026-04-26 17:58:22,606: INFO/MainProcess] celery@golubev-BMH-WCX9 ready.
[2026-04-26 17:58:22,607: INFO/MainProcess] Task cpu_intensive[97531d78-57fd-4487-b372-e9f84b1c994a] received
[2026-04-26 17:58:22,607: INFO/MainProcess] Task cpu_intensive[7262af54-00b5-4beb-9a65-ed38e0c7b431] received
[2026-04-26 17:58:24,319: INFO/ForkPoolWorker-1] Task cpu_intensive[7262af54-00b5-4beb-9a65-ed38e0c7b431] succeeded in 1.6104550180025399s: 333333283333335000000
[2026-04-26 17:58:24,327: INFO/ForkPoolWorker-2] Task cpu_intensive[97531d78-57fd-4487-b372-e9f84b1c994a] succeeded in 1.6176229379925644s: 333333283333335000000
[2026-04-26 17:58:32,459: INFO/MainProcess] Task memory_intensive[763268b2-2e68-4f07-b5c2-a33020d14841] received
[2026-04-26 17:58:32,460: INFO/MainProcess] Task cpu_intensive[8f619003-f43c-4960-a52a-e3ba387e4e5b] received
[2026-04-26 17:58:34,070: INFO/ForkPoolWorker-1] Task cpu_intensive[8f619003-f43c-4960-a52a-e3ba387e4e5b] succeeded in 1.6093196389992954s: 333333283333335000000
[2026-04-26 17:58:34,197: INFO/ForkPoolWorker-2] Task memory_intensive[763268b2-2e68-4f07-b5c2-a33020d14841] succeeded in 1.7362709939916385s: 'Memory wave: released'
[2026-04-26 17:58:42,462: INFO/MainProcess] Task cpu_intensive[997ee621-9824-4964-9d96-b300f0e62d3d] received
[2026-04-26 17:58:42,463: INFO/MainProcess] Task memory_intensive[fe2aa5c7-9252-465c-aff7-c75cd904a5d5] received
[2026-04-26 17:58:44,070: INFO/ForkPoolWorker-2] Task cpu_intensive[997ee621-9824-4964-9d96-b300f0e62d3d] succeeded in 1.606838951993268s: 333333283333335000000
[2026-04-26 17:58:44,184: INFO/ForkPoolWorker-1] Task memory_intensive[fe2aa5c7-9252-465c-aff7-c75cd904a5d5] succeeded in 1.7205664409993915s: 'Memory wave: released'
[2026-04-26 17:58:52,466: INFO/MainProcess] Task cpu_intensive[25d634f0-8f76-4195-a9cd-2c6dba5084c1] received
[2026-04-26 17:58:52,466: INFO/MainProcess] Task cpu_intensive[28553ccb-9edd-4d5a-a2ce-8c0dea03d159] received
[2026-04-26 17:58:54,072: INFO/ForkPoolWorker-1] Task cpu_intensive[28553ccb-9edd-4d5a-a2ce-8c0dea03d159] succeeded in 1.6047705940000014s: 333333283333335000000
[2026-04-26 17:58:54,131: INFO/ForkPoolWorker-2] Task cpu_intensive[25d634f0-8f76-4195-a9cd-2c6dba5084c1] succeeded in 1.663721300996258s: 333333283333335000000
[2026-04-26 17:59:02,468: INFO/MainProcess] Task memory_intensive[aa4d2005-8d03-4f6c-90de-f85a83193a06] received
[2026-04-26 17:59:02,469: INFO/MainProcess] Task cpu_intensive[02e8de25-6b88-45d8-9e54-8b1478c0b83f] received
[2026-04-26 17:59:04,118: INFO/ForkPoolWorker-1] Task cpu_intensive[02e8de25-6b88-45d8-9e54-8b1478c0b83f] succeeded in 1.6481757019937504s: 333333283333335000000
[2026-04-26 17:59:04,145: INFO/ForkPoolWorker-2] Task memory_intensive[aa4d2005-8d03-4f6c-90de-f85a83193a06] succeeded in 1.675519185999292s: 'Memory wave: released'
[2026-04-26 17:59:12,472: INFO/MainProcess] Task cpu_intensive[21787d7e-e04d-4131-8a82-dd66c857dd9c] received
[2026-04-26 17:59:12,472: INFO/MainProcess] Task memory_intensive[4c8311e2-3b5c-4452-bfd9-9d8f65078df2] received
[2026-04-26 17:59:14,121: INFO/ForkPoolWorker-2] Task cpu_intensive[21787d7e-e04d-4131-8a82-dd66c857dd9c] succeeded in 1.6482505620078882s: 333333283333335000000
[2026-04-26 17:59:14,141: INFO/ForkPoolWorker-1] Task memory_intensive[4c8311e2-3b5c-4452-bfd9-9d8f65078df2] succeeded in 1.6679964070062852s: 'Memory wave: released'
[2026-04-26 17:59:22,476: INFO/MainProcess] Task cpu_intensive[bbe8ca3f-8b81-4eb0-b0e1-5da898245d7e] received
[2026-04-26 17:59:22,477: INFO/MainProcess] Task cpu_intensive[acd716d1-d630-427e-a91d-ae65eb538cc2] received
[2026-04-26 17:59:24,117: INFO/ForkPoolWorker-2] Task cpu_intensive[bbe8ca3f-8b81-4eb0-b0e1-5da898245d7e] succeeded in 1.6389476570038823s: 333333283333335000000
[2026-04-26 17:59:24,122: INFO/ForkPoolWorker-1] Task cpu_intensive[acd716d1-d630-427e-a91d-ae65eb538cc2] succeeded in 1.644517452994478s: 333333283333335000000
[2026-04-26 17:59:32,480: INFO/MainProcess] Task memory_intensive[11f144d4-fbfa-46cb-a6ef-7ab3d81c6490] received
[2026-04-26 17:59:32,480: INFO/MainProcess] Task cpu_intensive[92f43bc2-0e8c-4275-87b0-85a5beeb314e] received
[2026-04-26 17:59:34,095: INFO/ForkPoolWorker-1] Task cpu_intensive[92f43bc2-0e8c-4275-87b0-85a5beeb314e] succeeded in 1.6142089490022045s: 333333283333335000000
[2026-04-26 17:59:34,157: INFO/ForkPoolWorker-2] Task memory_intensive[11f144d4-fbfa-46cb-a6ef-7ab3d81c6490] succeeded in 1.6762441610044334s: 'Memory wave: released'
[2026-04-26 17:59:42,483: INFO/MainProcess] Task cpu_intensive[f04f95e8-5533-4820-8a05-0cb51e8b246f] received
[2026-04-26 17:59:42,484: INFO/MainProcess] Task memory_intensive[7a29147a-6371-48df-9a60-d6a44073c650] received
[2026-04-26 17:59:44,118: INFO/ForkPoolWorker-2] Task cpu_intensive[f04f95e8-5533-4820-8a05-0cb51e8b246f] succeeded in 1.6340256730036344s: 333333283333335000000
[2026-04-26 17:59:44,150: INFO/ForkPoolWorker-1] Task memory_intensive[7a29147a-6371-48df-9a60-d6a44073c650] succeeded in 1.6660268570121843s: 'Memory wave: released'
[2026-04-26 17:59:52,486: INFO/MainProcess] Task cpu_intensive[f1ab632d-02ec-4f7a-a93f-62d103099164] received
[2026-04-26 17:59:52,487: INFO/MainProcess] Task cpu_intensive[ad80f7ab-20b7-4e53-ac2a-19891be369ea] received
[2026-04-26 17:59:54,092: INFO/ForkPoolWorker-1] Task cpu_intensive[ad80f7ab-20b7-4e53-ac2a-19891be369ea] succeeded in 1.6046770370012382s: 333333283333335000000
[2026-04-26 17:59:54,095: INFO/ForkPoolWorker-2] Task cpu_intensive[f1ab632d-02ec-4f7a-a93f-62d103099164] succeeded in 1.6079869140085066s: 333333283333335000000
[2026-04-26 18:00:02,490: INFO/MainProcess] Task memory_intensive[9452b775-9200-4363-89b5-2596992ec44b] received
[2026-04-26 18:00:02,490: INFO/MainProcess] Task cpu_intensive[8d272749-90d7-4c76-aab2-c6a0f884369a] received
[2026-04-26 18:00:04,135: INFO/ForkPoolWorker-1] Task cpu_intensive[8d272749-90d7-4c76-aab2-c6a0f884369a] succeeded in 1.64430923499458s: 333333283333335000000
[2026-04-26 18:00:04,167: INFO/ForkPoolWorker-2] Task memory_intensive[9452b775-9200-4363-89b5-2596992ec44b] succeeded in 1.6762078940082574s: 'Memory wave: released'
[2026-04-26 18:00:12,493: INFO/MainProcess] Task cpu_intensive[c106da5f-6bad-4b65-b147-d4d1a6dc0dc8] received
[2026-04-26 18:00:12,494: INFO/MainProcess] Task memory_intensive[7a4d38d6-4828-400b-a7ec-c58c26c99c75] received
[2026-04-26 18:00:14,133: INFO/ForkPoolWorker-2] Task cpu_intensive[c106da5f-6bad-4b65-b147-d4d1a6dc0dc8] succeeded in 1.6386230810021516s: 333333283333335000000
[2026-04-26 18:00:14,168: INFO/ForkPoolWorker-1] Task memory_intensive[7a4d38d6-4828-400b-a7ec-c58c26c99c75] succeeded in 1.6736281060002511s: 'Memory wave: released'
[2026-04-26 18:00:22,496: INFO/MainProcess] Task cpu_intensive[e6e26689-2376-4519-b56b-3674b322fa03] received
[2026-04-26 18:00:22,496: INFO/MainProcess] Task cpu_intensive[eab4a7a2-5221-4990-ad32-13e5b851d308] received
[2026-04-26 18:00:24,097: INFO/ForkPoolWorker-1] Task cpu_intensive[eab4a7a2-5221-4990-ad32-13e5b851d308] succeeded in 1.5998885089938994s: 333333283333335000000
[2026-04-26 18:00:24,150: INFO/ForkPoolWorker-2] Task cpu_intensive[e6e26689-2376-4519-b56b-3674b322fa03] succeeded in 1.6527519119990757s: 333333283333335000000
[2026-04-26 18:00:32,500: INFO/MainProcess] Task memory_intensive[711d7989-4c9f-45e0-8970-8dc0a329e27c] received
[2026-04-26 18:00:32,501: INFO/MainProcess] Task cpu_intensive[570c784b-e2e3-49f2-87b3-1cfaebf67dc7] received
[2026-04-26 18:00:34,130: INFO/ForkPoolWorker-1] Task cpu_intensive[570c784b-e2e3-49f2-87b3-1cfaebf67dc7] succeeded in 1.6282295659912052s: 333333283333335000000
[2026-04-26 18:00:34,197: INFO/ForkPoolWorker-2] Task memory_intensive[711d7989-4c9f-45e0-8970-8dc0a329e27c] succeeded in 1.6952688780002063s: 'Memory wave: released'
[2026-04-26 18:00:42,503: INFO/MainProcess] Task cpu_intensive[f6fc60e7-a5ff-45b3-b154-9dd2e1cac06e] received
[2026-04-26 18:00:42,504: INFO/MainProcess] Task memory_intensive[4d2b5aa8-c50c-4c8c-9414-68397de9513b] received
[2026-04-26 18:00:44,139: INFO/ForkPoolWorker-2] Task cpu_intensive[f6fc60e7-a5ff-45b3-b154-9dd2e1cac06e] succeeded in 1.634596567004337s: 333333283333335000000
[2026-04-26 18:00:44,187: INFO/ForkPoolWorker-1] Task memory_intensive[4d2b5aa8-c50c-4c8c-9414-68397de9513b] succeeded in 1.6831908549938817s: 'Memory wave: released'
[2026-04-26 18:00:52,507: INFO/MainProcess] Task cpu_intensive[9329611c-a5f9-4f33-aeb4-99831072c1c2] received
[2026-04-26 18:00:52,508: INFO/MainProcess] Task cpu_intensive[9f611cd5-0457-4b70-8099-f555595532e1] received
[2026-04-26 18:00:54,149: INFO/ForkPoolWorker-1] Task cpu_intensive[9f611cd5-0457-4b70-8099-f555595532e1] succeeded in 1.640700485004345s: 333333283333335000000
[2026-04-26 18:00:54,163: INFO/ForkPoolWorker-2] Task cpu_intensive[9329611c-a5f9-4f33-aeb4-99831072c1c2] succeeded in 1.6550074819970177s: 333333283333335000000
[2026-04-26 18:01:02,510: INFO/MainProcess] Task memory_intensive[60d48a52-d62b-4a52-a20f-2de55d92e8a2] received
[2026-04-26 18:01:02,510: INFO/MainProcess] Task cpu_intensive[d60de94b-80b4-4359-91f2-0fdab88bb6f8] received
[2026-04-26 18:01:04,116: INFO/ForkPoolWorker-1] Task cpu_intensive[d60de94b-80b4-4359-91f2-0fdab88bb6f8] succeeded in 1.6047494849917712s: 333333283333335000000
[2026-04-26 18:01:04,187: INFO/ForkPoolWorker-2] Task memory_intensive[60d48a52-d62b-4a52-a20f-2de55d92e8a2] succeeded in 1.6758395249926252s: 'Memory wave: released'
[2026-04-26 18:01:12,513: INFO/MainProcess] Task cpu_intensive[36e47c4d-78e2-4ad6-9890-e439c6e8bf43] received
[2026-04-26 18:01:12,513: INFO/MainProcess] Task memory_intensive[a54b75e8-220a-481f-88ec-6897649efc8a] received
[2026-04-26 18:01:14,185: INFO/ForkPoolWorker-1] Task memory_intensive[a54b75e8-220a-481f-88ec-6897649efc8a] succeeded in 1.67146927700378s: 'Memory wave: released'
[2026-04-26 18:01:14,198: INFO/ForkPoolWorker-2] Task cpu_intensive[36e47c4d-78e2-4ad6-9890-e439c6e8bf43] succeeded in 1.6844234229938593s: 333333283333335000000
[2026-04-26 18:01:22,516: INFO/MainProcess] Task cpu_intensive[ffadd437-7d4a-4df2-89ec-6c3d82a0ebcc] received
[2026-04-26 18:01:22,516: INFO/MainProcess] Task cpu_intensive[700e4429-b11b-4f4e-9198-aa3e5e1c9633] received
[2026-04-26 18:01:24,133: INFO/ForkPoolWorker-1] Task cpu_intensive[700e4429-b11b-4f4e-9198-aa3e5e1c9633] succeeded in 1.6158558919996722s: 333333283333335000000
[2026-04-26 18:01:24,162: INFO/ForkPoolWorker-2] Task cpu_intensive[ffadd437-7d4a-4df2-89ec-6c3d82a0ebcc] succeeded in 1.6450395609863335s: 333333283333335000000
[2026-04-26 18:01:32,518: INFO/MainProcess] Task memory_intensive[e1b90301-35cd-4b9f-8c12-71c12e06bea8] received
[2026-04-26 18:01:32,519: INFO/MainProcess] Task cpu_intensive[7ad20d53-e711-48e7-89ad-51ea5887051b] received
[2026-04-26 18:01:34,179: INFO/ForkPoolWorker-1] Task cpu_intensive[7ad20d53-e711-48e7-89ad-51ea5887051b] succeeded in 1.6594941209914396s: 333333283333335000000
[2026-04-26 18:01:34,192: INFO/ForkPoolWorker-2] Task memory_intensive[e1b90301-35cd-4b9f-8c12-71c12e06bea8] succeeded in 1.6729069700086256s: 'Memory wave: released'
[2026-04-26 18:01:42,521: INFO/MainProcess] Task cpu_intensive[9b478fa3-ecb0-40d3-badf-de387e14b132] received
[2026-04-26 18:01:42,522: INFO/MainProcess] Task memory_intensive[97e73dbd-ecb3-49ad-bbf3-941358972e6d] received
[2026-04-26 18:01:44,161: INFO/ForkPoolWorker-2] Task cpu_intensive[9b478fa3-ecb0-40d3-badf-de387e14b132] succeeded in 1.6386547340080142s: 333333283333335000000
[2026-04-26 18:01:44,193: INFO/ForkPoolWorker-1] Task memory_intensive[97e73dbd-ecb3-49ad-bbf3-941358972e6d] succeeded in 1.670337659001234s: 'Memory wave: released'
[2026-04-26 18:01:52,525: INFO/MainProcess] Task cpu_intensive[3fceddd7-6411-4a5e-8f6c-8b19131b4f43] received
[2026-04-26 18:01:52,525: INFO/MainProcess] Task cpu_intensive[6e0886ff-c735-47db-a6dc-635bc697468c] received
[2026-04-26 18:01:54,137: INFO/ForkPoolWorker-1] Task cpu_intensive[6e0886ff-c735-47db-a6dc-635bc697468c] succeeded in 1.6111080140108243s: 333333283333335000000
[2026-04-26 18:01:54,147: INFO/ForkPoolWorker-2] Task cpu_intensive[3fceddd7-6411-4a5e-8f6c-8b19131b4f43] succeeded in 1.621531196986325s: 333333283333335000000
[2026-04-26 18:02:02,528: INFO/MainProcess] Task memory_intensive[1e72b9d9-852b-4bae-8441-dd2b45e25a09] received
[2026-04-26 18:02:02,529: INFO/MainProcess] Task cpu_intensive[bcc7cd01-60b4-4b00-ac2d-fef570e35cf2] received
[2026-04-26 18:02:04,196: INFO/ForkPoolWorker-1] Task cpu_intensive[bcc7cd01-60b4-4b00-ac2d-fef570e35cf2] succeeded in 1.6668986389995553s: 333333283333335000000
[2026-04-26 18:02:04,204: INFO/ForkPoolWorker-2] Task memory_intensive[1e72b9d9-852b-4bae-8441-dd2b45e25a09] succeeded in 1.6741199859970948s: 'Memory wave: released'
[2026-04-26 18:02:12,531: INFO/MainProcess] Task cpu_intensive[ebf014f4-9861-4240-8f2f-07102c2ab741] received
[2026-04-26 18:02:12,532: INFO/MainProcess] Task memory_intensive[8e5e6174-1fd9-4035-82a8-9870b2d067e6] received
[2026-04-26 18:02:14,170: INFO/ForkPoolWorker-2] Task cpu_intensive[ebf014f4-9861-4240-8f2f-07102c2ab741] succeeded in 1.6376676140062045s: 333333283333335000000
[2026-04-26 18:02:14,196: INFO/ForkPoolWorker-1] Task memory_intensive[8e5e6174-1fd9-4035-82a8-9870b2d067e6] succeeded in 1.664034957997501s: 'Memory wave: released'
[2026-04-26 18:02:22,534: INFO/MainProcess] Task cpu_intensive[21597d1d-e6d7-4b1c-ac65-cc9987c7dd31] received
[2026-04-26 18:02:22,535: INFO/MainProcess] Task cpu_intensive[cea6cee9-91a0-449b-be7f-b524ab115f87] received
[2026-04-26 18:02:24,177: INFO/ForkPoolWorker-2] Task cpu_intensive[21597d1d-e6d7-4b1c-ac65-cc9987c7dd31] succeeded in 1.6413993129972368s: 333333283333335000000
[2026-04-26 18:02:24,181: INFO/ForkPoolWorker-1] Task cpu_intensive[cea6cee9-91a0-449b-be7f-b524ab115f87] succeeded in 1.6456363019970013s: 333333283333335000000
[2026-04-26 18:02:32,537: INFO/MainProcess] Task memory_intensive[66c5419b-7241-4ae7-8750-acbaff95f727] received
[2026-04-26 18:02:32,537: INFO/MainProcess] Task cpu_intensive[11234040-5cfa-4be7-b539-907c6ca2c83b] received
[2026-04-26 18:02:34,143: INFO/ForkPoolWorker-1] Task cpu_intensive[11234040-5cfa-4be7-b539-907c6ca2c83b] succeeded in 1.605318834001082s: 333333283333335000000
[2026-04-26 18:02:34,215: INFO/ForkPoolWorker-2] Task memory_intensive[66c5419b-7241-4ae7-8750-acbaff95f727] succeeded in 1.6773355640034424s: 'Memory wave: released'
[2026-04-26 18:02:42,541: INFO/MainProcess] Task cpu_intensive[94a592a5-b3ca-4689-a248-a5c1d241e5e6] received
[2026-04-26 18:02:42,541: INFO/MainProcess] Task memory_intensive[10d47855-a0ca-410c-af7b-f879fbf628c0] received
[2026-04-26 18:02:44,149: INFO/ForkPoolWorker-2] Task cpu_intensive[94a592a5-b3ca-4689-a248-a5c1d241e5e6] succeeded in 1.6068362899968633s: 333333283333335000000
[2026-04-26 18:02:44,212: INFO/ForkPoolWorker-1] Task memory_intensive[10d47855-a0ca-410c-af7b-f879fbf628c0] succeeded in 1.6696746460074792s: 'Memory wave: released'
[2026-04-26 18:02:52,544: INFO/MainProcess] Task cpu_intensive[defa9eb4-fd70-4ccc-9baf-07963a9cb85f] received
[2026-04-26 18:02:52,544: INFO/MainProcess] Task cpu_intensive[6058c6af-ab0b-4efb-93c2-2494add41639] received
[2026-04-26 18:02:54,155: INFO/ForkPoolWorker-1] Task cpu_intensive[6058c6af-ab0b-4efb-93c2-2494add41639] succeeded in 1.6095590949989855s: 333333283333335000000
[2026-04-26 18:02:54,188: INFO/ForkPoolWorker-2] Task cpu_intensive[defa9eb4-fd70-4ccc-9baf-07963a9cb85f] succeeded in 1.642597245008801s: 333333283333335000000
[2026-04-26 18:03:02,547: INFO/MainProcess] Task memory_intensive[b7d44cb5-20d9-4066-8a30-c7b9b92b2d66] received
[2026-04-26 18:03:02,547: INFO/MainProcess] Task cpu_intensive[94ce49e1-4869-4b45-a06b-6934aa541bba] received
[2026-04-26 18:03:04,200: INFO/ForkPoolWorker-1] Task cpu_intensive[94ce49e1-4869-4b45-a06b-6934aa541bba] succeeded in 1.651528454007348s: 333333283333335000000
[2026-04-26 18:03:04,222: INFO/ForkPoolWorker-2] Task memory_intensive[b7d44cb5-20d9-4066-8a30-c7b9b92b2d66] succeeded in 1.6736696340085473s: 'Memory wave: released'
[2026-04-26 18:03:12,551: INFO/MainProcess] Task cpu_intensive[9dd6ec27-bfb9-4c13-aac2-6eb48df8c27b] received
[2026-04-26 18:03:12,552: INFO/MainProcess] Task memory_intensive[5f07a4b7-8c78-4605-9919-43a749b36efa] received
[2026-04-26 18:03:14,211: INFO/ForkPoolWorker-2] Task cpu_intensive[9dd6ec27-bfb9-4c13-aac2-6eb48df8c27b] succeeded in 1.6589965370076243s: 333333283333335000000
[2026-04-26 18:03:14,222: INFO/ForkPoolWorker-1] Task memory_intensive[5f07a4b7-8c78-4605-9919-43a749b36efa] succeeded in 1.6696137319959234s: 'Memory wave: released'

worker: Warm shutdown (MainProcess)
