 
 -------------- celery@golubev-BMH-WCX9 v5.6.3 (recovery)
--- ***** ----- 
-- ******* ---- Linux-6.8.0-110-generic-x86_64-with-glibc2.39 2026-04-26 06:46:51
- *** --- * --- 
- ** ---------- [config]
- ** ---------- .> app:         __main__:0x765c8133d7c0
- ** ---------- .> transport:   amqp://celery_demo:**@localhost:5672//
- ** ---------- .> results:     disabled://
- *** --- * --- .> concurrency: 4 (prefork)
-- ******* ---- .> task events: OFF (enable -E to monitor tasks in this worker)
--- ***** ----- 
 -------------- [queues]
                .> celery           exchange=celery(direct) key=celery
                

[tasks]
  . cpu_intensive
  . memory_intensive

[2026-04-26 06:46:51,390: INFO/MainProcess] Connected to amqp://celery_demo:**@127.0.0.1:5672//
[2026-04-26 06:46:51,393: INFO/MainProcess] mingle: searching for neighbors
[2026-04-26 06:46:52,410: INFO/MainProcess] mingle: all alone
[2026-04-26 06:46:52,427: INFO/MainProcess] celery@golubev-BMH-WCX9 ready.
[2026-04-26 06:46:52,428: INFO/MainProcess] Task cpu_intensive[82c8d3dc-be5c-4f64-8e9a-515735415944] received
[2026-04-26 06:46:52,428: INFO/MainProcess] Task cpu_intensive[d9d80029-7915-4c0f-96b0-4be2ef18c2ad] received
[2026-04-26 06:46:52,429: INFO/MainProcess] Task memory_intensive[43fea904-2f6d-44e6-95f9-ee41f630e0ad] received
[2026-04-26 06:46:52,429: INFO/MainProcess] Task cpu_intensive[42bed237-6a54-4295-8532-c2614f4dfa91] received
[2026-04-26 06:46:54,142: INFO/ForkPoolWorker-3] Task cpu_intensive[d9d80029-7915-4c0f-96b0-4be2ef18c2ad] succeeded in 1.6111097789980704s: 333333283333335000000
[2026-04-26 06:46:54,147: INFO/ForkPoolWorker-4] Task cpu_intensive[42bed237-6a54-4295-8532-c2614f4dfa91] succeeded in 1.6137579140013258s: 333333283333335000000
[2026-04-26 06:46:54,151: INFO/ForkPoolWorker-2] Task cpu_intensive[82c8d3dc-be5c-4f64-8e9a-515735415944] succeeded in 1.619797473998915s: 333333283333335000000
[2026-04-26 06:46:54,252: INFO/ForkPoolWorker-1] Task memory_intensive[43fea904-2f6d-44e6-95f9-ee41f630e0ad] succeeded in 1.7205964460008545s: 'Memory wave: released'
[2026-04-26 06:47:02,241: INFO/MainProcess] Task cpu_intensive[0fee055f-89d2-4b3e-9e52-a72b384cfbff] received
[2026-04-26 06:47:02,241: INFO/MainProcess] Task memory_intensive[33a77da5-d6dd-4f6e-ae95-fae28286b87a] received
[2026-04-26 06:47:02,245: INFO/MainProcess] Task cpu_intensive[7ef56ae9-7ea7-4b70-9a87-2c679b512e2d] received
[2026-04-26 06:47:02,246: INFO/MainProcess] Task cpu_intensive[28e97bb7-a39b-4d7f-8acd-4460f081305c] received
[2026-04-26 06:47:03,845: INFO/ForkPoolWorker-2] Task cpu_intensive[0fee055f-89d2-4b3e-9e52-a72b384cfbff] succeeded in 1.6030790759978117s: 333333283333335000000
[2026-04-26 06:47:03,851: INFO/ForkPoolWorker-4] Task cpu_intensive[28e97bb7-a39b-4d7f-8acd-4460f081305c] succeeded in 1.6044942130029085s: 333333283333335000000
[2026-04-26 06:47:03,913: INFO/ForkPoolWorker-1] Task cpu_intensive[7ef56ae9-7ea7-4b70-9a87-2c679b512e2d] succeeded in 1.6643291600012162s: 333333283333335000000
[2026-04-26 06:47:03,987: INFO/ForkPoolWorker-3] Task memory_intensive[33a77da5-d6dd-4f6e-ae95-fae28286b87a] succeeded in 1.745605774998694s: 'Memory wave: released'
[2026-04-26 06:47:12,245: INFO/MainProcess] Task memory_intensive[0392f30c-b338-4c9e-a86e-4454e2509b27] received
[2026-04-26 06:47:12,246: INFO/MainProcess] Task cpu_intensive[5de48cb3-2644-402c-ab5e-128b8f4f0999] received
[2026-04-26 06:47:12,246: INFO/MainProcess] Task cpu_intensive[0307328d-fca9-473f-adc6-7db3a7b9f1a2] received
[2026-04-26 06:47:12,246: INFO/MainProcess] Task memory_intensive[accfa289-9f23-477d-883e-4c3a96bed0d5] received
[2026-04-26 06:47:13,885: INFO/ForkPoolWorker-3] Task cpu_intensive[5de48cb3-2644-402c-ab5e-128b8f4f0999] succeeded in 1.638339150002139s: 333333283333335000000
[2026-04-26 06:47:13,921: INFO/ForkPoolWorker-1] Task cpu_intensive[0307328d-fca9-473f-adc6-7db3a7b9f1a2] succeeded in 1.674003983996954s: 333333283333335000000
[2026-04-26 06:47:13,983: INFO/ForkPoolWorker-2] Task memory_intensive[0392f30c-b338-4c9e-a86e-4454e2509b27] succeeded in 1.7364845580013935s: 'Memory wave: released'
[2026-04-26 06:47:13,992: INFO/ForkPoolWorker-4] Task memory_intensive[accfa289-9f23-477d-883e-4c3a96bed0d5] succeeded in 1.7416557489996194s: 'Memory wave: released'
[2026-04-26 06:47:22,249: INFO/MainProcess] Task cpu_intensive[01504e88-4ca5-449f-9ac1-bb020c3811ce] received
[2026-04-26 06:47:22,250: INFO/MainProcess] Task cpu_intensive[05c416f7-88aa-4f42-b4a0-ee9d81f38239] received
[2026-04-26 06:47:22,250: INFO/MainProcess] Task memory_intensive[814d417c-a478-4a53-a79f-075f21c958e0] received
[2026-04-26 06:47:22,251: INFO/MainProcess] Task cpu_intensive[4cab8180-3875-4c2c-8699-c1e43f37166b] received
[2026-04-26 06:47:23,870: INFO/ForkPoolWorker-2] Task cpu_intensive[01504e88-4ca5-449f-9ac1-bb020c3811ce] succeeded in 1.6196125419992313s: 333333283333335000000
[2026-04-26 06:47:23,895: INFO/ForkPoolWorker-3] Task cpu_intensive[05c416f7-88aa-4f42-b4a0-ee9d81f38239] succeeded in 1.6435801330007962s: 333333283333335000000
[2026-04-26 06:47:23,901: INFO/ForkPoolWorker-4] Task cpu_intensive[4cab8180-3875-4c2c-8699-c1e43f37166b] succeeded in 1.6464406469967798s: 333333283333335000000
[2026-04-26 06:47:23,916: INFO/ForkPoolWorker-1] Task memory_intensive[814d417c-a478-4a53-a79f-075f21c958e0] succeeded in 1.6646253309991152s: 'Memory wave: released'
[2026-04-26 06:47:32,253: INFO/MainProcess] Task cpu_intensive[d7e988b7-1f8f-447a-a7a5-9c5bdd53bbcb] received
[2026-04-26 06:47:32,254: INFO/MainProcess] Task memory_intensive[13b7121f-e505-4b20-93f0-ba4b3e7ada80] received
[2026-04-26 06:47:32,255: INFO/MainProcess] Task cpu_intensive[391b02fb-821d-4be0-9bf4-2625d450600d] received
[2026-04-26 06:47:32,255: INFO/MainProcess] Task cpu_intensive[cc34fe68-c603-493c-bd55-0fe1842c5f71] received
[2026-04-26 06:47:33,880: INFO/ForkPoolWorker-1] Task cpu_intensive[391b02fb-821d-4be0-9bf4-2625d450600d] succeeded in 1.6212791169964476s: 333333283333335000000
[2026-04-26 06:47:33,894: INFO/ForkPoolWorker-4] Task cpu_intensive[cc34fe68-c603-493c-bd55-0fe1842c5f71] succeeded in 1.6361133709979185s: 333333283333335000000
[2026-04-26 06:47:33,933: INFO/ForkPoolWorker-3] Task memory_intensive[13b7121f-e505-4b20-93f0-ba4b3e7ada80] succeeded in 1.6779902759990364s: 'Memory wave: released'
[2026-04-26 06:47:33,945: INFO/ForkPoolWorker-2] Task cpu_intensive[d7e988b7-1f8f-447a-a7a5-9c5bdd53bbcb] succeeded in 1.690421248000348s: 333333283333335000000
[2026-04-26 06:47:42,257: INFO/MainProcess] Task memory_intensive[a032c0f6-0c68-4421-bce2-0b80bf8f5c5a] received
[2026-04-26 06:47:42,257: INFO/MainProcess] Task cpu_intensive[790908c8-ab44-4de0-b8dc-c6780acf2935] received
[2026-04-26 06:47:42,258: INFO/MainProcess] Task cpu_intensive[9def8cb8-ae36-4c4e-ae28-931a6e5ce846] received
[2026-04-26 06:47:42,258: INFO/MainProcess] Task memory_intensive[527bf552-1dd1-47d5-a6fb-447563240b16] received
[2026-04-26 06:47:43,864: INFO/ForkPoolWorker-3] Task cpu_intensive[790908c8-ab44-4de0-b8dc-c6780acf2935] succeeded in 1.6057643009989988s: 333333283333335000000
[2026-04-26 06:47:43,938: INFO/ForkPoolWorker-1] Task cpu_intensive[9def8cb8-ae36-4c4e-ae28-931a6e5ce846] succeeded in 1.6795191320015874s: 333333283333335000000
[2026-04-26 06:47:43,943: INFO/ForkPoolWorker-4] Task memory_intensive[527bf552-1dd1-47d5-a6fb-447563240b16] succeeded in 1.681081909002387s: 'Memory wave: released'
[2026-04-26 06:47:43,943: INFO/ForkPoolWorker-2] Task memory_intensive[a032c0f6-0c68-4421-bce2-0b80bf8f5c5a] succeeded in 1.685195117002877s: 'Memory wave: released'
[2026-04-26 06:47:52,261: INFO/MainProcess] Task cpu_intensive[6a7648a0-d4a5-4123-9bdb-9f9ddd57c5a4] received
[2026-04-26 06:47:52,261: INFO/MainProcess] Task cpu_intensive[c870d39f-186f-47d6-b248-d7ef3debe244] received
[2026-04-26 06:47:52,262: INFO/MainProcess] Task memory_intensive[b06e6e47-ee24-481e-a5fc-11b5f5350f30] received
[2026-04-26 06:47:52,262: INFO/MainProcess] Task cpu_intensive[0015272b-3c8f-44b0-b912-02f76ded7683] received
[2026-04-26 06:47:53,871: INFO/ForkPoolWorker-4] Task cpu_intensive[0015272b-3c8f-44b0-b912-02f76ded7683] succeeded in 1.6052628020006523s: 333333283333335000000
[2026-04-26 06:47:53,886: INFO/ForkPoolWorker-3] Task cpu_intensive[c870d39f-186f-47d6-b248-d7ef3debe244] succeeded in 1.6170377830021607s: 333333283333335000000
[2026-04-26 06:47:53,894: INFO/ForkPoolWorker-2] Task cpu_intensive[6a7648a0-d4a5-4123-9bdb-9f9ddd57c5a4] succeeded in 1.6282352009984606s: 333333283333335000000
[2026-04-26 06:47:53,939: INFO/ForkPoolWorker-1] Task memory_intensive[b06e6e47-ee24-481e-a5fc-11b5f5350f30] succeeded in 1.6769548199990822s: 'Memory wave: released'
[2026-04-26 06:48:02,264: INFO/MainProcess] Task cpu_intensive[b0456ee6-d9d6-492e-ab98-0985e3c74d59] received
[2026-04-26 06:48:02,265: INFO/MainProcess] Task memory_intensive[5045eb9a-df1f-40a1-b386-fce730622429] received
[2026-04-26 06:48:02,265: INFO/MainProcess] Task cpu_intensive[34c07f67-d606-4595-8b62-288a24359356] received
[2026-04-26 06:48:02,265: INFO/MainProcess] Task cpu_intensive[9279bb9a-b124-4e70-9fc1-dc15a37459c5] received
[2026-04-26 06:48:03,873: INFO/ForkPoolWorker-4] Task cpu_intensive[9279bb9a-b124-4e70-9fc1-dc15a37459c5] succeeded in 1.6039928669997607s: 333333283333335000000
[2026-04-26 06:48:03,903: INFO/ForkPoolWorker-2] Task cpu_intensive[b0456ee6-d9d6-492e-ab98-0985e3c74d59] succeeded in 1.637742396997055s: 333333283333335000000
[2026-04-26 06:48:03,929: INFO/ForkPoolWorker-1] Task cpu_intensive[34c07f67-d606-4595-8b62-288a24359356] succeeded in 1.659922408998682s: 333333283333335000000
[2026-04-26 06:48:03,946: INFO/ForkPoolWorker-3] Task memory_intensive[5045eb9a-df1f-40a1-b386-fce730622429] succeeded in 1.6799213650010643s: 'Memory wave: released'
[2026-04-26 06:48:12,269: INFO/MainProcess] Task memory_intensive[295409ba-c5d7-42c4-8386-7e938c8299b0] received
[2026-04-26 06:48:12,270: INFO/MainProcess] Task cpu_intensive[a121ae19-24ee-4914-abfe-b01dffd3d593] received
[2026-04-26 06:48:12,270: INFO/MainProcess] Task cpu_intensive[c754502e-3598-48f9-9173-9c387ae3f211] received
[2026-04-26 06:48:12,270: INFO/MainProcess] Task memory_intensive[26c7132a-2d8f-4ac5-b652-2f6b694953f8] received
[2026-04-26 06:48:13,876: INFO/ForkPoolWorker-3] Task cpu_intensive[a121ae19-24ee-4914-abfe-b01dffd3d593] succeeded in 1.6052037330009625s: 333333283333335000000
[2026-04-26 06:48:13,922: INFO/ForkPoolWorker-1] Task cpu_intensive[c754502e-3598-48f9-9173-9c387ae3f211] succeeded in 1.6507094630032952s: 333333283333335000000
[2026-04-26 06:48:13,952: INFO/ForkPoolWorker-2] Task memory_intensive[295409ba-c5d7-42c4-8386-7e938c8299b0] succeeded in 1.6817980089981575s: 'Memory wave: released'
[2026-04-26 06:48:13,952: INFO/ForkPoolWorker-4] Task memory_intensive[26c7132a-2d8f-4ac5-b652-2f6b694953f8] succeeded in 1.677716435999173s: 'Memory wave: released'
[2026-04-26 06:48:22,272: INFO/MainProcess] Task cpu_intensive[2dbbf92c-e79c-40a2-ba03-3ab3a400bda2] received
[2026-04-26 06:48:22,273: INFO/MainProcess] Task cpu_intensive[648ca840-f8c2-4893-9d2b-be2e6effd762] received
[2026-04-26 06:48:22,274: INFO/MainProcess] Task memory_intensive[906a66e9-5586-4be6-b167-418fb4511c70] received
[2026-04-26 06:48:22,274: INFO/MainProcess] Task cpu_intensive[79876232-7d49-448c-b91b-e2d58b37fbd0] received
[2026-04-26 06:48:23,883: INFO/ForkPoolWorker-4] Task cpu_intensive[79876232-7d49-448c-b91b-e2d58b37fbd0] succeeded in 1.602931607998471s: 333333283333335000000
[2026-04-26 06:48:23,889: INFO/ForkPoolWorker-3] Task cpu_intensive[648ca840-f8c2-4893-9d2b-be2e6effd762] succeeded in 1.6144850649980071s: 333333283333335000000
[2026-04-26 06:48:23,934: INFO/ForkPoolWorker-2] Task cpu_intensive[2dbbf92c-e79c-40a2-ba03-3ab3a400bda2] succeeded in 1.6601028210025106s: 333333283333335000000
[2026-04-26 06:48:23,950: INFO/ForkPoolWorker-1] Task memory_intensive[906a66e9-5586-4be6-b167-418fb4511c70] succeeded in 1.6731385300008697s: 'Memory wave: released'
[2026-04-26 06:48:32,276: INFO/MainProcess] Task cpu_intensive[e6544905-ef84-41bb-92b5-1bd26341c001] received
[2026-04-26 06:48:32,277: INFO/MainProcess] Task memory_intensive[68616b35-1f51-479b-94f8-dc9a8099be57] received
[2026-04-26 06:48:32,277: INFO/MainProcess] Task cpu_intensive[2ded5a1b-82ba-48d4-95dd-db6434057b76] received
[2026-04-26 06:48:32,278: INFO/MainProcess] Task cpu_intensive[87e07eb1-10e9-4958-aced-8b57efe1500d] received
[2026-04-26 06:48:33,886: INFO/ForkPoolWorker-4] Task cpu_intensive[87e07eb1-10e9-4958-aced-8b57efe1500d] succeeded in 1.6048650880002242s: 333333283333335000000
[2026-04-26 06:48:33,889: INFO/ForkPoolWorker-2] Task cpu_intensive[e6544905-ef84-41bb-92b5-1bd26341c001] succeeded in 1.6111428030017123s: 333333283333335000000
[2026-04-26 06:48:33,927: INFO/ForkPoolWorker-1] Task cpu_intensive[2ded5a1b-82ba-48d4-95dd-db6434057b76] succeeded in 1.6455435169991688s: 333333283333335000000
[2026-04-26 06:48:33,956: INFO/ForkPoolWorker-3] Task memory_intensive[68616b35-1f51-479b-94f8-dc9a8099be57] succeeded in 1.6779271540035552s: 'Memory wave: released'
[2026-04-26 06:48:42,281: INFO/MainProcess] Task memory_intensive[dc4eb3b0-390f-4050-8ad9-760703d27e6e] received
[2026-04-26 06:48:42,281: INFO/MainProcess] Task cpu_intensive[79374b22-a330-436d-b0c5-aec724781fc7] received
[2026-04-26 06:48:42,282: INFO/MainProcess] Task cpu_intensive[8e8c3902-439a-4178-9d2d-4225afa793f5] received
[2026-04-26 06:48:42,282: INFO/MainProcess] Task memory_intensive[76befbf2-c38a-4fa8-a8f3-9bb4a7d0be98] received
[2026-04-26 06:48:43,889: INFO/ForkPoolWorker-3] Task cpu_intensive[79374b22-a330-436d-b0c5-aec724781fc7] succeeded in 1.6067122439999366s: 333333283333335000000
[2026-04-26 06:48:43,933: INFO/ForkPoolWorker-1] Task cpu_intensive[8e8c3902-439a-4178-9d2d-4225afa793f5] succeeded in 1.6505478680010128s: 333333283333335000000
[2026-04-26 06:48:43,967: INFO/ForkPoolWorker-2] Task memory_intensive[dc4eb3b0-390f-4050-8ad9-760703d27e6e] succeeded in 1.6848239219980314s: 'Memory wave: released'
[2026-04-26 06:48:43,967: INFO/ForkPoolWorker-4] Task memory_intensive[76befbf2-c38a-4fa8-a8f3-9bb4a7d0be98] succeeded in 1.680840401997557s: 'Memory wave: released'
[2026-04-26 06:48:52,284: INFO/MainProcess] Task cpu_intensive[2c5eda1a-b008-4dd6-a540-2e09552c9ed6] received
[2026-04-26 06:48:52,285: INFO/MainProcess] Task cpu_intensive[075de995-8e42-434a-b330-7470daea388f] received
[2026-04-26 06:48:52,285: INFO/MainProcess] Task memory_intensive[c0118ebe-cbd9-4e95-8742-88ab3ef052b2] received
[2026-04-26 06:48:52,286: INFO/MainProcess] Task cpu_intensive[ce6942f8-b105-4d35-8a10-a7089e81327e] received
[2026-04-26 06:48:53,889: INFO/ForkPoolWorker-4] Task cpu_intensive[ce6942f8-b105-4d35-8a10-a7089e81327e] succeeded in 1.5996482800001104s: 333333283333335000000
[2026-04-26 06:48:53,900: INFO/ForkPoolWorker-2] Task cpu_intensive[2c5eda1a-b008-4dd6-a540-2e09552c9ed6] succeeded in 1.6144063510000706s: 333333283333335000000
[2026-04-26 06:48:53,906: INFO/ForkPoolWorker-3] Task cpu_intensive[075de995-8e42-434a-b330-7470daea388f] succeeded in 1.6196635169981164s: 333333283333335000000
[2026-04-26 06:48:53,975: INFO/ForkPoolWorker-1] Task memory_intensive[c0118ebe-cbd9-4e95-8742-88ab3ef052b2] succeeded in 1.688843479998468s: 'Memory wave: released'
[2026-04-26 06:49:02,288: INFO/MainProcess] Task cpu_intensive[1f9e06be-0ac4-4ad3-b6bb-2f0e3ba9ba12] received
[2026-04-26 06:49:02,289: INFO/MainProcess] Task memory_intensive[7c2a76f5-2878-4a13-8240-3d2acf513886] received
[2026-04-26 06:49:02,289: INFO/MainProcess] Task cpu_intensive[fa1335e3-1a0c-48be-8dcb-5c165cf624c5] received
[2026-04-26 06:49:02,290: INFO/MainProcess] Task cpu_intensive[afab895a-3592-4ac6-9df4-c2a9156f0b50] received
[2026-04-26 06:49:03,902: INFO/ForkPoolWorker-1] Task cpu_intensive[fa1335e3-1a0c-48be-8dcb-5c165cf624c5] succeeded in 1.6089058600009594s: 333333283333335000000
[2026-04-26 06:49:03,909: INFO/ForkPoolWorker-4] Task cpu_intensive[afab895a-3592-4ac6-9df4-c2a9156f0b50] succeeded in 1.6153468590018747s: 333333283333335000000
[2026-04-26 06:49:03,922: INFO/ForkPoolWorker-2] Task cpu_intensive[1f9e06be-0ac4-4ad3-b6bb-2f0e3ba9ba12] succeeded in 1.632184932997916s: 333333283333335000000
[2026-04-26 06:49:03,968: INFO/ForkPoolWorker-3] Task memory_intensive[7c2a76f5-2878-4a13-8240-3d2acf513886] succeeded in 1.6777803549994132s: 'Memory wave: released'
[2026-04-26 06:49:12,291: INFO/MainProcess] Task memory_intensive[8a544383-ade5-49d7-9193-c10ef1debfbd] received
[2026-04-26 06:49:12,292: INFO/MainProcess] Task cpu_intensive[f716c3c8-55a9-44bd-bba4-47df9b8bc83d] received
[2026-04-26 06:49:12,293: INFO/MainProcess] Task cpu_intensive[a40bba2d-8778-4529-913f-bdd395f617d7] received
[2026-04-26 06:49:12,293: INFO/MainProcess] Task memory_intensive[4535a683-1ccd-4b5d-b618-97ceccf8640d] received
[2026-04-26 06:49:13,917: INFO/ForkPoolWorker-3] Task cpu_intensive[f716c3c8-55a9-44bd-bba4-47df9b8bc83d] succeeded in 1.623390364999068s: 333333283333335000000
[2026-04-26 06:49:13,931: INFO/ForkPoolWorker-1] Task cpu_intensive[a40bba2d-8778-4529-913f-bdd395f617d7] succeeded in 1.6343442630022764s: 333333283333335000000
[2026-04-26 06:49:13,996: INFO/ForkPoolWorker-4] Task memory_intensive[4535a683-1ccd-4b5d-b618-97ceccf8640d] succeeded in 1.7017919629979588s: 'Memory wave: released'
[2026-04-26 06:49:13,996: INFO/ForkPoolWorker-2] Task memory_intensive[8a544383-ade5-49d7-9193-c10ef1debfbd] succeeded in 1.7023776289970556s: 'Memory wave: released'
[2026-04-26 06:49:22,297: INFO/MainProcess] Task cpu_intensive[29e3114e-a015-4613-9e98-9f2f6605f445] received
[2026-04-26 06:49:22,297: INFO/MainProcess] Task cpu_intensive[880ab4d9-c70e-4c1a-953e-02cd9b13203b] received
[2026-04-26 06:49:22,298: INFO/MainProcess] Task memory_intensive[221b9041-17b2-4046-87da-b1193e4226c4] received
[2026-04-26 06:49:22,298: INFO/MainProcess] Task cpu_intensive[71aba1bc-1cf9-4fd8-9399-be6d9bdbc4b9] received
[2026-04-26 06:49:23,912: INFO/ForkPoolWorker-4] Task cpu_intensive[71aba1bc-1cf9-4fd8-9399-be6d9bdbc4b9] succeeded in 1.6102449220015842s: 333333283333335000000
[2026-04-26 06:49:23,916: INFO/ForkPoolWorker-3] Task cpu_intensive[880ab4d9-c70e-4c1a-953e-02cd9b13203b] succeeded in 1.6179276519978885s: 333333283333335000000
[2026-04-26 06:49:23,947: INFO/ForkPoolWorker-2] Task cpu_intensive[29e3114e-a015-4613-9e98-9f2f6605f445] succeeded in 1.6486809900015942s: 333333283333335000000
[2026-04-26 06:49:23,968: INFO/ForkPoolWorker-1] Task memory_intensive[221b9041-17b2-4046-87da-b1193e4226c4] succeeded in 1.6696502269987832s: 'Memory wave: released'
[2026-04-26 06:49:32,300: INFO/MainProcess] Task cpu_intensive[098d0f2e-ae2d-4100-8a6b-873107af31fc] received
[2026-04-26 06:49:32,301: INFO/MainProcess] Task memory_intensive[8b1ac71a-8c3a-40c3-bf86-29c87067e8fc] received
[2026-04-26 06:49:32,301: INFO/MainProcess] Task cpu_intensive[7c018f3b-ab2e-4e61-8086-1b044e1b0ca9] received
[2026-04-26 06:49:32,301: INFO/MainProcess] Task cpu_intensive[7a37527d-e937-4d6c-8b4a-06da5e6092a5] received
[2026-04-26 06:49:33,921: INFO/ForkPoolWorker-2] Task cpu_intensive[098d0f2e-ae2d-4100-8a6b-873107af31fc] succeeded in 1.6197448370003258s: 333333283333335000000
[2026-04-26 06:49:33,936: INFO/ForkPoolWorker-1] Task cpu_intensive[7c018f3b-ab2e-4e61-8086-1b044e1b0ca9] succeeded in 1.6306618610033183s: 333333283333335000000
[2026-04-26 06:49:33,946: INFO/ForkPoolWorker-4] Task cpu_intensive[7a37527d-e937-4d6c-8b4a-06da5e6092a5] succeeded in 1.6378067650002777s: 333333283333335000000
[2026-04-26 06:49:33,976: INFO/ForkPoolWorker-3] Task memory_intensive[8b1ac71a-8c3a-40c3-bf86-29c87067e8fc] succeeded in 1.6745019709996996s: 'Memory wave: released'
[2026-04-26 06:49:42,304: INFO/MainProcess] Task memory_intensive[400b6505-75df-4958-bad2-b6627941f175] received
[2026-04-26 06:49:42,305: INFO/MainProcess] Task cpu_intensive[87b0ddb2-85f2-4389-a836-ebafd44b5e8a] received
[2026-04-26 06:49:42,305: INFO/MainProcess] Task cpu_intensive[83ea5a8e-dfe3-4a78-810f-2882972b5d23] received
[2026-04-26 06:49:42,306: INFO/MainProcess] Task memory_intensive[2e2410e7-0895-4517-b9a1-3cce60277470] received
[2026-04-26 06:49:43,920: INFO/ForkPoolWorker-3] Task cpu_intensive[87b0ddb2-85f2-4389-a836-ebafd44b5e8a] succeeded in 1.6129539269968518s: 333333283333335000000
[2026-04-26 06:49:43,924: INFO/ForkPoolWorker-1] Task cpu_intensive[83ea5a8e-dfe3-4a78-810f-2882972b5d23] succeeded in 1.6141417409999121s: 333333283333335000000
[2026-04-26 06:49:43,988: INFO/ForkPoolWorker-2] Task memory_intensive[400b6505-75df-4958-bad2-b6627941f175] succeeded in 1.68197384800078s: 'Memory wave: released'
[2026-04-26 06:49:43,988: INFO/ForkPoolWorker-4] Task memory_intensive[2e2410e7-0895-4517-b9a1-3cce60277470] succeeded in 1.6811130870009947s: 'Memory wave: released'
[2026-04-26 06:49:52,308: INFO/MainProcess] Task cpu_intensive[670d1c69-b6db-42f3-8d40-59b0909c9eea] received
[2026-04-26 06:49:52,309: INFO/MainProcess] Task cpu_intensive[b9b93457-81a1-4549-b4fe-40073e88c70a] received
[2026-04-26 06:49:52,309: INFO/MainProcess] Task memory_intensive[9777547c-01b1-41b3-8278-3ab09fc94bd1] received
[2026-04-26 06:49:52,310: INFO/MainProcess] Task cpu_intensive[3e339a32-2032-40d1-a0dd-6c73b379282d] received
[2026-04-26 06:49:53,916: INFO/ForkPoolWorker-4] Task cpu_intensive[3e339a32-2032-40d1-a0dd-6c73b379282d] succeeded in 1.6056881820004492s: 333333283333335000000
[2026-04-26 06:49:53,921: INFO/ForkPoolWorker-3] Task cpu_intensive[b9b93457-81a1-4549-b4fe-40073e88c70a] succeeded in 1.610057701000187s: 333333283333335000000
[2026-04-26 06:49:53,960: INFO/ForkPoolWorker-2] Task cpu_intensive[670d1c69-b6db-42f3-8d40-59b0909c9eea] succeeded in 1.6496374560010736s: 333333283333335000000
[2026-04-26 06:49:53,986: INFO/ForkPoolWorker-1] Task memory_intensive[9777547c-01b1-41b3-8278-3ab09fc94bd1] succeeded in 1.6727591919989209s: 'Memory wave: released'
[2026-04-26 06:50:02,311: INFO/MainProcess] Task cpu_intensive[aefc3fda-d1ca-4b81-aae9-20831041704e] received
[2026-04-26 06:50:02,311: INFO/MainProcess] Task memory_intensive[a768eca6-1a7b-4cc7-a925-9bbd50dc18fc] received
[2026-04-26 06:50:02,312: INFO/MainProcess] Task cpu_intensive[a415bea1-2278-4324-a832-80c4e824e5fd] received
[2026-04-26 06:50:02,312: INFO/MainProcess] Task cpu_intensive[330e93cb-48f5-44fe-aabc-83130837e46c] received
[2026-04-26 06:50:03,928: INFO/ForkPoolWorker-4] Task cpu_intensive[330e93cb-48f5-44fe-aabc-83130837e46c] succeeded in 1.6120796450013586s: 333333283333335000000
[2026-04-26 06:50:03,941: INFO/ForkPoolWorker-2] Task cpu_intensive[aefc3fda-d1ca-4b81-aae9-20831041704e] succeeded in 1.6289112330014177s: 333333283333335000000
[2026-04-26 06:50:03,943: INFO/ForkPoolWorker-1] Task cpu_intensive[a415bea1-2278-4324-a832-80c4e824e5fd] succeeded in 1.62731905200053s: 333333283333335000000
[2026-04-26 06:50:03,994: INFO/ForkPoolWorker-3] Task memory_intensive[a768eca6-1a7b-4cc7-a925-9bbd50dc18fc] succeeded in 1.6812627189974592s: 'Memory wave: released'
[2026-04-26 06:50:12,315: INFO/MainProcess] Task memory_intensive[b1dfbd99-fba1-4ec4-8d33-28f899925ec3] received
[2026-04-26 06:50:12,316: INFO/MainProcess] Task cpu_intensive[449c07cf-2527-4b3c-93c3-3ddc72536e2f] received
[2026-04-26 06:50:12,316: INFO/MainProcess] Task cpu_intensive[e7b14c66-f176-46cd-82c7-71bf5b6b54ef] received
[2026-04-26 06:50:12,317: INFO/MainProcess] Task memory_intensive[d83afe18-6c5c-4c6b-aea3-4a25a201f581] received
[2026-04-26 06:50:13,931: INFO/ForkPoolWorker-3] Task cpu_intensive[449c07cf-2527-4b3c-93c3-3ddc72536e2f] succeeded in 1.6133676540011948s: 333333283333335000000
[2026-04-26 06:50:13,934: INFO/ForkPoolWorker-1] Task cpu_intensive[e7b14c66-f176-46cd-82c7-71bf5b6b54ef] succeeded in 1.616228451999632s: 333333283333335000000
[2026-04-26 06:50:13,998: INFO/ForkPoolWorker-2] Task memory_intensive[b1dfbd99-fba1-4ec4-8d33-28f899925ec3] succeeded in 1.6807829090030282s: 'Memory wave: released'
[2026-04-26 06:50:13,998: INFO/ForkPoolWorker-4] Task memory_intensive[d83afe18-6c5c-4c6b-aea3-4a25a201f581] succeeded in 1.6772367150006176s: 'Memory wave: released'
[2026-04-26 06:50:22,319: INFO/MainProcess] Task cpu_intensive[a731ab6b-e0fe-4dbb-81a4-38713da1cdc4] received
[2026-04-26 06:50:22,320: INFO/MainProcess] Task cpu_intensive[48f945de-0a42-4d8c-af62-741cb1369053] received
[2026-04-26 06:50:22,320: INFO/MainProcess] Task memory_intensive[fe7f48a7-c4e4-48ff-a0b3-379a8dfbf8c0] received
[2026-04-26 06:50:22,321: INFO/MainProcess] Task cpu_intensive[773d2ac0-c0d2-4df3-bd7e-0ba26cb5ff6e] received
[2026-04-26 06:50:23,931: INFO/ForkPoolWorker-2] Task cpu_intensive[a731ab6b-e0fe-4dbb-81a4-38713da1cdc4] succeeded in 1.6105614440020872s: 333333283333335000000
[2026-04-26 06:50:23,940: INFO/ForkPoolWorker-4] Task cpu_intensive[773d2ac0-c0d2-4df3-bd7e-0ba26cb5ff6e] succeeded in 1.615927561000717s: 333333283333335000000
[2026-04-26 06:50:23,943: INFO/ForkPoolWorker-3] Task cpu_intensive[48f945de-0a42-4d8c-af62-741cb1369053] succeeded in 1.6218422609999834s: 333333283333335000000
[2026-04-26 06:50:23,995: INFO/ForkPoolWorker-1] Task memory_intensive[fe7f48a7-c4e4-48ff-a0b3-379a8dfbf8c0] succeeded in 1.6733818819993758s: 'Memory wave: released'
[2026-04-26 06:50:32,324: INFO/MainProcess] Task cpu_intensive[55242c3e-a40e-4fac-8e57-6b85889b4033] received
[2026-04-26 06:50:32,324: INFO/MainProcess] Task memory_intensive[b77e39f6-32e9-47b5-8e07-7de164276ff2] received
[2026-04-26 06:50:32,325: INFO/MainProcess] Task cpu_intensive[9d9aad63-304d-4b2f-b769-896ed4039adb] received
[2026-04-26 06:50:32,325: INFO/MainProcess] Task cpu_intensive[2c5949b0-1303-43d4-a2fa-738bfbc944af] received
[2026-04-26 06:50:33,937: INFO/ForkPoolWorker-2] Task cpu_intensive[55242c3e-a40e-4fac-8e57-6b85889b4033] succeeded in 1.6115681379997113s: 333333283333335000000
[2026-04-26 06:50:33,971: INFO/ForkPoolWorker-1] Task cpu_intensive[9d9aad63-304d-4b2f-b769-896ed4039adb] succeeded in 1.6422491400007857s: 333333283333335000000
[2026-04-26 06:50:33,975: INFO/ForkPoolWorker-4] Task cpu_intensive[2c5949b0-1303-43d4-a2fa-738bfbc944af] succeeded in 1.6452260099977138s: 333333283333335000000
[2026-04-26 06:50:34,003: INFO/ForkPoolWorker-3] Task memory_intensive[b77e39f6-32e9-47b5-8e07-7de164276ff2] succeeded in 1.6775648399998317s: 'Memory wave: released'
[2026-04-26 06:50:42,327: INFO/MainProcess] Task memory_intensive[e53eaf76-a2e5-421a-b1d8-82f63ff9c18d] received
[2026-04-26 06:50:42,328: INFO/MainProcess] Task cpu_intensive[a46dd53f-bd41-4f0e-98c6-20f511c464d5] received
[2026-04-26 06:50:42,328: INFO/MainProcess] Task cpu_intensive[13c0c8f3-1aaa-4947-ba9e-c67532cc004b] received
[2026-04-26 06:50:42,329: INFO/MainProcess] Task memory_intensive[a7930f3d-b021-4d82-94a0-e7afa7d10d91] received
[2026-04-26 06:50:43,943: INFO/ForkPoolWorker-1] Task cpu_intensive[13c0c8f3-1aaa-4947-ba9e-c67532cc004b] succeeded in 1.6104814179998357s: 333333283333335000000
[2026-04-26 06:50:43,948: INFO/ForkPoolWorker-3] Task cpu_intensive[a46dd53f-bd41-4f0e-98c6-20f511c464d5] succeeded in 1.619027567001467s: 333333283333335000000
[2026-04-26 06:50:44,002: INFO/ForkPoolWorker-4] Task memory_intensive[a7930f3d-b021-4d82-94a0-e7afa7d10d91] succeeded in 1.6725920960016083s: 'Memory wave: released'
[2026-04-26 06:50:44,003: INFO/ForkPoolWorker-2] Task memory_intensive[e53eaf76-a2e5-421a-b1d8-82f63ff9c18d] succeeded in 1.6743445569991309s: 'Memory wave: released'
[2026-04-26 06:50:52,330: INFO/MainProcess] Task cpu_intensive[35d5b315-8df1-4df2-b0e4-411baf6fe378] received
[2026-04-26 06:50:52,331: INFO/MainProcess] Task cpu_intensive[c7f6196d-f8b4-4f4f-a41a-114440e07086] received
[2026-04-26 06:50:52,331: INFO/MainProcess] Task memory_intensive[b150f243-3e08-4592-ac1f-432a2a712b3f] received
[2026-04-26 06:50:52,332: INFO/MainProcess] Task cpu_intensive[2365ad67-c72b-4df5-b97e-d024ca0f7331] received
[2026-04-26 06:50:53,937: INFO/ForkPoolWorker-2] Task cpu_intensive[35d5b315-8df1-4df2-b0e4-411baf6fe378] succeeded in 1.605390290998912s: 333333283333335000000
[2026-04-26 06:50:53,947: INFO/ForkPoolWorker-3] Task cpu_intensive[c7f6196d-f8b4-4f4f-a41a-114440e07086] succeeded in 1.614970190999884s: 333333283333335000000
[2026-04-26 06:50:53,954: INFO/ForkPoolWorker-4] Task cpu_intensive[2365ad67-c72b-4df5-b97e-d024ca0f7331] succeeded in 1.6174386370003049s: 333333283333335000000
[2026-04-26 06:50:54,007: INFO/ForkPoolWorker-1] Task memory_intensive[b150f243-3e08-4592-ac1f-432a2a712b3f] succeeded in 1.6745136760000605s: 'Memory wave: released'
[2026-04-26 06:51:02,335: INFO/MainProcess] Task cpu_intensive[ccf6a02e-577e-4b74-86c9-4f0507039d5e] received
[2026-04-26 06:51:02,336: INFO/MainProcess] Task memory_intensive[12a8e6f2-45dd-4737-b17c-ff91317e8212] received
[2026-04-26 06:51:02,336: INFO/MainProcess] Task cpu_intensive[979e8fcb-acf1-4b94-9fab-3e412306a66a] received
[2026-04-26 06:51:02,336: INFO/MainProcess] Task cpu_intensive[249ace0e-5b56-445f-8363-f47b5bbb8249] received
[2026-04-26 06:51:03,949: INFO/ForkPoolWorker-1] Task cpu_intensive[979e8fcb-acf1-4b94-9fab-3e412306a66a] succeeded in 1.6095397860008234s: 333333283333335000000
[2026-04-26 06:51:03,965: INFO/ForkPoolWorker-4] Task cpu_intensive[249ace0e-5b56-445f-8363-f47b5bbb8249] succeeded in 1.6250943800005189s: 333333283333335000000
[2026-04-26 06:51:03,968: INFO/ForkPoolWorker-2] Task cpu_intensive[ccf6a02e-577e-4b74-86c9-4f0507039d5e] succeeded in 1.6318984760000603s: 333333283333335000000
[2026-04-26 06:51:04,014: INFO/ForkPoolWorker-3] Task memory_intensive[12a8e6f2-45dd-4737-b17c-ff91317e8212] succeeded in 1.676701549000427s: 'Memory wave: released'
[2026-04-26 06:51:12,339: INFO/MainProcess] Task memory_intensive[761df49b-7f84-40c7-b4c1-93c547a2fbaa] received
[2026-04-26 06:51:12,340: INFO/MainProcess] Task cpu_intensive[3b318446-65be-430d-9f2f-3080accee6de] received
[2026-04-26 06:51:12,340: INFO/MainProcess] Task cpu_intensive[e02022f4-fe60-4bb5-81fe-3a0ee2b8cf5b] received
[2026-04-26 06:51:12,340: INFO/MainProcess] Task memory_intensive[389dc6f9-b97f-42dc-86bd-2549a5b6b194] received
[2026-04-26 06:51:13,935: INFO/ForkPoolWorker-1] Task cpu_intensive[e02022f4-fe60-4bb5-81fe-3a0ee2b8cf5b] succeeded in 1.5912837959986064s: 333333283333335000000
[2026-04-26 06:51:13,964: INFO/ForkPoolWorker-3] Task cpu_intensive[3b318446-65be-430d-9f2f-3080accee6de] succeeded in 1.6234402159971069s: 333333283333335000000
[2026-04-26 06:51:14,019: INFO/ForkPoolWorker-2] Task memory_intensive[761df49b-7f84-40c7-b4c1-93c547a2fbaa] succeeded in 1.6787818689990672s: 'Memory wave: released'
[2026-04-26 06:51:14,019: INFO/ForkPoolWorker-4] Task memory_intensive[389dc6f9-b97f-42dc-86bd-2549a5b6b194] succeeded in 1.6782231600009254s: 'Memory wave: released'
[2026-04-26 06:51:22,343: INFO/MainProcess] Task cpu_intensive[c4482f01-95d6-4544-a37f-440b34fbea91] received
[2026-04-26 06:51:22,343: INFO/MainProcess] Task cpu_intensive[95236ba9-923f-4237-8688-2cf5f102b41f] received
[2026-04-26 06:51:22,344: INFO/MainProcess] Task memory_intensive[2ab1a2d8-3129-4431-a8a6-3205b7990415] received
[2026-04-26 06:51:22,344: INFO/MainProcess] Task cpu_intensive[848aed5d-dc62-40f2-a551-d8e2637405ce] received
[2026-04-26 06:51:23,958: INFO/ForkPoolWorker-2] Task cpu_intensive[c4482f01-95d6-4544-a37f-440b34fbea91] succeeded in 1.6137932299970998s: 333333283333335000000
[2026-04-26 06:51:23,958: INFO/ForkPoolWorker-4] Task cpu_intensive[848aed5d-dc62-40f2-a551-d8e2637405ce] succeeded in 1.6096969159989385s: 333333283333335000000
[2026-04-26 06:51:23,963: INFO/ForkPoolWorker-3] Task cpu_intensive[95236ba9-923f-4237-8688-2cf5f102b41f] succeeded in 1.6178683130019635s: 333333283333335000000
[2026-04-26 06:51:24,018: INFO/ForkPoolWorker-1] Task memory_intensive[2ab1a2d8-3129-4431-a8a6-3205b7990415] succeeded in 1.67282348200024s: 'Memory wave: released'
[2026-04-26 06:51:32,347: INFO/MainProcess] Task cpu_intensive[2d5ed5b2-dfe7-4dd7-b865-fe12050d0c71] received
[2026-04-26 06:51:32,348: INFO/MainProcess] Task memory_intensive[d12e8af0-3243-4d3b-9e13-9fd746afb623] received
[2026-04-26 06:51:32,348: INFO/MainProcess] Task cpu_intensive[3c8922f4-1e46-47f6-b0e1-f038e9093e8e] received
[2026-04-26 06:51:32,349: INFO/MainProcess] Task cpu_intensive[8ddf57d2-2e83-42f0-bf59-6d66ac608785] received
[2026-04-26 06:51:33,985: INFO/ForkPoolWorker-2] Task cpu_intensive[2d5ed5b2-dfe7-4dd7-b865-fe12050d0c71] succeeded in 1.636606184001721s: 333333283333335000000
[2026-04-26 06:51:34,006: INFO/ForkPoolWorker-4] Task cpu_intensive[8ddf57d2-2e83-42f0-bf59-6d66ac608785] succeeded in 1.6533171689989103s: 333333283333335000000
[2026-04-26 06:51:34,009: INFO/ForkPoolWorker-1] Task cpu_intensive[3c8922f4-1e46-47f6-b0e1-f038e9093e8e] succeeded in 1.65713419900203s: 333333283333335000000
[2026-04-26 06:51:34,026: INFO/ForkPoolWorker-3] Task memory_intensive[d12e8af0-3243-4d3b-9e13-9fd746afb623] succeeded in 1.6771602839980915s: 'Memory wave: released'
[2026-04-26 06:51:42,351: INFO/MainProcess] Task memory_intensive[92c698a5-2f56-4459-9281-c10b821c0cba] received
[2026-04-26 06:51:42,351: INFO/MainProcess] Task cpu_intensive[7cde7b91-78f7-43ea-9b64-4a409447d44f] received
[2026-04-26 06:51:42,351: INFO/MainProcess] Task cpu_intensive[08689d2c-9a7c-4ae2-bd03-68cbdaeb8452] received
[2026-04-26 06:51:42,352: INFO/MainProcess] Task memory_intensive[306911c0-ed37-46f9-9c8c-bdd48bb26430] received
[2026-04-26 06:51:43,967: INFO/ForkPoolWorker-3] Task cpu_intensive[7cde7b91-78f7-43ea-9b64-4a409447d44f] succeeded in 1.6150732879978023s: 333333283333335000000
[2026-04-26 06:51:43,997: INFO/ForkPoolWorker-1] Task cpu_intensive[08689d2c-9a7c-4ae2-bd03-68cbdaeb8452] succeeded in 1.644114073998935s: 333333283333335000000
[2026-04-26 06:51:44,034: INFO/ForkPoolWorker-4] Task memory_intensive[306911c0-ed37-46f9-9c8c-bdd48bb26430] succeeded in 1.677621877999627s: 'Memory wave: released'
[2026-04-26 06:51:44,034: INFO/ForkPoolWorker-2] Task memory_intensive[92c698a5-2f56-4459-9281-c10b821c0cba] succeeded in 1.6819989440009522s: 'Memory wave: released'

worker: Warm shutdown (MainProcess)
