 
 -------------- celery@golubev-BMH-WCX9 v5.6.3 (recovery)
--- ***** ----- 
-- ******* ---- Linux-6.8.0-110-generic-x86_64-with-glibc2.39 2026-04-26 02:02:47
- *** --- * --- 
- ** ---------- [config]
- ** ---------- .> app:         __main__:0x7c40add3dbb0
- ** ---------- .> transport:   amqp://celery_demo:**@localhost:5672//
- ** ---------- .> results:     disabled://
- *** --- * --- .> concurrency: 8 (prefork)
-- ******* ---- .> task events: OFF (enable -E to monitor tasks in this worker)
--- ***** ----- 
 -------------- [queues]
                .> celery           exchange=celery(direct) key=celery
                

[tasks]
  . cpu_intensive
  . memory_intensive

[2026-04-26 02:02:47,324: INFO/MainProcess] Connected to amqp://celery_demo:**@127.0.0.1:5672//
[2026-04-26 02:02:47,329: INFO/MainProcess] mingle: searching for neighbors
[2026-04-26 02:02:48,347: INFO/MainProcess] mingle: all alone
[2026-04-26 02:02:48,363: INFO/MainProcess] celery@golubev-BMH-WCX9 ready.
[2026-04-26 02:02:48,364: INFO/MainProcess] Task cpu_intensive[b90d2f77-60d5-4733-94c2-b2359124af63] received
[2026-04-26 02:02:48,365: INFO/MainProcess] Task cpu_intensive[b0e95415-32f5-446a-a845-5cd2275cfcb8] received
[2026-04-26 02:02:48,365: INFO/MainProcess] Task memory_intensive[2096ef82-e31d-4989-b430-3d1d3d2785e3] received
[2026-04-26 02:02:48,365: INFO/MainProcess] Task cpu_intensive[b192bab6-ea56-45a9-8e4a-4c113512ac08] received
[2026-04-26 02:02:48,365: INFO/MainProcess] Task cpu_intensive[0329046a-49e8-4fa0-af03-13b3e3f19f1f] received
[2026-04-26 02:02:48,366: INFO/MainProcess] Task memory_intensive[378ec34f-7c7f-4d26-93f1-2dd207d70f02] received
[2026-04-26 02:02:48,366: INFO/MainProcess] Task cpu_intensive[25899a85-575e-46c2-bdb6-04ca0f60ab30] received
[2026-04-26 02:02:48,366: INFO/MainProcess] Task cpu_intensive[64ab684d-7f5f-4ea2-8ae7-b367172afb7a] received
[2026-04-26 02:02:50,194: INFO/ForkPoolWorker-8] Task cpu_intensive[b90d2f77-60d5-4733-94c2-b2359124af63] succeeded in 1.7257825390006474s: 333333283333335000000
[2026-04-26 02:02:50,289: INFO/ForkPoolWorker-2] Task memory_intensive[2096ef82-e31d-4989-b430-3d1d3d2785e3] succeeded in 1.8195136290014489s: 'Memory wave: released'
[2026-04-26 02:02:50,303: INFO/ForkPoolWorker-5] Task memory_intensive[378ec34f-7c7f-4d26-93f1-2dd207d70f02] succeeded in 1.828602981999211s: 'Memory wave: released'
[2026-04-26 02:02:50,325: INFO/ForkPoolWorker-7] Task cpu_intensive[64ab684d-7f5f-4ea2-8ae7-b367172afb7a] succeeded in 1.8460752640003193s: 333333283333335000000
[2026-04-26 02:02:50,335: INFO/ForkPoolWorker-1] Task cpu_intensive[b0e95415-32f5-446a-a845-5cd2275cfcb8] succeeded in 1.8670622000008734s: 333333283333335000000
[2026-04-26 02:02:50,450: INFO/ForkPoolWorker-6] Task cpu_intensive[25899a85-575e-46c2-bdb6-04ca0f60ab30] succeeded in 1.9742147640008625s: 333333283333335000000
[2026-04-26 02:02:50,460: INFO/ForkPoolWorker-4] Task cpu_intensive[0329046a-49e8-4fa0-af03-13b3e3f19f1f] succeeded in 1.9876171720006823s: 333333283333335000000
[2026-04-26 02:02:50,523: INFO/ForkPoolWorker-3] Task cpu_intensive[b192bab6-ea56-45a9-8e4a-4c113512ac08] succeeded in 2.0511374630004866s: 333333283333335000000
[2026-04-26 02:02:58,068: INFO/MainProcess] Task memory_intensive[969270ff-ec1c-4fe9-b62e-2bbfbe6b5570] received
[2026-04-26 02:02:58,069: INFO/MainProcess] Task cpu_intensive[d389dbf8-9c45-4b3f-97b8-6ed272cc6da6] received
[2026-04-26 02:02:58,069: INFO/MainProcess] Task cpu_intensive[9628ee3a-20a0-43ca-8cd2-97ad0847487c] received
[2026-04-26 02:02:58,074: INFO/MainProcess] Task memory_intensive[e0b991a3-58c8-4c7a-b1d8-8293fa8777f5] received
[2026-04-26 02:02:58,074: INFO/MainProcess] Task cpu_intensive[44824d9f-e394-4b5b-b114-efe5a6a9652c] received
[2026-04-26 02:02:58,075: INFO/MainProcess] Task cpu_intensive[ec843356-9e79-4476-a1fc-89f0b1e33647] received
[2026-04-26 02:02:58,079: INFO/MainProcess] Task memory_intensive[45812866-619c-4dcd-921a-065a625dcd27] received
[2026-04-26 02:02:58,079: INFO/MainProcess] Task cpu_intensive[b1537440-7226-4d46-b222-5e608e702882] received
[2026-04-26 02:02:59,763: INFO/ForkPoolWorker-2] Task cpu_intensive[9628ee3a-20a0-43ca-8cd2-97ad0847487c] succeeded in 1.693482970000332s: 333333283333335000000
[2026-04-26 02:02:59,794: INFO/ForkPoolWorker-4] Task cpu_intensive[44824d9f-e394-4b5b-b114-efe5a6a9652c] succeeded in 1.7142924460003997s: 333333283333335000000
[2026-04-26 02:02:59,803: INFO/ForkPoolWorker-5] Task cpu_intensive[ec843356-9e79-4476-a1fc-89f0b1e33647] succeeded in 1.7247512739995727s: 333333283333335000000
[2026-04-26 02:02:59,868: INFO/ForkPoolWorker-8] Task memory_intensive[969270ff-ec1c-4fe9-b62e-2bbfbe6b5570] succeeded in 1.798423382000692s: 'Memory wave: released'
[2026-04-26 02:02:59,871: INFO/ForkPoolWorker-3] Task memory_intensive[e0b991a3-58c8-4c7a-b1d8-8293fa8777f5] succeeded in 1.7948113730017212s: 'Memory wave: released'
[2026-04-26 02:02:59,878: INFO/ForkPoolWorker-6] Task memory_intensive[45812866-619c-4dcd-921a-065a625dcd27] succeeded in 1.7942470729994966s: 'Memory wave: released'
[2026-04-26 02:03:00,013: INFO/ForkPoolWorker-1] Task cpu_intensive[d389dbf8-9c45-4b3f-97b8-6ed272cc6da6] succeeded in 1.9437468030009768s: 333333283333335000000
[2026-04-26 02:03:00,101: INFO/ForkPoolWorker-7] Task cpu_intensive[b1537440-7226-4d46-b222-5e608e702882] succeeded in 2.0156258619990695s: 333333283333335000000
[2026-04-26 02:03:08,075: INFO/MainProcess] Task cpu_intensive[b489b5b6-4df9-4cf2-a24c-c0d2e33984e6] received
[2026-04-26 02:03:08,076: INFO/MainProcess] Task memory_intensive[7e36556c-990a-4750-8b97-3462d3af3677] received
[2026-04-26 02:03:08,076: INFO/MainProcess] Task cpu_intensive[e8c466f9-6f76-43ce-8054-594081761f1b] received
[2026-04-26 02:03:08,080: INFO/MainProcess] Task cpu_intensive[db3754e4-588d-43fd-a7eb-3d1f7bd7ee19] received
[2026-04-26 02:03:08,081: INFO/MainProcess] Task memory_intensive[ffc256d9-9325-4839-b36a-684779b90851] received
[2026-04-26 02:03:08,084: INFO/MainProcess] Task cpu_intensive[8df62e75-7bcb-4819-887c-bc47408b7089] received
[2026-04-26 02:03:08,085: INFO/MainProcess] Task cpu_intensive[2eb38839-e7e3-4b2e-9ebf-66437f39e105] received
[2026-04-26 02:03:08,085: INFO/MainProcess] Task memory_intensive[89505e80-dcb3-42a2-a696-09cd8caf24ed] received
[2026-04-26 02:03:09,782: INFO/ForkPoolWorker-5] Task cpu_intensive[8df62e75-7bcb-4819-887c-bc47408b7089] succeeded in 1.689069466001456s: 333333283333335000000
[2026-04-26 02:03:09,815: INFO/ForkPoolWorker-3] Task cpu_intensive[db3754e4-588d-43fd-a7eb-3d1f7bd7ee19] succeeded in 1.7291713030008395s: 333333283333335000000
[2026-04-26 02:03:09,858: INFO/ForkPoolWorker-2] Task cpu_intensive[e8c466f9-6f76-43ce-8054-594081761f1b] succeeded in 1.7767559149997396s: 333333283333335000000
[2026-04-26 02:03:09,899: INFO/ForkPoolWorker-4] Task memory_intensive[ffc256d9-9325-4839-b36a-684779b90851] succeeded in 1.8137722600004054s: 'Memory wave: released'
[2026-04-26 02:03:09,921: INFO/ForkPoolWorker-7] Task memory_intensive[89505e80-dcb3-42a2-a696-09cd8caf24ed] succeeded in 1.8349996540000575s: 'Memory wave: released'
[2026-04-26 02:03:09,922: INFO/ForkPoolWorker-1] Task memory_intensive[7e36556c-990a-4750-8b97-3462d3af3677] succeeded in 1.8452371620005579s: 'Memory wave: released'
[2026-04-26 02:03:10,133: INFO/ForkPoolWorker-8] Task cpu_intensive[b489b5b6-4df9-4cf2-a24c-c0d2e33984e6] succeeded in 2.0557156069990015s: 333333283333335000000
[2026-04-26 02:03:10,231: INFO/ForkPoolWorker-6] Task cpu_intensive[2eb38839-e7e3-4b2e-9ebf-66437f39e105] succeeded in 2.1414700969999103s: 333333283333335000000
[2026-04-26 02:03:18,082: INFO/MainProcess] Task cpu_intensive[94a385b3-93aa-473b-8fb1-c79c2068f260] received
[2026-04-26 02:03:18,083: INFO/MainProcess] Task cpu_intensive[8c2fdaf2-1f94-4fe8-84ab-9302fbcfdc92] received
[2026-04-26 02:03:18,083: INFO/MainProcess] Task memory_intensive[8a6412c4-a224-4229-8da3-4a688d5a2fde] received
[2026-04-26 02:03:18,083: INFO/MainProcess] Task cpu_intensive[68c8b02c-324a-4dc5-b84a-3c23914df8e4] received
[2026-04-26 02:03:18,083: INFO/MainProcess] Task cpu_intensive[b85f4934-5e61-46e4-b1b8-5fe675e9f756] received
[2026-04-26 02:03:18,084: INFO/MainProcess] Task memory_intensive[acd0b4fd-b640-4fea-9458-4267b724a44b] received
[2026-04-26 02:03:18,084: INFO/MainProcess] Task cpu_intensive[4946d9a6-7adc-4fed-81e9-c78335f1aaac] received
[2026-04-26 02:03:18,084: INFO/MainProcess] Task cpu_intensive[fc80c0b4-853d-41bb-8686-78c5e90972a9] received
[2026-04-26 02:03:19,751: INFO/ForkPoolWorker-7] Task cpu_intensive[fc80c0b4-853d-41bb-8686-78c5e90972a9] succeeded in 1.6603027069995733s: 333333283333335000000
[2026-04-26 02:03:19,804: INFO/ForkPoolWorker-5] Task memory_intensive[acd0b4fd-b640-4fea-9458-4267b724a44b] succeeded in 1.7155870140013576s: 'Memory wave: released'
[2026-04-26 02:03:19,811: INFO/ForkPoolWorker-2] Task memory_intensive[8a6412c4-a224-4229-8da3-4a688d5a2fde] succeeded in 1.7257963080010086s: 'Memory wave: released'
[2026-04-26 02:03:19,899: INFO/ForkPoolWorker-4] Task cpu_intensive[b85f4934-5e61-46e4-b1b8-5fe675e9f756] succeeded in 1.8079734290004126s: 333333283333335000000
[2026-04-26 02:03:20,021: INFO/ForkPoolWorker-6] Task cpu_intensive[4946d9a6-7adc-4fed-81e9-c78335f1aaac] succeeded in 1.934816167999088s: 333333283333335000000
[2026-04-26 02:03:20,067: INFO/ForkPoolWorker-1] Task cpu_intensive[8c2fdaf2-1f94-4fe8-84ab-9302fbcfdc92] succeeded in 1.9821682169986161s: 333333283333335000000
[2026-04-26 02:03:20,080: INFO/ForkPoolWorker-3] Task cpu_intensive[68c8b02c-324a-4dc5-b84a-3c23914df8e4] succeeded in 1.9940566519999265s: 333333283333335000000
[2026-04-26 02:03:20,125: INFO/ForkPoolWorker-8] Task cpu_intensive[94a385b3-93aa-473b-8fb1-c79c2068f260] succeeded in 2.0413452169996162s: 333333283333335000000
[2026-04-26 02:03:28,088: INFO/MainProcess] Task memory_intensive[f4560542-51eb-44b0-9373-93892ec1d4d7] received
[2026-04-26 02:03:28,089: INFO/MainProcess] Task cpu_intensive[a85ac03c-afb7-4ac9-846e-237d7a7160a4] received
[2026-04-26 02:03:28,089: INFO/MainProcess] Task cpu_intensive[6a1bae78-bd50-4bc7-be26-b5fdcfeab767] received
[2026-04-26 02:03:28,089: INFO/MainProcess] Task memory_intensive[c1938c92-a1c0-43af-ade2-1c37d930965b] received
[2026-04-26 02:03:28,090: INFO/MainProcess] Task cpu_intensive[7265c72d-3f66-49c3-bccd-2e5ce0f4bde9] received
[2026-04-26 02:03:28,090: INFO/MainProcess] Task cpu_intensive[5f56f9b2-3229-4200-b385-f1b6c65e7aa0] received
[2026-04-26 02:03:28,095: INFO/MainProcess] Task memory_intensive[70a285c5-5019-4edf-aa8d-e1a3bac12db5] received
[2026-04-26 02:03:28,095: INFO/MainProcess] Task cpu_intensive[57ae8d3e-2cee-40b9-9d8c-2cf4959f09ae] received
[2026-04-26 02:03:29,786: INFO/ForkPoolWorker-2] Task cpu_intensive[6a1bae78-bd50-4bc7-be26-b5fdcfeab767] succeeded in 1.6967574549998972s: 333333283333335000000
[2026-04-26 02:03:29,790: INFO/ForkPoolWorker-4] Task cpu_intensive[7265c72d-3f66-49c3-bccd-2e5ce0f4bde9] succeeded in 1.6997768090004683s: 333333283333335000000
[2026-04-26 02:03:29,815: INFO/ForkPoolWorker-8] Task memory_intensive[f4560542-51eb-44b0-9373-93892ec1d4d7] succeeded in 1.7162587759994494s: 'Memory wave: released'
[2026-04-26 02:03:29,818: INFO/ForkPoolWorker-3] Task memory_intensive[c1938c92-a1c0-43af-ade2-1c37d930965b] succeeded in 1.7253364660009538s: 'Memory wave: released'
[2026-04-26 02:03:29,825: INFO/ForkPoolWorker-6] Task memory_intensive[70a285c5-5019-4edf-aa8d-e1a3bac12db5] succeeded in 1.729534355999931s: 'Memory wave: released'
[2026-04-26 02:03:29,831: INFO/ForkPoolWorker-7] Task cpu_intensive[57ae8d3e-2cee-40b9-9d8c-2cf4959f09ae] succeeded in 1.7316993000004004s: 333333283333335000000
[2026-04-26 02:03:30,089: INFO/ForkPoolWorker-1] Task cpu_intensive[a85ac03c-afb7-4ac9-846e-237d7a7160a4] succeeded in 1.9984129950007627s: 333333283333335000000
[2026-04-26 02:03:30,117: INFO/ForkPoolWorker-5] Task cpu_intensive[5f56f9b2-3229-4200-b385-f1b6c65e7aa0] succeeded in 2.017219765999471s: 333333283333335000000
[2026-04-26 02:03:38,094: INFO/MainProcess] Task cpu_intensive[dd8c2776-54a8-44c0-8991-850434a590c8] received
[2026-04-26 02:03:38,095: INFO/MainProcess] Task memory_intensive[59082c54-469f-4a31-879d-1aed39eae7f1] received
[2026-04-26 02:03:38,096: INFO/MainProcess] Task cpu_intensive[a466288d-15ca-47ee-9cb5-7e4ec3feb685] received
[2026-04-26 02:03:38,099: INFO/MainProcess] Task cpu_intensive[434c1a57-7431-49ac-8871-d5193b740405] received
[2026-04-26 02:03:38,100: INFO/MainProcess] Task memory_intensive[b2be8990-3e1e-4a8b-b2ed-2f356173631e] received
[2026-04-26 02:03:38,100: INFO/MainProcess] Task cpu_intensive[42b2c6f8-db96-412f-819d-aad0bd25ca40] received
[2026-04-26 02:03:38,104: INFO/MainProcess] Task cpu_intensive[c9fdb3e4-c65e-4ca8-bbf8-7d032339c008] received
[2026-04-26 02:03:38,104: INFO/MainProcess] Task memory_intensive[b00d0d0a-852a-4eab-91ce-718774e5f43b] received
[2026-04-26 02:03:39,722: INFO/ForkPoolWorker-3] Task cpu_intensive[434c1a57-7431-49ac-8871-d5193b740405] succeeded in 1.6143316779998713s: 333333283333335000000
[2026-04-26 02:03:39,816: INFO/ForkPoolWorker-5] Task cpu_intensive[42b2c6f8-db96-412f-819d-aad0bd25ca40] succeeded in 1.7047644189988205s: 333333283333335000000
[2026-04-26 02:03:39,825: INFO/ForkPoolWorker-7] Task memory_intensive[b00d0d0a-852a-4eab-91ce-718774e5f43b] succeeded in 1.7131340810010443s: 'Memory wave: released'
[2026-04-26 02:03:39,825: INFO/ForkPoolWorker-4] Task memory_intensive[b2be8990-3e1e-4a8b-b2ed-2f356173631e] succeeded in 1.7218760549985745s: 'Memory wave: released'
[2026-04-26 02:03:39,827: INFO/ForkPoolWorker-1] Task memory_intensive[59082c54-469f-4a31-879d-1aed39eae7f1] succeeded in 1.7272677759992803s: 'Memory wave: released'
[2026-04-26 02:03:40,037: INFO/ForkPoolWorker-8] Task cpu_intensive[dd8c2776-54a8-44c0-8991-850434a590c8] succeeded in 1.941088599000068s: 333333283333335000000
[2026-04-26 02:03:40,077: INFO/ForkPoolWorker-6] Task cpu_intensive[c9fdb3e4-c65e-4ca8-bbf8-7d032339c008] succeeded in 1.9687742290007009s: 333333283333335000000
[2026-04-26 02:03:40,117: INFO/ForkPoolWorker-2] Task cpu_intensive[a466288d-15ca-47ee-9cb5-7e4ec3feb685] succeeded in 2.0165669660000276s: 333333283333335000000
[2026-04-26 02:03:48,100: INFO/MainProcess] Task cpu_intensive[67eda803-490d-4817-88bb-44d4c4c4cf60] received
[2026-04-26 02:03:48,100: INFO/MainProcess] Task cpu_intensive[2ddd8e4d-46a5-41b4-b1ae-cac7eca096e3] received
[2026-04-26 02:03:48,101: INFO/MainProcess] Task memory_intensive[7ca59aa1-fdd3-418d-9030-b3f0a2de20f3] received
[2026-04-26 02:03:48,101: INFO/MainProcess] Task cpu_intensive[155e1214-aaca-4d9c-b13a-dc9c87aa3cc4] received
[2026-04-26 02:03:48,101: INFO/MainProcess] Task cpu_intensive[734d062e-02c4-42db-8841-3172a6c839c6] received
[2026-04-26 02:03:48,102: INFO/MainProcess] Task memory_intensive[4b13e0d8-1a45-4b1a-8f88-06c0ea8ceb78] received
[2026-04-26 02:03:48,102: INFO/MainProcess] Task cpu_intensive[99b52fd6-1741-4a2b-be8e-630a76af058d] received
[2026-04-26 02:03:48,107: INFO/MainProcess] Task cpu_intensive[11bd2ce5-3cac-4c2c-9555-56d40e049ab8] received
[2026-04-26 02:03:49,825: INFO/ForkPoolWorker-5] Task memory_intensive[4b13e0d8-1a45-4b1a-8f88-06c0ea8ceb78] succeeded in 1.7229428250011551s: 'Memory wave: released'
[2026-04-26 02:03:49,828: INFO/ForkPoolWorker-2] Task memory_intensive[7ca59aa1-fdd3-418d-9030-b3f0a2de20f3] succeeded in 1.720828862999042s: 'Memory wave: released'
[2026-04-26 02:03:50,002: INFO/ForkPoolWorker-1] Task cpu_intensive[2ddd8e4d-46a5-41b4-b1ae-cac7eca096e3] succeeded in 1.8999559140011115s: 333333283333335000000
[2026-04-26 02:03:50,024: INFO/ForkPoolWorker-8] Task cpu_intensive[67eda803-490d-4817-88bb-44d4c4c4cf60] succeeded in 1.9231958640011726s: 333333283333335000000
[2026-04-26 02:03:50,037: INFO/ForkPoolWorker-6] Task cpu_intensive[99b52fd6-1741-4a2b-be8e-630a76af058d] succeeded in 1.929773034999016s: 333333283333335000000
[2026-04-26 02:03:50,089: INFO/ForkPoolWorker-3] Task cpu_intensive[155e1214-aaca-4d9c-b13a-dc9c87aa3cc4] succeeded in 1.9829666430014186s: 333333283333335000000
[2026-04-26 02:03:50,198: INFO/ForkPoolWorker-7] Task cpu_intensive[11bd2ce5-3cac-4c2c-9555-56d40e049ab8] succeeded in 2.0873489850000624s: 333333283333335000000
[2026-04-26 02:03:50,226: INFO/ForkPoolWorker-4] Task cpu_intensive[734d062e-02c4-42db-8841-3172a6c839c6] succeeded in 2.123882327001411s: 333333283333335000000
[2026-04-26 02:03:58,105: INFO/MainProcess] Task memory_intensive[3f865c82-b2ec-4483-a74e-9b06ce363c3e] received
[2026-04-26 02:03:58,106: INFO/MainProcess] Task cpu_intensive[59c5d4e3-526d-4324-a08b-64bc8e70fc1b] received
[2026-04-26 02:03:58,107: INFO/MainProcess] Task cpu_intensive[69d472f7-7b30-4ef3-89cf-617bbb155efb] received
[2026-04-26 02:03:58,111: INFO/MainProcess] Task memory_intensive[9edca41d-d43c-4b5d-8abf-a197d8d1947e] received
[2026-04-26 02:03:58,111: INFO/MainProcess] Task cpu_intensive[cfc90730-b4d2-4cdf-9f00-0450f68fb7b8] received
[2026-04-26 02:03:58,111: INFO/MainProcess] Task cpu_intensive[b564bd80-02e9-4c82-bf78-283e4caa77a7] received
[2026-04-26 02:03:58,112: INFO/MainProcess] Task memory_intensive[d392dea6-f540-4ec1-b4e2-f329d9115a15] received
[2026-04-26 02:03:58,112: INFO/MainProcess] Task cpu_intensive[95ef8323-0e4d-4645-a033-a9cf4356861c] received
[2026-04-26 02:03:59,758: INFO/ForkPoolWorker-5] Task cpu_intensive[b564bd80-02e9-4c82-bf78-283e4caa77a7] succeeded in 1.6464317890004168s: 333333283333335000000
[2026-04-26 02:03:59,780: INFO/ForkPoolWorker-4] Task cpu_intensive[cfc90730-b4d2-4cdf-9f00-0450f68fb7b8] succeeded in 1.664892646998851s: 333333283333335000000
[2026-04-26 02:03:59,784: INFO/ForkPoolWorker-2] Task cpu_intensive[69d472f7-7b30-4ef3-89cf-617bbb155efb] succeeded in 1.6771459939991473s: 333333283333335000000
[2026-04-26 02:03:59,807: INFO/ForkPoolWorker-8] Task memory_intensive[3f865c82-b2ec-4483-a74e-9b06ce363c3e] succeeded in 1.6998449719994824s: 'Memory wave: released'
[2026-04-26 02:03:59,815: INFO/ForkPoolWorker-6] Task memory_intensive[d392dea6-f540-4ec1-b4e2-f329d9115a15] succeeded in 1.7014259209990996s: 'Memory wave: released'
[2026-04-26 02:03:59,831: INFO/ForkPoolWorker-3] Task memory_intensive[9edca41d-d43c-4b5d-8abf-a197d8d1947e] succeeded in 1.7190663089986629s: 'Memory wave: released'
[2026-04-26 02:04:00,096: INFO/ForkPoolWorker-7] Task cpu_intensive[95ef8323-0e4d-4645-a033-a9cf4356861c] succeeded in 1.9775795839996135s: 333333283333335000000
[2026-04-26 02:04:00,106: INFO/ForkPoolWorker-1] Task cpu_intensive[59c5d4e3-526d-4324-a08b-64bc8e70fc1b] succeeded in 1.995214106000276s: 333333283333335000000
[2026-04-26 02:04:08,111: INFO/MainProcess] Task cpu_intensive[dd6cf906-f0e9-419d-90ad-c448aa77160f] received
[2026-04-26 02:04:08,112: INFO/MainProcess] Task memory_intensive[9dd7c090-d560-49f6-abbd-3552c911860e] received
[2026-04-26 02:04:08,112: INFO/MainProcess] Task cpu_intensive[514471f1-3795-483b-9b18-3d804fb535ab] received
[2026-04-26 02:04:08,117: INFO/MainProcess] Task cpu_intensive[dcd70a59-3367-4c94-b6da-414b2933158c] received
[2026-04-26 02:04:08,117: INFO/MainProcess] Task memory_intensive[01a07df4-bad8-4bc1-ac28-0ca19e8fbcf7] received
[2026-04-26 02:04:08,117: INFO/MainProcess] Task cpu_intensive[01fb9b52-e907-40f6-9a59-a3df6591ff49] received
[2026-04-26 02:04:08,118: INFO/MainProcess] Task cpu_intensive[fa4f8454-8c01-4ae4-bdf4-00fe84246499] received
[2026-04-26 02:04:08,118: INFO/MainProcess] Task memory_intensive[71a286c8-c46f-4ca8-939d-32e21642ebb8] received
[2026-04-26 02:04:09,778: INFO/ForkPoolWorker-5] Task cpu_intensive[01fb9b52-e907-40f6-9a59-a3df6591ff49] succeeded in 1.6543805740002426s: 333333283333335000000
[2026-04-26 02:04:09,790: INFO/ForkPoolWorker-3] Task cpu_intensive[dcd70a59-3367-4c94-b6da-414b2933158c] succeeded in 1.6679957139986072s: 333333283333335000000
[2026-04-26 02:04:09,811: INFO/ForkPoolWorker-4] Task memory_intensive[01a07df4-bad8-4bc1-ac28-0ca19e8fbcf7] succeeded in 1.693731786999706s: 'Memory wave: released'
[2026-04-26 02:04:09,831: INFO/ForkPoolWorker-1] Task memory_intensive[9dd7c090-d560-49f6-abbd-3552c911860e] succeeded in 1.7184709049997764s: 'Memory wave: released'
[2026-04-26 02:04:09,835: INFO/ForkPoolWorker-7] Task memory_intensive[71a286c8-c46f-4ca8-939d-32e21642ebb8] succeeded in 1.7119617580010527s: 'Memory wave: released'
[2026-04-26 02:04:10,120: INFO/ForkPoolWorker-6] Task cpu_intensive[fa4f8454-8c01-4ae4-bdf4-00fe84246499] succeeded in 1.9982073940009286s: 333333283333335000000
[2026-04-26 02:04:10,151: INFO/ForkPoolWorker-8] Task cpu_intensive[dd6cf906-f0e9-419d-90ad-c448aa77160f] succeeded in 2.038481880999825s: 333333283333335000000
[2026-04-26 02:04:10,177: INFO/ForkPoolWorker-2] Task cpu_intensive[514471f1-3795-483b-9b18-3d804fb535ab] succeeded in 2.059125771998879s: 333333283333335000000
[2026-04-26 02:04:18,119: INFO/MainProcess] Task cpu_intensive[0c38e8ec-198b-48a8-9cd9-a013da72bc6d] received
[2026-04-26 02:04:18,120: INFO/MainProcess] Task cpu_intensive[cbcee1f7-2a28-4268-b109-e4457fd56b00] received
[2026-04-26 02:04:18,120: INFO/MainProcess] Task memory_intensive[4b62c8fb-5667-4b71-9ad4-c3e16ea68a51] received
[2026-04-26 02:04:18,121: INFO/MainProcess] Task cpu_intensive[ee58a65e-4c8b-473c-8d0a-82d82935d14a] received
[2026-04-26 02:04:18,121: INFO/MainProcess] Task cpu_intensive[1f3624ee-77f7-458d-9d77-1f3324c5129f] received
[2026-04-26 02:04:18,121: INFO/MainProcess] Task memory_intensive[1249778b-2559-47dc-adf3-d18c35b28c85] received
[2026-04-26 02:04:18,122: INFO/MainProcess] Task cpu_intensive[e572ff81-8c87-438c-9431-da43fcbe53d8] received
[2026-04-26 02:04:18,122: INFO/MainProcess] Task cpu_intensive[3665d638-5677-4b2b-b821-35006bcebf7c] received
[2026-04-26 02:04:19,849: INFO/ForkPoolWorker-2] Task memory_intensive[4b62c8fb-5667-4b71-9ad4-c3e16ea68a51] succeeded in 1.7247018580001168s: 'Memory wave: released'
[2026-04-26 02:04:19,870: INFO/ForkPoolWorker-5] Task memory_intensive[1249778b-2559-47dc-adf3-d18c35b28c85] succeeded in 1.7470268480010418s: 'Memory wave: released'
[2026-04-26 02:04:20,015: INFO/ForkPoolWorker-6] Task cpu_intensive[e572ff81-8c87-438c-9431-da43fcbe53d8] succeeded in 1.8888841150001099s: 333333283333335000000
[2026-04-26 02:04:20,019: INFO/ForkPoolWorker-3] Task cpu_intensive[ee58a65e-4c8b-473c-8d0a-82d82935d14a] succeeded in 1.8969306309991225s: 333333283333335000000
[2026-04-26 02:04:20,020: INFO/ForkPoolWorker-7] Task cpu_intensive[3665d638-5677-4b2b-b821-35006bcebf7c] succeeded in 1.890199464998659s: 333333283333335000000
[2026-04-26 02:04:20,111: INFO/ForkPoolWorker-8] Task cpu_intensive[0c38e8ec-198b-48a8-9cd9-a013da72bc6d] succeeded in 1.989870608000274s: 333333283333335000000
[2026-04-26 02:04:20,227: INFO/ForkPoolWorker-1] Task cpu_intensive[cbcee1f7-2a28-4268-b109-e4457fd56b00] succeeded in 2.106091182000455s: 333333283333335000000
[2026-04-26 02:04:20,234: INFO/ForkPoolWorker-4] Task cpu_intensive[1f3624ee-77f7-458d-9d77-1f3324c5129f] succeeded in 2.1067874090003897s: 333333283333335000000
[2026-04-26 02:04:28,125: INFO/MainProcess] Task memory_intensive[93c1da18-3a05-482e-ab14-e41b1b65e1e4] received
[2026-04-26 02:04:28,126: INFO/MainProcess] Task cpu_intensive[fc0348b9-6711-477f-a1cd-bc680ac9e111] received
[2026-04-26 02:04:28,127: INFO/MainProcess] Task cpu_intensive[858161c7-7294-471b-9d88-59b7c6151c27] received
[2026-04-26 02:04:28,131: INFO/MainProcess] Task memory_intensive[79842aa7-0fde-44a4-b162-84d239297dd4] received
[2026-04-26 02:04:28,131: INFO/MainProcess] Task cpu_intensive[42f00b3b-061e-406a-ae69-5e1dc30bcf1a] received
[2026-04-26 02:04:28,133: INFO/MainProcess] Task cpu_intensive[e683d5f2-6b67-483a-b4f2-0c60041a847f] received
[2026-04-26 02:04:28,138: INFO/MainProcess] Task memory_intensive[d9175cb6-7107-4600-9d3c-1df71ca6d5ca] received
[2026-04-26 02:04:28,138: INFO/MainProcess] Task cpu_intensive[628ec1a5-71b7-48ec-8d2f-9fc5dc6a9233] received
[2026-04-26 02:04:29,790: INFO/ForkPoolWorker-1] Task cpu_intensive[fc0348b9-6711-477f-a1cd-bc680ac9e111] succeeded in 1.663480838000396s: 333333283333335000000
[2026-04-26 02:04:29,803: INFO/ForkPoolWorker-2] Task cpu_intensive[858161c7-7294-471b-9d88-59b7c6151c27] succeeded in 1.676089177999529s: 333333283333335000000
[2026-04-26 02:04:29,807: INFO/ForkPoolWorker-8] Task memory_intensive[93c1da18-3a05-482e-ab14-e41b1b65e1e4] succeeded in 1.6795152769991546s: 'Memory wave: released'
[2026-04-26 02:04:29,846: INFO/ForkPoolWorker-6] Task memory_intensive[d9175cb6-7107-4600-9d3c-1df71ca6d5ca] succeeded in 1.7077614399986487s: 'Memory wave: released'
[2026-04-26 02:04:29,850: INFO/ForkPoolWorker-3] Task memory_intensive[79842aa7-0fde-44a4-b162-84d239297dd4] succeeded in 1.7160718079994695s: 'Memory wave: released'
[2026-04-26 02:04:29,877: INFO/ForkPoolWorker-4] Task cpu_intensive[42f00b3b-061e-406a-ae69-5e1dc30bcf1a] succeeded in 1.7355727839985775s: 333333283333335000000
[2026-04-26 02:04:30,114: INFO/ForkPoolWorker-5] Task cpu_intensive[e683d5f2-6b67-483a-b4f2-0c60041a847f] succeeded in 1.9725222639990534s: 333333283333335000000
[2026-04-26 02:04:30,140: INFO/ForkPoolWorker-7] Task cpu_intensive[628ec1a5-71b7-48ec-8d2f-9fc5dc6a9233] succeeded in 1.9997770610007137s: 333333283333335000000
[2026-04-26 02:04:38,131: INFO/MainProcess] Task cpu_intensive[bae5e437-7538-4c5a-b860-cd33d34eda03] received
[2026-04-26 02:04:38,132: INFO/MainProcess] Task memory_intensive[99aef883-6b06-49f4-96db-8d8c64cd7502] received
[2026-04-26 02:04:38,133: INFO/MainProcess] Task cpu_intensive[7c084ee3-5fc4-44d0-9301-f28056a1e3bd] received
[2026-04-26 02:04:38,136: INFO/MainProcess] Task cpu_intensive[9d8c8457-525f-42e5-8359-758b42400af4] received
[2026-04-26 02:04:38,137: INFO/MainProcess] Task memory_intensive[98943c6e-bf07-4881-b246-90514a8417d1] received
[2026-04-26 02:04:38,137: INFO/MainProcess] Task cpu_intensive[e4805e44-89ed-4498-97ff-4e82d0d68d72] received
[2026-04-26 02:04:38,141: INFO/MainProcess] Task cpu_intensive[7a68c71a-5f6a-4a6e-bd22-9de33512b3f8] received
[2026-04-26 02:04:38,141: INFO/MainProcess] Task memory_intensive[ab2bc32e-f5fc-4a5e-9abd-39d1729e1b31] received
[2026-04-26 02:04:39,756: INFO/ForkPoolWorker-5] Task cpu_intensive[e4805e44-89ed-4498-97ff-4e82d0d68d72] succeeded in 1.6152244040004007s: 333333283333335000000
[2026-04-26 02:04:39,761: INFO/ForkPoolWorker-3] Task cpu_intensive[9d8c8457-525f-42e5-8359-758b42400af4] succeeded in 1.6206387529982749s: 333333283333335000000
[2026-04-26 02:04:39,830: INFO/ForkPoolWorker-1] Task memory_intensive[99aef883-6b06-49f4-96db-8d8c64cd7502] succeeded in 1.6939632909998181s: 'Memory wave: released'
[2026-04-26 02:04:39,844: INFO/ForkPoolWorker-4] Task memory_intensive[98943c6e-bf07-4881-b246-90514a8417d1] succeeded in 1.702829162000853s: 'Memory wave: released'
[2026-04-26 02:04:39,846: INFO/ForkPoolWorker-2] Task cpu_intensive[7c084ee3-5fc4-44d0-9301-f28056a1e3bd] succeeded in 1.7089011169991863s: 333333283333335000000
[2026-04-26 02:04:39,847: INFO/ForkPoolWorker-7] Task memory_intensive[ab2bc32e-f5fc-4a5e-9abd-39d1729e1b31] succeeded in 1.6992538169997715s: 'Memory wave: released'
[2026-04-26 02:04:40,133: INFO/ForkPoolWorker-8] Task cpu_intensive[bae5e437-7538-4c5a-b860-cd33d34eda03] succeeded in 1.999446560999786s: 333333283333335000000
[2026-04-26 02:04:40,149: INFO/ForkPoolWorker-6] Task cpu_intensive[7a68c71a-5f6a-4a6e-bd22-9de33512b3f8] succeeded in 2.0041598660009186s: 333333283333335000000
[2026-04-26 02:04:48,137: INFO/MainProcess] Task cpu_intensive[750b866e-c65a-4ee3-acd2-daf31bc9c158] received
[2026-04-26 02:04:48,138: INFO/MainProcess] Task cpu_intensive[32703965-c092-42a8-aacf-cb01302e56af] received
[2026-04-26 02:04:48,139: INFO/MainProcess] Task memory_intensive[4ac4d886-47a9-42cc-9c2c-300096cf52d4] received
[2026-04-26 02:04:48,140: INFO/MainProcess] Task cpu_intensive[18f291d7-6a32-4033-bbf6-dbc43ec6b464] received
[2026-04-26 02:04:48,140: INFO/MainProcess] Task cpu_intensive[41510c0c-ca72-46eb-8c58-91c47772752f] received
[2026-04-26 02:04:48,143: INFO/MainProcess] Task memory_intensive[00c71206-5cd6-4546-aaad-e17d05c8a2bd] received
[2026-04-26 02:04:48,144: INFO/MainProcess] Task cpu_intensive[2c0ffcf2-20a2-44d8-bdad-a968ded3a3fb] received
[2026-04-26 02:04:48,144: INFO/MainProcess] Task cpu_intensive[49de18a8-06b3-43e3-bfb3-2025fa1d8f05] received
[2026-04-26 02:04:49,859: INFO/ForkPoolWorker-8] Task cpu_intensive[750b866e-c65a-4ee3-acd2-daf31bc9c158] succeeded in 1.7199714309990668s: 333333283333335000000
[2026-04-26 02:04:49,910: INFO/ForkPoolWorker-5] Task memory_intensive[00c71206-5cd6-4546-aaad-e17d05c8a2bd] succeeded in 1.7648763269990013s: 'Memory wave: released'
[2026-04-26 02:04:49,920: INFO/ForkPoolWorker-2] Task memory_intensive[4ac4d886-47a9-42cc-9c2c-300096cf52d4] succeeded in 1.7801104800000758s: 'Memory wave: released'
[2026-04-26 02:04:50,104: INFO/ForkPoolWorker-1] Task cpu_intensive[32703965-c092-42a8-aacf-cb01302e56af] succeeded in 1.9645712439996714s: 333333283333335000000
[2026-04-26 02:04:50,127: INFO/ForkPoolWorker-3] Task cpu_intensive[18f291d7-6a32-4033-bbf6-dbc43ec6b464] succeeded in 1.9791192269985913s: 333333283333335000000
[2026-04-26 02:04:50,177: INFO/ForkPoolWorker-7] Task cpu_intensive[49de18a8-06b3-43e3-bfb3-2025fa1d8f05] succeeded in 2.028239543999007s: 333333283333335000000
[2026-04-26 02:04:50,185: INFO/ForkPoolWorker-4] Task cpu_intensive[41510c0c-ca72-46eb-8c58-91c47772752f] succeeded in 2.0402862390001246s: 333333283333335000000
[2026-04-26 02:04:50,218: INFO/ForkPoolWorker-6] Task cpu_intensive[2c0ffcf2-20a2-44d8-bdad-a968ded3a3fb] succeeded in 2.0689684780008974s: 333333283333335000000
[2026-04-26 02:04:58,144: INFO/MainProcess] Task memory_intensive[073c1c6e-17a3-4980-a8cf-8c529c5d6fc4] received
[2026-04-26 02:04:58,144: INFO/MainProcess] Task cpu_intensive[beb52d55-37d3-4f8d-8071-bca5cb5104a3] received
[2026-04-26 02:04:58,145: INFO/MainProcess] Task cpu_intensive[030c4495-8540-4ce6-afd8-e7905e879b45] received
[2026-04-26 02:04:58,149: INFO/MainProcess] Task memory_intensive[64adf659-f47d-4754-b83d-7ca9040516df] received
[2026-04-26 02:04:58,149: INFO/MainProcess] Task cpu_intensive[03f93b9b-e116-40b6-9e17-526e606669b6] received
[2026-04-26 02:04:58,149: INFO/MainProcess] Task cpu_intensive[a9e62d3b-3edc-42d2-bdec-0e9b9d88317f] received
[2026-04-26 02:04:58,150: INFO/MainProcess] Task memory_intensive[764c80c0-ba91-4cb5-b03c-343a82fc5715] received
[2026-04-26 02:04:58,150: INFO/MainProcess] Task cpu_intensive[8cbb7347-6635-4f15-8ebd-d185b5693bf5] received
[2026-04-26 02:04:59,861: INFO/ForkPoolWorker-4] Task cpu_intensive[03f93b9b-e116-40b6-9e17-526e606669b6] succeeded in 1.710641449999457s: 333333283333335000000
[2026-04-26 02:04:59,870: INFO/ForkPoolWorker-2] Task cpu_intensive[030c4495-8540-4ce6-afd8-e7905e879b45] succeeded in 1.7248589560003893s: 333333283333335000000
[2026-04-26 02:04:59,872: INFO/ForkPoolWorker-8] Task memory_intensive[073c1c6e-17a3-4980-a8cf-8c529c5d6fc4] succeeded in 1.726330395998957s: 'Memory wave: released'
[2026-04-26 02:04:59,873: INFO/ForkPoolWorker-3] Task memory_intensive[64adf659-f47d-4754-b83d-7ca9040516df] succeeded in 1.7231979009993665s: 'Memory wave: released'
[2026-04-26 02:04:59,875: INFO/ForkPoolWorker-6] Task memory_intensive[764c80c0-ba91-4cb5-b03c-343a82fc5715] succeeded in 1.720959557000242s: 'Memory wave: released'
[2026-04-26 02:05:00,002: INFO/ForkPoolWorker-7] Task cpu_intensive[8cbb7347-6635-4f15-8ebd-d185b5693bf5] succeeded in 1.845036557999265s: 333333283333335000000
[2026-04-26 02:05:00,126: INFO/ForkPoolWorker-1] Task cpu_intensive[beb52d55-37d3-4f8d-8071-bca5cb5104a3] succeeded in 1.9809024770001997s: 333333283333335000000
[2026-04-26 02:05:00,154: INFO/ForkPoolWorker-5] Task cpu_intensive[a9e62d3b-3edc-42d2-bdec-0e9b9d88317f] succeeded in 2.004645762999644s: 333333283333335000000
[2026-04-26 02:05:08,150: INFO/MainProcess] Task cpu_intensive[84e9cdc1-4824-440c-9aec-b857d800418b] received
[2026-04-26 02:05:08,150: INFO/MainProcess] Task memory_intensive[4ac82c34-7b85-47e6-89a3-a040aac11dec] received
[2026-04-26 02:05:08,151: INFO/MainProcess] Task cpu_intensive[5c7c2da8-50a2-45f3-b77b-2506c04d8583] received
[2026-04-26 02:05:08,154: INFO/MainProcess] Task cpu_intensive[36838d61-ca89-4502-aa2d-24beb90d32a9] received
[2026-04-26 02:05:08,155: INFO/MainProcess] Task memory_intensive[a9c4fb8d-00cc-4be3-bb2a-2eb06a0da14e] received
[2026-04-26 02:05:08,155: INFO/MainProcess] Task cpu_intensive[9e18affa-e519-4002-90ad-1ad6f70416b9] received
[2026-04-26 02:05:08,158: INFO/MainProcess] Task cpu_intensive[563f541d-6ad2-4395-8659-545928ef58ba] received
[2026-04-26 02:05:08,159: INFO/MainProcess] Task memory_intensive[47666ca7-758c-475d-a369-31b5c30e3cb5] received
[2026-04-26 02:05:09,812: INFO/ForkPoolWorker-5] Task cpu_intensive[9e18affa-e519-4002-90ad-1ad6f70416b9] succeeded in 1.6508832020008413s: 333333283333335000000
[2026-04-26 02:05:09,843: INFO/ForkPoolWorker-3] Task cpu_intensive[36838d61-ca89-4502-aa2d-24beb90d32a9] succeeded in 1.6813834949989541s: 333333283333335000000
[2026-04-26 02:05:09,929: INFO/ForkPoolWorker-4] Task memory_intensive[a9c4fb8d-00cc-4be3-bb2a-2eb06a0da14e] succeeded in 1.771086786999149s: 'Memory wave: released'
[2026-04-26 02:05:09,936: INFO/ForkPoolWorker-1] Task memory_intensive[4ac82c34-7b85-47e6-89a3-a040aac11dec] succeeded in 1.7845676289998664s: 'Memory wave: released'
[2026-04-26 02:05:09,938: INFO/ForkPoolWorker-7] Task memory_intensive[47666ca7-758c-475d-a369-31b5c30e3cb5] succeeded in 1.7760430620000989s: 'Memory wave: released'
[2026-04-26 02:05:10,103: INFO/ForkPoolWorker-2] Task cpu_intensive[5c7c2da8-50a2-45f3-b77b-2506c04d8583] succeeded in 1.9475635469989356s: 333333283333335000000
[2026-04-26 02:05:10,139: INFO/ForkPoolWorker-6] Task cpu_intensive[563f541d-6ad2-4395-8659-545928ef58ba] succeeded in 1.979794385999412s: 333333283333335000000
[2026-04-26 02:05:10,227: INFO/ForkPoolWorker-8] Task cpu_intensive[84e9cdc1-4824-440c-9aec-b857d800418b] succeeded in 2.0754196180005238s: 333333283333335000000
[2026-04-26 02:05:18,156: INFO/MainProcess] Task cpu_intensive[884474f5-f494-4ed8-b83a-dcef0ae1bb70] received
[2026-04-26 02:05:18,157: INFO/MainProcess] Task cpu_intensive[fc4526e6-efe6-4e9e-89b2-a0bd5a59ef3a] received
[2026-04-26 02:05:18,157: INFO/MainProcess] Task memory_intensive[42ea81b6-48d3-4973-8a8a-56f109673bf3] received
[2026-04-26 02:05:18,158: INFO/MainProcess] Task cpu_intensive[2e9cc2f2-d8df-4920-aec9-9363bc2cedf8] received
[2026-04-26 02:05:18,158: INFO/MainProcess] Task cpu_intensive[62d89e2a-fa3a-444c-ae81-d0f681cea0d3] received
[2026-04-26 02:05:18,158: INFO/MainProcess] Task memory_intensive[f67022d7-5909-4fbb-9ac1-ec864523d460] received
[2026-04-26 02:05:18,162: INFO/MainProcess] Task cpu_intensive[77fdbd9f-99e2-499e-a6fb-e2eba6e09a35] received
[2026-04-26 02:05:18,163: INFO/MainProcess] Task cpu_intensive[e07657dc-e94c-44db-8fac-0d41820d22a7] received
[2026-04-26 02:05:19,883: INFO/ForkPoolWorker-2] Task memory_intensive[42ea81b6-48d3-4973-8a8a-56f109673bf3] succeeded in 1.7221689699999843s: 'Memory wave: released'
[2026-04-26 02:05:19,887: INFO/ForkPoolWorker-5] Task memory_intensive[f67022d7-5909-4fbb-9ac1-ec864523d460] succeeded in 1.7237300150009105s: 'Memory wave: released'
[2026-04-26 02:05:20,064: INFO/ForkPoolWorker-4] Task cpu_intensive[62d89e2a-fa3a-444c-ae81-d0f681cea0d3] succeeded in 1.9054660870006046s: 333333283333335000000
[2026-04-26 02:05:20,094: INFO/ForkPoolWorker-1] Task cpu_intensive[fc4526e6-efe6-4e9e-89b2-a0bd5a59ef3a] succeeded in 1.9350675509995199s: 333333283333335000000
[2026-04-26 02:05:20,106: INFO/ForkPoolWorker-6] Task cpu_intensive[77fdbd9f-99e2-499e-a6fb-e2eba6e09a35] succeeded in 1.9396431339991977s: 333333283333335000000
[2026-04-26 02:05:20,115: INFO/ForkPoolWorker-7] Task cpu_intensive[e07657dc-e94c-44db-8fac-0d41820d22a7] succeeded in 1.9470713649989193s: 333333283333335000000
[2026-04-26 02:05:20,165: INFO/ForkPoolWorker-3] Task cpu_intensive[2e9cc2f2-d8df-4920-aec9-9363bc2cedf8] succeeded in 2.0005820540009154s: 333333283333335000000
[2026-04-26 02:05:20,170: INFO/ForkPoolWorker-8] Task cpu_intensive[884474f5-f494-4ed8-b83a-dcef0ae1bb70] succeeded in 2.0117192340003385s: 333333283333335000000
[2026-04-26 02:05:28,162: INFO/MainProcess] Task memory_intensive[c2a75f1e-bcac-4398-9e61-55c41d1feb9e] received
[2026-04-26 02:05:28,163: INFO/MainProcess] Task cpu_intensive[63616198-b4b6-4216-bdb7-c8e766a35b30] received
[2026-04-26 02:05:28,163: INFO/MainProcess] Task cpu_intensive[5c87eb95-d839-4dd9-99b1-6c26ba8f4ac3] received
[2026-04-26 02:05:28,168: INFO/MainProcess] Task memory_intensive[f956e99b-54f2-4657-9a0b-7a7d10fdbbde] received
[2026-04-26 02:05:28,168: INFO/MainProcess] Task cpu_intensive[34a38c4c-0810-47f9-a7fc-b743489cd14d] received
[2026-04-26 02:05:28,168: INFO/MainProcess] Task cpu_intensive[15aeea3d-7fd3-43dd-9558-70174fab3cb5] received
[2026-04-26 02:05:28,169: INFO/MainProcess] Task memory_intensive[d0759399-99c4-4386-ae95-d1f02b699ccf] received
[2026-04-26 02:05:28,169: INFO/MainProcess] Task cpu_intensive[0e073c34-9eb5-4d6b-9f0c-770574589636] received
[2026-04-26 02:05:29,867: INFO/ForkPoolWorker-4] Task cpu_intensive[34a38c4c-0810-47f9-a7fc-b743489cd14d] succeeded in 1.6986584260012023s: 333333283333335000000
[2026-04-26 02:05:29,868: INFO/ForkPoolWorker-2] Task cpu_intensive[5c87eb95-d839-4dd9-99b1-6c26ba8f4ac3] succeeded in 1.7043982270006381s: 333333283333335000000
[2026-04-26 02:05:29,870: INFO/ForkPoolWorker-7] Task cpu_intensive[0e073c34-9eb5-4d6b-9f0c-770574589636] succeeded in 1.6948276779985463s: 333333283333335000000
[2026-04-26 02:05:29,878: INFO/ForkPoolWorker-6] Task memory_intensive[d0759399-99c4-4386-ae95-d1f02b699ccf] succeeded in 1.7085862710009678s: 'Memory wave: released'
[2026-04-26 02:05:29,883: INFO/ForkPoolWorker-3] Task memory_intensive[f956e99b-54f2-4657-9a0b-7a7d10fdbbde] succeeded in 1.7105546879993199s: 'Memory wave: released'
[2026-04-26 02:05:29,885: INFO/ForkPoolWorker-8] Task memory_intensive[c2a75f1e-bcac-4398-9e61-55c41d1feb9e] succeeded in 1.7210619880006561s: 'Memory wave: released'
[2026-04-26 02:05:30,136: INFO/ForkPoolWorker-1] Task cpu_intensive[63616198-b4b6-4216-bdb7-c8e766a35b30] succeeded in 1.9725157689990738s: 333333283333335000000
[2026-04-26 02:05:30,193: INFO/ForkPoolWorker-5] Task cpu_intensive[15aeea3d-7fd3-43dd-9558-70174fab3cb5] succeeded in 2.023993998998776s: 333333283333335000000
[2026-04-26 02:05:38,168: INFO/MainProcess] Task cpu_intensive[0b2aea80-77b2-4ccb-974a-5f9c6d87922f] received
[2026-04-26 02:05:38,169: INFO/MainProcess] Task memory_intensive[9b1e35ef-42b1-4ae2-937a-31e53884bdb5] received
[2026-04-26 02:05:38,169: INFO/MainProcess] Task cpu_intensive[a6cb491a-04c2-42f4-b912-f9c644f0a4d9] received
[2026-04-26 02:05:38,174: INFO/MainProcess] Task cpu_intensive[db651539-e3b1-4eb4-a276-77d38d78c55e] received
[2026-04-26 02:05:38,174: INFO/MainProcess] Task memory_intensive[755fa35a-a71b-4b8d-b465-85fef31688cd] received
[2026-04-26 02:05:38,177: INFO/MainProcess] Task cpu_intensive[2b591b56-bb31-49a8-91b8-0f0636aa5593] received
[2026-04-26 02:05:38,178: INFO/MainProcess] Task cpu_intensive[5a6cfdd5-3a97-4927-a777-68e83bc44248] received
[2026-04-26 02:05:38,178: INFO/MainProcess] Task memory_intensive[5cb2ed24-9458-4b27-a1c3-f880161d1e6f] received
[2026-04-26 02:05:39,794: INFO/ForkPoolWorker-5] Task cpu_intensive[2b591b56-bb31-49a8-91b8-0f0636aa5593] succeeded in 1.6105713839988312s: 333333283333335000000
[2026-04-26 02:05:39,876: INFO/ForkPoolWorker-3] Task cpu_intensive[db651539-e3b1-4eb4-a276-77d38d78c55e] succeeded in 1.6903459969998949s: 333333283333335000000
[2026-04-26 02:05:39,883: INFO/ForkPoolWorker-1] Task memory_intensive[9b1e35ef-42b1-4ae2-937a-31e53884bdb5] succeeded in 1.712929396000618s: 'Memory wave: released'
[2026-04-26 02:05:39,888: INFO/ForkPoolWorker-4] Task memory_intensive[755fa35a-a71b-4b8d-b465-85fef31688cd] succeeded in 1.7100547469999583s: 'Memory wave: released'
[2026-04-26 02:05:39,891: INFO/ForkPoolWorker-7] Task memory_intensive[5cb2ed24-9458-4b27-a1c3-f880161d1e6f] succeeded in 1.7084716330009542s: 'Memory wave: released'
[2026-04-26 02:05:40,122: INFO/ForkPoolWorker-6] Task cpu_intensive[5a6cfdd5-3a97-4927-a777-68e83bc44248] succeeded in 1.9436936109996168s: 333333283333335000000
[2026-04-26 02:05:40,176: INFO/ForkPoolWorker-8] Task cpu_intensive[0b2aea80-77b2-4ccb-974a-5f9c6d87922f] succeeded in 2.00631209599851s: 333333283333335000000
[2026-04-26 02:05:40,251: INFO/ForkPoolWorker-2] Task cpu_intensive[a6cb491a-04c2-42f4-b912-f9c644f0a4d9] succeeded in 2.0769594310004322s: 333333283333335000000
[2026-04-26 02:05:48,174: INFO/MainProcess] Task cpu_intensive[c2be6780-2e69-448f-921d-d0e3bfb4b34d] received
[2026-04-26 02:05:48,174: INFO/MainProcess] Task cpu_intensive[162b9f36-812a-4fbc-96cf-c9cbc690b665] received
[2026-04-26 02:05:48,175: INFO/MainProcess] Task memory_intensive[806e0bc8-64a6-47c4-bf08-3cfd14b284c0] received
[2026-04-26 02:05:48,175: INFO/MainProcess] Task cpu_intensive[4ae55d02-acfb-4183-9708-fbae600ab748] received
[2026-04-26 02:05:48,176: INFO/MainProcess] Task cpu_intensive[702710e9-6bd9-4f08-be98-279a2f298937] received
[2026-04-26 02:05:48,176: INFO/MainProcess] Task memory_intensive[1c5aafb6-9b1d-418e-b329-d37bb6316977] received
[2026-04-26 02:05:48,176: INFO/MainProcess] Task cpu_intensive[3a257cd5-6f22-4983-a6cc-9e77dfa3c253] received
[2026-04-26 02:05:48,177: INFO/MainProcess] Task cpu_intensive[8dc01c8d-a870-4647-af1c-54d1ae85bcc4] received
[2026-04-26 02:05:49,911: INFO/ForkPoolWorker-2] Task memory_intensive[806e0bc8-64a6-47c4-bf08-3cfd14b284c0] succeeded in 1.7338839040003222s: 'Memory wave: released'
[2026-04-26 02:05:49,911: INFO/ForkPoolWorker-5] Task memory_intensive[1c5aafb6-9b1d-418e-b329-d37bb6316977] succeeded in 1.7308427579991985s: 'Memory wave: released'
[2026-04-26 02:05:50,005: INFO/ForkPoolWorker-7] Task cpu_intensive[8dc01c8d-a870-4647-af1c-54d1ae85bcc4] succeeded in 1.8216868089984928s: 333333283333335000000
[2026-04-26 02:05:50,009: INFO/ForkPoolWorker-6] Task cpu_intensive[3a257cd5-6f22-4983-a6cc-9e77dfa3c253] succeeded in 1.826279153001451s: 333333283333335000000
[2026-04-26 02:05:50,122: INFO/ForkPoolWorker-3] Task cpu_intensive[4ae55d02-acfb-4183-9708-fbae600ab748] succeeded in 1.945794274999571s: 333333283333335000000
[2026-04-26 02:05:50,168: INFO/ForkPoolWorker-8] Task cpu_intensive[c2be6780-2e69-448f-921d-d0e3bfb4b34d] succeeded in 1.9930290810007136s: 333333283333335000000
[2026-04-26 02:05:50,182: INFO/ForkPoolWorker-1] Task cpu_intensive[162b9f36-812a-4fbc-96cf-c9cbc690b665] succeeded in 2.007394717000352s: 333333283333335000000
[2026-04-26 02:05:50,191: INFO/ForkPoolWorker-4] Task cpu_intensive[702710e9-6bd9-4f08-be98-279a2f298937] succeeded in 2.013987742999234s: 333333283333335000000
[2026-04-26 02:05:58,180: INFO/MainProcess] Task memory_intensive[ef70014d-7d81-4947-b299-025a3f993989] received
[2026-04-26 02:05:58,180: INFO/MainProcess] Task cpu_intensive[c813083a-c43c-458c-95da-f34579a19096] received
[2026-04-26 02:05:58,181: INFO/MainProcess] Task cpu_intensive[504acc0f-a996-4676-82ea-015644b0c8e6] received
[2026-04-26 02:05:58,181: INFO/MainProcess] Task memory_intensive[e811f5d7-bdb8-46f4-aca7-4e4fd34a18df] received
[2026-04-26 02:05:58,181: INFO/MainProcess] Task cpu_intensive[75e23a39-e31d-4bca-9141-2aaa996f328e] received
[2026-04-26 02:05:58,182: INFO/MainProcess] Task cpu_intensive[d18df713-9f22-4cd9-8e38-38ea97f4de8b] received
[2026-04-26 02:05:58,189: INFO/MainProcess] Task memory_intensive[7020188b-7efe-4554-932f-73897b858e85] received
[2026-04-26 02:05:58,189: INFO/MainProcess] Task cpu_intensive[b519755a-93f7-4ad2-945a-dfcba5678ae2] received
[2026-04-26 02:05:59,841: INFO/ForkPoolWorker-4] Task cpu_intensive[75e23a39-e31d-4bca-9141-2aaa996f328e] succeeded in 1.6568819919993985s: 333333283333335000000
[2026-04-26 02:05:59,858: INFO/ForkPoolWorker-2] Task cpu_intensive[504acc0f-a996-4676-82ea-015644b0c8e6] succeeded in 1.673025113001131s: 333333283333335000000
[2026-04-26 02:05:59,884: INFO/ForkPoolWorker-8] Task memory_intensive[ef70014d-7d81-4947-b299-025a3f993989] succeeded in 1.702904692001539s: 'Memory wave: released'
[2026-04-26 02:05:59,897: INFO/ForkPoolWorker-5] Task cpu_intensive[d18df713-9f22-4cd9-8e38-38ea97f4de8b] succeeded in 1.7090609420010878s: 333333283333335000000
[2026-04-26 02:05:59,901: INFO/ForkPoolWorker-6] Task memory_intensive[7020188b-7efe-4554-932f-73897b858e85] succeeded in 1.7112349750004796s: 'Memory wave: released'
[2026-04-26 02:05:59,909: INFO/ForkPoolWorker-3] Task memory_intensive[e811f5d7-bdb8-46f4-aca7-4e4fd34a18df] succeeded in 1.7267874019998999s: 'Memory wave: released'
[2026-04-26 02:06:00,129: INFO/ForkPoolWorker-1] Task cpu_intensive[c813083a-c43c-458c-95da-f34579a19096] succeeded in 1.9470530610014976s: 333333283333335000000
[2026-04-26 02:06:00,179: INFO/ForkPoolWorker-7] Task cpu_intensive[b519755a-93f7-4ad2-945a-dfcba5678ae2] succeeded in 1.9851460490008321s: 333333283333335000000
[2026-04-26 02:06:08,186: INFO/MainProcess] Task cpu_intensive[9bd82d05-8172-41c2-87d0-d24b94bfb1eb] received
[2026-04-26 02:06:08,186: INFO/MainProcess] Task memory_intensive[4bce16fc-0a93-4914-9b48-7e3d9199b07b] received
[2026-04-26 02:06:08,186: INFO/MainProcess] Task cpu_intensive[cd0dcc72-16cc-41cc-acc9-0c6315a59d77] received
[2026-04-26 02:06:08,191: INFO/MainProcess] Task cpu_intensive[9061e987-f42b-498f-8887-27ef1d8690cd] received
[2026-04-26 02:06:08,191: INFO/MainProcess] Task memory_intensive[39b91339-091c-4918-b070-4b0c67082944] received
[2026-04-26 02:06:08,191: INFO/MainProcess] Task cpu_intensive[59d2e4ab-d080-489d-a089-ff02c63bea0d] received
[2026-04-26 02:06:08,195: INFO/MainProcess] Task cpu_intensive[97bfdfa7-53a5-4850-a2c5-65051ce3e904] received
[2026-04-26 02:06:08,196: INFO/MainProcess] Task memory_intensive[2b1a50f9-8843-407c-b44c-191fd0b20675] received
[2026-04-26 02:06:09,805: INFO/ForkPoolWorker-3] Task cpu_intensive[9061e987-f42b-498f-8887-27ef1d8690cd] succeeded in 1.608594532999632s: 333333283333335000000
[2026-04-26 02:06:09,902: INFO/ForkPoolWorker-7] Task memory_intensive[2b1a50f9-8843-407c-b44c-191fd0b20675] succeeded in 1.7031570290000673s: 'Memory wave: released'
[2026-04-26 02:06:09,909: INFO/ForkPoolWorker-4] Task memory_intensive[39b91339-091c-4918-b070-4b0c67082944] succeeded in 1.7133810430004814s: 'Memory wave: released'
[2026-04-26 02:06:09,911: INFO/ForkPoolWorker-1] Task memory_intensive[4bce16fc-0a93-4914-9b48-7e3d9199b07b] succeeded in 1.7242750830009754s: 'Memory wave: released'
[2026-04-26 02:06:09,932: INFO/ForkPoolWorker-5] Task cpu_intensive[59d2e4ab-d080-489d-a089-ff02c63bea0d] succeeded in 1.7357346730004792s: 333333283333335000000
[2026-04-26 02:06:10,137: INFO/ForkPoolWorker-2] Task cpu_intensive[cd0dcc72-16cc-41cc-acc9-0c6315a59d77] succeeded in 1.944978899000489s: 333333283333335000000
[2026-04-26 02:06:10,154: INFO/ForkPoolWorker-8] Task cpu_intensive[9bd82d05-8172-41c2-87d0-d24b94bfb1eb] succeeded in 1.9674543960009032s: 333333283333335000000
[2026-04-26 02:06:10,270: INFO/ForkPoolWorker-6] Task cpu_intensive[97bfdfa7-53a5-4850-a2c5-65051ce3e904] succeeded in 2.070928303000983s: 333333283333335000000
[2026-04-26 02:06:18,192: INFO/MainProcess] Task cpu_intensive[031a7ee9-323e-4b90-9154-0279d6023f30] received
[2026-04-26 02:06:18,193: INFO/MainProcess] Task cpu_intensive[5d016feb-51af-4e1f-98c0-77526258dbf5] received
[2026-04-26 02:06:18,193: INFO/MainProcess] Task memory_intensive[8ea48ec5-eeea-4a11-94a2-5d34ceae3f22] received
[2026-04-26 02:06:18,194: INFO/MainProcess] Task cpu_intensive[f0d9a39b-5176-4dba-9abb-2f84076473bd] received
[2026-04-26 02:06:18,194: INFO/MainProcess] Task cpu_intensive[1d5fd96b-436c-4a02-96ac-e072a4657927] received
[2026-04-26 02:06:18,197: INFO/MainProcess] Task memory_intensive[95aed327-a7fd-4369-9e30-4aa9604731c4] received
[2026-04-26 02:06:18,198: INFO/MainProcess] Task cpu_intensive[fefd905b-0c59-4d10-a981-6beb593df109] received
[2026-04-26 02:06:18,198: INFO/MainProcess] Task cpu_intensive[1ba5c462-fad0-4ec1-97ea-2d58029f5bb6] received
[2026-04-26 02:06:19,881: INFO/ForkPoolWorker-1] Task cpu_intensive[5d016feb-51af-4e1f-98c0-77526258dbf5] succeeded in 1.6869184820006922s: 333333283333335000000
[2026-04-26 02:06:19,910: INFO/ForkPoolWorker-5] Task memory_intensive[95aed327-a7fd-4369-9e30-4aa9604731c4] succeeded in 1.7101711449995491s: 'Memory wave: released'
[2026-04-26 02:06:19,915: INFO/ForkPoolWorker-2] Task memory_intensive[8ea48ec5-eeea-4a11-94a2-5d34ceae3f22] succeeded in 1.720697910999661s: 'Memory wave: released'
[2026-04-26 02:06:19,931: INFO/ForkPoolWorker-8] Task cpu_intensive[031a7ee9-323e-4b90-9154-0279d6023f30] succeeded in 1.7376306450005359s: 333333283333335000000
[2026-04-26 02:06:20,160: INFO/ForkPoolWorker-6] Task cpu_intensive[fefd905b-0c59-4d10-a981-6beb593df109] succeeded in 1.957977371999732s: 333333283333335000000
[2026-04-26 02:06:20,165: INFO/ForkPoolWorker-3] Task cpu_intensive[f0d9a39b-5176-4dba-9abb-2f84076473bd] succeeded in 1.9658493119986815s: 333333283333335000000
[2026-04-26 02:06:20,213: INFO/ForkPoolWorker-7] Task cpu_intensive[1ba5c462-fad0-4ec1-97ea-2d58029f5bb6] succeeded in 2.014023838999492s: 333333283333335000000
[2026-04-26 02:06:20,256: INFO/ForkPoolWorker-4] Task cpu_intensive[1d5fd96b-436c-4a02-96ac-e072a4657927] succeeded in 2.0572281280001334s: 333333283333335000000
[2026-04-26 02:06:28,198: INFO/MainProcess] Task memory_intensive[00ab3187-0c9e-47a6-bb07-edd87a90d72e] received
[2026-04-26 02:06:28,198: INFO/MainProcess] Task cpu_intensive[d18215cb-2f34-4704-b0e9-d974817eea18] received
[2026-04-26 02:06:28,199: INFO/MainProcess] Task cpu_intensive[e8be5334-de8d-4dd9-aa86-508d35b83684] received
[2026-04-26 02:06:28,203: INFO/MainProcess] Task memory_intensive[dc879203-a514-47cb-b96f-3c97e8bd0bc8] received
[2026-04-26 02:06:28,203: INFO/MainProcess] Task cpu_intensive[14f06c7e-31fd-4c40-95ed-8443e84cba8f] received
[2026-04-26 02:06:28,203: INFO/MainProcess] Task cpu_intensive[dd9a3f16-f677-4235-a113-9a96f597044e] received
[2026-04-26 02:06:28,204: INFO/MainProcess] Task memory_intensive[bd1bc416-d9e1-4c7d-95a3-c60688bb1886] received
[2026-04-26 02:06:28,204: INFO/MainProcess] Task cpu_intensive[5f4571ec-c38e-4618-b99d-957b66cd260d] received
[2026-04-26 02:06:29,897: INFO/ForkPoolWorker-4] Task cpu_intensive[14f06c7e-31fd-4c40-95ed-8443e84cba8f] succeeded in 1.688926172999345s: 333333283333335000000
[2026-04-26 02:06:29,898: INFO/ForkPoolWorker-2] Task cpu_intensive[e8be5334-de8d-4dd9-aa86-508d35b83684] succeeded in 1.69841409899891s: 333333283333335000000
[2026-04-26 02:06:29,902: INFO/ForkPoolWorker-3] Task memory_intensive[dc879203-a514-47cb-b96f-3c97e8bd0bc8] succeeded in 1.6973658989991236s: 'Memory wave: released'
[2026-04-26 02:06:29,908: INFO/ForkPoolWorker-8] Task memory_intensive[00ab3187-0c9e-47a6-bb07-edd87a90d72e] succeeded in 1.7087794020008005s: 'Memory wave: released'
[2026-04-26 02:06:29,912: INFO/ForkPoolWorker-6] Task memory_intensive[bd1bc416-d9e1-4c7d-95a3-c60688bb1886] succeeded in 1.7076893690009456s: 'Memory wave: released'
[2026-04-26 02:06:29,986: INFO/ForkPoolWorker-7] Task cpu_intensive[5f4571ec-c38e-4618-b99d-957b66cd260d] succeeded in 1.7774485629997798s: 333333283333335000000
[2026-04-26 02:06:30,161: INFO/ForkPoolWorker-5] Task cpu_intensive[dd9a3f16-f677-4235-a113-9a96f597044e] succeeded in 1.956848149000507s: 333333283333335000000
[2026-04-26 02:06:30,217: INFO/ForkPoolWorker-1] Task cpu_intensive[d18215cb-2f34-4704-b0e9-d974817eea18] succeeded in 2.0176534009988245s: 333333283333335000000
[2026-04-26 02:06:38,204: INFO/MainProcess] Task cpu_intensive[5baefb3c-ecdf-40e1-9868-7b84577b22c6] received
[2026-04-26 02:06:38,205: INFO/MainProcess] Task memory_intensive[d3df4409-c0ff-46c2-a0c8-6680b5460222] received
[2026-04-26 02:06:38,205: INFO/MainProcess] Task cpu_intensive[da9cb9df-468d-42f7-a651-e1534252bcce] received
[2026-04-26 02:06:38,209: INFO/MainProcess] Task cpu_intensive[83512a63-e054-4ab6-82d1-5eaca6109842] received
[2026-04-26 02:06:38,209: INFO/MainProcess] Task memory_intensive[2a2121c5-1ed0-4f89-907c-c5c508d00f59] received
[2026-04-26 02:06:38,209: INFO/MainProcess] Task cpu_intensive[4e4aa289-2c17-441a-90fc-ac966d4fe408] received
[2026-04-26 02:06:38,213: INFO/MainProcess] Task cpu_intensive[85504295-9ff2-4ece-8954-aa18dea507fe] received
[2026-04-26 02:06:38,214: INFO/MainProcess] Task memory_intensive[88f55c5d-2e9d-45c3-8aa4-4f32babbcb64] received
[2026-04-26 02:06:39,851: INFO/ForkPoolWorker-3] Task cpu_intensive[83512a63-e054-4ab6-82d1-5eaca6109842] succeeded in 1.6366902299996582s: 333333283333335000000
[2026-04-26 02:06:39,864: INFO/ForkPoolWorker-5] Task cpu_intensive[4e4aa289-2c17-441a-90fc-ac966d4fe408] succeeded in 1.6468003480003972s: 333333283333335000000
[2026-04-26 02:06:39,903: INFO/ForkPoolWorker-1] Task memory_intensive[d3df4409-c0ff-46c2-a0c8-6680b5460222] succeeded in 1.697398071999487s: 'Memory wave: released'
[2026-04-26 02:06:39,908: INFO/ForkPoolWorker-8] Task cpu_intensive[5baefb3c-ecdf-40e1-9868-7b84577b22c6] succeeded in 1.7029856809986086s: 333333283333335000000
[2026-04-26 02:06:39,919: INFO/ForkPoolWorker-7] Task memory_intensive[88f55c5d-2e9d-45c3-8aa4-4f32babbcb64] succeeded in 1.6975638690000778s: 'Memory wave: released'
[2026-04-26 02:06:39,923: INFO/ForkPoolWorker-4] Task memory_intensive[2a2121c5-1ed0-4f89-907c-c5c508d00f59] succeeded in 1.708446255999661s: 'Memory wave: released'
[2026-04-26 02:06:40,199: INFO/ForkPoolWorker-2] Task cpu_intensive[da9cb9df-468d-42f7-a651-e1534252bcce] succeeded in 1.9894598129994847s: 333333283333335000000
[2026-04-26 02:06:40,200: INFO/ForkPoolWorker-6] Task cpu_intensive[85504295-9ff2-4ece-8954-aa18dea507fe] succeeded in 1.9819432749991392s: 333333283333335000000
[2026-04-26 02:06:48,210: INFO/MainProcess] Task cpu_intensive[6bb0f5c4-ad27-48a4-9f71-f725dab80ce8] received
[2026-04-26 02:06:48,211: INFO/MainProcess] Task cpu_intensive[bf556c2c-c29e-4f50-80a1-8e47f16a88bb] received
[2026-04-26 02:06:48,212: INFO/MainProcess] Task memory_intensive[bcd95bb2-f878-437b-a74d-528fa7ec6b14] received
[2026-04-26 02:06:48,212: INFO/MainProcess] Task cpu_intensive[986e1002-7278-4cff-989b-0b5efb96fe2a] received
[2026-04-26 02:06:48,212: INFO/MainProcess] Task cpu_intensive[0ee1f2eb-2ed6-424c-9194-4dba03912948] received
[2026-04-26 02:06:48,212: INFO/MainProcess] Task memory_intensive[cc668615-0da8-4f16-9b91-ca42e4b740cc] received
[2026-04-26 02:06:48,213: INFO/MainProcess] Task cpu_intensive[baf8df32-8298-4fea-bbb9-f1794b4f608a] received
[2026-04-26 02:06:48,214: INFO/MainProcess] Task cpu_intensive[c25f0e90-231a-4dde-a50b-d844a3f1fe46] received
[2026-04-26 02:06:49,866: INFO/ForkPoolWorker-1] Task cpu_intensive[bf556c2c-c29e-4f50-80a1-8e47f16a88bb] succeeded in 1.6536725849982759s: 333333283333335000000
[2026-04-26 02:06:49,926: INFO/ForkPoolWorker-2] Task memory_intensive[bcd95bb2-f878-437b-a74d-528fa7ec6b14] succeeded in 1.7121891330007202s: 'Memory wave: released'
[2026-04-26 02:06:49,927: INFO/ForkPoolWorker-5] Task memory_intensive[cc668615-0da8-4f16-9b91-ca42e4b740cc] succeeded in 1.7119324779996532s: 'Memory wave: released'
[2026-04-26 02:06:49,958: INFO/ForkPoolWorker-4] Task cpu_intensive[0ee1f2eb-2ed6-424c-9194-4dba03912948] succeeded in 1.744438853000247s: 333333283333335000000
[2026-04-26 02:06:50,167: INFO/ForkPoolWorker-3] Task cpu_intensive[986e1002-7278-4cff-989b-0b5efb96fe2a] succeeded in 1.9543186999999307s: 333333283333335000000
[2026-04-26 02:06:50,180: INFO/ForkPoolWorker-8] Task cpu_intensive[6bb0f5c4-ad27-48a4-9f71-f725dab80ce8] succeeded in 1.9678948860000673s: 333333283333335000000
[2026-04-26 02:06:50,184: INFO/ForkPoolWorker-7] Task cpu_intensive[c25f0e90-231a-4dde-a50b-d844a3f1fe46] succeeded in 1.965258845999415s: 333333283333335000000
[2026-04-26 02:06:50,210: INFO/ForkPoolWorker-6] Task cpu_intensive[baf8df32-8298-4fea-bbb9-f1794b4f608a] succeeded in 1.9912844520004s: 333333283333335000000
[2026-04-26 02:06:58,215: INFO/MainProcess] Task memory_intensive[92158c33-bb82-4545-8b93-fee58fc79142] received
[2026-04-26 02:06:58,216: INFO/MainProcess] Task cpu_intensive[179a2bb4-449a-4bfa-9551-c7717b7c0c52] received
[2026-04-26 02:06:58,216: INFO/MainProcess] Task cpu_intensive[e3f16c39-92b7-40ff-b313-18adcf4c65e8] received
[2026-04-26 02:06:58,216: INFO/MainProcess] Task memory_intensive[d992c0f0-e90d-4f50-8d53-e3b3bd79d257] received
[2026-04-26 02:06:58,217: INFO/MainProcess] Task cpu_intensive[18f5a8a8-5cd7-4749-81cf-538ad3781fb4] received
[2026-04-26 02:06:58,217: INFO/MainProcess] Task cpu_intensive[3d64d0fe-b753-449b-8db6-89cddd361ff4] received
[2026-04-26 02:06:58,217: INFO/MainProcess] Task memory_intensive[e1e75e63-f7a3-47c5-8006-5771d7220167] received
[2026-04-26 02:06:58,221: INFO/MainProcess] Task cpu_intensive[fbfa3aab-bf8c-4f1a-bf5c-585bc3389313] received
[2026-04-26 02:06:59,872: INFO/ForkPoolWorker-2] Task cpu_intensive[e3f16c39-92b7-40ff-b313-18adcf4c65e8] succeeded in 1.6500966790008533s: 333333283333335000000
[2026-04-26 02:06:59,883: INFO/ForkPoolWorker-4] Task cpu_intensive[18f5a8a8-5cd7-4749-81cf-538ad3781fb4] succeeded in 1.6656288280009903s: 333333283333335000000
[2026-04-26 02:06:59,900: INFO/ForkPoolWorker-5] Task cpu_intensive[3d64d0fe-b753-449b-8db6-89cddd361ff4] succeeded in 1.6750062780010921s: 333333283333335000000
[2026-04-26 02:06:59,921: INFO/ForkPoolWorker-3] Task memory_intensive[d992c0f0-e90d-4f50-8d53-e3b3bd79d257] succeeded in 1.7016385749993788s: 'Memory wave: released'
[2026-04-26 02:06:59,925: INFO/ForkPoolWorker-6] Task memory_intensive[e1e75e63-f7a3-47c5-8006-5771d7220167] succeeded in 1.7026598890006426s: 'Memory wave: released'
[2026-04-26 02:06:59,931: INFO/ForkPoolWorker-8] Task memory_intensive[92158c33-bb82-4545-8b93-fee58fc79142] succeeded in 1.7143714690009801s: 'Memory wave: released'
[2026-04-26 02:07:00,160: INFO/ForkPoolWorker-7] Task cpu_intensive[fbfa3aab-bf8c-4f1a-bf5c-585bc3389313] succeeded in 1.9347452530000737s: 333333283333335000000
[2026-04-26 02:07:00,192: INFO/ForkPoolWorker-1] Task cpu_intensive[179a2bb4-449a-4bfa-9551-c7717b7c0c52] succeeded in 1.9748231430003216s: 333333283333335000000
[2026-04-26 02:07:08,222: INFO/MainProcess] Task cpu_intensive[926d9542-4833-4353-a1d4-c945036a4e01] received
[2026-04-26 02:07:08,222: INFO/MainProcess] Task memory_intensive[9a783b21-6d52-49c1-a6ae-3c8ca492ce20] received
[2026-04-26 02:07:08,223: INFO/MainProcess] Task cpu_intensive[3e90a100-a8ac-4430-8b09-9ea30e12cf4f] received
[2026-04-26 02:07:08,227: INFO/MainProcess] Task cpu_intensive[559001de-723c-4185-8810-37d331a3181a] received
[2026-04-26 02:07:08,227: INFO/MainProcess] Task memory_intensive[ca38f2e8-c691-4c47-ad04-761b37ed97ab] received
[2026-04-26 02:07:08,227: INFO/MainProcess] Task cpu_intensive[b2e84151-6f37-4e14-8407-f8c782e29c33] received
[2026-04-26 02:07:08,231: INFO/MainProcess] Task cpu_intensive[f67d6ad4-a08f-41e8-9cc1-206d6336f95e] received
[2026-04-26 02:07:08,232: INFO/MainProcess] Task memory_intensive[d2c312b5-d670-46df-bd8a-cccfcb44f82a] received
[2026-04-26 02:07:09,873: INFO/ForkPoolWorker-3] Task cpu_intensive[559001de-723c-4185-8810-37d331a3181a] succeeded in 1.6409462800002075s: 333333283333335000000
[2026-04-26 02:07:09,904: INFO/ForkPoolWorker-5] Task cpu_intensive[b2e84151-6f37-4e14-8407-f8c782e29c33] succeeded in 1.6712598249996518s: 333333283333335000000
[2026-04-26 02:07:09,924: INFO/ForkPoolWorker-4] Task memory_intensive[ca38f2e8-c691-4c47-ad04-761b37ed97ab] succeeded in 1.692714185001023s: 'Memory wave: released'
[2026-04-26 02:07:09,945: INFO/ForkPoolWorker-1] Task memory_intensive[9a783b21-6d52-49c1-a6ae-3c8ca492ce20] succeeded in 1.7215781670001888s: 'Memory wave: released'
[2026-04-26 02:07:09,945: INFO/ForkPoolWorker-7] Task memory_intensive[d2c312b5-d670-46df-bd8a-cccfcb44f82a] succeeded in 1.708128520000173s: 'Memory wave: released'
[2026-04-26 02:07:10,169: INFO/ForkPoolWorker-6] Task cpu_intensive[f67d6ad4-a08f-41e8-9cc1-206d6336f95e] succeeded in 1.9356834029986203s: 333333283333335000000
[2026-04-26 02:07:10,270: INFO/ForkPoolWorker-8] Task cpu_intensive[926d9542-4833-4353-a1d4-c945036a4e01] succeeded in 2.047384415000124s: 333333283333335000000
[2026-04-26 02:07:10,271: INFO/ForkPoolWorker-2] Task cpu_intensive[3e90a100-a8ac-4430-8b09-9ea30e12cf4f] succeeded in 2.043298323000272s: 333333283333335000000
[2026-04-26 02:07:18,227: INFO/MainProcess] Task cpu_intensive[349f1c33-aa2d-4dc4-bc34-dd765178823b] received
[2026-04-26 02:07:18,228: INFO/MainProcess] Task cpu_intensive[1f4df5c8-f970-4aef-be7e-938a8eac1913] received
[2026-04-26 02:07:18,228: INFO/MainProcess] Task memory_intensive[46000cb7-462b-4c5b-808b-4a2c9b0ccc1f] received
[2026-04-26 02:07:18,229: INFO/MainProcess] Task cpu_intensive[7c12684b-d7f8-4935-ba84-ee41c70837a5] received
[2026-04-26 02:07:18,229: INFO/MainProcess] Task cpu_intensive[5e2abe69-6161-42b7-b5ae-a984189cea4c] received
[2026-04-26 02:07:18,229: INFO/MainProcess] Task memory_intensive[2312d1a2-1b5e-4192-87f1-5653560be48d] received
[2026-04-26 02:07:18,230: INFO/MainProcess] Task cpu_intensive[c10daf0a-ce6d-4b3c-98f6-0557daf285f4] received
[2026-04-26 02:07:18,231: INFO/MainProcess] Task cpu_intensive[1fe7d5d1-6fc1-412c-be0a-4d15b26729c2] received
[2026-04-26 02:07:19,938: INFO/ForkPoolWorker-2] Task memory_intensive[46000cb7-462b-4c5b-808b-4a2c9b0ccc1f] succeeded in 1.7062254439988465s: 'Memory wave: released'
[2026-04-26 02:07:19,950: INFO/ForkPoolWorker-5] Task memory_intensive[2312d1a2-1b5e-4192-87f1-5653560be48d] succeeded in 1.714824413000315s: 'Memory wave: released'
[2026-04-26 02:07:20,055: INFO/ForkPoolWorker-3] Task cpu_intensive[7c12684b-d7f8-4935-ba84-ee41c70837a5] succeeded in 1.824622570999054s: 333333283333335000000
[2026-04-26 02:07:20,085: INFO/ForkPoolWorker-6] Task cpu_intensive[c10daf0a-ce6d-4b3c-98f6-0557daf285f4] succeeded in 1.8465061629995034s: 333333283333335000000
[2026-04-26 02:07:20,138: INFO/ForkPoolWorker-7] Task cpu_intensive[1fe7d5d1-6fc1-412c-be0a-4d15b26729c2] succeeded in 1.903723068000545s: 333333283333335000000
[2026-04-26 02:07:20,176: INFO/ForkPoolWorker-8] Task cpu_intensive[349f1c33-aa2d-4dc4-bc34-dd765178823b] succeeded in 1.9470363039999938s: 333333283333335000000
[2026-04-26 02:07:20,250: INFO/ForkPoolWorker-4] Task cpu_intensive[5e2abe69-6161-42b7-b5ae-a984189cea4c] succeeded in 2.018753087000732s: 333333283333335000000
[2026-04-26 02:07:20,263: INFO/ForkPoolWorker-1] Task cpu_intensive[1f4df5c8-f970-4aef-be7e-938a8eac1913] succeeded in 2.032920326000749s: 333333283333335000000
[2026-04-26 02:07:28,233: INFO/MainProcess] Task memory_intensive[e7968664-b9c4-4c7c-856e-e5e38ea43ffc] received
[2026-04-26 02:07:28,233: INFO/MainProcess] Task cpu_intensive[2ad29641-3584-4b57-b3c0-d0673dac3c10] received
[2026-04-26 02:07:28,234: INFO/MainProcess] Task cpu_intensive[50555fc9-313d-44d6-abf5-d095efcca59e] received
[2026-04-26 02:07:28,238: INFO/MainProcess] Task memory_intensive[51c18fb4-f6a2-45de-a43b-09aa416d981b] received
[2026-04-26 02:07:28,238: INFO/MainProcess] Task cpu_intensive[954cbf52-a226-452c-9d7c-c8c413c47884] received
[2026-04-26 02:07:28,238: INFO/MainProcess] Task cpu_intensive[a17d6b23-6224-4707-8b86-89fd832704b0] received
[2026-04-26 02:07:28,239: INFO/MainProcess] Task memory_intensive[5e4c782c-448e-478e-92ca-17e22af01afa] received
[2026-04-26 02:07:28,239: INFO/MainProcess] Task cpu_intensive[e9cff744-6fbd-42a6-84c7-8da93e244416] received
[2026-04-26 02:07:29,921: INFO/ForkPoolWorker-4] Task cpu_intensive[954cbf52-a226-452c-9d7c-c8c413c47884] succeeded in 1.6813198839990946s: 333333283333335000000
[2026-04-26 02:07:29,936: INFO/ForkPoolWorker-2] Task cpu_intensive[50555fc9-313d-44d6-abf5-d095efcca59e] succeeded in 1.701959034000538s: 333333283333335000000
[2026-04-26 02:07:29,962: INFO/ForkPoolWorker-6] Task memory_intensive[5e4c782c-448e-478e-92ca-17e22af01afa] succeeded in 1.7169579790006537s: 'Memory wave: released'
[2026-04-26 02:07:29,962: INFO/ForkPoolWorker-8] Task memory_intensive[e7968664-b9c4-4c7c-856e-e5e38ea43ffc] succeeded in 1.7218693510003504s: 'Memory wave: released'
[2026-04-26 02:07:29,964: INFO/ForkPoolWorker-3] Task memory_intensive[51c18fb4-f6a2-45de-a43b-09aa416d981b] succeeded in 1.7250923850006075s: 'Memory wave: released'
[2026-04-26 02:07:29,985: INFO/ForkPoolWorker-5] Task cpu_intensive[a17d6b23-6224-4707-8b86-89fd832704b0] succeeded in 1.7465893580010743s: 333333283333335000000
[2026-04-26 02:07:30,226: INFO/ForkPoolWorker-7] Task cpu_intensive[e9cff744-6fbd-42a6-84c7-8da93e244416] succeeded in 1.9814310679994378s: 333333283333335000000
[2026-04-26 02:07:30,254: INFO/ForkPoolWorker-1] Task cpu_intensive[2ad29641-3584-4b57-b3c0-d0673dac3c10] succeeded in 2.019673220000186s: 333333283333335000000
[2026-04-26 02:07:38,239: INFO/MainProcess] Task cpu_intensive[2977798f-a82c-4787-b333-04427ed31790] received
[2026-04-26 02:07:38,239: INFO/MainProcess] Task memory_intensive[4648bee9-b820-4b00-bb07-61efc621780b] received
[2026-04-26 02:07:38,240: INFO/MainProcess] Task cpu_intensive[a1225d7b-3f12-4ab3-be88-ceb65f40e7b7] received
[2026-04-26 02:07:38,244: INFO/MainProcess] Task cpu_intensive[967239ee-6e98-4315-9c26-6f339034a214] received
[2026-04-26 02:07:38,244: INFO/MainProcess] Task memory_intensive[31be8ef5-0117-48fb-8952-6c3b1147cf33] received
[2026-04-26 02:07:38,244: INFO/MainProcess] Task cpu_intensive[fb3389e7-9204-4d8c-9e3c-9afde3dcb317] received
[2026-04-26 02:07:38,248: INFO/MainProcess] Task cpu_intensive[7c1cdfe3-e650-45d8-b16d-4e28198ac575] received
[2026-04-26 02:07:38,249: INFO/MainProcess] Task memory_intensive[2ae054a6-f96f-4e0c-b7cf-b3827709232b] received
[2026-04-26 02:07:39,872: INFO/ForkPoolWorker-3] Task cpu_intensive[967239ee-6e98-4315-9c26-6f339034a214] succeeded in 1.6225541410003643s: 333333283333335000000
[2026-04-26 02:07:39,923: INFO/ForkPoolWorker-5] Task cpu_intensive[fb3389e7-9204-4d8c-9e3c-9afde3dcb317] succeeded in 1.6677334749983856s: 333333283333335000000
[2026-04-26 02:07:39,950: INFO/ForkPoolWorker-4] Task memory_intensive[31be8ef5-0117-48fb-8952-6c3b1147cf33] succeeded in 1.7020125969993387s: 'Memory wave: released'
[2026-04-26 02:07:39,951: INFO/ForkPoolWorker-7] Task memory_intensive[2ae054a6-f96f-4e0c-b7cf-b3827709232b] succeeded in 1.7018212399998447s: 'Memory wave: released'
[2026-04-26 02:07:39,961: INFO/ForkPoolWorker-1] Task memory_intensive[4648bee9-b820-4b00-bb07-61efc621780b] succeeded in 1.7205021300014778s: 'Memory wave: released'
[2026-04-26 02:07:40,171: INFO/ForkPoolWorker-2] Task cpu_intensive[a1225d7b-3f12-4ab3-be88-ceb65f40e7b7] succeeded in 1.925996820000364s: 333333283333335000000
[2026-04-26 02:07:40,191: INFO/ForkPoolWorker-8] Task cpu_intensive[2977798f-a82c-4787-b333-04427ed31790] succeeded in 1.9505565540002863s: 333333283333335000000
[2026-04-26 02:07:40,351: INFO/ForkPoolWorker-6] Task cpu_intensive[7c1cdfe3-e650-45d8-b16d-4e28198ac575] succeeded in 2.1015371220000816s: 333333283333335000000

worker: Warm shutdown (MainProcess)
