 
 -------------- celery@golubev-BMH-WCX9 v5.6.3 (recovery)
--- ***** ----- 
-- ******* ---- Linux-6.8.0-110-generic-x86_64-with-glibc2.39 2026-04-26 22:09:25
- *** --- * --- 
- ** ---------- [config]
- ** ---------- .> app:         __main__:0x7790cd93d520
- ** ---------- .> transport:   amqp://celery_demo:**@localhost:5672//
- ** ---------- .> results:     disabled://
- *** --- * --- .> concurrency: {min=4, max=8} (prefork)
-- ******* ---- .> task events: OFF (enable -E to monitor tasks in this worker)
--- ***** ----- 
 -------------- [queues]
                .> celery           exchange=celery(direct) key=celery
                

[tasks]
  . cpu_intensive
  . memory_intensive

[2026-04-26 22:09:25,349: INFO/MainProcess] Connected to amqp://celery_demo:**@127.0.0.1:5672//
[2026-04-26 22:09:25,352: INFO/MainProcess] mingle: searching for neighbors
[2026-04-26 22:09:26,369: INFO/MainProcess] mingle: all alone
[2026-04-26 22:09:26,388: INFO/MainProcess] celery@golubev-BMH-WCX9 ready.
[2026-04-26 22:09:26,389: INFO/MainProcess] Task cpu_intensive[2aff3111-d04e-44df-b19a-132571d5bd62] received
[2026-04-26 22:09:26,389: INFO/MainProcess] Task cpu_intensive[e5c6888b-ea7d-43af-bde2-aabada714d05] received
[2026-04-26 22:09:26,389: INFO/MainProcess] Task memory_intensive[b516006e-888a-4847-8343-ef48b1f4d51c] received
[2026-04-26 22:09:26,390: INFO/MainProcess] Task cpu_intensive[ea8ba95b-a957-46a0-8d75-4ffc48ef0e8c] received
[2026-04-26 22:09:26,390: INFO/MainProcess] Task cpu_intensive[f247c087-9be0-498f-8e4a-07934839322e] received
[2026-04-26 22:09:26,390: INFO/MainProcess] Scaling up 1 processes.
[2026-04-26 22:09:26,413: INFO/MainProcess] Task memory_intensive[5da26a9e-e5ec-4fa0-8e26-a48ca361c8a9] received
[2026-04-26 22:09:26,414: INFO/MainProcess] Scaling up 1 processes.
[2026-04-26 22:09:26,438: INFO/MainProcess] Task cpu_intensive[75937b33-0dd2-4646-9be9-9784057123fc] received
[2026-04-26 22:09:26,438: INFO/MainProcess] Scaling up 1 processes.
[2026-04-26 22:09:26,462: INFO/MainProcess] Task cpu_intensive[fc030339-527a-447f-85b6-8148c19a08f2] received
[2026-04-26 22:09:26,463: INFO/MainProcess] Scaling up 1 processes.
[2026-04-26 22:09:28,228: INFO/ForkPoolWorker-8] Task cpu_intensive[fc030339-527a-447f-85b6-8148c19a08f2] succeeded in 1.6295073829969624s: 333333283333335000000
[2026-04-26 22:09:28,348: INFO/ForkPoolWorker-4] Task cpu_intensive[75937b33-0dd2-4646-9be9-9784057123fc] succeeded in 1.7507006230007391s: 333333283333335000000
[2026-04-26 22:09:28,391: INFO/ForkPoolWorker-6] Task memory_intensive[b516006e-888a-4847-8343-ef48b1f4d51c] succeeded in 1.8009603849932319s: 'Memory wave: released'
[2026-04-26 22:09:28,409: INFO/ForkPoolWorker-7] Task memory_intensive[5da26a9e-e5ec-4fa0-8e26-a48ca361c8a9] succeeded in 1.8132315160037251s: 'Memory wave: released'
[2026-04-26 22:09:28,541: INFO/ForkPoolWorker-2] Task cpu_intensive[ea8ba95b-a957-46a0-8d75-4ffc48ef0e8c] succeeded in 1.9494148980011232s: 333333283333335000000
[2026-04-26 22:09:28,559: INFO/ForkPoolWorker-1] Task cpu_intensive[e5c6888b-ea7d-43af-bde2-aabada714d05] succeeded in 1.969665113996598s: 333333283333335000000
[2026-04-26 22:09:28,560: INFO/ForkPoolWorker-3] Task cpu_intensive[f247c087-9be0-498f-8e4a-07934839322e] succeeded in 1.9682188340084394s: 333333283333335000000
[2026-04-26 22:09:28,628: INFO/ForkPoolWorker-5] Task cpu_intensive[2aff3111-d04e-44df-b19a-132571d5bd62] succeeded in 2.0388806410046527s: 333333283333335000000
[2026-04-26 22:09:36,195: INFO/MainProcess] Task memory_intensive[6795e81e-acba-47bd-b0a4-49a14dceb4a9] received
[2026-04-26 22:09:36,195: INFO/MainProcess] Task cpu_intensive[7c9ff844-915d-4806-81b5-4838ad94f6a3] received
[2026-04-26 22:09:36,196: INFO/MainProcess] Task cpu_intensive[26859ffe-7487-4dcf-acb7-97bbda72b765] received
[2026-04-26 22:09:36,197: INFO/MainProcess] Task memory_intensive[a9bd70d2-3c9d-451e-a27f-a39ec1eda236] received
[2026-04-26 22:09:36,197: INFO/MainProcess] Task cpu_intensive[a9c6a47d-0e0a-44b3-bf21-be35a0bbc78b] received
[2026-04-26 22:09:36,197: INFO/MainProcess] Task cpu_intensive[0f876524-1788-41e3-bc18-896d46845793] received
[2026-04-26 22:09:36,198: INFO/MainProcess] Task memory_intensive[4ca67b49-ec9f-41ee-aaa7-8f66fafac6bb] received
[2026-04-26 22:09:36,198: INFO/MainProcess] Task cpu_intensive[32eebb17-b767-4642-801b-9937ee5956d3] received
[2026-04-26 22:09:37,837: INFO/ForkPoolWorker-1] Task cpu_intensive[7c9ff844-915d-4806-81b5-4838ad94f6a3] succeeded in 1.63913681700069s: 333333283333335000000
[2026-04-26 22:09:37,879: INFO/ForkPoolWorker-3] Task cpu_intensive[a9c6a47d-0e0a-44b3-bf21-be35a0bbc78b] succeeded in 1.6812431780126644s: 333333283333335000000
[2026-04-26 22:09:37,952: INFO/ForkPoolWorker-6] Task cpu_intensive[26859ffe-7487-4dcf-acb7-97bbda72b765] succeeded in 1.7500899599981494s: 333333283333335000000
[2026-04-26 22:09:37,994: INFO/ForkPoolWorker-2] Task memory_intensive[a9bd70d2-3c9d-451e-a27f-a39ec1eda236] succeeded in 1.794691850009258s: 'Memory wave: released'
[2026-04-26 22:09:38,009: INFO/ForkPoolWorker-4] Task memory_intensive[4ca67b49-ec9f-41ee-aaa7-8f66fafac6bb] succeeded in 1.8042153369897278s: 'Memory wave: released'
[2026-04-26 22:09:38,011: INFO/ForkPoolWorker-5] Task memory_intensive[6795e81e-acba-47bd-b0a4-49a14dceb4a9] succeeded in 1.8141772669914644s: 'Memory wave: released'
[2026-04-26 22:09:38,157: INFO/ForkPoolWorker-8] Task cpu_intensive[32eebb17-b767-4642-801b-9937ee5956d3] succeeded in 1.9534803919959813s: 333333283333335000000
[2026-04-26 22:09:38,239: INFO/ForkPoolWorker-7] Task cpu_intensive[0f876524-1788-41e3-bc18-896d46845793] succeeded in 2.0409695049893344s: 333333283333335000000
[2026-04-26 22:09:46,201: INFO/MainProcess] Task cpu_intensive[b2d9b0b6-96ad-4a8a-9075-673dc8fe0fb7] received
[2026-04-26 22:09:46,202: INFO/MainProcess] Task memory_intensive[7825d80e-3bff-460d-9547-aad928acc354] received
[2026-04-26 22:09:46,202: INFO/MainProcess] Task cpu_intensive[fecdad2a-8f83-45c2-bf31-ce34d7231d05] received
[2026-04-26 22:09:46,206: INFO/MainProcess] Task cpu_intensive[5ee2b25a-02cd-4d46-9035-bfe9fed92fc0] received
[2026-04-26 22:09:46,207: INFO/MainProcess] Task memory_intensive[476eb5a4-7cfb-4192-9d34-77bb2d8ce840] received
[2026-04-26 22:09:46,207: INFO/MainProcess] Task cpu_intensive[658ea557-4fd1-4a69-8eac-4f61de4f1253] received
[2026-04-26 22:09:46,211: INFO/MainProcess] Task cpu_intensive[104152fc-0791-4798-981d-a552878687f8] received
[2026-04-26 22:09:46,212: INFO/MainProcess] Task memory_intensive[71838aa1-a65a-43f9-bdf2-ce6cefd279d4] received
[2026-04-26 22:09:47,900: INFO/ForkPoolWorker-2] Task cpu_intensive[5ee2b25a-02cd-4d46-9035-bfe9fed92fc0] succeeded in 1.6925950320000993s: 333333283333335000000
[2026-04-26 22:09:47,909: INFO/ForkPoolWorker-7] Task cpu_intensive[658ea557-4fd1-4a69-8eac-4f61de4f1253] succeeded in 1.6954078359995037s: 333333283333335000000
[2026-04-26 22:09:48,049: INFO/ForkPoolWorker-8] Task memory_intensive[71838aa1-a65a-43f9-bdf2-ce6cefd279d4] succeeded in 1.8305997249990469s: 'Memory wave: released'
[2026-04-26 22:09:48,058: INFO/ForkPoolWorker-3] Task memory_intensive[476eb5a4-7cfb-4192-9d34-77bb2d8ce840] succeeded in 1.8459610569989309s: 'Memory wave: released'
[2026-04-26 22:09:48,059: INFO/ForkPoolWorker-1] Task memory_intensive[7825d80e-3bff-460d-9547-aad928acc354] succeeded in 1.8511700790113537s: 'Memory wave: released'
[2026-04-26 22:09:48,099: INFO/ForkPoolWorker-4] Task cpu_intensive[104152fc-0791-4798-981d-a552878687f8] succeeded in 1.884043690006365s: 333333283333335000000
[2026-04-26 22:09:48,256: INFO/ForkPoolWorker-6] Task cpu_intensive[fecdad2a-8f83-45c2-bf31-ce34d7231d05] succeeded in 2.0494310349895386s: 333333283333335000000
[2026-04-26 22:09:48,441: INFO/ForkPoolWorker-5] Task cpu_intensive[b2d9b0b6-96ad-4a8a-9075-673dc8fe0fb7] succeeded in 2.238736080005765s: 333333283333335000000
[2026-04-26 22:09:56,207: INFO/MainProcess] Task cpu_intensive[5fa3b660-0dc4-4b90-920f-d1ce62bb80b9] received
[2026-04-26 22:09:56,207: INFO/MainProcess] Task cpu_intensive[79bda510-51bc-4a67-a87f-e063f9bb5f92] received
[2026-04-26 22:09:56,208: INFO/MainProcess] Task memory_intensive[8faa5094-6e1e-483d-b057-543d94bcdd7b] received
[2026-04-26 22:09:56,208: INFO/MainProcess] Task cpu_intensive[4a302559-1db7-4547-8b61-45e396cf23b5] received
[2026-04-26 22:09:56,209: INFO/MainProcess] Task cpu_intensive[25b99b89-794c-40fe-a92c-f60cce542f8f] received
[2026-04-26 22:09:56,209: INFO/MainProcess] Task memory_intensive[5a1dcdb3-5444-4dc5-aad6-f7971de01b16] received
[2026-04-26 22:09:56,213: INFO/MainProcess] Task cpu_intensive[b3896ca7-78ff-4e16-a29f-19e51198b481] received
[2026-04-26 22:09:56,214: INFO/MainProcess] Task cpu_intensive[9b112830-00fb-41e9-ad56-e6b1a821e8a8] received
[2026-04-26 22:09:57,921: INFO/ForkPoolWorker-6] Task memory_intensive[8faa5094-6e1e-483d-b057-543d94bcdd7b] succeeded in 1.709729280002648s: 'Memory wave: released'
[2026-04-26 22:09:57,942: INFO/ForkPoolWorker-7] Task memory_intensive[5a1dcdb3-5444-4dc5-aad6-f7971de01b16] succeeded in 1.727502893001656s: 'Memory wave: released'
[2026-04-26 22:09:58,031: INFO/ForkPoolWorker-8] Task cpu_intensive[9b112830-00fb-41e9-ad56-e6b1a821e8a8] succeeded in 1.8135008200042648s: 333333283333335000000
[2026-04-26 22:09:58,090: INFO/ForkPoolWorker-3] Task cpu_intensive[25b99b89-794c-40fe-a92c-f60cce542f8f] succeeded in 1.8807955180091085s: 333333283333335000000
[2026-04-26 22:09:58,106: INFO/ForkPoolWorker-5] Task cpu_intensive[5fa3b660-0dc4-4b90-920f-d1ce62bb80b9] succeeded in 1.8978278689901344s: 333333283333335000000
[2026-04-26 22:09:58,218: INFO/ForkPoolWorker-1] Task cpu_intensive[79bda510-51bc-4a67-a87f-e063f9bb5f92] succeeded in 2.0087284939945675s: 333333283333335000000
[2026-04-26 22:09:58,260: INFO/ForkPoolWorker-2] Task cpu_intensive[4a302559-1db7-4547-8b61-45e396cf23b5] succeeded in 2.0508801809919532s: 333333283333335000000
[2026-04-26 22:09:58,339: INFO/ForkPoolWorker-4] Task cpu_intensive[b3896ca7-78ff-4e16-a29f-19e51198b481] succeeded in 2.124844147998374s: 333333283333335000000
[2026-04-26 22:10:06,213: INFO/MainProcess] Task memory_intensive[ea166420-2bae-43b0-bdf8-49ff0fa43462] received
[2026-04-26 22:10:06,213: INFO/MainProcess] Scaling down 4 processes.
[2026-04-26 22:10:06,214: INFO/MainProcess] Task cpu_intensive[70f9430e-c6fc-4156-baed-de480ab98919] received
[2026-04-26 22:10:06,215: INFO/MainProcess] Task cpu_intensive[ca873f22-d4cc-414b-a0b9-d305a8be4b75] received
[2026-04-26 22:10:06,219: INFO/MainProcess] Task memory_intensive[6b1452a1-4e16-46f0-b32c-566a7e6a3955] received
[2026-04-26 22:10:06,219: INFO/MainProcess] Task cpu_intensive[8fd8c0fb-0574-4105-8f84-aca546f6b754] received
[2026-04-26 22:10:06,219: INFO/MainProcess] Scaling up 1 processes.
[2026-04-26 22:10:06,219: INFO/MainProcess] Task cpu_intensive[373b7cc5-3298-4808-b150-92715e1137dd] received
[2026-04-26 22:10:06,220: INFO/MainProcess] Scaling up 1 processes.
[2026-04-26 22:10:06,221: INFO/MainProcess] Task memory_intensive[c1a1bbd6-1098-4dfe-8308-d04207366f9c] received
[2026-04-26 22:10:06,221: INFO/MainProcess] Scaling up 1 processes.
[2026-04-26 22:10:06,221: INFO/MainProcess] Task cpu_intensive[1e879086-0952-4b7b-99cf-cd2a17828f3b] received
[2026-04-26 22:10:06,221: INFO/MainProcess] Scaling up 1 processes.
[2026-04-26 22:10:07,849: INFO/ForkPoolWorker-6] Task cpu_intensive[ca873f22-d4cc-414b-a0b9-d305a8be4b75] succeeded in 1.6278883339982713s: 333333283333335000000
[2026-04-26 22:10:07,883: INFO/ForkPoolWorker-7] Task cpu_intensive[373b7cc5-3298-4808-b150-92715e1137dd] succeeded in 1.6627873929974157s: 333333283333335000000
[2026-04-26 22:10:07,897: INFO/ForkPoolWorker-5] Task memory_intensive[ea166420-2bae-43b0-bdf8-49ff0fa43462] succeeded in 1.6813758790085558s: 'Memory wave: released'
[2026-04-26 22:10:08,085: INFO/ForkPoolWorker-10] Task cpu_intensive[8fd8c0fb-0574-4105-8f84-aca546f6b754] succeeded in 1.6951261139911367s: 333333283333335000000
[2026-04-26 22:10:08,159: INFO/ForkPoolWorker-8] Task cpu_intensive[1e879086-0952-4b7b-99cf-cd2a17828f3b] succeeded in 1.9373981290118536s: 333333283333335000000
[2026-04-26 22:10:08,164: INFO/ForkPoolWorker-9] Task memory_intensive[c1a1bbd6-1098-4dfe-8308-d04207366f9c] succeeded in 1.771907493006438s: 'Memory wave: released'
[2026-04-26 22:10:08,170: INFO/ForkPoolWorker-11] Task memory_intensive[6b1452a1-4e16-46f0-b32c-566a7e6a3955] succeeded in 1.7837921400059713s: 'Memory wave: released'
[2026-04-26 22:10:08,268: INFO/ForkPoolWorker-12] Task cpu_intensive[70f9430e-c6fc-4156-baed-de480ab98919] succeeded in 1.8686058910097927s: 333333283333335000000
[2026-04-26 22:10:16,219: INFO/MainProcess] Task cpu_intensive[1e70b7bc-a11e-4b77-9ce6-9fd47e5dcc6b] received
[2026-04-26 22:10:16,220: INFO/MainProcess] Task memory_intensive[6df03b51-c902-42b8-927d-e4387eb69792] received
[2026-04-26 22:10:16,221: INFO/MainProcess] Task cpu_intensive[81d93ffe-223f-4388-8d4d-692741151d55] received
[2026-04-26 22:10:16,221: INFO/MainProcess] Task cpu_intensive[e4bfe45b-9f15-43f4-b468-5d1ed5ad7a88] received
[2026-04-26 22:10:16,222: INFO/MainProcess] Task memory_intensive[4bfcb529-4f0c-4bba-8901-7668244cff99] received
[2026-04-26 22:10:16,222: INFO/MainProcess] Task cpu_intensive[66f041fd-1664-4de7-9188-812818844138] received
[2026-04-26 22:10:16,226: INFO/MainProcess] Task cpu_intensive[c33f8fa0-92e8-4170-9859-9208e7115f64] received
[2026-04-26 22:10:16,226: INFO/MainProcess] Task memory_intensive[ef649217-96c3-4fa1-8272-15a03e7c0515] received
[2026-04-26 22:10:17,836: INFO/ForkPoolWorker-7] Task cpu_intensive[66f041fd-1664-4de7-9188-812818844138] succeeded in 1.608839127002284s: 333333283333335000000
[2026-04-26 22:10:17,841: INFO/ForkPoolWorker-10] Task cpu_intensive[e4bfe45b-9f15-43f4-b468-5d1ed5ad7a88] succeeded in 1.6145369470032165s: 333333283333335000000
[2026-04-26 22:10:17,913: INFO/ForkPoolWorker-9] Task memory_intensive[6df03b51-c902-42b8-927d-e4387eb69792] succeeded in 1.691236755999853s: 'Memory wave: released'
[2026-04-26 22:10:17,937: INFO/ForkPoolWorker-11] Task memory_intensive[4bfcb529-4f0c-4bba-8901-7668244cff99] succeeded in 1.7097923480032478s: 'Memory wave: released'
[2026-04-26 22:10:17,939: INFO/ForkPoolWorker-8] Task memory_intensive[ef649217-96c3-4fa1-8272-15a03e7c0515] succeeded in 1.712752580002416s: 'Memory wave: released'
[2026-04-26 22:10:18,078: INFO/ForkPoolWorker-12] Task cpu_intensive[c33f8fa0-92e8-4170-9859-9208e7115f64] succeeded in 1.8472544690012s: 333333283333335000000
[2026-04-26 22:10:18,159: INFO/ForkPoolWorker-6] Task cpu_intensive[81d93ffe-223f-4388-8d4d-692741151d55] succeeded in 1.9374125190079212s: 333333283333335000000
[2026-04-26 22:10:18,244: INFO/ForkPoolWorker-5] Task cpu_intensive[1e70b7bc-a11e-4b77-9ce6-9fd47e5dcc6b] succeeded in 2.0198361280054087s: 333333283333335000000
[2026-04-26 22:10:26,225: INFO/MainProcess] Task cpu_intensive[f50b943e-e460-450f-ae7e-dfc4472716cc] received
[2026-04-26 22:10:26,226: INFO/MainProcess] Task cpu_intensive[3c4204fc-33ae-4eb9-b1be-4937ae8c0d79] received
[2026-04-26 22:10:26,226: INFO/MainProcess] Task memory_intensive[b7d43ea0-5684-4632-a8b3-73c99e705c28] received
[2026-04-26 22:10:26,226: INFO/MainProcess] Task cpu_intensive[467880d2-0299-4bb3-8582-97cb89786ee2] received
[2026-04-26 22:10:26,227: INFO/MainProcess] Task cpu_intensive[84e0b0f6-b230-4288-8ff5-1e80ada7ceba] received
[2026-04-26 22:10:26,227: INFO/MainProcess] Task memory_intensive[85f79218-feac-44c8-a818-6dd5f736824f] received
[2026-04-26 22:10:26,227: INFO/MainProcess] Task cpu_intensive[c8d3ae18-6cbb-426f-a0b7-a5b9a67327e2] received
[2026-04-26 22:10:26,228: INFO/MainProcess] Task cpu_intensive[edf2fbf5-ab9b-4e78-993d-3de8a1364deb] received
[2026-04-26 22:10:27,943: INFO/ForkPoolWorker-7] Task memory_intensive[85f79218-feac-44c8-a818-6dd5f736824f] succeeded in 1.7133792419917881s: 'Memory wave: released'
[2026-04-26 22:10:27,961: INFO/ForkPoolWorker-6] Task memory_intensive[b7d43ea0-5684-4632-a8b3-73c99e705c28] succeeded in 1.732955519008101s: 'Memory wave: released'
[2026-04-26 22:10:27,999: INFO/ForkPoolWorker-9] Task cpu_intensive[3c4204fc-33ae-4eb9-b1be-4937ae8c0d79] succeeded in 1.7710792170109926s: 333333283333335000000
[2026-04-26 22:10:28,059: INFO/ForkPoolWorker-12] Task cpu_intensive[c8d3ae18-6cbb-426f-a0b7-a5b9a67327e2] succeeded in 1.8269513880077284s: 333333283333335000000
[2026-04-26 22:10:28,188: INFO/ForkPoolWorker-5] Task cpu_intensive[f50b943e-e460-450f-ae7e-dfc4472716cc] succeeded in 1.9618903929949738s: 333333283333335000000
[2026-04-26 22:10:28,214: INFO/ForkPoolWorker-8] Task cpu_intensive[edf2fbf5-ab9b-4e78-993d-3de8a1364deb] succeeded in 1.979069613997126s: 333333283333335000000
[2026-04-26 22:10:28,241: INFO/ForkPoolWorker-10] Task cpu_intensive[467880d2-0299-4bb3-8582-97cb89786ee2] succeeded in 2.0099053470039507s: 333333283333335000000
[2026-04-26 22:10:28,269: INFO/ForkPoolWorker-11] Task cpu_intensive[84e0b0f6-b230-4288-8ff5-1e80ada7ceba] succeeded in 2.0369689789949916s: 333333283333335000000
[2026-04-26 22:10:36,234: INFO/MainProcess] Task memory_intensive[9314b554-96a1-4661-b4f9-8c3e35b7e05b] received
[2026-04-26 22:10:36,234: INFO/MainProcess] Scaling down 4 processes.
[2026-04-26 22:10:36,235: INFO/MainProcess] Task cpu_intensive[d917ea40-f277-4938-a297-3df22d10b066] received
[2026-04-26 22:10:36,235: INFO/MainProcess] Task cpu_intensive[9890adc7-b5d4-4732-bbef-b10b8bf0b7cf] received
[2026-04-26 22:10:36,236: INFO/MainProcess] Task memory_intensive[1b53efff-5f41-4346-a59f-83aab92e3b3d] received
[2026-04-26 22:10:36,236: INFO/MainProcess] Task cpu_intensive[3ab96fc6-4325-499c-a53f-e8124008e2bd] received
[2026-04-26 22:10:36,236: INFO/MainProcess] Scaling up 1 processes.
[2026-04-26 22:10:36,237: INFO/MainProcess] Task cpu_intensive[8f3c1f4c-6955-4859-864c-78788b9cd351] received
[2026-04-26 22:10:36,237: INFO/MainProcess] Scaling up 1 processes.
[2026-04-26 22:10:36,241: INFO/MainProcess] Task memory_intensive[f743cdd1-89c3-4c64-a9af-44c115d2f319] received
[2026-04-26 22:10:36,241: INFO/MainProcess] Scaling up 1 processes.
[2026-04-26 22:10:36,241: INFO/MainProcess] Task cpu_intensive[2cb64485-1cf4-4efe-b595-4bc8408d1cd5] received
[2026-04-26 22:10:36,241: INFO/MainProcess] Scaling up 1 processes.
[2026-04-26 22:10:37,993: INFO/ForkPoolWorker-11] Task cpu_intensive[3ab96fc6-4325-499c-a53f-e8124008e2bd] succeeded in 1.7480604070005938s: 333333283333335000000
[2026-04-26 22:10:38,048: INFO/ForkPoolWorker-12] Task memory_intensive[f743cdd1-89c3-4c64-a9af-44c115d2f319] succeeded in 1.8060689289995935s: 'Memory wave: released'
[2026-04-26 22:10:38,051: INFO/ForkPoolWorker-10] Task memory_intensive[1b53efff-5f41-4346-a59f-83aab92e3b3d] succeeded in 1.8060567080101464s: 'Memory wave: released'
[2026-04-26 22:10:38,136: INFO/ForkPoolWorker-13] Task cpu_intensive[9890adc7-b5d4-4732-bbef-b10b8bf0b7cf] succeeded in 1.7054357069864636s: 333333283333335000000
[2026-04-26 22:10:38,190: INFO/ForkPoolWorker-9] Task cpu_intensive[d917ea40-f277-4938-a297-3df22d10b066] succeeded in 1.9540308750001714s: 333333283333335000000
[2026-04-26 22:10:38,205: INFO/ForkPoolWorker-16] Task memory_intensive[9314b554-96a1-4661-b4f9-8c3e35b7e05b] succeeded in 1.7697706610051682s: 'Memory wave: released'
[2026-04-26 22:10:38,228: INFO/ForkPoolWorker-14] Task cpu_intensive[2cb64485-1cf4-4efe-b595-4bc8408d1cd5] succeeded in 1.7973596160009038s: 333333283333335000000
[2026-04-26 22:10:38,436: INFO/ForkPoolWorker-15] Task cpu_intensive[8f3c1f4c-6955-4859-864c-78788b9cd351] succeeded in 2.0052807339961873s: 333333283333335000000
[2026-04-26 22:10:46,240: INFO/MainProcess] Task cpu_intensive[08ae58f6-5c67-483d-915f-a36b5ea0ac46] received
[2026-04-26 22:10:46,241: INFO/MainProcess] Task memory_intensive[d31308fb-fef6-427c-a92a-9e42cbf1044a] received
[2026-04-26 22:10:46,242: INFO/MainProcess] Task cpu_intensive[cc4663c8-58d6-4a6b-be80-a42d6456778b] received
[2026-04-26 22:10:46,246: INFO/MainProcess] Task cpu_intensive[5e360a00-8b3b-4bcf-83c0-06eeee1ba00c] received
[2026-04-26 22:10:46,246: INFO/MainProcess] Task memory_intensive[ab1d8eef-9b4e-4154-a422-2a511a54bb9f] received
[2026-04-26 22:10:46,246: INFO/MainProcess] Task cpu_intensive[c3fa2e5f-47fb-4c97-affd-778689aeb423] received
[2026-04-26 22:10:46,247: INFO/MainProcess] Task cpu_intensive[8ba5e1e0-d093-48a2-b600-c8e2764254c2] received
[2026-04-26 22:10:46,247: INFO/MainProcess] Task memory_intensive[1d24b43e-90a9-48cb-9295-aa7d9e96fa67] received
[2026-04-26 22:10:47,912: INFO/ForkPoolWorker-11] Task cpu_intensive[c3fa2e5f-47fb-4c97-affd-778689aeb423] succeeded in 1.6610045720008202s: 333333283333335000000
[2026-04-26 22:10:47,941: INFO/ForkPoolWorker-16] Task memory_intensive[ab1d8eef-9b4e-4154-a422-2a511a54bb9f] succeeded in 1.6938169359927997s: 'Memory wave: released'
[2026-04-26 22:10:47,957: INFO/ForkPoolWorker-9] Task memory_intensive[d31308fb-fef6-427c-a92a-9e42cbf1044a] succeeded in 1.7149751190008828s: 'Memory wave: released'
[2026-04-26 22:10:47,958: INFO/ForkPoolWorker-10] Task cpu_intensive[5e360a00-8b3b-4bcf-83c0-06eeee1ba00c] succeeded in 1.70363632698718s: 333333283333335000000
[2026-04-26 22:10:48,023: INFO/ForkPoolWorker-13] Task memory_intensive[1d24b43e-90a9-48cb-9295-aa7d9e96fa67] succeeded in 1.7721041669865372s: 'Memory wave: released'
[2026-04-26 22:10:48,053: INFO/ForkPoolWorker-15] Task cpu_intensive[cc4663c8-58d6-4a6b-be80-a42d6456778b] succeeded in 1.804432553006336s: 333333283333335000000
[2026-04-26 22:10:48,213: INFO/ForkPoolWorker-12] Task cpu_intensive[8ba5e1e0-d093-48a2-b600-c8e2764254c2] succeeded in 1.9586354499915615s: 333333283333335000000
[2026-04-26 22:10:48,313: INFO/ForkPoolWorker-14] Task cpu_intensive[08ae58f6-5c67-483d-915f-a36b5ea0ac46] succeeded in 2.070760408998467s: 333333283333335000000
[2026-04-26 22:10:56,246: INFO/MainProcess] Task cpu_intensive[6eae00bd-8771-4b07-bf59-7734d0d5ae61] received
[2026-04-26 22:10:56,246: INFO/MainProcess] Task cpu_intensive[773037e9-4ab7-468c-a5a2-84ef6e2c135d] received
[2026-04-26 22:10:56,247: INFO/MainProcess] Task memory_intensive[de74e89d-0161-4598-89ee-5bde5b1a371e] received
[2026-04-26 22:10:56,247: INFO/MainProcess] Task cpu_intensive[4b82840d-e5b0-4ba0-bfac-e926168fec27] received
[2026-04-26 22:10:56,247: INFO/MainProcess] Task cpu_intensive[d4ee06f8-1a15-4351-b841-ff63501327ce] received
[2026-04-26 22:10:56,248: INFO/MainProcess] Task memory_intensive[8f9f669e-db98-490c-b9bc-d9044d566b6e] received
[2026-04-26 22:10:56,248: INFO/MainProcess] Task cpu_intensive[e38b46e7-aded-4877-bd6f-bd8bb994f4d0] received
[2026-04-26 22:10:56,248: INFO/MainProcess] Task cpu_intensive[66893aba-37ba-4c1d-af4c-3591a84a1714] received
[2026-04-26 22:10:57,975: INFO/ForkPoolWorker-11] Task memory_intensive[8f9f669e-db98-490c-b9bc-d9044d566b6e] succeeded in 1.7194651589961722s: 'Memory wave: released'
[2026-04-26 22:10:58,054: INFO/ForkPoolWorker-15] Task memory_intensive[de74e89d-0161-4598-89ee-5bde5b1a371e] succeeded in 1.8052824159967713s: 'Memory wave: released'
[2026-04-26 22:10:58,113: INFO/ForkPoolWorker-14] Task cpu_intensive[6eae00bd-8771-4b07-bf59-7734d0d5ae61] succeeded in 1.8662244909937726s: 333333283333335000000
[2026-04-26 22:10:58,178: INFO/ForkPoolWorker-13] Task cpu_intensive[66893aba-37ba-4c1d-af4c-3591a84a1714] succeeded in 1.915487733000191s: 333333283333335000000
[2026-04-26 22:10:58,190: INFO/ForkPoolWorker-10] Task cpu_intensive[4b82840d-e5b0-4ba0-bfac-e926168fec27] succeeded in 1.9395474839984672s: 333333283333335000000
[2026-04-26 22:10:58,239: INFO/ForkPoolWorker-16] Task cpu_intensive[d4ee06f8-1a15-4351-b841-ff63501327ce] succeeded in 1.986646090997965s: 333333283333335000000
[2026-04-26 22:10:58,243: INFO/ForkPoolWorker-12] Task cpu_intensive[e38b46e7-aded-4877-bd6f-bd8bb994f4d0] succeeded in 1.984455893994891s: 333333283333335000000
[2026-04-26 22:10:58,253: INFO/ForkPoolWorker-9] Task cpu_intensive[773037e9-4ab7-468c-a5a2-84ef6e2c135d] succeeded in 2.004277721993276s: 333333283333335000000
[2026-04-26 22:11:06,254: INFO/MainProcess] Task memory_intensive[6fb67fe6-abec-4e88-93e2-5a1dfe8e84c7] received
[2026-04-26 22:11:06,254: INFO/MainProcess] Scaling down 4 processes.
[2026-04-26 22:11:06,254: INFO/MainProcess] Task cpu_intensive[eaccdab0-5f22-418b-9774-68edebb2ebe4] received
[2026-04-26 22:11:06,255: INFO/MainProcess] Task cpu_intensive[246292e8-c96f-42de-80c7-70c32f8e91a3] received
[2026-04-26 22:11:06,255: INFO/MainProcess] Task memory_intensive[84091008-df22-4d9f-aac9-db030dff47eb] received
[2026-04-26 22:11:06,255: INFO/MainProcess] Task cpu_intensive[1f703436-697b-4627-9f64-610a1d32029f] received
[2026-04-26 22:11:06,256: INFO/MainProcess] Scaling up 1 processes.
[2026-04-26 22:11:06,256: INFO/MainProcess] Task cpu_intensive[043a60d9-7f83-43a7-b4e3-463c77863e4e] received
[2026-04-26 22:11:06,256: INFO/MainProcess] Scaling up 1 processes.
[2026-04-26 22:11:06,263: INFO/MainProcess] Task memory_intensive[b4966768-a424-40c1-ba11-b5d94b5d8143] received
[2026-04-26 22:11:06,263: INFO/MainProcess] Scaling up 1 processes.
[2026-04-26 22:11:06,263: INFO/MainProcess] Task cpu_intensive[599f34e7-b8c1-4d7b-8ce8-d2c852070f66] received
[2026-04-26 22:11:06,263: INFO/MainProcess] Scaling up 1 processes.
[2026-04-26 22:11:08,018: INFO/ForkPoolWorker-16] Task cpu_intensive[1f703436-697b-4627-9f64-610a1d32029f] succeeded in 1.7507091680017766s: 333333283333335000000
[2026-04-26 22:11:08,042: INFO/ForkPoolWorker-15] Task cpu_intensive[246292e8-c96f-42de-80c7-70c32f8e91a3] succeeded in 1.782979796989821s: 333333283333335000000
[2026-04-26 22:11:08,061: INFO/ForkPoolWorker-14] Task memory_intensive[6fb67fe6-abec-4e88-93e2-5a1dfe8e84c7] succeeded in 1.8058381209993968s: 'Memory wave: released'
[2026-04-26 22:11:08,126: INFO/ForkPoolWorker-13] Task cpu_intensive[599f34e7-b8c1-4d7b-8ce8-d2c852070f66] succeeded in 1.8515872439893428s: 333333283333335000000
[2026-04-26 22:11:08,266: INFO/ForkPoolWorker-20] Task cpu_intensive[eaccdab0-5f22-418b-9774-68edebb2ebe4] succeeded in 1.772707085008733s: 333333283333335000000
[2026-04-26 22:11:08,273: INFO/ForkPoolWorker-17] Task memory_intensive[b4966768-a424-40c1-ba11-b5d94b5d8143] succeeded in 1.7880148520052899s: 'Memory wave: released'
[2026-04-26 22:11:08,277: INFO/ForkPoolWorker-19] Task memory_intensive[84091008-df22-4d9f-aac9-db030dff47eb] succeeded in 1.7868446429929463s: 'Memory wave: released'
[2026-04-26 22:11:08,461: INFO/ForkPoolWorker-18] Task cpu_intensive[043a60d9-7f83-43a7-b4e3-463c77863e4e] succeeded in 1.9679441899934318s: 333333283333335000000
[2026-04-26 22:11:16,259: INFO/MainProcess] Task cpu_intensive[47dc2803-b79a-4151-b851-d415245b5544] received
[2026-04-26 22:11:16,261: INFO/MainProcess] Task memory_intensive[9333826e-214a-474e-812a-245b94c27d0a] received
[2026-04-26 22:11:16,261: INFO/MainProcess] Task cpu_intensive[ed356376-6fa1-41eb-93a2-1ba3ffdc9061] received
[2026-04-26 22:11:16,265: INFO/MainProcess] Task cpu_intensive[0224fa53-b4e5-4904-97ce-c4e48d417aee] received
[2026-04-26 22:11:16,265: INFO/MainProcess] Task memory_intensive[84a2ef89-3cc1-4493-8d71-5403175fee8c] received
[2026-04-26 22:11:16,268: INFO/MainProcess] Task cpu_intensive[1b8c8962-c1a7-4d1a-b227-a77928bab6b1] received
[2026-04-26 22:11:16,269: INFO/MainProcess] Task cpu_intensive[0ee78164-5395-456e-9c1f-abbb1a9c2a13] received
[2026-04-26 22:11:16,269: INFO/MainProcess] Task memory_intensive[f303146e-f1f7-4d1f-bfec-3affa731f3d6] received
[2026-04-26 22:11:17,880: INFO/ForkPoolWorker-19] Task cpu_intensive[1b8c8962-c1a7-4d1a-b227-a77928bab6b1] succeeded in 1.6067904370138422s: 333333283333335000000
[2026-04-26 22:11:17,909: INFO/ForkPoolWorker-18] Task cpu_intensive[0224fa53-b4e5-4904-97ce-c4e48d417aee] succeeded in 1.6348452829988673s: 333333283333335000000
[2026-04-26 22:11:17,980: INFO/ForkPoolWorker-17] Task memory_intensive[9333826e-214a-474e-812a-245b94c27d0a] succeeded in 1.7182117069896776s: 'Memory wave: released'
[2026-04-26 22:11:17,985: INFO/ForkPoolWorker-13] Task memory_intensive[f303146e-f1f7-4d1f-bfec-3affa731f3d6] succeeded in 1.7157666720013367s: 'Memory wave: released'
[2026-04-26 22:11:17,993: INFO/ForkPoolWorker-16] Task memory_intensive[84a2ef89-3cc1-4493-8d71-5403175fee8c] succeeded in 1.7237528800033033s: 'Memory wave: released'
[2026-04-26 22:11:18,070: INFO/ForkPoolWorker-20] Task cpu_intensive[0ee78164-5395-456e-9c1f-abbb1a9c2a13] succeeded in 1.7967289869993692s: 333333283333335000000
[2026-04-26 22:11:18,192: INFO/ForkPoolWorker-14] Task cpu_intensive[47dc2803-b79a-4151-b851-d415245b5544] succeeded in 1.93062048999127s: 333333283333335000000
[2026-04-26 22:11:18,337: INFO/ForkPoolWorker-15] Task cpu_intensive[ed356376-6fa1-41eb-93a2-1ba3ffdc9061] succeeded in 2.07191281800624s: 333333283333335000000
[2026-04-26 22:11:26,265: INFO/MainProcess] Task cpu_intensive[330d0298-31a6-4456-b874-13f4191dc91c] received
[2026-04-26 22:11:26,266: INFO/MainProcess] Task cpu_intensive[1b780180-744c-4f57-976a-8b31f92b0d22] received
[2026-04-26 22:11:26,267: INFO/MainProcess] Task memory_intensive[b5142d6d-c05f-4d20-9c96-fb28b51ea0b5] received
[2026-04-26 22:11:26,267: INFO/MainProcess] Task cpu_intensive[e102d58b-90f3-401a-a60a-e4df9b594dd5] received
[2026-04-26 22:11:26,267: INFO/MainProcess] Task cpu_intensive[093c451d-2dba-4e3b-bfe2-47844f39e62d] received
[2026-04-26 22:11:26,268: INFO/MainProcess] Task memory_intensive[8ce93b5e-1d8a-453f-95e1-fab9fc5233da] received
[2026-04-26 22:11:26,268: INFO/MainProcess] Task cpu_intensive[4942fe7f-35cc-4c79-a55e-8b746ee5146c] received
[2026-04-26 22:11:26,268: INFO/MainProcess] Task cpu_intensive[bb84d37e-4088-45c1-a948-99666a6d45de] received
[2026-04-26 22:11:27,999: INFO/ForkPoolWorker-19] Task memory_intensive[8ce93b5e-1d8a-453f-95e1-fab9fc5233da] succeeded in 1.7298977369937347s: 'Memory wave: released'
[2026-04-26 22:11:28,011: INFO/ForkPoolWorker-13] Task cpu_intensive[bb84d37e-4088-45c1-a948-99666a6d45de] succeeded in 1.7326555079926038s: 333333283333335000000
[2026-04-26 22:11:28,015: INFO/ForkPoolWorker-15] Task memory_intensive[b5142d6d-c05f-4d20-9c96-fb28b51ea0b5] succeeded in 1.744911834000959s: 'Memory wave: released'
[2026-04-26 22:11:28,144: INFO/ForkPoolWorker-20] Task cpu_intensive[4942fe7f-35cc-4c79-a55e-8b746ee5146c] succeeded in 1.8690303879993735s: 333333283333335000000
[2026-04-26 22:11:28,229: INFO/ForkPoolWorker-16] Task cpu_intensive[093c451d-2dba-4e3b-bfe2-47844f39e62d] succeeded in 1.9569160440005362s: 333333283333335000000
[2026-04-26 22:11:28,257: INFO/ForkPoolWorker-17] Task cpu_intensive[1b780180-744c-4f57-976a-8b31f92b0d22] succeeded in 1.9837264420057181s: 333333283333335000000
[2026-04-26 22:11:28,275: INFO/ForkPoolWorker-18] Task cpu_intensive[e102d58b-90f3-401a-a60a-e4df9b594dd5] succeeded in 2.0014087769959588s: 333333283333335000000
[2026-04-26 22:11:28,321: INFO/ForkPoolWorker-14] Task cpu_intensive[330d0298-31a6-4456-b874-13f4191dc91c] succeeded in 2.0540191550098825s: 333333283333335000000
[2026-04-26 22:11:36,271: INFO/MainProcess] Task memory_intensive[725bceb7-2ca2-4803-adf1-660dbda4f6e0] received
[2026-04-26 22:11:36,271: INFO/MainProcess] Scaling down 4 processes.
[2026-04-26 22:11:36,272: INFO/MainProcess] Task cpu_intensive[ebb943e4-eb52-416a-891a-e0e9eb838810] received
[2026-04-26 22:11:36,272: INFO/MainProcess] Task cpu_intensive[331bdcad-f09e-4e0d-929a-5cd7cd056b8c] received
[2026-04-26 22:11:36,277: INFO/MainProcess] Task memory_intensive[1e0c75dd-9a6e-4660-bacd-649e93814070] received
[2026-04-26 22:11:36,277: INFO/MainProcess] Task cpu_intensive[9c53dfc8-1fe1-4d92-ab13-0febae5351c8] received
[2026-04-26 22:11:36,277: INFO/MainProcess] Scaling up 1 processes.
[2026-04-26 22:11:36,277: INFO/MainProcess] Task cpu_intensive[f70ae913-d791-4a97-b41c-044077e92a6a] received
[2026-04-26 22:11:36,278: INFO/MainProcess] Scaling up 1 processes.
[2026-04-26 22:11:36,278: INFO/MainProcess] Task memory_intensive[3315eee5-11d8-40e8-ad7a-bac7a1c4961f] received
[2026-04-26 22:11:36,278: INFO/MainProcess] Scaling up 1 processes.
[2026-04-26 22:11:36,278: INFO/MainProcess] Task cpu_intensive[ddd08c52-4589-4e9e-9c1e-aa115229f322] received
[2026-04-26 22:11:36,278: INFO/MainProcess] Scaling up 1 processes.
[2026-04-26 22:11:37,925: INFO/ForkPoolWorker-17] Task cpu_intensive[ebb943e4-eb52-416a-891a-e0e9eb838810] succeeded in 1.6452221959916642s: 333333283333335000000
[2026-04-26 22:11:38,073: INFO/ForkPoolWorker-20] Task memory_intensive[3315eee5-11d8-40e8-ad7a-bac7a1c4961f] succeeded in 1.791010358996573s: 'Memory wave: released'
[2026-04-26 22:11:38,084: INFO/ForkPoolWorker-18] Task memory_intensive[1e0c75dd-9a6e-4660-bacd-649e93814070] succeeded in 1.7983347109984607s: 'Memory wave: released'
[2026-04-26 22:11:38,087: INFO/ForkPoolWorker-23] Task cpu_intensive[331bdcad-f09e-4e0d-929a-5cd7cd056b8c] succeeded in 1.6630866000050446s: 333333283333335000000
[2026-04-26 22:11:38,126: INFO/ForkPoolWorker-21] Task cpu_intensive[9c53dfc8-1fe1-4d92-ab13-0febae5351c8] succeeded in 1.7055626859946642s: 333333283333335000000
[2026-04-26 22:11:38,211: INFO/ForkPoolWorker-24] Task memory_intensive[725bceb7-2ca2-4803-adf1-660dbda4f6e0] succeeded in 1.7864719929930288s: 'Memory wave: released'
[2026-04-26 22:11:38,221: INFO/ForkPoolWorker-19] Task cpu_intensive[f70ae913-d791-4a97-b41c-044077e92a6a] succeeded in 1.9419344240013743s: 333333283333335000000
[2026-04-26 22:11:38,279: INFO/ForkPoolWorker-22] Task cpu_intensive[ddd08c52-4589-4e9e-9c1e-aa115229f322] succeeded in 1.8590574249974452s: 333333283333335000000
[2026-04-26 22:11:46,277: INFO/MainProcess] Task cpu_intensive[a118d95d-d46b-4033-a7b4-2f3f0dfa9185] received
[2026-04-26 22:11:46,278: INFO/MainProcess] Task memory_intensive[ca4d2640-d7e1-417a-9d8a-0d51c218020c] received
[2026-04-26 22:11:46,278: INFO/MainProcess] Task cpu_intensive[a4183784-eb41-430f-98ac-4dece487b36f] received
[2026-04-26 22:11:46,282: INFO/MainProcess] Task cpu_intensive[c3cdfb03-84ba-4d85-a889-616934c4fa46] received
[2026-04-26 22:11:46,283: INFO/MainProcess] Task memory_intensive[135d60f6-7658-4f17-865f-7a9bd66ab5f9] received
[2026-04-26 22:11:46,283: INFO/MainProcess] Task cpu_intensive[fcb5bc4c-f4e2-4b89-a15f-81d3136c0e03] received
[2026-04-26 22:11:46,284: INFO/MainProcess] Task cpu_intensive[bc203540-85ba-434f-9cdf-b67983cad566] received
[2026-04-26 22:11:46,284: INFO/MainProcess] Task memory_intensive[e7757f9c-ee57-40dd-a303-fec506045285] received
[2026-04-26 22:11:47,904: INFO/ForkPoolWorker-20] Task cpu_intensive[fcb5bc4c-f4e2-4b89-a15f-81d3136c0e03] succeeded in 1.6154638589941896s: 333333283333335000000
[2026-04-26 22:11:47,938: INFO/ForkPoolWorker-23] Task cpu_intensive[c3cdfb03-84ba-4d85-a889-616934c4fa46] succeeded in 1.653140454000095s: 333333283333335000000
[2026-04-26 22:11:47,986: INFO/ForkPoolWorker-24] Task memory_intensive[e7757f9c-ee57-40dd-a303-fec506045285] succeeded in 1.7016997970058583s: 'Memory wave: released'
[2026-04-26 22:11:47,993: INFO/ForkPoolWorker-19] Task memory_intensive[135d60f6-7658-4f17-865f-7a9bd66ab5f9] succeeded in 1.7012775549956132s: 'Memory wave: released'
[2026-04-26 22:11:48,070: INFO/ForkPoolWorker-22] Task memory_intensive[ca4d2640-d7e1-417a-9d8a-0d51c218020c] succeeded in 1.791469688003417s: 'Memory wave: released'
[2026-04-26 22:11:48,169: INFO/ForkPoolWorker-18] Task cpu_intensive[a4183784-eb41-430f-98ac-4dece487b36f] succeeded in 1.8789294699963648s: 333333283333335000000
[2026-04-26 22:11:48,227: INFO/ForkPoolWorker-17] Task cpu_intensive[a118d95d-d46b-4033-a7b4-2f3f0dfa9185] succeeded in 1.94785817299271s: 333333283333335000000
[2026-04-26 22:11:48,331: INFO/ForkPoolWorker-21] Task cpu_intensive[bc203540-85ba-434f-9cdf-b67983cad566] succeeded in 2.042378876998555s: 333333283333335000000
[2026-04-26 22:11:56,283: INFO/MainProcess] Task cpu_intensive[282c55cd-7125-4547-88e5-7c34706c6711] received
[2026-04-26 22:11:56,283: INFO/MainProcess] Task cpu_intensive[6a248503-d945-4135-9701-b9717b1ae066] received
[2026-04-26 22:11:56,284: INFO/MainProcess] Task memory_intensive[70c6089b-4e89-445b-88b7-1d0300417dc8] received
[2026-04-26 22:11:56,284: INFO/MainProcess] Task cpu_intensive[af859905-4c84-4fd0-be9c-da5da67903c4] received
[2026-04-26 22:11:56,284: INFO/MainProcess] Task cpu_intensive[28c66090-a4e5-4d0e-a3ba-7bdda8990a98] received
[2026-04-26 22:11:56,285: INFO/MainProcess] Task memory_intensive[0ee3ef35-e39a-404d-9580-a495a8822d3e] received
[2026-04-26 22:11:56,289: INFO/MainProcess] Task cpu_intensive[88c09ae5-9eef-4a66-8e70-fccdb7f1add9] received
[2026-04-26 22:11:56,289: INFO/MainProcess] Task cpu_intensive[bf39273d-0b80-4da3-9b0e-7c8a2d471d89] received
[2026-04-26 22:11:58,029: INFO/ForkPoolWorker-18] Task memory_intensive[70c6089b-4e89-445b-88b7-1d0300417dc8] succeeded in 1.7434457959898282s: 'Memory wave: released'
[2026-04-26 22:11:58,034: INFO/ForkPoolWorker-20] Task memory_intensive[0ee3ef35-e39a-404d-9580-a495a8822d3e] succeeded in 1.7443315540003823s: 'Memory wave: released'
[2026-04-26 22:11:58,083: INFO/ForkPoolWorker-17] Task cpu_intensive[282c55cd-7125-4547-88e5-7c34706c6711] succeeded in 1.798962490996928s: 333333283333335000000
[2026-04-26 22:11:58,159: INFO/ForkPoolWorker-19] Task cpu_intensive[28c66090-a4e5-4d0e-a3ba-7bdda8990a98] succeeded in 1.8719422290014336s: 333333283333335000000
[2026-04-26 22:11:58,161: INFO/ForkPoolWorker-23] Task cpu_intensive[af859905-4c84-4fd0-be9c-da5da67903c4] succeeded in 1.8731710330030182s: 333333283333335000000
[2026-04-26 22:11:58,243: INFO/ForkPoolWorker-24] Task cpu_intensive[bf39273d-0b80-4da3-9b0e-7c8a2d471d89] succeeded in 1.9495144579996122s: 333333283333335000000
[2026-04-26 22:11:58,244: INFO/ForkPoolWorker-22] Task cpu_intensive[6a248503-d945-4135-9701-b9717b1ae066] succeeded in 1.9592216900055064s: 333333283333335000000
[2026-04-26 22:11:58,304: INFO/ForkPoolWorker-21] Task cpu_intensive[88c09ae5-9eef-4a66-8e70-fccdb7f1add9] succeeded in 2.0108285620081006s: 333333283333335000000
[2026-04-26 22:12:06,289: INFO/MainProcess] Task memory_intensive[86c714ca-ba43-4b54-9c1d-81d58a22d9bd] received
[2026-04-26 22:12:06,289: INFO/MainProcess] Scaling down 4 processes.
[2026-04-26 22:12:06,290: INFO/MainProcess] Task cpu_intensive[db653354-b6d5-4494-a3f8-91cd5c9f8f29] received
[2026-04-26 22:12:06,290: INFO/MainProcess] Task cpu_intensive[3d6f539a-0137-4ee7-8ce9-81b43c5a9348] received
[2026-04-26 22:12:06,291: INFO/MainProcess] Task memory_intensive[8550a1af-9249-4d05-8e9e-892f6c123585] received
[2026-04-26 22:12:06,291: INFO/MainProcess] Task cpu_intensive[c27311a4-8e9a-4a49-ba03-f667ab37c7a2] received
[2026-04-26 22:12:06,291: INFO/MainProcess] Scaling up 1 processes.
[2026-04-26 22:12:06,292: INFO/MainProcess] Task cpu_intensive[a09009b0-d72f-40c8-8804-15e0964c8202] received
[2026-04-26 22:12:06,292: INFO/MainProcess] Scaling up 1 processes.
[2026-04-26 22:12:06,296: INFO/MainProcess] Task memory_intensive[8d0007dd-905f-42d8-b720-580500b2176a] received
[2026-04-26 22:12:06,296: INFO/MainProcess] Scaling up 1 processes.
[2026-04-26 22:12:06,296: INFO/MainProcess] Task cpu_intensive[00d89fd3-7901-4cfd-9b2f-a210059c6312] received
[2026-04-26 22:12:06,296: INFO/MainProcess] Scaling up 1 processes.
[2026-04-26 22:12:07,904: INFO/ForkPoolWorker-22] Task cpu_intensive[db653354-b6d5-4494-a3f8-91cd5c9f8f29] succeeded in 1.6116472050052835s: 333333283333335000000
[2026-04-26 22:12:08,075: INFO/ForkPoolWorker-23] Task memory_intensive[8550a1af-9249-4d05-8e9e-892f6c123585] succeeded in 1.7832447760010837s: 'Memory wave: released'
[2026-04-26 22:12:08,077: INFO/ForkPoolWorker-21] Task memory_intensive[8d0007dd-905f-42d8-b720-580500b2176a] succeeded in 1.7804882630007342s: 'Memory wave: released'
[2026-04-26 22:12:08,091: INFO/ForkPoolWorker-26] Task cpu_intensive[c27311a4-8e9a-4a49-ba03-f667ab37c7a2] succeeded in 1.6240784760011593s: 333333283333335000000
[2026-04-26 22:12:08,163: INFO/ForkPoolWorker-24] Task cpu_intensive[00d89fd3-7901-4cfd-9b2f-a210059c6312] succeeded in 1.8594025019992841s: 333333283333335000000
[2026-04-26 22:12:08,180: INFO/ForkPoolWorker-27] Task cpu_intensive[3d6f539a-0137-4ee7-8ce9-81b43c5a9348] succeeded in 1.7118755069968756s: 333333283333335000000
[2026-04-26 22:12:08,232: INFO/ForkPoolWorker-28] Task memory_intensive[86c714ca-ba43-4b54-9c1d-81d58a22d9bd] succeeded in 1.7596685149910627s: 'Memory wave: released'
[2026-04-26 22:12:08,309: INFO/ForkPoolWorker-25] Task cpu_intensive[a09009b0-d72f-40c8-8804-15e0964c8202] succeeded in 1.8426387490035268s: 333333283333335000000
[2026-04-26 22:12:16,295: INFO/MainProcess] Task cpu_intensive[3e93ce47-a676-4de8-9a39-8b5bcca4273b] received
[2026-04-26 22:12:16,295: INFO/MainProcess] Task memory_intensive[349653d9-085b-4556-9ea3-af2bd37138f8] received
[2026-04-26 22:12:16,296: INFO/MainProcess] Task cpu_intensive[157b9f94-4bd7-4665-91f4-b3dae82299e8] received
[2026-04-26 22:12:16,299: INFO/MainProcess] Task cpu_intensive[c47c748f-aa21-4523-945c-fa57e40cf4c4] received
[2026-04-26 22:12:16,300: INFO/MainProcess] Task memory_intensive[34efad2c-4125-4543-b78a-237062ab45ad] received
[2026-04-26 22:12:16,300: INFO/MainProcess] Task cpu_intensive[217c4cd7-49bf-41d9-9028-22dad620e5b1] received
[2026-04-26 22:12:16,301: INFO/MainProcess] Task cpu_intensive[68abc70a-5e8c-402e-9fdf-aada3c6fa6c3] received
[2026-04-26 22:12:16,301: INFO/MainProcess] Task memory_intensive[ae218086-83d1-4cfa-9d63-bc2cc5e5daea] received
[2026-04-26 22:12:17,955: INFO/ForkPoolWorker-23] Task cpu_intensive[c47c748f-aa21-4523-945c-fa57e40cf4c4] succeeded in 1.6533920180081623s: 333333283333335000000
[2026-04-26 22:12:17,957: INFO/ForkPoolWorker-28] Task cpu_intensive[217c4cd7-49bf-41d9-9028-22dad620e5b1] succeeded in 1.648323090004851s: 333333283333335000000
[2026-04-26 22:12:17,998: INFO/ForkPoolWorker-24] Task memory_intensive[ae218086-83d1-4cfa-9d63-bc2cc5e5daea] succeeded in 1.6894938999903388s: 'Memory wave: released'
[2026-04-26 22:12:18,104: INFO/ForkPoolWorker-25] Task memory_intensive[349653d9-085b-4556-9ea3-af2bd37138f8] succeeded in 1.808325075005996s: 'Memory wave: released'
[2026-04-26 22:12:18,104: INFO/ForkPoolWorker-27] Task memory_intensive[34efad2c-4125-4543-b78a-237062ab45ad] succeeded in 1.7992093729990302s: 'Memory wave: released'
[2026-04-26 22:12:18,164: INFO/ForkPoolWorker-26] Task cpu_intensive[157b9f94-4bd7-4665-91f4-b3dae82299e8] succeeded in 1.8619293910014676s: 333333283333335000000
[2026-04-26 22:12:18,366: INFO/ForkPoolWorker-22] Task cpu_intensive[3e93ce47-a676-4de8-9a39-8b5bcca4273b] succeeded in 2.0696944230003282s: 333333283333335000000
[2026-04-26 22:12:18,378: INFO/ForkPoolWorker-21] Task cpu_intensive[68abc70a-5e8c-402e-9fdf-aada3c6fa6c3] succeeded in 2.076287358009722s: 333333283333335000000
[2026-04-26 22:12:26,300: INFO/MainProcess] Task cpu_intensive[ee654361-2693-4221-a784-12e1f4423294] received
[2026-04-26 22:12:26,301: INFO/MainProcess] Task cpu_intensive[fa93c0a7-b91f-4c87-b799-da6112529c23] received
[2026-04-26 22:12:26,301: INFO/MainProcess] Task memory_intensive[c3c6b271-cc5c-4fe6-bb56-e1f48641e5a0] received
[2026-04-26 22:12:26,302: INFO/MainProcess] Task cpu_intensive[eacfa406-f534-4b4d-8e43-3b4a68b439e8] received
[2026-04-26 22:12:26,302: INFO/MainProcess] Task cpu_intensive[95d3b7cf-aa91-44a3-a588-9734b630105e] received
[2026-04-26 22:12:26,302: INFO/MainProcess] Task memory_intensive[fbf99856-452a-4b51-91bb-76183f31411f] received
[2026-04-26 22:12:26,309: INFO/MainProcess] Task cpu_intensive[cfd2d49b-a667-41de-b58c-3559c75ebbd3] received
[2026-04-26 22:12:26,310: INFO/MainProcess] Task cpu_intensive[4f82837e-ad58-4a2e-abe7-9f87dffa5e3c] received
[2026-04-26 22:12:27,972: INFO/ForkPoolWorker-22] Task cpu_intensive[ee654361-2693-4221-a784-12e1f4423294] succeeded in 1.6706982069881633s: 333333283333335000000
[2026-04-26 22:12:28,016: INFO/ForkPoolWorker-28] Task memory_intensive[fbf99856-452a-4b51-91bb-76183f31411f] succeeded in 1.7053332079958636s: 'Memory wave: released'
[2026-04-26 22:12:28,034: INFO/ForkPoolWorker-24] Task cpu_intensive[4f82837e-ad58-4a2e-abe7-9f87dffa5e3c] succeeded in 1.7202618919982342s: 333333283333335000000
[2026-04-26 22:12:28,100: INFO/ForkPoolWorker-26] Task memory_intensive[c3c6b271-cc5c-4fe6-bb56-e1f48641e5a0] succeeded in 1.7975565839878982s: 'Memory wave: released'
[2026-04-26 22:12:28,242: INFO/ForkPoolWorker-25] Task cpu_intensive[fa93c0a7-b91f-4c87-b799-da6112529c23] succeeded in 1.9390960710006766s: 333333283333335000000
[2026-04-26 22:12:28,276: INFO/ForkPoolWorker-27] Task cpu_intensive[95d3b7cf-aa91-44a3-a588-9734b630105e] succeeded in 1.9700764389999676s: 333333283333335000000
[2026-04-26 22:12:28,281: INFO/ForkPoolWorker-21] Task cpu_intensive[cfd2d49b-a667-41de-b58c-3559c75ebbd3] succeeded in 1.9688285000011092s: 333333283333335000000
[2026-04-26 22:12:28,284: INFO/ForkPoolWorker-23] Task cpu_intensive[eacfa406-f534-4b4d-8e43-3b4a68b439e8] succeeded in 1.9787337229936384s: 333333283333335000000
[2026-04-26 22:12:36,307: INFO/MainProcess] Task memory_intensive[bc65f7ee-9923-4775-bdae-731d06bb8dab] received
[2026-04-26 22:12:36,307: INFO/MainProcess] Scaling down 4 processes.
[2026-04-26 22:12:36,308: INFO/MainProcess] Task cpu_intensive[f09c927c-3718-4aee-b6a5-25b4ab67da3f] received
[2026-04-26 22:12:36,309: INFO/MainProcess] Task cpu_intensive[c12edd15-ca4b-478c-876e-4514c65afdac] received
[2026-04-26 22:12:36,313: INFO/MainProcess] Task memory_intensive[b2b11db4-76c7-428d-966b-b34e97134be0] received
[2026-04-26 22:12:36,313: INFO/MainProcess] Task cpu_intensive[40b0d0e0-68ea-4e3a-9050-31f54b7e553b] received
[2026-04-26 22:12:36,316: INFO/MainProcess] Scaling up 1 processes.
[2026-04-26 22:12:36,317: INFO/MainProcess] Task cpu_intensive[64fc0207-20e3-4a2f-ac7c-66ebfd0ca380] received
[2026-04-26 22:12:36,317: INFO/MainProcess] Scaling up 1 processes.
[2026-04-26 22:12:36,317: INFO/MainProcess] Task memory_intensive[b7a938cb-8c1e-4685-bb74-e2c95ec517be] received
[2026-04-26 22:12:36,317: INFO/MainProcess] Scaling up 1 processes.
[2026-04-26 22:12:36,318: INFO/MainProcess] Task cpu_intensive[478fbedb-caf9-4b19-8135-1762033d466d] received
[2026-04-26 22:12:36,318: INFO/MainProcess] Scaling up 1 processes.
[2026-04-26 22:12:38,055: INFO/ForkPoolWorker-27] Task cpu_intensive[40b0d0e0-68ea-4e3a-9050-31f54b7e553b] succeeded in 1.7368546840007184s: 333333283333335000000
[2026-04-26 22:12:38,056: INFO/ForkPoolWorker-26] Task cpu_intensive[c12edd15-ca4b-478c-876e-4514c65afdac] succeeded in 1.742987246994744s: 333333283333335000000
[2026-04-26 22:12:38,241: INFO/ForkPoolWorker-28] Task cpu_intensive[64fc0207-20e3-4a2f-ac7c-66ebfd0ca380] succeeded in 1.9225648809951963s: 333333283333335000000
[2026-04-26 22:12:38,261: INFO/ForkPoolWorker-25] Task cpu_intensive[f09c927c-3718-4aee-b6a5-25b4ab67da3f] succeeded in 1.9427238189964555s: 333333283333335000000
[2026-04-26 22:12:38,283: INFO/ForkPoolWorker-31] Task memory_intensive[b2b11db4-76c7-428d-966b-b34e97134be0] succeeded in 1.7883935349964304s: 'Memory wave: released'
[2026-04-26 22:12:38,302: INFO/ForkPoolWorker-32] Task memory_intensive[bc65f7ee-9923-4775-bdae-731d06bb8dab] succeeded in 1.7992051869950956s: 'Memory wave: released'
[2026-04-26 22:12:38,309: INFO/ForkPoolWorker-30] Task memory_intensive[b7a938cb-8c1e-4685-bb74-e2c95ec517be] succeeded in 1.8102488430013182s: 'Memory wave: released'
[2026-04-26 22:12:38,317: INFO/ForkPoolWorker-29] Task cpu_intensive[478fbedb-caf9-4b19-8135-1762033d466d] succeeded in 1.8148061340034474s: 333333283333335000000
[2026-04-26 22:12:46,313: INFO/MainProcess] Task cpu_intensive[69d7b84d-d241-4fe6-b470-ba494ef75b64] received
[2026-04-26 22:12:46,314: INFO/MainProcess] Task memory_intensive[42ea6357-35cc-49f1-81ed-519c00638b1b] received
[2026-04-26 22:12:46,314: INFO/MainProcess] Task cpu_intensive[949e39ae-0966-4550-8404-759cf021eefe] received
[2026-04-26 22:12:46,319: INFO/MainProcess] Task cpu_intensive[5ce25ceb-a446-462d-be2f-057fd0126d72] received
[2026-04-26 22:12:46,319: INFO/MainProcess] Task memory_intensive[78e0225c-0eab-4ab1-aa21-42bf6d8a3624] received
[2026-04-26 22:12:46,319: INFO/MainProcess] Task cpu_intensive[259f3144-1120-4c96-9017-9ec0cf5b9777] received
[2026-04-26 22:12:46,320: INFO/MainProcess] Task cpu_intensive[6b941b6a-1370-4afa-a627-3a0abc04f581] received
[2026-04-26 22:12:46,320: INFO/MainProcess] Task memory_intensive[45663805-b40e-4c98-9f39-bf69d681aead] received
[2026-04-26 22:12:47,929: INFO/ForkPoolWorker-26] Task cpu_intensive[5ce25ceb-a446-462d-be2f-057fd0126d72] succeeded in 1.6079045829974348s: 333333283333335000000
[2026-04-26 22:12:47,958: INFO/ForkPoolWorker-28] Task cpu_intensive[259f3144-1120-4c96-9017-9ec0cf5b9777] succeeded in 1.6286790750018554s: 333333283333335000000
[2026-04-26 22:12:48,035: INFO/ForkPoolWorker-32] Task memory_intensive[45663805-b40e-4c98-9f39-bf69d681aead] succeeded in 1.7086125339992577s: 'Memory wave: released'
[2026-04-26 22:12:48,053: INFO/ForkPoolWorker-27] Task memory_intensive[78e0225c-0eab-4ab1-aa21-42bf6d8a3624] succeeded in 1.733046128996648s: 'Memory wave: released'
[2026-04-26 22:12:48,054: INFO/ForkPoolWorker-25] Task memory_intensive[42ea6357-35cc-49f1-81ed-519c00638b1b] succeeded in 1.738654904998839s: 'Memory wave: released'
[2026-04-26 22:12:48,156: INFO/ForkPoolWorker-30] Task cpu_intensive[949e39ae-0966-4550-8404-759cf021eefe] succeeded in 1.8346043600031408s: 333333283333335000000
[2026-04-26 22:12:48,290: INFO/ForkPoolWorker-31] Task cpu_intensive[6b941b6a-1370-4afa-a627-3a0abc04f581] succeeded in 1.969067141006235s: 333333283333335000000
[2026-04-26 22:12:48,364: INFO/ForkPoolWorker-29] Task cpu_intensive[69d7b84d-d241-4fe6-b470-ba494ef75b64] succeeded in 2.0489348830014933s: 333333283333335000000
[2026-04-26 22:12:56,319: INFO/MainProcess] Task cpu_intensive[eacb3ef4-be38-48ec-b6e1-8de067484006] received
[2026-04-26 22:12:56,319: INFO/MainProcess] Task cpu_intensive[dcd1a133-4ca4-453d-b274-203f059a9a08] received
[2026-04-26 22:12:56,320: INFO/MainProcess] Task memory_intensive[89ff4cdf-e69e-4194-8338-11616f284db7] received
[2026-04-26 22:12:56,320: INFO/MainProcess] Task cpu_intensive[4e230d18-cf44-41f8-bb85-6d52d46423b0] received
[2026-04-26 22:12:56,321: INFO/MainProcess] Task cpu_intensive[735c327e-e48d-4523-9b82-3aefeb1f2581] received
[2026-04-26 22:12:56,321: INFO/MainProcess] Task memory_intensive[70417564-52b7-4e3a-a47b-2253c894a0c7] received
[2026-04-26 22:12:56,326: INFO/MainProcess] Task cpu_intensive[61a7cd5f-225f-4485-9460-3f845b073ef2] received
[2026-04-26 22:12:56,326: INFO/MainProcess] Task cpu_intensive[7608e4b3-3518-47ff-a303-c36b2699521a] received
[2026-04-26 22:12:58,029: INFO/ForkPoolWorker-32] Task cpu_intensive[7608e4b3-3518-47ff-a303-c36b2699521a] succeeded in 1.6969863599952077s: 333333283333335000000
[2026-04-26 22:12:58,038: INFO/ForkPoolWorker-30] Task memory_intensive[89ff4cdf-e69e-4194-8338-11616f284db7] succeeded in 1.7161443770019105s: 'Memory wave: released'
[2026-04-26 22:12:58,048: INFO/ForkPoolWorker-28] Task memory_intensive[70417564-52b7-4e3a-a47b-2253c894a0c7] succeeded in 1.7187390759936534s: 'Memory wave: released'
[2026-04-26 22:12:58,230: INFO/ForkPoolWorker-31] Task cpu_intensive[61a7cd5f-225f-4485-9460-3f845b073ef2] succeeded in 1.9034403199912049s: 333333283333335000000
[2026-04-26 22:12:58,247: INFO/ForkPoolWorker-26] Task cpu_intensive[4e230d18-cf44-41f8-bb85-6d52d46423b0] succeeded in 1.9206124179909239s: 333333283333335000000
[2026-04-26 22:12:58,251: INFO/ForkPoolWorker-29] Task cpu_intensive[eacb3ef4-be38-48ec-b6e1-8de067484006] succeeded in 1.930704247992253s: 333333283333335000000
[2026-04-26 22:12:58,304: INFO/ForkPoolWorker-25] Task cpu_intensive[dcd1a133-4ca4-453d-b274-203f059a9a08] succeeded in 1.9824720290052937s: 333333283333335000000
[2026-04-26 22:12:58,357: INFO/ForkPoolWorker-27] Task cpu_intensive[735c327e-e48d-4523-9b82-3aefeb1f2581] succeeded in 2.0302272550034104s: 333333283333335000000
[2026-04-26 22:13:06,324: INFO/MainProcess] Task memory_intensive[8ed6c26e-c30e-4518-8815-a648f13105de] received
[2026-04-26 22:13:06,324: INFO/MainProcess] Scaling down 4 processes.
[2026-04-26 22:13:06,325: INFO/MainProcess] Task cpu_intensive[c1b3c90f-86d4-4fc3-814f-1c6eabb61a5c] received
[2026-04-26 22:13:06,326: INFO/MainProcess] Task cpu_intensive[e9d07353-f633-431a-9ef7-8e7594e2bbd8] received
[2026-04-26 22:13:06,327: INFO/MainProcess] Task memory_intensive[7873194f-97a8-4ccd-9ab8-cd08d3ea319b] received
[2026-04-26 22:13:06,327: INFO/MainProcess] Task cpu_intensive[df129481-1bbc-4ee0-b82a-c7d9c651308f] received
[2026-04-26 22:13:06,327: INFO/MainProcess] Scaling up 1 processes.
[2026-04-26 22:13:06,333: INFO/MainProcess] Task cpu_intensive[af242581-c731-45e9-8249-c0ac5fda1b28] received
[2026-04-26 22:13:06,334: INFO/MainProcess] Scaling up 1 processes.
[2026-04-26 22:13:06,334: INFO/MainProcess] Task memory_intensive[9a4626f7-1068-4b00-980b-186b5e7859c8] received
[2026-04-26 22:13:06,334: INFO/MainProcess] Scaling up 1 processes.
[2026-04-26 22:13:06,334: INFO/MainProcess] Task cpu_intensive[4f04d8cb-d9d2-4dcd-b315-efe5a963898b] received
[2026-04-26 22:13:06,335: INFO/MainProcess] Scaling up 1 processes.
[2026-04-26 22:13:07,999: INFO/ForkPoolWorker-30] Task cpu_intensive[e9d07353-f633-431a-9ef7-8e7594e2bbd8] succeeded in 1.6728770260087913s: 333333283333335000000
[2026-04-26 22:13:08,039: INFO/ForkPoolWorker-31] Task memory_intensive[9a4626f7-1068-4b00-980b-186b5e7859c8] succeeded in 1.7035008699895116s: 'Memory wave: released'
[2026-04-26 22:13:08,102: INFO/ForkPoolWorker-29] Task memory_intensive[8ed6c26e-c30e-4518-8815-a648f13105de] succeeded in 1.7749670749908546s: 'Memory wave: released'
[2026-04-26 22:13:08,171: INFO/ForkPoolWorker-32] Task cpu_intensive[4f04d8cb-d9d2-4dcd-b315-efe5a963898b] succeeded in 1.8315045950002968s: 333333283333335000000
[2026-04-26 22:13:08,199: INFO/ForkPoolWorker-34] Task cpu_intensive[df129481-1bbc-4ee0-b82a-c7d9c651308f] succeeded in 1.7043073609966086s: 333333283333335000000
[2026-04-26 22:13:08,269: INFO/ForkPoolWorker-35] Task memory_intensive[7873194f-97a8-4ccd-9ab8-cd08d3ea319b] succeeded in 1.770327513004304s: 'Memory wave: released'
[2026-04-26 22:13:08,331: INFO/ForkPoolWorker-33] Task cpu_intensive[af242581-c731-45e9-8249-c0ac5fda1b28] succeeded in 1.8328780329902656s: 333333283333335000000
[2026-04-26 22:13:08,486: INFO/ForkPoolWorker-36] Task cpu_intensive[c1b3c90f-86d4-4fc3-814f-1c6eabb61a5c] succeeded in 1.9814790719974553s: 333333283333335000000
[2026-04-26 22:13:16,330: INFO/MainProcess] Task cpu_intensive[ff5be343-2af0-48bc-9d17-4c7d2432ed13] received
[2026-04-26 22:13:16,331: INFO/MainProcess] Task memory_intensive[acfbd0ec-e869-45c1-b836-e2db0bfec72a] received
[2026-04-26 22:13:16,331: INFO/MainProcess] Task cpu_intensive[9802ef56-9259-4da2-8a35-f08a116cc7cb] received
[2026-04-26 22:13:16,332: INFO/MainProcess] Task cpu_intensive[9fbfe9b0-7b29-4d5b-b268-1c8d40fae389] received
[2026-04-26 22:13:16,332: INFO/MainProcess] Task memory_intensive[c071e560-9e47-451d-a8d2-99f1bd5fc7d0] received
[2026-04-26 22:13:16,332: INFO/MainProcess] Task cpu_intensive[8d8aacc6-ee4c-4ce4-94b2-a9e198badf5e] received
[2026-04-26 22:13:16,337: INFO/MainProcess] Task cpu_intensive[a5778fe2-1d48-40af-9864-2775adb1ad4a] received
[2026-04-26 22:13:16,337: INFO/MainProcess] Task memory_intensive[a37310ab-c7e4-429a-8648-f85df9e6901b] received
[2026-04-26 22:13:17,985: INFO/ForkPoolWorker-36] Task cpu_intensive[8d8aacc6-ee4c-4ce4-94b2-a9e198badf5e] succeeded in 1.6456925050006248s: 333333283333335000000
[2026-04-26 22:13:18,003: INFO/ForkPoolWorker-34] Task cpu_intensive[9fbfe9b0-7b29-4d5b-b268-1c8d40fae389] succeeded in 1.6681413689948386s: 333333283333335000000
[2026-04-26 22:13:18,048: INFO/ForkPoolWorker-32] Task memory_intensive[a37310ab-c7e4-429a-8648-f85df9e6901b] succeeded in 1.708061026991345s: 'Memory wave: released'
[2026-04-26 22:13:18,051: INFO/ForkPoolWorker-35] Task memory_intensive[c071e560-9e47-451d-a8d2-99f1bd5fc7d0] succeeded in 1.713717014004942s: 'Memory wave: released'
[2026-04-26 22:13:18,113: INFO/ForkPoolWorker-33] Task memory_intensive[acfbd0ec-e869-45c1-b836-e2db0bfec72a] succeeded in 1.7799809020070825s: 'Memory wave: released'
[2026-04-26 22:13:18,161: INFO/ForkPoolWorker-31] Task cpu_intensive[a5778fe2-1d48-40af-9864-2775adb1ad4a] succeeded in 1.8191182319860673s: 333333283333335000000
[2026-04-26 22:13:18,266: INFO/ForkPoolWorker-29] Task cpu_intensive[ff5be343-2af0-48bc-9d17-4c7d2432ed13] succeeded in 1.9308911389962304s: 333333283333335000000
[2026-04-26 22:13:18,431: INFO/ForkPoolWorker-30] Task cpu_intensive[9802ef56-9259-4da2-8a35-f08a116cc7cb] succeeded in 2.099465067003621s: 333333283333335000000
[2026-04-26 22:13:26,336: INFO/MainProcess] Task cpu_intensive[7cf279a5-15c8-4375-849d-9c08da0c9360] received
[2026-04-26 22:13:26,336: INFO/MainProcess] Task cpu_intensive[913a9074-309b-48d3-9a59-ee5f96516a74] received
[2026-04-26 22:13:26,337: INFO/MainProcess] Task memory_intensive[6c4f8b28-86ec-4bea-a782-0545c9f67132] received
[2026-04-26 22:13:26,337: INFO/MainProcess] Task cpu_intensive[b0714ee3-ce31-4fbd-b2da-d5cc4820628f] received
[2026-04-26 22:13:26,337: INFO/MainProcess] Task cpu_intensive[c27ac29d-dd89-4bbf-a9fc-40fa06f4e5ed] received
[2026-04-26 22:13:26,338: INFO/MainProcess] Task memory_intensive[11199419-9dd3-4572-8660-f8193fc69520] received
[2026-04-26 22:13:26,341: INFO/MainProcess] Task cpu_intensive[03526ac1-d07d-46c8-bd92-403a711f8018] received
[2026-04-26 22:13:26,342: INFO/MainProcess] Task cpu_intensive[544eddd2-8ce5-492f-be19-73fa3f57cc9e] received
[2026-04-26 22:13:27,978: INFO/ForkPoolWorker-33] Task cpu_intensive[913a9074-309b-48d3-9a59-ee5f96516a74] succeeded in 1.6398389480018523s: 333333283333335000000
[2026-04-26 22:13:28,052: INFO/ForkPoolWorker-30] Task memory_intensive[6c4f8b28-86ec-4bea-a782-0545c9f67132] succeeded in 1.7121543859975645s: 'Memory wave: released'
[2026-04-26 22:13:28,108: INFO/ForkPoolWorker-31] Task cpu_intensive[03526ac1-d07d-46c8-bd92-403a711f8018] succeeded in 1.7611889079998946s: 333333283333335000000
[2026-04-26 22:13:28,148: INFO/ForkPoolWorker-36] Task memory_intensive[11199419-9dd3-4572-8660-f8193fc69520] succeeded in 1.8054126259958139s: 'Memory wave: released'
[2026-04-26 22:13:28,291: INFO/ForkPoolWorker-32] Task cpu_intensive[544eddd2-8ce5-492f-be19-73fa3f57cc9e] succeeded in 1.9406925850053085s: 333333283333335000000
[2026-04-26 22:13:28,311: INFO/ForkPoolWorker-34] Task cpu_intensive[b0714ee3-ce31-4fbd-b2da-d5cc4820628f] succeeded in 1.9678915630065603s: 333333283333335000000
[2026-04-26 22:13:28,333: INFO/ForkPoolWorker-35] Task cpu_intensive[c27ac29d-dd89-4bbf-a9fc-40fa06f4e5ed] succeeded in 1.9947975710092578s: 333333283333335000000
[2026-04-26 22:13:28,361: INFO/ForkPoolWorker-29] Task cpu_intensive[7cf279a5-15c8-4375-849d-9c08da0c9360] succeeded in 2.0232570590014802s: 333333283333335000000
[2026-04-26 22:13:36,341: INFO/MainProcess] Task memory_intensive[29430994-cda7-401f-a96e-9f3666f6d9a0] received
[2026-04-26 22:13:36,342: INFO/MainProcess] Scaling down 4 processes.
[2026-04-26 22:13:36,342: INFO/MainProcess] Task cpu_intensive[909f2146-feb4-49c2-8f23-9cd921aa7823] received
[2026-04-26 22:13:36,343: INFO/MainProcess] Task cpu_intensive[18292c1e-d856-404c-b5dc-015e9e53ac5e] received
[2026-04-26 22:13:36,347: INFO/MainProcess] Task memory_intensive[a93ec181-7f07-4abb-afc2-b65fc0825b39] received
[2026-04-26 22:13:36,347: INFO/MainProcess] Task cpu_intensive[5a179a26-0496-4c7d-b50d-ed3b48afa79a] received
[2026-04-26 22:13:36,347: INFO/MainProcess] Scaling up 1 processes.
[2026-04-26 22:13:36,347: INFO/MainProcess] Task cpu_intensive[99ef2cc5-e517-4384-9700-caf80b281514] received
[2026-04-26 22:13:36,348: INFO/MainProcess] Scaling up 1 processes.
[2026-04-26 22:13:36,348: INFO/MainProcess] Task memory_intensive[ea4a6a04-e793-4c25-849b-b2322f47bd1c] received
[2026-04-26 22:13:36,348: INFO/MainProcess] Scaling up 1 processes.
[2026-04-26 22:13:36,348: INFO/MainProcess] Task cpu_intensive[7b41dfda-e759-4025-90da-8072bbfdca0c] received
[2026-04-26 22:13:36,348: INFO/MainProcess] Scaling up 1 processes.
[2026-04-26 22:13:37,979: INFO/ForkPoolWorker-36] Task cpu_intensive[99ef2cc5-e517-4384-9700-caf80b281514] succeeded in 1.6307025760033866s: 333333283333335000000
[2026-04-26 22:13:38,086: INFO/ForkPoolWorker-35] Task cpu_intensive[5a179a26-0496-4c7d-b50d-ed3b48afa79a] succeeded in 1.7339079420053167s: 333333283333335000000
[2026-04-26 22:13:38,135: INFO/ForkPoolWorker-34] Task memory_intensive[a93ec181-7f07-4abb-afc2-b65fc0825b39] succeeded in 1.7864809559978312s: 'Memory wave: released'
[2026-04-26 22:13:38,154: INFO/ForkPoolWorker-39] Task cpu_intensive[18292c1e-d856-404c-b5dc-015e9e53ac5e] succeeded in 1.653016442010994s: 333333283333335000000
[2026-04-26 22:13:38,213: INFO/ForkPoolWorker-33] Task cpu_intensive[909f2146-feb4-49c2-8f23-9cd921aa7823] succeeded in 1.8602436520013725s: 333333283333335000000
[2026-04-26 22:13:38,259: INFO/ForkPoolWorker-38] Task memory_intensive[ea4a6a04-e793-4c25-849b-b2322f47bd1c] succeeded in 1.7611736160033615s: 'Memory wave: released'
[2026-04-26 22:13:38,280: INFO/ForkPoolWorker-40] Task memory_intensive[29430994-cda7-401f-a96e-9f3666f6d9a0] succeeded in 1.7734058469941374s: 'Memory wave: released'
[2026-04-26 22:13:38,364: INFO/ForkPoolWorker-37] Task cpu_intensive[7b41dfda-e759-4025-90da-8072bbfdca0c] succeeded in 1.8589126049919287s: 333333283333335000000
[2026-04-26 22:13:46,349: INFO/MainProcess] Task cpu_intensive[31d6e440-bf40-4803-be84-db85eb45f3c9] received
[2026-04-26 22:13:46,350: INFO/MainProcess] Task memory_intensive[41132601-2938-448d-997e-8eb38ca291f7] received
[2026-04-26 22:13:46,351: INFO/MainProcess] Task cpu_intensive[1a87fe21-38d0-4139-a2ab-ed028b705a24] received
[2026-04-26 22:13:46,351: INFO/MainProcess] Task cpu_intensive[06c00c8f-7ff9-43aa-aa14-66923dde7f2b] received
[2026-04-26 22:13:46,351: INFO/MainProcess] Task memory_intensive[106bd08b-d3b9-4eeb-b863-1a999d876422] received
[2026-04-26 22:13:46,352: INFO/MainProcess] Task cpu_intensive[2e26ccea-054e-4305-b18b-c4613356b3be] received
[2026-04-26 22:13:46,356: INFO/MainProcess] Task cpu_intensive[64d05fdd-a637-4d57-8a80-36d4cea9fd96] received
[2026-04-26 22:13:46,356: INFO/MainProcess] Task memory_intensive[21e2460f-cd5b-4e40-a5c7-92d75a2ea1ab] received
[2026-04-26 22:13:47,943: INFO/ForkPoolWorker-34] Task cpu_intensive[06c00c8f-7ff9-43aa-aa14-66923dde7f2b] succeeded in 1.5868450209964067s: 333333283333335000000
[2026-04-26 22:13:47,962: INFO/ForkPoolWorker-36] Task cpu_intensive[2e26ccea-054e-4305-b18b-c4613356b3be] succeeded in 1.6014176009921357s: 333333283333335000000
[2026-04-26 22:13:48,058: INFO/ForkPoolWorker-33] Task memory_intensive[41132601-2938-448d-997e-8eb38ca291f7] succeeded in 1.7063950419978937s: 'Memory wave: released'
[2026-04-26 22:13:48,067: INFO/ForkPoolWorker-35] Task memory_intensive[106bd08b-d3b9-4eeb-b863-1a999d876422] succeeded in 1.710104218989727s: 'Memory wave: released'
[2026-04-26 22:13:48,073: INFO/ForkPoolWorker-40] Task memory_intensive[21e2460f-cd5b-4e40-a5c7-92d75a2ea1ab] succeeded in 1.712849698989885s: 'Memory wave: released'
[2026-04-26 22:13:48,092: INFO/ForkPoolWorker-37] Task cpu_intensive[31d6e440-bf40-4803-be84-db85eb45f3c9] succeeded in 1.7405256719939644s: 333333283333335000000
[2026-04-26 22:13:48,289: INFO/ForkPoolWorker-39] Task cpu_intensive[64d05fdd-a637-4d57-8a80-36d4cea9fd96] succeeded in 1.931685554998694s: 333333283333335000000
[2026-04-26 22:13:48,350: INFO/ForkPoolWorker-38] Task cpu_intensive[1a87fe21-38d0-4139-a2ab-ed028b705a24] succeeded in 1.9956962529977318s: 333333283333335000000
[2026-04-26 22:13:56,355: INFO/MainProcess] Task cpu_intensive[dffd2d41-13a4-4ef8-aef3-846bfb2dba30] received
[2026-04-26 22:13:56,356: INFO/MainProcess] Task cpu_intensive[f1ed35a5-7cde-4481-9846-1faa728cbae5] received
[2026-04-26 22:13:56,356: INFO/MainProcess] Task memory_intensive[7290e881-672a-4f52-bd8e-c065ef9ff1fc] received
[2026-04-26 22:13:56,357: INFO/MainProcess] Task cpu_intensive[a100ef23-4f24-40a0-9cf3-4ce6e45059d1] received
[2026-04-26 22:13:56,357: INFO/MainProcess] Task cpu_intensive[0c9fc301-af06-457f-b772-edbb911b6a97] received
[2026-04-26 22:13:56,357: INFO/MainProcess] Task memory_intensive[1ebd06fe-dd50-4bf8-8b38-566b3ba960b9] received
[2026-04-26 22:13:56,358: INFO/MainProcess] Task cpu_intensive[ca017805-e7ba-461b-9b30-c1b4c046b2ba] received
[2026-04-26 22:13:56,358: INFO/MainProcess] Task cpu_intensive[dd7c7b3e-619b-4f5f-99ba-e7d30ed039a1] received
[2026-04-26 22:13:58,051: INFO/ForkPoolWorker-33] Task cpu_intensive[f1ed35a5-7cde-4481-9846-1faa728cbae5] succeeded in 1.692807322004228s: 333333283333335000000
[2026-04-26 22:13:58,085: INFO/ForkPoolWorker-36] Task memory_intensive[1ebd06fe-dd50-4bf8-8b38-566b3ba960b9] succeeded in 1.7192409440031042s: 'Memory wave: released'
[2026-04-26 22:13:58,089: INFO/ForkPoolWorker-38] Task memory_intensive[7290e881-672a-4f52-bd8e-c065ef9ff1fc] succeeded in 1.7291634860011982s: 'Memory wave: released'
[2026-04-26 22:13:58,282: INFO/ForkPoolWorker-34] Task cpu_intensive[a100ef23-4f24-40a0-9cf3-4ce6e45059d1] succeeded in 1.9237103829946136s: 333333283333335000000
[2026-04-26 22:13:58,300: INFO/ForkPoolWorker-35] Task cpu_intensive[0c9fc301-af06-457f-b772-edbb911b6a97] succeeded in 1.9368503019941272s: 333333283333335000000
[2026-04-26 22:13:58,337: INFO/ForkPoolWorker-40] Task cpu_intensive[dd7c7b3e-619b-4f5f-99ba-e7d30ed039a1] succeeded in 1.9749955810111715s: 333333283333335000000
[2026-04-26 22:13:58,366: INFO/ForkPoolWorker-37] Task cpu_intensive[dffd2d41-13a4-4ef8-aef3-846bfb2dba30] succeeded in 2.0089629299909575s: 333333283333335000000
[2026-04-26 22:13:58,431: INFO/ForkPoolWorker-39] Task cpu_intensive[ca017805-e7ba-461b-9b30-c1b4c046b2ba] succeeded in 2.072001687993179s: 333333283333335000000
[2026-04-26 22:14:06,361: INFO/MainProcess] Task memory_intensive[72fa0aed-067a-405e-b2ef-deb9b3e369f8] received
[2026-04-26 22:14:06,361: INFO/MainProcess] Scaling down 4 processes.
[2026-04-26 22:14:06,362: INFO/MainProcess] Task cpu_intensive[a10ded0e-938b-40fa-8f8b-482f7abad126] received
[2026-04-26 22:14:06,362: INFO/MainProcess] Task cpu_intensive[0b53def7-1ca7-4e96-8ffd-e38b4a595d25] received
[2026-04-26 22:14:06,362: INFO/MainProcess] Task memory_intensive[1afa509a-4e47-4985-8569-4c631a8e5046] received
[2026-04-26 22:14:06,363: INFO/MainProcess] Task cpu_intensive[2d2cdee7-61ca-4014-8dc8-cbc85d74b6b9] received
[2026-04-26 22:14:06,363: INFO/MainProcess] Scaling up 1 processes.
[2026-04-26 22:14:06,363: INFO/MainProcess] Task cpu_intensive[7545e91f-0217-4ea8-995b-09de70fde871] received
[2026-04-26 22:14:06,363: INFO/MainProcess] Scaling up 1 processes.
[2026-04-26 22:14:06,364: INFO/MainProcess] Task memory_intensive[20d19611-cedb-4794-a3d8-af766494bb03] received
[2026-04-26 22:14:06,364: INFO/MainProcess] Scaling up 1 processes.
[2026-04-26 22:14:06,364: INFO/MainProcess] Task cpu_intensive[0036a365-b49b-4902-a711-b2baf7daf315] received
[2026-04-26 22:14:06,364: INFO/MainProcess] Scaling up 1 processes.
[2026-04-26 22:14:08,065: INFO/ForkPoolWorker-38] Task cpu_intensive[0b53def7-1ca7-4e96-8ffd-e38b4a595d25] succeeded in 1.6979730460006977s: 333333283333335000000
[2026-04-26 22:14:08,152: INFO/ForkPoolWorker-39] Task memory_intensive[20d19611-cedb-4794-a3d8-af766494bb03] succeeded in 1.7809449570049765s: 'Memory wave: released'
[2026-04-26 22:14:08,175: INFO/ForkPoolWorker-37] Task memory_intensive[72fa0aed-067a-405e-b2ef-deb9b3e369f8] succeeded in 1.8106914939999115s: 'Memory wave: released'
[2026-04-26 22:14:08,216: INFO/ForkPoolWorker-42] Task cpu_intensive[2d2cdee7-61ca-4014-8dc8-cbc85d74b6b9] succeeded in 1.6621630160079803s: 333333283333335000000
[2026-04-26 22:14:08,226: INFO/ForkPoolWorker-44] Task cpu_intensive[a10ded0e-938b-40fa-8f8b-482f7abad126] succeeded in 1.6633981750055682s: 333333283333335000000
[2026-04-26 22:14:08,320: INFO/ForkPoolWorker-43] Task memory_intensive[1afa509a-4e47-4985-8569-4c631a8e5046] succeeded in 1.7618615969986422s: 'Memory wave: released'
[2026-04-26 22:14:08,323: INFO/ForkPoolWorker-40] Task cpu_intensive[0036a365-b49b-4902-a711-b2baf7daf315] succeeded in 1.9489711430069292s: 333333283333335000000
[2026-04-26 22:14:08,482: INFO/ForkPoolWorker-41] Task cpu_intensive[7545e91f-0217-4ea8-995b-09de70fde871] succeeded in 1.9281976990023395s: 333333283333335000000
[2026-04-26 22:14:16,367: INFO/MainProcess] Task cpu_intensive[cfa839e9-5568-4e7a-8c73-cd797fafd82f] received
[2026-04-26 22:14:16,368: INFO/MainProcess] Task memory_intensive[ad049750-d18f-4463-b06e-f15b60a60227] received
[2026-04-26 22:14:16,368: INFO/MainProcess] Task cpu_intensive[7beca212-c4fc-4fc0-8f2f-532355be6998] received
[2026-04-26 22:14:16,372: INFO/MainProcess] Task cpu_intensive[0c61d5c4-8827-47ef-9346-482663458461] received
[2026-04-26 22:14:16,373: INFO/MainProcess] Task memory_intensive[f24e9e6a-5ca4-4fe2-87a5-c4943f8f9997] received
[2026-04-26 22:14:16,376: INFO/MainProcess] Task cpu_intensive[356e062c-774e-4b17-8a9c-da8bb01294d4] received
[2026-04-26 22:14:16,377: INFO/MainProcess] Task cpu_intensive[24a7c4f0-26d0-45e1-9295-1516243bb55d] received
[2026-04-26 22:14:16,377: INFO/MainProcess] Task memory_intensive[8113a194-bfd1-4e0e-9585-ba300d4826f0] received
[2026-04-26 22:14:18,007: INFO/ForkPoolWorker-42] Task cpu_intensive[0c61d5c4-8827-47ef-9346-482663458461] succeeded in 1.629776039000717s: 333333283333335000000
[2026-04-26 22:14:18,014: INFO/ForkPoolWorker-44] Task cpu_intensive[356e062c-774e-4b17-8a9c-da8bb01294d4] succeeded in 1.632806666995748s: 333333283333335000000
[2026-04-26 22:14:18,085: INFO/ForkPoolWorker-43] Task memory_intensive[f24e9e6a-5ca4-4fe2-87a5-c4943f8f9997] succeeded in 1.706361594988266s: 'Memory wave: released'
[2026-04-26 22:14:18,085: INFO/ForkPoolWorker-40] Task memory_intensive[8113a194-bfd1-4e0e-9585-ba300d4826f0] succeeded in 1.7068076509895036s: 'Memory wave: released'
[2026-04-26 22:14:18,148: INFO/ForkPoolWorker-41] Task memory_intensive[ad049750-d18f-4463-b06e-f15b60a60227] succeeded in 1.7787462419946678s: 'Memory wave: released'
[2026-04-26 22:14:18,299: INFO/ForkPoolWorker-39] Task cpu_intensive[24a7c4f0-26d0-45e1-9295-1516243bb55d] succeeded in 1.9151677769987145s: 333333283333335000000
[2026-04-26 22:14:18,379: INFO/ForkPoolWorker-38] Task cpu_intensive[7beca212-c4fc-4fc0-8f2f-532355be6998] succeeded in 2.0052212820010027s: 333333283333335000000
[2026-04-26 22:14:18,427: INFO/ForkPoolWorker-37] Task cpu_intensive[cfa839e9-5568-4e7a-8c73-cd797fafd82f] succeeded in 2.058468584989896s: 333333283333335000000

worker: Warm shutdown (MainProcess)
