Процесс: 84057
УПРАВЛЯЮЩИЙ ПРОЦЕСС
Родитель: 13546
Создан: 2026-04-26T15:19:47.880000
Последний замер: 2026-04-26T15:24:50.377332
Время жизни: 302.497332 сек
voluntary_ctxt_switches: 1634
nonvoluntary_ctxt_switches: 85
jiffies: 113.0
avg_cpu_load: 0.3 %
avg_memory_mb: 42.7 MB


Процесс: 84065
Родитель: 84057
Создан: 2026-04-26T15:19:48.290000
Последний замер: 2026-04-26T15:20:29.592401
Время жизни: 41.302401 сек
voluntary_ctxt_switches: 20
nonvoluntary_ctxt_switches: 63
jiffies: 191.0
avg_cpu_load: 4.7 %
avg_memory_mb: 75.1 MB

Среднее latency: 1.72
Средний runtime: 1.64
Всего задач: 4
Задач по типам: cpu_intensive - 3; memory_intensive - 1

Процесс: 84066
Родитель: 84057
Создан: 2026-04-26T15:19:48.310000
Последний замер: 2026-04-26T15:20:29.592615
Время жизни: 41.282615 сек
voluntary_ctxt_switches: 19
nonvoluntary_ctxt_switches: 26
jiffies: 190.0
avg_cpu_load: 4.7 %
avg_memory_mb: 75.1 MB

Среднее latency: 1.73
Средний runtime: 1.64
Всего задач: 4
Задач по типам: cpu_intensive - 3; memory_intensive - 1

Процесс: 84075
Родитель: 84057
Создан: 2026-04-26T15:19:49.380000
Последний замер: 2026-04-26T15:20:59.987022
Время жизни: 70.607022 сек
voluntary_ctxt_switches: 35
nonvoluntary_ctxt_switches: 71
jiffies: 325.0
avg_cpu_load: 4.6 %
avg_memory_mb: 107.0 MB

Среднее latency: 1.69
Средний runtime: 1.65
Всего задач: 7
Задач по типам: cpu_intensive - 5; memory_intensive - 2

Процесс: 84076
Родитель: 84057
Создан: 2026-04-26T15:19:49.400000
Последний замер: 2026-04-26T15:20:59.987224
Время жизни: 70.587224 сек
voluntary_ctxt_switches: 46
nonvoluntary_ctxt_switches: 60
jiffies: 273.0
avg_cpu_load: 3.9 %
avg_memory_mb: 118.5 MB

Среднее latency: 1.7
Средний runtime: 1.66
Всего задач: 7
Задач по типам: memory_intensive - 3; cpu_intensive - 4

Процесс: 84081
Родитель: 84057
Создан: 2026-04-26T15:20:29.290000
Последний замер: 2026-04-26T15:21:29.324655
Время жизни: 60.034655 сек
voluntary_ctxt_switches: 23
nonvoluntary_ctxt_switches: 60
jiffies: 327.0
avg_cpu_load: 5.5 %
avg_memory_mb: 104.0 MB

Среднее latency: 1.67
Средний runtime: 1.65
Всего задач: 6
Задач по типам: cpu_intensive - 5; memory_intensive - 1

Процесс: 84082
Родитель: 84057
Создан: 2026-04-26T15:20:29.320000
Последний замер: 2026-04-26T15:21:29.324859
Время жизни: 60.004859 сек
voluntary_ctxt_switches: 32
nonvoluntary_ctxt_switches: 69
jiffies: 268.0
avg_cpu_load: 4.0 %
avg_memory_mb: 104.4 MB

Среднее latency: 1.67
Средний runtime: 1.66
Всего задач: 6
Задач по типам: cpu_intensive - 4; memory_intensive - 2

Процесс: 84147
Родитель: 84057
Создан: 2026-04-26T15:20:59.300000
Последний замер: 2026-04-26T15:21:59.724976
Время жизни: 60.424976 сек
voluntary_ctxt_switches: 34
nonvoluntary_ctxt_switches: 72
jiffies: 270.0
avg_cpu_load: 3.5 %
avg_memory_mb: 91.2 MB

Среднее latency: 1.68
Средний runtime: 1.67
Всего задач: 6
Задач по типам: cpu_intensive - 4; memory_intensive - 2

Процесс: 84148
Родитель: 84057
Создан: 2026-04-26T15:20:59.410000
Последний замер: 2026-04-26T15:21:59.725178
Время жизни: 60.315178 сек
voluntary_ctxt_switches: 44
nonvoluntary_ctxt_switches: 70
jiffies: 207.0
avg_cpu_load: 3.4 %
avg_memory_mb: 119.0 MB

Среднее latency: 1.71
Средний runtime: 1.67
Всего задач: 6
Задач по типам: memory_intensive - 3; cpu_intensive - 3

Процесс: 84152
Родитель: 84057
Создан: 2026-04-26T15:21:29.330000
Последний замер: 2026-04-26T15:22:30.117781
Время жизни: 60.787781 сек
voluntary_ctxt_switches: 23
nonvoluntary_ctxt_switches: 88
jiffies: 324.0
avg_cpu_load: 5.3 %
avg_memory_mb: 77.1 MB

Среднее latency: 1.67
Средний runtime: 1.65
Всего задач: 6
Задач по типам: cpu_intensive - 5; memory_intensive - 1

Процесс: 84153
Родитель: 84057
Создан: 2026-04-26T15:21:29.380000
Последний замер: 2026-04-26T15:22:30.117984
Время жизни: 60.737984 сек
voluntary_ctxt_switches: 45
nonvoluntary_ctxt_switches: 70
jiffies: 213.0
avg_cpu_load: 3.5 %
avg_memory_mb: 119.5 MB

Среднее latency: 1.69
Средний runtime: 1.67
Всего задач: 6
Задач по типам: memory_intensive - 3; cpu_intensive - 3

Процесс: 84218
Родитель: 84057
Создан: 2026-04-26T15:21:59.330000
Последний замер: 2026-04-26T15:22:59.466834
Время жизни: 60.136834 сек
voluntary_ctxt_switches: 33
nonvoluntary_ctxt_switches: 46
jiffies: 279.0
avg_cpu_load: 4.0 %
avg_memory_mb: 104.6 MB

Среднее latency: 1.7
Средний runtime: 1.68
Всего задач: 6
Задач по типам: cpu_intensive - 4; memory_intensive - 2

Процесс: 84219
Родитель: 84057
Создан: 2026-04-26T15:21:59.350000
Последний замер: 2026-04-26T15:22:59.467036
Время жизни: 60.117036 сек
voluntary_ctxt_switches: 34
nonvoluntary_ctxt_switches: 88
jiffies: 277.0
avg_cpu_load: 4.0 %
avg_memory_mb: 90.7 MB

Среднее latency: 1.71
Средний runtime: 1.68
Всего задач: 6
Задач по типам: cpu_intensive - 4; memory_intensive - 2

Процесс: 84223
Родитель: 84057
Создан: 2026-04-26T15:22:29.350000
Последний замер: 2026-04-26T15:23:29.858354
Время жизни: 60.508354 сек
voluntary_ctxt_switches: 23
nonvoluntary_ctxt_switches: 109
jiffies: 315.0
avg_cpu_load: 5.3 %
avg_memory_mb: 77.4 MB

Среднее latency: 1.66
Средний runtime: 1.63
Всего задач: 6
Задач по типам: cpu_intensive - 5; memory_intensive - 1

Процесс: 84224
Родитель: 84057
Создан: 2026-04-26T15:22:29.400000
Последний замер: 2026-04-26T15:23:29.858558
Время жизни: 60.458558 сек
voluntary_ctxt_switches: 42
nonvoluntary_ctxt_switches: 59
jiffies: 219.0
avg_cpu_load: 3.6 %
avg_memory_mb: 119.1 MB

Среднее latency: 1.71
Средний runtime: 1.68
Всего задач: 6
Задач по типам: memory_intensive - 3; cpu_intensive - 3

Процесс: 84296
Родитель: 84057
Создан: 2026-04-26T15:22:59.350000
Последний замер: 2026-04-26T15:24:00.251615
Время жизни: 60.901615 сек
voluntary_ctxt_switches: 33
nonvoluntary_ctxt_switches: 51
jiffies: 267.0
avg_cpu_load: 4.2 %
avg_memory_mb: 104.6 MB

Среднее latency: 1.68
Средний runtime: 1.66
Всего задач: 6
Задач по типам: cpu_intensive - 4; memory_intensive - 2

Процесс: 84297
Родитель: 84057
Создан: 2026-04-26T15:22:59.380000
Последний замер: 2026-04-26T15:24:00.251819
Время жизни: 60.871819 сек
voluntary_ctxt_switches: 33
nonvoluntary_ctxt_switches: 68
jiffies: 271.0
avg_cpu_load: 4.3 %
avg_memory_mb: 91.1 MB

Среднее latency: 1.7
Средний runtime: 1.68
Всего задач: 6
Задач по типам: cpu_intensive - 4; memory_intensive - 2

Процесс: 84301
Родитель: 84057
Создан: 2026-04-26T15:23:29.380000
Последний замер: 2026-04-26T15:24:29.607718
Время жизни: 60.227718 сек
voluntary_ctxt_switches: 23
nonvoluntary_ctxt_switches: 81
jiffies: 318.0
avg_cpu_load: 5.3 %
avg_memory_mb: 76.9 MB

Среднее latency: 1.66
Средний runtime: 1.64
Всего задач: 6
Задач по типам: cpu_intensive - 5; memory_intensive - 1

Процесс: 84302
Родитель: 84057
Создан: 2026-04-26T15:23:29.430000
Последний замер: 2026-04-26T15:24:29.607924
Время жизни: 60.177924 сек
voluntary_ctxt_switches: 42
nonvoluntary_ctxt_switches: 77
jiffies: 211.0
avg_cpu_load: 3.5 %
avg_memory_mb: 118.8 MB

Среднее latency: 1.69
Средний runtime: 1.66
Всего задач: 6
Задач по типам: memory_intensive - 3; cpu_intensive - 3

Процесс: 84367
Родитель: 84057
Создан: 2026-04-26T15:23:59.380000
Последний замер: 2026-04-26T15:24:50.377817
Время жизни: 50.997817 сек
voluntary_ctxt_switches: 31
nonvoluntary_ctxt_switches: 52
jiffies: 204.0
avg_cpu_load: 2.8 %
avg_memory_mb: 102.6 MB

Среднее latency: 1.69
Средний runtime: 1.67
Всего задач: 5
Задач по типам: cpu_intensive - 3; memory_intensive - 2

Процесс: 84368
Родитель: 84057
Создан: 2026-04-26T15:23:59.400000
Последний замер: 2026-04-26T15:24:50.378022
Время жизни: 50.978022 сек
voluntary_ctxt_switches: 21
nonvoluntary_ctxt_switches: 70
jiffies: 265.0
avg_cpu_load: 4.0 %
avg_memory_mb: 86.2 MB

Среднее latency: 1.7
Средний runtime: 1.67
Всего задач: 5
Задач по типам: cpu_intensive - 4; memory_intensive - 1

Процесс: 84374
Родитель: 84057
Создан: 2026-04-26T15:24:29.390000
Последний замер: 2026-04-26T15:24:50.378229
Время жизни: 20.988229 сек
voluntary_ctxt_switches: 5
nonvoluntary_ctxt_switches: 22
jiffies: 121.0
avg_cpu_load: 5.8 %
avg_memory_mb: 36.5 MB

Среднее latency: 1.67
Средний runtime: 1.61
Всего задач: 2
Задач по типам: cpu_intensive - 2

Процесс: 84375
Родитель: 84057
Создан: 2026-04-26T15:24:29.450000
Последний замер: 2026-04-26T15:24:50.378431
Время жизни: 20.928431 сек
voluntary_ctxt_switches: 25
nonvoluntary_ctxt_switches: 15
jiffies: 18.0
avg_cpu_load: 0.8 %
avg_memory_mb: 116.2 MB

Среднее latency: 1.79
Средний runtime: 1.71
Всего задач: 2
Задач по типам: memory_intensive - 2

