{
    "active_periods": [
        {
            "start": 1777162753.57596,
            "end": 1777163056.254127,
            "duration_sec": 302.67816710472107,
            "tasks_completed": 120,
            "throughput_tps": 0.39646070659097854
        }
    ],
    "history": [
        {
            "timestamp": 1777162753.57596,
            "messages": 0,
            "ack": 17220
        },
        {
            "timestamp": 1777162758.583662,
            "messages": 4,
            "ack": 17224
        },
        {
            "timestamp": 1777162763.590157,
            "messages": 0,
            "ack": 17224
        },
        {
            "timestamp": 1777162768.595744,
            "messages": 0,
            "ack": 17228
        },
        {
            "timestamp": 1777162773.603117,
            "messages": 0,
            "ack": 17228
        },
        {
            "timestamp": 1777162778.609499,
            "messages": 0,
            "ack": 17232
        },
        {
            "timestamp": 1777162783.615022,
            "messages": 0,
            "ack": 17232
        },
        {
            "timestamp": 1777162788.619914,
            "messages": 0,
            "ack": 17236
        },
        {
            "timestamp": 1777162793.6257,
            "messages": 0,
            "ack": 17236
        },
        {
            "timestamp": 1777162798.632914,
            "messages": 0,
            "ack": 17240
        },
        {
            "timestamp": 1777162803.638487,
            "messages": 0,
            "ack": 17240
        },
        {
            "timestamp": 1777162808.644484,
            "messages": 0,
            "ack": 17244
        },
        {
            "timestamp": 1777162813.649263,
            "messages": 0,
            "ack": 17244
        },
        {
            "timestamp": 1777162818.65503,
            "messages": 0,
            "ack": 17248
        },
        {
            "timestamp": 1777162823.660431,
            "messages": 0,
            "ack": 17248
        },
        {
            "timestamp": 1777162828.665903,
            "messages": 0,
            "ack": 17252
        },
        {
            "timestamp": 1777162833.671815,
            "messages": 0,
            "ack": 17252
        },
        {
            "timestamp": 1777162838.676759,
            "messages": 0,
            "ack": 17256
        },
        {
            "timestamp": 1777162843.683212,
            "messages": 0,
            "ack": 17256
        },
        {
            "timestamp": 1777162848.689041,
            "messages": 0,
            "ack": 17260
        },
        {
            "timestamp": 1777162853.69445,
            "messages": 0,
            "ack": 17260
        },
        {
            "timestamp": 1777162858.69975,
            "messages": 0,
            "ack": 17264
        },
        {
            "timestamp": 1777162863.703751,
            "messages": 0,
            "ack": 17264
        },
        {
            "timestamp": 1777162868.70985,
            "messages": 0,
            "ack": 17268
        },
        {
            "timestamp": 1777162873.715651,
            "messages": 0,
            "ack": 17268
        },
        {
            "timestamp": 1777162878.721537,
            "messages": 4,
            "ack": 17272
        },
        {
            "timestamp": 1777162883.727214,
            "messages": 0,
            "ack": 17272
        },
        {
            "timestamp": 1777162888.733701,
            "messages": 0,
            "ack": 17276
        },
        {
            "timestamp": 1777162893.739876,
            "messages": 0,
            "ack": 17276
        },
        {
            "timestamp": 1777162898.745768,
            "messages": 0,
            "ack": 17280
        },
        {
            "timestamp": 1777162903.752118,
            "messages": 0,
            "ack": 17280
        },
        {
            "timestamp": 1777162908.758252,
            "messages": 0,
            "ack": 17284
        },
        {
            "timestamp": 1777162913.764897,
            "messages": 0,
            "ack": 17284
        },
        {
            "timestamp": 1777162918.771671,
            "messages": 0,
            "ack": 17288
        },
        {
            "timestamp": 1777162923.778293,
            "messages": 0,
            "ack": 17288
        },
        {
            "timestamp": 1777162928.783664,
            "messages": 0,
            "ack": 17292
        },
        {
            "timestamp": 1777162933.789105,
            "messages": 0,
            "ack": 17292
        },
        {
            "timestamp": 1777162938.795755,
            "messages": 0,
            "ack": 17296
        },
        {
            "timestamp": 1777162943.802103,
            "messages": 0,
            "ack": 17296
        },
        {
            "timestamp": 1777162948.808191,
            "messages": 0,
            "ack": 17300
        },
        {
            "timestamp": 1777162953.813856,
            "messages": 0,
            "ack": 17300
        },
        {
            "timestamp": 1777162958.820732,
            "messages": 0,
            "ack": 17304
        },
        {
            "timestamp": 1777162963.828119,
            "messages": 0,
            "ack": 17304
        },
        {
            "timestamp": 1777162968.83576,
            "messages": 0,
            "ack": 17308
        },
        {
            "timestamp": 1777162973.84191,
            "messages": 0,
            "ack": 17308
        },
        {
            "timestamp": 1777162978.847056,
            "messages": 0,
            "ack": 17312
        },
        {
            "timestamp": 1777162983.8523,
            "messages": 0,
            "ack": 17312
        },
        {
            "timestamp": 1777162988.858788,
            "messages": 0,
            "ack": 17316
        },
        {
            "timestamp": 1777162993.864378,
            "messages": 0,
            "ack": 17316
        },
        {
            "timestamp": 1777162998.87002,
            "messages": 4,
            "ack": 17320
        },
        {
            "timestamp": 1777163003.87746,
            "messages": 0,
            "ack": 17320
        },
        {
            "timestamp": 1777163008.884494,
            "messages": 0,
            "ack": 17324
        },
        {
            "timestamp": 1777163013.889909,
            "messages": 0,
            "ack": 17324
        },
        {
            "timestamp": 1777163018.895542,
            "messages": 0,
            "ack": 17328
        },
        {
            "timestamp": 1777163023.901683,
            "messages": 0,
            "ack": 17328
        },
        {
            "timestamp": 1777163028.907909,
            "messages": 0,
            "ack": 17332
        },
        {
            "timestamp": 1777163033.91351,
            "messages": 0,
            "ack": 17332
        },
        {
            "timestamp": 1777163038.919137,
            "messages": 0,
            "ack": 17336
        },
        {
            "timestamp": 1777163043.923813,
            "messages": 0,
            "ack": 17336
        },
        {
            "timestamp": 1777163048.931815,
            "messages": 0,
            "ack": 17340
        },
        {
            "timestamp": 1777163053.937295,
            "messages": 0,
            "ack": 17340
        },
        {
            "timestamp": 1777163056.237705,
            "messages": 0,
            "ack": 17340
        }
    ]
}