Процесс: 35794
УПРАВЛЯЮЩИЙ ПРОЦЕСС
Родитель: 13546
Создан: 2026-04-26T05:41:17.600000
Последний замер: 2026-04-26T05:46:20.143177
Время жизни: 302.543177 сек
voluntary_ctxt_switches: 1771
nonvoluntary_ctxt_switches: 170
jiffies: 177.0
avg_cpu_load: 0.5 %
avg_memory_mb: 42.9 MB


Процесс: 35802
Родитель: 35794
Создан: 2026-04-26T05:41:18.010000
Последний замер: 2026-04-26T05:41:59.299098
Время жизни: 41.289098 сек
voluntary_ctxt_switches: 20
nonvoluntary_ctxt_switches: 283
jiffies: 190.0
avg_cpu_load: 4.7 %
avg_memory_mb: 75.0 MB

Среднее latency: 1.95
Средний runtime: 1.84
Всего задач: 4
Задач по типам: cpu_intensive - 3; memory_intensive - 1

Процесс: 35803
Родитель: 35794
Создан: 2026-04-26T05:41:18.030000
Последний замер: 2026-04-26T05:41:59.299299
Время жизни: 41.269299 сек
voluntary_ctxt_switches: 19
nonvoluntary_ctxt_switches: 204
jiffies: 192.0
avg_cpu_load: 4.7 %
avg_memory_mb: 95.1 MB

Среднее latency: 1.9
Средний runtime: 1.78
Всего задач: 4
Задач по типам: cpu_intensive - 3; memory_intensive - 1

Процесс: 35804
Родитель: 35794
Создан: 2026-04-26T05:41:18.060000
Последний замер: 2026-04-26T05:41:59.299500
Время жизни: 41.2395 сек
voluntary_ctxt_switches: 19
nonvoluntary_ctxt_switches: 319
jiffies: 194.0
avg_cpu_load: 4.8 %
avg_memory_mb: 74.9 MB

Среднее latency: 2.01
Средний runtime: 1.91
Всего задач: 4
Задач по типам: cpu_intensive - 3; memory_intensive - 1

Процесс: 35805
Родитель: 35794
Создан: 2026-04-26T05:41:18.080000
Последний замер: 2026-04-26T05:41:59.299711
Время жизни: 41.219711 сек
voluntary_ctxt_switches: 19
nonvoluntary_ctxt_switches: 397
jiffies: 197.0
avg_cpu_load: 4.8 %
avg_memory_mb: 95.1 MB

Среднее latency: 2.07
Средний runtime: 1.96
Всего задач: 4
Задач по типам: cpu_intensive - 3; memory_intensive - 1

Процесс: 35814
Родитель: 35794
Создан: 2026-04-26T05:41:19.150000
Последний замер: 2026-04-26T05:42:29.698153
Время жизни: 70.548153 сек
voluntary_ctxt_switches: 36
nonvoluntary_ctxt_switches: 531
jiffies: 336.0
avg_cpu_load: 4.6 %
avg_memory_mb: 107.0 MB

Среднее latency: 1.96
Средний runtime: 1.89
Всего задач: 7
Задач по типам: cpu_intensive - 5; memory_intensive - 2

Процесс: 35815
Родитель: 35794
Создан: 2026-04-26T05:41:19.180000
Последний замер: 2026-04-26T05:42:29.698355
Время жизни: 70.518355 сек
voluntary_ctxt_switches: 46
nonvoluntary_ctxt_switches: 328
jiffies: 279.0
avg_cpu_load: 4.0 %
avg_memory_mb: 116.0 MB

Среднее latency: 1.87
Средний runtime: 1.81
Всего задач: 7
Задач по типам: memory_intensive - 3; cpu_intensive - 4

Процесс: 35816
Родитель: 35794
Создан: 2026-04-26T05:41:19.200000
Последний замер: 2026-04-26T05:42:29.698558
Время жизни: 70.498558 сек
voluntary_ctxt_switches: 46
nonvoluntary_ctxt_switches: 213
jiffies: 274.0
avg_cpu_load: 3.9 %
avg_memory_mb: 118.2 MB

Среднее latency: 1.81
Средний runtime: 1.74
Всего задач: 7
Задач по типам: memory_intensive - 3; cpu_intensive - 4

Процесс: 35817
Родитель: 35794
Создан: 2026-04-26T05:41:19.220000
Последний замер: 2026-04-26T05:42:29.698772
Время жизни: 70.478772 сек
voluntary_ctxt_switches: 35
nonvoluntary_ctxt_switches: 577
jiffies: 332.0
avg_cpu_load: 4.7 %
avg_memory_mb: 95.1 MB

Среднее latency: 1.97
Средний runtime: 1.91
Всего задач: 7
Задач по типам: cpu_intensive - 5; memory_intensive - 2

Процесс: 35823
Родитель: 35794
Создан: 2026-04-26T05:41:59.020000
Последний замер: 2026-04-26T05:42:59.040439
Время жизни: 60.020439 сек
voluntary_ctxt_switches: 44
nonvoluntary_ctxt_switches: 321
jiffies: 217.0
avg_cpu_load: 3.6 %
avg_memory_mb: 118.5 MB

Среднее latency: 1.86
Средний runtime: 1.83
Всего задач: 6
Задач по типам: memory_intensive - 3; cpu_intensive - 3

Процесс: 35824
Родитель: 35794
Создан: 2026-04-26T05:41:59.040000
Последний замер: 2026-04-26T05:42:59.040656
Время жизни: 60.000656 сек
voluntary_ctxt_switches: 23
nonvoluntary_ctxt_switches: 284
jiffies: 315.0
avg_cpu_load: 4.9 %
avg_memory_mb: 76.6 MB

Среднее latency: 1.79
Средний runtime: 1.76
Всего задач: 6
Задач по типам: cpu_intensive - 5; memory_intensive - 1

Процесс: 35825
Родитель: 35794
Создан: 2026-04-26T05:41:59.070000
Последний замер: 2026-04-26T05:42:59.040860
Время жизни: 59.97086 сек
voluntary_ctxt_switches: 44
nonvoluntary_ctxt_switches: 230
jiffies: 216.0
avg_cpu_load: 3.6 %
avg_memory_mb: 118.3 MB

Среднее latency: 1.82
Средний runtime: 1.78
Всего задач: 6
Задач по типам: memory_intensive - 3; cpu_intensive - 3

Процесс: 35826
Родитель: 35794
Создан: 2026-04-26T05:41:59.100000
Последний замер: 2026-04-26T05:42:59.041063
Время жизни: 59.941063 сек
voluntary_ctxt_switches: 24
nonvoluntary_ctxt_switches: 484
jiffies: 320.0
avg_cpu_load: 5.4 %
avg_memory_mb: 76.6 MB

Среднее latency: 1.9
Средний runtime: 1.86
Всего задач: 6
Задач по типам: cpu_intensive - 5; memory_intensive - 1

Процесс: 35891
Родитель: 35794
Создан: 2026-04-26T05:42:29.060000
Последний замер: 2026-04-26T05:43:29.439227
Время жизни: 60.379227 сек
voluntary_ctxt_switches: 33
nonvoluntary_ctxt_switches: 325
jiffies: 258.0
avg_cpu_load: 4.3 %
avg_memory_mb: 105.1 MB

Среднее latency: 1.83
Средний runtime: 1.79
Всего задач: 6
Задач по типам: cpu_intensive - 4; memory_intensive - 2

Процесс: 35892
Родитель: 35794
Создан: 2026-04-26T05:42:29.090000
Последний замер: 2026-04-26T05:43:29.439432
Время жизни: 60.349432 сек
voluntary_ctxt_switches: 23
nonvoluntary_ctxt_switches: 616
jiffies: 319.0
avg_cpu_load: 5.4 %
avg_memory_mb: 77.2 MB

Среднее latency: 1.98
Средний runtime: 1.95
Всего задач: 6
Задач по типам: cpu_intensive - 5; memory_intensive - 1

Процесс: 35893
Родитель: 35794
Создан: 2026-04-26T05:42:29.130000
Последний замер: 2026-04-26T05:43:29.439651
Время жизни: 60.309651 сек
voluntary_ctxt_switches: 34
nonvoluntary_ctxt_switches: 367
jiffies: 259.0
avg_cpu_load: 3.5 %
avg_memory_mb: 91.3 MB

Среднее latency: 1.85
Средний runtime: 1.81
Всего задач: 6
Задач по типам: cpu_intensive - 4; memory_intensive - 2

Процесс: 35894
Родитель: 35794
Создан: 2026-04-26T05:42:29.150000
Последний замер: 2026-04-26T05:43:29.439855
Время жизни: 60.289855 сек
voluntary_ctxt_switches: 43
nonvoluntary_ctxt_switches: 217
jiffies: 207.0
avg_cpu_load: 3.4 %
avg_memory_mb: 119.3 MB

Среднее latency: 1.8
Средний runtime: 1.76
Всего задач: 6
Задач по типам: memory_intensive - 3; cpu_intensive - 3

Процесс: 35898
Родитель: 35794
Создан: 2026-04-26T05:42:59.090000
Последний замер: 2026-04-26T05:43:59.840082
Время жизни: 60.750082 сек
voluntary_ctxt_switches: 34
nonvoluntary_ctxt_switches: 406
jiffies: 266.0
avg_cpu_load: 4.3 %
avg_memory_mb: 119.4 MB

Среднее latency: 1.89
Средний runtime: 1.84
Всего задач: 6
Задач по типам: memory_intensive - 2; cpu_intensive - 4

Процесс: 35899
Родитель: 35794
Создан: 2026-04-26T05:42:59.140000
Последний замер: 2026-04-26T05:43:59.840289
Время жизни: 60.700289 сек
voluntary_ctxt_switches: 34
nonvoluntary_ctxt_switches: 310
jiffies: 261.0
avg_cpu_load: 4.4 %
avg_memory_mb: 78.1 MB

Среднее latency: 1.84
Средний runtime: 1.79
Всего задач: 6
Задач по типам: cpu_intensive - 4; memory_intensive - 2

Процесс: 35900
Родитель: 35794
Создан: 2026-04-26T05:42:59.170000
Последний замер: 2026-04-26T05:43:59.840495
Время жизни: 60.670495 сек
voluntary_ctxt_switches: 43
nonvoluntary_ctxt_switches: 215
jiffies: 207.0
avg_cpu_load: 3.4 %
avg_memory_mb: 119.3 MB

Среднее latency: 1.81
Средний runtime: 1.76
Всего задач: 6
Задач по типам: memory_intensive - 3; cpu_intensive - 3

Процесс: 35901
Родитель: 35794
Создан: 2026-04-26T05:42:59.200000
Последний замер: 2026-04-26T05:43:59.840714
Время жизни: 60.640714 сек
voluntary_ctxt_switches: 35
nonvoluntary_ctxt_switches: 258
jiffies: 261.0
avg_cpu_load: 4.4 %
avg_memory_mb: 78.1 MB

Среднее latency: 1.81
Средний runtime: 1.76
Всего задач: 6
Задач по типам: cpu_intensive - 4; memory_intensive - 2

Процесс: 35966
Родитель: 35794
Создан: 2026-04-26T05:43:29.090000
Последний замер: 2026-04-26T05:44:29.184062
Время жизни: 60.094062 сек
voluntary_ctxt_switches: 23
nonvoluntary_ctxt_switches: 521
jiffies: 318.0
avg_cpu_load: 4.9 %
avg_memory_mb: 76.8 MB

Среднее latency: 1.91
Средний runtime: 1.88
Всего задач: 6
Задач по типам: cpu_intensive - 5; memory_intensive - 1

Процесс: 35967
Родитель: 35794
Создан: 2026-04-26T05:43:29.110000
Последний замер: 2026-04-26T05:44:29.184265
Время жизни: 60.074265 сек
voluntary_ctxt_switches: 34
nonvoluntary_ctxt_switches: 431
jiffies: 267.0
avg_cpu_load: 4.5 %
avg_memory_mb: 104.7 MB

Среднее latency: 1.89
Средний runtime: 1.86
Всего задач: 6
Задач по типам: cpu_intensive - 4; memory_intensive - 2

Процесс: 35968
Родитель: 35794
Создан: 2026-04-26T05:43:29.140000
Последний замер: 2026-04-26T05:44:29.184468
Время жизни: 60.044468 сек
voluntary_ctxt_switches: 25
nonvoluntary_ctxt_switches: 263
jiffies: 320.0
avg_cpu_load: 4.9 %
avg_memory_mb: 76.8 MB

Среднее latency: 1.79
Средний runtime: 1.76
Всего задач: 6
Задач по типам: cpu_intensive - 5; memory_intensive - 1

Процесс: 35969
Родитель: 35794
Создан: 2026-04-26T05:43:29.170000
Последний замер: 2026-04-26T05:44:29.184679
Время жизни: 60.014679 сек
voluntary_ctxt_switches: 43
nonvoluntary_ctxt_switches: 362
jiffies: 208.0
avg_cpu_load: 3.5 %
avg_memory_mb: 118.6 MB

Среднее latency: 1.87
Средний runtime: 1.83
Всего задач: 6
Задач по типам: memory_intensive - 3; cpu_intensive - 3

Процесс: 35973
Родитель: 35794
Создан: 2026-04-26T05:43:59.110000
Последний замер: 2026-04-26T05:44:59.584247
Время жизни: 60.474247 сек
voluntary_ctxt_switches: 34
nonvoluntary_ctxt_switches: 430
jiffies: 265.0
avg_cpu_load: 4.4 %
avg_memory_mb: 77.6 MB

Среднее latency: 1.89
Средний runtime: 1.85
Всего задач: 6
Задач по типам: cpu_intensive - 4; memory_intensive - 2

Процесс: 35974
Родитель: 35794
Создан: 2026-04-26T05:43:59.140000
Последний замер: 2026-04-26T05:44:59.584450
Время жизни: 60.44445 сек
voluntary_ctxt_switches: 33
nonvoluntary_ctxt_switches: 363
jiffies: 261.0
avg_cpu_load: 3.3 %
avg_memory_mb: 91.3 MB

Среднее latency: 1.86
Средний runtime: 1.82
Всего задач: 6
Задач по типам: cpu_intensive - 4; memory_intensive - 2

Процесс: 35975
Родитель: 35794
Создан: 2026-04-26T05:43:59.170000
Последний замер: 2026-04-26T05:44:59.584663
Время жизни: 60.414663 сек
voluntary_ctxt_switches: 33
nonvoluntary_ctxt_switches: 262
jiffies: 268.0
avg_cpu_load: 3.5 %
avg_memory_mb: 105.2 MB

Среднее latency: 1.81
Средний runtime: 1.77
Всего задач: 6
Задач по типам: cpu_intensive - 4; memory_intensive - 2

Процесс: 35976
Родитель: 35794
Создан: 2026-04-26T05:43:59.190000
Последний замер: 2026-04-26T05:44:59.584869
Время жизни: 60.394869 сек
voluntary_ctxt_switches: 44
nonvoluntary_ctxt_switches: 154
jiffies: 201.0
avg_cpu_load: 3.3 %
avg_memory_mb: 119.1 MB

Среднее latency: 1.76
Средний runtime: 1.72
Всего задач: 6
Задач по типам: memory_intensive - 3; cpu_intensive - 3

Процесс: 36042
Родитель: 35794
Создан: 2026-04-26T05:44:29.130000
Последний замер: 2026-04-26T05:45:29.985190
Время жизни: 60.85519 сек
voluntary_ctxt_switches: 23
nonvoluntary_ctxt_switches: 571
jiffies: 319.0
avg_cpu_load: 5.3 %
avg_memory_mb: 77.2 MB

Среднее latency: 1.96
Средний runtime: 1.93
Всего задач: 6
Задач по типам: cpu_intensive - 5; memory_intensive - 1

Процесс: 36043
Родитель: 35794
Создан: 2026-04-26T05:44:29.180000
Последний замер: 2026-04-26T05:45:29.985393
Время жизни: 60.805393 сек
voluntary_ctxt_switches: 33
nonvoluntary_ctxt_switches: 188
jiffies: 263.0
avg_cpu_load: 4.3 %
avg_memory_mb: 117.9 MB

Среднее latency: 1.77
Средний runtime: 1.73
Всего задач: 6
Задач по типам: memory_intensive - 2; cpu_intensive - 4

Процесс: 36044
Родитель: 35794
Создан: 2026-04-26T05:44:29.210000
Последний замер: 2026-04-26T05:45:29.985605
Время жизни: 60.775605 сек
voluntary_ctxt_switches: 33
nonvoluntary_ctxt_switches: 436
jiffies: 267.0
avg_cpu_load: 4.4 %
avg_memory_mb: 119.3 MB

Среднее latency: 1.91
Средний runtime: 1.86
Всего задач: 6
Задач по типам: memory_intensive - 2; cpu_intensive - 4

Процесс: 36045
Родитель: 35794
Создан: 2026-04-26T05:44:29.240000
Последний замер: 2026-04-26T05:45:29.985809
Время жизни: 60.745809 сек
voluntary_ctxt_switches: 33
nonvoluntary_ctxt_switches: 316
jiffies: 260.0
avg_cpu_load: 4.4 %
avg_memory_mb: 105.9 MB

Среднее latency: 1.84
Средний runtime: 1.79
Всего задач: 6
Задач по типам: cpu_intensive - 4; memory_intensive - 2

Процесс: 36049
Родитель: 35794
Создан: 2026-04-26T05:44:59.140000
Последний замер: 2026-04-26T05:45:59.341321
Время жизни: 60.201321 сек
voluntary_ctxt_switches: 33
nonvoluntary_ctxt_switches: 388
jiffies: 264.0
avg_cpu_load: 4.4 %
avg_memory_mb: 104.9 MB

Среднее latency: 1.87
Средний runtime: 1.84
Всего задач: 6
Задач по типам: cpu_intensive - 4; memory_intensive - 2

Процесс: 36050
Родитель: 35794
Создан: 2026-04-26T05:44:59.160000
Последний замер: 2026-04-26T05:45:59.341524
Время жизни: 60.181524 сек
voluntary_ctxt_switches: 26
nonvoluntary_ctxt_switches: 220
jiffies: 315.0
avg_cpu_load: 4.6 %
avg_memory_mb: 90.8 MB

Среднее latency: 1.77
Средний runtime: 1.74
Всего задач: 6
Задач по типам: cpu_intensive - 5; memory_intensive - 1

Процесс: 36051
Родитель: 35794
Создан: 2026-04-26T05:44:59.190000
Последний замер: 2026-04-26T05:45:59.341739
Время жизни: 60.151739 сек
voluntary_ctxt_switches: 34
nonvoluntary_ctxt_switches: 338
jiffies: 259.0
avg_cpu_load: 3.7 %
avg_memory_mb: 104.9 MB

Среднее latency: 1.83
Средний runtime: 1.8
Всего задач: 6
Задач по типам: cpu_intensive - 4; memory_intensive - 2

Процесс: 36052
Родитель: 35794
Создан: 2026-04-26T05:44:59.220000
Последний замер: 2026-04-26T05:45:59.341940
Время жизни: 60.12194 сек
voluntary_ctxt_switches: 34
nonvoluntary_ctxt_switches: 243
jiffies: 258.0
avg_cpu_load: 4.3 %
avg_memory_mb: 90.8 MB

Среднее latency: 1.78
Средний runtime: 1.75
Всего задач: 6
Задач по типам: cpu_intensive - 4; memory_intensive - 2

Процесс: 36121
Родитель: 35794
Создан: 2026-04-26T05:45:29.140000
Последний замер: 2026-04-26T05:46:20.143660
Время жизни: 51.00366 сек
voluntary_ctxt_switches: 22
nonvoluntary_ctxt_switches: 392
jiffies: 256.0
avg_cpu_load: 5.1 %
avg_memory_mb: 69.9 MB

Среднее latency: 1.92
Средний runtime: 1.87
Всего задач: 5
Задач по типам: cpu_intensive - 4; memory_intensive - 1

Процесс: 36122
Родитель: 35794
Создан: 2026-04-26T05:45:29.200000
Последний замер: 2026-04-26T05:46:20.143865
Время жизни: 50.943865 сек
voluntary_ctxt_switches: 31
nonvoluntary_ctxt_switches: 290
jiffies: 200.0
avg_cpu_load: 3.9 %
avg_memory_mb: 119.0 MB

Среднее latency: 1.88
Средний runtime: 1.83
Всего задач: 5
Задач по типам: memory_intensive - 2; cpu_intensive - 3

Процесс: 36123
Родитель: 35794
Создан: 2026-04-26T05:45:29.250000
Последний замер: 2026-04-26T05:46:20.144064
Время жизни: 50.894064 сек
voluntary_ctxt_switches: 31
nonvoluntary_ctxt_switches: 340
jiffies: 201.0
avg_cpu_load: 3.9 %
avg_memory_mb: 119.0 MB

Среднее latency: 1.89
Средний runtime: 1.84
Всего задач: 5
Задач по типам: memory_intensive - 2; cpu_intensive - 3

Процесс: 36124
Родитель: 35794
Создан: 2026-04-26T05:45:29.300000
Последний замер: 2026-04-26T05:46:20.144269
Время жизни: 50.844269 сек
voluntary_ctxt_switches: 41
nonvoluntary_ctxt_switches: 170
jiffies: 144.0
avg_cpu_load: 2.8 %
avg_memory_mb: 119.3 MB

Среднее latency: 1.82
Средний runtime: 1.76
Всего задач: 5
Задач по типам: memory_intensive - 3; cpu_intensive - 2

Процесс: 36128
Родитель: 35794
Создан: 2026-04-26T05:45:59.170000
Последний замер: 2026-04-26T05:46:20.144471
Время жизни: 20.974471 сек
voluntary_ctxt_switches: 15
nonvoluntary_ctxt_switches: 118
jiffies: 69.0
avg_cpu_load: 3.3 %
avg_memory_mb: 76.8 MB

Среднее latency: 1.92
Средний runtime: 1.83
Всего задач: 2
Задач по типам: cpu_intensive - 1; memory_intensive - 1

Процесс: 36129
Родитель: 35794
Создан: 2026-04-26T05:45:59.200000
Последний замер: 2026-04-26T05:46:20.144685
Время жизни: 20.944685 сек
voluntary_ctxt_switches: 5
nonvoluntary_ctxt_switches: 44
jiffies: 121.0
avg_cpu_load: 5.4 %
avg_memory_mb: 36.6 MB

Среднее latency: 1.74
Средний runtime: 1.64
Всего задач: 2
Задач по типам: cpu_intensive - 2

Процесс: 36130
Родитель: 35794
Создан: 2026-04-26T05:45:59.240000
Последний замер: 2026-04-26T05:46:20.144886
Время жизни: 20.904886 сек
voluntary_ctxt_switches: 25
nonvoluntary_ctxt_switches: 25
jiffies: 15.0
avg_cpu_load: 0.7 %
avg_memory_mb: 115.9 MB

Среднее latency: 1.83
Средний runtime: 1.73
Всего задач: 2
Задач по типам: memory_intensive - 2

Процесс: 36131
Родитель: 35794
Создан: 2026-04-26T05:45:59.270000
Последний замер: 2026-04-26T05:46:20.145085
Время жизни: 20.875085 сек
voluntary_ctxt_switches: 5
nonvoluntary_ctxt_switches: 115
jiffies: 120.0
avg_cpu_load: 5.7 %
avg_memory_mb: 36.6 MB

Среднее latency: 1.84
Средний runtime: 1.74
Всего задач: 2
Задач по типам: cpu_intensive - 2

