{
    "active_periods": [
        {
            "start": 1777207627.060372,
            "end": 1777207931.08507,
            "duration_sec": 304.02469778060913,
            "tasks_completed": 718,
            "throughput_tps": 2.3616502384228157
        }
    ],
    "history": [
        {
            "timestamp": 1777207627.060372,
            "messages": 0,
            "ack": 74584
        },
        {
            "timestamp": 1777207632.067734,
            "messages": 4,
            "ack": 74592
        },
        {
            "timestamp": 1777207637.073282,
            "messages": 8,
            "ack": 74604
        },
        {
            "timestamp": 1777207642.07865,
            "messages": 7,
            "ack": 74616
        },
        {
            "timestamp": 1777207647.085112,
            "messages": 6,
            "ack": 74628
        },
        {
            "timestamp": 1777207652.090896,
            "messages": 4,
            "ack": 74640
        },
        {
            "timestamp": 1777207657.096108,
            "messages": 4,
            "ack": 74652
        },
        {
            "timestamp": 1777207662.101331,
            "messages": 8,
            "ack": 74664
        },
        {
            "timestamp": 1777207667.106636,
            "messages": 8,
            "ack": 74676
        },
        {
            "timestamp": 1777207672.111491,
            "messages": 6,
            "ack": 74688
        },
        {
            "timestamp": 1777207677.11636,
            "messages": 10,
            "ack": 74700
        },
        {
            "timestamp": 1777207682.122165,
            "messages": 9,
            "ack": 74712
        },
        {
            "timestamp": 1777207687.125794,
            "messages": 9,
            "ack": 74724
        },
        {
            "timestamp": 1777207692.130951,
            "messages": 8,
            "ack": 74736
        },
        {
            "timestamp": 1777207697.136604,
            "messages": 8,
            "ack": 74748
        },
        {
            "timestamp": 1777207702.142323,
            "messages": 12,
            "ack": 74760
        },
        {
            "timestamp": 1777207707.14847,
            "messages": 12,
            "ack": 74772
        },
        {
            "timestamp": 1777207712.153928,
            "messages": 12,
            "ack": 74784
        },
        {
            "timestamp": 1777207717.158027,
            "messages": 10,
            "ack": 74796
        },
        {
            "timestamp": 1777207722.163384,
            "messages": 10,
            "ack": 74809
        },
        {
            "timestamp": 1777207727.167992,
            "messages": 14,
            "ack": 74822
        },
        {
            "timestamp": 1777207732.172418,
            "messages": 13,
            "ack": 74834
        },
        {
            "timestamp": 1777207737.177458,
            "messages": 13,
            "ack": 74845
        },
        {
            "timestamp": 1777207742.181669,
            "messages": 13,
            "ack": 74857
        },
        {
            "timestamp": 1777207747.187719,
            "messages": 12,
            "ack": 74869
        },
        {
            "timestamp": 1777207752.194009,
            "messages": 16,
            "ack": 74881
        },
        {
            "timestamp": 1777207757.200522,
            "messages": 15,
            "ack": 74893
        },
        {
            "timestamp": 1777207762.205685,
            "messages": 15,
            "ack": 74905
        },
        {
            "timestamp": 1777207767.211171,
            "messages": 14,
            "ack": 74917
        },
        {
            "timestamp": 1777207772.216981,
            "messages": 18,
            "ack": 74929
        },
        {
            "timestamp": 1777207777.222975,
            "messages": 18,
            "ack": 74941
        },
        {
            "timestamp": 1777207782.228382,
            "messages": 16,
            "ack": 74953
        },
        {
            "timestamp": 1777207787.235447,
            "messages": 16,
            "ack": 74966
        },
        {
            "timestamp": 1777207792.240124,
            "messages": 20,
            "ack": 74978
        },
        {
            "timestamp": 1777207797.245779,
            "messages": 19,
            "ack": 74990
        },
        {
            "timestamp": 1777207802.252112,
            "messages": 19,
            "ack": 75002
        },
        {
            "timestamp": 1777207807.257705,
            "messages": 18,
            "ack": 75014
        },
        {
            "timestamp": 1777207812.263805,
            "messages": 18,
            "ack": 75026
        },
        {
            "timestamp": 1777207817.269051,
            "messages": 21,
            "ack": 75038
        },
        {
            "timestamp": 1777207822.274811,
            "messages": 21,
            "ack": 75050
        },
        {
            "timestamp": 1777207827.280991,
            "messages": 20,
            "ack": 75062
        },
        {
            "timestamp": 1777207832.286324,
            "messages": 20,
            "ack": 75074
        },
        {
            "timestamp": 1777207837.29112,
            "messages": 19,
            "ack": 75086
        },
        {
            "timestamp": 1777207842.29657,
            "messages": 22,
            "ack": 75098
        },
        {
            "timestamp": 1777207847.301279,
            "messages": 22,
            "ack": 75110
        },
        {
            "timestamp": 1777207852.306096,
            "messages": 22,
            "ack": 75122
        },
        {
            "timestamp": 1777207857.310499,
            "messages": 22,
            "ack": 75134
        },
        {
            "timestamp": 1777207862.31547,
            "messages": 26,
            "ack": 75146
        },
        {
            "timestamp": 1777207867.321313,
            "messages": 26,
            "ack": 75158
        },
        {
            "timestamp": 1777207872.325904,
            "messages": 26,
            "ack": 75170
        },
        {
            "timestamp": 1777207877.330964,
            "messages": 26,
            "ack": 75182
        },
        {
            "timestamp": 1777207882.335401,
            "messages": 26,
            "ack": 75194
        },
        {
            "timestamp": 1777207887.339364,
            "messages": 25,
            "ack": 75206
        },
        {
            "timestamp": 1777207892.343149,
            "messages": 24,
            "ack": 75218
        },
        {
            "timestamp": 1777207897.347662,
            "messages": 28,
            "ack": 75230
        },
        {
            "timestamp": 1777207902.353109,
            "messages": 26,
            "ack": 75242
        },
        {
            "timestamp": 1777207907.358552,
            "messages": 26,
            "ack": 75254
        },
        {
            "timestamp": 1777207912.363359,
            "messages": 30,
            "ack": 75266
        },
        {
            "timestamp": 1777207917.367577,
            "messages": 30,
            "ack": 75278
        },
        {
            "timestamp": 1777207922.372798,
            "messages": 28,
            "ack": 75290
        },
        {
            "timestamp": 1777207927.377343,
            "messages": 27,
            "ack": 75302
        },
        {
            "timestamp": 1777207931.068855,
            "messages": 27,
            "ack": 75302
        }
    ]
}