{
    "308796": {
        "ppid": "254983",
        "name": "celery",
        "cmdline": "/home/experimenter/projects/celery-autoscale/.venv/bin/python3 /home/experimenter/projects/celery-autoscale/.venv/bin/celery -A celery_app worker --loglevel=INFO --concurrency=8 --pool=gevent",
        "create_time": "2026-05-15T00:07:18.280000",
        "last_update": "2026-05-15T00:12:20.165954",
        "voluntary_ctxt_switches": 1872,
        "nonvoluntary_ctxt_switches": 6707,
        "jiffies": 26756,
        "stats": [
            {
                "memory_mb": 48.234375,
                "cpu_percent": 0.0,
                "timestamp": 1778792839.5171669
            },
            {
                "memory_mb": 48.7421875,
                "cpu_percent": 36.0,
                "timestamp": 1778792840.5718586
            },
            {
                "memory_mb": 67.16015625,
                "cpu_percent": 99.8,
                "timestamp": 1778792841.6234963
            },
            {
                "memory_mb": 85.62890625,
                "cpu_percent": 99.8,
                "timestamp": 1778792842.67511
            },
            {
                "memory_mb": 103.9609375,
                "cpu_percent": 100.7,
                "timestamp": 1778792843.7276857
            },
            {
                "memory_mb": 131.234375,
                "cpu_percent": 99.5,
                "timestamp": 1778792844.7834191
            },
            {
                "memory_mb": 140.46484375,
                "cpu_percent": 99.8,
                "timestamp": 1778792845.8351624
            },
            {
                "memory_mb": 314.390625,
                "cpu_percent": 82.8,
                "timestamp": 1778792846.8864644
            },
            {
                "memory_mb": 360.1484375,
                "cpu_percent": 97.9,
                "timestamp": 1778792847.93842
            },
            {
                "memory_mb": 460.4140625,
                "cpu_percent": 79.9,
                "timestamp": 1778792848.9893181
            },
            {
                "memory_mb": 495.5234375,
                "cpu_percent": 99.6,
                "timestamp": 1778792850.0432806
            },
            {
                "memory_mb": 493.375,
                "cpu_percent": 14.2,
                "timestamp": 1778792851.0995982
            },
            {
                "memory_mb": 493.375,
                "cpu_percent": 58.0,
                "timestamp": 1778792852.150892
            },
            {
                "memory_mb": 493.3671875,
                "cpu_percent": 99.8,
                "timestamp": 1778792853.2030513
            },
            {
                "memory_mb": 477.07421875,
                "cpu_percent": 99.9,
                "timestamp": 1778792854.2544627
            },
            {
                "memory_mb": 477.09375,
                "cpu_percent": 99.7,
                "timestamp": 1778792855.3076015
            },
            {
                "memory_mb": 477.08984375,
                "cpu_percent": 99.7,
                "timestamp": 1778792856.3607407
            },
            {
                "memory_mb": 477.078125,
                "cpu_percent": 100.2,
                "timestamp": 1778792857.4185827
            },
            {
                "memory_mb": 477.09375,
                "cpu_percent": 74.8,
                "timestamp": 1778792858.473973
            },
            {
                "memory_mb": 477.08984375,
                "cpu_percent": 99.9,
                "timestamp": 1778792859.5252771
            },
            {
                "memory_mb": 477.09375,
                "cpu_percent": 100.9,
                "timestamp": 1778792860.5762217
            },
            {
                "memory_mb": 580.14453125,
                "cpu_percent": 27.6,
                "timestamp": 1778792861.6282156
            },
            {
                "memory_mb": 580.14453125,
                "cpu_percent": 99.9,
                "timestamp": 1778792862.679242
            },
            {
                "memory_mb": 580.1640625,
                "cpu_percent": 100.2,
                "timestamp": 1778792863.7366834
            },
            {
                "memory_mb": 580.15625,
                "cpu_percent": 98.9,
                "timestamp": 1778792864.7882438
            },
            {
                "memory_mb": 580.16015625,
                "cpu_percent": 100.6,
                "timestamp": 1778792865.8414636
            },
            {
                "memory_mb": 580.15625,
                "cpu_percent": 100.6,
                "timestamp": 1778792866.8948925
            },
            {
                "memory_mb": 580.1640625,
                "cpu_percent": 87.2,
                "timestamp": 1778792867.9496365
            },
            {
                "memory_mb": 580.16015625,
                "cpu_percent": 87.4,
                "timestamp": 1778792869.002016
            },
            {
                "memory_mb": 580.15625,
                "cpu_percent": 99.7,
                "timestamp": 1778792870.0555823
            },
            {
                "memory_mb": 580.34375,
                "cpu_percent": 31.3,
                "timestamp": 1778792871.110314
            },
            {
                "memory_mb": 570.6328125,
                "cpu_percent": 90.4,
                "timestamp": 1778792872.160912
            },
            {
                "memory_mb": 570.640625,
                "cpu_percent": 99.9,
                "timestamp": 1778792873.2122045
            },
            {
                "memory_mb": 569.0390625,
                "cpu_percent": 100.8,
                "timestamp": 1778792874.264175
            },
            {
                "memory_mb": 569.046875,
                "cpu_percent": 99.9,
                "timestamp": 1778792875.3153872
            },
            {
                "memory_mb": 569.0390625,
                "cpu_percent": 98.9,
                "timestamp": 1778792876.3667538
            },
            {
                "memory_mb": 569.04296875,
                "cpu_percent": 99.7,
                "timestamp": 1778792877.4197521
            },
            {
                "memory_mb": 569.04296875,
                "cpu_percent": 75.8,
                "timestamp": 1778792878.4756172
            },
            {
                "memory_mb": 569.0390625,
                "cpu_percent": 100.0,
                "timestamp": 1778792879.5259318
            },
            {
                "memory_mb": 569.0390625,
                "cpu_percent": 42.6,
                "timestamp": 1778792880.5824564
            },
            {
                "memory_mb": 566.5703125,
                "cpu_percent": 78.9,
                "timestamp": 1778792881.63456
            },
            {
                "memory_mb": 566.578125,
                "cpu_percent": 100.5,
                "timestamp": 1778792882.6891623
            },
            {
                "memory_mb": 566.58203125,
                "cpu_percent": 99.8,
                "timestamp": 1778792883.7408848
            },
            {
                "memory_mb": 566.58984375,
                "cpu_percent": 99.8,
                "timestamp": 1778792884.7929983
            },
            {
                "memory_mb": 566.58203125,
                "cpu_percent": 99.8,
                "timestamp": 1778792885.8449259
            },
            {
                "memory_mb": 566.5859375,
                "cpu_percent": 100.7,
                "timestamp": 1778792886.8975751
            },
            {
                "memory_mb": 566.58984375,
                "cpu_percent": 75.1,
                "timestamp": 1778792887.9496996
            },
            {
                "memory_mb": 566.58203125,
                "cpu_percent": 99.4,
                "timestamp": 1778792889.0055535
            },
            {
                "memory_mb": 566.59375,
                "cpu_percent": 57.1,
                "timestamp": 1778792890.0566795
            },
            {
                "memory_mb": 571.08203125,
                "cpu_percent": 66.5,
                "timestamp": 1778792891.1097007
            },
            {
                "memory_mb": 571.0859375,
                "cpu_percent": 99.8,
                "timestamp": 1778792892.1620264
            },
            {
                "memory_mb": 571.09375,
                "cpu_percent": 99.8,
                "timestamp": 1778792893.2141097
            },
            {
                "memory_mb": 571.09765625,
                "cpu_percent": 99.8,
                "timestamp": 1778792894.2663038
            },
            {
                "memory_mb": 571.09375,
                "cpu_percent": 100.8,
                "timestamp": 1778792895.3177474
            },
            {
                "memory_mb": 571.09375,
                "cpu_percent": 99.8,
                "timestamp": 1778792896.3697433
            },
            {
                "memory_mb": 571.09765625,
                "cpu_percent": 74.2,
                "timestamp": 1778792897.4213922
            },
            {
                "memory_mb": 571.09765625,
                "cpu_percent": 101.2,
                "timestamp": 1778792898.4785426
            },
            {
                "memory_mb": 571.1015625,
                "cpu_percent": 78.0,
                "timestamp": 1778792899.5296001
            },
            {
                "memory_mb": 571.08984375,
                "cpu_percent": 43.6,
                "timestamp": 1778792900.5852673
            },
            {
                "memory_mb": 571.0859375,
                "cpu_percent": 99.7,
                "timestamp": 1778792901.6382878
            },
            {
                "memory_mb": 569.0234375,
                "cpu_percent": 101.2,
                "timestamp": 1778792902.6953373
            },
            {
                "memory_mb": 569.01953125,
                "cpu_percent": 98.9,
                "timestamp": 1778792903.747366
            },
            {
                "memory_mb": 569.0234375,
                "cpu_percent": 100.7,
                "timestamp": 1778792904.800153
            },
            {
                "memory_mb": 569.01953125,
                "cpu_percent": 99.8,
                "timestamp": 1778792905.8517358
            },
            {
                "memory_mb": 569.02734375,
                "cpu_percent": 76.0,
                "timestamp": 1778792906.9039493
            },
            {
                "memory_mb": 569.0234375,
                "cpu_percent": 98.8,
                "timestamp": 1778792907.956689
            },
            {
                "memory_mb": 569.01953125,
                "cpu_percent": 99.4,
                "timestamp": 1778792909.012908
            },
            {
                "memory_mb": 567.421875,
                "cpu_percent": 23.7,
                "timestamp": 1778792910.0668485
            },
            {
                "memory_mb": 567.41796875,
                "cpu_percent": 98.9,
                "timestamp": 1778792911.1186047
            },
            {
                "memory_mb": 567.42578125,
                "cpu_percent": 100.8,
                "timestamp": 1778792912.1703956
            },
            {
                "memory_mb": 565.09375,
                "cpu_percent": 99.7,
                "timestamp": 1778792913.2236142
            },
            {
                "memory_mb": 565.1015625,
                "cpu_percent": 100.5,
                "timestamp": 1778792914.2779846
            },
            {
                "memory_mb": 565.09375,
                "cpu_percent": 99.7,
                "timestamp": 1778792915.331564
            },
            {
                "memory_mb": 565.09765625,
                "cpu_percent": 99.5,
                "timestamp": 1778792916.3872232
            },
            {
                "memory_mb": 565.1015625,
                "cpu_percent": 76.9,
                "timestamp": 1778792917.4399076
            },
            {
                "memory_mb": 565.09765625,
                "cpu_percent": 100.3,
                "timestamp": 1778792918.496578
            },
            {
                "memory_mb": 571.140625,
                "cpu_percent": 41.6,
                "timestamp": 1778792919.5540826
            },
            {
                "memory_mb": 571.12109375,
                "cpu_percent": 80.7,
                "timestamp": 1778792920.607397
            },
            {
                "memory_mb": 571.12890625,
                "cpu_percent": 99.6,
                "timestamp": 1778792921.6612418
            },
            {
                "memory_mb": 565.328125,
                "cpu_percent": 100.6,
                "timestamp": 1778792922.7154422
            },
            {
                "memory_mb": 565.3359375,
                "cpu_percent": 99.8,
                "timestamp": 1778792923.7671058
            },
            {
                "memory_mb": 565.328125,
                "cpu_percent": 99.7,
                "timestamp": 1778792924.8203251
            },
            {
                "memory_mb": 565.33203125,
                "cpu_percent": 99.8,
                "timestamp": 1778792925.8724022
            },
            {
                "memory_mb": 565.3359375,
                "cpu_percent": 75.9,
                "timestamp": 1778792926.926165
            },
            {
                "memory_mb": 565.3359375,
                "cpu_percent": 99.8,
                "timestamp": 1778792927.977835
            },
            {
                "memory_mb": 565.34765625,
                "cpu_percent": 57.9,
                "timestamp": 1778792929.0305986
            },
            {
                "memory_mb": 571.13671875,
                "cpu_percent": 63.7,
                "timestamp": 1778792930.0826895
            },
            {
                "memory_mb": 571.13671875,
                "cpu_percent": 100.8,
                "timestamp": 1778792931.134722
            },
            {
                "memory_mb": 565.34375,
                "cpu_percent": 99.4,
                "timestamp": 1778792932.1909032
            },
            {
                "memory_mb": 565.34765625,
                "cpu_percent": 99.6,
                "timestamp": 1778792933.2453315
            },
            {
                "memory_mb": 565.34375,
                "cpu_percent": 99.9,
                "timestamp": 1778792934.29685
            },
            {
                "memory_mb": 565.34375,
                "cpu_percent": 99.8,
                "timestamp": 1778792935.3486753
            },
            {
                "memory_mb": 565.34765625,
                "cpu_percent": 75.2,
                "timestamp": 1778792936.3996696
            },
            {
                "memory_mb": 565.34375,
                "cpu_percent": 99.9,
                "timestamp": 1778792937.4511027
            },
            {
                "memory_mb": 565.3515625,
                "cpu_percent": 88.1,
                "timestamp": 1778792938.5066586
            },
            {
                "memory_mb": 565.3359375,
                "cpu_percent": 35.2,
                "timestamp": 1778792939.5587697
            },
            {
                "memory_mb": 565.33203125,
                "cpu_percent": 99.9,
                "timestamp": 1778792940.610274
            },
            {
                "memory_mb": 565.34765625,
                "cpu_percent": 99.8,
                "timestamp": 1778792941.6628258
            },
            {
                "memory_mb": 565.34375,
                "cpu_percent": 100.1,
                "timestamp": 1778792942.7216742
            },
            {
                "memory_mb": 565.34765625,
                "cpu_percent": 99.7,
                "timestamp": 1778792943.7744284
            },
            {
                "memory_mb": 565.34375,
                "cpu_percent": 100.6,
                "timestamp": 1778792944.8286338
            },
            {
                "memory_mb": 565.3515625,
                "cpu_percent": 83.5,
                "timestamp": 1778792945.8830454
            },
            {
                "memory_mb": 565.34765625,
                "cpu_percent": 91.2,
                "timestamp": 1778792946.935168
            },
            {
                "memory_mb": 565.34375,
                "cpu_percent": 99.6,
                "timestamp": 1778792947.9892876
            },
            {
                "memory_mb": 563.75,
                "cpu_percent": 28.4,
                "timestamp": 1778792949.0452147
            },
            {
                "memory_mb": 563.73828125,
                "cpu_percent": 95.0,
                "timestamp": 1778792950.0981557
            },
            {
                "memory_mb": 563.74609375,
                "cpu_percent": 99.8,
                "timestamp": 1778792951.1504614
            },
            {
                "memory_mb": 558.03125,
                "cpu_percent": 100.8,
                "timestamp": 1778792952.2025042
            },
            {
                "memory_mb": 558.0390625,
                "cpu_percent": 99.7,
                "timestamp": 1778792953.2557065
            },
            {
                "memory_mb": 558.03125,
                "cpu_percent": 99.9,
                "timestamp": 1778792954.3072386
            },
            {
                "memory_mb": 558.03515625,
                "cpu_percent": 100.7,
                "timestamp": 1778792955.3596716
            },
            {
                "memory_mb": 558.0390625,
                "cpu_percent": 74.5,
                "timestamp": 1778792956.4194472
            },
            {
                "memory_mb": 558.03515625,
                "cpu_percent": 99.8,
                "timestamp": 1778792957.4715421
            },
            {
                "memory_mb": 562.0234375,
                "cpu_percent": 48.3,
                "timestamp": 1778792958.5267794
            },
            {
                "memory_mb": 562.01171875,
                "cpu_percent": 74.7,
                "timestamp": 1778792959.5838244
            },
            {
                "memory_mb": 562.015625,
                "cpu_percent": 99.9,
                "timestamp": 1778792960.63503
            },
            {
                "memory_mb": 562.0234375,
                "cpu_percent": 99.8,
                "timestamp": 1778792961.686628
            },
            {
                "memory_mb": 562.02734375,
                "cpu_percent": 99.8,
                "timestamp": 1778792962.7390594
            },
            {
                "memory_mb": 562.01953125,
                "cpu_percent": 99.8,
                "timestamp": 1778792963.7914104
            },
            {
                "memory_mb": 562.0234375,
                "cpu_percent": 100.7,
                "timestamp": 1778792964.8438432
            },
            {
                "memory_mb": 562.02734375,
                "cpu_percent": 75.1,
                "timestamp": 1778792965.8959944
            },
            {
                "memory_mb": 562.01953125,
                "cpu_percent": 99.6,
                "timestamp": 1778792966.9498107
            },
            {
                "memory_mb": 562.03125,
                "cpu_percent": 67.5,
                "timestamp": 1778792968.001791
            },
            {
                "memory_mb": 562.03125,
                "cpu_percent": 55.2,
                "timestamp": 1778792969.053064
            },
            {
                "memory_mb": 562.03515625,
                "cpu_percent": 100.8,
                "timestamp": 1778792970.104711
            },
            {
                "memory_mb": 556.45703125,
                "cpu_percent": 99.8,
                "timestamp": 1778792971.1564603
            },
            {
                "memory_mb": 556.4609375,
                "cpu_percent": 99.7,
                "timestamp": 1778792972.209213
            },
            {
                "memory_mb": 556.45703125,
                "cpu_percent": 99.8,
                "timestamp": 1778792973.2609818
            },
            {
                "memory_mb": 556.45703125,
                "cpu_percent": 99.7,
                "timestamp": 1778792974.3139987
            },
            {
                "memory_mb": 556.4609375,
                "cpu_percent": 75.1,
                "timestamp": 1778792975.365744
            },
            {
                "memory_mb": 556.45703125,
                "cpu_percent": 99.4,
                "timestamp": 1778792976.4219706
            },
            {
                "memory_mb": 556.4609375,
                "cpu_percent": 80.5,
                "timestamp": 1778792977.477468
            },
            {
                "memory_mb": 562.02734375,
                "cpu_percent": 42.8,
                "timestamp": 1778792978.5301428
            },
            {
                "memory_mb": 562.0234375,
                "cpu_percent": 99.8,
                "timestamp": 1778792979.582306
            },
            {
                "memory_mb": 557.30859375,
                "cpu_percent": 100.6,
                "timestamp": 1778792980.6360667
            },
            {
                "memory_mb": 557.3046875,
                "cpu_percent": 99.9,
                "timestamp": 1778792981.6876168
            },
            {
                "memory_mb": 557.30859375,
                "cpu_percent": 99.8,
                "timestamp": 1778792982.740066
            },
            {
                "memory_mb": 557.3046875,
                "cpu_percent": 99.7,
                "timestamp": 1778792983.7936473
            },
            {
                "memory_mb": 557.3125,
                "cpu_percent": 80.6,
                "timestamp": 1778792984.8487532
            },
            {
                "memory_mb": 557.3125,
                "cpu_percent": 96.0,
                "timestamp": 1778792985.9005187
            },
            {
                "memory_mb": 557.3125,
                "cpu_percent": 99.7,
                "timestamp": 1778792986.9531848
            },
            {
                "memory_mb": 571.1796875,
                "cpu_percent": 23.8,
                "timestamp": 1778792988.0046775
            },
            {
                "memory_mb": 571.171875,
                "cpu_percent": 100.8,
                "timestamp": 1778792989.0567698
            },
            {
                "memory_mb": 571.1796875,
                "cpu_percent": 99.7,
                "timestamp": 1778792990.1098976
            },
            {
                "memory_mb": 565.375,
                "cpu_percent": 99.8,
                "timestamp": 1778792991.1621368
            },
            {
                "memory_mb": 565.3828125,
                "cpu_percent": 99.8,
                "timestamp": 1778792992.2141953
            },
            {
                "memory_mb": 565.375,
                "cpu_percent": 99.8,
                "timestamp": 1778792993.2662833
            },
            {
                "memory_mb": 565.37890625,
                "cpu_percent": 99.8,
                "timestamp": 1778792994.3188689
            },
            {
                "memory_mb": 565.3828125,
                "cpu_percent": 75.1,
                "timestamp": 1778792995.3713992
            },
            {
                "memory_mb": 565.375,
                "cpu_percent": 99.8,
                "timestamp": 1778792996.4237425
            },
            {
                "memory_mb": 565.37890625,
                "cpu_percent": 49.2,
                "timestamp": 1778792997.480689
            },
            {
                "memory_mb": 565.3671875,
                "cpu_percent": 74.2,
                "timestamp": 1778792998.532562
            },
            {
                "memory_mb": 559.53125,
                "cpu_percent": 100.3,
                "timestamp": 1778792999.589343
            },
            {
                "memory_mb": 559.5390625,
                "cpu_percent": 99.9,
                "timestamp": 1778793000.640504
            },
            {
                "memory_mb": 559.54296875,
                "cpu_percent": 100.7,
                "timestamp": 1778793001.6934702
            },
            {
                "memory_mb": 559.5390625,
                "cpu_percent": 99.9,
                "timestamp": 1778793002.744473
            },
            {
                "memory_mb": 559.5390625,
                "cpu_percent": 99.7,
                "timestamp": 1778793003.7971103
            },
            {
                "memory_mb": 559.54296875,
                "cpu_percent": 75.2,
                "timestamp": 1778793004.8483148
            },
            {
                "memory_mb": 559.5390625,
                "cpu_percent": 99.8,
                "timestamp": 1778793005.900545
            },
            {
                "memory_mb": 559.546875,
                "cpu_percent": 74.1,
                "timestamp": 1778793006.952722
            },
            {
                "memory_mb": 562.04296875,
                "cpu_percent": 49.4,
                "timestamp": 1778793008.0047886
            },
            {
                "memory_mb": 562.046875,
                "cpu_percent": 99.7,
                "timestamp": 1778793009.0576353
            },
            {
                "memory_mb": 562.0546875,
                "cpu_percent": 100.1,
                "timestamp": 1778793010.1165605
            },
            {
                "memory_mb": 562.05078125,
                "cpu_percent": 99.8,
                "timestamp": 1778793011.169016
            },
            {
                "memory_mb": 562.0546875,
                "cpu_percent": 100.7,
                "timestamp": 1778793012.2317853
            },
            {
                "memory_mb": 562.05078125,
                "cpu_percent": 99.6,
                "timestamp": 1778793013.2854962
            },
            {
                "memory_mb": 562.0625,
                "cpu_percent": 80.3,
                "timestamp": 1778793014.3444555
            },
            {
                "memory_mb": 562.05859375,
                "cpu_percent": 95.1,
                "timestamp": 1778793015.395767
            },
            {
                "memory_mb": 562.0546875,
                "cpu_percent": 99.8,
                "timestamp": 1778793016.448045
            },
            {
                "memory_mb": 571.109375,
                "cpu_percent": 28.4,
                "timestamp": 1778793017.5040934
            },
            {
                "memory_mb": 571.09765625,
                "cpu_percent": 96.0,
                "timestamp": 1778793018.5561352
            },
            {
                "memory_mb": 571.10546875,
                "cpu_percent": 99.6,
                "timestamp": 1778793019.6105418
            },
            {
                "memory_mb": 560.7265625,
                "cpu_percent": 99.7,
                "timestamp": 1778793020.6635997
            },
            {
                "memory_mb": 560.734375,
                "cpu_percent": 99.8,
                "timestamp": 1778793021.7152455
            },
            {
                "memory_mb": 560.7265625,
                "cpu_percent": 99.8,
                "timestamp": 1778793022.767747
            },
            {
                "memory_mb": 560.73046875,
                "cpu_percent": 99.7,
                "timestamp": 1778793023.8214302
            },
            {
                "memory_mb": 560.734375,
                "cpu_percent": 76.0,
                "timestamp": 1778793024.873848
            },
            {
                "memory_mb": 560.7265625,
                "cpu_percent": 99.8,
                "timestamp": 1778793025.9264503
            },
            {
                "memory_mb": 561.9921875,
                "cpu_percent": 52.1,
                "timestamp": 1778793026.9825325
            },
            {
                "memory_mb": 562.0546875,
                "cpu_percent": 70.3,
                "timestamp": 1778793028.034443
            },
            {
                "memory_mb": 562.05859375,
                "cpu_percent": 100.7,
                "timestamp": 1778793029.0867276
            },
            {
                "memory_mb": 550.8203125,
                "cpu_percent": 99.7,
                "timestamp": 1778793030.1393669
            },
            {
                "memory_mb": 550.82421875,
                "cpu_percent": 99.7,
                "timestamp": 1778793031.1920738
            },
            {
                "memory_mb": 550.8203125,
                "cpu_percent": 100.7,
                "timestamp": 1778793032.244821
            },
            {
                "memory_mb": 550.8203125,
                "cpu_percent": 99.8,
                "timestamp": 1778793033.2974384
            },
            {
                "memory_mb": 550.82421875,
                "cpu_percent": 75.1,
                "timestamp": 1778793034.3496666
            },
            {
                "memory_mb": 550.82421875,
                "cpu_percent": 99.7,
                "timestamp": 1778793035.4023867
            },
            {
                "memory_mb": 550.828125,
                "cpu_percent": 80.5,
                "timestamp": 1778793036.4579453
            },
            {
                "memory_mb": 561.97265625,
                "cpu_percent": 42.7,
                "timestamp": 1778793037.5111904
            },
            {
                "memory_mb": 561.96875,
                "cpu_percent": 100.8,
                "timestamp": 1778793038.562854
            },
            {
                "memory_mb": 561.984375,
                "cpu_percent": 99.4,
                "timestamp": 1778793039.6191118
            },
            {
                "memory_mb": 561.98046875,
                "cpu_percent": 99.9,
                "timestamp": 1778793040.6700022
            },
            {
                "memory_mb": 561.984375,
                "cpu_percent": 99.7,
                "timestamp": 1778793041.7230446
            },
            {
                "memory_mb": 561.98046875,
                "cpu_percent": 99.8,
                "timestamp": 1778793042.7752697
            },
            {
                "memory_mb": 562.078125,
                "cpu_percent": 79.5,
                "timestamp": 1778793043.8324413
            },
            {
                "memory_mb": 562.07421875,
                "cpu_percent": 96.0,
                "timestamp": 1778793044.88474
            },
            {
                "memory_mb": 562.0703125,
                "cpu_percent": 99.7,
                "timestamp": 1778793045.9373713
            },
            {
                "memory_mb": 571.20703125,
                "cpu_percent": 22.7,
                "timestamp": 1778793046.9937615
            },
            {
                "memory_mb": 571.19921875,
                "cpu_percent": 100.7,
                "timestamp": 1778793048.0465665
            },
            {
                "memory_mb": 571.20703125,
                "cpu_percent": 99.6,
                "timestamp": 1778793049.1010168
            },
            {
                "memory_mb": 560.66015625,
                "cpu_percent": 99.6,
                "timestamp": 1778793050.1548572
            },
            {
                "memory_mb": 560.66796875,
                "cpu_percent": 99.6,
                "timestamp": 1778793051.208721
            },
            {
                "memory_mb": 560.6640625,
                "cpu_percent": 99.8,
                "timestamp": 1778793052.261254
            },
            {
                "memory_mb": 560.66796875,
                "cpu_percent": 100.8,
                "timestamp": 1778793053.3128436
            },
            {
                "memory_mb": 560.671875,
                "cpu_percent": 75.9,
                "timestamp": 1778793054.3665836
            },
            {
                "memory_mb": 560.6640625,
                "cpu_percent": 99.8,
                "timestamp": 1778793055.41923
            },
            {
                "memory_mb": 562.0859375,
                "cpu_percent": 45.6,
                "timestamp": 1778793056.4724936
            },
            {
                "memory_mb": 562.06640625,
                "cpu_percent": 77.7,
                "timestamp": 1778793057.5277996
            },
            {
                "memory_mb": 562.078125,
                "cpu_percent": 98.9,
                "timestamp": 1778793058.5793405
            },
            {
                "memory_mb": 560.12109375,
                "cpu_percent": 100.4,
                "timestamp": 1778793059.6349082
            },
            {
                "memory_mb": 560.12890625,
                "cpu_percent": 100.5,
                "timestamp": 1778793060.6892133
            },
            {
                "memory_mb": 560.12109375,
                "cpu_percent": 99.9,
                "timestamp": 1778793061.740683
            },
            {
                "memory_mb": 560.125,
                "cpu_percent": 99.8,
                "timestamp": 1778793062.7929103
            },
            {
                "memory_mb": 560.12890625,
                "cpu_percent": 75.0,
                "timestamp": 1778793063.846026
            },
            {
                "memory_mb": 560.12109375,
                "cpu_percent": 99.7,
                "timestamp": 1778793064.899171
            },
            {
                "memory_mb": 560.1328125,
                "cpu_percent": 59.8,
                "timestamp": 1778793065.9535582
            },
            {
                "memory_mb": 562.078125,
                "cpu_percent": 63.7,
                "timestamp": 1778793067.006078
            },
            {
                "memory_mb": 562.08203125,
                "cpu_percent": 99.6,
                "timestamp": 1778793068.0601718
            },
            {
                "memory_mb": 558.59765625,
                "cpu_percent": 99.7,
                "timestamp": 1778793069.112952
            },
            {
                "memory_mb": 558.6015625,
                "cpu_percent": 100.6,
                "timestamp": 1778793070.166735
            },
            {
                "memory_mb": 558.59765625,
                "cpu_percent": 99.8,
                "timestamp": 1778793071.2191126
            },
            {
                "memory_mb": 558.59765625,
                "cpu_percent": 99.7,
                "timestamp": 1778793072.2723584
            },
            {
                "memory_mb": 558.6015625,
                "cpu_percent": 75.1,
                "timestamp": 1778793073.3245976
            },
            {
                "memory_mb": 558.59765625,
                "cpu_percent": 99.8,
                "timestamp": 1778793074.3765192
            },
            {
                "memory_mb": 558.6015625,
                "cpu_percent": 73.8,
                "timestamp": 1778793075.4337962
            },
            {
                "memory_mb": 562.08984375,
                "cpu_percent": 49.4,
                "timestamp": 1778793076.4870303
            },
            {
                "memory_mb": 562.09375,
                "cpu_percent": 99.5,
                "timestamp": 1778793077.5419686
            },
            {
                "memory_mb": 562.1015625,
                "cpu_percent": 99.7,
                "timestamp": 1778793078.594676
            },
            {
                "memory_mb": 562.10546875,
                "cpu_percent": 99.6,
                "timestamp": 1778793079.6489139
            },
            {
                "memory_mb": 562.1015625,
                "cpu_percent": 99.7,
                "timestamp": 1778793080.7018223
            },
            {
                "memory_mb": 562.1015625,
                "cpu_percent": 99.8,
                "timestamp": 1778793081.7542942
            },
            {
                "memory_mb": 562.10546875,
                "cpu_percent": 75.9,
                "timestamp": 1778793082.8089492
            },
            {
                "memory_mb": 562.1015625,
                "cpu_percent": 98.8,
                "timestamp": 1778793083.8613622
            },
            {
                "memory_mb": 562.10546875,
                "cpu_percent": 90.7,
                "timestamp": 1778793084.919793
            },
            {
                "memory_mb": 562.09375,
                "cpu_percent": 33.2,
                "timestamp": 1778793085.9731812
            },
            {
                "memory_mb": 562.08984375,
                "cpu_percent": 99.7,
                "timestamp": 1778793087.026334
            },
            {
                "memory_mb": 552.26953125,
                "cpu_percent": 99.7,
                "timestamp": 1778793088.0792449
            },
            {
                "memory_mb": 552.265625,
                "cpu_percent": 99.7,
                "timestamp": 1778793089.1325445
            },
            {
                "memory_mb": 552.26953125,
                "cpu_percent": 100.6,
                "timestamp": 1778793090.186357
            },
            {
                "memory_mb": 552.265625,
                "cpu_percent": 99.7,
                "timestamp": 1778793091.2392318
            },
            {
                "memory_mb": 552.2734375,
                "cpu_percent": 84.3,
                "timestamp": 1778793092.2954617
            },
            {
                "memory_mb": 552.2734375,
                "cpu_percent": 90.2,
                "timestamp": 1778793093.3483145
            },
            {
                "memory_mb": 552.26953125,
                "cpu_percent": 100.7,
                "timestamp": 1778793094.40138
            },
            {
                "memory_mb": 561.99609375,
                "cpu_percent": 27.5,
                "timestamp": 1778793095.4577098
            },
            {
                "memory_mb": 561.98828125,
                "cpu_percent": 96.9,
                "timestamp": 1778793096.5102372
            },
            {
                "memory_mb": 561.99609375,
                "cpu_percent": 99.8,
                "timestamp": 1778793097.5627468
            },
            {
                "memory_mb": 562.0,
                "cpu_percent": 99.8,
                "timestamp": 1778793098.6146796
            },
            {
                "memory_mb": 562.0078125,
                "cpu_percent": 99.5,
                "timestamp": 1778793099.669651
            },
            {
                "memory_mb": 562.0,
                "cpu_percent": 99.6,
                "timestamp": 1778793100.723554
            },
            {
                "memory_mb": 562.00390625,
                "cpu_percent": 99.7,
                "timestamp": 1778793101.7769961
            },
            {
                "memory_mb": 562.0078125,
                "cpu_percent": 75.1,
                "timestamp": 1778793102.8283544
            },
            {
                "memory_mb": 562.0,
                "cpu_percent": 99.7,
                "timestamp": 1778793103.881923
            },
            {
                "memory_mb": 562.09765625,
                "cpu_percent": 49.2,
                "timestamp": 1778793104.9380484
            },
            {
                "memory_mb": 562.09765625,
                "cpu_percent": 74.2,
                "timestamp": 1778793105.9891448
            },
            {
                "memory_mb": 562.1015625,
                "cpu_percent": 99.7,
                "timestamp": 1778793107.042311
            },
            {
                "memory_mb": 562.109375,
                "cpu_percent": 99.8,
                "timestamp": 1778793108.0942218
            },
            {
                "memory_mb": 562.11328125,
                "cpu_percent": 99.9,
                "timestamp": 1778793109.1455548
            },
            {
                "memory_mb": 562.109375,
                "cpu_percent": 100.4,
                "timestamp": 1778793110.201711
            },
            {
                "memory_mb": 562.109375,
                "cpu_percent": 99.5,
                "timestamp": 1778793111.2671068
            },
            {
                "memory_mb": 562.11328125,
                "cpu_percent": 78.8,
                "timestamp": 1778793112.320285
            },
            {
                "memory_mb": 562.109375,
                "cpu_percent": 99.9,
                "timestamp": 1778793113.3713546
            },
            {
                "memory_mb": 562.11328125,
                "cpu_percent": 76.5,
                "timestamp": 1778793114.4306762
            },
            {
                "memory_mb": 571.15234375,
                "cpu_percent": 45.5,
                "timestamp": 1778793115.4855816
            },
            {
                "memory_mb": 571.14453125,
                "cpu_percent": 99.8,
                "timestamp": 1778793116.5378606
            },
            {
                "memory_mb": 561.2578125,
                "cpu_percent": 99.8,
                "timestamp": 1778793117.5902681
            },
            {
                "memory_mb": 561.25390625,
                "cpu_percent": 99.7,
                "timestamp": 1778793118.6436977
            },
            {
                "memory_mb": 561.26171875,
                "cpu_percent": 100.1,
                "timestamp": 1778793119.7025218
            },
            {
                "memory_mb": 561.2578125,
                "cpu_percent": 99.7,
                "timestamp": 1778793120.7557359
            },
            {
                "memory_mb": 561.265625,
                "cpu_percent": 82.3,
                "timestamp": 1778793121.8133473
            },
            {
                "memory_mb": 561.265625,
                "cpu_percent": 92.3,
                "timestamp": 1778793122.8646479
            },
            {
                "memory_mb": 561.26171875,
                "cpu_percent": 99.8,
                "timestamp": 1778793123.916387
            },
            {
                "memory_mb": 562.109375,
                "cpu_percent": 27.5,
                "timestamp": 1778793124.9726799
            },
            {
                "memory_mb": 562.09765625,
                "cpu_percent": 95.0,
                "timestamp": 1778793126.0248013
            },
            {
                "memory_mb": 562.10546875,
                "cpu_percent": 100.7,
                "timestamp": 1778793127.0776217
            },
            {
                "memory_mb": 558.2109375,
                "cpu_percent": 98.9,
                "timestamp": 1778793128.1291122
            },
            {
                "memory_mb": 558.21875,
                "cpu_percent": 99.8,
                "timestamp": 1778793129.1808176
            },
            {
                "memory_mb": 558.2109375,
                "cpu_percent": 100.8,
                "timestamp": 1778793130.2324946
            },
            {
                "memory_mb": 558.21484375,
                "cpu_percent": 98.9,
                "timestamp": 1778793131.2844393
            },
            {
                "memory_mb": 558.21875,
                "cpu_percent": 76.1,
                "timestamp": 1778793132.3358994
            },
            {
                "memory_mb": 558.2109375,
                "cpu_percent": 99.9,
                "timestamp": 1778793133.3872752
            },
            {
                "memory_mb": 562.0546875,
                "cpu_percent": 49.2,
                "timestamp": 1778793134.4447312
            },
            {
                "memory_mb": 562.11328125,
                "cpu_percent": 73.1,
                "timestamp": 1778793135.4974144
            },
            {
                "memory_mb": 562.1171875,
                "cpu_percent": 99.8,
                "timestamp": 1778793136.5493984
            },
            {
                "memory_mb": 562.125,
                "cpu_percent": 100.7,
                "timestamp": 1778793137.601994
            },
            {
                "memory_mb": 562.12890625,
                "cpu_percent": 99.9,
                "timestamp": 1778793138.653503
            },
            {
                "memory_mb": 562.125,
                "cpu_percent": 99.6,
                "timestamp": 1778793139.7075603
            },
            {
                "memory_mb": 562.12109375,
                "cpu_percent": 100.3,
                "timestamp": 1778793140.1659539
            }
        ]
    }
}
