Процесс: 46042
УПРАВЛЯЮЩИЙ ПРОЦЕСС
Родитель: 13546
Создан: 2026-04-26T07:46:52.150000
Последний замер: 2026-04-26T07:51:55.882224
Время жизни: 303.732224 сек
voluntary_ctxt_switches: 2441
nonvoluntary_ctxt_switches: 7
jiffies: 89.0
avg_cpu_load: 0.2 %
avg_memory_mb: 42.8 MB


Процесс: 46049
Родитель: 46042
Создан: 2026-04-26T07:46:52.550000
Последний замер: 2026-04-26T07:51:55.882439
Время жизни: 303.332439 сек
voluntary_ctxt_switches: 990
nonvoluntary_ctxt_switches: 624
jiffies: 7949.0
avg_cpu_load: 26.3 %
avg_memory_mb: 117.3 MB

Среднее latency: 5.17
Средний runtime: 1.63
Всего задач: 184
Задач по типам: cpu_intensive - 122; memory_intensive - 62

Процесс: 46050
Родитель: 46042
Создан: 2026-04-26T07:46:52.580000
Последний замер: 2026-04-26T07:51:55.882651
Время жизни: 303.302651 сек
voluntary_ctxt_switches: 972
nonvoluntary_ctxt_switches: 1163
jiffies: 8070.0
avg_cpu_load: 26.6 %
avg_memory_mb: 117.5 MB

Среднее latency: 5.17
Средний runtime: 1.63
Всего задач: 184
Задач по типам: cpu_intensive - 124; memory_intensive - 60

