Процесс: 24103
УПРАВЛЯЮЩИЙ ПРОЦЕСС
Родитель: 13546
Создан: 2026-04-26T03:13:45.090000
Последний замер: 2026-04-26T03:18:47.565089
Время жизни: 302.475089 сек
voluntary_ctxt_switches: 1455
nonvoluntary_ctxt_switches: 2
jiffies: 60.0
avg_cpu_load: 0.1 %
avg_memory_mb: 42.7 MB


Процесс: 24110
Родитель: 24103
Создан: 2026-04-26T03:13:45.490000
Последний замер: 2026-04-26T03:18:47.565305
Время жизни: 302.075305 сек
voluntary_ctxt_switches: 161
nonvoluntary_ctxt_switches: 306
jiffies: 1295.0
avg_cpu_load: 4.3 %
avg_memory_mb: 112.8 MB

Среднее latency: 1.64
Средний runtime: 1.63
Всего задач: 30
Задач по типам: cpu_intensive - 20; memory_intensive - 10

Процесс: 24111
Родитель: 24103
Создан: 2026-04-26T03:13:45.520000
Последний замер: 2026-04-26T03:18:47.565507
Время жизни: 302.045507 сек
voluntary_ctxt_switches: 161
nonvoluntary_ctxt_switches: 125
jiffies: 1348.0
avg_cpu_load: 4.5 %
avg_memory_mb: 115.6 MB

Среднее latency: 1.66
Средний runtime: 1.65
Всего задач: 30
Задач по типам: cpu_intensive - 20; memory_intensive - 10

