{
    "idx_task": 3,
    "task_name": "cpu_intensive",
    "duration": 1.633577823638916,
    "data": {
        "ppid": 653364,
        "voluntary_ctxt_switches": 17,
        "nonvoluntary_ctxt_switches": 2,
        "wchan": "Before: 0. After: 0",
        "delta_jiffies": null,
        "delta_time": null,
        "cpu_load": 0.0,
        "memory_mib": 0.015625,
        "threads_before": [
            {
                "tid": 653385,
                "state": "R",
                "wchan": "0",
                "stack": null
            },
            {
                "tid": 653386,
                "state": "S",
                "wchan": "futex_wait_queue",
                "stack": null
            },
            {
                "tid": 653387,
                "state": "S",
                "wchan": "wait_woken",
                "stack": null
            },
            {
                "tid": 653399,
                "state": "S",
                "wchan": "hrtimer_nanosleep",
                "stack": null
            },
            {
                "tid": 653400,
                "state": "S",
                "wchan": "hrtimer_nanosleep",
                "stack": null
            }
        ],
        "threads_after": [
            {
                "tid": 653385,
                "state": "R",
                "wchan": "0",
                "stack": null
            },
            {
                "tid": 653386,
                "state": "S",
                "wchan": "futex_wait_queue",
                "stack": null
            },
            {
                "tid": 653387,
                "state": "S",
                "wchan": "wait_woken",
                "stack": null
            },
            {
                "tid": 653399,
                "state": "S",
                "wchan": "futex_wait_queue",
                "stack": null
            },
            {
                "tid": 653400,
                "state": "S",
                "wchan": "hrtimer_nanosleep",
                "stack": null
            }
        ]
    },
    "timestamp": 1775325629.1373131
}
{
    "idx_task": 8,
    "task_name": "cpu_intensive",
    "duration": 1.6086690425872803,
    "data": {
        "ppid": 653364,
        "voluntary_ctxt_switches": 20,
        "nonvoluntary_ctxt_switches": 6,
        "wchan": "Before: 0. After: 0",
        "delta_jiffies": null,
        "delta_time": 1.4227533870143816,
        "cpu_load": 0.0,
        "memory_mib": 0.0,
        "threads_before": [
            {
                "tid": 653385,
                "state": "R",
                "wchan": "0",
                "stack": null
            },
            {
                "tid": 653386,
                "state": "S",
                "wchan": "futex_wait_queue",
                "stack": null
            },
            {
                "tid": 653387,
                "state": "S",
                "wchan": "wait_woken",
                "stack": null
            },
            {
                "tid": 653399,
                "state": "S",
                "wchan": "futex_wait_queue",
                "stack": null
            },
            {
                "tid": 653400,
                "state": "S",
                "wchan": "hrtimer_nanosleep",
                "stack": null
            }
        ],
        "threads_after": [
            {
                "tid": 653385,
                "state": "R",
                "wchan": "0",
                "stack": null
            },
            {
                "tid": 653386,
                "state": "S",
                "wchan": "futex_wait_queue",
                "stack": null
            },
            {
                "tid": 653387,
                "state": "S",
                "wchan": "wait_woken",
                "stack": null
            },
            {
                "tid": 653399,
                "state": "S",
                "wchan": "futex_wait_queue",
                "stack": null
            },
            {
                "tid": 653400,
                "state": "S",
                "wchan": "hrtimer_nanosleep",
                "stack": null
            }
        ]
    },
    "timestamp": 1775325630.9309726
}
{
    "idx_task": 12,
    "task_name": "cpu_intensive",
    "duration": 1.6260788440704346,
    "data": {
        "ppid": 653364,
        "voluntary_ctxt_switches": 21,
        "nonvoluntary_ctxt_switches": 7,
        "wchan": "Before: 0. After: 0",
        "delta_jiffies": 61,
        "delta_time": 1.2043653820001055,
        "cpu_load": 50.65,
        "memory_mib": 0.0,
        "threads_before": [
            {
                "tid": 653385,
                "state": "R",
                "wchan": "0",
                "stack": null
            },
            {
                "tid": 653386,
                "state": "S",
                "wchan": "futex_wait_queue",
                "stack": null
            },
            {
                "tid": 653387,
                "state": "S",
                "wchan": "wait_woken",
                "stack": null
            },
            {
                "tid": 653399,
                "state": "S",
                "wchan": "futex_wait_queue",
                "stack": null
            },
            {
                "tid": 653400,
                "state": "S",
                "wchan": "hrtimer_nanosleep",
                "stack": null
            }
        ],
        "threads_after": [
            {
                "tid": 653385,
                "state": "R",
                "wchan": "0",
                "stack": null
            },
            {
                "tid": 653386,
                "state": "S",
                "wchan": "futex_wait_queue",
                "stack": null
            },
            {
                "tid": 653387,
                "state": "S",
                "wchan": "wait_woken",
                "stack": null
            },
            {
                "tid": 653399,
                "state": "S",
                "wchan": "futex_wait_queue",
                "stack": null
            },
            {
                "tid": 653400,
                "state": "S",
                "wchan": "hrtimer_nanosleep",
                "stack": null
            }
        ]
    },
    "timestamp": 1775325632.9774234
}
{
    "idx_task": 16,
    "task_name": "cpu_intensive",
    "duration": 1.6421542167663574,
    "data": {
        "ppid": 653364,
        "voluntary_ctxt_switches": 20,
        "nonvoluntary_ctxt_switches": 46,
        "wchan": "Before: 0. After: 0",
        "delta_jiffies": 63,
        "delta_time": 1.2360637219971977,
        "cpu_load": 50.97,
        "memory_mib": 0.0,
        "threads_before": [
            {
                "tid": 653385,
                "state": "R",
                "wchan": "0",
                "stack": null
            },
            {
                "tid": 653386,
                "state": "S",
                "wchan": "futex_wait_queue",
                "stack": null
            },
            {
                "tid": 653387,
                "state": "S",
                "wchan": "wait_woken",
                "stack": null
            },
            {
                "tid": 653399,
                "state": "S",
                "wchan": "futex_wait_queue",
                "stack": null
            },
            {
                "tid": 653400,
                "state": "S",
                "wchan": "hrtimer_nanosleep",
                "stack": null
            }
        ],
        "threads_after": [
            {
                "tid": 653385,
                "state": "R",
                "wchan": "0",
                "stack": null
            },
            {
                "tid": 653386,
                "state": "S",
                "wchan": "futex_wait_queue",
                "stack": null
            },
            {
                "tid": 653387,
                "state": "S",
                "wchan": "wait_woken",
                "stack": null
            },
            {
                "tid": 653399,
                "state": "S",
                "wchan": "futex_wait_queue",
                "stack": null
            },
            {
                "tid": 653400,
                "state": "S",
                "wchan": "hrtimer_nanosleep",
                "stack": null
            }
        ]
    },
    "timestamp": 1775325635.0251527
}
{
    "idx_task": 20,
    "task_name": "cpu_intensive",
    "duration": 1.6218953132629395,
    "data": {
        "ppid": 653364,
        "voluntary_ctxt_switches": 19,
        "nonvoluntary_ctxt_switches": 16,
        "wchan": "Before: 0. After: 0",
        "delta_jiffies": null,
        "delta_time": 1.2457278310030233,
        "cpu_load": 0.0,
        "memory_mib": 0.0,
        "threads_before": [
            {
                "tid": 653385,
                "state": "R",
                "wchan": "0",
                "stack": null
            },
            {
                "tid": 653386,
                "state": "S",
                "wchan": "futex_wait_queue",
                "stack": null
            },
            {
                "tid": 653387,
                "state": "S",
                "wchan": "wait_woken",
                "stack": null
            },
            {
                "tid": 653399,
                "state": "S",
                "wchan": "futex_wait_queue",
                "stack": null
            },
            {
                "tid": 653400,
                "state": "S",
                "wchan": "hrtimer_nanosleep",
                "stack": null
            }
        ],
        "threads_after": [
            {
                "tid": 653385,
                "state": "R",
                "wchan": "0",
                "stack": null
            },
            {
                "tid": 653386,
                "state": "S",
                "wchan": "futex_wait_queue",
                "stack": null
            },
            {
                "tid": 653387,
                "state": "S",
                "wchan": "wait_woken",
                "stack": null
            },
            {
                "tid": 653399,
                "state": "S",
                "wchan": "futex_wait_queue",
                "stack": null
            },
            {
                "tid": 653400,
                "state": "S",
                "wchan": "hrtimer_nanosleep",
                "stack": null
            }
        ]
    },
    "timestamp": 1775325637.0229247
}
{
    "idx_task": 24,
    "task_name": "cpu_intensive",
    "duration": 1.6395471096038818,
    "data": {
        "ppid": 653364,
        "voluntary_ctxt_switches": 22,
        "nonvoluntary_ctxt_switches": 51,
        "wchan": "Before: 0. After: 0",
        "delta_jiffies": null,
        "delta_time": 1.2382907329883892,
        "cpu_load": 0.0,
        "memory_mib": 0.0,
        "threads_before": [
            {
                "tid": 653385,
                "state": "R",
                "wchan": "0",
                "stack": null
            },
            {
                "tid": 653386,
                "state": "S",
                "wchan": "futex_wait_queue",
                "stack": null
            },
            {
                "tid": 653387,
                "state": "S",
                "wchan": "wait_woken",
                "stack": null
            },
            {
                "tid": 653399,
                "state": "S",
                "wchan": "futex_wait_queue",
                "stack": null
            },
            {
                "tid": 653400,
                "state": "S",
                "wchan": "hrtimer_nanosleep",
                "stack": null
            }
        ],
        "threads_after": [
            {
                "tid": 653385,
                "state": "R",
                "wchan": "0",
                "stack": null
            },
            {
                "tid": 653386,
                "state": "S",
                "wchan": "futex_wait_queue",
                "stack": null
            },
            {
                "tid": 653387,
                "state": "S",
                "wchan": "wait_woken",
                "stack": null
            },
            {
                "tid": 653399,
                "state": "S",
                "wchan": "futex_wait_queue",
                "stack": null
            },
            {
                "tid": 653400,
                "state": "S",
                "wchan": "hrtimer_nanosleep",
                "stack": null
            }
        ]
    },
    "timestamp": 1775325639.063759
}
{
    "idx_task": 28,
    "task_name": "cpu_intensive",
    "duration": 1.600247859954834,
    "data": {
        "ppid": 653364,
        "voluntary_ctxt_switches": 23,
        "nonvoluntary_ctxt_switches": 2,
        "wchan": "Before: 0. After: 0",
        "delta_jiffies": null,
        "delta_time": 1.204370809980901,
        "cpu_load": 0.0,
        "memory_mib": 0.0,
        "threads_before": [
            {
                "tid": 653385,
                "state": "R",
                "wchan": "0",
                "stack": null
            },
            {
                "tid": 653386,
                "state": "S",
                "wchan": "futex_wait_queue",
                "stack": null
            },
            {
                "tid": 653387,
                "state": "S",
                "wchan": "wait_woken",
                "stack": null
            },
            {
                "tid": 653399,
                "state": "S",
                "wchan": "futex_wait_queue",
                "stack": null
            },
            {
                "tid": 653400,
                "state": "S",
                "wchan": "hrtimer_nanosleep",
                "stack": null
            }
        ],
        "threads_after": [
            {
                "tid": 653385,
                "state": "R",
                "wchan": "0",
                "stack": null
            },
            {
                "tid": 653386,
                "state": "S",
                "wchan": "futex_wait_queue",
                "stack": null
            },
            {
                "tid": 653387,
                "state": "S",
                "wchan": "wait_woken",
                "stack": null
            },
            {
                "tid": 653399,
                "state": "S",
                "wchan": "futex_wait_queue",
                "stack": null
            },
            {
                "tid": 653400,
                "state": "S",
                "wchan": "hrtimer_nanosleep",
                "stack": null
            }
        ]
    },
    "timestamp": 1775325641.0584009
}
{
    "idx_task": 32,
    "task_name": "cpu_intensive",
    "duration": 1.5971064567565918,
    "data": {
        "ppid": 653364,
        "voluntary_ctxt_switches": 24,
        "nonvoluntary_ctxt_switches": 6,
        "wchan": "Before: 0. After: 0",
        "delta_jiffies": 58,
        "delta_time": 1.1631670369533822,
        "cpu_load": 49.86,
        "memory_mib": 0.0,
        "threads_before": [
            {
                "tid": 653385,
                "state": "R",
                "wchan": "0",
                "stack": null
            },
            {
                "tid": 653386,
                "state": "S",
                "wchan": "futex_wait_queue",
                "stack": null
            },
            {
                "tid": 653387,
                "state": "S",
                "wchan": "wait_woken",
                "stack": null
            },
            {
                "tid": 653399,
                "state": "S",
                "wchan": "futex_wait_queue",
                "stack": null
            },
            {
                "tid": 653400,
                "state": "S",
                "wchan": "hrtimer_nanosleep",
                "stack": null
            }
        ],
        "threads_after": [
            {
                "tid": 653385,
                "state": "R",
                "wchan": "0",
                "stack": null
            },
            {
                "tid": 653386,
                "state": "S",
                "wchan": "futex_wait_queue",
                "stack": null
            },
            {
                "tid": 653387,
                "state": "S",
                "wchan": "wait_woken",
                "stack": null
            },
            {
                "tid": 653399,
                "state": "S",
                "wchan": "futex_wait_queue",
                "stack": null
            },
            {
                "tid": 653400,
                "state": "S",
                "wchan": "hrtimer_nanosleep",
                "stack": null
            }
        ]
    },
    "timestamp": 1775325643.0877063
}
{
    "idx_task": 36,
    "task_name": "cpu_intensive",
    "duration": 1.6102404594421387,
    "data": {
        "ppid": 653364,
        "voluntary_ctxt_switches": 18,
        "nonvoluntary_ctxt_switches": 2,
        "wchan": "Before: 0. After: 0",
        "delta_jiffies": null,
        "delta_time": 1.1838820519624278,
        "cpu_load": 0.0,
        "memory_mib": 0.0,
        "threads_before": [
            {
                "tid": 653385,
                "state": "R",
                "wchan": "0",
                "stack": null
            },
            {
                "tid": 653386,
                "state": "S",
                "wchan": "futex_wait_queue",
                "stack": null
            },
            {
                "tid": 653387,
                "state": "S",
                "wchan": "wait_woken",
                "stack": null
            },
            {
                "tid": 653399,
                "state": "S",
                "wchan": "futex_wait_queue",
                "stack": null
            },
            {
                "tid": 653400,
                "state": "S",
                "wchan": "hrtimer_nanosleep",
                "stack": null
            }
        ],
        "threads_after": [
            {
                "tid": 653385,
                "state": "R",
                "wchan": "0",
                "stack": null
            },
            {
                "tid": 653386,
                "state": "S",
                "wchan": "futex_wait_queue",
                "stack": null
            },
            {
                "tid": 653387,
                "state": "S",
                "wchan": "wait_woken",
                "stack": null
            },
            {
                "tid": 653399,
                "state": "S",
                "wchan": "futex_wait_queue",
                "stack": null
            },
            {
                "tid": 653400,
                "state": "S",
                "wchan": "hrtimer_nanosleep",
                "stack": null
            }
        ]
    },
    "timestamp": 1775325645.1233885
}
{
    "idx_task": 40,
    "task_name": "cpu_intensive",
    "duration": 1.6238927841186523,
    "data": {
        "ppid": 653364,
        "voluntary_ctxt_switches": 20,
        "nonvoluntary_ctxt_switches": 7,
        "wchan": "Before: 0. After: 0",
        "delta_jiffies": 61,
        "delta_time": 1.2095759279909544,
        "cpu_load": 50.43,
        "memory_mib": 0.0,
        "threads_before": [
            {
                "tid": 653385,
                "state": "R",
                "wchan": "0",
                "stack": null
            },
            {
                "tid": 653386,
                "state": "S",
                "wchan": "futex_wait_queue",
                "stack": null
            },
            {
                "tid": 653387,
                "state": "S",
                "wchan": "wait_woken",
                "stack": null
            },
            {
                "tid": 653399,
                "state": "S",
                "wchan": "futex_wait_queue",
                "stack": null
            },
            {
                "tid": 653400,
                "state": "S",
                "wchan": "hrtimer_nanosleep",
                "stack": null
            }
        ],
        "threads_after": [
            {
                "tid": 653385,
                "state": "R",
                "wchan": "0",
                "stack": null
            },
            {
                "tid": 653386,
                "state": "S",
                "wchan": "futex_wait_queue",
                "stack": null
            },
            {
                "tid": 653387,
                "state": "S",
                "wchan": "wait_woken",
                "stack": null
            },
            {
                "tid": 653399,
                "state": "S",
                "wchan": "futex_wait_queue",
                "stack": null
            },
            {
                "tid": 653400,
                "state": "S",
                "wchan": "hrtimer_nanosleep",
                "stack": null
            }
        ]
    },
    "timestamp": 1775325647.161381
}
{
    "idx_task": 44,
    "task_name": "cpu_intensive",
    "duration": 1.662581205368042,
    "data": {
        "ppid": 653364,
        "voluntary_ctxt_switches": 23,
        "nonvoluntary_ctxt_switches": 5,
        "wchan": "Before: 0. After: 0",
        "delta_jiffies": null,
        "delta_time": 1.2541300680022687,
        "cpu_load": 0.0,
        "memory_mib": 0.0,
        "threads_before": [
            {
                "tid": 653385,
                "state": "R",
                "wchan": "0",
                "stack": null
            },
            {
                "tid": 653386,
                "state": "S",
                "wchan": "futex_wait_queue",
                "stack": null
            },
            {
                "tid": 653387,
                "state": "S",
                "wchan": "wait_woken",
                "stack": null
            },
            {
                "tid": 653399,
                "state": "S",
                "wchan": "futex_wait_queue",
                "stack": null
            },
            {
                "tid": 653400,
                "state": "S",
                "wchan": "hrtimer_nanosleep",
                "stack": null
            }
        ],
        "threads_after": [
            {
                "tid": 653385,
                "state": "R",
                "wchan": "0",
                "stack": null
            },
            {
                "tid": 653386,
                "state": "S",
                "wchan": "futex_wait_queue",
                "stack": null
            },
            {
                "tid": 653387,
                "state": "S",
                "wchan": "wait_woken",
                "stack": null
            },
            {
                "tid": 653399,
                "state": "S",
                "wchan": "futex_wait_queue",
                "stack": null
            },
            {
                "tid": 653400,
                "state": "S",
                "wchan": "hrtimer_nanosleep",
                "stack": null
            }
        ]
    },
    "timestamp": 1775325649.2322998
}
{
    "idx_task": 48,
    "task_name": "cpu_intensive",
    "duration": 1.6067118644714355,
    "data": {
        "ppid": 653364,
        "voluntary_ctxt_switches": 22,
        "nonvoluntary_ctxt_switches": 4,
        "wchan": "Before: 0. After: 0",
        "delta_jiffies": null,
        "delta_time": 1.2346501729625743,
        "cpu_load": 0.0,
        "memory_mib": 0.0,
        "threads_before": [
            {
                "tid": 653385,
                "state": "R",
                "wchan": "0",
                "stack": null
            },
            {
                "tid": 653386,
                "state": "S",
                "wchan": "futex_wait_queue",
                "stack": null
            },
            {
                "tid": 653387,
                "state": "S",
                "wchan": "wait_woken",
                "stack": null
            },
            {
                "tid": 653399,
                "state": "S",
                "wchan": "futex_wait_queue",
                "stack": null
            },
            {
                "tid": 653400,
                "state": "S",
                "wchan": "hrtimer_nanosleep",
                "stack": null
            }
        ],
        "threads_after": [
            {
                "tid": 653385,
                "state": "R",
                "wchan": "0",
                "stack": null
            },
            {
                "tid": 653386,
                "state": "S",
                "wchan": "futex_wait_queue",
                "stack": null
            },
            {
                "tid": 653387,
                "state": "S",
                "wchan": "wait_woken",
                "stack": null
            },
            {
                "tid": 653399,
                "state": "S",
                "wchan": "futex_wait_queue",
                "stack": null
            },
            {
                "tid": 653400,
                "state": "S",
                "wchan": "hrtimer_nanosleep",
                "stack": null
            }
        ]
    },
    "timestamp": 1775325651.2094743
}
{
    "idx_task": 52,
    "task_name": "cpu_intensive",
    "duration": 1.6116955280303955,
    "data": {
        "ppid": 653364,
        "voluntary_ctxt_switches": 22,
        "nonvoluntary_ctxt_switches": 7,
        "wchan": "Before: 0. After: 0",
        "delta_jiffies": 60,
        "delta_time": 1.1951799449743703,
        "cpu_load": 50.2,
        "memory_mib": 0.0,
        "threads_before": [
            {
                "tid": 653385,
                "state": "R",
                "wchan": "0",
                "stack": null
            },
            {
                "tid": 653386,
                "state": "S",
                "wchan": "futex_wait_queue",
                "stack": null
            },
            {
                "tid": 653387,
                "state": "S",
                "wchan": "wait_woken",
                "stack": null
            },
            {
                "tid": 653399,
                "state": "S",
                "wchan": "futex_wait_queue",
                "stack": null
            },
            {
                "tid": 653400,
                "state": "S",
                "wchan": "hrtimer_nanosleep",
                "stack": null
            }
        ],
        "threads_after": [
            {
                "tid": 653385,
                "state": "R",
                "wchan": "0",
                "stack": null
            },
            {
                "tid": 653386,
                "state": "S",
                "wchan": "futex_wait_queue",
                "stack": null
            },
            {
                "tid": 653387,
                "state": "S",
                "wchan": "wait_woken",
                "stack": null
            },
            {
                "tid": 653399,
                "state": "S",
                "wchan": "futex_wait_queue",
                "stack": null
            },
            {
                "tid": 653400,
                "state": "S",
                "wchan": "hrtimer_nanosleep",
                "stack": null
            }
        ]
    },
    "timestamp": 1775325653.236889
}
{
    "idx_task": 56,
    "task_name": "cpu_intensive",
    "duration": 1.6432363986968994,
    "data": {
        "ppid": 653364,
        "voluntary_ctxt_switches": 22,
        "nonvoluntary_ctxt_switches": 24,
        "wchan": "Before: 0. After: 0",
        "delta_jiffies": 64,
        "delta_time": 1.2325011290377006,
        "cpu_load": 51.93,
        "memory_mib": 0.00390625,
        "threads_before": [
            {
                "tid": 653385,
                "state": "R",
                "wchan": "0",
                "stack": null
            },
            {
                "tid": 653386,
                "state": "S",
                "wchan": "futex_wait_queue",
                "stack": null
            },
            {
                "tid": 653387,
                "state": "S",
                "wchan": "wait_woken",
                "stack": null
            },
            {
                "tid": 653399,
                "state": "S",
                "wchan": "futex_wait_queue",
                "stack": null
            },
            {
                "tid": 653400,
                "state": "S",
                "wchan": "hrtimer_nanosleep",
                "stack": null
            }
        ],
        "threads_after": [
            {
                "tid": 653385,
                "state": "R",
                "wchan": "0",
                "stack": null
            },
            {
                "tid": 653386,
                "state": "S",
                "wchan": "futex_wait_queue",
                "stack": null
            },
            {
                "tid": 653387,
                "state": "S",
                "wchan": "wait_woken",
                "stack": null
            },
            {
                "tid": 653399,
                "state": "S",
                "wchan": "futex_wait_queue",
                "stack": null
            },
            {
                "tid": 653400,
                "state": "S",
                "wchan": "hrtimer_nanosleep",
                "stack": null
            }
        ]
    },
    "timestamp": 1775325655.2899513
}
{
    "idx_task": 60,
    "task_name": "cpu_intensive",
    "duration": 1.597120761871338,
    "data": {
        "ppid": 653364,
        "voluntary_ctxt_switches": 27,
        "nonvoluntary_ctxt_switches": 4,
        "wchan": "Before: 0. After: 0",
        "delta_jiffies": null,
        "delta_time": 1.2074629130074754,
        "cpu_load": 0.0,
        "memory_mib": 0.0,
        "threads_before": [
            {
                "tid": 653385,
                "state": "R",
                "wchan": "0",
                "stack": null
            },
            {
                "tid": 653386,
                "state": "S",
                "wchan": "futex_wait_queue",
                "stack": null
            },
            {
                "tid": 653387,
                "state": "S",
                "wchan": "wait_woken",
                "stack": null
            },
            {
                "tid": 653399,
                "state": "S",
                "wchan": "futex_wait_queue",
                "stack": null
            },
            {
                "tid": 653400,
                "state": "S",
                "wchan": "hrtimer_nanosleep",
                "stack": null
            }
        ],
        "threads_after": [
            {
                "tid": 653385,
                "state": "R",
                "wchan": "0",
                "stack": null
            },
            {
                "tid": 653386,
                "state": "S",
                "wchan": "futex_wait_queue",
                "stack": null
            },
            {
                "tid": 653387,
                "state": "S",
                "wchan": "wait_woken",
                "stack": null
            },
            {
                "tid": 653399,
                "state": "S",
                "wchan": "futex_wait_queue",
                "stack": null
            },
            {
                "tid": 653400,
                "state": "S",
                "wchan": "hrtimer_nanosleep",
                "stack": null
            }
        ]
    },
    "timestamp": 1775325657.2757657
}
