{
    "idx_task": 64,
    "task_name": "cpu_intensive",
    "duration": 1.6200039386749268,
    "data": {
        "ppid": 653364,
        "voluntary_ctxt_switches": 18,
        "nonvoluntary_ctxt_switches": 5,
        "wchan": "Before: 0. After: 0",
        "delta_jiffies": null,
        "delta_time": null,
        "cpu_load": 0.0,
        "memory_mib": 0.01953125,
        "threads_before": [
            {
                "tid": 653438,
                "state": "R",
                "wchan": "0",
                "stack": null
            },
            {
                "tid": 653439,
                "state": "S",
                "wchan": "futex_wait_queue",
                "stack": null
            },
            {
                "tid": 653440,
                "state": "S",
                "wchan": "wait_woken",
                "stack": null
            },
            {
                "tid": 653446,
                "state": "S",
                "wchan": "hrtimer_nanosleep",
                "stack": null
            },
            {
                "tid": 653447,
                "state": "S",
                "wchan": "hrtimer_nanosleep",
                "stack": null
            }
        ],
        "threads_after": [
            {
                "tid": 653438,
                "state": "R",
                "wchan": "0",
                "stack": null
            },
            {
                "tid": 653439,
                "state": "S",
                "wchan": "futex_wait_queue",
                "stack": null
            },
            {
                "tid": 653440,
                "state": "S",
                "wchan": "wait_woken",
                "stack": null
            },
            {
                "tid": 653446,
                "state": "S",
                "wchan": "futex_wait_queue",
                "stack": null
            },
            {
                "tid": 653447,
                "state": "S",
                "wchan": "hrtimer_nanosleep",
                "stack": null
            }
        ]
    },
    "timestamp": 1775325659.5995955
}
{
    "idx_task": 67,
    "task_name": "cpu_intensive",
    "duration": 1.6158807277679443,
    "data": {
        "ppid": 653364,
        "voluntary_ctxt_switches": 17,
        "nonvoluntary_ctxt_switches": 8,
        "wchan": "Before: 0. After: 0",
        "delta_jiffies": 60,
        "delta_time": 1.4926834950165357,
        "cpu_load": 40.2,
        "memory_mib": 0.0,
        "threads_before": [
            {
                "tid": 653438,
                "state": "R",
                "wchan": "0",
                "stack": null
            },
            {
                "tid": 653439,
                "state": "S",
                "wchan": "futex_wait_queue",
                "stack": null
            },
            {
                "tid": 653440,
                "state": "S",
                "wchan": "wait_woken",
                "stack": null
            },
            {
                "tid": 653446,
                "state": "S",
                "wchan": "futex_wait_queue",
                "stack": null
            },
            {
                "tid": 653447,
                "state": "S",
                "wchan": "hrtimer_nanosleep",
                "stack": null
            }
        ],
        "threads_after": [
            {
                "tid": 653438,
                "state": "R",
                "wchan": "0",
                "stack": null
            },
            {
                "tid": 653439,
                "state": "S",
                "wchan": "futex_wait_queue",
                "stack": null
            },
            {
                "tid": 653440,
                "state": "S",
                "wchan": "wait_woken",
                "stack": null
            },
            {
                "tid": 653446,
                "state": "S",
                "wchan": "futex_wait_queue",
                "stack": null
            },
            {
                "tid": 653447,
                "state": "S",
                "wchan": "hrtimer_nanosleep",
                "stack": null
            }
        ]
    },
    "timestamp": 1775325661.337764
}
{
    "idx_task": 71,
    "task_name": "cpu_intensive",
    "duration": 1.653688907623291,
    "data": {
        "ppid": 653364,
        "voluntary_ctxt_switches": 19,
        "nonvoluntary_ctxt_switches": 6,
        "wchan": "Before: 0. After: 0",
        "delta_jiffies": 64,
        "delta_time": 1.2458008149988018,
        "cpu_load": 51.37,
        "memory_mib": 0.0,
        "threads_before": [
            {
                "tid": 653438,
                "state": "R",
                "wchan": "0",
                "stack": null
            },
            {
                "tid": 653439,
                "state": "S",
                "wchan": "futex_wait_queue",
                "stack": null
            },
            {
                "tid": 653440,
                "state": "S",
                "wchan": "wait_woken",
                "stack": null
            },
            {
                "tid": 653446,
                "state": "S",
                "wchan": "futex_wait_queue",
                "stack": null
            },
            {
                "tid": 653447,
                "state": "S",
                "wchan": "hrtimer_nanosleep",
                "stack": null
            }
        ],
        "threads_after": [
            {
                "tid": 653438,
                "state": "R",
                "wchan": "0",
                "stack": null
            },
            {
                "tid": 653439,
                "state": "S",
                "wchan": "futex_wait_queue",
                "stack": null
            },
            {
                "tid": 653440,
                "state": "S",
                "wchan": "wait_woken",
                "stack": null
            },
            {
                "tid": 653446,
                "state": "S",
                "wchan": "futex_wait_queue",
                "stack": null
            },
            {
                "tid": 653447,
                "state": "S",
                "wchan": "hrtimer_nanosleep",
                "stack": null
            }
        ]
    },
    "timestamp": 1775325663.398215
}
{
    "idx_task": 75,
    "task_name": "cpu_intensive",
    "duration": 1.6207854747772217,
    "data": {
        "ppid": 653364,
        "voluntary_ctxt_switches": 22,
        "nonvoluntary_ctxt_switches": 15,
        "wchan": "Before: 0. After: 0",
        "delta_jiffies": 61,
        "delta_time": 1.2492754099948797,
        "cpu_load": 48.83,
        "memory_mib": 0.0,
        "threads_before": [
            {
                "tid": 653438,
                "state": "R",
                "wchan": "0",
                "stack": null
            },
            {
                "tid": 653439,
                "state": "S",
                "wchan": "futex_wait_queue",
                "stack": null
            },
            {
                "tid": 653440,
                "state": "S",
                "wchan": "wait_woken",
                "stack": null
            },
            {
                "tid": 653446,
                "state": "S",
                "wchan": "futex_wait_queue",
                "stack": null
            },
            {
                "tid": 653447,
                "state": "S",
                "wchan": "hrtimer_nanosleep",
                "stack": null
            }
        ],
        "threads_after": [
            {
                "tid": 653438,
                "state": "R",
                "wchan": "0",
                "stack": null
            },
            {
                "tid": 653439,
                "state": "S",
                "wchan": "futex_wait_queue",
                "stack": null
            },
            {
                "tid": 653440,
                "state": "S",
                "wchan": "wait_woken",
                "stack": null
            },
            {
                "tid": 653446,
                "state": "S",
                "wchan": "futex_wait_queue",
                "stack": null
            },
            {
                "tid": 653447,
                "state": "S",
                "wchan": "hrtimer_nanosleep",
                "stack": null
            }
        ]
    },
    "timestamp": 1775325665.3891416
}
{
    "idx_task": 79,
    "task_name": "cpu_intensive",
    "duration": 1.669724702835083,
    "data": {
        "ppid": 653364,
        "voluntary_ctxt_switches": 23,
        "nonvoluntary_ctxt_switches": 8,
        "wchan": "Before: 0. After: 0",
        "delta_jiffies": 66,
        "delta_time": 1.269811273959931,
        "cpu_load": 51.98,
        "memory_mib": 0.0,
        "threads_before": [
            {
                "tid": 653438,
                "state": "R",
                "wchan": "0",
                "stack": null
            },
            {
                "tid": 653439,
                "state": "S",
                "wchan": "futex_wait_queue",
                "stack": null
            },
            {
                "tid": 653440,
                "state": "S",
                "wchan": "wait_woken",
                "stack": null
            },
            {
                "tid": 653446,
                "state": "S",
                "wchan": "futex_wait_queue",
                "stack": null
            },
            {
                "tid": 653447,
                "state": "S",
                "wchan": "hrtimer_nanosleep",
                "stack": null
            }
        ],
        "threads_after": [
            {
                "tid": 653438,
                "state": "R",
                "wchan": "0",
                "stack": null
            },
            {
                "tid": 653439,
                "state": "S",
                "wchan": "futex_wait_queue",
                "stack": null
            },
            {
                "tid": 653440,
                "state": "S",
                "wchan": "wait_woken",
                "stack": null
            },
            {
                "tid": 653446,
                "state": "S",
                "wchan": "futex_wait_queue",
                "stack": null
            },
            {
                "tid": 653447,
                "state": "S",
                "wchan": "hrtimer_nanosleep",
                "stack": null
            }
        ]
    },
    "timestamp": 1775325667.4576602
}
{
    "idx_task": 83,
    "task_name": "cpu_intensive",
    "duration": 1.6202161312103271,
    "data": {
        "ppid": 653364,
        "voluntary_ctxt_switches": 26,
        "nonvoluntary_ctxt_switches": 4,
        "wchan": "Before: 0. After: 0",
        "delta_jiffies": null,
        "delta_time": 1.2668125119816978,
        "cpu_load": 0.0,
        "memory_mib": 0.00390625,
        "threads_before": [
            {
                "tid": 653438,
                "state": "R",
                "wchan": "0",
                "stack": null
            },
            {
                "tid": 653439,
                "state": "S",
                "wchan": "futex_wait_queue",
                "stack": null
            },
            {
                "tid": 653440,
                "state": "S",
                "wchan": "wait_woken",
                "stack": null
            },
            {
                "tid": 653446,
                "state": "S",
                "wchan": "futex_wait_queue",
                "stack": null
            },
            {
                "tid": 653447,
                "state": "S",
                "wchan": "hrtimer_nanosleep",
                "stack": null
            }
        ],
        "threads_after": [
            {
                "tid": 653438,
                "state": "R",
                "wchan": "0",
                "stack": null
            },
            {
                "tid": 653439,
                "state": "S",
                "wchan": "futex_wait_queue",
                "stack": null
            },
            {
                "tid": 653440,
                "state": "S",
                "wchan": "wait_woken",
                "stack": null
            },
            {
                "tid": 653446,
                "state": "S",
                "wchan": "futex_wait_queue",
                "stack": null
            },
            {
                "tid": 653447,
                "state": "S",
                "wchan": "hrtimer_nanosleep",
                "stack": null
            }
        ]
    },
    "timestamp": 1775325669.4308186
}
{
    "idx_task": 87,
    "task_name": "cpu_intensive",
    "duration": 1.6266701221466064,
    "data": {
        "ppid": 653364,
        "voluntary_ctxt_switches": 22,
        "nonvoluntary_ctxt_switches": 4,
        "wchan": "Before: 0. After: 0",
        "delta_jiffies": 61,
        "delta_time": 1.2242600200115703,
        "cpu_load": 49.83,
        "memory_mib": 0.0,
        "threads_before": [
            {
                "tid": 653438,
                "state": "R",
                "wchan": "0",
                "stack": null
            },
            {
                "tid": 653439,
                "state": "S",
                "wchan": "futex_wait_queue",
                "stack": null
            },
            {
                "tid": 653440,
                "state": "S",
                "wchan": "wait_woken",
                "stack": null
            },
            {
                "tid": 653446,
                "state": "S",
                "wchan": "futex_wait_queue",
                "stack": null
            },
            {
                "tid": 653447,
                "state": "S",
                "wchan": "hrtimer_nanosleep",
                "stack": null
            }
        ],
        "threads_after": [
            {
                "tid": 653438,
                "state": "R",
                "wchan": "0",
                "stack": null
            },
            {
                "tid": 653439,
                "state": "S",
                "wchan": "futex_wait_queue",
                "stack": null
            },
            {
                "tid": 653440,
                "state": "S",
                "wchan": "wait_woken",
                "stack": null
            },
            {
                "tid": 653446,
                "state": "S",
                "wchan": "futex_wait_queue",
                "stack": null
            },
            {
                "tid": 653447,
                "state": "S",
                "wchan": "hrtimer_nanosleep",
                "stack": null
            }
        ]
    },
    "timestamp": 1775325671.4596121
}
{
    "idx_task": 91,
    "task_name": "cpu_intensive",
    "duration": 1.6547434329986572,
    "data": {
        "ppid": 653364,
        "voluntary_ctxt_switches": 28,
        "nonvoluntary_ctxt_switches": 3,
        "wchan": "Before: 0. After: 0",
        "delta_jiffies": 64,
        "delta_time": 1.2591736259928439,
        "cpu_load": 50.83,
        "memory_mib": 0.00390625,
        "threads_before": [
            {
                "tid": 653438,
                "state": "R",
                "wchan": "0",
                "stack": null
            },
            {
                "tid": 653439,
                "state": "S",
                "wchan": "futex_wait_queue",
                "stack": null
            },
            {
                "tid": 653440,
                "state": "S",
                "wchan": "wait_woken",
                "stack": null
            },
            {
                "tid": 653446,
                "state": "S",
                "wchan": "futex_wait_queue",
                "stack": null
            },
            {
                "tid": 653447,
                "state": "S",
                "wchan": "hrtimer_nanosleep",
                "stack": null
            }
        ],
        "threads_after": [
            {
                "tid": 653438,
                "state": "R",
                "wchan": "0",
                "stack": null
            },
            {
                "tid": 653439,
                "state": "S",
                "wchan": "futex_wait_queue",
                "stack": null
            },
            {
                "tid": 653440,
                "state": "S",
                "wchan": "wait_woken",
                "stack": null
            },
            {
                "tid": 653446,
                "state": "S",
                "wchan": "futex_wait_queue",
                "stack": null
            },
            {
                "tid": 653447,
                "state": "S",
                "wchan": "hrtimer_nanosleep",
                "stack": null
            }
        ]
    },
    "timestamp": 1775325673.5096078
}
{
    "idx_task": 95,
    "task_name": "cpu_intensive",
    "duration": 1.6209027767181396,
    "data": {
        "ppid": 653364,
        "voluntary_ctxt_switches": 26,
        "nonvoluntary_ctxt_switches": 50,
        "wchan": "Before: 0. After: 0",
        "delta_jiffies": 61,
        "delta_time": 1.2441858170204796,
        "cpu_load": 49.03,
        "memory_mib": 0.0,
        "threads_before": [
            {
                "tid": 653438,
                "state": "R",
                "wchan": "0",
                "stack": null
            },
            {
                "tid": 653439,
                "state": "S",
                "wchan": "futex_wait_queue",
                "stack": null
            },
            {
                "tid": 653440,
                "state": "S",
                "wchan": "wait_woken",
                "stack": null
            },
            {
                "tid": 653446,
                "state": "S",
                "wchan": "futex_wait_queue",
                "stack": null
            },
            {
                "tid": 653447,
                "state": "S",
                "wchan": "hrtimer_nanosleep",
                "stack": null
            }
        ],
        "threads_after": [
            {
                "tid": 653438,
                "state": "R",
                "wchan": "0",
                "stack": null
            },
            {
                "tid": 653439,
                "state": "S",
                "wchan": "futex_wait_queue",
                "stack": null
            },
            {
                "tid": 653440,
                "state": "S",
                "wchan": "wait_woken",
                "stack": null
            },
            {
                "tid": 653446,
                "state": "S",
                "wchan": "futex_wait_queue",
                "stack": null
            },
            {
                "tid": 653447,
                "state": "S",
                "wchan": "hrtimer_nanosleep",
                "stack": null
            }
        ]
    },
    "timestamp": 1775325675.507397
}
{
    "idx_task": 99,
    "task_name": "cpu_intensive",
    "duration": 1.6332926750183105,
    "data": {
        "ppid": 653364,
        "voluntary_ctxt_switches": 17,
        "nonvoluntary_ctxt_switches": 22,
        "wchan": "Before: 0. After: 0",
        "delta_jiffies": 62,
        "delta_time": 1.231616514007328,
        "cpu_load": 50.34,
        "memory_mib": 0.0,
        "threads_before": [
            {
                "tid": 653438,
                "state": "R",
                "wchan": "0",
                "stack": null
            },
            {
                "tid": 653439,
                "state": "S",
                "wchan": "futex_wait_queue",
                "stack": null
            },
            {
                "tid": 653440,
                "state": "S",
                "wchan": "wait_woken",
                "stack": null
            },
            {
                "tid": 653446,
                "state": "S",
                "wchan": "futex_wait_queue",
                "stack": null
            },
            {
                "tid": 653447,
                "state": "S",
                "wchan": "hrtimer_nanosleep",
                "stack": null
            }
        ],
        "threads_after": [
            {
                "tid": 653438,
                "state": "R",
                "wchan": "0",
                "stack": null
            },
            {
                "tid": 653439,
                "state": "S",
                "wchan": "futex_wait_queue",
                "stack": null
            },
            {
                "tid": 653440,
                "state": "S",
                "wchan": "wait_woken",
                "stack": null
            },
            {
                "tid": 653446,
                "state": "S",
                "wchan": "futex_wait_queue",
                "stack": null
            },
            {
                "tid": 653447,
                "state": "S",
                "wchan": "hrtimer_nanosleep",
                "stack": null
            }
        ]
    },
    "timestamp": 1775325677.5421977
}
{
    "idx_task": 103,
    "task_name": "cpu_intensive",
    "duration": 1.6295390129089355,
    "data": {
        "ppid": 653364,
        "voluntary_ctxt_switches": 22,
        "nonvoluntary_ctxt_switches": 2,
        "wchan": "Before: 0. After: 0",
        "delta_jiffies": null,
        "delta_time": 1.2410107190080453,
        "cpu_load": 0.0,
        "memory_mib": 0.0,
        "threads_before": [
            {
                "tid": 653438,
                "state": "R",
                "wchan": "0",
                "stack": null
            },
            {
                "tid": 653439,
                "state": "S",
                "wchan": "futex_wait_queue",
                "stack": null
            },
            {
                "tid": 653440,
                "state": "S",
                "wchan": "wait_woken",
                "stack": null
            },
            {
                "tid": 653446,
                "state": "S",
                "wchan": "futex_wait_queue",
                "stack": null
            },
            {
                "tid": 653447,
                "state": "S",
                "wchan": "hrtimer_nanosleep",
                "stack": null
            }
        ],
        "threads_after": [
            {
                "tid": 653438,
                "state": "R",
                "wchan": "0",
                "stack": null
            },
            {
                "tid": 653439,
                "state": "S",
                "wchan": "futex_wait_queue",
                "stack": null
            },
            {
                "tid": 653440,
                "state": "S",
                "wchan": "wait_woken",
                "stack": null
            },
            {
                "tid": 653446,
                "state": "S",
                "wchan": "futex_wait_queue",
                "stack": null
            },
            {
                "tid": 653447,
                "state": "S",
                "wchan": "hrtimer_nanosleep",
                "stack": null
            }
        ]
    },
    "timestamp": 1775325679.56016
}
{
    "idx_task": 107,
    "task_name": "cpu_intensive",
    "duration": 1.6038422584533691,
    "data": {
        "ppid": 653364,
        "voluntary_ctxt_switches": 21,
        "nonvoluntary_ctxt_switches": 9,
        "wchan": "Before: 0. After: 0",
        "delta_jiffies": null,
        "delta_time": 1.1982947250071447,
        "cpu_load": 0.0,
        "memory_mib": 0.0,
        "threads_before": [
            {
                "tid": 653438,
                "state": "R",
                "wchan": "0",
                "stack": null
            },
            {
                "tid": 653439,
                "state": "S",
                "wchan": "futex_wait_queue",
                "stack": null
            },
            {
                "tid": 653440,
                "state": "S",
                "wchan": "wait_woken",
                "stack": null
            },
            {
                "tid": 653446,
                "state": "S",
                "wchan": "futex_wait_queue",
                "stack": null
            },
            {
                "tid": 653447,
                "state": "S",
                "wchan": "hrtimer_nanosleep",
                "stack": null
            }
        ],
        "threads_after": [
            {
                "tid": 653438,
                "state": "R",
                "wchan": "0",
                "stack": null
            },
            {
                "tid": 653439,
                "state": "S",
                "wchan": "futex_wait_queue",
                "stack": null
            },
            {
                "tid": 653440,
                "state": "S",
                "wchan": "wait_woken",
                "stack": null
            },
            {
                "tid": 653446,
                "state": "S",
                "wchan": "futex_wait_queue",
                "stack": null
            },
            {
                "tid": 653447,
                "state": "S",
                "wchan": "hrtimer_nanosleep",
                "stack": null
            }
        ]
    },
    "timestamp": 1775325681.5684237
}
{
    "idx_task": 111,
    "task_name": "cpu_intensive",
    "duration": 1.6427538394927979,
    "data": {
        "ppid": 653364,
        "voluntary_ctxt_switches": 23,
        "nonvoluntary_ctxt_switches": 17,
        "wchan": "Before: 0. After: 0",
        "delta_jiffies": null,
        "delta_time": 1.2090899300237652,
        "cpu_load": 0.0,
        "memory_mib": 0.0,
        "threads_before": [
            {
                "tid": 653438,
                "state": "R",
                "wchan": "0",
                "stack": null
            },
            {
                "tid": 653439,
                "state": "S",
                "wchan": "futex_wait_queue",
                "stack": null
            },
            {
                "tid": 653440,
                "state": "S",
                "wchan": "wait_woken",
                "stack": null
            },
            {
                "tid": 653446,
                "state": "S",
                "wchan": "futex_wait_queue",
                "stack": null
            },
            {
                "tid": 653447,
                "state": "S",
                "wchan": "hrtimer_nanosleep",
                "stack": null
            }
        ],
        "threads_after": [
            {
                "tid": 653438,
                "state": "R",
                "wchan": "0",
                "stack": null
            },
            {
                "tid": 653439,
                "state": "S",
                "wchan": "futex_wait_queue",
                "stack": null
            },
            {
                "tid": 653440,
                "state": "S",
                "wchan": "wait_woken",
                "stack": null
            },
            {
                "tid": 653446,
                "state": "S",
                "wchan": "futex_wait_queue",
                "stack": null
            },
            {
                "tid": 653447,
                "state": "S",
                "wchan": "hrtimer_nanosleep",
                "stack": null
            }
        ]
    },
    "timestamp": 1775325683.6441197
}
{
    "idx_task": 115,
    "task_name": "cpu_intensive",
    "duration": 1.6014769077301025,
    "data": {
        "ppid": 653364,
        "voluntary_ctxt_switches": 17,
        "nonvoluntary_ctxt_switches": 27,
        "wchan": "Before: 0. After: 0",
        "delta_jiffies": 59,
        "delta_time": 1.2204647330217995,
        "cpu_load": 48.34,
        "memory_mib": 0.0078125,
        "threads_before": [
            {
                "tid": 653438,
                "state": "R",
                "wchan": "0",
                "stack": null
            },
            {
                "tid": 653439,
                "state": "S",
                "wchan": "futex_wait_queue",
                "stack": null
            },
            {
                "tid": 653440,
                "state": "S",
                "wchan": "wait_woken",
                "stack": null
            },
            {
                "tid": 653446,
                "state": "S",
                "wchan": "futex_wait_queue",
                "stack": null
            },
            {
                "tid": 653447,
                "state": "S",
                "wchan": "hrtimer_nanosleep",
                "stack": null
            }
        ],
        "threads_after": [
            {
                "tid": 653438,
                "state": "R",
                "wchan": "0",
                "stack": null
            },
            {
                "tid": 653439,
                "state": "S",
                "wchan": "futex_wait_queue",
                "stack": null
            },
            {
                "tid": 653440,
                "state": "S",
                "wchan": "wait_woken",
                "stack": null
            },
            {
                "tid": 653446,
                "state": "S",
                "wchan": "futex_wait_queue",
                "stack": null
            },
            {
                "tid": 653447,
                "state": "S",
                "wchan": "hrtimer_nanosleep",
                "stack": null
            }
        ]
    },
    "timestamp": 1775325685.62441
}
{
    "idx_task": 119,
    "task_name": "cpu_intensive",
    "duration": 1.5961673259735107,
    "data": {
        "ppid": 653364,
        "voluntary_ctxt_switches": 17,
        "nonvoluntary_ctxt_switches": 2,
        "wchan": "Before: 0. After: 0",
        "delta_jiffies": null,
        "delta_time": 1.1757098009984475,
        "cpu_load": 0.0,
        "memory_mib": 0.0,
        "threads_before": [
            {
                "tid": 653438,
                "state": "R",
                "wchan": "0",
                "stack": null
            },
            {
                "tid": 653439,
                "state": "S",
                "wchan": "futex_wait_queue",
                "stack": null
            },
            {
                "tid": 653440,
                "state": "S",
                "wchan": "wait_woken",
                "stack": null
            },
            {
                "tid": 653446,
                "state": "S",
                "wchan": "futex_wait_queue",
                "stack": null
            },
            {
                "tid": 653447,
                "state": "S",
                "wchan": "hrtimer_nanosleep",
                "stack": null
            }
        ],
        "threads_after": [
            {
                "tid": 653438,
                "state": "R",
                "wchan": "0",
                "stack": null
            },
            {
                "tid": 653439,
                "state": "S",
                "wchan": "futex_wait_queue",
                "stack": null
            },
            {
                "tid": 653440,
                "state": "S",
                "wchan": "wait_woken",
                "stack": null
            },
            {
                "tid": 653446,
                "state": "S",
                "wchan": "futex_wait_queue",
                "stack": null
            },
            {
                "tid": 653447,
                "state": "S",
                "wchan": "hrtimer_nanosleep",
                "stack": null
            }
        ]
    },
    "timestamp": 1775325687.6388495
}
{
    "idx_task": 122,
    "task_name": "cpu_intensive",
    "duration": 1.6431827545166016,
    "data": {
        "ppid": 653364,
        "voluntary_ctxt_switches": 85,
        "nonvoluntary_ctxt_switches": 4,
        "wchan": "Before: 0. After: 0",
        "delta_jiffies": 64,
        "delta_time": 1.1032472109945957,
        "cpu_load": 58.01,
        "memory_mib": 0.03125,
        "threads_before": [
            {
                "tid": 653438,
                "state": "R",
                "wchan": "0",
                "stack": null
            },
            {
                "tid": 653439,
                "state": "S",
                "wchan": "futex_wait_queue",
                "stack": null
            },
            {
                "tid": 653440,
                "state": "S",
                "wchan": "wait_woken",
                "stack": null
            },
            {
                "tid": 653446,
                "state": "S",
                "wchan": "futex_wait_queue",
                "stack": null
            },
            {
                "tid": 653447,
                "state": "S",
                "wchan": "hrtimer_nanosleep",
                "stack": null
            }
        ],
        "threads_after": [
            {
                "tid": 653438,
                "state": "R",
                "wchan": "0",
                "stack": null
            },
            {
                "tid": 653439,
                "state": "S",
                "wchan": "futex_wait_queue",
                "stack": null
            },
            {
                "tid": 653440,
                "state": "S",
                "wchan": "wait_woken",
                "stack": null
            },
            {
                "tid": 653446,
                "state": "S",
                "wchan": "futex_wait_queue",
                "stack": null
            },
            {
                "tid": 653447,
                "state": "S",
                "wchan": "hrtimer_nanosleep",
                "stack": null
            }
        ]
    },
    "timestamp": 1775325689.8212311
}
{
    "idx_task": 127,
    "task_name": "cpu_intensive",
    "duration": 1.601618766784668,
    "data": {
        "ppid": 653364,
        "voluntary_ctxt_switches": 18,
        "nonvoluntary_ctxt_switches": 43,
        "wchan": "Before: 0. After: 0",
        "delta_jiffies": null,
        "delta_time": 1.3096295660361648,
        "cpu_load": 0.0,
        "memory_mib": 0.0,
        "threads_before": [
            {
                "tid": 653438,
                "state": "R",
                "wchan": "0",
                "stack": null
            },
            {
                "tid": 653439,
                "state": "S",
                "wchan": "futex_wait_queue",
                "stack": null
            },
            {
                "tid": 653440,
                "state": "S",
                "wchan": "wait_woken",
                "stack": null
            },
            {
                "tid": 653446,
                "state": "S",
                "wchan": "futex_wait_queue",
                "stack": null
            },
            {
                "tid": 653447,
                "state": "S",
                "wchan": "hrtimer_nanosleep",
                "stack": null
            }
        ],
        "threads_after": [
            {
                "tid": 653438,
                "state": "R",
                "wchan": "0",
                "stack": null
            },
            {
                "tid": 653439,
                "state": "S",
                "wchan": "futex_wait_queue",
                "stack": null
            },
            {
                "tid": 653440,
                "state": "S",
                "wchan": "wait_woken",
                "stack": null
            },
            {
                "tid": 653446,
                "state": "S",
                "wchan": "futex_wait_queue",
                "stack": null
            },
            {
                "tid": 653447,
                "state": "S",
                "wchan": "hrtimer_nanosleep",
                "stack": null
            }
        ]
    },
    "timestamp": 1775325691.71393
}
{
    "idx_task": 131,
    "task_name": "cpu_intensive",
    "duration": 1.6100101470947266,
    "data": {
        "ppid": 653364,
        "voluntary_ctxt_switches": 23,
        "nonvoluntary_ctxt_switches": 3,
        "wchan": "Before: 0. After: 0",
        "delta_jiffies": null,
        "delta_time": 1.1887365490256343,
        "cpu_load": 0.0,
        "memory_mib": 0.0,
        "threads_before": [
            {
                "tid": 653438,
                "state": "R",
                "wchan": "0",
                "stack": null
            },
            {
                "tid": 653439,
                "state": "S",
                "wchan": "futex_wait_queue",
                "stack": null
            },
            {
                "tid": 653440,
                "state": "S",
                "wchan": "wait_woken",
                "stack": null
            },
            {
                "tid": 653446,
                "state": "S",
                "wchan": "futex_wait_queue",
                "stack": null
            },
            {
                "tid": 653447,
                "state": "S",
                "wchan": "hrtimer_nanosleep",
                "stack": null
            }
        ],
        "threads_after": [
            {
                "tid": 653438,
                "state": "R",
                "wchan": "0",
                "stack": null
            },
            {
                "tid": 653439,
                "state": "S",
                "wchan": "futex_wait_queue",
                "stack": null
            },
            {
                "tid": 653440,
                "state": "S",
                "wchan": "wait_woken",
                "stack": null
            },
            {
                "tid": 653446,
                "state": "S",
                "wchan": "futex_wait_queue",
                "stack": null
            },
            {
                "tid": 653447,
                "state": "S",
                "wchan": "hrtimer_nanosleep",
                "stack": null
            }
        ]
    },
    "timestamp": 1775325693.744408
}
{
    "idx_task": 135,
    "task_name": "cpu_intensive",
    "duration": 1.6139941215515137,
    "data": {
        "ppid": 653364,
        "voluntary_ctxt_switches": 19,
        "nonvoluntary_ctxt_switches": 21,
        "wchan": "Before: 0. After: 0",
        "delta_jiffies": null,
        "delta_time": 1.2012219169992022,
        "cpu_load": 0.0,
        "memory_mib": 0.0,
        "threads_before": [
            {
                "tid": 653438,
                "state": "R",
                "wchan": "0",
                "stack": null
            },
            {
                "tid": 653439,
                "state": "S",
                "wchan": "futex_wait_queue",
                "stack": null
            },
            {
                "tid": 653440,
                "state": "S",
                "wchan": "wait_woken",
                "stack": null
            },
            {
                "tid": 653446,
                "state": "S",
                "wchan": "futex_wait_queue",
                "stack": null
            },
            {
                "tid": 653447,
                "state": "S",
                "wchan": "hrtimer_nanosleep",
                "stack": null
            }
        ],
        "threads_after": [
            {
                "tid": 653438,
                "state": "R",
                "wchan": "0",
                "stack": null
            },
            {
                "tid": 653439,
                "state": "S",
                "wchan": "futex_wait_queue",
                "stack": null
            },
            {
                "tid": 653440,
                "state": "S",
                "wchan": "wait_woken",
                "stack": null
            },
            {
                "tid": 653446,
                "state": "S",
                "wchan": "futex_wait_queue",
                "stack": null
            },
            {
                "tid": 653447,
                "state": "S",
                "wchan": "hrtimer_nanosleep",
                "stack": null
            }
        ]
    },
    "timestamp": 1775325695.7716517
}
{
    "idx_task": 139,
    "task_name": "cpu_intensive",
    "duration": 1.6145193576812744,
    "data": {
        "ppid": 653364,
        "voluntary_ctxt_switches": 20,
        "nonvoluntary_ctxt_switches": 6,
        "wchan": "Before: 0. After: 0",
        "delta_jiffies": 60,
        "delta_time": 1.19511134995264,
        "cpu_load": 50.2,
        "memory_mib": 0.0,
        "threads_before": [
            {
                "tid": 653438,
                "state": "R",
                "wchan": "0",
                "stack": null
            },
            {
                "tid": 653439,
                "state": "S",
                "wchan": "futex_wait_queue",
                "stack": null
            },
            {
                "tid": 653440,
                "state": "S",
                "wchan": "wait_woken",
                "stack": null
            },
            {
                "tid": 653446,
                "state": "S",
                "wchan": "futex_wait_queue",
                "stack": null
            },
            {
                "tid": 653447,
                "state": "S",
                "wchan": "hrtimer_nanosleep",
                "stack": null
            }
        ],
        "threads_after": [
            {
                "tid": 653438,
                "state": "R",
                "wchan": "0",
                "stack": null
            },
            {
                "tid": 653439,
                "state": "S",
                "wchan": "futex_wait_queue",
                "stack": null
            },
            {
                "tid": 653440,
                "state": "S",
                "wchan": "wait_woken",
                "stack": null
            },
            {
                "tid": 653446,
                "state": "S",
                "wchan": "futex_wait_queue",
                "stack": null
            },
            {
                "tid": 653447,
                "state": "S",
                "wchan": "hrtimer_nanosleep",
                "stack": null
            }
        ]
    },
    "timestamp": 1775325697.8044775
}
{
    "idx_task": 143,
    "task_name": "cpu_intensive",
    "duration": 1.732182264328003,
    "data": {
        "ppid": 653364,
        "voluntary_ctxt_switches": 24,
        "nonvoluntary_ctxt_switches": 58,
        "wchan": "Before: 0. After: 0",
        "delta_jiffies": 72,
        "delta_time": 1.3120687810296658,
        "cpu_load": 54.88,
        "memory_mib": 0.0,
        "threads_before": [
            {
                "tid": 653438,
                "state": "R",
                "wchan": "0",
                "stack": null
            },
            {
                "tid": 653439,
                "state": "S",
                "wchan": "futex_wait_queue",
                "stack": null
            },
            {
                "tid": 653440,
                "state": "S",
                "wchan": "wait_woken",
                "stack": null
            },
            {
                "tid": 653446,
                "state": "S",
                "wchan": "futex_wait_queue",
                "stack": null
            },
            {
                "tid": 653447,
                "state": "S",
                "wchan": "hrtimer_nanosleep",
                "stack": null
            }
        ],
        "threads_after": [
            {
                "tid": 653438,
                "state": "R",
                "wchan": "0",
                "stack": null
            },
            {
                "tid": 653439,
                "state": "S",
                "wchan": "futex_wait_queue",
                "stack": null
            },
            {
                "tid": 653440,
                "state": "S",
                "wchan": "wait_woken",
                "stack": null
            },
            {
                "tid": 653446,
                "state": "S",
                "wchan": "futex_wait_queue",
                "stack": null
            },
            {
                "tid": 653447,
                "state": "S",
                "wchan": "hrtimer_nanosleep",
                "stack": null
            }
        ]
    },
    "timestamp": 1775325699.9555085
}
{
    "idx_task": 147,
    "task_name": "cpu_intensive",
    "duration": 1.6533336639404297,
    "data": {
        "ppid": 653364,
        "voluntary_ctxt_switches": 21,
        "nonvoluntary_ctxt_switches": 12,
        "wchan": "Before: 0. After: 0",
        "delta_jiffies": 64,
        "delta_time": 1.3635467280109879,
        "cpu_load": 46.94,
        "memory_mib": 0.0,
        "threads_before": [
            {
                "tid": 653438,
                "state": "R",
                "wchan": "0",
                "stack": null
            },
            {
                "tid": 653439,
                "state": "S",
                "wchan": "futex_wait_queue",
                "stack": null
            },
            {
                "tid": 653440,
                "state": "S",
                "wchan": "wait_woken",
                "stack": null
            },
            {
                "tid": 653446,
                "state": "S",
                "wchan": "futex_wait_queue",
                "stack": null
            },
            {
                "tid": 653447,
                "state": "S",
                "wchan": "hrtimer_nanosleep",
                "stack": null
            }
        ],
        "threads_after": [
            {
                "tid": 653438,
                "state": "R",
                "wchan": "0",
                "stack": null
            },
            {
                "tid": 653439,
                "state": "S",
                "wchan": "futex_wait_queue",
                "stack": null
            },
            {
                "tid": 653440,
                "state": "S",
                "wchan": "wait_woken",
                "stack": null
            },
            {
                "tid": 653446,
                "state": "S",
                "wchan": "futex_wait_queue",
                "stack": null
            },
            {
                "tid": 653447,
                "state": "S",
                "wchan": "hrtimer_nanosleep",
                "stack": null
            }
        ]
    },
    "timestamp": 1775325701.8977754
}
{
    "idx_task": 151,
    "task_name": "cpu_intensive",
    "duration": 1.6165668964385986,
    "data": {
        "ppid": 653364,
        "voluntary_ctxt_switches": 21,
        "nonvoluntary_ctxt_switches": 1,
        "wchan": "Before: 0. After: 0",
        "delta_jiffies": 60,
        "delta_time": 1.2452429449767806,
        "cpu_load": 48.18,
        "memory_mib": 0.0,
        "threads_before": [
            {
                "tid": 653438,
                "state": "R",
                "wchan": "0",
                "stack": null
            },
            {
                "tid": 653439,
                "state": "S",
                "wchan": "futex_wait_queue",
                "stack": null
            },
            {
                "tid": 653440,
                "state": "S",
                "wchan": "wait_woken",
                "stack": null
            },
            {
                "tid": 653446,
                "state": "S",
                "wchan": "futex_wait_queue",
                "stack": null
            },
            {
                "tid": 653447,
                "state": "S",
                "wchan": "hrtimer_nanosleep",
                "stack": null
            }
        ],
        "threads_after": [
            {
                "tid": 653438,
                "state": "R",
                "wchan": "0",
                "stack": null
            },
            {
                "tid": 653439,
                "state": "S",
                "wchan": "futex_wait_queue",
                "stack": null
            },
            {
                "tid": 653440,
                "state": "S",
                "wchan": "wait_woken",
                "stack": null
            },
            {
                "tid": 653446,
                "state": "S",
                "wchan": "futex_wait_queue",
                "stack": null
            },
            {
                "tid": 653447,
                "state": "S",
                "wchan": "hrtimer_nanosleep",
                "stack": null
            }
        ]
    },
    "timestamp": 1775325703.8838115
}
{
    "idx_task": 155,
    "task_name": "cpu_intensive",
    "duration": 1.6244993209838867,
    "data": {
        "ppid": 653364,
        "voluntary_ctxt_switches": 19,
        "nonvoluntary_ctxt_switches": 2,
        "wchan": "Before: 0. After: 0",
        "delta_jiffies": 62,
        "delta_time": 1.209218191972468,
        "cpu_load": 51.27,
        "memory_mib": 0.0,
        "threads_before": [
            {
                "tid": 653438,
                "state": "R",
                "wchan": "0",
                "stack": null
            },
            {
                "tid": 653439,
                "state": "S",
                "wchan": "futex_wait_queue",
                "stack": null
            },
            {
                "tid": 653440,
                "state": "S",
                "wchan": "wait_woken",
                "stack": null
            },
            {
                "tid": 653446,
                "state": "S",
                "wchan": "futex_wait_queue",
                "stack": null
            },
            {
                "tid": 653447,
                "state": "S",
                "wchan": "hrtimer_nanosleep",
                "stack": null
            }
        ],
        "threads_after": [
            {
                "tid": 653438,
                "state": "R",
                "wchan": "0",
                "stack": null
            },
            {
                "tid": 653439,
                "state": "S",
                "wchan": "futex_wait_queue",
                "stack": null
            },
            {
                "tid": 653440,
                "state": "S",
                "wchan": "wait_woken",
                "stack": null
            },
            {
                "tid": 653446,
                "state": "S",
                "wchan": "futex_wait_queue",
                "stack": null
            },
            {
                "tid": 653447,
                "state": "S",
                "wchan": "hrtimer_nanosleep",
                "stack": null
            }
        ]
    },
    "timestamp": 1775325705.9225092
}
{
    "idx_task": 159,
    "task_name": "cpu_intensive",
    "duration": 1.6384012699127197,
    "data": {
        "ppid": 653364,
        "voluntary_ctxt_switches": 23,
        "nonvoluntary_ctxt_switches": 6,
        "wchan": "Before: 0. After: 0",
        "delta_jiffies": null,
        "delta_time": 1.229126927035395,
        "cpu_load": 0.0,
        "memory_mib": 0.0,
        "threads_before": [
            {
                "tid": 653438,
                "state": "R",
                "wchan": "0",
                "stack": null
            },
            {
                "tid": 653439,
                "state": "S",
                "wchan": "futex_wait_queue",
                "stack": null
            },
            {
                "tid": 653440,
                "state": "S",
                "wchan": "wait_woken",
                "stack": null
            },
            {
                "tid": 653446,
                "state": "S",
                "wchan": "futex_wait_queue",
                "stack": null
            },
            {
                "tid": 653447,
                "state": "S",
                "wchan": "hrtimer_nanosleep",
                "stack": null
            }
        ],
        "threads_after": [
            {
                "tid": 653438,
                "state": "R",
                "wchan": "0",
                "stack": null
            },
            {
                "tid": 653439,
                "state": "S",
                "wchan": "futex_wait_queue",
                "stack": null
            },
            {
                "tid": 653440,
                "state": "S",
                "wchan": "wait_woken",
                "stack": null
            },
            {
                "tid": 653446,
                "state": "S",
                "wchan": "futex_wait_queue",
                "stack": null
            },
            {
                "tid": 653447,
                "state": "S",
                "wchan": "hrtimer_nanosleep",
                "stack": null
            }
        ]
    },
    "timestamp": 1775325707.9691038
}
{
    "idx_task": 163,
    "task_name": "cpu_intensive",
    "duration": 1.6907124519348145,
    "data": {
        "ppid": 653364,
        "voluntary_ctxt_switches": 26,
        "nonvoluntary_ctxt_switches": 12,
        "wchan": "Before: 0. After: 0",
        "delta_jiffies": null,
        "delta_time": 1.3065618239925243,
        "cpu_load": 0.0,
        "memory_mib": 0.0,
        "threads_before": [
            {
                "tid": 653438,
                "state": "R",
                "wchan": "0",
                "stack": null
            },
            {
                "tid": 653439,
                "state": "S",
                "wchan": "futex_wait_queue",
                "stack": null
            },
            {
                "tid": 653440,
                "state": "S",
                "wchan": "wait_woken",
                "stack": null
            },
            {
                "tid": 653446,
                "state": "S",
                "wchan": "futex_wait_queue",
                "stack": null
            },
            {
                "tid": 653447,
                "state": "S",
                "wchan": "hrtimer_nanosleep",
                "stack": null
            }
        ],
        "threads_after": [
            {
                "tid": 653438,
                "state": "R",
                "wchan": "0",
                "stack": null
            },
            {
                "tid": 653439,
                "state": "S",
                "wchan": "futex_wait_queue",
                "stack": null
            },
            {
                "tid": 653440,
                "state": "S",
                "wchan": "wait_woken",
                "stack": null
            },
            {
                "tid": 653446,
                "state": "S",
                "wchan": "futex_wait_queue",
                "stack": null
            },
            {
                "tid": 653447,
                "state": "S",
                "wchan": "hrtimer_nanosleep",
                "stack": null
            }
        ]
    },
    "timestamp": 1775325710.0437043
}
{
    "idx_task": 167,
    "task_name": "cpu_intensive",
    "duration": 1.7892401218414307,
    "data": {
        "ppid": 653364,
        "voluntary_ctxt_switches": 31,
        "nonvoluntary_ctxt_switches": 10,
        "wchan": "Before: 0. After: 0",
        "delta_jiffies": null,
        "delta_time": 1.4587997249909677,
        "cpu_load": 0.0,
        "memory_mib": 0.0,
        "threads_before": [
            {
                "tid": 653438,
                "state": "R",
                "wchan": "0",
                "stack": null
            },
            {
                "tid": 653439,
                "state": "S",
                "wchan": "futex_wait_queue",
                "stack": null
            },
            {
                "tid": 653440,
                "state": "S",
                "wchan": "wait_woken",
                "stack": null
            },
            {
                "tid": 653446,
                "state": "S",
                "wchan": "futex_wait_queue",
                "stack": null
            },
            {
                "tid": 653447,
                "state": "S",
                "wchan": "hrtimer_nanosleep",
                "stack": null
            }
        ],
        "threads_after": [
            {
                "tid": 653438,
                "state": "R",
                "wchan": "0",
                "stack": null
            },
            {
                "tid": 653439,
                "state": "S",
                "wchan": "futex_wait_queue",
                "stack": null
            },
            {
                "tid": 653440,
                "state": "S",
                "wchan": "wait_woken",
                "stack": null
            },
            {
                "tid": 653446,
                "state": "S",
                "wchan": "futex_wait_queue",
                "stack": null
            },
            {
                "tid": 653447,
                "state": "S",
                "wchan": "hrtimer_nanosleep",
                "stack": null
            }
        ]
    },
    "timestamp": 1775325712.161923
}
{
    "idx_task": 171,
    "task_name": "cpu_intensive",
    "duration": 1.6752183437347412,
    "data": {
        "ppid": 653364,
        "voluntary_ctxt_switches": 20,
        "nonvoluntary_ctxt_switches": 11,
        "wchan": "Before: 0. After: 0",
        "delta_jiffies": 66,
        "delta_time": 1.429060850001406,
        "cpu_load": 46.18,
        "memory_mib": 0.0,
        "threads_before": [
            {
                "tid": 653438,
                "state": "R",
                "wchan": "0",
                "stack": null
            },
            {
                "tid": 653439,
                "state": "S",
                "wchan": "futex_wait_queue",
                "stack": null
            },
            {
                "tid": 653440,
                "state": "S",
                "wchan": "wait_woken",
                "stack": null
            },
            {
                "tid": 653446,
                "state": "S",
                "wchan": "futex_wait_queue",
                "stack": null
            },
            {
                "tid": 653447,
                "state": "S",
                "wchan": "hrtimer_nanosleep",
                "stack": null
            }
        ],
        "threads_after": [
            {
                "tid": 653438,
                "state": "R",
                "wchan": "0",
                "stack": null
            },
            {
                "tid": 653439,
                "state": "S",
                "wchan": "futex_wait_queue",
                "stack": null
            },
            {
                "tid": 653440,
                "state": "S",
                "wchan": "wait_woken",
                "stack": null
            },
            {
                "tid": 653446,
                "state": "S",
                "wchan": "futex_wait_queue",
                "stack": null
            },
            {
                "tid": 653447,
                "state": "S",
                "wchan": "hrtimer_nanosleep",
                "stack": null
            }
        ]
    },
    "timestamp": 1775325714.0820448
}
{
    "idx_task": 175,
    "task_name": "cpu_intensive",
    "duration": 1.6605720520019531,
    "data": {
        "ppid": 653364,
        "voluntary_ctxt_switches": 30,
        "nonvoluntary_ctxt_switches": 8,
        "wchan": "Before: 0. After: 0",
        "delta_jiffies": null,
        "delta_time": 1.3107862189935986,
        "cpu_load": 0.0,
        "memory_mib": 0.0,
        "threads_before": [
            {
                "tid": 653438,
                "state": "R",
                "wchan": "0",
                "stack": null
            },
            {
                "tid": 653439,
                "state": "S",
                "wchan": "futex_wait_queue",
                "stack": null
            },
            {
                "tid": 653440,
                "state": "S",
                "wchan": "wait_woken",
                "stack": null
            },
            {
                "tid": 653446,
                "state": "S",
                "wchan": "futex_wait_queue",
                "stack": null
            },
            {
                "tid": 653447,
                "state": "S",
                "wchan": "hrtimer_nanosleep",
                "stack": null
            }
        ],
        "threads_after": [
            {
                "tid": 653438,
                "state": "R",
                "wchan": "0",
                "stack": null
            },
            {
                "tid": 653439,
                "state": "S",
                "wchan": "futex_wait_queue",
                "stack": null
            },
            {
                "tid": 653440,
                "state": "S",
                "wchan": "wait_woken",
                "stack": null
            },
            {
                "tid": 653446,
                "state": "S",
                "wchan": "futex_wait_queue",
                "stack": null
            },
            {
                "tid": 653447,
                "state": "S",
                "wchan": "hrtimer_nanosleep",
                "stack": null
            }
        ]
    },
    "timestamp": 1775325716.0921776
}
{
    "idx_task": 179,
    "task_name": "cpu_intensive",
    "duration": 1.759523868560791,
    "data": {
        "ppid": 653364,
        "voluntary_ctxt_switches": 24,
        "nonvoluntary_ctxt_switches": 42,
        "wchan": "Before: 0. After: 0",
        "delta_jiffies": null,
        "delta_time": 1.4010356510407291,
        "cpu_load": 0.0,
        "memory_mib": 0.0,
        "threads_before": [
            {
                "tid": 653438,
                "state": "R",
                "wchan": "0",
                "stack": null
            },
            {
                "tid": 653439,
                "state": "S",
                "wchan": "futex_wait_queue",
                "stack": null
            },
            {
                "tid": 653440,
                "state": "S",
                "wchan": "wait_woken",
                "stack": null
            },
            {
                "tid": 653446,
                "state": "S",
                "wchan": "futex_wait_queue",
                "stack": null
            },
            {
                "tid": 653447,
                "state": "S",
                "wchan": "hrtimer_nanosleep",
                "stack": null
            }
        ],
        "threads_after": [
            {
                "tid": 653438,
                "state": "R",
                "wchan": "0",
                "stack": null
            },
            {
                "tid": 653439,
                "state": "S",
                "wchan": "futex_wait_queue",
                "stack": null
            },
            {
                "tid": 653440,
                "state": "S",
                "wchan": "wait_woken",
                "stack": null
            },
            {
                "tid": 653446,
                "state": "S",
                "wchan": "futex_wait_queue",
                "stack": null
            },
            {
                "tid": 653447,
                "state": "S",
                "wchan": "hrtimer_nanosleep",
                "stack": null
            }
        ]
    },
    "timestamp": 1775325718.210043
}
