{
    "idx_task": 422,
    "task_name": "cpu_intensive",
    "duration": 1.6673595905303955,
    "data": {
        "ppid": 653364,
        "voluntary_ctxt_switches": 21,
        "nonvoluntary_ctxt_switches": 15,
        "wchan": "Before: 0. After: 0",
        "delta_jiffies": null,
        "delta_time": null,
        "cpu_load": 0.0,
        "memory_mib": 0.01171875,
        "threads_before": [
            {
                "tid": 653798,
                "state": "R",
                "wchan": "0",
                "stack": null
            },
            {
                "tid": 653799,
                "state": "S",
                "wchan": "futex_wait_queue",
                "stack": null
            },
            {
                "tid": 653800,
                "state": "S",
                "wchan": "wait_woken",
                "stack": null
            },
            {
                "tid": 653808,
                "state": "S",
                "wchan": "hrtimer_nanosleep",
                "stack": null
            },
            {
                "tid": 653809,
                "state": "S",
                "wchan": "hrtimer_nanosleep",
                "stack": null
            }
        ],
        "threads_after": [
            {
                "tid": 653798,
                "state": "R",
                "wchan": "0",
                "stack": null
            },
            {
                "tid": 653799,
                "state": "S",
                "wchan": "futex_wait_queue",
                "stack": null
            },
            {
                "tid": 653800,
                "state": "S",
                "wchan": "wait_woken",
                "stack": null
            },
            {
                "tid": 653808,
                "state": "S",
                "wchan": "futex_wait_queue",
                "stack": null
            },
            {
                "tid": 653809,
                "state": "S",
                "wchan": "hrtimer_nanosleep",
                "stack": null
            }
        ]
    },
    "timestamp": 1775325841.884474
}
{
    "idx_task": 428,
    "task_name": "cpu_intensive",
    "duration": 1.6537494659423828,
    "data": {
        "ppid": 653364,
        "voluntary_ctxt_switches": 19,
        "nonvoluntary_ctxt_switches": 8,
        "wchan": "Before: 0. After: 0",
        "delta_jiffies": 65,
        "delta_time": 1.486882789991796,
        "cpu_load": 43.72,
        "memory_mib": 0.0,
        "threads_before": [
            {
                "tid": 653798,
                "state": "R",
                "wchan": "0",
                "stack": null
            },
            {
                "tid": 653799,
                "state": "S",
                "wchan": "futex_wait_queue",
                "stack": null
            },
            {
                "tid": 653800,
                "state": "S",
                "wchan": "wait_woken",
                "stack": null
            },
            {
                "tid": 653808,
                "state": "S",
                "wchan": "futex_wait_queue",
                "stack": null
            },
            {
                "tid": 653809,
                "state": "S",
                "wchan": "hrtimer_nanosleep",
                "stack": null
            }
        ],
        "threads_after": [
            {
                "tid": 653798,
                "state": "R",
                "wchan": "0",
                "stack": null
            },
            {
                "tid": 653799,
                "state": "S",
                "wchan": "futex_wait_queue",
                "stack": null
            },
            {
                "tid": 653800,
                "state": "S",
                "wchan": "wait_woken",
                "stack": null
            },
            {
                "tid": 653808,
                "state": "S",
                "wchan": "futex_wait_queue",
                "stack": null
            },
            {
                "tid": 653809,
                "state": "S",
                "wchan": "hrtimer_nanosleep",
                "stack": null
            }
        ]
    },
    "timestamp": 1775325843.7040446
}
{
    "idx_task": 432,
    "task_name": "cpu_intensive",
    "duration": 1.7075738906860352,
    "data": {
        "ppid": 653364,
        "voluntary_ctxt_switches": 28,
        "nonvoluntary_ctxt_switches": 17,
        "wchan": "Before: 0. After: 0",
        "delta_jiffies": null,
        "delta_time": 1.3378600780270062,
        "cpu_load": 0.0,
        "memory_mib": 0.0,
        "threads_before": [
            {
                "tid": 653798,
                "state": "R",
                "wchan": "0",
                "stack": null
            },
            {
                "tid": 653799,
                "state": "S",
                "wchan": "futex_wait_queue",
                "stack": null
            },
            {
                "tid": 653800,
                "state": "S",
                "wchan": "wait_woken",
                "stack": null
            },
            {
                "tid": 653808,
                "state": "S",
                "wchan": "futex_wait_queue",
                "stack": null
            },
            {
                "tid": 653809,
                "state": "S",
                "wchan": "hrtimer_nanosleep",
                "stack": null
            }
        ],
        "threads_after": [
            {
                "tid": 653798,
                "state": "R",
                "wchan": "0",
                "stack": null
            },
            {
                "tid": 653799,
                "state": "S",
                "wchan": "futex_wait_queue",
                "stack": null
            },
            {
                "tid": 653800,
                "state": "S",
                "wchan": "wait_woken",
                "stack": null
            },
            {
                "tid": 653808,
                "state": "S",
                "wchan": "futex_wait_queue",
                "stack": null
            },
            {
                "tid": 653809,
                "state": "S",
                "wchan": "hrtimer_nanosleep",
                "stack": null
            }
        ]
    },
    "timestamp": 1775325845.7813418
}
{
    "idx_task": 436,
    "task_name": "cpu_intensive",
    "duration": 1.6410744190216064,
    "data": {
        "ppid": 653364,
        "voluntary_ctxt_switches": 26,
        "nonvoluntary_ctxt_switches": 7,
        "wchan": "Before: 0. After: 0",
        "delta_jiffies": null,
        "delta_time": 1.3221119770314544,
        "cpu_load": 0.0,
        "memory_mib": 0.0,
        "threads_before": [
            {
                "tid": 653798,
                "state": "R",
                "wchan": "0",
                "stack": null
            },
            {
                "tid": 653799,
                "state": "S",
                "wchan": "futex_wait_queue",
                "stack": null
            },
            {
                "tid": 653800,
                "state": "S",
                "wchan": "wait_woken",
                "stack": null
            },
            {
                "tid": 653808,
                "state": "S",
                "wchan": "futex_wait_queue",
                "stack": null
            },
            {
                "tid": 653809,
                "state": "S",
                "wchan": "hrtimer_nanosleep",
                "stack": null
            }
        ],
        "threads_after": [
            {
                "tid": 653798,
                "state": "R",
                "wchan": "0",
                "stack": null
            },
            {
                "tid": 653799,
                "state": "S",
                "wchan": "futex_wait_queue",
                "stack": null
            },
            {
                "tid": 653800,
                "state": "S",
                "wchan": "wait_woken",
                "stack": null
            },
            {
                "tid": 653808,
                "state": "S",
                "wchan": "futex_wait_queue",
                "stack": null
            },
            {
                "tid": 653809,
                "state": "S",
                "wchan": "hrtimer_nanosleep",
                "stack": null
            }
        ]
    },
    "timestamp": 1775325847.7407262
}
{
    "idx_task": 440,
    "task_name": "cpu_intensive",
    "duration": 1.6381704807281494,
    "data": {
        "ppid": 653364,
        "voluntary_ctxt_switches": 20,
        "nonvoluntary_ctxt_switches": 2,
        "wchan": "Before: 0. After: 0",
        "delta_jiffies": 64,
        "delta_time": 1.2579687920224387,
        "cpu_load": 50.88,
        "memory_mib": 0.00390625,
        "threads_before": [
            {
                "tid": 653798,
                "state": "R",
                "wchan": "0",
                "stack": null
            },
            {
                "tid": 653799,
                "state": "S",
                "wchan": "futex_wait_queue",
                "stack": null
            },
            {
                "tid": 653800,
                "state": "S",
                "wchan": "wait_woken",
                "stack": null
            },
            {
                "tid": 653808,
                "state": "S",
                "wchan": "futex_wait_queue",
                "stack": null
            },
            {
                "tid": 653809,
                "state": "S",
                "wchan": "hrtimer_nanosleep",
                "stack": null
            }
        ],
        "threads_after": [
            {
                "tid": 653798,
                "state": "R",
                "wchan": "0",
                "stack": null
            },
            {
                "tid": 653799,
                "state": "S",
                "wchan": "futex_wait_queue",
                "stack": null
            },
            {
                "tid": 653800,
                "state": "S",
                "wchan": "wait_woken",
                "stack": null
            },
            {
                "tid": 653808,
                "state": "S",
                "wchan": "futex_wait_queue",
                "stack": null
            },
            {
                "tid": 653809,
                "state": "S",
                "wchan": "hrtimer_nanosleep",
                "stack": null
            }
        ]
    },
    "timestamp": 1775325849.757351
}
{
    "idx_task": 444,
    "task_name": "cpu_intensive",
    "duration": 1.681879997253418,
    "data": {
        "ppid": 653364,
        "voluntary_ctxt_switches": 23,
        "nonvoluntary_ctxt_switches": 34,
        "wchan": "Before: 0. After: 0",
        "delta_jiffies": null,
        "delta_time": 1.2973174689686857,
        "cpu_load": 0.0,
        "memory_mib": 0.0,
        "threads_before": [
            {
                "tid": 653798,
                "state": "R",
                "wchan": "0",
                "stack": null
            },
            {
                "tid": 653799,
                "state": "S",
                "wchan": "futex_wait_queue",
                "stack": null
            },
            {
                "tid": 653800,
                "state": "S",
                "wchan": "wait_woken",
                "stack": null
            },
            {
                "tid": 653808,
                "state": "S",
                "wchan": "futex_wait_queue",
                "stack": null
            },
            {
                "tid": 653809,
                "state": "S",
                "wchan": "hrtimer_nanosleep",
                "stack": null
            }
        ],
        "threads_after": [
            {
                "tid": 653798,
                "state": "R",
                "wchan": "0",
                "stack": null
            },
            {
                "tid": 653799,
                "state": "S",
                "wchan": "futex_wait_queue",
                "stack": null
            },
            {
                "tid": 653800,
                "state": "S",
                "wchan": "wait_woken",
                "stack": null
            },
            {
                "tid": 653808,
                "state": "S",
                "wchan": "futex_wait_queue",
                "stack": null
            },
            {
                "tid": 653809,
                "state": "S",
                "wchan": "hrtimer_nanosleep",
                "stack": null
            }
        ]
    },
    "timestamp": 1775325851.8237233
}
{
    "idx_task": 448,
    "task_name": "cpu_intensive",
    "duration": 1.6365139484405518,
    "data": {
        "ppid": 653364,
        "voluntary_ctxt_switches": 23,
        "nonvoluntary_ctxt_switches": 44,
        "wchan": "Before: 0. After: 0",
        "delta_jiffies": null,
        "delta_time": 1.2847880409972277,
        "cpu_load": 0.0,
        "memory_mib": 0.0,
        "threads_before": [
            {
                "tid": 653798,
                "state": "R",
                "wchan": "0",
                "stack": null
            },
            {
                "tid": 653799,
                "state": "S",
                "wchan": "futex_wait_queue",
                "stack": null
            },
            {
                "tid": 653800,
                "state": "S",
                "wchan": "wait_woken",
                "stack": null
            },
            {
                "tid": 653808,
                "state": "S",
                "wchan": "futex_wait_queue",
                "stack": null
            },
            {
                "tid": 653809,
                "state": "S",
                "wchan": "hrtimer_nanosleep",
                "stack": null
            }
        ],
        "threads_after": [
            {
                "tid": 653798,
                "state": "R",
                "wchan": "0",
                "stack": null
            },
            {
                "tid": 653799,
                "state": "S",
                "wchan": "futex_wait_queue",
                "stack": null
            },
            {
                "tid": 653800,
                "state": "S",
                "wchan": "wait_woken",
                "stack": null
            },
            {
                "tid": 653808,
                "state": "S",
                "wchan": "futex_wait_queue",
                "stack": null
            },
            {
                "tid": 653809,
                "state": "S",
                "wchan": "hrtimer_nanosleep",
                "stack": null
            }
        ]
    },
    "timestamp": 1775325853.8114872
}
{
    "idx_task": 452,
    "task_name": "cpu_intensive",
    "duration": 1.6073715686798096,
    "data": {
        "ppid": 653364,
        "voluntary_ctxt_switches": 20,
        "nonvoluntary_ctxt_switches": 13,
        "wchan": "Before: 0. After: 0",
        "delta_jiffies": 60,
        "delta_time": 1.2208578549907543,
        "cpu_load": 49.15,
        "memory_mib": 0.0,
        "threads_before": [
            {
                "tid": 653798,
                "state": "R",
                "wchan": "0",
                "stack": null
            },
            {
                "tid": 653799,
                "state": "S",
                "wchan": "futex_wait_queue",
                "stack": null
            },
            {
                "tid": 653800,
                "state": "S",
                "wchan": "wait_woken",
                "stack": null
            },
            {
                "tid": 653808,
                "state": "S",
                "wchan": "futex_wait_queue",
                "stack": null
            },
            {
                "tid": 653809,
                "state": "S",
                "wchan": "hrtimer_nanosleep",
                "stack": null
            }
        ],
        "threads_after": [
            {
                "tid": 653798,
                "state": "R",
                "wchan": "0",
                "stack": null
            },
            {
                "tid": 653799,
                "state": "S",
                "wchan": "futex_wait_queue",
                "stack": null
            },
            {
                "tid": 653800,
                "state": "S",
                "wchan": "wait_woken",
                "stack": null
            },
            {
                "tid": 653808,
                "state": "S",
                "wchan": "futex_wait_queue",
                "stack": null
            },
            {
                "tid": 653809,
                "state": "S",
                "wchan": "hrtimer_nanosleep",
                "stack": null
            }
        ]
    },
    "timestamp": 1775325855.8039289
}
{
    "idx_task": 456,
    "task_name": "cpu_intensive",
    "duration": 1.6707665920257568,
    "data": {
        "ppid": 653364,
        "voluntary_ctxt_switches": 18,
        "nonvoluntary_ctxt_switches": 48,
        "wchan": "Before: 0. After: 0",
        "delta_jiffies": null,
        "delta_time": 1.246716463996563,
        "cpu_load": 0.0,
        "memory_mib": 0.0,
        "threads_before": [
            {
                "tid": 653798,
                "state": "R",
                "wchan": "0",
                "stack": null
            },
            {
                "tid": 653799,
                "state": "S",
                "wchan": "futex_wait_queue",
                "stack": null
            },
            {
                "tid": 653800,
                "state": "S",
                "wchan": "wait_woken",
                "stack": null
            },
            {
                "tid": 653808,
                "state": "S",
                "wchan": "futex_wait_queue",
                "stack": null
            },
            {
                "tid": 653809,
                "state": "S",
                "wchan": "hrtimer_nanosleep",
                "stack": null
            }
        ],
        "threads_after": [
            {
                "tid": 653798,
                "state": "R",
                "wchan": "0",
                "stack": null
            },
            {
                "tid": 653799,
                "state": "S",
                "wchan": "futex_wait_queue",
                "stack": null
            },
            {
                "tid": 653800,
                "state": "S",
                "wchan": "wait_woken",
                "stack": null
            },
            {
                "tid": 653808,
                "state": "S",
                "wchan": "futex_wait_queue",
                "stack": null
            },
            {
                "tid": 653809,
                "state": "S",
                "wchan": "hrtimer_nanosleep",
                "stack": null
            }
        ]
    },
    "timestamp": 1775325857.897717
}
{
    "idx_task": 460,
    "task_name": "cpu_intensive",
    "duration": 1.6144254207611084,
    "data": {
        "ppid": 653364,
        "voluntary_ctxt_switches": 17,
        "nonvoluntary_ctxt_switches": 2,
        "wchan": "Before: 0. After: 0",
        "delta_jiffies": 61,
        "delta_time": 1.2600113420048729,
        "cpu_load": 48.41,
        "memory_mib": 0.0,
        "threads_before": [
            {
                "tid": 653798,
                "state": "R",
                "wchan": "0",
                "stack": null
            },
            {
                "tid": 653799,
                "state": "S",
                "wchan": "futex_wait_queue",
                "stack": null
            },
            {
                "tid": 653800,
                "state": "S",
                "wchan": "wait_woken",
                "stack": null
            },
            {
                "tid": 653808,
                "state": "S",
                "wchan": "futex_wait_queue",
                "stack": null
            },
            {
                "tid": 653809,
                "state": "S",
                "wchan": "hrtimer_nanosleep",
                "stack": null
            }
        ],
        "threads_after": [
            {
                "tid": 653798,
                "state": "R",
                "wchan": "0",
                "stack": null
            },
            {
                "tid": 653799,
                "state": "S",
                "wchan": "futex_wait_queue",
                "stack": null
            },
            {
                "tid": 653800,
                "state": "S",
                "wchan": "wait_woken",
                "stack": null
            },
            {
                "tid": 653808,
                "state": "S",
                "wchan": "futex_wait_queue",
                "stack": null
            },
            {
                "tid": 653809,
                "state": "S",
                "wchan": "hrtimer_nanosleep",
                "stack": null
            }
        ]
    },
    "timestamp": 1775325859.8648357
}
{
    "idx_task": 464,
    "task_name": "cpu_intensive",
    "duration": 1.6319024562835693,
    "data": {
        "ppid": 653364,
        "voluntary_ctxt_switches": 24,
        "nonvoluntary_ctxt_switches": 55,
        "wchan": "Before: 0. After: 0",
        "delta_jiffies": null,
        "delta_time": 1.224297907028813,
        "cpu_load": 0.0,
        "memory_mib": 0.0,
        "threads_before": [
            {
                "tid": 653798,
                "state": "R",
                "wchan": "0",
                "stack": null
            },
            {
                "tid": 653799,
                "state": "S",
                "wchan": "futex_wait_queue",
                "stack": null
            },
            {
                "tid": 653800,
                "state": "S",
                "wchan": "wait_woken",
                "stack": null
            },
            {
                "tid": 653808,
                "state": "S",
                "wchan": "futex_wait_queue",
                "stack": null
            },
            {
                "tid": 653809,
                "state": "S",
                "wchan": "hrtimer_nanosleep",
                "stack": null
            }
        ],
        "threads_after": [
            {
                "tid": 653798,
                "state": "R",
                "wchan": "0",
                "stack": null
            },
            {
                "tid": 653799,
                "state": "S",
                "wchan": "futex_wait_queue",
                "stack": null
            },
            {
                "tid": 653800,
                "state": "S",
                "wchan": "wait_woken",
                "stack": null
            },
            {
                "tid": 653808,
                "state": "S",
                "wchan": "futex_wait_queue",
                "stack": null
            },
            {
                "tid": 653809,
                "state": "S",
                "wchan": "hrtimer_nanosleep",
                "stack": null
            }
        ]
    },
    "timestamp": 1775325861.9020593
}
{
    "idx_task": 468,
    "task_name": "cpu_intensive",
    "duration": 1.6480722427368164,
    "data": {
        "ppid": 653364,
        "voluntary_ctxt_switches": 21,
        "nonvoluntary_ctxt_switches": 3,
        "wchan": "Before: 0. After: 0",
        "delta_jiffies": null,
        "delta_time": 1.2466827419702895,
        "cpu_load": 0.0,
        "memory_mib": 0.0,
        "threads_before": [
            {
                "tid": 653798,
                "state": "R",
                "wchan": "0",
                "stack": null
            },
            {
                "tid": 653799,
                "state": "S",
                "wchan": "futex_wait_queue",
                "stack": null
            },
            {
                "tid": 653800,
                "state": "S",
                "wchan": "wait_woken",
                "stack": null
            },
            {
                "tid": 653808,
                "state": "S",
                "wchan": "futex_wait_queue",
                "stack": null
            },
            {
                "tid": 653809,
                "state": "S",
                "wchan": "hrtimer_nanosleep",
                "stack": null
            }
        ],
        "threads_after": [
            {
                "tid": 653798,
                "state": "R",
                "wchan": "0",
                "stack": null
            },
            {
                "tid": 653799,
                "state": "S",
                "wchan": "futex_wait_queue",
                "stack": null
            },
            {
                "tid": 653800,
                "state": "S",
                "wchan": "wait_woken",
                "stack": null
            },
            {
                "tid": 653808,
                "state": "S",
                "wchan": "futex_wait_queue",
                "stack": null
            },
            {
                "tid": 653809,
                "state": "S",
                "wchan": "hrtimer_nanosleep",
                "stack": null
            }
        ]
    },
    "timestamp": 1775325863.9495578
}
{
    "idx_task": 472,
    "task_name": "cpu_intensive",
    "duration": 1.975484848022461,
    "data": {
        "ppid": 653364,
        "voluntary_ctxt_switches": 34,
        "nonvoluntary_ctxt_switches": 34,
        "wchan": "Before: 0. After: 0",
        "delta_jiffies": 96,
        "delta_time": 1.6027785820188,
        "cpu_load": 59.9,
        "memory_mib": 0.0,
        "threads_before": [
            {
                "tid": 653798,
                "state": "R",
                "wchan": "0",
                "stack": null
            },
            {
                "tid": 653799,
                "state": "S",
                "wchan": "futex_wait_queue",
                "stack": null
            },
            {
                "tid": 653800,
                "state": "S",
                "wchan": "wait_woken",
                "stack": null
            },
            {
                "tid": 653808,
                "state": "S",
                "wchan": "futex_wait_queue",
                "stack": null
            },
            {
                "tid": 653809,
                "state": "S",
                "wchan": "hrtimer_nanosleep",
                "stack": null
            }
        ],
        "threads_after": [
            {
                "tid": 653798,
                "state": "R",
                "wchan": "0",
                "stack": null
            },
            {
                "tid": 653799,
                "state": "S",
                "wchan": "futex_wait_queue",
                "stack": null
            },
            {
                "tid": 653800,
                "state": "S",
                "wchan": "wait_woken",
                "stack": null
            },
            {
                "tid": 653808,
                "state": "S",
                "wchan": "futex_wait_queue",
                "stack": null
            },
            {
                "tid": 653809,
                "state": "S",
                "wchan": "hrtimer_nanosleep",
                "stack": null
            }
        ]
    },
    "timestamp": 1775325866.2964985
}
{
    "idx_task": 476,
    "task_name": "cpu_intensive",
    "duration": 1.6789696216583252,
    "data": {
        "ppid": 653364,
        "voluntary_ctxt_switches": 18,
        "nonvoluntary_ctxt_switches": 29,
        "wchan": "Before: 0. After: 0",
        "delta_jiffies": 67,
        "delta_time": 1.6327151280420367,
        "cpu_load": 41.04,
        "memory_mib": 0.00390625,
        "threads_before": [
            {
                "tid": 653798,
                "state": "R",
                "wchan": "0",
                "stack": null
            },
            {
                "tid": 653799,
                "state": "S",
                "wchan": "futex_wait_queue",
                "stack": null
            },
            {
                "tid": 653800,
                "state": "S",
                "wchan": "wait_woken",
                "stack": null
            },
            {
                "tid": 653808,
                "state": "S",
                "wchan": "futex_wait_queue",
                "stack": null
            },
            {
                "tid": 653809,
                "state": "S",
                "wchan": "hrtimer_nanosleep",
                "stack": null
            }
        ],
        "threads_after": [
            {
                "tid": 653798,
                "state": "R",
                "wchan": "0",
                "stack": null
            },
            {
                "tid": 653799,
                "state": "S",
                "wchan": "futex_wait_queue",
                "stack": null
            },
            {
                "tid": 653800,
                "state": "S",
                "wchan": "wait_woken",
                "stack": null
            },
            {
                "tid": 653808,
                "state": "S",
                "wchan": "futex_wait_queue",
                "stack": null
            },
            {
                "tid": 653809,
                "state": "S",
                "wchan": "hrtimer_nanosleep",
                "stack": null
            }
        ]
    },
    "timestamp": 1775325868.020611
}
{
    "idx_task": 480,
    "task_name": "cpu_intensive",
    "duration": 1.6313517093658447,
    "data": {
        "ppid": 653364,
        "voluntary_ctxt_switches": 21,
        "nonvoluntary_ctxt_switches": 3,
        "wchan": "Before: 0. After: 0",
        "delta_jiffies": null,
        "delta_time": 1.2764456740114838,
        "cpu_load": 0.0,
        "memory_mib": 0.0,
        "threads_before": [
            {
                "tid": 653798,
                "state": "R",
                "wchan": "0",
                "stack": null
            },
            {
                "tid": 653799,
                "state": "S",
                "wchan": "futex_wait_queue",
                "stack": null
            },
            {
                "tid": 653800,
                "state": "S",
                "wchan": "wait_woken",
                "stack": null
            },
            {
                "tid": 653808,
                "state": "S",
                "wchan": "futex_wait_queue",
                "stack": null
            },
            {
                "tid": 653809,
                "state": "S",
                "wchan": "hrtimer_nanosleep",
                "stack": null
            }
        ],
        "threads_after": [
            {
                "tid": 653798,
                "state": "R",
                "wchan": "0",
                "stack": null
            },
            {
                "tid": 653799,
                "state": "S",
                "wchan": "futex_wait_queue",
                "stack": null
            },
            {
                "tid": 653800,
                "state": "S",
                "wchan": "wait_woken",
                "stack": null
            },
            {
                "tid": 653808,
                "state": "S",
                "wchan": "futex_wait_queue",
                "stack": null
            },
            {
                "tid": 653809,
                "state": "S",
                "wchan": "hrtimer_nanosleep",
                "stack": null
            }
        ]
    },
    "timestamp": 1775325870.006617
}
