{
    "idx_task": 123,
    "task_name": "cpu_intensive",
    "duration": 1.6626343727111816,
    "data": {
        "ppid": 653364,
        "voluntary_ctxt_switches": 22,
        "nonvoluntary_ctxt_switches": 20,
        "wchan": "Before: 0. After: 0",
        "delta_jiffies": null,
        "delta_time": null,
        "cpu_load": 0.0,
        "memory_mib": 0.01171875,
        "threads_before": [
            {
                "tid": 653526,
                "state": "R",
                "wchan": "0",
                "stack": null
            },
            {
                "tid": 653527,
                "state": "S",
                "wchan": "futex_wait_queue",
                "stack": null
            },
            {
                "tid": 653528,
                "state": "S",
                "wchan": "wait_woken",
                "stack": null
            },
            {
                "tid": 653534,
                "state": "S",
                "wchan": "hrtimer_nanosleep",
                "stack": null
            },
            {
                "tid": 653535,
                "state": "S",
                "wchan": "hrtimer_nanosleep",
                "stack": null
            }
        ],
        "threads_after": [
            {
                "tid": 653526,
                "state": "R",
                "wchan": "0",
                "stack": null
            },
            {
                "tid": 653527,
                "state": "S",
                "wchan": "futex_wait_queue",
                "stack": null
            },
            {
                "tid": 653528,
                "state": "S",
                "wchan": "wait_woken",
                "stack": null
            },
            {
                "tid": 653534,
                "state": "S",
                "wchan": "futex_wait_queue",
                "stack": null
            },
            {
                "tid": 653535,
                "state": "S",
                "wchan": "hrtimer_nanosleep",
                "stack": null
            }
        ]
    },
    "timestamp": 1775325689.9551861
}
{
    "idx_task": 125,
    "task_name": "cpu_intensive",
    "duration": 1.615433692932129,
    "data": {
        "ppid": 653364,
        "voluntary_ctxt_switches": 16,
        "nonvoluntary_ctxt_switches": 8,
        "wchan": "Before: 0. After: 0",
        "delta_jiffies": null,
        "delta_time": 1.4719529360008892,
        "cpu_load": 0.0,
        "memory_mib": 0.0,
        "threads_before": [
            {
                "tid": 653526,
                "state": "R",
                "wchan": "0",
                "stack": null
            },
            {
                "tid": 653527,
                "state": "S",
                "wchan": "futex_wait_queue",
                "stack": null
            },
            {
                "tid": 653528,
                "state": "S",
                "wchan": "wait_woken",
                "stack": null
            },
            {
                "tid": 653534,
                "state": "S",
                "wchan": "futex_wait_queue",
                "stack": null
            },
            {
                "tid": 653535,
                "state": "S",
                "wchan": "hrtimer_nanosleep",
                "stack": null
            }
        ],
        "threads_after": [
            {
                "tid": 653526,
                "state": "R",
                "wchan": "0",
                "stack": null
            },
            {
                "tid": 653527,
                "state": "S",
                "wchan": "futex_wait_queue",
                "stack": null
            },
            {
                "tid": 653528,
                "state": "S",
                "wchan": "wait_woken",
                "stack": null
            },
            {
                "tid": 653534,
                "state": "S",
                "wchan": "futex_wait_queue",
                "stack": null
            },
            {
                "tid": 653535,
                "state": "S",
                "wchan": "hrtimer_nanosleep",
                "stack": null
            }
        ]
    },
    "timestamp": 1775325691.7138658
}
{
    "idx_task": 129,
    "task_name": "cpu_intensive",
    "duration": 1.645310878753662,
    "data": {
        "ppid": 653364,
        "voluntary_ctxt_switches": 17,
        "nonvoluntary_ctxt_switches": 22,
        "wchan": "Before: 0. After: 0",
        "delta_jiffies": null,
        "delta_time": 1.2334823360142764,
        "cpu_load": 0.0,
        "memory_mib": 0.0,
        "threads_before": [
            {
                "tid": 653526,
                "state": "R",
                "wchan": "0",
                "stack": null
            },
            {
                "tid": 653527,
                "state": "S",
                "wchan": "futex_wait_queue",
                "stack": null
            },
            {
                "tid": 653528,
                "state": "S",
                "wchan": "wait_woken",
                "stack": null
            },
            {
                "tid": 653534,
                "state": "S",
                "wchan": "futex_wait_queue",
                "stack": null
            },
            {
                "tid": 653535,
                "state": "S",
                "wchan": "hrtimer_nanosleep",
                "stack": null
            }
        ],
        "threads_after": [
            {
                "tid": 653526,
                "state": "R",
                "wchan": "0",
                "stack": null
            },
            {
                "tid": 653527,
                "state": "S",
                "wchan": "futex_wait_queue",
                "stack": null
            },
            {
                "tid": 653528,
                "state": "S",
                "wchan": "wait_woken",
                "stack": null
            },
            {
                "tid": 653534,
                "state": "S",
                "wchan": "futex_wait_queue",
                "stack": null
            },
            {
                "tid": 653535,
                "state": "S",
                "wchan": "hrtimer_nanosleep",
                "stack": null
            }
        ]
    },
    "timestamp": 1775325693.7698994
}
{
    "idx_task": 133,
    "task_name": "cpu_intensive",
    "duration": 1.6459150314331055,
    "data": {
        "ppid": 653364,
        "voluntary_ctxt_switches": 15,
        "nonvoluntary_ctxt_switches": 2,
        "wchan": "Before: 0. After: 0",
        "delta_jiffies": 64,
        "delta_time": 1.2687558780307882,
        "cpu_load": 50.44,
        "memory_mib": 0.00390625,
        "threads_before": [
            {
                "tid": 653526,
                "state": "R",
                "wchan": "0",
                "stack": null
            },
            {
                "tid": 653527,
                "state": "S",
                "wchan": "futex_wait_queue",
                "stack": null
            },
            {
                "tid": 653528,
                "state": "S",
                "wchan": "wait_woken",
                "stack": null
            },
            {
                "tid": 653534,
                "state": "S",
                "wchan": "futex_wait_queue",
                "stack": null
            },
            {
                "tid": 653535,
                "state": "S",
                "wchan": "hrtimer_nanosleep",
                "stack": null
            }
        ],
        "threads_after": [
            {
                "tid": 653526,
                "state": "R",
                "wchan": "0",
                "stack": null
            },
            {
                "tid": 653527,
                "state": "S",
                "wchan": "futex_wait_queue",
                "stack": null
            },
            {
                "tid": 653528,
                "state": "S",
                "wchan": "wait_woken",
                "stack": null
            },
            {
                "tid": 653534,
                "state": "S",
                "wchan": "futex_wait_queue",
                "stack": null
            },
            {
                "tid": 653535,
                "state": "S",
                "wchan": "hrtimer_nanosleep",
                "stack": null
            }
        ]
    },
    "timestamp": 1775325695.7921684
}
{
    "idx_task": 137,
    "task_name": "cpu_intensive",
    "duration": 1.6278865337371826,
    "data": {
        "ppid": 653364,
        "voluntary_ctxt_switches": 19,
        "nonvoluntary_ctxt_switches": 3,
        "wchan": "Before: 0. After: 0",
        "delta_jiffies": null,
        "delta_time": 1.2404605399933644,
        "cpu_load": 0.0,
        "memory_mib": 0.0,
        "threads_before": [
            {
                "tid": 653526,
                "state": "R",
                "wchan": "0",
                "stack": null
            },
            {
                "tid": 653527,
                "state": "S",
                "wchan": "futex_wait_queue",
                "stack": null
            },
            {
                "tid": 653528,
                "state": "S",
                "wchan": "wait_woken",
                "stack": null
            },
            {
                "tid": 653534,
                "state": "S",
                "wchan": "futex_wait_queue",
                "stack": null
            },
            {
                "tid": 653535,
                "state": "S",
                "wchan": "hrtimer_nanosleep",
                "stack": null
            }
        ],
        "threads_after": [
            {
                "tid": 653526,
                "state": "R",
                "wchan": "0",
                "stack": null
            },
            {
                "tid": 653527,
                "state": "S",
                "wchan": "futex_wait_queue",
                "stack": null
            },
            {
                "tid": 653528,
                "state": "S",
                "wchan": "wait_woken",
                "stack": null
            },
            {
                "tid": 653534,
                "state": "S",
                "wchan": "futex_wait_queue",
                "stack": null
            },
            {
                "tid": 653535,
                "state": "S",
                "wchan": "hrtimer_nanosleep",
                "stack": null
            }
        ]
    },
    "timestamp": 1775325697.8075054
}
{
    "idx_task": 141,
    "task_name": "cpu_intensive",
    "duration": 1.7133898735046387,
    "data": {
        "ppid": 653364,
        "voluntary_ctxt_switches": 23,
        "nonvoluntary_ctxt_switches": 9,
        "wchan": "Before: 0. After: 0",
        "delta_jiffies": 70,
        "delta_time": 1.3080800879979506,
        "cpu_load": 53.51,
        "memory_mib": 0.0,
        "threads_before": [
            {
                "tid": 653526,
                "state": "R",
                "wchan": "0",
                "stack": null
            },
            {
                "tid": 653527,
                "state": "S",
                "wchan": "futex_wait_queue",
                "stack": null
            },
            {
                "tid": 653528,
                "state": "S",
                "wchan": "wait_woken",
                "stack": null
            },
            {
                "tid": 653534,
                "state": "S",
                "wchan": "futex_wait_queue",
                "stack": null
            },
            {
                "tid": 653535,
                "state": "S",
                "wchan": "hrtimer_nanosleep",
                "stack": null
            }
        ],
        "threads_after": [
            {
                "tid": 653526,
                "state": "R",
                "wchan": "0",
                "stack": null
            },
            {
                "tid": 653527,
                "state": "S",
                "wchan": "futex_wait_queue",
                "stack": null
            },
            {
                "tid": 653528,
                "state": "S",
                "wchan": "wait_woken",
                "stack": null
            },
            {
                "tid": 653534,
                "state": "S",
                "wchan": "futex_wait_queue",
                "stack": null
            },
            {
                "tid": 653535,
                "state": "S",
                "wchan": "hrtimer_nanosleep",
                "stack": null
            }
        ]
    },
    "timestamp": 1775325699.926816
}
{
    "idx_task": 145,
    "task_name": "cpu_intensive",
    "duration": 1.6291303634643555,
    "data": {
        "ppid": 653364,
        "voluntary_ctxt_switches": 16,
        "nonvoluntary_ctxt_switches": 2,
        "wchan": "Before: 0. After: 0",
        "delta_jiffies": 62,
        "delta_time": 1.3200416339968797,
        "cpu_load": 46.97,
        "memory_mib": 0.0,
        "threads_before": [
            {
                "tid": 653526,
                "state": "R",
                "wchan": "0",
                "stack": null
            },
            {
                "tid": 653527,
                "state": "S",
                "wchan": "futex_wait_queue",
                "stack": null
            },
            {
                "tid": 653528,
                "state": "S",
                "wchan": "wait_woken",
                "stack": null
            },
            {
                "tid": 653534,
                "state": "S",
                "wchan": "futex_wait_queue",
                "stack": null
            },
            {
                "tid": 653535,
                "state": "S",
                "wchan": "hrtimer_nanosleep",
                "stack": null
            }
        ],
        "threads_after": [
            {
                "tid": 653526,
                "state": "R",
                "wchan": "0",
                "stack": null
            },
            {
                "tid": 653527,
                "state": "S",
                "wchan": "futex_wait_queue",
                "stack": null
            },
            {
                "tid": 653528,
                "state": "S",
                "wchan": "wait_woken",
                "stack": null
            },
            {
                "tid": 653534,
                "state": "S",
                "wchan": "futex_wait_queue",
                "stack": null
            },
            {
                "tid": 653535,
                "state": "S",
                "wchan": "hrtimer_nanosleep",
                "stack": null
            }
        ]
    },
    "timestamp": 1775325701.864987
}
{
    "idx_task": 149,
    "task_name": "cpu_intensive",
    "duration": 1.62135648727417,
    "data": {
        "ppid": 653364,
        "voluntary_ctxt_switches": 13,
        "nonvoluntary_ctxt_switches": 2,
        "wchan": "Before: 0. After: 0",
        "delta_jiffies": null,
        "delta_time": 1.2298816699767485,
        "cpu_load": 0.0,
        "memory_mib": 0.0,
        "threads_before": [
            {
                "tid": 653526,
                "state": "R",
                "wchan": "0",
                "stack": null
            },
            {
                "tid": 653527,
                "state": "S",
                "wchan": "futex_wait_queue",
                "stack": null
            },
            {
                "tid": 653528,
                "state": "S",
                "wchan": "wait_woken",
                "stack": null
            },
            {
                "tid": 653534,
                "state": "S",
                "wchan": "futex_wait_queue",
                "stack": null
            },
            {
                "tid": 653535,
                "state": "S",
                "wchan": "hrtimer_nanosleep",
                "stack": null
            }
        ],
        "threads_after": [
            {
                "tid": 653526,
                "state": "R",
                "wchan": "0",
                "stack": null
            },
            {
                "tid": 653527,
                "state": "S",
                "wchan": "futex_wait_queue",
                "stack": null
            },
            {
                "tid": 653528,
                "state": "S",
                "wchan": "wait_woken",
                "stack": null
            },
            {
                "tid": 653534,
                "state": "S",
                "wchan": "futex_wait_queue",
                "stack": null
            },
            {
                "tid": 653535,
                "state": "S",
                "wchan": "hrtimer_nanosleep",
                "stack": null
            }
        ]
    },
    "timestamp": 1775325703.8774757
}
{
    "idx_task": 153,
    "task_name": "cpu_intensive",
    "duration": 1.6306064128875732,
    "data": {
        "ppid": 653364,
        "voluntary_ctxt_switches": 21,
        "nonvoluntary_ctxt_switches": 31,
        "wchan": "Before: 0. After: 0",
        "delta_jiffies": null,
        "delta_time": 1.2176486260141246,
        "cpu_load": 0.0,
        "memory_mib": 0.0,
        "threads_before": [
            {
                "tid": 653526,
                "state": "R",
                "wchan": "0",
                "stack": null
            },
            {
                "tid": 653527,
                "state": "S",
                "wchan": "futex_wait_queue",
                "stack": null
            },
            {
                "tid": 653528,
                "state": "S",
                "wchan": "wait_woken",
                "stack": null
            },
            {
                "tid": 653534,
                "state": "S",
                "wchan": "futex_wait_queue",
                "stack": null
            },
            {
                "tid": 653535,
                "state": "S",
                "wchan": "hrtimer_nanosleep",
                "stack": null
            }
        ],
        "threads_after": [
            {
                "tid": 653526,
                "state": "R",
                "wchan": "0",
                "stack": null
            },
            {
                "tid": 653527,
                "state": "S",
                "wchan": "futex_wait_queue",
                "stack": null
            },
            {
                "tid": 653528,
                "state": "S",
                "wchan": "wait_woken",
                "stack": null
            },
            {
                "tid": 653534,
                "state": "S",
                "wchan": "futex_wait_queue",
                "stack": null
            },
            {
                "tid": 653535,
                "state": "S",
                "wchan": "hrtimer_nanosleep",
                "stack": null
            }
        ]
    },
    "timestamp": 1775325705.9197655
}
{
    "idx_task": 157,
    "task_name": "cpu_intensive",
    "duration": 1.6559967994689941,
    "data": {
        "ppid": 653364,
        "voluntary_ctxt_switches": 18,
        "nonvoluntary_ctxt_switches": 37,
        "wchan": "Before: 0. After: 0",
        "delta_jiffies": 65,
        "delta_time": 1.2544794470013585,
        "cpu_load": 51.81,
        "memory_mib": 0.0,
        "threads_before": [
            {
                "tid": 653526,
                "state": "R",
                "wchan": "0",
                "stack": null
            },
            {
                "tid": 653527,
                "state": "S",
                "wchan": "futex_wait_queue",
                "stack": null
            },
            {
                "tid": 653528,
                "state": "S",
                "wchan": "wait_woken",
                "stack": null
            },
            {
                "tid": 653534,
                "state": "S",
                "wchan": "futex_wait_queue",
                "stack": null
            },
            {
                "tid": 653535,
                "state": "S",
                "wchan": "hrtimer_nanosleep",
                "stack": null
            }
        ],
        "threads_after": [
            {
                "tid": 653526,
                "state": "R",
                "wchan": "0",
                "stack": null
            },
            {
                "tid": 653527,
                "state": "S",
                "wchan": "futex_wait_queue",
                "stack": null
            },
            {
                "tid": 653528,
                "state": "S",
                "wchan": "wait_woken",
                "stack": null
            },
            {
                "tid": 653534,
                "state": "S",
                "wchan": "futex_wait_queue",
                "stack": null
            },
            {
                "tid": 653535,
                "state": "S",
                "wchan": "hrtimer_nanosleep",
                "stack": null
            }
        ]
    },
    "timestamp": 1775325707.9771645
}
{
    "idx_task": 161,
    "task_name": "cpu_intensive",
    "duration": 1.640624761581421,
    "data": {
        "ppid": 653364,
        "voluntary_ctxt_switches": 17,
        "nonvoluntary_ctxt_switches": 16,
        "wchan": "Before: 0. After: 0",
        "delta_jiffies": null,
        "delta_time": 1.2741092469950672,
        "cpu_load": 0.0,
        "memory_mib": 0.0,
        "threads_before": [
            {
                "tid": 653526,
                "state": "R",
                "wchan": "0",
                "stack": null
            },
            {
                "tid": 653527,
                "state": "S",
                "wchan": "futex_wait_queue",
                "stack": null
            },
            {
                "tid": 653528,
                "state": "S",
                "wchan": "wait_woken",
                "stack": null
            },
            {
                "tid": 653534,
                "state": "S",
                "wchan": "futex_wait_queue",
                "stack": null
            },
            {
                "tid": 653535,
                "state": "S",
                "wchan": "hrtimer_nanosleep",
                "stack": null
            }
        ],
        "threads_after": [
            {
                "tid": 653526,
                "state": "R",
                "wchan": "0",
                "stack": null
            },
            {
                "tid": 653527,
                "state": "S",
                "wchan": "futex_wait_queue",
                "stack": null
            },
            {
                "tid": 653528,
                "state": "S",
                "wchan": "wait_woken",
                "stack": null
            },
            {
                "tid": 653534,
                "state": "S",
                "wchan": "futex_wait_queue",
                "stack": null
            },
            {
                "tid": 653535,
                "state": "S",
                "wchan": "hrtimer_nanosleep",
                "stack": null
            }
        ]
    },
    "timestamp": 1775325709.9840875
}
{
    "idx_task": 165,
    "task_name": "cpu_intensive",
    "duration": 1.713437557220459,
    "data": {
        "ppid": 653364,
        "voluntary_ctxt_switches": 25,
        "nonvoluntary_ctxt_switches": 30,
        "wchan": "Before: 0. After: 0",
        "delta_jiffies": null,
        "delta_time": 1.333213017001981,
        "cpu_load": 0.0,
        "memory_mib": 0.0,
        "threads_before": [
            {
                "tid": 653526,
                "state": "R",
                "wchan": "0",
                "stack": null
            },
            {
                "tid": 653527,
                "state": "S",
                "wchan": "futex_wait_queue",
                "stack": null
            },
            {
                "tid": 653528,
                "state": "S",
                "wchan": "wait_woken",
                "stack": null
            },
            {
                "tid": 653534,
                "state": "S",
                "wchan": "futex_wait_queue",
                "stack": null
            },
            {
                "tid": 653535,
                "state": "S",
                "wchan": "hrtimer_nanosleep",
                "stack": null
            }
        ],
        "threads_after": [
            {
                "tid": 653526,
                "state": "R",
                "wchan": "0",
                "stack": null
            },
            {
                "tid": 653527,
                "state": "S",
                "wchan": "futex_wait_queue",
                "stack": null
            },
            {
                "tid": 653528,
                "state": "S",
                "wchan": "wait_woken",
                "stack": null
            },
            {
                "tid": 653534,
                "state": "S",
                "wchan": "futex_wait_queue",
                "stack": null
            },
            {
                "tid": 653535,
                "state": "S",
                "wchan": "hrtimer_nanosleep",
                "stack": null
            }
        ]
    },
    "timestamp": 1775325712.0771725
}
{
    "idx_task": 169,
    "task_name": "cpu_intensive",
    "duration": 1.715442419052124,
    "data": {
        "ppid": 653364,
        "voluntary_ctxt_switches": 21,
        "nonvoluntary_ctxt_switches": 18,
        "wchan": "Before: 0. After: 0",
        "delta_jiffies": null,
        "delta_time": 1.395575008034939,
        "cpu_load": 0.0,
        "memory_mib": 0.0,
        "threads_before": [
            {
                "tid": 653526,
                "state": "R",
                "wchan": "0",
                "stack": null
            },
            {
                "tid": 653527,
                "state": "S",
                "wchan": "futex_wait_queue",
                "stack": null
            },
            {
                "tid": 653528,
                "state": "S",
                "wchan": "wait_woken",
                "stack": null
            },
            {
                "tid": 653534,
                "state": "S",
                "wchan": "futex_wait_queue",
                "stack": null
            },
            {
                "tid": 653535,
                "state": "S",
                "wchan": "hrtimer_nanosleep",
                "stack": null
            }
        ],
        "threads_after": [
            {
                "tid": 653526,
                "state": "R",
                "wchan": "0",
                "stack": null
            },
            {
                "tid": 653527,
                "state": "S",
                "wchan": "futex_wait_queue",
                "stack": null
            },
            {
                "tid": 653528,
                "state": "S",
                "wchan": "wait_woken",
                "stack": null
            },
            {
                "tid": 653534,
                "state": "S",
                "wchan": "futex_wait_queue",
                "stack": null
            },
            {
                "tid": 653535,
                "state": "S",
                "wchan": "hrtimer_nanosleep",
                "stack": null
            }
        ]
    },
    "timestamp": 1775325714.1120887
}
{
    "idx_task": 173,
    "task_name": "cpu_intensive",
    "duration": 1.632530927658081,
    "data": {
        "ppid": 653364,
        "voluntary_ctxt_switches": 23,
        "nonvoluntary_ctxt_switches": 19,
        "wchan": "Before: 0. After: 0",
        "delta_jiffies": 62,
        "delta_time": 1.3239250999758951,
        "cpu_load": 46.83,
        "memory_mib": 0.0,
        "threads_before": [
            {
                "tid": 653526,
                "state": "R",
                "wchan": "0",
                "stack": null
            },
            {
                "tid": 653527,
                "state": "S",
                "wchan": "futex_wait_queue",
                "stack": null
            },
            {
                "tid": 653528,
                "state": "S",
                "wchan": "wait_woken",
                "stack": null
            },
            {
                "tid": 653534,
                "state": "S",
                "wchan": "futex_wait_queue",
                "stack": null
            },
            {
                "tid": 653535,
                "state": "S",
                "wchan": "hrtimer_nanosleep",
                "stack": null
            }
        ],
        "threads_after": [
            {
                "tid": 653526,
                "state": "R",
                "wchan": "0",
                "stack": null
            },
            {
                "tid": 653527,
                "state": "S",
                "wchan": "futex_wait_queue",
                "stack": null
            },
            {
                "tid": 653528,
                "state": "S",
                "wchan": "wait_woken",
                "stack": null
            },
            {
                "tid": 653534,
                "state": "S",
                "wchan": "futex_wait_queue",
                "stack": null
            },
            {
                "tid": 653535,
                "state": "S",
                "wchan": "hrtimer_nanosleep",
                "stack": null
            }
        ]
    },
    "timestamp": 1775325716.0530114
}
{
    "idx_task": 177,
    "task_name": "cpu_intensive",
    "duration": 1.910048007965088,
    "data": {
        "ppid": 653364,
        "voluntary_ctxt_switches": 29,
        "nonvoluntary_ctxt_switches": 7,
        "wchan": "Before: 0. After: 0",
        "delta_jiffies": 90,
        "delta_time": 1.5207534939981997,
        "cpu_load": 59.18,
        "memory_mib": 0.0,
        "threads_before": [
            {
                "tid": 653526,
                "state": "R",
                "wchan": "0",
                "stack": null
            },
            {
                "tid": 653527,
                "state": "S",
                "wchan": "futex_wait_queue",
                "stack": null
            },
            {
                "tid": 653528,
                "state": "S",
                "wchan": "wait_woken",
                "stack": null
            },
            {
                "tid": 653534,
                "state": "S",
                "wchan": "futex_wait_queue",
                "stack": null
            },
            {
                "tid": 653535,
                "state": "S",
                "wchan": "hrtimer_nanosleep",
                "stack": null
            }
        ],
        "threads_after": [
            {
                "tid": 653526,
                "state": "R",
                "wchan": "0",
                "stack": null
            },
            {
                "tid": 653527,
                "state": "S",
                "wchan": "futex_wait_queue",
                "stack": null
            },
            {
                "tid": 653528,
                "state": "S",
                "wchan": "wait_woken",
                "stack": null
            },
            {
                "tid": 653534,
                "state": "S",
                "wchan": "futex_wait_queue",
                "stack": null
            },
            {
                "tid": 653535,
                "state": "S",
                "wchan": "hrtimer_nanosleep",
                "stack": null
            }
        ]
    },
    "timestamp": 1775325718.3513832
}
