Процесс: 41169
УПРАВЛЯЮЩИЙ ПРОЦЕСС
Родитель: 13546
Создан: 2026-04-26T06:46:49.910000
Последний замер: 2026-04-26T06:51:52.399814
Время жизни: 302.489814 сек
voluntary_ctxt_switches: 1508
nonvoluntary_ctxt_switches: 6
jiffies: 69.0
avg_cpu_load: 0.1 %
avg_memory_mb: 42.7 MB


Процесс: 41176
Родитель: 41169
Создан: 2026-04-26T06:46:50.310000
Последний замер: 2026-04-26T06:51:52.400029
Время жизни: 302.090029 сек
voluntary_ctxt_switches: 161
nonvoluntary_ctxt_switches: 163
jiffies: 1330.0
avg_cpu_load: 4.4 %
avg_memory_mb: 115.5 MB

Среднее latency: 1.66
Средний runtime: 1.65
Всего задач: 30
Задач по типам: memory_intensive - 10; cpu_intensive - 20

Процесс: 41177
Родитель: 41169
Создан: 2026-04-26T06:46:50.330000
Последний замер: 2026-04-26T06:51:52.400231
Время жизни: 302.070231 сек
voluntary_ctxt_switches: 161
nonvoluntary_ctxt_switches: 175
jiffies: 1321.0
avg_cpu_load: 4.4 %
avg_memory_mb: 110.2 MB

Среднее latency: 1.66
Средний runtime: 1.65
Всего задач: 30
Задач по типам: cpu_intensive - 20; memory_intensive - 10

Процесс: 41178
Родитель: 41169
Создан: 2026-04-26T06:46:50.360000
Последний замер: 2026-04-26T06:51:52.400431
Время жизни: 302.040431 сек
voluntary_ctxt_switches: 161
nonvoluntary_ctxt_switches: 155
jiffies: 1301.0
avg_cpu_load: 4.3 %
avg_memory_mb: 115.6 MB

Среднее latency: 1.65
Средний runtime: 1.64
Всего задач: 30
Задач по типам: cpu_intensive - 20; memory_intensive - 10

Процесс: 41179
Родитель: 41169
Создан: 2026-04-26T06:46:50.380000
Последний замер: 2026-04-26T06:51:52.400643
Время жизни: 302.020643 сек
voluntary_ctxt_switches: 161
nonvoluntary_ctxt_switches: 128
jiffies: 1311.0
avg_cpu_load: 4.3 %
avg_memory_mb: 110.2 MB

Среднее latency: 1.66
Средний runtime: 1.64
Всего задач: 30
Задач по типам: cpu_intensive - 20; memory_intensive - 10

