{
    "idx_task": 1,
    "task_name": "cpu_intensive",
    "duration_into_wraps": 1.5872318744659424,
    "data": {
        "ppid": 170708,
        "voluntary_ctxt_switches": 1,
        "nonvoluntary_ctxt_switches": 2,
        "delta_jiffies": 58,
        "delta_time": 1.5873,
        "cpu_load": 36.54,
        "memory_mib": 0.28125
    },
    "timestamp": 1775640754.4759943
}
{
    "idx_task": 7,
    "task_name": "cpu_intensive",
    "duration_into_wraps": 1.5902552604675293,
    "data": {
        "ppid": 170708,
        "voluntary_ctxt_switches": 1,
        "nonvoluntary_ctxt_switches": 5,
        "delta_jiffies": 59,
        "delta_time": -6.7565,
        "cpu_load": -8.73,
        "memory_mib": 0.00390625
    },
    "timestamp": 1775640764.4129608
}
{
    "idx_task": 11,
    "task_name": "cpu_intensive",
    "duration_into_wraps": 1.5859935283660889,
    "data": {
        "ppid": 170708,
        "voluntary_ctxt_switches": 1,
        "nonvoluntary_ctxt_switches": 5,
        "delta_jiffies": 59,
        "delta_time": -6.8447,
        "cpu_load": -8.62,
        "memory_mib": 0.0
    },
    "timestamp": 1775640774.4295979
}
{
    "idx_task": 14,
    "task_name": "cpu_intensive",
    "duration_into_wraps": 1.61287260055542,
    "data": {
        "ppid": 170708,
        "voluntary_ctxt_switches": 1,
        "nonvoluntary_ctxt_switches": 5,
        "delta_jiffies": 61,
        "delta_time": -6.8207,
        "cpu_load": -8.94,
        "memory_mib": 0.0
    },
    "timestamp": 1775640784.4758866
}
{
    "idx_task": 16,
    "task_name": "cpu_intensive",
    "duration_into_wraps": 1.6097028255462646,
    "data": {
        "ppid": 170708,
        "voluntary_ctxt_switches": 1,
        "nonvoluntary_ctxt_switches": 2,
        "delta_jiffies": 61,
        "delta_time": 1.6038,
        "cpu_load": 38.03,
        "memory_mib": 0.0
    },
    "timestamp": 1775640786.09135
}
