{
    "idx_task": 91,
    "task_name": "cpu_intensive",
    "duration_into_wraps": 1.5937819480895996,
    "data": {
        "ppid": 170708,
        "voluntary_ctxt_switches": 1,
        "nonvoluntary_ctxt_switches": 46,
        "delta_jiffies": 59,
        "delta_time": 1.5938,
        "cpu_load": 37.02,
        "memory_mib": 0.28125
    },
    "timestamp": 1775640974.9681082
}
{
    "idx_task": 95,
    "task_name": "cpu_intensive",
    "duration_into_wraps": 1.5882835388183594,
    "data": {
        "ppid": 170708,
        "voluntary_ctxt_switches": 1,
        "nonvoluntary_ctxt_switches": 7,
        "delta_jiffies": 59,
        "delta_time": -6.746200000000001,
        "cpu_load": -8.75,
        "memory_mib": 0.00390625
    },
    "timestamp": 1775640984.8906596
}
{
    "idx_task": 97,
    "task_name": "cpu_intensive",
    "duration_into_wraps": 1.6194000244140625,
    "data": {
        "ppid": 170708,
        "voluntary_ctxt_switches": 1,
        "nonvoluntary_ctxt_switches": 1,
        "delta_jiffies": 62,
        "delta_time": -6.8039,
        "cpu_load": -9.11,
        "memory_mib": 0.0
    },
    "timestamp": 1775640994.9330368
}
{
    "idx_task": 100,
    "task_name": "cpu_intensive",
    "duration_into_wraps": 1.606304407119751,
    "data": {
        "ppid": 170708,
        "voluntary_ctxt_switches": 1,
        "nonvoluntary_ctxt_switches": 5,
        "delta_jiffies": 61,
        "delta_time": 1.6037000000000001,
        "cpu_load": 38.04,
        "memory_mib": 0.0
    },
    "timestamp": 1775640996.541772
}
{
    "idx_task": 103,
    "task_name": "cpu_intensive",
    "duration_into_wraps": 1.6059050559997559,
    "data": {
        "ppid": 170708,
        "voluntary_ctxt_switches": 1,
        "nonvoluntary_ctxt_switches": 1,
        "delta_jiffies": 60,
        "delta_time": -5.1969,
        "cpu_load": -11.55,
        "memory_mib": 0.0
    },
    "timestamp": 1775641004.9502213
}
{
    "idx_task": 104,
    "task_name": "cpu_intensive",
    "duration_into_wraps": 1.6051578521728516,
    "data": {
        "ppid": 170708,
        "voluntary_ctxt_switches": 1,
        "nonvoluntary_ctxt_switches": 2,
        "delta_jiffies": 61,
        "delta_time": 1.6024,
        "cpu_load": 38.07,
        "memory_mib": 0.0
    },
    "timestamp": 1775641006.5579946
}
