{
    "active_periods": [
        {
            "start": 1778818986.89779,
            "end": 1778819289.761663,
            "duration_sec": 302.86387300491333,
            "tasks_completed": 480,
            "throughput_tps": 1.584870441091576
        }
    ],
    "history": [
        {
            "timestamp": 1778818986.89779,
            "messages": 0,
            "ack": 56857
        },
        {
            "timestamp": 1778818991.904001,
            "messages": 0,
            "ack": 56860
        },
        {
            "timestamp": 1778818996.908937,
            "messages": 8,
            "ack": 56870
        },
        {
            "timestamp": 1778819001.914007,
            "messages": 8,
            "ack": 56878
        },
        {
            "timestamp": 1778819006.919058,
            "messages": 7,
            "ack": 56881
        },
        {
            "timestamp": 1778819011.924838,
            "messages": 7,
            "ack": 56891
        },
        {
            "timestamp": 1778819016.930325,
            "messages": 3,
            "ack": 56902
        },
        {
            "timestamp": 1778819021.936675,
            "messages": 3,
            "ack": 56905
        },
        {
            "timestamp": 1778819026.942307,
            "messages": 2,
            "ack": 56915
        },
        {
            "timestamp": 1778819031.948731,
            "messages": 2,
            "ack": 56922
        },
        {
            "timestamp": 1778819036.954337,
            "messages": 3,
            "ack": 56929
        },
        {
            "timestamp": 1778819041.961367,
            "messages": 2,
            "ack": 56939
        },
        {
            "timestamp": 1778819046.966832,
            "messages": 3,
            "ack": 56946
        },
        {
            "timestamp": 1778819051.973569,
            "messages": 3,
            "ack": 56953
        },
        {
            "timestamp": 1778819056.978858,
            "messages": 2,
            "ack": 56963
        },
        {
            "timestamp": 1778819061.983793,
            "messages": 2,
            "ack": 56969
        },
        {
            "timestamp": 1778819066.988367,
            "messages": 3,
            "ack": 56977
        },
        {
            "timestamp": 1778819071.993267,
            "messages": 2,
            "ack": 56987
        },
        {
            "timestamp": 1778819076.998797,
            "messages": 3,
            "ack": 56994
        },
        {
            "timestamp": 1778819082.005068,
            "messages": 3,
            "ack": 57001
        },
        {
            "timestamp": 1778819087.011377,
            "messages": 2,
            "ack": 57011
        },
        {
            "timestamp": 1778819092.016123,
            "messages": 2,
            "ack": 57018
        },
        {
            "timestamp": 1778819097.020743,
            "messages": 3,
            "ack": 57025
        },
        {
            "timestamp": 1778819102.028177,
            "messages": 2,
            "ack": 57035
        },
        {
            "timestamp": 1778819107.034584,
            "messages": 3,
            "ack": 57042
        },
        {
            "timestamp": 1778819112.040876,
            "messages": 3,
            "ack": 57049
        },
        {
            "timestamp": 1778819117.046873,
            "messages": 2,
            "ack": 57059
        },
        {
            "timestamp": 1778819122.052374,
            "messages": 2,
            "ack": 57066
        },
        {
            "timestamp": 1778819127.058176,
            "messages": 3,
            "ack": 57073
        },
        {
            "timestamp": 1778819132.064033,
            "messages": 2,
            "ack": 57083
        },
        {
            "timestamp": 1778819137.069272,
            "messages": 3,
            "ack": 57090
        },
        {
            "timestamp": 1778819142.074786,
            "messages": 3,
            "ack": 57097
        },
        {
            "timestamp": 1778819147.080806,
            "messages": 3,
            "ack": 57107
        },
        {
            "timestamp": 1778819152.086562,
            "messages": 2,
            "ack": 57114
        },
        {
            "timestamp": 1778819157.091866,
            "messages": 3,
            "ack": 57121
        },
        {
            "timestamp": 1778819162.097833,
            "messages": 3,
            "ack": 57131
        },
        {
            "timestamp": 1778819167.104291,
            "messages": 2,
            "ack": 57138
        },
        {
            "timestamp": 1778819172.110411,
            "messages": 2,
            "ack": 57145
        },
        {
            "timestamp": 1778819177.116045,
            "messages": 3,
            "ack": 57155
        },
        {
            "timestamp": 1778819182.121802,
            "messages": 3,
            "ack": 57162
        },
        {
            "timestamp": 1778819187.127928,
            "messages": 3,
            "ack": 57169
        },
        {
            "timestamp": 1778819192.13394,
            "messages": 2,
            "ack": 57179
        },
        {
            "timestamp": 1778819197.138742,
            "messages": 2,
            "ack": 57184
        },
        {
            "timestamp": 1778819202.144099,
            "messages": 3,
            "ack": 57193
        },
        {
            "timestamp": 1778819207.150302,
            "messages": 2,
            "ack": 57199
        },
        {
            "timestamp": 1778819212.156181,
            "messages": 3,
            "ack": 57208
        },
        {
            "timestamp": 1778819217.161718,
            "messages": 3,
            "ack": 57217
        },
        {
            "timestamp": 1778819222.167885,
            "messages": 2,
            "ack": 57223
        },
        {
            "timestamp": 1778819227.173053,
            "messages": 2,
            "ack": 57232
        },
        {
            "timestamp": 1778819232.178466,
            "messages": 3,
            "ack": 57241
        },
        {
            "timestamp": 1778819237.184252,
            "messages": 2,
            "ack": 57247
        },
        {
            "timestamp": 1778819242.189916,
            "messages": 3,
            "ack": 57256
        },
        {
            "timestamp": 1778819247.194939,
            "messages": 9,
            "ack": 57264
        },
        {
            "timestamp": 1778819252.201724,
            "messages": 6,
            "ack": 57271
        },
        {
            "timestamp": 1778819257.207909,
            "messages": 6,
            "ack": 57281
        },
        {
            "timestamp": 1778819262.212899,
            "messages": 3,
            "ack": 57288
        },
        {
            "timestamp": 1778819267.218548,
            "messages": 3,
            "ack": 57295
        },
        {
            "timestamp": 1778819272.225758,
            "messages": 3,
            "ack": 57302
        },
        {
            "timestamp": 1778819277.232623,
            "messages": 3,
            "ack": 57312
        },
        {
            "timestamp": 1778819282.238036,
            "messages": 3,
            "ack": 57319
        },
        {
            "timestamp": 1778819287.243953,
            "messages": 3,
            "ack": 57326
        },
        {
            "timestamp": 1778819289.754617,
            "messages": 3,
            "ack": 57337
        }
    ]
}