Процесс: 62100
УПРАВЛЯЮЩИЙ ПРОЦЕСС
Родитель: 13546
Создан: 2026-04-26T11:03:19.060000
Последний замер: 2026-04-26T11:08:21.560280
Время жизни: 302.50028 сек
voluntary_ctxt_switches: 1625
nonvoluntary_ctxt_switches: 59
jiffies: 114.0
avg_cpu_load: 0.3 %
avg_memory_mb: 42.8 MB


Процесс: 62107
Родитель: 62100
Создан: 2026-04-26T11:03:19.470000
Последний замер: 2026-04-26T11:04:00.774481
Время жизни: 41.304481 сек
voluntary_ctxt_switches: 19
nonvoluntary_ctxt_switches: 7
jiffies: 191.0
avg_cpu_load: 4.7 %
avg_memory_mb: 75.1 MB

Среднее latency: 1.71
Средний runtime: 1.63
Всего задач: 4
Задач по типам: cpu_intensive - 3; memory_intensive - 1

Процесс: 62108
Родитель: 62100
Создан: 2026-04-26T11:03:19.490000
Последний замер: 2026-04-26T11:04:00.774694
Время жизни: 41.284694 сек
voluntary_ctxt_switches: 19
nonvoluntary_ctxt_switches: 40
jiffies: 193.0
avg_cpu_load: 4.7 %
avg_memory_mb: 75.1 MB

Среднее latency: 1.73
Средний runtime: 1.64
Всего задач: 4
Задач по типам: cpu_intensive - 3; memory_intensive - 1

Процесс: 62117
Родитель: 62100
Создан: 2026-04-26T11:03:20.570000
Последний замер: 2026-04-26T11:04:31.192857
Время жизни: 70.622857 сек
voluntary_ctxt_switches: 35
nonvoluntary_ctxt_switches: 27
jiffies: 320.0
avg_cpu_load: 4.6 %
avg_memory_mb: 107.0 MB

Среднее latency: 1.68
Средний runtime: 1.64
Всего задач: 7
Задач по типам: cpu_intensive - 5; memory_intensive - 2

Процесс: 62118
Родитель: 62100
Создан: 2026-04-26T11:03:20.590000
Последний замер: 2026-04-26T11:04:31.193060
Время жизни: 70.60306 сек
voluntary_ctxt_switches: 45
nonvoluntary_ctxt_switches: 62
jiffies: 275.0
avg_cpu_load: 3.9 %
avg_memory_mb: 118.6 MB

Среднее latency: 1.71
Средний runtime: 1.66
Всего задач: 7
Задач по типам: memory_intensive - 3; cpu_intensive - 4

Процесс: 62184
Родитель: 62100
Создан: 2026-04-26T11:04:00.460000
Последний замер: 2026-04-26T11:05:00.542762
Время жизни: 60.082762 сек
voluntary_ctxt_switches: 34
nonvoluntary_ctxt_switches: 52
jiffies: 272.0
avg_cpu_load: 4.6 %
avg_memory_mb: 104.6 MB

Среднее latency: 1.67
Средний runtime: 1.66
Всего задач: 6
Задач по типам: cpu_intensive - 4; memory_intensive - 2

Процесс: 62185
Родитель: 62100
Создан: 2026-04-26T11:04:00.570000
Последний замер: 2026-04-26T11:05:00.542971
Время жизни: 59.972971 сек
voluntary_ctxt_switches: 32
nonvoluntary_ctxt_switches: 46
jiffies: 274.0
avg_cpu_load: 4.2 %
avg_memory_mb: 104.3 MB

Среднее latency: 1.7
Средний runtime: 1.67
Всего задач: 6
Задач по типам: cpu_intensive - 4; memory_intensive - 2

Процесс: 62189
Родитель: 62100
Создан: 2026-04-26T11:04:30.470000
Последний замер: 2026-04-26T11:05:30.933718
Время жизни: 60.463718 сек
voluntary_ctxt_switches: 23
nonvoluntary_ctxt_switches: 52
jiffies: 325.0
avg_cpu_load: 4.4 %
avg_memory_mb: 77.3 MB

Среднее latency: 1.67
Средний runtime: 1.66
Всего задач: 6
Задач по типам: cpu_intensive - 5; memory_intensive - 1

Процесс: 62190
Родитель: 62100
Создан: 2026-04-26T11:04:30.500000
Последний замер: 2026-04-26T11:05:30.933922
Время жизни: 60.433922 сек
voluntary_ctxt_switches: 43
nonvoluntary_ctxt_switches: 25
jiffies: 210.0
avg_cpu_load: 3.4 %
avg_memory_mb: 118.8 MB

Среднее latency: 1.68
Средний runtime: 1.66
Всего задач: 6
Задач по типам: memory_intensive - 3; cpu_intensive - 3

Процесс: 62260
Родитель: 62100
Создан: 2026-04-26T11:05:00.490000
Последний замер: 2026-04-26T11:06:01.319659
Время жизни: 60.829659 сек
voluntary_ctxt_switches: 33
nonvoluntary_ctxt_switches: 72
jiffies: 276.0
avg_cpu_load: 4.5 %
avg_memory_mb: 104.6 MB

Среднее latency: 1.69
Средний runtime: 1.67
Всего задач: 6
Задач по типам: cpu_intensive - 4; memory_intensive - 2

Процесс: 62261
Родитель: 62100
Создан: 2026-04-26T11:05:00.520000
Последний замер: 2026-04-26T11:06:01.319863
Время жизни: 60.799863 сек
voluntary_ctxt_switches: 33
nonvoluntary_ctxt_switches: 109
jiffies: 269.0
avg_cpu_load: 4.3 %
avg_memory_mb: 90.9 MB

Среднее latency: 1.69
Средний runtime: 1.67
Всего задач: 6
Задач по типам: cpu_intensive - 4; memory_intensive - 2

Процесс: 62267
Родитель: 62100
Создан: 2026-04-26T11:05:30.520000
Последний замер: 2026-04-26T11:06:30.664199
Время жизни: 60.144199 сек
voluntary_ctxt_switches: 24
nonvoluntary_ctxt_switches: 29
jiffies: 313.0
avg_cpu_load: 5.2 %
avg_memory_mb: 76.8 MB

Среднее latency: 1.65
Средний runtime: 1.63
Всего задач: 6
Задач по типам: cpu_intensive - 5; memory_intensive - 1

Процесс: 62268
Родитель: 62100
Создан: 2026-04-26T11:05:30.560000
Последний замер: 2026-04-26T11:06:30.664403
Время жизни: 60.104403 сек
voluntary_ctxt_switches: 44
nonvoluntary_ctxt_switches: 21
jiffies: 219.0
avg_cpu_load: 3.6 %
avg_memory_mb: 118.7 MB

Среднее latency: 1.7
Средний runtime: 1.67
Всего задач: 6
Задач по типам: memory_intensive - 3; cpu_intensive - 3

Процесс: 62333
Родитель: 62100
Создан: 2026-04-26T11:06:00.520000
Последний замер: 2026-04-26T11:07:01.059686
Время жизни: 60.539686 сек
voluntary_ctxt_switches: 33
nonvoluntary_ctxt_switches: 82
jiffies: 277.0
avg_cpu_load: 3.6 %
avg_memory_mb: 105.1 MB

Среднее latency: 1.7
Средний runtime: 1.68
Всего задач: 6
Задач по типам: cpu_intensive - 4; memory_intensive - 2

Процесс: 62334
Родитель: 62100
Создан: 2026-04-26T11:06:00.540000
Последний замер: 2026-04-26T11:07:01.059890
Время жизни: 60.51989 сек
voluntary_ctxt_switches: 33
nonvoluntary_ctxt_switches: 78
jiffies: 266.0
avg_cpu_load: 3.5 %
avg_memory_mb: 91.4 MB

Среднее latency: 1.68
Средний runtime: 1.66
Всего задач: 6
Задач по типам: cpu_intensive - 4; memory_intensive - 2

Процесс: 62343
Родитель: 62100
Создан: 2026-04-26T11:06:30.540000
Последний замер: 2026-04-26T11:07:31.438488
Время жизни: 60.898488 сек
voluntary_ctxt_switches: 23
nonvoluntary_ctxt_switches: 23
jiffies: 311.0
avg_cpu_load: 5.1 %
avg_memory_mb: 77.3 MB

Среднее latency: 1.65
Средний runtime: 1.62
Всего задач: 6
Задач по типам: cpu_intensive - 5; memory_intensive - 1

Процесс: 62344
Родитель: 62100
Создан: 2026-04-26T11:06:30.590000
Последний замер: 2026-04-26T11:07:31.438705
Время жизни: 60.848705 сек
voluntary_ctxt_switches: 42
nonvoluntary_ctxt_switches: 24
jiffies: 216.0
avg_cpu_load: 3.6 %
avg_memory_mb: 118.3 MB

Среднее latency: 1.7
Средний runtime: 1.67
Всего задач: 6
Задач по типам: memory_intensive - 3; cpu_intensive - 3

Процесс: 62411
Родитель: 62100
Создан: 2026-04-26T11:07:00.540000
Последний замер: 2026-04-26T11:08:00.785880
Время жизни: 60.24588 сек
voluntary_ctxt_switches: 33
nonvoluntary_ctxt_switches: 100
jiffies: 270.0
avg_cpu_load: 3.7 %
avg_memory_mb: 105.0 MB

Среднее latency: 1.7
Средний runtime: 1.67
Всего задач: 6
Задач по типам: cpu_intensive - 4; memory_intensive - 2

Процесс: 62412
Родитель: 62100
Создан: 2026-04-26T11:07:00.570000
Последний замер: 2026-04-26T11:08:00.786085
Время жизни: 60.216085 сек
voluntary_ctxt_switches: 33
nonvoluntary_ctxt_switches: 70
jiffies: 272.0
avg_cpu_load: 3.7 %
avg_memory_mb: 90.9 MB

Среднее latency: 1.68
Средний runtime: 1.66
Всего задач: 6
Задач по типам: cpu_intensive - 4; memory_intensive - 2

Процесс: 62416
Родитель: 62100
Создан: 2026-04-26T11:07:30.570000
Последний замер: 2026-04-26T11:08:21.560919
Время жизни: 50.990919 сек
voluntary_ctxt_switches: 21
nonvoluntary_ctxt_switches: 23
jiffies: 253.0
avg_cpu_load: 5.0 %
avg_memory_mb: 69.8 MB

Среднее latency: 1.67
Средний runtime: 1.64
Всего задач: 5
Задач по типам: cpu_intensive - 4; memory_intensive - 1

Процесс: 62417
Родитель: 62100
Создан: 2026-04-26T11:07:30.620000
Последний замер: 2026-04-26T11:08:21.561126
Время жизни: 50.941126 сек
voluntary_ctxt_switches: 42
nonvoluntary_ctxt_switches: 19
jiffies: 150.0
avg_cpu_load: 2.9 %
avg_memory_mb: 119.2 MB

Среднее latency: 1.7
Средний runtime: 1.67
Всего задач: 5
Задач по типам: memory_intensive - 3; cpu_intensive - 2

Процесс: 62482
Родитель: 62100
Создан: 2026-04-26T11:08:00.570000
Последний замер: 2026-04-26T11:08:21.561333
Время жизни: 20.991333 сек
voluntary_ctxt_switches: 15
nonvoluntary_ctxt_switches: 32
jiffies: 71.0
avg_cpu_load: 2.4 %
avg_memory_mb: 77.1 MB

Среднее latency: 1.73
Средний runtime: 1.68
Всего задач: 2
Задач по типам: cpu_intensive - 1; memory_intensive - 1

Процесс: 62483
Родитель: 62100
Создан: 2026-04-26T11:08:00.600000
Последний замер: 2026-04-26T11:08:21.561536
Время жизни: 20.961536 сек
voluntary_ctxt_switches: 4
nonvoluntary_ctxt_switches: 25
jiffies: 125.0
avg_cpu_load: 4.9 %
avg_memory_mb: 36.5 MB

Среднее latency: 1.68
Средний runtime: 1.63
Всего задач: 2
Задач по типам: cpu_intensive - 2

