Процесс: 28807
УПРАВЛЯЮЩИЙ ПРОЦЕСС
Родитель: 13546
Создан: 2026-04-26T04:13:50.860000
Последний замер: 2026-04-26T04:18:54.766725
Время жизни: 303.906725 сек
voluntary_ctxt_switches: 3538
nonvoluntary_ctxt_switches: 36
jiffies: 138.0
avg_cpu_load: 0.4 %
avg_memory_mb: 42.8 MB


Процесс: 28814
Родитель: 28807
Создан: 2026-04-26T04:13:51.260000
Последний замер: 2026-04-26T04:14:24.072071
Время жизни: 32.812071 сек
voluntary_ctxt_switches: 88
nonvoluntary_ctxt_switches: 176
jiffies: 848.0
avg_cpu_load: 26.2 %
avg_memory_mb: 94.4 MB

Среднее latency: 2.38
Средний runtime: 1.65
Всего задач: 19
Задач по типам: cpu_intensive - 14; memory_intensive - 5

Процесс: 28815
Родитель: 28807
Создан: 2026-04-26T04:13:51.290000
Последний замер: 2026-04-26T04:15:31.942772
Время жизни: 100.652772 сек
voluntary_ctxt_switches: 326
nonvoluntary_ctxt_switches: 504
jiffies: 2578.0
avg_cpu_load: 25.7 %
avg_memory_mb: 115.8 MB

Среднее latency: 4.4
Средний runtime: 1.65
Всего задач: 60
Задач по типам: cpu_intensive - 40; memory_intensive - 20

Процесс: 28836
Родитель: 28807
Создан: 2026-04-26T04:13:52.360000
Последний замер: 2026-04-26T04:16:40.895769
Время жизни: 168.535769 сек
voluntary_ctxt_switches: 549
nonvoluntary_ctxt_switches: 877
jiffies: 4481.0
avg_cpu_load: 26.7 %
avg_memory_mb: 117.0 MB

Среднее latency: 5.56
Средний runtime: 1.65
Всего задач: 102
Задач по типам: cpu_intensive - 68; memory_intensive - 34

Процесс: 28883
Родитель: 28807
Создан: 2026-04-26T04:13:52.390000
Последний замер: 2026-04-26T04:14:59.567080
Время жизни: 67.17708 сек
voluntary_ctxt_switches: 213
nonvoluntary_ctxt_switches: 536
jiffies: 1736.0
avg_cpu_load: 26.0 %
avg_memory_mb: 119.0 MB

Среднее latency: 3.14
Средний runtime: 1.66
Всего задач: 40
Задач по типам: memory_intensive - 13; cpu_intensive - 27

Процесс: 28891
Родитель: 28807
Создан: 2026-04-26T04:14:27.370000
Последний замер: 2026-04-26T04:16:09.549353
Время жизни: 102.179353 сек
voluntary_ctxt_switches: 333
nonvoluntary_ctxt_switches: 572
jiffies: 2671.0
avg_cpu_load: 26.3 %
avg_memory_mb: 119.1 MB

Среднее latency: 5.04
Средний runtime: 1.66
Всего задач: 61
Задач по типам: memory_intensive - 21; cpu_intensive - 40

Процесс: 28955
Родитель: 28807
Создан: 2026-04-26T04:14:59.110000
Последний замер: 2026-04-26T04:18:54.767051
Время жизни: 235.657051 сек
voluntary_ctxt_switches: 746
nonvoluntary_ctxt_switches: 1725
jiffies: 6306.0
avg_cpu_load: 26.5 %
avg_memory_mb: 114.9 MB

Среднее latency: 9.05
Средний runtime: 1.66
Всего задач: 142
Задач по типам: cpu_intensive - 96; memory_intensive - 46

Процесс: 28980
Родитель: 28807
Создан: 2026-04-26T04:15:31.500000
Последний замер: 2026-04-26T04:18:54.767671
Время жизни: 203.267671 сек
voluntary_ctxt_switches: 634
nonvoluntary_ctxt_switches: 1383
jiffies: 5473.0
avg_cpu_load: 26.6 %
avg_memory_mb: 116.5 MB

Среднее latency: 9.29
Средний runtime: 1.65
Всего задач: 123
Задач по типам: cpu_intensive - 84; memory_intensive - 39

Процесс: 29045
Родитель: 28807
Создан: 2026-04-26T04:16:08.680000
Последний замер: 2026-04-26T04:18:54.767875
Время жизни: 166.087875 сек
voluntary_ctxt_switches: 584
nonvoluntary_ctxt_switches: 1059
jiffies: 4209.0
avg_cpu_load: 25.3 %
avg_memory_mb: 116.6 MB

Среднее latency: 10.01
Средний runtime: 1.67
Всего задач: 99
Задач по типам: memory_intensive - 37; cpu_intensive - 62

Процесс: 29050
Родитель: 28807
Создан: 2026-04-26T04:16:42.420000
Последний замер: 2026-04-26T04:18:54.768078
Время жизни: 132.348078 сек
voluntary_ctxt_switches: 431
nonvoluntary_ctxt_switches: 694
jiffies: 3495.0
avg_cpu_load: 27.0 %
avg_memory_mb: 116.6 MB

Среднее latency: 10.37
Средний runtime: 1.65
Всего задач: 80
Задач по типам: memory_intensive - 27; cpu_intensive - 53

