{
    "active_periods": [
        {
            "start": 1777176846.405077,
            "end": 1777177149.05001,
            "duration_sec": 302.6449329853058,
            "tasks_completed": 60,
            "throughput_tps": 0.19825212141553733
        }
    ],
    "history": [
        {
            "timestamp": 1777176846.405077,
            "messages": 0,
            "ack": 34647
        },
        {
            "timestamp": 1777176851.410964,
            "messages": 2,
            "ack": 34649
        },
        {
            "timestamp": 1777176856.417068,
            "messages": 0,
            "ack": 34649
        },
        {
            "timestamp": 1777176861.422831,
            "messages": 0,
            "ack": 34651
        },
        {
            "timestamp": 1777176866.428464,
            "messages": 0,
            "ack": 34651
        },
        {
            "timestamp": 1777176871.43486,
            "messages": 0,
            "ack": 34653
        },
        {
            "timestamp": 1777176876.440805,
            "messages": 0,
            "ack": 34653
        },
        {
            "timestamp": 1777176881.44687,
            "messages": 0,
            "ack": 34655
        },
        {
            "timestamp": 1777176886.453188,
            "messages": 0,
            "ack": 34655
        },
        {
            "timestamp": 1777176891.458918,
            "messages": 0,
            "ack": 34657
        },
        {
            "timestamp": 1777176896.464696,
            "messages": 0,
            "ack": 34657
        },
        {
            "timestamp": 1777176901.469911,
            "messages": 0,
            "ack": 34659
        },
        {
            "timestamp": 1777176906.474914,
            "messages": 0,
            "ack": 34659
        },
        {
            "timestamp": 1777176911.480767,
            "messages": 0,
            "ack": 34661
        },
        {
            "timestamp": 1777176916.486868,
            "messages": 0,
            "ack": 34661
        },
        {
            "timestamp": 1777176921.492622,
            "messages": 0,
            "ack": 34663
        },
        {
            "timestamp": 1777176926.497714,
            "messages": 0,
            "ack": 34663
        },
        {
            "timestamp": 1777176931.502975,
            "messages": 0,
            "ack": 34665
        },
        {
            "timestamp": 1777176936.508997,
            "messages": 0,
            "ack": 34665
        },
        {
            "timestamp": 1777176941.514665,
            "messages": 0,
            "ack": 34667
        },
        {
            "timestamp": 1777176946.520481,
            "messages": 0,
            "ack": 34667
        },
        {
            "timestamp": 1777176951.526204,
            "messages": 0,
            "ack": 34669
        },
        {
            "timestamp": 1777176956.531764,
            "messages": 0,
            "ack": 34669
        },
        {
            "timestamp": 1777176961.538006,
            "messages": 0,
            "ack": 34671
        },
        {
            "timestamp": 1777176966.543321,
            "messages": 0,
            "ack": 34671
        },
        {
            "timestamp": 1777176971.548137,
            "messages": 0,
            "ack": 34673
        },
        {
            "timestamp": 1777176976.554225,
            "messages": 0,
            "ack": 34673
        },
        {
            "timestamp": 1777176981.560511,
            "messages": 0,
            "ack": 34675
        },
        {
            "timestamp": 1777176986.566489,
            "messages": 0,
            "ack": 34675
        },
        {
            "timestamp": 1777176991.571991,
            "messages": 0,
            "ack": 34677
        },
        {
            "timestamp": 1777176996.577489,
            "messages": 0,
            "ack": 34677
        },
        {
            "timestamp": 1777177001.582446,
            "messages": 0,
            "ack": 34679
        },
        {
            "timestamp": 1777177006.588527,
            "messages": 0,
            "ack": 34679
        },
        {
            "timestamp": 1777177011.594482,
            "messages": 0,
            "ack": 34681
        },
        {
            "timestamp": 1777177016.600441,
            "messages": 0,
            "ack": 34681
        },
        {
            "timestamp": 1777177021.605967,
            "messages": 0,
            "ack": 34683
        },
        {
            "timestamp": 1777177026.611996,
            "messages": 0,
            "ack": 34683
        },
        {
            "timestamp": 1777177031.618844,
            "messages": 0,
            "ack": 34685
        },
        {
            "timestamp": 1777177036.624175,
            "messages": 0,
            "ack": 34685
        },
        {
            "timestamp": 1777177041.629505,
            "messages": 0,
            "ack": 34687
        },
        {
            "timestamp": 1777177046.635069,
            "messages": 0,
            "ack": 34687
        },
        {
            "timestamp": 1777177051.641248,
            "messages": 0,
            "ack": 34689
        },
        {
            "timestamp": 1777177056.647293,
            "messages": 0,
            "ack": 34689
        },
        {
            "timestamp": 1777177061.653049,
            "messages": 0,
            "ack": 34691
        },
        {
            "timestamp": 1777177066.658561,
            "messages": 0,
            "ack": 34691
        },
        {
            "timestamp": 1777177071.663725,
            "messages": 0,
            "ack": 34693
        },
        {
            "timestamp": 1777177076.668876,
            "messages": 0,
            "ack": 34693
        },
        {
            "timestamp": 1777177081.67457,
            "messages": 0,
            "ack": 34695
        },
        {
            "timestamp": 1777177086.679783,
            "messages": 0,
            "ack": 34695
        },
        {
            "timestamp": 1777177091.685873,
            "messages": 0,
            "ack": 34697
        },
        {
            "timestamp": 1777177096.692722,
            "messages": 0,
            "ack": 34697
        },
        {
            "timestamp": 1777177101.698176,
            "messages": 0,
            "ack": 34699
        },
        {
            "timestamp": 1777177106.703982,
            "messages": 0,
            "ack": 34699
        },
        {
            "timestamp": 1777177111.709799,
            "messages": 0,
            "ack": 34701
        },
        {
            "timestamp": 1777177116.714788,
            "messages": 0,
            "ack": 34701
        },
        {
            "timestamp": 1777177121.720507,
            "messages": 0,
            "ack": 34703
        },
        {
            "timestamp": 1777177126.726546,
            "messages": 0,
            "ack": 34703
        },
        {
            "timestamp": 1777177131.732204,
            "messages": 0,
            "ack": 34705
        },
        {
            "timestamp": 1777177136.73792,
            "messages": 0,
            "ack": 34705
        },
        {
            "timestamp": 1777177141.743937,
            "messages": 0,
            "ack": 34707
        },
        {
            "timestamp": 1777177146.749159,
            "messages": 0,
            "ack": 34707
        },
        {
            "timestamp": 1777177149.038815,
            "messages": 0,
            "ack": 34707
        }
    ]
}