Процесс: 43385
УПРАВЛЯЮЩИЙ ПРОЦЕСС
Родитель: 13546
Создан: 2026-04-26T07:14:04.620000
Последний замер: 2026-04-26T07:19:07.080119
Время жизни: 302.460119 сек
voluntary_ctxt_switches: 1449
nonvoluntary_ctxt_switches: 2
jiffies: 59.0
avg_cpu_load: 0.1 %
avg_memory_mb: 42.7 MB


Процесс: 43392
Родитель: 43385
Создан: 2026-04-26T07:14:05.020000
Последний замер: 2026-04-26T07:19:07.080335
Время жизни: 302.060335 сек
voluntary_ctxt_switches: 162
nonvoluntary_ctxt_switches: 75
jiffies: 1297.0
avg_cpu_load: 4.3 %
avg_memory_mb: 109.0 MB

Среднее latency: 1.64
Средний runtime: 1.63
Всего задач: 30
Задач по типам: cpu_intensive - 20; memory_intensive - 10

Процесс: 43393
Родитель: 43385
Создан: 2026-04-26T07:14:05.040000
Последний замер: 2026-04-26T07:19:07.080537
Время жизни: 302.040537 сек
voluntary_ctxt_switches: 161
nonvoluntary_ctxt_switches: 110
jiffies: 1342.0
avg_cpu_load: 4.5 %
avg_memory_mb: 111.3 MB

Среднее latency: 1.66
Средний runtime: 1.65
Всего задач: 30
Задач по типам: cpu_intensive - 20; memory_intensive - 10

