{
    "active_periods": [
        {
            "start": 1778776834.68859,
            "end": 1778777137.401937,
            "duration_sec": 302.7133469581604,
            "tasks_completed": 544,
            "throughput_tps": 1.7970796645289284
        }
    ],
    "history": [
        {
            "timestamp": 1778776834.68859,
            "messages": 0,
            "ack": 12075
        },
        {
            "timestamp": 1778776839.695827,
            "messages": 0,
            "ack": 12075
        },
        {
            "timestamp": 1778776844.701644,
            "messages": 16,
            "ack": 12083
        },
        {
            "timestamp": 1778776849.70635,
            "messages": 40,
            "ack": 12090
        },
        {
            "timestamp": 1778776854.71277,
            "messages": 51,
            "ack": 12101
        },
        {
            "timestamp": 1778776859.720786,
            "messages": 72,
            "ack": 12110
        },
        {
            "timestamp": 1778776864.728067,
            "messages": 88,
            "ack": 12118
        },
        {
            "timestamp": 1778776869.734564,
            "messages": 107,
            "ack": 12128
        },
        {
            "timestamp": 1778776874.739152,
            "messages": 123,
            "ack": 12136
        },
        {
            "timestamp": 1778776879.744576,
            "messages": 137,
            "ack": 12146
        },
        {
            "timestamp": 1778776884.749954,
            "messages": 161,
            "ack": 12154
        },
        {
            "timestamp": 1778776889.754673,
            "messages": 175,
            "ack": 12164
        },
        {
            "timestamp": 1778776894.759265,
            "messages": 175,
            "ack": 12172
        },
        {
            "timestamp": 1778776899.763681,
            "messages": 184,
            "ack": 12182
        },
        {
            "timestamp": 1778776904.769011,
            "messages": 208,
            "ack": 12190
        },
        {
            "timestamp": 1778776909.773654,
            "messages": 222,
            "ack": 12200
        },
        {
            "timestamp": 1778776914.778108,
            "messages": 246,
            "ack": 12208
        },
        {
            "timestamp": 1778776919.782962,
            "messages": 260,
            "ack": 12218
        },
        {
            "timestamp": 1778776924.787763,
            "messages": 276,
            "ack": 12226
        },
        {
            "timestamp": 1778776929.792058,
            "messages": 287,
            "ack": 12236
        },
        {
            "timestamp": 1778776934.797685,
            "messages": 311,
            "ack": 12244
        },
        {
            "timestamp": 1778776939.802235,
            "messages": 325,
            "ack": 12254
        },
        {
            "timestamp": 1778776944.807211,
            "messages": 349,
            "ack": 12262
        },
        {
            "timestamp": 1778776949.812562,
            "messages": 363,
            "ack": 12272
        },
        {
            "timestamp": 1778776954.817758,
            "messages": 363,
            "ack": 12280
        },
        {
            "timestamp": 1778776959.823058,
            "messages": 372,
            "ack": 12290
        },
        {
            "timestamp": 1778776964.829202,
            "messages": 388,
            "ack": 12298
        },
        {
            "timestamp": 1778776969.834809,
            "messages": 410,
            "ack": 12308
        },
        {
            "timestamp": 1778776974.839576,
            "messages": 426,
            "ack": 12316
        },
        {
            "timestamp": 1778776979.845023,
            "messages": 448,
            "ack": 12326
        },
        {
            "timestamp": 1778776984.849877,
            "messages": 464,
            "ack": 12334
        },
        {
            "timestamp": 1778776989.856901,
            "messages": 475,
            "ack": 12344
        },
        {
            "timestamp": 1778776994.863764,
            "messages": 499,
            "ack": 12359
        },
        {
            "timestamp": 1778776999.868833,
            "messages": 513,
            "ack": 12367
        },
        {
            "timestamp": 1778777004.873996,
            "messages": 537,
            "ack": 12377
        },
        {
            "timestamp": 1778777009.879135,
            "messages": 551,
            "ack": 12385
        },
        {
            "timestamp": 1778777014.884535,
            "messages": 560,
            "ack": 12395
        },
        {
            "timestamp": 1778777019.889595,
            "messages": 576,
            "ack": 12403
        },
        {
            "timestamp": 1778777024.893703,
            "messages": 576,
            "ack": 12413
        },
        {
            "timestamp": 1778777029.898678,
            "messages": 598,
            "ack": 12421
        },
        {
            "timestamp": 1778777034.903545,
            "messages": 614,
            "ack": 12431
        },
        {
            "timestamp": 1778777039.908318,
            "messages": 633,
            "ack": 12439
        },
        {
            "timestamp": 1778777044.912149,
            "messages": 649,
            "ack": 12449
        },
        {
            "timestamp": 1778777049.916731,
            "messages": 663,
            "ack": 12457
        },
        {
            "timestamp": 1778777054.923585,
            "messages": 687,
            "ack": 12467
        },
        {
            "timestamp": 1778777059.927438,
            "messages": 701,
            "ack": 12475
        },
        {
            "timestamp": 1778777064.932048,
            "messages": 718,
            "ack": 12485
        },
        {
            "timestamp": 1778777069.937394,
            "messages": 734,
            "ack": 12493
        },
        {
            "timestamp": 1778777074.94168,
            "messages": 734,
            "ack": 12503
        },
        {
            "timestamp": 1778777079.946029,
            "messages": 756,
            "ack": 12511
        },
        {
            "timestamp": 1778777084.951696,
            "messages": 772,
            "ack": 12521
        },
        {
            "timestamp": 1778777089.955652,
            "messages": 783,
            "ack": 12529
        },
        {
            "timestamp": 1778777094.960527,
            "messages": 807,
            "ack": 12539
        },
        {
            "timestamp": 1778777099.965168,
            "messages": 821,
            "ack": 12547
        },
        {
            "timestamp": 1778777104.969392,
            "messages": 845,
            "ack": 12565
        },
        {
            "timestamp": 1778777109.973266,
            "messages": 859,
            "ack": 12575
        },
        {
            "timestamp": 1778777114.977135,
            "messages": 868,
            "ack": 12583
        },
        {
            "timestamp": 1778777119.983081,
            "messages": 884,
            "ack": 12593
        },
        {
            "timestamp": 1778777124.987935,
            "messages": 906,
            "ack": 12600
        },
        {
            "timestamp": 1778777129.992032,
            "messages": 923,
            "ack": 12611
        },
        {
            "timestamp": 1778777134.997,
            "messages": 923,
            "ack": 12619
        },
        {
            "timestamp": 1778777137.39534,
            "messages": 944,
            "ack": 12619
        }
    ]
}