Процесс: 46439
УПРАВЛЯЮЩИЙ ПРОЦЕСС
Родитель: 13546
Создан: 2026-04-26T07:52:21.130000
Последний замер: 2026-04-26T07:57:25.003074
Время жизни: 303.873074 сек
voluntary_ctxt_switches: 3498
nonvoluntary_ctxt_switches: 34
jiffies: 126.0
avg_cpu_load: 0.3 %
avg_memory_mb: 42.7 MB


Процесс: 46447
Родитель: 46439
Создан: 2026-04-26T07:52:21.550000
Последний замер: 2026-04-26T07:57:25.003309
Время жизни: 303.453309 сек
voluntary_ctxt_switches: 994
nonvoluntary_ctxt_switches: 1419
jiffies: 7911.0
avg_cpu_load: 26.2 %
avg_memory_mb: 119.6 MB

Среднее latency: 6.32
Средний runtime: 1.65
Всего задач: 183
Задач по типам: memory_intensive - 62; cpu_intensive - 121

Процесс: 46448
Родитель: 46439
Создан: 2026-04-26T07:52:21.570000
Последний замер: 2026-04-26T07:57:25.003512
Время жизни: 303.433512 сек
voluntary_ctxt_switches: 954
nonvoluntary_ctxt_switches: 1557
jiffies: 8205.0
avg_cpu_load: 27.0 %
avg_memory_mb: 117.3 MB

Среднее latency: 6.3
Средний runtime: 1.65
Всего задач: 183
Задач по типам: cpu_intensive - 125; memory_intensive - 58

Процесс: 46449
Родитель: 46439
Создан: 2026-04-26T07:52:21.590000
Последний замер: 2026-04-26T07:57:25.003738
Время жизни: 303.413738 сек
voluntary_ctxt_switches: 981
nonvoluntary_ctxt_switches: 1619
jiffies: 8028.0
avg_cpu_load: 26.7 %
avg_memory_mb: 103.1 MB

Среднее latency: 6.85
Средний runtime: 1.65
Всего задач: 183
Задач по типам: cpu_intensive - 122; memory_intensive - 61

Процесс: 46450
Родитель: 46439
Создан: 2026-04-26T07:52:21.620000
Последний замер: 2026-04-26T07:57:25.003942
Время жизни: 303.383942 сек
voluntary_ctxt_switches: 1003
nonvoluntary_ctxt_switches: 1514
jiffies: 7966.0
avg_cpu_load: 26.2 %
avg_memory_mb: 108.9 MB

Среднее latency: 6.83
Средний runtime: 1.65
Всего задач: 183
Задач по типам: cpu_intensive - 120; memory_intensive - 63

