{
    "active_periods": [
        {
            "start": 1777213860.770359,
            "end": 1777214164.826115,
            "duration_sec": 304.05575585365295,
            "tasks_completed": 725,
            "throughput_tps": 2.384431098712548
        }
    ],
    "history": [
        {
            "timestamp": 1777213860.770359,
            "messages": 0,
            "ack": 85349
        },
        {
            "timestamp": 1777213865.776806,
            "messages": 0,
            "ack": 85349
        },
        {
            "timestamp": 1777213870.782514,
            "messages": 8,
            "ack": 85361
        },
        {
            "timestamp": 1777213875.788127,
            "messages": 6,
            "ack": 85373
        },
        {
            "timestamp": 1777213880.79444,
            "messages": 6,
            "ack": 85385
        },
        {
            "timestamp": 1777213885.799156,
            "messages": 5,
            "ack": 85398
        },
        {
            "timestamp": 1777213890.804651,
            "messages": 4,
            "ack": 85410
        },
        {
            "timestamp": 1777213895.810236,
            "messages": 8,
            "ack": 85423
        },
        {
            "timestamp": 1777213900.815867,
            "messages": 8,
            "ack": 85435
        },
        {
            "timestamp": 1777213905.820641,
            "messages": 6,
            "ack": 85447
        },
        {
            "timestamp": 1777213910.826735,
            "messages": 6,
            "ack": 85459
        },
        {
            "timestamp": 1777213915.831316,
            "messages": 9,
            "ack": 85473
        },
        {
            "timestamp": 1777213920.835334,
            "messages": 8,
            "ack": 85485
        },
        {
            "timestamp": 1777213925.839461,
            "messages": 8,
            "ack": 85497
        },
        {
            "timestamp": 1777213930.845179,
            "messages": 12,
            "ack": 85509
        },
        {
            "timestamp": 1777213935.850976,
            "messages": 10,
            "ack": 85521
        },
        {
            "timestamp": 1777213940.856311,
            "messages": 10,
            "ack": 85532
        },
        {
            "timestamp": 1777213945.861998,
            "messages": 10,
            "ack": 85544
        },
        {
            "timestamp": 1777213950.866463,
            "messages": 10,
            "ack": 85556
        },
        {
            "timestamp": 1777213955.871794,
            "messages": 14,
            "ack": 85568
        },
        {
            "timestamp": 1777213960.876989,
            "messages": 13,
            "ack": 85581
        },
        {
            "timestamp": 1777213965.882259,
            "messages": 12,
            "ack": 85593
        },
        {
            "timestamp": 1777213970.888263,
            "messages": 12,
            "ack": 85605
        },
        {
            "timestamp": 1777213975.892633,
            "messages": 14,
            "ack": 85617
        },
        {
            "timestamp": 1777213980.89849,
            "messages": 14,
            "ack": 85629
        },
        {
            "timestamp": 1777213985.903667,
            "messages": 13,
            "ack": 85639
        },
        {
            "timestamp": 1777213990.908747,
            "messages": 14,
            "ack": 85651
        },
        {
            "timestamp": 1777213995.912982,
            "messages": 18,
            "ack": 85663
        },
        {
            "timestamp": 1777214000.91766,
            "messages": 18,
            "ack": 85675
        },
        {
            "timestamp": 1777214005.922062,
            "messages": 18,
            "ack": 85687
        },
        {
            "timestamp": 1777214010.926746,
            "messages": 17,
            "ack": 85698
        },
        {
            "timestamp": 1777214015.93108,
            "messages": 20,
            "ack": 85710
        },
        {
            "timestamp": 1777214020.935226,
            "messages": 19,
            "ack": 85722
        },
        {
            "timestamp": 1777214025.939497,
            "messages": 19,
            "ack": 85734
        },
        {
            "timestamp": 1777214030.944198,
            "messages": 19,
            "ack": 85746
        },
        {
            "timestamp": 1777214035.949573,
            "messages": 22,
            "ack": 85758
        },
        {
            "timestamp": 1777214040.954014,
            "messages": 22,
            "ack": 85770
        },
        {
            "timestamp": 1777214045.958731,
            "messages": 20,
            "ack": 85783
        },
        {
            "timestamp": 1777214050.963132,
            "messages": 19,
            "ack": 85795
        },
        {
            "timestamp": 1777214055.967209,
            "messages": 19,
            "ack": 85807
        },
        {
            "timestamp": 1777214060.972373,
            "messages": 23,
            "ack": 85819
        },
        {
            "timestamp": 1777214065.977723,
            "messages": 23,
            "ack": 85831
        },
        {
            "timestamp": 1777214070.982836,
            "messages": 22,
            "ack": 85843
        },
        {
            "timestamp": 1777214075.988842,
            "messages": 22,
            "ack": 85855
        },
        {
            "timestamp": 1777214080.994747,
            "messages": 26,
            "ack": 85867
        },
        {
            "timestamp": 1777214085.999756,
            "messages": 24,
            "ack": 85879
        },
        {
            "timestamp": 1777214091.005759,
            "messages": 24,
            "ack": 85891
        },
        {
            "timestamp": 1777214096.010937,
            "messages": 23,
            "ack": 85903
        },
        {
            "timestamp": 1777214101.016927,
            "messages": 23,
            "ack": 85916
        },
        {
            "timestamp": 1777214106.022747,
            "messages": 27,
            "ack": 85929
        },
        {
            "timestamp": 1777214111.029351,
            "messages": 27,
            "ack": 85941
        },
        {
            "timestamp": 1777214116.035178,
            "messages": 26,
            "ack": 85954
        },
        {
            "timestamp": 1777214121.041433,
            "messages": 26,
            "ack": 85966
        },
        {
            "timestamp": 1777214126.047701,
            "messages": 29,
            "ack": 85978
        },
        {
            "timestamp": 1777214131.054105,
            "messages": 28,
            "ack": 85990
        },
        {
            "timestamp": 1777214136.059216,
            "messages": 27,
            "ack": 86002
        },
        {
            "timestamp": 1777214141.06391,
            "messages": 27,
            "ack": 86014
        },
        {
            "timestamp": 1777214146.068717,
            "messages": 31,
            "ack": 86026
        },
        {
            "timestamp": 1777214151.073394,
            "messages": 30,
            "ack": 86038
        },
        {
            "timestamp": 1777214156.079785,
            "messages": 30,
            "ack": 86050
        },
        {
            "timestamp": 1777214161.085518,
            "messages": 30,
            "ack": 86062
        },
        {
            "timestamp": 1777214164.810479,
            "messages": 28,
            "ack": 86074
        }
    ]
}