Процесс: 94656
УПРАВЛЯЮЩИЙ ПРОЦЕСС
Родитель: 13546
Создан: 2026-04-26T17:30:58.970000
Последний замер: 2026-04-26T17:36:02.847943
Время жизни: 303.877943 сек
voluntary_ctxt_switches: 3551
nonvoluntary_ctxt_switches: 32
jiffies: 136.0
avg_cpu_load: 0.4 %
avg_memory_mb: 42.8 MB


Процесс: 94663
Родитель: 94656
Создан: 2026-04-26T17:30:59.370000
Последний замер: 2026-04-26T17:32:58.874328
Время жизни: 119.504328 сек
voluntary_ctxt_switches: 384
nonvoluntary_ctxt_switches: 619
jiffies: 3103.0
avg_cpu_load: 26.1 %
avg_memory_mb: 114.6 MB

Среднее latency: 3.87
Средний runtime: 1.66
Всего задач: 71
Задач по типам: cpu_intensive - 47; memory_intensive - 24

Процесс: 94664
Родитель: 94656
Создан: 2026-04-26T17:30:59.390000
Последний замер: 2026-04-26T17:32:21.271304
Время жизни: 81.881304 сек
voluntary_ctxt_switches: 218
nonvoluntary_ctxt_switches: 403
jiffies: 2380.0
avg_cpu_load: 29.2 %
avg_memory_mb: 109.2 MB

Среднее latency: 2.96
Средний runtime: 1.64
Всего задач: 49
Задач по типам: cpu_intensive - 37; memory_intensive - 12

Процесс: 94733
Родитель: 94656
Создан: 2026-04-26T17:31:00.460000
Последний замер: 2026-04-26T17:35:30.335756
Время жизни: 269.875756 сек
voluntary_ctxt_switches: 896
nonvoluntary_ctxt_switches: 1227
jiffies: 7034.0
avg_cpu_load: 26.1 %
avg_memory_mb: 117.6 MB

Среднее latency: 6.23
Средний runtime: 1.65
Всего задач: 163
Задач по типам: cpu_intensive - 107; memory_intensive - 56

Процесс: 94734
Родитель: 94656
Создан: 2026-04-26T17:31:00.490000
Последний замер: 2026-04-26T17:36:02.848268
Время жизни: 302.358268 сек
voluntary_ctxt_switches: 994
nonvoluntary_ctxt_switches: 1910
jiffies: 7865.0
avg_cpu_load: 26.0 %
avg_memory_mb: 115.6 MB

Среднее latency: 7.19
Средний runtime: 1.66
Всего задач: 182
Задач по типам: memory_intensive - 62; cpu_intensive - 120

Процесс: 94805
Родитель: 94656
Создан: 2026-04-26T17:32:21.320000
Последний замер: 2026-04-26T17:36:02.848637
Время жизни: 221.528637 сек
voluntary_ctxt_switches: 707
nonvoluntary_ctxt_switches: 1118
jiffies: 5920.0
avg_cpu_load: 26.5 %
avg_memory_mb: 115.8 MB

Среднее latency: 8.33
Средний runtime: 1.65
Всего задач: 134
Задач по типам: cpu_intensive - 90; memory_intensive - 44

Процесс: 94871
Родитель: 94656
Создан: 2026-04-26T17:33:00.490000
Последний замер: 2026-04-26T17:36:02.848840
Время жизни: 182.35884 сек
voluntary_ctxt_switches: 597
nonvoluntary_ctxt_switches: 597
jiffies: 4822.0
avg_cpu_load: 26.4 %
avg_memory_mb: 120.3 MB

Среднее latency: 9.84
Средний runtime: 1.66
Всего задач: 110
Задач по типам: memory_intensive - 37; cpu_intensive - 73

Процесс: 95024
Родитель: 94656
Создан: 2026-04-26T17:35:30.100000
Последний замер: 2026-04-26T17:36:02.849159
Время жизни: 32.749159 сек
voluntary_ctxt_switches: 119
nonvoluntary_ctxt_switches: 94
jiffies: 772.0
avg_cpu_load: 25.8 %
avg_memory_mb: 119.3 MB

Среднее latency: 12.12
Средний runtime: 1.65
Всего задач: 20
Задач по типам: memory_intensive - 8; cpu_intensive - 12

