{
    "298313": {
        "ppid": "254983",
        "name": "celery",
        "cmdline": "/home/experimenter/projects/celery-autoscale/.venv/bin/python3 /home/experimenter/projects/celery-autoscale/.venv/bin/celery -A celery_app worker --loglevel=INFO --concurrency=2 --pool=eventlet",
        "create_time": "2026-05-14T22:23:49.500000",
        "last_update": "2026-05-14T22:28:51.258785",
        "voluntary_ctxt_switches": 2236,
        "nonvoluntary_ctxt_switches": 490,
        "jiffies": 5985,
        "stats": [
            {
                "memory_mb": 52.28125,
                "cpu_percent": 0.0,
                "timestamp": 1778786630.5625777
            },
            {
                "memory_mb": 52.75,
                "cpu_percent": 29.6,
                "timestamp": 1778786631.6110792
            },
            {
                "memory_mb": 52.78125,
                "cpu_percent": 37.1,
                "timestamp": 1778786632.66301
            },
            {
                "memory_mb": 52.7890625,
                "cpu_percent": 66.8,
                "timestamp": 1778786633.7106946
            },
            {
                "memory_mb": 52.79296875,
                "cpu_percent": 0.0,
                "timestamp": 1778786634.762795
            },
            {
                "memory_mb": 52.79296875,
                "cpu_percent": 0.0,
                "timestamp": 1778786635.815695
            },
            {
                "memory_mb": 126.59765625,
                "cpu_percent": 9.5,
                "timestamp": 1778786636.8687656
            },
            {
                "memory_mb": 145.02734375,
                "cpu_percent": 64.7,
                "timestamp": 1778786637.9204311
            },
            {
                "memory_mb": 135.3203125,
                "cpu_percent": 2.9,
                "timestamp": 1778786638.9720643
            },
            {
                "memory_mb": 135.3203125,
                "cpu_percent": 0.0,
                "timestamp": 1778786640.0239549
            },
            {
                "memory_mb": 135.32421875,
                "cpu_percent": 6.7,
                "timestamp": 1778786641.0715532
            },
            {
                "memory_mb": 135.328125,
                "cpu_percent": 60.8,
                "timestamp": 1778786642.1241865
            },
            {
                "memory_mb": 144.87109375,
                "cpu_percent": 3.8,
                "timestamp": 1778786643.1762078
            },
            {
                "memory_mb": 124.69140625,
                "cpu_percent": 2.9,
                "timestamp": 1778786644.228257
            },
            {
                "memory_mb": 124.69140625,
                "cpu_percent": 0.0,
                "timestamp": 1778786645.2800744
            },
            {
                "memory_mb": 124.6953125,
                "cpu_percent": 30.6,
                "timestamp": 1778786646.3273516
            },
            {
                "memory_mb": 124.69921875,
                "cpu_percent": 37.1,
                "timestamp": 1778786647.3796203
            },
            {
                "memory_mb": 124.6953125,
                "cpu_percent": 68.8,
                "timestamp": 1778786648.42618
            },
            {
                "memory_mb": 124.69140625,
                "cpu_percent": 0.0,
                "timestamp": 1778786649.4787843
            },
            {
                "memory_mb": 124.6953125,
                "cpu_percent": 0.9,
                "timestamp": 1778786650.5325751
            },
            {
                "memory_mb": 124.703125,
                "cpu_percent": 2.9,
                "timestamp": 1778786651.58433
            },
            {
                "memory_mb": 144.8828125,
                "cpu_percent": 61.1,
                "timestamp": 1778786652.631434
            },
            {
                "memory_mb": 135.171875,
                "cpu_percent": 11.4,
                "timestamp": 1778786653.6837447
            },
            {
                "memory_mb": 135.171875,
                "cpu_percent": 0.0,
                "timestamp": 1778786654.73665
            },
            {
                "memory_mb": 135.171875,
                "cpu_percent": 0.0,
                "timestamp": 1778786655.789512
            },
            {
                "memory_mb": 135.1796875,
                "cpu_percent": 66.5,
                "timestamp": 1778786656.842029
            },
            {
                "memory_mb": 144.87890625,
                "cpu_percent": 4.8,
                "timestamp": 1778786657.893732
            },
            {
                "memory_mb": 135.171875,
                "cpu_percent": 2.8,
                "timestamp": 1778786658.9466517
            },
            {
                "memory_mb": 135.171875,
                "cpu_percent": 0.0,
                "timestamp": 1778786659.9982102
            },
            {
                "memory_mb": 135.17578125,
                "cpu_percent": 4.7,
                "timestamp": 1778786661.0539856
            },
            {
                "memory_mb": 135.1796875,
                "cpu_percent": 61.8,
                "timestamp": 1778786662.106157
            },
            {
                "memory_mb": 135.17578125,
                "cpu_percent": 43.9,
                "timestamp": 1778786663.1537213
            },
            {
                "memory_mb": 135.171875,
                "cpu_percent": 29.5,
                "timestamp": 1778786664.206115
            },
            {
                "memory_mb": 135.171875,
                "cpu_percent": 0.0,
                "timestamp": 1778786665.2579288
            },
            {
                "memory_mb": 135.1796875,
                "cpu_percent": 1.0,
                "timestamp": 1778786666.3102846
            },
            {
                "memory_mb": 144.8828125,
                "cpu_percent": 36.2,
                "timestamp": 1778786667.3592174
            },
            {
                "memory_mb": 135.171875,
                "cpu_percent": 38.2,
                "timestamp": 1778786668.4067981
            },
            {
                "memory_mb": 135.171875,
                "cpu_percent": 0.0,
                "timestamp": 1778786669.4586873
            },
            {
                "memory_mb": 135.171875,
                "cpu_percent": 0.0,
                "timestamp": 1778786670.5105398
            },
            {
                "memory_mb": 135.17578125,
                "cpu_percent": 50.6,
                "timestamp": 1778786671.5579607
            },
            {
                "memory_mb": 135.1796875,
                "cpu_percent": 20.9,
                "timestamp": 1778786672.6099205
            },
            {
                "memory_mb": 124.6953125,
                "cpu_percent": 4.8,
                "timestamp": 1778786673.6617398
            },
            {
                "memory_mb": 124.6953125,
                "cpu_percent": 0.0,
                "timestamp": 1778786674.7137814
            },
            {
                "memory_mb": 124.6953125,
                "cpu_percent": 0.0,
                "timestamp": 1778786675.765072
            },
            {
                "memory_mb": 124.703125,
                "cpu_percent": 65.6,
                "timestamp": 1778786676.81718
            },
            {
                "memory_mb": 124.69921875,
                "cpu_percent": 14.3,
                "timestamp": 1778786677.864996
            },
            {
                "memory_mb": 124.6953125,
                "cpu_percent": 57.0,
                "timestamp": 1778786678.9169958
            },
            {
                "memory_mb": 124.6953125,
                "cpu_percent": 0.0,
                "timestamp": 1778786679.9692223
            },
            {
                "memory_mb": 124.6953125,
                "cpu_percent": 0.0,
                "timestamp": 1778786681.0225499
            },
            {
                "memory_mb": 144.87890625,
                "cpu_percent": 10.5,
                "timestamp": 1778786682.0744648
            },
            {
                "memory_mb": 144.875,
                "cpu_percent": 63.7,
                "timestamp": 1778786683.1265745
            },
            {
                "memory_mb": 135.171875,
                "cpu_percent": 1.9,
                "timestamp": 1778786684.178592
            },
            {
                "memory_mb": 135.171875,
                "cpu_percent": 1.0,
                "timestamp": 1778786685.23045
            },
            {
                "memory_mb": 135.17578125,
                "cpu_percent": 22.9,
                "timestamp": 1778786686.2791028
            },
            {
                "memory_mb": 135.1796875,
                "cpu_percent": 45.7,
                "timestamp": 1778786687.3305607
            },
            {
                "memory_mb": 144.87890625,
                "cpu_percent": 2.9,
                "timestamp": 1778786688.3822255
            },
            {
                "memory_mb": 135.17578125,
                "cpu_percent": 3.8,
                "timestamp": 1778786689.4348078
            },
            {
                "memory_mb": 135.17578125,
                "cpu_percent": 0.0,
                "timestamp": 1778786690.4868782
            },
            {
                "memory_mb": 135.1796875,
                "cpu_percent": 46.8,
                "timestamp": 1778786691.5340383
            },
            {
                "memory_mb": 135.18359375,
                "cpu_percent": 19.0,
                "timestamp": 1778786692.5863857
            },
            {
                "memory_mb": 135.17578125,
                "cpu_percent": 66.6,
                "timestamp": 1778786693.638061
            },
            {
                "memory_mb": 135.17578125,
                "cpu_percent": 0.0,
                "timestamp": 1778786694.6899993
            },
            {
                "memory_mb": 135.17578125,
                "cpu_percent": 0.0,
                "timestamp": 1778786695.741545
            },
            {
                "memory_mb": 135.18359375,
                "cpu_percent": 3.8,
                "timestamp": 1778786696.7933872
            },
            {
                "memory_mb": 144.875,
                "cpu_percent": 67.5,
                "timestamp": 1778786697.8456433
            },
            {
                "memory_mb": 135.171875,
                "cpu_percent": 2.9,
                "timestamp": 1778786698.8977795
            },
            {
                "memory_mb": 135.171875,
                "cpu_percent": 0.0,
                "timestamp": 1778786699.9515536
            },
            {
                "memory_mb": 135.171875,
                "cpu_percent": 0.0,
                "timestamp": 1778786701.0037694
            },
            {
                "memory_mb": 135.1796875,
                "cpu_percent": 68.5,
                "timestamp": 1778786702.0555952
            },
            {
                "memory_mb": 144.875,
                "cpu_percent": 3.8,
                "timestamp": 1778786703.1075113
            },
            {
                "memory_mb": 135.171875,
                "cpu_percent": 2.9,
                "timestamp": 1778786704.1594958
            },
            {
                "memory_mb": 135.171875,
                "cpu_percent": 0.0,
                "timestamp": 1778786705.2117984
            },
            {
                "memory_mb": 135.17578125,
                "cpu_percent": 21.0,
                "timestamp": 1778786706.2607563
            },
            {
                "memory_mb": 135.1796875,
                "cpu_percent": 45.6,
                "timestamp": 1778786707.312727
            },
            {
                "memory_mb": 135.17578125,
                "cpu_percent": 59.1,
                "timestamp": 1778786708.3609905
            },
            {
                "memory_mb": 135.171875,
                "cpu_percent": 8.6,
                "timestamp": 1778786709.4128752
            },
            {
                "memory_mb": 135.171875,
                "cpu_percent": 0.0,
                "timestamp": 1778786710.4649029
            },
            {
                "memory_mb": 135.1796875,
                "cpu_percent": 1.9,
                "timestamp": 1778786711.516873
            },
            {
                "memory_mb": 144.8828125,
                "cpu_percent": 51.6,
                "timestamp": 1778786712.5639782
            },
            {
                "memory_mb": 135.17578125,
                "cpu_percent": 20.0,
                "timestamp": 1778786713.6162076
            },
            {
                "memory_mb": 135.17578125,
                "cpu_percent": 0.0,
                "timestamp": 1778786714.6682327
            },
            {
                "memory_mb": 135.17578125,
                "cpu_percent": 0.0,
                "timestamp": 1778786715.7198198
            },
            {
                "memory_mb": 135.18359375,
                "cpu_percent": 66.8,
                "timestamp": 1778786716.767918
            },
            {
                "memory_mb": 144.875,
                "cpu_percent": 5.7,
                "timestamp": 1778786717.819156
            },
            {
                "memory_mb": 135.171875,
                "cpu_percent": 2.9,
                "timestamp": 1778786718.8712041
            },
            {
                "memory_mb": 135.171875,
                "cpu_percent": 0.0,
                "timestamp": 1778786719.9244666
            },
            {
                "memory_mb": 135.171875,
                "cpu_percent": 0.0,
                "timestamp": 1778786720.9760997
            },
            {
                "memory_mb": 135.1796875,
                "cpu_percent": 66.5,
                "timestamp": 1778786722.0287292
            },
            {
                "memory_mb": 135.17578125,
                "cpu_percent": 30.6,
                "timestamp": 1778786723.0758116
            },
            {
                "memory_mb": 135.171875,
                "cpu_percent": 37.1,
                "timestamp": 1778786724.128108
            },
            {
                "memory_mb": 135.171875,
                "cpu_percent": 0.0,
                "timestamp": 1778786725.180088
            },
            {
                "memory_mb": 135.1796875,
                "cpu_percent": 1.0,
                "timestamp": 1778786726.2307584
            },
            {
                "memory_mb": 144.890625,
                "cpu_percent": 24.8,
                "timestamp": 1778786727.2782276
            },
            {
                "memory_mb": 144.88671875,
                "cpu_percent": 44.7,
                "timestamp": 1778786728.330237
            },
            {
                "memory_mb": 135.18359375,
                "cpu_percent": 2.8,
                "timestamp": 1778786729.3831365
            },
            {
                "memory_mb": 135.18359375,
                "cpu_percent": 0.0,
                "timestamp": 1778786730.4351819
            },
            {
                "memory_mb": 135.1875,
                "cpu_percent": 40.1,
                "timestamp": 1778786731.4824052
            },
            {
                "memory_mb": 135.19140625,
                "cpu_percent": 30.4,
                "timestamp": 1778786732.5349665
            },
            {
                "memory_mb": 135.1796875,
                "cpu_percent": 4.8,
                "timestamp": 1778786733.5870085
            },
            {
                "memory_mb": 135.1796875,
                "cpu_percent": 0.0,
                "timestamp": 1778786734.638988
            },
            {
                "memory_mb": 135.1796875,
                "cpu_percent": 0.0,
                "timestamp": 1778786735.6906157
            },
            {
                "memory_mb": 135.18359375,
                "cpu_percent": 64.0,
                "timestamp": 1778786736.7382398
            },
            {
                "memory_mb": 135.18359375,
                "cpu_percent": 4.8,
                "timestamp": 1778786737.7902687
            },
            {
                "memory_mb": 135.1796875,
                "cpu_percent": 65.6,
                "timestamp": 1778786738.8423548
            },
            {
                "memory_mb": 135.1796875,
                "cpu_percent": 0.0,
                "timestamp": 1778786739.8944032
            },
            {
                "memory_mb": 135.1796875,
                "cpu_percent": 0.0,
                "timestamp": 1778786740.946374
            },
            {
                "memory_mb": 135.1875,
                "cpu_percent": 4.8,
                "timestamp": 1778786741.998501
            },
            {
                "memory_mb": 144.88671875,
                "cpu_percent": 66.5,
                "timestamp": 1778786743.0503757
            },
            {
                "memory_mb": 135.18359375,
                "cpu_percent": 2.9,
                "timestamp": 1778786744.1023107
            },
            {
                "memory_mb": 135.18359375,
                "cpu_percent": 0.0,
                "timestamp": 1778786745.1543045
            },
            {
                "memory_mb": 135.1875,
                "cpu_percent": 12.4,
                "timestamp": 1778786746.20189
            },
            {
                "memory_mb": 135.19140625,
                "cpu_percent": 57.2,
                "timestamp": 1778786747.2514992
            },
            {
                "memory_mb": 144.88671875,
                "cpu_percent": 3.8,
                "timestamp": 1778786748.304066
            },
            {
                "memory_mb": 135.18359375,
                "cpu_percent": 3.8,
                "timestamp": 1778786749.3572562
            },
            {
                "memory_mb": 135.18359375,
                "cpu_percent": 0.0,
                "timestamp": 1778786750.4092143
            },
            {
                "memory_mb": 135.1875,
                "cpu_percent": 36.3,
                "timestamp": 1778786751.4567637
            },
            {
                "memory_mb": 135.19140625,
                "cpu_percent": 28.5,
                "timestamp": 1778786752.5089912
            },
            {
                "memory_mb": 135.18359375,
                "cpu_percent": 69.5,
                "timestamp": 1778786753.5599341
            },
            {
                "memory_mb": 135.18359375,
                "cpu_percent": 0.0,
                "timestamp": 1778786754.6120555
            },
            {
                "memory_mb": 135.18359375,
                "cpu_percent": 1.0,
                "timestamp": 1778786755.6634624
            },
            {
                "memory_mb": 135.1953125,
                "cpu_percent": 2.9,
                "timestamp": 1778786756.7156157
            },
            {
                "memory_mb": 144.89453125,
                "cpu_percent": 65.9,
                "timestamp": 1778786757.7630727
            },
            {
                "memory_mb": 135.18359375,
                "cpu_percent": 3.8,
                "timestamp": 1778786758.8153124
            },
            {
                "memory_mb": 135.18359375,
                "cpu_percent": 1.0,
                "timestamp": 1778786759.8675869
            },
            {
                "memory_mb": 135.18359375,
                "cpu_percent": 0.0,
                "timestamp": 1778786760.919854
            },
            {
                "memory_mb": 135.19140625,
                "cpu_percent": 66.5,
                "timestamp": 1778786761.9721842
            },
            {
                "memory_mb": 144.890625,
                "cpu_percent": 4.8,
                "timestamp": 1778786763.024236
            },
            {
                "memory_mb": 135.1875,
                "cpu_percent": 3.8,
                "timestamp": 1778786764.076065
            },
            {
                "memory_mb": 135.1875,
                "cpu_percent": 0.0,
                "timestamp": 1778786765.127204
            },
            {
                "memory_mb": 135.19140625,
                "cpu_percent": 7.6,
                "timestamp": 1778786766.174425
            },
            {
                "memory_mb": 135.1953125,
                "cpu_percent": 58.0,
                "timestamp": 1778786767.2267737
            },
            {
                "memory_mb": 135.19140625,
                "cpu_percent": 46.8,
                "timestamp": 1778786768.274091
            },
            {
                "memory_mb": 135.1875,
                "cpu_percent": 20.9,
                "timestamp": 1778786769.3261738
            },
            {
                "memory_mb": 135.1875,
                "cpu_percent": 0.0,
                "timestamp": 1778786770.378207
            },
            {
                "memory_mb": 135.1953125,
                "cpu_percent": 1.9,
                "timestamp": 1778786771.4299226
            },
            {
                "memory_mb": 144.8984375,
                "cpu_percent": 40.1,
                "timestamp": 1778786772.4775445
            },
            {
                "memory_mb": 135.19140625,
                "cpu_percent": 32.3,
                "timestamp": 1778786773.5296655
            },
            {
                "memory_mb": 135.19140625,
                "cpu_percent": 0.0,
                "timestamp": 1778786774.581656
            },
            {
                "memory_mb": 135.19140625,
                "cpu_percent": 0.0,
                "timestamp": 1778786775.6337662
            },
            {
                "memory_mb": 135.1953125,
                "cpu_percent": 56.3,
                "timestamp": 1778786776.6808267
            },
            {
                "memory_mb": 135.19921875,
                "cpu_percent": 14.3,
                "timestamp": 1778786777.7329054
            },
            {
                "memory_mb": 135.1875,
                "cpu_percent": 3.8,
                "timestamp": 1778786778.784935
            },
            {
                "memory_mb": 135.1875,
                "cpu_percent": 1.0,
                "timestamp": 1778786779.837237
            },
            {
                "memory_mb": 135.1875,
                "cpu_percent": 0.0,
                "timestamp": 1778786780.8888285
            },
            {
                "memory_mb": 135.1953125,
                "cpu_percent": 66.5,
                "timestamp": 1778786781.9411612
            },
            {
                "memory_mb": 135.19140625,
                "cpu_percent": 18.1,
                "timestamp": 1778786782.9888532
            },
            {
                "memory_mb": 135.1875,
                "cpu_percent": 47.5,
                "timestamp": 1778786784.04155
            },
            {
                "memory_mb": 135.1875,
                "cpu_percent": 0.0,
                "timestamp": 1778786785.0935555
            },
            {
                "memory_mb": 135.1953125,
                "cpu_percent": 1.0,
                "timestamp": 1778786786.1436493
            },
            {
                "memory_mb": 144.90234375,
                "cpu_percent": 13.4,
                "timestamp": 1778786787.1907852
            },
            {
                "memory_mb": 144.8984375,
                "cpu_percent": 57.0,
                "timestamp": 1778786788.2430594
            },
            {
                "memory_mb": 135.1953125,
                "cpu_percent": 2.9,
                "timestamp": 1778786789.294879
            },
            {
                "memory_mb": 135.1953125,
                "cpu_percent": 0.0,
                "timestamp": 1778786790.3464115
            },
            {
                "memory_mb": 135.19921875,
                "cpu_percent": 27.7,
                "timestamp": 1778786791.393686
            },
            {
                "memory_mb": 135.203125,
                "cpu_percent": 42.8,
                "timestamp": 1778786792.4453945
            },
            {
                "memory_mb": 135.1875,
                "cpu_percent": 4.8,
                "timestamp": 1778786793.4973805
            },
            {
                "memory_mb": 135.1875,
                "cpu_percent": 0.0,
                "timestamp": 1778786794.548566
            },
            {
                "memory_mb": 135.1875,
                "cpu_percent": 0.0,
                "timestamp": 1778786795.6005588
            },
            {
                "memory_mb": 135.19140625,
                "cpu_percent": 51.6,
                "timestamp": 1778786796.6478863
            },
            {
                "memory_mb": 135.1953125,
                "cpu_percent": 14.3,
                "timestamp": 1778786797.699963
            },
            {
                "memory_mb": 135.1875,
                "cpu_percent": 66.6,
                "timestamp": 1778786798.751594
            },
            {
                "memory_mb": 135.1875,
                "cpu_percent": 0.0,
                "timestamp": 1778786799.798298
            },
            {
                "memory_mb": 135.1875,
                "cpu_percent": 0.0,
                "timestamp": 1778786800.8499043
            },
            {
                "memory_mb": 135.1953125,
                "cpu_percent": 4.8,
                "timestamp": 1778786801.9013088
            },
            {
                "memory_mb": 144.8984375,
                "cpu_percent": 66.5,
                "timestamp": 1778786802.953353
            },
            {
                "memory_mb": 135.1953125,
                "cpu_percent": 2.9,
                "timestamp": 1778786804.0056443
            },
            {
                "memory_mb": 135.1953125,
                "cpu_percent": 0.0,
                "timestamp": 1778786805.0575008
            },
            {
                "memory_mb": 135.1953125,
                "cpu_percent": 0.0,
                "timestamp": 1778786806.1105733
            },
            {
                "memory_mb": 135.203125,
                "cpu_percent": 70.3,
                "timestamp": 1778786807.1627278
            },
            {
                "memory_mb": 144.8984375,
                "cpu_percent": 3.8,
                "timestamp": 1778786808.2147295
            },
            {
                "memory_mb": 135.1875,
                "cpu_percent": 3.8,
                "timestamp": 1778786809.2668834
            },
            {
                "memory_mb": 135.1875,
                "cpu_percent": 0.0,
                "timestamp": 1778786810.3187478
            },
            {
                "memory_mb": 135.19140625,
                "cpu_percent": 23.9,
                "timestamp": 1778786811.3658535
            },
            {
                "memory_mb": 135.1953125,
                "cpu_percent": 39.0,
                "timestamp": 1778786812.418314
            },
            {
                "memory_mb": 135.19140625,
                "cpu_percent": 65.8,
                "timestamp": 1778786813.4665089
            },
            {
                "memory_mb": 135.1875,
                "cpu_percent": 2.9,
                "timestamp": 1778786814.5187106
            },
            {
                "memory_mb": 135.1875,
                "cpu_percent": 0.0,
                "timestamp": 1778786815.5711966
            },
            {
                "memory_mb": 135.1953125,
                "cpu_percent": 2.9,
                "timestamp": 1778786816.6236122
            },
            {
                "memory_mb": 144.90234375,
                "cpu_percent": 54.4,
                "timestamp": 1778786817.6709807
            },
            {
                "memory_mb": 135.1953125,
                "cpu_percent": 17.1,
                "timestamp": 1778786818.722229
            },
            {
                "memory_mb": 135.1953125,
                "cpu_percent": 0.0,
                "timestamp": 1778786819.7743177
            },
            {
                "memory_mb": 135.1953125,
                "cpu_percent": 0.0,
                "timestamp": 1778786820.8267562
            },
            {
                "memory_mb": 135.203125,
                "cpu_percent": 67.6,
                "timestamp": 1778786821.8771374
            },
            {
                "memory_mb": 144.8984375,
                "cpu_percent": 5.7,
                "timestamp": 1778786822.9292831
            },
            {
                "memory_mb": 144.89453125,
                "cpu_percent": 2.9,
                "timestamp": 1778786823.9816697
            },
            {
                "memory_mb": 144.89453125,
                "cpu_percent": 0.0,
                "timestamp": 1778786825.0335994
            },
            {
                "memory_mb": 144.89453125,
                "cpu_percent": 0.0,
                "timestamp": 1778786826.0845299
            },
            {
                "memory_mb": 144.90234375,
                "cpu_percent": 64.6,
                "timestamp": 1778786827.13683
            },
            {
                "memory_mb": 144.8984375,
                "cpu_percent": 35.3,
                "timestamp": 1778786828.1843042
            },
            {
                "memory_mb": 144.89453125,
                "cpu_percent": 33.3,
                "timestamp": 1778786829.236639
            },
            {
                "memory_mb": 144.89453125,
                "cpu_percent": 0.0,
                "timestamp": 1778786830.288534
            },
            {
                "memory_mb": 144.90234375,
                "cpu_percent": 1.0,
                "timestamp": 1778786831.340012
            },
            {
                "memory_mb": 144.90234375,
                "cpu_percent": 27.7,
                "timestamp": 1778786832.387847
            },
            {
                "memory_mb": 135.2421875,
                "cpu_percent": 41.8,
                "timestamp": 1778786833.4403408
            },
            {
                "memory_mb": 135.2421875,
                "cpu_percent": 0.0,
                "timestamp": 1778786834.4925313
            },
            {
                "memory_mb": 135.2421875,
                "cpu_percent": 0.0,
                "timestamp": 1778786835.5444531
            },
            {
                "memory_mb": 135.24609375,
                "cpu_percent": 43.9,
                "timestamp": 1778786836.5916
            },
            {
                "memory_mb": 135.25,
                "cpu_percent": 26.6,
                "timestamp": 1778786837.6433203
            },
            {
                "memory_mb": 135.2421875,
                "cpu_percent": 5.7,
                "timestamp": 1778786838.6948483
            },
            {
                "memory_mb": 135.2421875,
                "cpu_percent": 0.0,
                "timestamp": 1778786839.7474377
            },
            {
                "memory_mb": 135.2421875,
                "cpu_percent": 0.0,
                "timestamp": 1778786840.8003159
            },
            {
                "memory_mb": 135.25,
                "cpu_percent": 67.8,
                "timestamp": 1778786841.847942
            },
            {
                "memory_mb": 135.24609375,
                "cpu_percent": 4.8,
                "timestamp": 1778786842.8973637
            },
            {
                "memory_mb": 135.2421875,
                "cpu_percent": 60.8,
                "timestamp": 1778786843.949551
            },
            {
                "memory_mb": 135.2421875,
                "cpu_percent": 0.0,
                "timestamp": 1778786845.001812
            },
            {
                "memory_mb": 135.2421875,
                "cpu_percent": 0.0,
                "timestamp": 1778786846.0539062
            },
            {
                "memory_mb": 144.90625,
                "cpu_percent": 5.7,
                "timestamp": 1778786847.106366
            },
            {
                "memory_mb": 144.90625,
                "cpu_percent": 62.7,
                "timestamp": 1778786848.1591609
            },
            {
                "memory_mb": 135.24609375,
                "cpu_percent": 2.9,
                "timestamp": 1778786849.2110546
            },
            {
                "memory_mb": 135.24609375,
                "cpu_percent": 0.0,
                "timestamp": 1778786850.264477
            },
            {
                "memory_mb": 135.25,
                "cpu_percent": 16.2,
                "timestamp": 1778786851.3113813
            },
            {
                "memory_mb": 135.25390625,
                "cpu_percent": 52.3,
                "timestamp": 1778786852.3632488
            },
            {
                "memory_mb": 144.90625,
                "cpu_percent": 3.8,
                "timestamp": 1778786853.4156694
            },
            {
                "memory_mb": 135.24609375,
                "cpu_percent": 2.9,
                "timestamp": 1778786854.4674802
            },
            {
                "memory_mb": 135.24609375,
                "cpu_percent": 0.0,
                "timestamp": 1778786855.519907
            },
            {
                "memory_mb": 135.25,
                "cpu_percent": 40.1,
                "timestamp": 1778786856.5683417
            },
            {
                "memory_mb": 135.25390625,
                "cpu_percent": 24.7,
                "timestamp": 1778786857.6204638
            },
            {
                "memory_mb": 135.24609375,
                "cpu_percent": 67.5,
                "timestamp": 1778786858.6729655
            },
            {
                "memory_mb": 135.24609375,
                "cpu_percent": 1.0,
                "timestamp": 1778786859.7247357
            },
            {
                "memory_mb": 135.24609375,
                "cpu_percent": 0.0,
                "timestamp": 1778786860.7793274
            },
            {
                "memory_mb": 135.2578125,
                "cpu_percent": 2.9,
                "timestamp": 1778786861.830947
            },
            {
                "memory_mb": 144.91015625,
                "cpu_percent": 65.9,
                "timestamp": 1778786862.8785665
            },
            {
                "memory_mb": 136.5,
                "cpu_percent": 2.9,
                "timestamp": 1778786863.9303255
            },
            {
                "memory_mb": 136.5,
                "cpu_percent": 0.0,
                "timestamp": 1778786864.9825795
            },
            {
                "memory_mb": 136.5,
                "cpu_percent": 0.0,
                "timestamp": 1778786866.0348456
            },
            {
                "memory_mb": 136.5078125,
                "cpu_percent": 67.5,
                "timestamp": 1778786867.087078
            },
            {
                "memory_mb": 144.9140625,
                "cpu_percent": 4.8,
                "timestamp": 1778786868.1390512
            },
            {
                "memory_mb": 136.5,
                "cpu_percent": 3.8,
                "timestamp": 1778786869.1908743
            },
            {
                "memory_mb": 136.5,
                "cpu_percent": 0.0,
                "timestamp": 1778786870.242831
            },
            {
                "memory_mb": 136.50390625,
                "cpu_percent": 12.4,
                "timestamp": 1778786871.2901824
            },
            {
                "memory_mb": 136.5078125,
                "cpu_percent": 53.2,
                "timestamp": 1778786872.3421788
            },
            {
                "memory_mb": 136.50390625,
                "cpu_percent": 51.5,
                "timestamp": 1778786873.389805
            },
            {
                "memory_mb": 136.5,
                "cpu_percent": 17.1,
                "timestamp": 1778786874.4420216
            },
            {
                "memory_mb": 136.5,
                "cpu_percent": 0.0,
                "timestamp": 1778786875.49408
            },
            {
                "memory_mb": 136.5078125,
                "cpu_percent": 1.9,
                "timestamp": 1778786876.545987
            },
            {
                "memory_mb": 144.921875,
                "cpu_percent": 44.8,
                "timestamp": 1778786877.5942905
            },
            {
                "memory_mb": 136.5,
                "cpu_percent": 26.6,
                "timestamp": 1778786878.646507
            },
            {
                "memory_mb": 136.5,
                "cpu_percent": 0.0,
                "timestamp": 1778786879.6984212
            },
            {
                "memory_mb": 136.5,
                "cpu_percent": 0.0,
                "timestamp": 1778786880.7508175
            },
            {
                "memory_mb": 136.50390625,
                "cpu_percent": 61.1,
                "timestamp": 1778786881.79812
            },
            {
                "memory_mb": 144.91796875,
                "cpu_percent": 9.5,
                "timestamp": 1778786882.8470542
            },
            {
                "memory_mb": 136.5,
                "cpu_percent": 3.8,
                "timestamp": 1778786883.8988283
            },
            {
                "memory_mb": 136.5,
                "cpu_percent": 0.0,
                "timestamp": 1778786884.9506254
            },
            {
                "memory_mb": 136.5,
                "cpu_percent": 0.0,
                "timestamp": 1778786885.9978256
            },
            {
                "memory_mb": 136.5078125,
                "cpu_percent": 63.7,
                "timestamp": 1778786887.0504324
            },
            {
                "memory_mb": 136.50390625,
                "cpu_percent": 25.8,
                "timestamp": 1778786888.0976176
            },
            {
                "memory_mb": 136.5,
                "cpu_percent": 43.7,
                "timestamp": 1778786889.14959
            },
            {
                "memory_mb": 136.5,
                "cpu_percent": 0.0,
                "timestamp": 1778786890.2015328
            },
            {
                "memory_mb": 136.5078125,
                "cpu_percent": 1.0,
                "timestamp": 1778786891.2531872
            },
            {
                "memory_mb": 144.921875,
                "cpu_percent": 17.2,
                "timestamp": 1778786892.3010175
            },
            {
                "memory_mb": 144.91796875,
                "cpu_percent": 51.3,
                "timestamp": 1778786893.353013
            },
            {
                "memory_mb": 136.5,
                "cpu_percent": 2.9,
                "timestamp": 1778786894.4056365
            },
            {
                "memory_mb": 136.5,
                "cpu_percent": 0.0,
                "timestamp": 1778786895.457729
            },
            {
                "memory_mb": 136.50390625,
                "cpu_percent": 31.5,
                "timestamp": 1778786896.505397
            },
            {
                "memory_mb": 136.5078125,
                "cpu_percent": 37.1,
                "timestamp": 1778786897.5573962
            },
            {
                "memory_mb": 136.5,
                "cpu_percent": 4.8,
                "timestamp": 1778786898.6089404
            },
            {
                "memory_mb": 136.5,
                "cpu_percent": 0.0,
                "timestamp": 1778786899.6612241
            },
            {
                "memory_mb": 136.5,
                "cpu_percent": 0.0,
                "timestamp": 1778786900.7129517
            },
            {
                "memory_mb": 136.50390625,
                "cpu_percent": 56.3,
                "timestamp": 1778786901.7601728
            },
            {
                "memory_mb": 136.5078125,
                "cpu_percent": 7.6,
                "timestamp": 1778786902.8122468
            },
            {
                "memory_mb": 136.5,
                "cpu_percent": 66.6,
                "timestamp": 1778786903.8638473
            },
            {
                "memory_mb": 136.5,
                "cpu_percent": 0.0,
                "timestamp": 1778786904.9166732
            },
            {
                "memory_mb": 136.5,
                "cpu_percent": 0.0,
                "timestamp": 1778786905.9696884
            },
            {
                "memory_mb": 136.51171875,
                "cpu_percent": 3.8,
                "timestamp": 1778786907.0219276
            },
            {
                "memory_mb": 144.91796875,
                "cpu_percent": 65.6,
                "timestamp": 1778786908.0741215
            },
            {
                "memory_mb": 136.50390625,
                "cpu_percent": 2.9,
                "timestamp": 1778786909.1261835
            },
            {
                "memory_mb": 136.50390625,
                "cpu_percent": 0.0,
                "timestamp": 1778786910.1778467
            },
            {
                "memory_mb": 136.5078125,
                "cpu_percent": 4.8,
                "timestamp": 1778786911.2298207
            },
            {
                "memory_mb": 136.51171875,
                "cpu_percent": 65.6,
                "timestamp": 1778786912.2815394
            },
            {
                "memory_mb": 144.92578125,
                "cpu_percent": 3.8,
                "timestamp": 1778786913.3335876
            },
            {
                "memory_mb": 136.50390625,
                "cpu_percent": 2.9,
                "timestamp": 1778786914.3851142
            },
            {
                "memory_mb": 136.50390625,
                "cpu_percent": 0.0,
                "timestamp": 1778786915.437684
            },
            {
                "memory_mb": 136.5078125,
                "cpu_percent": 28.6,
                "timestamp": 1778786916.4855766
            },
            {
                "memory_mb": 136.51171875,
                "cpu_percent": 34.2,
                "timestamp": 1778786917.5376422
            },
            {
                "memory_mb": 136.50390625,
                "cpu_percent": 68.7,
                "timestamp": 1778786918.585507
            },
            {
                "memory_mb": 136.50390625,
                "cpu_percent": 0.0,
                "timestamp": 1778786919.6375024
            },
            {
                "memory_mb": 136.50390625,
                "cpu_percent": 0.0,
                "timestamp": 1778786920.6891818
            },
            {
                "memory_mb": 136.51171875,
                "cpu_percent": 2.9,
                "timestamp": 1778786921.7412465
            },
            {
                "memory_mb": 144.92578125,
                "cpu_percent": 59.2,
                "timestamp": 1778786922.788353
            },
            {
                "memory_mb": 136.50390625,
                "cpu_percent": 9.5,
                "timestamp": 1778786923.8404458
            },
            {
                "memory_mb": 136.50390625,
                "cpu_percent": 0.0,
                "timestamp": 1778786924.8924983
            },
            {
                "memory_mb": 136.50390625,
                "cpu_percent": 0.0,
                "timestamp": 1778786925.9439454
            },
            {
                "memory_mb": 136.51171875,
                "cpu_percent": 65.6,
                "timestamp": 1778786926.9962509
            },
            {
                "memory_mb": 144.92578125,
                "cpu_percent": 4.8,
                "timestamp": 1778786928.0480917
            },
            {
                "memory_mb": 136.50390625,
                "cpu_percent": 2.9,
                "timestamp": 1778786929.099892
            },
            {
                "memory_mb": 136.50390625,
                "cpu_percent": 0.0,
                "timestamp": 1778786930.1518497
            },
            {
                "memory_mb": 136.50390625,
                "cpu_percent": 0.9,
                "timestamp": 1778786931.231294
            },
            {
                "memory_mb": 136.50390625,
                "cpu_percent": 0.0,
                "timestamp": 1778786931.258785
            }
        ]
    }
}
