{
    "active_periods": [
        {
            "start": 1778788262.754892,
            "end": 1778788566.864281,
            "duration_sec": 304.1093888282776,
            "tasks_completed": 407,
            "throughput_tps": 1.338334214435655
        }
    ],
    "history": [
        {
            "timestamp": 1778788262.754892,
            "messages": 0,
            "ack": 23190
        },
        {
            "timestamp": 1778788267.762517,
            "messages": 0,
            "ack": 23190
        },
        {
            "timestamp": 1778788272.768206,
            "messages": 8,
            "ack": 23195
        },
        {
            "timestamp": 1778788277.772706,
            "messages": 16,
            "ack": 23201
        },
        {
            "timestamp": 1778788282.778379,
            "messages": 22,
            "ack": 23207
        },
        {
            "timestamp": 1778788287.782763,
            "messages": 25,
            "ack": 23213
        },
        {
            "timestamp": 1778788292.787795,
            "messages": 35,
            "ack": 23222
        },
        {
            "timestamp": 1778788297.792149,
            "messages": 41,
            "ack": 23228
        },
        {
            "timestamp": 1778788302.796617,
            "messages": 44,
            "ack": 23234
        },
        {
            "timestamp": 1778788307.804617,
            "messages": 54,
            "ack": 23240
        },
        {
            "timestamp": 1778788312.809848,
            "messages": 57,
            "ack": 23249
        },
        {
            "timestamp": 1778788317.816825,
            "messages": 57,
            "ack": 23255
        },
        {
            "timestamp": 1778788322.824044,
            "messages": 67,
            "ack": 23261
        },
        {
            "timestamp": 1778788327.829626,
            "messages": 70,
            "ack": 23267
        },
        {
            "timestamp": 1778788332.834006,
            "messages": 77,
            "ack": 23273
        },
        {
            "timestamp": 1778788337.839837,
            "messages": 83,
            "ack": 23282
        },
        {
            "timestamp": 1778788342.84702,
            "messages": 90,
            "ack": 23288
        },
        {
            "timestamp": 1778788347.852446,
            "messages": 96,
            "ack": 23294
        },
        {
            "timestamp": 1778788352.858848,
            "messages": 103,
            "ack": 23303
        },
        {
            "timestamp": 1778788357.865121,
            "messages": 109,
            "ack": 23315
        },
        {
            "timestamp": 1778788362.870279,
            "messages": 109,
            "ack": 23321
        },
        {
            "timestamp": 1778788367.875635,
            "messages": 112,
            "ack": 23327
        },
        {
            "timestamp": 1778788372.880562,
            "messages": 122,
            "ack": 23336
        },
        {
            "timestamp": 1778788377.885089,
            "messages": 128,
            "ack": 23342
        },
        {
            "timestamp": 1778788382.889634,
            "messages": 131,
            "ack": 23348
        },
        {
            "timestamp": 1778788387.896176,
            "messages": 141,
            "ack": 23357
        },
        {
            "timestamp": 1778788392.90059,
            "messages": 144,
            "ack": 23363
        },
        {
            "timestamp": 1778788397.905958,
            "messages": 154,
            "ack": 23369
        },
        {
            "timestamp": 1778788402.911673,
            "messages": 157,
            "ack": 23375
        },
        {
            "timestamp": 1778788407.916996,
            "messages": 167,
            "ack": 23381
        },
        {
            "timestamp": 1778788412.921921,
            "messages": 170,
            "ack": 23390
        },
        {
            "timestamp": 1778788417.927408,
            "messages": 170,
            "ack": 23396
        },
        {
            "timestamp": 1778788422.931902,
            "messages": 177,
            "ack": 23402
        },
        {
            "timestamp": 1778788427.937675,
            "messages": 183,
            "ack": 23411
        },
        {
            "timestamp": 1778788432.943719,
            "messages": 190,
            "ack": 23417
        },
        {
            "timestamp": 1778788437.949377,
            "messages": 196,
            "ack": 23423
        },
        {
            "timestamp": 1778788442.954156,
            "messages": 199,
            "ack": 23429
        },
        {
            "timestamp": 1778788447.959414,
            "messages": 209,
            "ack": 23435
        },
        {
            "timestamp": 1778788452.965759,
            "messages": 215,
            "ack": 23444
        },
        {
            "timestamp": 1778788457.969689,
            "messages": 218,
            "ack": 23450
        },
        {
            "timestamp": 1778788462.975572,
            "messages": 228,
            "ack": 23456
        },
        {
            "timestamp": 1778788467.981731,
            "messages": 231,
            "ack": 23465
        },
        {
            "timestamp": 1778788472.987358,
            "messages": 241,
            "ack": 23471
        },
        {
            "timestamp": 1778788477.99168,
            "messages": 244,
            "ack": 23477
        },
        {
            "timestamp": 1778788482.99716,
            "messages": 254,
            "ack": 23483
        },
        {
            "timestamp": 1778788488.001724,
            "messages": 257,
            "ack": 23489
        },
        {
            "timestamp": 1778788493.006574,
            "messages": 267,
            "ack": 23498
        },
        {
            "timestamp": 1778788498.011051,
            "messages": 270,
            "ack": 23504
        },
        {
            "timestamp": 1778788503.017257,
            "messages": 277,
            "ack": 23510
        },
        {
            "timestamp": 1778788508.023423,
            "messages": 283,
            "ack": 23516
        },
        {
            "timestamp": 1778788513.028954,
            "messages": 283,
            "ack": 23525
        },
        {
            "timestamp": 1778788518.034973,
            "messages": 290,
            "ack": 23531
        },
        {
            "timestamp": 1778788523.038636,
            "messages": 296,
            "ack": 23537
        },
        {
            "timestamp": 1778788528.043305,
            "messages": 299,
            "ack": 23543
        },
        {
            "timestamp": 1778788533.048232,
            "messages": 309,
            "ack": 23552
        },
        {
            "timestamp": 1778788538.052924,
            "messages": 315,
            "ack": 23558
        },
        {
            "timestamp": 1778788543.05834,
            "messages": 318,
            "ack": 23564
        },
        {
            "timestamp": 1778788548.064274,
            "messages": 328,
            "ack": 23573
        },
        {
            "timestamp": 1778788553.068917,
            "messages": 331,
            "ack": 23579
        },
        {
            "timestamp": 1778788558.07426,
            "messages": 341,
            "ack": 23585
        },
        {
            "timestamp": 1778788563.079,
            "messages": 341,
            "ack": 23591
        },
        {
            "timestamp": 1778788566.857155,
            "messages": 341,
            "ack": 23597
        }
    ]
}