{
    "372341": {
        "ppid": "254983",
        "name": "celery",
        "cmdline": "/home/experimenter/projects/celery-autoscale/.venv/bin/python3 /home/experimenter/projects/celery-autoscale/.venv/bin/celery -A celery_app worker --loglevel=INFO --concurrency=2 --pool=eventlet",
        "create_time": "2026-05-15T12:22:28.180000",
        "last_update": "2026-05-15T12:27:31.071400",
        "voluntary_ctxt_switches": 2717,
        "nonvoluntary_ctxt_switches": 852,
        "jiffies": 11438,
        "stats": [
            {
                "memory_mb": 52.26171875,
                "cpu_percent": 0.0,
                "timestamp": 1778836949.259695
            },
            {
                "memory_mb": 52.76953125,
                "cpu_percent": 30.5,
                "timestamp": 1778836950.3092015
            },
            {
                "memory_mb": 52.78125,
                "cpu_percent": 34.2,
                "timestamp": 1778836951.3627472
            },
            {
                "memory_mb": 62.01953125,
                "cpu_percent": 69.6,
                "timestamp": 1778836952.412236
            },
            {
                "memory_mb": 145.01953125,
                "cpu_percent": 15.2,
                "timestamp": 1778836953.4621398
            },
            {
                "memory_mb": 145.0234375,
                "cpu_percent": 71.3,
                "timestamp": 1778836954.5133908
            },
            {
                "memory_mb": 135.3203125,
                "cpu_percent": 54.1,
                "timestamp": 1778836955.567797
            },
            {
                "memory_mb": 135.32421875,
                "cpu_percent": 21.9,
                "timestamp": 1778836956.6180527
            },
            {
                "memory_mb": 135.32421875,
                "cpu_percent": 48.4,
                "timestamp": 1778836957.672439
            },
            {
                "memory_mb": 107.25390625,
                "cpu_percent": 5.7,
                "timestamp": 1778836958.722036
            },
            {
                "memory_mb": 107.25390625,
                "cpu_percent": 37.2,
                "timestamp": 1778836959.7714653
            },
            {
                "memory_mb": 107.2578125,
                "cpu_percent": 29.4,
                "timestamp": 1778836960.8247886
            },
            {
                "memory_mb": 144.875,
                "cpu_percent": 49.5,
                "timestamp": 1778836961.874701
            },
            {
                "memory_mb": 144.875,
                "cpu_percent": 69.6,
                "timestamp": 1778836962.923361
            },
            {
                "memory_mb": 135.16796875,
                "cpu_percent": 16.2,
                "timestamp": 1778836963.972562
            },
            {
                "memory_mb": 135.171875,
                "cpu_percent": 60.0,
                "timestamp": 1778836965.0225224
            },
            {
                "memory_mb": 144.87109375,
                "cpu_percent": 13.3,
                "timestamp": 1778836966.0712817
            },
            {
                "memory_mb": 107.33203125,
                "cpu_percent": 2.8,
                "timestamp": 1778836967.1248136
            },
            {
                "memory_mb": 107.328125,
                "cpu_percent": 70.4,
                "timestamp": 1778836968.1759186
            },
            {
                "memory_mb": 126.44140625,
                "cpu_percent": 5.7,
                "timestamp": 1778836969.2328377
            },
            {
                "memory_mb": 144.8671875,
                "cpu_percent": 66.4,
                "timestamp": 1778836970.287019
            },
            {
                "memory_mb": 135.16796875,
                "cpu_percent": 66.4,
                "timestamp": 1778836971.3415985
            },
            {
                "memory_mb": 135.1640625,
                "cpu_percent": 0.0,
                "timestamp": 1778836972.395636
            },
            {
                "memory_mb": 135.171875,
                "cpu_percent": 69.3,
                "timestamp": 1778836973.449732
            },
            {
                "memory_mb": 144.87109375,
                "cpu_percent": 2.8,
                "timestamp": 1778836974.5036025
            },
            {
                "memory_mb": 107.7265625,
                "cpu_percent": 18.1,
                "timestamp": 1778836975.5535736
            },
            {
                "memory_mb": 107.73046875,
                "cpu_percent": 58.8,
                "timestamp": 1778836976.6080308
            },
            {
                "memory_mb": 144.87109375,
                "cpu_percent": 29.5,
                "timestamp": 1778836977.6574655
            },
            {
                "memory_mb": 144.87109375,
                "cpu_percent": 68.6,
                "timestamp": 1778836978.706613
            },
            {
                "memory_mb": 135.16796875,
                "cpu_percent": 38.0,
                "timestamp": 1778836979.7598195
            },
            {
                "memory_mb": 135.171875,
                "cpu_percent": 39.1,
                "timestamp": 1778836980.809373
            },
            {
                "memory_mb": 135.171875,
                "cpu_percent": 32.3,
                "timestamp": 1778836981.8623016
            },
            {
                "memory_mb": 118.80078125,
                "cpu_percent": 4.7,
                "timestamp": 1778836982.9159658
            },
            {
                "memory_mb": 107.76953125,
                "cpu_percent": 53.3,
                "timestamp": 1778836983.9663904
            },
            {
                "memory_mb": 108.10546875,
                "cpu_percent": 21.9,
                "timestamp": 1778836985.0148935
            },
            {
                "memory_mb": 144.87109375,
                "cpu_percent": 64.8,
                "timestamp": 1778836986.0645876
            },
            {
                "memory_mb": 135.171875,
                "cpu_percent": 69.6,
                "timestamp": 1778836987.1139205
            },
            {
                "memory_mb": 135.1640625,
                "cpu_percent": 1.0,
                "timestamp": 1778836988.1648066
            },
            {
                "memory_mb": 135.171875,
                "cpu_percent": 67.3,
                "timestamp": 1778836989.2199879
            },
            {
                "memory_mb": 144.8671875,
                "cpu_percent": 4.7,
                "timestamp": 1778836990.2746236
            },
            {
                "memory_mb": 118.80078125,
                "cpu_percent": 3.8,
                "timestamp": 1778836991.329503
            },
            {
                "memory_mb": 116.3515625,
                "cpu_percent": 72.0,
                "timestamp": 1778836992.3847067
            },
            {
                "memory_mb": 144.875,
                "cpu_percent": 6.7,
                "timestamp": 1778836993.4370177
            },
            {
                "memory_mb": 144.875,
                "cpu_percent": 69.6,
                "timestamp": 1778836994.4862342
            },
            {
                "memory_mb": 135.16796875,
                "cpu_percent": 60.7,
                "timestamp": 1778836995.5408406
            },
            {
                "memory_mb": 135.171875,
                "cpu_percent": 15.2,
                "timestamp": 1778836996.590434
            },
            {
                "memory_mb": 135.171875,
                "cpu_percent": 55.0,
                "timestamp": 1778836997.6444287
            },
            {
                "memory_mb": 144.875,
                "cpu_percent": 3.8,
                "timestamp": 1778836998.6981866
            },
            {
                "memory_mb": 116.40234375,
                "cpu_percent": 32.4,
                "timestamp": 1778836999.7482958
            },
            {
                "memory_mb": 116.40625,
                "cpu_percent": 43.7,
                "timestamp": 1778837000.8006876
            },
            {
                "memory_mb": 144.875,
                "cpu_percent": 43.8,
                "timestamp": 1778837001.851707
            },
            {
                "memory_mb": 144.875,
                "cpu_percent": 70.5,
                "timestamp": 1778837002.9009109
            },
            {
                "memory_mb": 135.16796875,
                "cpu_percent": 21.8,
                "timestamp": 1778837003.9550836
            },
            {
                "memory_mb": 135.171875,
                "cpu_percent": 55.3,
                "timestamp": 1778837005.0047326
            },
            {
                "memory_mb": 144.875,
                "cpu_percent": 18.1,
                "timestamp": 1778837006.0568824
            },
            {
                "memory_mb": 135.171875,
                "cpu_percent": 2.8,
                "timestamp": 1778837007.1110756
            },
            {
                "memory_mb": 135.16796875,
                "cpu_percent": 66.7,
                "timestamp": 1778837008.1608145
            },
            {
                "memory_mb": 135.17578125,
                "cpu_percent": 3.8,
                "timestamp": 1778837009.214302
            },
            {
                "memory_mb": 144.87109375,
                "cpu_percent": 65.3,
                "timestamp": 1778837010.2702527
            },
            {
                "memory_mb": 135.171875,
                "cpu_percent": 66.5,
                "timestamp": 1778837011.323399
            },
            {
                "memory_mb": 135.16796875,
                "cpu_percent": 0.0,
                "timestamp": 1778837012.3769736
            },
            {
                "memory_mb": 135.17578125,
                "cpu_percent": 68.3,
                "timestamp": 1778837013.431122
            },
            {
                "memory_mb": 144.87890625,
                "cpu_percent": 3.8,
                "timestamp": 1778837014.4846516
            },
            {
                "memory_mb": 135.171875,
                "cpu_percent": 11.4,
                "timestamp": 1778837015.5340672
            },
            {
                "memory_mb": 135.17578125,
                "cpu_percent": 62.6,
                "timestamp": 1778837016.5882232
            },
            {
                "memory_mb": 144.87890625,
                "cpu_percent": 21.9,
                "timestamp": 1778837017.6376805
            },
            {
                "memory_mb": 144.8828125,
                "cpu_percent": 69.6,
                "timestamp": 1778837018.6869576
            },
            {
                "memory_mb": 135.1796875,
                "cpu_percent": 43.6,
                "timestamp": 1778837019.7414958
            },
            {
                "memory_mb": 135.18359375,
                "cpu_percent": 33.3,
                "timestamp": 1778837020.7913435
            },
            {
                "memory_mb": 135.18359375,
                "cpu_percent": 37.9,
                "timestamp": 1778837021.8465047
            },
            {
                "memory_mb": 135.1796875,
                "cpu_percent": 5.7,
                "timestamp": 1778837022.9008677
            },
            {
                "memory_mb": 135.1796875,
                "cpu_percent": 46.6,
                "timestamp": 1778837023.95164
            },
            {
                "memory_mb": 135.18359375,
                "cpu_percent": 26.6,
                "timestamp": 1778837025.0058987
            },
            {
                "memory_mb": 144.87890625,
                "cpu_percent": 59.0,
                "timestamp": 1778837026.0570495
            },
            {
                "memory_mb": 144.8828125,
                "cpu_percent": 69.6,
                "timestamp": 1778837027.1060715
            },
            {
                "memory_mb": 135.1796875,
                "cpu_percent": 8.5,
                "timestamp": 1778837028.1603634
            },
            {
                "memory_mb": 135.18359375,
                "cpu_percent": 67.6,
                "timestamp": 1778837029.2100341
            },
            {
                "memory_mb": 144.88671875,
                "cpu_percent": 4.7,
                "timestamp": 1778837030.2643194
            },
            {
                "memory_mb": 135.18359375,
                "cpu_percent": 2.8,
                "timestamp": 1778837031.3186774
            },
            {
                "memory_mb": 135.1796875,
                "cpu_percent": 72.1,
                "timestamp": 1778837032.372493
            },
            {
                "memory_mb": 144.88671875,
                "cpu_percent": 5.7,
                "timestamp": 1778837033.4270875
            },
            {
                "memory_mb": 144.88671875,
                "cpu_percent": 72.1,
                "timestamp": 1778837034.4817927
            },
            {
                "memory_mb": 135.1796875,
                "cpu_percent": 64.5,
                "timestamp": 1778837035.5366693
            },
            {
                "memory_mb": 135.18359375,
                "cpu_percent": 11.4,
                "timestamp": 1778837036.5864997
            },
            {
                "memory_mb": 135.18359375,
                "cpu_percent": 58.8,
                "timestamp": 1778837037.6408632
            },
            {
                "memory_mb": 144.88671875,
                "cpu_percent": 2.8,
                "timestamp": 1778837038.6958585
            },
            {
                "memory_mb": 135.18359375,
                "cpu_percent": 28.6,
                "timestamp": 1778837039.7449198
            },
            {
                "memory_mb": 135.1875,
                "cpu_percent": 48.4,
                "timestamp": 1778837040.7977242
            },
            {
                "memory_mb": 144.88671875,
                "cpu_percent": 39.1,
                "timestamp": 1778837041.8474312
            },
            {
                "memory_mb": 144.890625,
                "cpu_percent": 69.6,
                "timestamp": 1778837042.896917
            },
            {
                "memory_mb": 135.18359375,
                "cpu_percent": 25.6,
                "timestamp": 1778837043.951264
            },
            {
                "memory_mb": 135.1875,
                "cpu_percent": 50.5,
                "timestamp": 1778837045.001106
            },
            {
                "memory_mb": 144.890625,
                "cpu_percent": 20.9,
                "timestamp": 1778837046.0519605
            },
            {
                "memory_mb": 135.1875,
                "cpu_percent": 3.8,
                "timestamp": 1778837047.1034582
            },
            {
                "memory_mb": 135.1875,
                "cpu_percent": 64.6,
                "timestamp": 1778837048.1553118
            },
            {
                "memory_mb": 135.19140625,
                "cpu_percent": 8.5,
                "timestamp": 1778837049.2085462
            },
            {
                "memory_mb": 144.88671875,
                "cpu_percent": 70.4,
                "timestamp": 1778837050.2592044
            },
            {
                "memory_mb": 135.18359375,
                "cpu_percent": 66.4,
                "timestamp": 1778837051.3130863
            },
            {
                "memory_mb": 135.1796875,
                "cpu_percent": 0.0,
                "timestamp": 1778837052.3672206
            },
            {
                "memory_mb": 135.1875,
                "cpu_percent": 72.1,
                "timestamp": 1778837053.421036
            },
            {
                "memory_mb": 144.890625,
                "cpu_percent": 3.8,
                "timestamp": 1778837054.4760818
            },
            {
                "memory_mb": 135.1875,
                "cpu_percent": 7.6,
                "timestamp": 1778837055.533142
            },
            {
                "memory_mb": 135.19140625,
                "cpu_percent": 67.3,
                "timestamp": 1778837056.588879
            },
            {
                "memory_mb": 144.89453125,
                "cpu_percent": 18.1,
                "timestamp": 1778837057.6392775
            },
            {
                "memory_mb": 144.89453125,
                "cpu_percent": 71.4,
                "timestamp": 1778837058.6917534
            },
            {
                "memory_mb": 135.18359375,
                "cpu_percent": 47.3,
                "timestamp": 1778837059.747015
            },
            {
                "memory_mb": 135.1875,
                "cpu_percent": 29.5,
                "timestamp": 1778837060.7971113
            },
            {
                "memory_mb": 135.1875,
                "cpu_percent": 39.8,
                "timestamp": 1778837061.8521426
            },
            {
                "memory_mb": 135.1875,
                "cpu_percent": 3.8,
                "timestamp": 1778837062.908159
            },
            {
                "memory_mb": 135.1875,
                "cpu_percent": 44.7,
                "timestamp": 1778837063.959703
            },
            {
                "memory_mb": 135.19140625,
                "cpu_percent": 28.6,
                "timestamp": 1778837065.0102952
            },
            {
                "memory_mb": 144.89453125,
                "cpu_percent": 56.2,
                "timestamp": 1778837066.0599713
            },
            {
                "memory_mb": 144.8984375,
                "cpu_percent": 69.6,
                "timestamp": 1778837067.1093235
            },
            {
                "memory_mb": 135.1953125,
                "cpu_percent": 7.6,
                "timestamp": 1778837068.163648
            },
            {
                "memory_mb": 135.19921875,
                "cpu_percent": 67.6,
                "timestamp": 1778837069.2141232
            },
            {
                "memory_mb": 144.89453125,
                "cpu_percent": 4.8,
                "timestamp": 1778837070.2666688
            },
            {
                "memory_mb": 135.1953125,
                "cpu_percent": 2.8,
                "timestamp": 1778837071.3205986
            },
            {
                "memory_mb": 135.19140625,
                "cpu_percent": 69.2,
                "timestamp": 1778837072.3748815
            },
            {
                "memory_mb": 135.19921875,
                "cpu_percent": 3.8,
                "timestamp": 1778837073.4292982
            },
            {
                "memory_mb": 144.89453125,
                "cpu_percent": 65.4,
                "timestamp": 1778837074.4840512
            },
            {
                "memory_mb": 136.484375,
                "cpu_percent": 68.2,
                "timestamp": 1778837075.5393145
            },
            {
                "memory_mb": 136.48828125,
                "cpu_percent": 8.6,
                "timestamp": 1778837076.58937
            },
            {
                "memory_mb": 136.48828125,
                "cpu_percent": 60.7,
                "timestamp": 1778837077.6439486
            },
            {
                "memory_mb": 144.8984375,
                "cpu_percent": 3.8,
                "timestamp": 1778837078.698509
            },
            {
                "memory_mb": 136.484375,
                "cpu_percent": 25.7,
                "timestamp": 1778837079.7485144
            },
            {
                "memory_mb": 136.48828125,
                "cpu_percent": 47.4,
                "timestamp": 1778837080.8028033
            },
            {
                "memory_mb": 144.8984375,
                "cpu_percent": 37.2,
                "timestamp": 1778837081.852573
            },
            {
                "memory_mb": 144.8984375,
                "cpu_percent": 69.6,
                "timestamp": 1778837082.9020731
            },
            {
                "memory_mb": 136.484375,
                "cpu_percent": 28.5,
                "timestamp": 1778837083.9561877
            },
            {
                "memory_mb": 136.48828125,
                "cpu_percent": 47.6,
                "timestamp": 1778837085.0065396
            },
            {
                "memory_mb": 136.48828125,
                "cpu_percent": 27.5,
                "timestamp": 1778837086.0608518
            },
            {
                "memory_mb": 136.48828125,
                "cpu_percent": 4.7,
                "timestamp": 1778837087.115218
            },
            {
                "memory_mb": 136.48828125,
                "cpu_percent": 61.8,
                "timestamp": 1778837088.16618
            },
            {
                "memory_mb": 136.4921875,
                "cpu_percent": 13.3,
                "timestamp": 1778837089.2198157
            },
            {
                "memory_mb": 144.90234375,
                "cpu_percent": 67.4,
                "timestamp": 1778837090.273929
            },
            {
                "memory_mb": 136.48828125,
                "cpu_percent": 65.5,
                "timestamp": 1778837091.3276474
            },
            {
                "memory_mb": 136.484375,
                "cpu_percent": 0.9,
                "timestamp": 1778837092.383753
            },
            {
                "memory_mb": 136.4921875,
                "cpu_percent": 68.3,
                "timestamp": 1778837093.4379644
            },
            {
                "memory_mb": 144.90625,
                "cpu_percent": 3.8,
                "timestamp": 1778837094.4926999
            },
            {
                "memory_mb": 136.4921875,
                "cpu_percent": 5.7,
                "timestamp": 1778837095.5471647
            },
            {
                "memory_mb": 136.49609375,
                "cpu_percent": 68.2,
                "timestamp": 1778837096.6023288
            },
            {
                "memory_mb": 144.91015625,
                "cpu_percent": 16.2,
                "timestamp": 1778837097.6522782
            },
            {
                "memory_mb": 144.91015625,
                "cpu_percent": 70.5,
                "timestamp": 1778837098.7022128
            },
            {
                "memory_mb": 136.4921875,
                "cpu_percent": 49.3,
                "timestamp": 1778837099.756612
            },
            {
                "memory_mb": 136.49609375,
                "cpu_percent": 26.7,
                "timestamp": 1778837100.8068547
            },
            {
                "memory_mb": 136.49609375,
                "cpu_percent": 43.6,
                "timestamp": 1778837101.861874
            },
            {
                "memory_mb": 136.4921875,
                "cpu_percent": 4.7,
                "timestamp": 1778837102.916712
            },
            {
                "memory_mb": 136.4921875,
                "cpu_percent": 41.9,
                "timestamp": 1778837103.9662051
            },
            {
                "memory_mb": 136.49609375,
                "cpu_percent": 32.2,
                "timestamp": 1778837105.0206482
            },
            {
                "memory_mb": 144.91015625,
                "cpu_percent": 53.3,
                "timestamp": 1778837106.0710785
            },
            {
                "memory_mb": 144.9140625,
                "cpu_percent": 69.5,
                "timestamp": 1778837107.1209044
            },
            {
                "memory_mb": 136.49609375,
                "cpu_percent": 10.4,
                "timestamp": 1778837108.1750267
            },
            {
                "memory_mb": 136.5,
                "cpu_percent": 65.7,
                "timestamp": 1778837109.2248507
            },
            {
                "memory_mb": 144.9140625,
                "cpu_percent": 6.6,
                "timestamp": 1778837110.2796218
            },
            {
                "memory_mb": 136.49609375,
                "cpu_percent": 3.8,
                "timestamp": 1778837111.3340986
            },
            {
                "memory_mb": 136.4921875,
                "cpu_percent": 71.3,
                "timestamp": 1778837112.3867204
            },
            {
                "memory_mb": 136.5,
                "cpu_percent": 3.8,
                "timestamp": 1778837113.4391038
            },
            {
                "memory_mb": 144.9140625,
                "cpu_percent": 66.7,
                "timestamp": 1778837114.4885042
            },
            {
                "memory_mb": 136.49609375,
                "cpu_percent": 70.3,
                "timestamp": 1778837115.5408823
            },
            {
                "memory_mb": 136.5,
                "cpu_percent": 5.7,
                "timestamp": 1778837116.59327
            },
            {
                "memory_mb": 136.5,
                "cpu_percent": 64.8,
                "timestamp": 1778837117.6431215
            },
            {
                "memory_mb": 144.9140625,
                "cpu_percent": 2.8,
                "timestamp": 1778837118.6980464
            },
            {
                "memory_mb": 136.49609375,
                "cpu_percent": 22.9,
                "timestamp": 1778837119.7470748
            },
            {
                "memory_mb": 136.5,
                "cpu_percent": 53.1,
                "timestamp": 1778837120.8019671
            },
            {
                "memory_mb": 144.91796875,
                "cpu_percent": 32.4,
                "timestamp": 1778837121.8526921
            },
            {
                "memory_mb": 144.91796875,
                "cpu_percent": 70.5,
                "timestamp": 1778837122.9026594
            },
            {
                "memory_mb": 135.19921875,
                "cpu_percent": 33.2,
                "timestamp": 1778837123.957122
            },
            {
                "memory_mb": 135.203125,
                "cpu_percent": 43.8,
                "timestamp": 1778837125.0075283
            },
            {
                "memory_mb": 135.203125,
                "cpu_percent": 27.5,
                "timestamp": 1778837126.0624197
            },
            {
                "memory_mb": 135.2109375,
                "cpu_percent": 4.7,
                "timestamp": 1778837127.1161504
            },
            {
                "memory_mb": 135.2109375,
                "cpu_percent": 58.1,
                "timestamp": 1778837128.1663089
            },
            {
                "memory_mb": 135.21484375,
                "cpu_percent": 16.1,
                "timestamp": 1778837129.2237473
            },
            {
                "memory_mb": 144.9140625,
                "cpu_percent": 66.7,
                "timestamp": 1778837130.2737558
            },
            {
                "memory_mb": 135.21875,
                "cpu_percent": 70.5,
                "timestamp": 1778837131.323415
            },
            {
                "memory_mb": 135.21484375,
                "cpu_percent": 0.0,
                "timestamp": 1778837132.3769577
            },
            {
                "memory_mb": 135.22265625,
                "cpu_percent": 68.2,
                "timestamp": 1778837133.432442
            },
            {
                "memory_mb": 144.91796875,
                "cpu_percent": 3.8,
                "timestamp": 1778837134.4863756
            },
            {
                "memory_mb": 135.203125,
                "cpu_percent": 3.8,
                "timestamp": 1778837135.54046
            },
            {
                "memory_mb": 135.20703125,
                "cpu_percent": 70.1,
                "timestamp": 1778837136.5961306
            },
            {
                "memory_mb": 144.921875,
                "cpu_percent": 13.3,
                "timestamp": 1778837137.6464236
            },
            {
                "memory_mb": 144.921875,
                "cpu_percent": 69.5,
                "timestamp": 1778837138.6965556
            },
            {
                "memory_mb": 135.21484375,
                "cpu_percent": 53.2,
                "timestamp": 1778837139.7499747
            },
            {
                "memory_mb": 135.21875,
                "cpu_percent": 22.9,
                "timestamp": 1778837140.7993286
            },
            {
                "memory_mb": 135.21875,
                "cpu_percent": 48.4,
                "timestamp": 1778837141.8535078
            },
            {
                "memory_mb": 135.21875,
                "cpu_percent": 5.7,
                "timestamp": 1778837142.90438
            },
            {
                "memory_mb": 135.21875,
                "cpu_percent": 37.1,
                "timestamp": 1778837143.9546776
            },
            {
                "memory_mb": 135.22265625,
                "cpu_percent": 38.0,
                "timestamp": 1778837145.0080278
            },
            {
                "memory_mb": 144.921875,
                "cpu_percent": 48.6,
                "timestamp": 1778837146.0583951
            },
            {
                "memory_mb": 144.921875,
                "cpu_percent": 68.6,
                "timestamp": 1778837147.108297
            },
            {
                "memory_mb": 135.203125,
                "cpu_percent": 17.1,
                "timestamp": 1778837148.1614733
            },
            {
                "memory_mb": 135.20703125,
                "cpu_percent": 61.8,
                "timestamp": 1778837149.2124074
            },
            {
                "memory_mb": 144.91796875,
                "cpu_percent": 9.5,
                "timestamp": 1778837150.266112
            },
            {
                "memory_mb": 135.21484375,
                "cpu_percent": 3.8,
                "timestamp": 1778837151.320622
            },
            {
                "memory_mb": 135.2109375,
                "cpu_percent": 71.4,
                "timestamp": 1778837152.3709939
            },
            {
                "memory_mb": 135.21875,
                "cpu_percent": 4.7,
                "timestamp": 1778837153.4252079
            },
            {
                "memory_mb": 144.91796875,
                "cpu_percent": 65.5,
                "timestamp": 1778837154.4781125
            },
            {
                "memory_mb": 135.21875,
                "cpu_percent": 66.4,
                "timestamp": 1778837155.5327997
            },
            {
                "memory_mb": 135.22265625,
                "cpu_percent": 0.9,
                "timestamp": 1778837156.587674
            },
            {
                "memory_mb": 135.22265625,
                "cpu_percent": 68.3,
                "timestamp": 1778837157.642402
            },
            {
                "memory_mb": 144.921875,
                "cpu_percent": 3.8,
                "timestamp": 1778837158.696328
            },
            {
                "memory_mb": 135.21875,
                "cpu_percent": 18.1,
                "timestamp": 1778837159.7453942
            },
            {
                "memory_mb": 135.22265625,
                "cpu_percent": 56.0,
                "timestamp": 1778837160.7997055
            },
            {
                "memory_mb": 144.91796875,
                "cpu_percent": 29.5,
                "timestamp": 1778837161.8492548
            },
            {
                "memory_mb": 144.91796875,
                "cpu_percent": 69.4,
                "timestamp": 1778837162.9008272
            },
            {
                "memory_mb": 135.203125,
                "cpu_percent": 38.9,
                "timestamp": 1778837163.9545193
            },
            {
                "memory_mb": 135.20703125,
                "cpu_percent": 41.0,
                "timestamp": 1778837165.0044417
            },
            {
                "memory_mb": 135.20703125,
                "cpu_percent": 31.3,
                "timestamp": 1778837166.057181
            },
            {
                "memory_mb": 135.22265625,
                "cpu_percent": 4.7,
                "timestamp": 1778837167.1103961
            },
            {
                "memory_mb": 135.22265625,
                "cpu_percent": 55.2,
                "timestamp": 1778837168.1607056
            },
            {
                "memory_mb": 135.2265625,
                "cpu_percent": 19.0,
                "timestamp": 1778837169.2147694
            },
            {
                "memory_mb": 144.9296875,
                "cpu_percent": 66.6,
                "timestamp": 1778837170.2661939
            },
            {
                "memory_mb": 135.2265625,
                "cpu_percent": 66.7,
                "timestamp": 1778837171.315479
            },
            {
                "memory_mb": 135.22265625,
                "cpu_percent": 0.9,
                "timestamp": 1778837172.3685462
            },
            {
                "memory_mb": 135.23046875,
                "cpu_percent": 69.3,
                "timestamp": 1778837173.4213693
            },
            {
                "memory_mb": 144.92578125,
                "cpu_percent": 2.8,
                "timestamp": 1778837174.4745119
            },
            {
                "memory_mb": 135.2109375,
                "cpu_percent": 4.7,
                "timestamp": 1778837175.5293806
            },
            {
                "memory_mb": 135.20703125,
                "cpu_percent": 70.1,
                "timestamp": 1778837176.584358
            },
            {
                "memory_mb": 144.92578125,
                "cpu_percent": 9.5,
                "timestamp": 1778837177.6395216
            },
            {
                "memory_mb": 144.9296875,
                "cpu_percent": 69.5,
                "timestamp": 1778837178.689339
            },
            {
                "memory_mb": 135.2265625,
                "cpu_percent": 56.8,
                "timestamp": 1778837179.7450166
            },
            {
                "memory_mb": 135.23046875,
                "cpu_percent": 20.0,
                "timestamp": 1778837180.794525
            },
            {
                "memory_mb": 135.23046875,
                "cpu_percent": 51.2,
                "timestamp": 1778837181.8484623
            },
            {
                "memory_mb": 135.234375,
                "cpu_percent": 5.7,
                "timestamp": 1778837182.9012332
            },
            {
                "memory_mb": 135.234375,
                "cpu_percent": 34.3,
                "timestamp": 1778837183.9512374
            },
            {
                "memory_mb": 135.23828125,
                "cpu_percent": 39.9,
                "timestamp": 1778837185.0051203
            },
            {
                "memory_mb": 144.9375,
                "cpu_percent": 46.6,
                "timestamp": 1778837186.0564024
            },
            {
                "memory_mb": 144.9375,
                "cpu_percent": 83.7,
                "timestamp": 1778837187.1074228
            },
            {
                "memory_mb": 135.234375,
                "cpu_percent": 35.2,
                "timestamp": 1778837188.1593788
            },
            {
                "memory_mb": 135.23828125,
                "cpu_percent": 59.0,
                "timestamp": 1778837189.2098658
            },
            {
                "memory_mb": 135.23828125,
                "cpu_percent": 24.7,
                "timestamp": 1778837190.263378
            },
            {
                "memory_mb": 135.21484375,
                "cpu_percent": 4.7,
                "timestamp": 1778837191.3170922
            },
            {
                "memory_mb": 135.2109375,
                "cpu_percent": 70.5,
                "timestamp": 1778837192.3669996
            },
            {
                "memory_mb": 135.21875,
                "cpu_percent": 3.8,
                "timestamp": 1778837193.4215066
            },
            {
                "memory_mb": 144.93359375,
                "cpu_percent": 69.3,
                "timestamp": 1778837194.4743261
            },
            {
                "memory_mb": 135.234375,
                "cpu_percent": 66.4,
                "timestamp": 1778837195.5291061
            },
            {
                "memory_mb": 135.23046875,
                "cpu_percent": 0.0,
                "timestamp": 1778837196.581764
            },
            {
                "memory_mb": 135.23828125,
                "cpu_percent": 69.3,
                "timestamp": 1778837197.6355937
            },
            {
                "memory_mb": 144.94140625,
                "cpu_percent": 3.8,
                "timestamp": 1778837198.6899164
            },
            {
                "memory_mb": 135.21484375,
                "cpu_percent": 16.2,
                "timestamp": 1778837199.7420764
            },
            {
                "memory_mb": 135.21875,
                "cpu_percent": 59.9,
                "timestamp": 1778837200.7937405
            },
            {
                "memory_mb": 144.9375,
                "cpu_percent": 25.7,
                "timestamp": 1778837201.8432913
            },
            {
                "memory_mb": 144.9375,
                "cpu_percent": 73.3,
                "timestamp": 1778837202.8938017
            },
            {
                "memory_mb": 135.234375,
                "cpu_percent": 40.8,
                "timestamp": 1778837203.9477549
            },
            {
                "memory_mb": 135.23828125,
                "cpu_percent": 37.1,
                "timestamp": 1778837204.998916
            },
            {
                "memory_mb": 135.23828125,
                "cpu_percent": 34.1,
                "timestamp": 1778837206.054236
            },
            {
                "memory_mb": 135.23828125,
                "cpu_percent": 4.7,
                "timestamp": 1778837207.1083698
            },
            {
                "memory_mb": 135.23828125,
                "cpu_percent": 51.4,
                "timestamp": 1778837208.1589181
            },
            {
                "memory_mb": 135.2421875,
                "cpu_percent": 21.8,
                "timestamp": 1778837209.2118506
            },
            {
                "memory_mb": 144.9375,
                "cpu_percent": 62.9,
                "timestamp": 1778837210.261514
            },
            {
                "memory_mb": 144.9375,
                "cpu_percent": 73.4,
                "timestamp": 1778837211.3110886
            },
            {
                "memory_mb": 135.21484375,
                "cpu_percent": 0.9,
                "timestamp": 1778837212.3657103
            },
            {
                "memory_mb": 135.22265625,
                "cpu_percent": 69.5,
                "timestamp": 1778837213.4166303
            },
            {
                "memory_mb": 144.9375,
                "cpu_percent": 4.7,
                "timestamp": 1778837214.4722302
            },
            {
                "memory_mb": 135.23828125,
                "cpu_percent": 2.8,
                "timestamp": 1778837215.527336
            },
            {
                "memory_mb": 135.234375,
                "cpu_percent": 67.4,
                "timestamp": 1778837216.580145
            },
            {
                "memory_mb": 144.9453125,
                "cpu_percent": 5.7,
                "timestamp": 1778837217.6307566
            },
            {
                "memory_mb": 144.9453125,
                "cpu_percent": 72.4,
                "timestamp": 1778837218.680976
            },
            {
                "memory_mb": 135.23828125,
                "cpu_percent": 61.9,
                "timestamp": 1778837219.7305298
            },
            {
                "memory_mb": 135.2421875,
                "cpu_percent": 15.2,
                "timestamp": 1778837220.7798872
            },
            {
                "memory_mb": 135.2421875,
                "cpu_percent": 55.1,
                "timestamp": 1778837221.832235
            },
            {
                "memory_mb": 144.94140625,
                "cpu_percent": 2.8,
                "timestamp": 1778837222.8862963
            },
            {
                "memory_mb": 135.21875,
                "cpu_percent": 32.4,
                "timestamp": 1778837223.936068
            },
            {
                "memory_mb": 135.22265625,
                "cpu_percent": 44.6,
                "timestamp": 1778837224.9897218
            },
            {
                "memory_mb": 144.9453125,
                "cpu_percent": 42.9,
                "timestamp": 1778837226.039596
            },
            {
                "memory_mb": 144.9453125,
                "cpu_percent": 73.3,
                "timestamp": 1778837227.0896714
            },
            {
                "memory_mb": 135.23828125,
                "cpu_percent": 22.8,
                "timestamp": 1778837228.1439571
            },
            {
                "memory_mb": 135.2421875,
                "cpu_percent": 54.2,
                "timestamp": 1778837229.1949816
            },
            {
                "memory_mb": 144.9453125,
                "cpu_percent": 18.1,
                "timestamp": 1778837230.2449713
            },
            {
                "memory_mb": 135.23828125,
                "cpu_percent": 3.8,
                "timestamp": 1778837231.297972
            },
            {
                "memory_mb": 135.23828125,
                "cpu_percent": 67.5,
                "timestamp": 1778837232.3491166
            },
            {
                "memory_mb": 135.2421875,
                "cpu_percent": 5.7,
                "timestamp": 1778837233.4055262
            },
            {
                "memory_mb": 144.94140625,
                "cpu_percent": 70.2,
                "timestamp": 1778837234.4591546
            },
            {
                "memory_mb": 135.22265625,
                "cpu_percent": 67.4,
                "timestamp": 1778837235.513141
            },
            {
                "memory_mb": 135.21875,
                "cpu_percent": 0.0,
                "timestamp": 1778837236.5666358
            },
            {
                "memory_mb": 135.2265625,
                "cpu_percent": 70.2,
                "timestamp": 1778837237.6201775
            },
            {
                "memory_mb": 144.9453125,
                "cpu_percent": 4.7,
                "timestamp": 1778837238.674323
            },
            {
                "memory_mb": 135.2421875,
                "cpu_percent": 10.5,
                "timestamp": 1778837239.7247202
            },
            {
                "memory_mb": 135.24609375,
                "cpu_percent": 60.7,
                "timestamp": 1778837240.779246
            },
            {
                "memory_mb": 144.94921875,
                "cpu_percent": 21.0,
                "timestamp": 1778837241.8293283
            },
            {
                "memory_mb": 144.94921875,
                "cpu_percent": 74.3,
                "timestamp": 1778837242.8796425
            },
            {
                "memory_mb": 135.22265625,
                "cpu_percent": 44.6,
                "timestamp": 1778837243.9345343
            },
            {
                "memory_mb": 135.2265625,
                "cpu_percent": 33.3,
                "timestamp": 1778837244.9845493
            },
            {
                "memory_mb": 135.2265625,
                "cpu_percent": 38.0,
                "timestamp": 1778837246.036638
            },
            {
                "memory_mb": 135.24609375,
                "cpu_percent": 4.7,
                "timestamp": 1778837247.0929847
            },
            {
                "memory_mb": 135.24609375,
                "cpu_percent": 47.6,
                "timestamp": 1778837248.1428018
            },
            {
                "memory_mb": 135.25,
                "cpu_percent": 24.7,
                "timestamp": 1778837249.1969707
            },
            {
                "memory_mb": 144.94921875,
                "cpu_percent": 59.9,
                "timestamp": 1778837250.2485988
            },
            {
                "memory_mb": 144.94921875,
                "cpu_percent": 64.4,
                "timestamp": 1778837251.0713997
            }
        ]
    }
}
