{
    "305508": {
        "ppid": "254983",
        "name": "celery",
        "cmdline": "/home/experimenter/projects/celery-autoscale/.venv/bin/python3 /home/experimenter/projects/celery-autoscale/.venv/bin/celery -A celery_app worker --loglevel=INFO --concurrency=4 --pool=gevent",
        "create_time": "2026-05-14T23:56:24.090000",
        "last_update": "2026-05-15T00:01:25.887348",
        "voluntary_ctxt_switches": 2188,
        "nonvoluntary_ctxt_switches": 1781,
        "jiffies": 12040,
        "stats": [
            {
                "memory_mb": 48.3046875,
                "cpu_percent": 0.0,
                "timestamp": 1778792185.1621292
            },
            {
                "memory_mb": 48.76171875,
                "cpu_percent": 37.1,
                "timestamp": 1778792186.2119842
            },
            {
                "memory_mb": 112.8203125,
                "cpu_percent": 36.1,
                "timestamp": 1778792187.2636917
            },
            {
                "memory_mb": 140.234375,
                "cpu_percent": 78.3,
                "timestamp": 1778792188.310961
            },
            {
                "memory_mb": 140.234375,
                "cpu_percent": 59.0,
                "timestamp": 1778792189.3626297
            },
            {
                "memory_mb": 139.46484375,
                "cpu_percent": 3.8,
                "timestamp": 1778792190.4156823
            },
            {
                "memory_mb": 139.46875,
                "cpu_percent": 82.9,
                "timestamp": 1778792191.4647102
            },
            {
                "memory_mb": 139.46875,
                "cpu_percent": 55.2,
                "timestamp": 1778792192.5162632
            },
            {
                "memory_mb": 140.8671875,
                "cpu_percent": 53.5,
                "timestamp": 1778792193.5638516
            },
            {
                "memory_mb": 112.9453125,
                "cpu_percent": 20.0,
                "timestamp": 1778792194.6155083
            },
            {
                "memory_mb": 112.95703125,
                "cpu_percent": 6.7,
                "timestamp": 1778792195.6621957
            },
            {
                "memory_mb": 113.140625,
                "cpu_percent": 74.5,
                "timestamp": 1778792196.7095773
            },
            {
                "memory_mb": 204.20703125,
                "cpu_percent": 61.8,
                "timestamp": 1778792197.7606955
            },
            {
                "memory_mb": 230.2421875,
                "cpu_percent": 8.6,
                "timestamp": 1778792198.8128328
            },
            {
                "memory_mb": 230.2421875,
                "cpu_percent": 0.0,
                "timestamp": 1778792199.864823
            },
            {
                "memory_mb": 230.24609375,
                "cpu_percent": 29.6,
                "timestamp": 1778792200.9125843
            },
            {
                "memory_mb": 230.2578125,
                "cpu_percent": 39.0,
                "timestamp": 1778792201.9648073
            },
            {
                "memory_mb": 230.34765625,
                "cpu_percent": 69.7,
                "timestamp": 1778792203.0120215
            },
            {
                "memory_mb": 230.34375,
                "cpu_percent": 70.3,
                "timestamp": 1778792204.0643017
            },
            {
                "memory_mb": 226.1796875,
                "cpu_percent": 1.9,
                "timestamp": 1778792205.1188242
            },
            {
                "memory_mb": 226.18359375,
                "cpu_percent": 53.5,
                "timestamp": 1778792206.1661587
            },
            {
                "memory_mb": 226.1953125,
                "cpu_percent": 78.9,
                "timestamp": 1778792207.2180548
            },
            {
                "memory_mb": 226.1875,
                "cpu_percent": 29.6,
                "timestamp": 1778792208.2653406
            },
            {
                "memory_mb": 201.2421875,
                "cpu_percent": 41.8,
                "timestamp": 1778792209.3170502
            },
            {
                "memory_mb": 201.2421875,
                "cpu_percent": 0.0,
                "timestamp": 1778792210.3689196
            },
            {
                "memory_mb": 201.2578125,
                "cpu_percent": 67.5,
                "timestamp": 1778792211.4207277
            },
            {
                "memory_mb": 201.25,
                "cpu_percent": 67.6,
                "timestamp": 1778792212.471725
            },
            {
                "memory_mb": 232.31640625,
                "cpu_percent": 5.7,
                "timestamp": 1778792213.5235755
            },
            {
                "memory_mb": 230.25,
                "cpu_percent": 4.8,
                "timestamp": 1778792214.575026
            },
            {
                "memory_mb": 230.25390625,
                "cpu_percent": 1.9,
                "timestamp": 1778792215.6287537
            },
            {
                "memory_mb": 230.265625,
                "cpu_percent": 63.7,
                "timestamp": 1778792216.6803215
            },
            {
                "memory_mb": 230.26171875,
                "cpu_percent": 45.8,
                "timestamp": 1778792217.7276614
            },
            {
                "memory_mb": 230.25390625,
                "cpu_percent": 89.4,
                "timestamp": 1778792218.779475
            },
            {
                "memory_mb": 200.6953125,
                "cpu_percent": 2.9,
                "timestamp": 1778792219.8311837
            },
            {
                "memory_mb": 200.69921875,
                "cpu_percent": 22.9,
                "timestamp": 1778792220.8772612
            },
            {
                "memory_mb": 200.70703125,
                "cpu_percent": 100.2,
                "timestamp": 1778792221.9246876
            },
            {
                "memory_mb": 200.703125,
                "cpu_percent": 9.5,
                "timestamp": 1778792222.9763029
            },
            {
                "memory_mb": 191.70703125,
                "cpu_percent": 69.4,
                "timestamp": 1778792224.0279555
            },
            {
                "memory_mb": 191.70703125,
                "cpu_percent": 0.0,
                "timestamp": 1778792225.079523
            },
            {
                "memory_mb": 191.71875,
                "cpu_percent": 46.8,
                "timestamp": 1778792226.1273837
            },
            {
                "memory_mb": 191.72265625,
                "cpu_percent": 70.7,
                "timestamp": 1778792227.1747131
            },
            {
                "memory_mb": 232.31640625,
                "cpu_percent": 24.7,
                "timestamp": 1778792228.22701
            },
            {
                "memory_mb": 230.25390625,
                "cpu_percent": 5.7,
                "timestamp": 1778792229.2795012
            },
            {
                "memory_mb": 230.25390625,
                "cpu_percent": 0.0,
                "timestamp": 1778792230.3308942
            },
            {
                "memory_mb": 230.26953125,
                "cpu_percent": 64.7,
                "timestamp": 1778792231.3823848
            },
            {
                "memory_mb": 230.265625,
                "cpu_percent": 15.3,
                "timestamp": 1778792232.4295216
            },
            {
                "memory_mb": 230.26171875,
                "cpu_percent": 100.3,
                "timestamp": 1778792233.4766893
            },
            {
                "memory_mb": 191.70703125,
                "cpu_percent": 23.8,
                "timestamp": 1778792234.5284655
            },
            {
                "memory_mb": 191.70703125,
                "cpu_percent": 0.0,
                "timestamp": 1778792235.580447
            },
            {
                "memory_mb": 191.71875,
                "cpu_percent": 94.4,
                "timestamp": 1778792236.6292367
            },
            {
                "memory_mb": 191.71875,
                "cpu_percent": 38.0,
                "timestamp": 1778792237.6809108
            },
            {
                "memory_mb": 188.51953125,
                "cpu_percent": 68.7,
                "timestamp": 1778792238.7282197
            },
            {
                "memory_mb": 188.51953125,
                "cpu_percent": 0.0,
                "timestamp": 1778792239.7795994
            },
            {
                "memory_mb": 188.53125,
                "cpu_percent": 18.2,
                "timestamp": 1778792240.826289
            },
            {
                "memory_mb": 188.53515625,
                "cpu_percent": 72.5,
                "timestamp": 1778792241.8740876
            },
            {
                "memory_mb": 223.1875,
                "cpu_percent": 52.3,
                "timestamp": 1778792242.925893
            },
            {
                "memory_mb": 230.26171875,
                "cpu_percent": 5.7,
                "timestamp": 1778792243.9778101
            },
            {
                "memory_mb": 230.26171875,
                "cpu_percent": 0.0,
                "timestamp": 1778792245.029668
            },
            {
                "memory_mb": 230.265625,
                "cpu_percent": 42.0,
                "timestamp": 1778792246.0769122
            },
            {
                "memory_mb": 230.27734375,
                "cpu_percent": 28.5,
                "timestamp": 1778792247.1282942
            },
            {
                "memory_mb": 230.26953125,
                "cpu_percent": 81.1,
                "timestamp": 1778792248.1760225
            },
            {
                "memory_mb": 230.265625,
                "cpu_percent": 56.1,
                "timestamp": 1778792249.2277727
            },
            {
                "memory_mb": 187.61328125,
                "cpu_percent": 3.8,
                "timestamp": 1778792250.2789223
            },
            {
                "memory_mb": 187.6171875,
                "cpu_percent": 63.9,
                "timestamp": 1778792251.3271925
            },
            {
                "memory_mb": 187.625,
                "cpu_percent": 71.3,
                "timestamp": 1778792252.3788807
            },
            {
                "memory_mb": 187.62109375,
                "cpu_percent": 38.2,
                "timestamp": 1778792253.426642
            },
            {
                "memory_mb": 187.61328125,
                "cpu_percent": 33.3,
                "timestamp": 1778792254.4786274
            },
            {
                "memory_mb": 187.61328125,
                "cpu_percent": 0.0,
                "timestamp": 1778792255.529718
            },
            {
                "memory_mb": 187.62890625,
                "cpu_percent": 68.4,
                "timestamp": 1778792256.581693
            },
            {
                "memory_mb": 187.62109375,
                "cpu_percent": 69.5,
                "timestamp": 1778792257.6318078
            },
            {
                "memory_mb": 232.3203125,
                "cpu_percent": 7.6,
                "timestamp": 1778792258.6788912
            },
            {
                "memory_mb": 230.26171875,
                "cpu_percent": 2.9,
                "timestamp": 1778792259.7307081
            },
            {
                "memory_mb": 230.265625,
                "cpu_percent": 12.4,
                "timestamp": 1778792260.777708
            },
            {
                "memory_mb": 230.27734375,
                "cpu_percent": 56.1,
                "timestamp": 1778792261.82903
            },
            {
                "memory_mb": 230.2734375,
                "cpu_percent": 52.5,
                "timestamp": 1778792262.8768656
            },
            {
                "memory_mb": 230.265625,
                "cpu_percent": 86.4,
                "timestamp": 1778792263.929443
            },
            {
                "memory_mb": 196.08984375,
                "cpu_percent": 3.8,
                "timestamp": 1778792264.9816184
            },
            {
                "memory_mb": 196.09375,
                "cpu_percent": 34.4,
                "timestamp": 1778792266.0291672
            },
            {
                "memory_mb": 196.10546875,
                "cpu_percent": 99.3,
                "timestamp": 1778792267.0768142
            },
            {
                "memory_mb": 196.1015625,
                "cpu_percent": 9.5,
                "timestamp": 1778792268.124144
            },
            {
                "memory_mb": 196.09375,
                "cpu_percent": 63.7,
                "timestamp": 1778792269.1758354
            },
            {
                "memory_mb": 196.09375,
                "cpu_percent": 0.0,
                "timestamp": 1778792270.226003
            },
            {
                "memory_mb": 196.10546875,
                "cpu_percent": 58.2,
                "timestamp": 1778792271.2742338
            },
            {
                "memory_mb": 196.109375,
                "cpu_percent": 72.6,
                "timestamp": 1778792272.3214695
            },
            {
                "memory_mb": 232.3203125,
                "cpu_percent": 14.3,
                "timestamp": 1778792273.3733766
            },
            {
                "memory_mb": 230.25390625,
                "cpu_percent": 4.8,
                "timestamp": 1778792274.425225
            },
            {
                "memory_mb": 230.25390625,
                "cpu_percent": 0.0,
                "timestamp": 1778792275.477298
            },
            {
                "memory_mb": 230.26953125,
                "cpu_percent": 67.5,
                "timestamp": 1778792276.5286114
            },
            {
                "memory_mb": 230.265625,
                "cpu_percent": 23.9,
                "timestamp": 1778792277.5759737
            },
            {
                "memory_mb": 230.26171875,
                "cpu_percent": 100.2,
                "timestamp": 1778792278.623378
            },
            {
                "memory_mb": 200.90234375,
                "cpu_percent": 20.9,
                "timestamp": 1778792279.6751893
            },
            {
                "memory_mb": 200.90625,
                "cpu_percent": 4.8,
                "timestamp": 1778792280.727024
            },
            {
                "memory_mb": 200.9140625,
                "cpu_percent": 100.3,
                "timestamp": 1778792281.7740667
            },
            {
                "memory_mb": 200.9140625,
                "cpu_percent": 33.3,
                "timestamp": 1778792282.8259497
            },
            {
                "memory_mb": 200.90625,
                "cpu_percent": 69.5,
                "timestamp": 1778792283.8765333
            },
            {
                "memory_mb": 200.90625,
                "cpu_percent": 0.0,
                "timestamp": 1778792284.928641
            },
            {
                "memory_mb": 200.91796875,
                "cpu_percent": 28.7,
                "timestamp": 1778792285.9756637
            },
            {
                "memory_mb": 200.921875,
                "cpu_percent": 73.5,
                "timestamp": 1778792287.023059
            },
            {
                "memory_mb": 232.33984375,
                "cpu_percent": 41.0,
                "timestamp": 1778792288.0718741
            },
            {
                "memory_mb": 230.2734375,
                "cpu_percent": 5.7,
                "timestamp": 1778792289.1237707
            },
            {
                "memory_mb": 230.2734375,
                "cpu_percent": 0.0,
                "timestamp": 1778792290.1761322
            },
            {
                "memory_mb": 230.27734375,
                "cpu_percent": 52.5,
                "timestamp": 1778792291.2234128
            },
            {
                "memory_mb": 230.2890625,
                "cpu_percent": 19.0,
                "timestamp": 1778792292.2744107
            },
            {
                "memory_mb": 230.28125,
                "cpu_percent": 90.7,
                "timestamp": 1778792293.3218055
            },
            {
                "memory_mb": 230.27734375,
                "cpu_percent": 44.7,
                "timestamp": 1778792294.373739
            },
            {
                "memory_mb": 200.3359375,
                "cpu_percent": 1.9,
                "timestamp": 1778792295.4247417
            },
            {
                "memory_mb": 200.34765625,
                "cpu_percent": 74.5,
                "timestamp": 1778792296.472294
            },
            {
                "memory_mb": 200.3515625,
                "cpu_percent": 61.8,
                "timestamp": 1778792297.5238771
            },
            {
                "memory_mb": 200.34765625,
                "cpu_percent": 47.7,
                "timestamp": 1778792298.5714447
            },
            {
                "memory_mb": 200.34375,
                "cpu_percent": 23.8,
                "timestamp": 1778792299.6233928
            },
            {
                "memory_mb": 200.34375,
                "cpu_percent": 0.0,
                "timestamp": 1778792300.6755419
            },
            {
                "memory_mb": 200.359375,
                "cpu_percent": 71.2,
                "timestamp": 1778792301.7282813
            },
            {
                "memory_mb": 200.3515625,
                "cpu_percent": 66.6,
                "timestamp": 1778792302.7790947
            },
            {
                "memory_mb": 230.28515625,
                "cpu_percent": 10.5,
                "timestamp": 1778792303.825828
            },
            {
                "memory_mb": 230.28515625,
                "cpu_percent": 0.0,
                "timestamp": 1778792304.8775277
            },
            {
                "memory_mb": 230.2890625,
                "cpu_percent": 22.9,
                "timestamp": 1778792305.924393
            },
            {
                "memory_mb": 230.30078125,
                "cpu_percent": 46.6,
                "timestamp": 1778792306.975566
            },
            {
                "memory_mb": 230.296875,
                "cpu_percent": 63.0,
                "timestamp": 1778792308.0231287
            },
            {
                "memory_mb": 230.2890625,
                "cpu_percent": 75.1,
                "timestamp": 1778792309.0746539
            },
            {
                "memory_mb": 200.34375,
                "cpu_percent": 2.9,
                "timestamp": 1778792310.1262658
            },
            {
                "memory_mb": 200.34765625,
                "cpu_percent": 44.9,
                "timestamp": 1778792311.1740694
            },
            {
                "memory_mb": 200.359375,
                "cpu_percent": 89.4,
                "timestamp": 1778792312.2260032
            },
            {
                "memory_mb": 200.3515625,
                "cpu_percent": 20.1,
                "timestamp": 1778792313.2731788
            },
            {
                "memory_mb": 197.15625,
                "cpu_percent": 52.3,
                "timestamp": 1778792314.3249943
            },
            {
                "memory_mb": 197.15625,
                "cpu_percent": 0.0,
                "timestamp": 1778792315.3769214
            },
            {
                "memory_mb": 197.171875,
                "cpu_percent": 68.7,
                "timestamp": 1778792316.4247818
            },
            {
                "memory_mb": 197.1640625,
                "cpu_percent": 69.7,
                "timestamp": 1778792317.4714088
            },
            {
                "memory_mb": 232.34765625,
                "cpu_percent": 7.6,
                "timestamp": 1778792318.5227966
            },
            {
                "memory_mb": 230.28515625,
                "cpu_percent": 5.7,
                "timestamp": 1778792319.5745778
            },
            {
                "memory_mb": 230.28515625,
                "cpu_percent": 0.0,
                "timestamp": 1778792320.6262777
            },
            {
                "memory_mb": 230.30078125,
                "cpu_percent": 66.6,
                "timestamp": 1778792321.678058
            },
            {
                "memory_mb": 230.296875,
                "cpu_percent": 35.3,
                "timestamp": 1778792322.7256029
            },
            {
                "memory_mb": 230.29296875,
                "cpu_percent": 99.3,
                "timestamp": 1778792323.7726152
            },
            {
                "memory_mb": 200.08984375,
                "cpu_percent": 7.6,
                "timestamp": 1778792324.824278
            },
            {
                "memory_mb": 200.09375,
                "cpu_percent": 15.3,
                "timestamp": 1778792325.871507
            },
            {
                "memory_mb": 200.1015625,
                "cpu_percent": 100.3,
                "timestamp": 1778792326.918697
            },
            {
                "memory_mb": 200.1015625,
                "cpu_percent": 21.9,
                "timestamp": 1778792327.9706607
            },
            {
                "memory_mb": 200.08984375,
                "cpu_percent": 69.4,
                "timestamp": 1778792329.022571
            },
            {
                "memory_mb": 200.08984375,
                "cpu_percent": 0.0,
                "timestamp": 1778792330.0742307
            },
            {
                "memory_mb": 200.1015625,
                "cpu_percent": 39.2,
                "timestamp": 1778792331.121234
            },
            {
                "memory_mb": 200.10546875,
                "cpu_percent": 73.5,
                "timestamp": 1778792332.168368
            },
            {
                "memory_mb": 232.3515625,
                "cpu_percent": 30.4,
                "timestamp": 1778792333.2200115
            },
            {
                "memory_mb": 230.2890625,
                "cpu_percent": 5.7,
                "timestamp": 1778792334.2717566
            },
            {
                "memory_mb": 230.2890625,
                "cpu_percent": 0.0,
                "timestamp": 1778792335.3228216
            },
            {
                "memory_mb": 230.29296875,
                "cpu_percent": 63.0,
                "timestamp": 1778792336.370754
            },
            {
                "memory_mb": 230.30078125,
                "cpu_percent": 9.5,
                "timestamp": 1778792337.42268
            },
            {
                "memory_mb": 230.296875,
                "cpu_percent": 99.3,
                "timestamp": 1778792338.470007
            },
            {
                "memory_mb": 196.11328125,
                "cpu_percent": 37.1,
                "timestamp": 1778792339.5215597
            },
            {
                "memory_mb": 196.11328125,
                "cpu_percent": 0.0,
                "timestamp": 1778792340.5714948
            },
            {
                "memory_mb": 196.125,
                "cpu_percent": 84.9,
                "timestamp": 1778792341.6191888
            },
            {
                "memory_mb": 196.125,
                "cpu_percent": 51.3,
                "timestamp": 1778792342.6711035
            },
            {
                "memory_mb": 196.12109375,
                "cpu_percent": 58.2,
                "timestamp": 1778792343.71864
            },
            {
                "memory_mb": 196.11328125,
                "cpu_percent": 14.3,
                "timestamp": 1778792344.770321
            },
            {
                "memory_mb": 196.125,
                "cpu_percent": 7.6,
                "timestamp": 1778792345.8167636
            },
            {
                "memory_mb": 196.12890625,
                "cpu_percent": 74.4,
                "timestamp": 1778792346.864787
            },
            {
                "memory_mb": 204.33203125,
                "cpu_percent": 58.2,
                "timestamp": 1778792347.913034
            },
            {
                "memory_mb": 230.29296875,
                "cpu_percent": 8.6,
                "timestamp": 1778792348.9649112
            },
            {
                "memory_mb": 230.29296875,
                "cpu_percent": 0.0,
                "timestamp": 1778792350.0119293
            },
            {
                "memory_mb": 230.296875,
                "cpu_percent": 32.5,
                "timestamp": 1778792351.0594053
            },
            {
                "memory_mb": 230.30859375,
                "cpu_percent": 38.1,
                "timestamp": 1778792352.1104558
            },
            {
                "memory_mb": 230.30078125,
                "cpu_percent": 70.6,
                "timestamp": 1778792353.1578805
            },
            {
                "memory_mb": 230.296875,
                "cpu_percent": 64.7,
                "timestamp": 1778792354.2096744
            },
            {
                "memory_mb": 199.36328125,
                "cpu_percent": 2.9,
                "timestamp": 1778792355.2615545
            },
            {
                "memory_mb": 199.3671875,
                "cpu_percent": 54.4,
                "timestamp": 1778792356.3093376
            },
            {
                "memory_mb": 199.37890625,
                "cpu_percent": 79.9,
                "timestamp": 1778792357.3610168
            },
            {
                "memory_mb": 199.375,
                "cpu_percent": 29.6,
                "timestamp": 1778792358.4086432
            },
            {
                "memory_mb": 196.1171875,
                "cpu_percent": 43.7,
                "timestamp": 1778792359.4606457
            },
            {
                "memory_mb": 196.1171875,
                "cpu_percent": 0.0,
                "timestamp": 1778792360.5125046
            },
            {
                "memory_mb": 196.1328125,
                "cpu_percent": 68.5,
                "timestamp": 1778792361.5643306
            },
            {
                "memory_mb": 196.125,
                "cpu_percent": 68.6,
                "timestamp": 1778792362.6144485
            },
            {
                "memory_mb": 232.359375,
                "cpu_percent": 7.6,
                "timestamp": 1778792363.6663017
            },
            {
                "memory_mb": 230.296875,
                "cpu_percent": 4.8,
                "timestamp": 1778792364.7185347
            },
            {
                "memory_mb": 230.30078125,
                "cpu_percent": 2.8,
                "timestamp": 1778792365.772964
            },
            {
                "memory_mb": 230.3125,
                "cpu_percent": 63.7,
                "timestamp": 1778792366.82488
            },
            {
                "memory_mb": 230.30859375,
                "cpu_percent": 45.8,
                "timestamp": 1778792367.8723788
            },
            {
                "memory_mb": 230.30078125,
                "cpu_percent": 93.2,
                "timestamp": 1778792368.9236567
            },
            {
                "memory_mb": 204.3046875,
                "cpu_percent": 1.9,
                "timestamp": 1778792369.9752638
            },
            {
                "memory_mb": 204.30859375,
                "cpu_percent": 25.8,
                "timestamp": 1778792371.0232317
            },
            {
                "memory_mb": 204.31640625,
                "cpu_percent": 100.2,
                "timestamp": 1778792372.0708265
            },
            {
                "memory_mb": 204.31640625,
                "cpu_percent": 12.4,
                "timestamp": 1778792373.1233163
            },
            {
                "memory_mb": 201.09765625,
                "cpu_percent": 67.5,
                "timestamp": 1778792374.1752613
            },
            {
                "memory_mb": 201.09765625,
                "cpu_percent": 0.0,
                "timestamp": 1778792375.2267916
            },
            {
                "memory_mb": 201.109375,
                "cpu_percent": 49.7,
                "timestamp": 1778792376.2738564
            },
            {
                "memory_mb": 201.11328125,
                "cpu_percent": 74.5,
                "timestamp": 1778792377.3205626
            },
            {
                "memory_mb": 232.36328125,
                "cpu_percent": 20.9,
                "timestamp": 1778792378.3721309
            },
            {
                "memory_mb": 230.30078125,
                "cpu_percent": 5.7,
                "timestamp": 1778792379.424194
            },
            {
                "memory_mb": 230.30078125,
                "cpu_percent": 0.0,
                "timestamp": 1778792380.4759111
            },
            {
                "memory_mb": 230.31640625,
                "cpu_percent": 66.6,
                "timestamp": 1778792381.5274947
            },
            {
                "memory_mb": 230.3125,
                "cpu_percent": 16.2,
                "timestamp": 1778792382.5746577
            },
            {
                "memory_mb": 230.30859375,
                "cpu_percent": 100.2,
                "timestamp": 1778792383.6220894
            },
            {
                "memory_mb": 204.44921875,
                "cpu_percent": 27.6,
                "timestamp": 1778792384.6740348
            },
            {
                "memory_mb": 204.44921875,
                "cpu_percent": 0.0,
                "timestamp": 1778792385.7250996
            },
            {
                "memory_mb": 204.4609375,
                "cpu_percent": 96.4,
                "timestamp": 1778792386.773131
            },
            {
                "memory_mb": 204.4609375,
                "cpu_percent": 40.9,
                "timestamp": 1778792387.8247702
            },
            {
                "memory_mb": 204.45703125,
                "cpu_percent": 68.7,
                "timestamp": 1778792388.8721144
            },
            {
                "memory_mb": 199.76953125,
                "cpu_percent": 1.9,
                "timestamp": 1778792389.9240453
            },
            {
                "memory_mb": 199.78125,
                "cpu_percent": 19.1,
                "timestamp": 1778792390.9714139
            },
            {
                "memory_mb": 199.78515625,
                "cpu_percent": 73.5,
                "timestamp": 1778792392.0190067
            },
            {
                "memory_mb": 223.234375,
                "cpu_percent": 49.7,
                "timestamp": 1778792393.0660977
            },
            {
                "memory_mb": 230.30859375,
                "cpu_percent": 6.7,
                "timestamp": 1778792394.1177955
            },
            {
                "memory_mb": 230.30859375,
                "cpu_percent": 1.0,
                "timestamp": 1778792395.1694238
            },
            {
                "memory_mb": 230.3125,
                "cpu_percent": 43.0,
                "timestamp": 1778792396.2168653
            },
            {
                "memory_mb": 230.32421875,
                "cpu_percent": 26.6,
                "timestamp": 1778792397.2685988
            },
            {
                "memory_mb": 230.31640625,
                "cpu_percent": 83.1,
                "timestamp": 1778792398.3156285
            },
            {
                "memory_mb": 230.3125,
                "cpu_percent": 54.2,
                "timestamp": 1778792399.3673694
            },
            {
                "memory_mb": 204.45703125,
                "cpu_percent": 3.8,
                "timestamp": 1778792400.4177465
            },
            {
                "memory_mb": 204.4609375,
                "cpu_percent": 65.8,
                "timestamp": 1778792401.4667158
            },
            {
                "memory_mb": 204.46875,
                "cpu_percent": 68.4,
                "timestamp": 1778792402.5189936
            },
            {
                "memory_mb": 204.46484375,
                "cpu_percent": 40.1,
                "timestamp": 1778792403.5664413
            },
            {
                "memory_mb": 204.45703125,
                "cpu_percent": 32.3,
                "timestamp": 1778792404.6188738
            },
            {
                "memory_mb": 204.45703125,
                "cpu_percent": 0.0,
                "timestamp": 1778792405.6713822
            },
            {
                "memory_mb": 204.47265625,
                "cpu_percent": 69.3,
                "timestamp": 1778792406.7245343
            },
            {
                "memory_mb": 204.46484375,
                "cpu_percent": 68.4,
                "timestamp": 1778792407.776698
            },
            {
                "memory_mb": 232.375,
                "cpu_percent": 7.6,
                "timestamp": 1778792408.8280702
            },
            {
                "memory_mb": 230.3125,
                "cpu_percent": 2.9,
                "timestamp": 1778792409.8806274
            },
            {
                "memory_mb": 230.31640625,
                "cpu_percent": 14.3,
                "timestamp": 1778792410.928443
            },
            {
                "memory_mb": 230.328125,
                "cpu_percent": 54.1,
                "timestamp": 1778792411.981075
            },
            {
                "memory_mb": 230.32421875,
                "cpu_percent": 55.3,
                "timestamp": 1778792413.0292013
            },
            {
                "memory_mb": 230.32421875,
                "cpu_percent": 80.8,
                "timestamp": 1778792414.081714
            },
            {
                "memory_mb": 203.81640625,
                "cpu_percent": 3.8,
                "timestamp": 1778792415.1343143
            },
            {
                "memory_mb": 203.8203125,
                "cpu_percent": 37.2,
                "timestamp": 1778792416.1823301
            },
            {
                "memory_mb": 203.83203125,
                "cpu_percent": 96.4,
                "timestamp": 1778792417.2300167
            },
            {
                "memory_mb": 203.82421875,
                "cpu_percent": 12.4,
                "timestamp": 1778792418.2783256
            },
            {
                "memory_mb": 203.81640625,
                "cpu_percent": 61.8,
                "timestamp": 1778792419.3306444
            },
            {
                "memory_mb": 203.81640625,
                "cpu_percent": 0.0,
                "timestamp": 1778792420.3851802
            },
            {
                "memory_mb": 203.828125,
                "cpu_percent": 62.0,
                "timestamp": 1778792421.4331543
            },
            {
                "memory_mb": 203.83203125,
                "cpu_percent": 73.5,
                "timestamp": 1778792422.4813101
            },
            {
                "memory_mb": 232.38671875,
                "cpu_percent": 8.6,
                "timestamp": 1778792423.5337496
            },
            {
                "memory_mb": 230.328125,
                "cpu_percent": 5.7,
                "timestamp": 1778792424.5864189
            },
            {
                "memory_mb": 230.328125,
                "cpu_percent": 0.0,
                "timestamp": 1778792425.6386611
            },
            {
                "memory_mb": 230.34375,
                "cpu_percent": 67.5,
                "timestamp": 1778792426.6902418
            },
            {
                "memory_mb": 230.33984375,
                "cpu_percent": 27.7,
                "timestamp": 1778792427.738703
            },
            {
                "memory_mb": 230.3359375,
                "cpu_percent": 100.2,
                "timestamp": 1778792428.7862277
            },
            {
                "memory_mb": 203.81640625,
                "cpu_percent": 11.4,
                "timestamp": 1778792429.8386173
            },
            {
                "memory_mb": 203.8203125,
                "cpu_percent": 8.6,
                "timestamp": 1778792430.8874297
            },
            {
                "memory_mb": 203.828125,
                "cpu_percent": 100.2,
                "timestamp": 1778792431.9351645
            },
            {
                "memory_mb": 203.828125,
                "cpu_percent": 28.5,
                "timestamp": 1778792432.986701
            },
            {
                "memory_mb": 203.81640625,
                "cpu_percent": 70.3,
                "timestamp": 1778792434.0389142
            },
            {
                "memory_mb": 203.81640625,
                "cpu_percent": 0.0,
                "timestamp": 1778792435.0911114
            },
            {
                "memory_mb": 203.828125,
                "cpu_percent": 31.5,
                "timestamp": 1778792436.138888
            },
            {
                "memory_mb": 203.83203125,
                "cpu_percent": 73.5,
                "timestamp": 1778792437.186112
            },
            {
                "memory_mb": 232.38671875,
                "cpu_percent": 37.1,
                "timestamp": 1778792438.2386382
            },
            {
                "memory_mb": 230.32421875,
                "cpu_percent": 5.7,
                "timestamp": 1778792439.2908194
            },
            {
                "memory_mb": 230.32421875,
                "cpu_percent": 0.0,
                "timestamp": 1778792440.3432233
            },
            {
                "memory_mb": 230.328125,
                "cpu_percent": 57.2,
                "timestamp": 1778792441.3915462
            },
            {
                "memory_mb": 230.33984375,
                "cpu_percent": 13.3,
                "timestamp": 1778792442.443711
            },
            {
                "memory_mb": 230.33203125,
                "cpu_percent": 96.4,
                "timestamp": 1778792443.4917057
            },
            {
                "memory_mb": 203.81640625,
                "cpu_percent": 41.8,
                "timestamp": 1778792444.5440285
            },
            {
                "memory_mb": 203.81640625,
                "cpu_percent": 0.0,
                "timestamp": 1778792445.5958285
            },
            {
                "memory_mb": 203.828125,
                "cpu_percent": 80.1,
                "timestamp": 1778792446.6443477
            },
            {
                "memory_mb": 203.828125,
                "cpu_percent": 56.1,
                "timestamp": 1778792447.6965954
            },
            {
                "memory_mb": 203.82421875,
                "cpu_percent": 53.4,
                "timestamp": 1778792448.7449026
            },
            {
                "memory_mb": 203.81640625,
                "cpu_percent": 18.1,
                "timestamp": 1778792449.797227
            },
            {
                "memory_mb": 203.828125,
                "cpu_percent": 2.8,
                "timestamp": 1778792450.8514154
            },
            {
                "memory_mb": 203.83203125,
                "cpu_percent": 73.4,
                "timestamp": 1778792451.900465
            },
            {
                "memory_mb": 204.36328125,
                "cpu_percent": 62.7,
                "timestamp": 1778792452.952959
            },
            {
                "memory_mb": 230.3203125,
                "cpu_percent": 7.6,
                "timestamp": 1778792454.0057504
            },
            {
                "memory_mb": 230.3203125,
                "cpu_percent": 0.0,
                "timestamp": 1778792455.0580623
            },
            {
                "memory_mb": 230.32421875,
                "cpu_percent": 28.6,
                "timestamp": 1778792456.1055913
            },
            {
                "memory_mb": 230.3359375,
                "cpu_percent": 41.8,
                "timestamp": 1778792457.1583877
            },
            {
                "memory_mb": 230.3359375,
                "cpu_percent": 66.8,
                "timestamp": 1778792458.2061057
            },
            {
                "memory_mb": 230.328125,
                "cpu_percent": 67.4,
                "timestamp": 1778792459.259975
            },
            {
                "memory_mb": 203.8203125,
                "cpu_percent": 2.8,
                "timestamp": 1778792460.3126988
            },
            {
                "memory_mb": 203.82421875,
                "cpu_percent": 52.5,
                "timestamp": 1778792461.3609858
            },
            {
                "memory_mb": 203.83984375,
                "cpu_percent": 80.7,
                "timestamp": 1778792462.4137774
            },
            {
                "memory_mb": 203.83203125,
                "cpu_percent": 27.7,
                "timestamp": 1778792463.4621484
            },
            {
                "memory_mb": 203.82421875,
                "cpu_percent": 45.6,
                "timestamp": 1778792464.5148199
            },
            {
                "memory_mb": 203.82421875,
                "cpu_percent": 0.0,
                "timestamp": 1778792465.5664678
            },
            {
                "memory_mb": 203.83984375,
                "cpu_percent": 68.6,
                "timestamp": 1778792466.616221
            },
            {
                "memory_mb": 203.83203125,
                "cpu_percent": 70.3,
                "timestamp": 1778792467.6683395
            },
            {
                "memory_mb": 232.3984375,
                "cpu_percent": 5.7,
                "timestamp": 1778792468.724587
            },
            {
                "memory_mb": 230.33203125,
                "cpu_percent": 6.6,
                "timestamp": 1778792469.7780287
            },
            {
                "memory_mb": 230.3359375,
                "cpu_percent": 0.9,
                "timestamp": 1778792470.834006
            },
            {
                "memory_mb": 230.34765625,
                "cpu_percent": 66.4,
                "timestamp": 1778792471.888111
            },
            {
                "memory_mb": 230.34375,
                "cpu_percent": 43.1,
                "timestamp": 1778792472.954647
            },
            {
                "memory_mb": 230.33984375,
                "cpu_percent": 100.7,
                "timestamp": 1778792474.027412
            },
            {
                "memory_mb": 203.82421875,
                "cpu_percent": 28.5,
                "timestamp": 1778792475.0805218
            },
            {
                "memory_mb": 203.828125,
                "cpu_percent": 29.5,
                "timestamp": 1778792476.1331396
            },
            {
                "memory_mb": 203.8359375,
                "cpu_percent": 99.7,
                "timestamp": 1778792477.206368
            },
            {
                "memory_mb": 203.8359375,
                "cpu_percent": 43.4,
                "timestamp": 1778792478.2667856
            },
            {
                "memory_mb": 203.83203125,
                "cpu_percent": 66.7,
                "timestamp": 1778792479.3316267
            },
            {
                "memory_mb": 203.82421875,
                "cpu_percent": 21.8,
                "timestamp": 1778792480.3847103
            },
            {
                "memory_mb": 203.8359375,
                "cpu_percent": 58.7,
                "timestamp": 1778792481.4577086
            },
            {
                "memory_mb": 203.83984375,
                "cpu_percent": 94.6,
                "timestamp": 1778792482.536096
            },
            {
                "memory_mb": 226.8828125,
                "cpu_percent": 27.5,
                "timestamp": 1778792483.5917413
            },
            {
                "memory_mb": 230.328125,
                "cpu_percent": 11.3,
                "timestamp": 1778792484.6544054
            },
            {
                "memory_mb": 230.328125,
                "cpu_percent": 0.0,
                "timestamp": 1778792485.7222042
            },
            {
                "memory_mb": 230.328125,
                "cpu_percent": 0.0,
                "timestamp": 1778792485.8873482
            }
        ]
    }
}
