{
    "319744": {
        "ppid": "254983",
        "name": "celery",
        "cmdline": "/home/experimenter/projects/celery-autoscale/.venv/bin/python3 /home/experimenter/projects/celery-autoscale/.venv/bin/celery -A celery_app worker --loglevel=INFO --concurrency=8 --pool=eventlet",
        "create_time": "2026-05-15T01:45:21.040000",
        "last_update": "2026-05-15T01:50:22.919284",
        "voluntary_ctxt_switches": 2150,
        "nonvoluntary_ctxt_switches": 3700,
        "jiffies": 23474,
        "stats": [
            {
                "memory_mb": 52.234375,
                "cpu_percent": 0.0,
                "timestamp": 1778798722.103985
            },
            {
                "memory_mb": 52.765625,
                "cpu_percent": 27.6,
                "timestamp": 1778798723.1529007
            },
            {
                "memory_mb": 62.03125,
                "cpu_percent": 100.1,
                "timestamp": 1778798724.2022152
            },
            {
                "memory_mb": 89.734375,
                "cpu_percent": 100.0,
                "timestamp": 1778798725.2521377
            },
            {
                "memory_mb": 89.73046875,
                "cpu_percent": 100.3,
                "timestamp": 1778798726.2990465
            },
            {
                "memory_mb": 149.9609375,
                "cpu_percent": 81.7,
                "timestamp": 1778798727.3519104
            },
            {
                "memory_mb": 199.3828125,
                "cpu_percent": 84.9,
                "timestamp": 1778798728.4005237
            },
            {
                "memory_mb": 236.11328125,
                "cpu_percent": 100.3,
                "timestamp": 1778798729.4477708
            },
            {
                "memory_mb": 355.05859375,
                "cpu_percent": 85.0,
                "timestamp": 1778798730.4947412
            },
            {
                "memory_mb": 382.6953125,
                "cpu_percent": 83.6,
                "timestamp": 1778798731.54682
            },
            {
                "memory_mb": 382.69140625,
                "cpu_percent": 14.3,
                "timestamp": 1778798732.5959642
            },
            {
                "memory_mb": 382.69921875,
                "cpu_percent": 100.2,
                "timestamp": 1778798733.6441467
            },
            {
                "memory_mb": 382.7109375,
                "cpu_percent": 96.4,
                "timestamp": 1778798734.6920722
            },
            {
                "memory_mb": 382.703125,
                "cpu_percent": 80.2,
                "timestamp": 1778798735.739966
            },
            {
                "memory_mb": 382.7890625,
                "cpu_percent": 54.2,
                "timestamp": 1778798736.7922323
            },
            {
                "memory_mb": 382.78515625,
                "cpu_percent": 34.4,
                "timestamp": 1778798737.8400426
            },
            {
                "memory_mb": 382.80078125,
                "cpu_percent": 100.2,
                "timestamp": 1778798738.887939
            },
            {
                "memory_mb": 382.80078125,
                "cpu_percent": 100.2,
                "timestamp": 1778798739.9362202
            },
            {
                "memory_mb": 382.796875,
                "cpu_percent": 99.2,
                "timestamp": 1778798740.9845035
            },
            {
                "memory_mb": 382.7890625,
                "cpu_percent": 15.2,
                "timestamp": 1778798742.0392704
            },
            {
                "memory_mb": 376.00390625,
                "cpu_percent": 96.4,
                "timestamp": 1778798743.0866964
            },
            {
                "memory_mb": 376.01171875,
                "cpu_percent": 100.2,
                "timestamp": 1778798744.1345727
            },
            {
                "memory_mb": 376.015625,
                "cpu_percent": 85.7,
                "timestamp": 1778798745.1851602
            },
            {
                "memory_mb": 376.0078125,
                "cpu_percent": 90.7,
                "timestamp": 1778798746.2328513
            },
            {
                "memory_mb": 376.00390625,
                "cpu_percent": 56.1,
                "timestamp": 1778798747.2852404
            },
            {
                "memory_mb": 376.015625,
                "cpu_percent": 73.5,
                "timestamp": 1778798748.333521
            },
            {
                "memory_mb": 376.01953125,
                "cpu_percent": 100.2,
                "timestamp": 1778798749.3813696
            },
            {
                "memory_mb": 376.015625,
                "cpu_percent": 82.1,
                "timestamp": 1778798750.4295158
            },
            {
                "memory_mb": 376.00390625,
                "cpu_percent": 91.2,
                "timestamp": 1778798751.4817424
            },
            {
                "memory_mb": 376.0,
                "cpu_percent": 8.6,
                "timestamp": 1778798752.5337858
            },
            {
                "memory_mb": 376.015625,
                "cpu_percent": 98.3,
                "timestamp": 1778798753.5816402
            },
            {
                "memory_mb": 376.015625,
                "cpu_percent": 98.3,
                "timestamp": 1778798754.6295493
            },
            {
                "memory_mb": 376.01171875,
                "cpu_percent": 100.2,
                "timestamp": 1778798755.6772804
            },
            {
                "memory_mb": 376.00390625,
                "cpu_percent": 41.0,
                "timestamp": 1778798756.7272134
            },
            {
                "memory_mb": 376.00390625,
                "cpu_percent": 69.7,
                "timestamp": 1778798757.7750654
            },
            {
                "memory_mb": 376.01171875,
                "cpu_percent": 100.2,
                "timestamp": 1778798758.8228633
            },
            {
                "memory_mb": 376.01171875,
                "cpu_percent": 100.2,
                "timestamp": 1778798759.870885
            },
            {
                "memory_mb": 376.01171875,
                "cpu_percent": 18.1,
                "timestamp": 1778798760.9232087
            },
            {
                "memory_mb": 376.0078125,
                "cpu_percent": 97.3,
                "timestamp": 1778798761.9711075
            },
            {
                "memory_mb": 376.0,
                "cpu_percent": 82.1,
                "timestamp": 1778798763.0186105
            },
            {
                "memory_mb": 376.01953125,
                "cpu_percent": 99.3,
                "timestamp": 1778798764.066193
            },
            {
                "memory_mb": 376.015625,
                "cpu_percent": 77.3,
                "timestamp": 1778798765.1142173
            },
            {
                "memory_mb": 376.01171875,
                "cpu_percent": 100.2,
                "timestamp": 1778798766.162104
            },
            {
                "memory_mb": 376.00390625,
                "cpu_percent": 22.8,
                "timestamp": 1778798767.2155151
            },
            {
                "memory_mb": 376.015625,
                "cpu_percent": 70.6,
                "timestamp": 1778798768.2631526
            },
            {
                "memory_mb": 376.01953125,
                "cpu_percent": 100.2,
                "timestamp": 1778798769.311095
            },
            {
                "memory_mb": 376.01171875,
                "cpu_percent": 100.2,
                "timestamp": 1778798770.359334
            },
            {
                "memory_mb": 376.00390625,
                "cpu_percent": 66.5,
                "timestamp": 1778798771.4112315
            },
            {
                "memory_mb": 376.00390625,
                "cpu_percent": 42.9,
                "timestamp": 1778798772.4602249
            },
            {
                "memory_mb": 376.00390625,
                "cpu_percent": 100.2,
                "timestamp": 1778798773.508539
            },
            {
                "memory_mb": 376.015625,
                "cpu_percent": 99.3,
                "timestamp": 1778798774.5560591
            },
            {
                "memory_mb": 376.01171875,
                "cpu_percent": 75.4,
                "timestamp": 1778798775.6040487
            },
            {
                "memory_mb": 376.0078125,
                "cpu_percent": 100.2,
                "timestamp": 1778798776.6523905
            },
            {
                "memory_mb": 376.0078125,
                "cpu_percent": 20.1,
                "timestamp": 1778798777.6991045
            },
            {
                "memory_mb": 376.015625,
                "cpu_percent": 99.3,
                "timestamp": 1778798778.7466452
            },
            {
                "memory_mb": 376.01953125,
                "cpu_percent": 94.1,
                "timestamp": 1778798779.7984672
            },
            {
                "memory_mb": 376.01171875,
                "cpu_percent": 87.8,
                "timestamp": 1778798780.8464696
            },
            {
                "memory_mb": 376.00390625,
                "cpu_percent": 52.3,
                "timestamp": 1778798781.8988917
            },
            {
                "memory_mb": 375.99609375,
                "cpu_percent": 41.0,
                "timestamp": 1778798782.9469106
            },
            {
                "memory_mb": 376.01953125,
                "cpu_percent": 99.3,
                "timestamp": 1778798783.994514
            },
            {
                "memory_mb": 376.015625,
                "cpu_percent": 100.2,
                "timestamp": 1778798785.0425775
            },
            {
                "memory_mb": 376.00390625,
                "cpu_percent": 97.3,
                "timestamp": 1778798786.090866
            },
            {
                "memory_mb": 376.00390625,
                "cpu_percent": 14.3,
                "timestamp": 1778798787.1383743
            },
            {
                "memory_mb": 376.00390625,
                "cpu_percent": 100.2,
                "timestamp": 1778798788.1866884
            },
            {
                "memory_mb": 376.015625,
                "cpu_percent": 100.2,
                "timestamp": 1778798789.234692
            },
            {
                "memory_mb": 376.01171875,
                "cpu_percent": 72.5,
                "timestamp": 1778798790.2826521
            },
            {
                "memory_mb": 376.0078125,
                "cpu_percent": 100.2,
                "timestamp": 1778798791.3304203
            },
            {
                "memory_mb": 376.00390625,
                "cpu_percent": 28.5,
                "timestamp": 1778798792.3823998
            },
            {
                "memory_mb": 376.0078125,
                "cpu_percent": 83.0,
                "timestamp": 1778798793.4308422
            },
            {
                "memory_mb": 376.0234375,
                "cpu_percent": 99.2,
                "timestamp": 1778798794.479176
            },
            {
                "memory_mb": 376.015625,
                "cpu_percent": 77.3,
                "timestamp": 1778798795.527096
            },
            {
                "memory_mb": 376.00390625,
                "cpu_percent": 85.5,
                "timestamp": 1778798796.5793977
            },
            {
                "memory_mb": 376.0078125,
                "cpu_percent": 7.6,
                "timestamp": 1778798797.6366022
            },
            {
                "memory_mb": 376.02734375,
                "cpu_percent": 100.3,
                "timestamp": 1778798798.683883
            },
            {
                "memory_mb": 376.0234375,
                "cpu_percent": 99.2,
                "timestamp": 1778798799.731936
            },
            {
                "memory_mb": 376.01953125,
                "cpu_percent": 99.2,
                "timestamp": 1778798800.7798908
            },
            {
                "memory_mb": 376.0078125,
                "cpu_percent": 100.1,
                "timestamp": 1778798801.8285482
            },
            {
                "memory_mb": 376.015625,
                "cpu_percent": 38.2,
                "timestamp": 1778798802.875962
            },
            {
                "memory_mb": 376.0234375,
                "cpu_percent": 100.2,
                "timestamp": 1778798803.9238887
            },
            {
                "memory_mb": 376.01953125,
                "cpu_percent": 90.3,
                "timestamp": 1778798804.976155
            },
            {
                "memory_mb": 376.01171875,
                "cpu_percent": 83.0,
                "timestamp": 1778798806.0240607
            },
            {
                "memory_mb": 376.0078125,
                "cpu_percent": 56.1,
                "timestamp": 1778798807.0762975
            },
            {
                "memory_mb": 376.00390625,
                "cpu_percent": 52.4,
                "timestamp": 1778798808.1252952
            },
            {
                "memory_mb": 376.02734375,
                "cpu_percent": 100.2,
                "timestamp": 1778798809.173192
            },
            {
                "memory_mb": 376.01953125,
                "cpu_percent": 75.4,
                "timestamp": 1778798810.2214444
            },
            {
                "memory_mb": 376.015625,
                "cpu_percent": 100.2,
                "timestamp": 1778798811.2695718
            },
            {
                "memory_mb": 376.0078125,
                "cpu_percent": 19.0,
                "timestamp": 1778798812.321308
            },
            {
                "memory_mb": 376.00390625,
                "cpu_percent": 71.6,
                "timestamp": 1778798813.3686638
            },
            {
                "memory_mb": 376.0234375,
                "cpu_percent": 100.2,
                "timestamp": 1778798814.4165924
            },
            {
                "memory_mb": 376.0234375,
                "cpu_percent": 100.2,
                "timestamp": 1778798815.4646184
            },
            {
                "memory_mb": 376.0078125,
                "cpu_percent": 98.3,
                "timestamp": 1778798816.5124035
            },
            {
                "memory_mb": 376.00390625,
                "cpu_percent": 45.6,
                "timestamp": 1778798817.5643005
            },
            {
                "memory_mb": 376.02734375,
                "cpu_percent": 93.5,
                "timestamp": 1778798818.6126902
            },
            {
                "memory_mb": 376.02734375,
                "cpu_percent": 100.1,
                "timestamp": 1778798819.6612387
            },
            {
                "memory_mb": 376.01953125,
                "cpu_percent": 80.1,
                "timestamp": 1778798820.7092874
            },
            {
                "memory_mb": 376.01171875,
                "cpu_percent": 71.5,
                "timestamp": 1778798821.7583058
            },
            {
                "memory_mb": 376.0078125,
                "cpu_percent": 23.9,
                "timestamp": 1778798822.8062248
            },
            {
                "memory_mb": 376.015625,
                "cpu_percent": 100.2,
                "timestamp": 1778798823.8538008
            },
            {
                "memory_mb": 376.02734375,
                "cpu_percent": 82.7,
                "timestamp": 1778798824.9058375
            },
            {
                "memory_mb": 376.01953125,
                "cpu_percent": 92.6,
                "timestamp": 1778798825.9535856
            },
            {
                "memory_mb": 376.01171875,
                "cpu_percent": 50.5,
                "timestamp": 1778798827.0039966
            },
            {
                "memory_mb": 376.0078125,
                "cpu_percent": 41.9,
                "timestamp": 1778798828.0529954
            },
            {
                "memory_mb": 376.03125,
                "cpu_percent": 100.2,
                "timestamp": 1778798829.101379
            },
            {
                "memory_mb": 376.0234375,
                "cpu_percent": 100.2,
                "timestamp": 1778798830.1491275
            },
            {
                "memory_mb": 376.01171875,
                "cpu_percent": 98.3,
                "timestamp": 1778798831.1970782
            },
            {
                "memory_mb": 376.01171875,
                "cpu_percent": 12.4,
                "timestamp": 1778798832.245849
            },
            {
                "memory_mb": 376.015625,
                "cpu_percent": 99.2,
                "timestamp": 1778798833.2939894
            },
            {
                "memory_mb": 376.02734375,
                "cpu_percent": 100.2,
                "timestamp": 1778798834.3421686
            },
            {
                "memory_mb": 376.0234375,
                "cpu_percent": 75.4,
                "timestamp": 1778798835.389895
            },
            {
                "memory_mb": 376.01953125,
                "cpu_percent": 100.2,
                "timestamp": 1778798836.43797
            },
            {
                "memory_mb": 376.015625,
                "cpu_percent": 37.1,
                "timestamp": 1778798837.4894097
            },
            {
                "memory_mb": 376.02734375,
                "cpu_percent": 83.9,
                "timestamp": 1778798838.5382419
            },
            {
                "memory_mb": 376.03515625,
                "cpu_percent": 99.2,
                "timestamp": 1778798839.5865421
            },
            {
                "memory_mb": 376.03125,
                "cpu_percent": 82.0,
                "timestamp": 1778798840.6349676
            },
            {
                "memory_mb": 376.01953125,
                "cpu_percent": 84.9,
                "timestamp": 1778798841.6835885
            },
            {
                "memory_mb": 376.015625,
                "cpu_percent": 16.2,
                "timestamp": 1778798842.730995
            },
            {
                "memory_mb": 376.03125,
                "cpu_percent": 99.2,
                "timestamp": 1778798843.779416
            },
            {
                "memory_mb": 376.03125,
                "cpu_percent": 99.3,
                "timestamp": 1778798844.82699
            },
            {
                "memory_mb": 376.02734375,
                "cpu_percent": 100.3,
                "timestamp": 1778798845.8743012
            },
            {
                "memory_mb": 376.01953125,
                "cpu_percent": 34.2,
                "timestamp": 1778798846.9266317
            },
            {
                "memory_mb": 376.01953125,
                "cpu_percent": 77.3,
                "timestamp": 1778798847.975089
            },
            {
                "memory_mb": 376.02734375,
                "cpu_percent": 99.3,
                "timestamp": 1778798849.0228982
            },
            {
                "memory_mb": 376.03125,
                "cpu_percent": 99.2,
                "timestamp": 1778798850.0710707
            },
            {
                "memory_mb": 376.0234375,
                "cpu_percent": 75.3,
                "timestamp": 1778798851.1200566
            },
            {
                "memory_mb": 376.01953125,
                "cpu_percent": 66.3,
                "timestamp": 1778798852.1758168
            },
            {
                "memory_mb": 376.0234375,
                "cpu_percent": 52.5,
                "timestamp": 1778798853.223544
            },
            {
                "memory_mb": 376.03515625,
                "cpu_percent": 100.2,
                "timestamp": 1778798854.2715907
            },
            {
                "memory_mb": 376.03125,
                "cpu_percent": 82.1,
                "timestamp": 1778798855.3193102
            },
            {
                "memory_mb": 376.02734375,
                "cpu_percent": 100.2,
                "timestamp": 1778798856.3677006
            },
            {
                "memory_mb": 376.01953125,
                "cpu_percent": 22.8,
                "timestamp": 1778798857.4194245
            },
            {
                "memory_mb": 376.03125,
                "cpu_percent": 78.3,
                "timestamp": 1778798858.4672585
            },
            {
                "memory_mb": 376.0390625,
                "cpu_percent": 99.1,
                "timestamp": 1778798859.5161965
            },
            {
                "memory_mb": 376.02734375,
                "cpu_percent": 100.1,
                "timestamp": 1778798860.564682
            },
            {
                "memory_mb": 376.01953125,
                "cpu_percent": 64.6,
                "timestamp": 1778798861.6167254
            },
            {
                "memory_mb": 376.01953125,
                "cpu_percent": 44.9,
                "timestamp": 1778798862.6645749
            },
            {
                "memory_mb": 376.02734375,
                "cpu_percent": 100.1,
                "timestamp": 1778798863.7133038
            },
            {
                "memory_mb": 376.02734375,
                "cpu_percent": 100.3,
                "timestamp": 1778798864.7606857
            },
            {
                "memory_mb": 376.02734375,
                "cpu_percent": 40.9,
                "timestamp": 1778798865.8126326
            },
            {
                "memory_mb": 376.0234375,
                "cpu_percent": 75.4,
                "timestamp": 1778798866.8605492
            },
            {
                "memory_mb": 376.015625,
                "cpu_percent": 95.5,
                "timestamp": 1778798867.9080691
            },
            {
                "memory_mb": 376.0234375,
                "cpu_percent": 100.2,
                "timestamp": 1778798868.9561727
            },
            {
                "memory_mb": 376.0390625,
                "cpu_percent": 78.9,
                "timestamp": 1778798870.0084991
            },
            {
                "memory_mb": 376.03125,
                "cpu_percent": 95.4,
                "timestamp": 1778798871.056164
            },
            {
                "memory_mb": 376.0234375,
                "cpu_percent": 45.6,
                "timestamp": 1778798872.1082458
            },
            {
                "memory_mb": 376.01953125,
                "cpu_percent": 43.9,
                "timestamp": 1778798873.155589
            },
            {
                "memory_mb": 376.0390625,
                "cpu_percent": 100.2,
                "timestamp": 1778798874.2034686
            },
            {
                "memory_mb": 376.0390625,
                "cpu_percent": 100.2,
                "timestamp": 1778798875.2509427
            },
            {
                "memory_mb": 376.03515625,
                "cpu_percent": 99.2,
                "timestamp": 1778798876.2988474
            },
            {
                "memory_mb": 376.01953125,
                "cpu_percent": 78.1,
                "timestamp": 1778798877.3487203
            },
            {
                "memory_mb": 376.03515625,
                "cpu_percent": 67.8,
                "timestamp": 1778798878.395944
            },
            {
                "memory_mb": 376.05078125,
                "cpu_percent": 99.3,
                "timestamp": 1778798879.4437678
            },
            {
                "memory_mb": 376.05078125,
                "cpu_percent": 83.0,
                "timestamp": 1778798880.491711
            },
            {
                "memory_mb": 376.04296875,
                "cpu_percent": 95.4,
                "timestamp": 1778798881.5398707
            },
            {
                "memory_mb": 376.0390625,
                "cpu_percent": 18.1,
                "timestamp": 1778798882.5924728
            },
            {
                "memory_mb": 376.04296875,
                "cpu_percent": 91.5,
                "timestamp": 1778798883.6411161
            },
            {
                "memory_mb": 376.05859375,
                "cpu_percent": 100.2,
                "timestamp": 1778798884.6887884
            },
            {
                "memory_mb": 376.05078125,
                "cpu_percent": 74.4,
                "timestamp": 1778798885.7367744
            },
            {
                "memory_mb": 376.0390625,
                "cpu_percent": 84.6,
                "timestamp": 1778798886.7888076
            },
            {
                "memory_mb": 376.04296875,
                "cpu_percent": 17.2,
                "timestamp": 1778798887.8375452
            },
            {
                "memory_mb": 376.05859375,
                "cpu_percent": 100.2,
                "timestamp": 1778798888.8855526
            },
            {
                "memory_mb": 376.0546875,
                "cpu_percent": 99.2,
                "timestamp": 1778798889.9337368
            },
            {
                "memory_mb": 376.05078125,
                "cpu_percent": 100.2,
                "timestamp": 1778798890.981692
            },
            {
                "memory_mb": 376.0390625,
                "cpu_percent": 100.2,
                "timestamp": 1778798892.0295777
            },
            {
                "memory_mb": 376.05078125,
                "cpu_percent": 40.1,
                "timestamp": 1778798893.0767152
            },
            {
                "memory_mb": 376.0625,
                "cpu_percent": 99.3,
                "timestamp": 1778798894.1245017
            },
            {
                "memory_mb": 376.05078125,
                "cpu_percent": 81.1,
                "timestamp": 1778798895.1724727
            },
            {
                "memory_mb": 376.046875,
                "cpu_percent": 96.4,
                "timestamp": 1778798896.2202797
            },
            {
                "memory_mb": 376.04296875,
                "cpu_percent": 43.8,
                "timestamp": 1778798897.271568
            },
            {
                "memory_mb": 376.0390625,
                "cpu_percent": 63.0,
                "timestamp": 1778798898.319326
            },
            {
                "memory_mb": 376.0625,
                "cpu_percent": 99.2,
                "timestamp": 1778798899.3672426
            },
            {
                "memory_mb": 376.0546875,
                "cpu_percent": 73.5,
                "timestamp": 1778798900.4153378
            },
            {
                "memory_mb": 376.05078125,
                "cpu_percent": 100.2,
                "timestamp": 1778798901.4632702
            },
            {
                "memory_mb": 376.04296875,
                "cpu_percent": 11.4,
                "timestamp": 1778798902.5155685
            },
            {
                "memory_mb": 376.05859375,
                "cpu_percent": 82.1,
                "timestamp": 1778798903.563441
            },
            {
                "memory_mb": 376.05859375,
                "cpu_percent": 99.2,
                "timestamp": 1778798904.611308
            },
            {
                "memory_mb": 376.0546875,
                "cpu_percent": 101.2,
                "timestamp": 1778798905.65913
            },
            {
                "memory_mb": 376.04296875,
                "cpu_percent": 100.2,
                "timestamp": 1778798906.7071404
            },
            {
                "memory_mb": 376.05078125,
                "cpu_percent": 34.1,
                "timestamp": 1778798907.7628345
            },
            {
                "memory_mb": 376.05078125,
                "cpu_percent": 100.2,
                "timestamp": 1778798908.8108568
            },
            {
                "memory_mb": 376.0546875,
                "cpu_percent": 100.2,
                "timestamp": 1778798909.8591032
            },
            {
                "memory_mb": 376.05078125,
                "cpu_percent": 72.5,
                "timestamp": 1778798910.907052
            },
            {
                "memory_mb": 376.04296875,
                "cpu_percent": 75.1,
                "timestamp": 1778798911.958831
            },
            {
                "memory_mb": 376.0390625,
                "cpu_percent": 32.4,
                "timestamp": 1778798913.0072837
            },
            {
                "memory_mb": 376.046875,
                "cpu_percent": 100.2,
                "timestamp": 1778798914.0550067
            },
            {
                "memory_mb": 376.0625,
                "cpu_percent": 73.2,
                "timestamp": 1778798915.1071837
            },
            {
                "memory_mb": 376.0546875,
                "cpu_percent": 100.2,
                "timestamp": 1778798916.1550858
            },
            {
                "memory_mb": 376.046875,
                "cpu_percent": 43.7,
                "timestamp": 1778798917.2076678
            },
            {
                "memory_mb": 376.04296875,
                "cpu_percent": 54.4,
                "timestamp": 1778798918.2550852
            },
            {
                "memory_mb": 376.0625,
                "cpu_percent": 99.2,
                "timestamp": 1778798919.3029437
            },
            {
                "memory_mb": 376.05859375,
                "cpu_percent": 101.2,
                "timestamp": 1778798920.35081
            },
            {
                "memory_mb": 376.046875,
                "cpu_percent": 90.3,
                "timestamp": 1778798921.4034002
            },
            {
                "memory_mb": 376.046875,
                "cpu_percent": 19.1,
                "timestamp": 1778798922.451005
            },
            {
                "memory_mb": 376.046875,
                "cpu_percent": 100.1,
                "timestamp": 1778798923.4995599
            },
            {
                "memory_mb": 376.05859375,
                "cpu_percent": 100.2,
                "timestamp": 1778798924.547572
            },
            {
                "memory_mb": 376.0546875,
                "cpu_percent": 76.3,
                "timestamp": 1778798925.595785
            },
            {
                "memory_mb": 376.05078125,
                "cpu_percent": 96.4,
                "timestamp": 1778798926.6439083
            },
            {
                "memory_mb": 376.046875,
                "cpu_percent": 33.3,
                "timestamp": 1778798927.6965168
            },
            {
                "memory_mb": 376.05859375,
                "cpu_percent": 93.5,
                "timestamp": 1778798928.7446637
            },
            {
                "memory_mb": 376.06640625,
                "cpu_percent": 100.2,
                "timestamp": 1778798929.7927048
            },
            {
                "memory_mb": 376.05859375,
                "cpu_percent": 81.1,
                "timestamp": 1778798930.8405044
            },
            {
                "memory_mb": 376.05078125,
                "cpu_percent": 71.3,
                "timestamp": 1778798931.8929453
            },
            {
                "memory_mb": 376.04296875,
                "cpu_percent": 23.9,
                "timestamp": 1778798932.9407132
            },
            {
                "memory_mb": 376.05859375,
                "cpu_percent": 99.3,
                "timestamp": 1778798933.9885519
            },
            {
                "memory_mb": 376.0625,
                "cpu_percent": 101.1,
                "timestamp": 1778798935.0366566
            },
            {
                "memory_mb": 376.05859375,
                "cpu_percent": 99.3,
                "timestamp": 1778798936.0844107
            },
            {
                "memory_mb": 376.05078125,
                "cpu_percent": 30.4,
                "timestamp": 1778798937.135903
            },
            {
                "memory_mb": 376.05078125,
                "cpu_percent": 80.1,
                "timestamp": 1778798938.184181
            },
            {
                "memory_mb": 376.05859375,
                "cpu_percent": 100.2,
                "timestamp": 1778798939.2323213
            },
            {
                "memory_mb": 376.0625,
                "cpu_percent": 86.5,
                "timestamp": 1778798940.2840178
            },
            {
                "memory_mb": 376.0546875,
                "cpu_percent": 88.7,
                "timestamp": 1778798941.3322606
            },
            {
                "memory_mb": 376.05078125,
                "cpu_percent": 61.8,
                "timestamp": 1778798942.3840344
            },
            {
                "memory_mb": 376.0546875,
                "cpu_percent": 63.0,
                "timestamp": 1778798943.4322324
            },
            {
                "memory_mb": 376.06640625,
                "cpu_percent": 99.2,
                "timestamp": 1778798944.4803827
            },
            {
                "memory_mb": 376.0625,
                "cpu_percent": 82.1,
                "timestamp": 1778798945.5284429
            },
            {
                "memory_mb": 376.05078125,
                "cpu_percent": 94.2,
                "timestamp": 1778798946.5793602
            },
            {
                "memory_mb": 376.05078125,
                "cpu_percent": 6.6,
                "timestamp": 1778798947.6322823
            },
            {
                "memory_mb": 376.0625,
                "cpu_percent": 90.7,
                "timestamp": 1778798948.6800523
            },
            {
                "memory_mb": 376.06640625,
                "cpu_percent": 100.2,
                "timestamp": 1778798949.7282522
            },
            {
                "memory_mb": 376.05859375,
                "cpu_percent": 100.2,
                "timestamp": 1778798950.7760565
            },
            {
                "memory_mb": 376.05078125,
                "cpu_percent": 57.0,
                "timestamp": 1778798951.8279974
            },
            {
                "memory_mb": 376.05078125,
                "cpu_percent": 53.4,
                "timestamp": 1778798952.8758092
            },
            {
                "memory_mb": 376.05859375,
                "cpu_percent": 98.8,
                "timestamp": 1778798953.9285417
            },
            {
                "memory_mb": 376.0625,
                "cpu_percent": 100.1,
                "timestamp": 1778798954.9770873
            },
            {
                "memory_mb": 376.05859375,
                "cpu_percent": 74.4,
                "timestamp": 1778798956.0251284
            },
            {
                "memory_mb": 376.05078125,
                "cpu_percent": 90.3,
                "timestamp": 1778798957.077656
            },
            {
                "memory_mb": 376.0546875,
                "cpu_percent": 34.4,
                "timestamp": 1778798958.1255925
            },
            {
                "memory_mb": 376.07421875,
                "cpu_percent": 100.2,
                "timestamp": 1778798959.1738222
            },
            {
                "memory_mb": 376.06640625,
                "cpu_percent": 82.0,
                "timestamp": 1778798960.221985
            },
            {
                "memory_mb": 376.0625,
                "cpu_percent": 99.2,
                "timestamp": 1778798961.2699933
            },
            {
                "memory_mb": 376.0546875,
                "cpu_percent": 32.2,
                "timestamp": 1778798962.3245053
            },
            {
                "memory_mb": 376.046875,
                "cpu_percent": 62.0,
                "timestamp": 1778798963.3721137
            },
            {
                "memory_mb": 376.0703125,
                "cpu_percent": 99.3,
                "timestamp": 1778798964.4199426
            },
            {
                "memory_mb": 376.0703125,
                "cpu_percent": 100.2,
                "timestamp": 1778798965.467847
            },
            {
                "memory_mb": 376.0546875,
                "cpu_percent": 100.2,
                "timestamp": 1778798966.5158
            },
            {
                "memory_mb": 376.05078125,
                "cpu_percent": 58.9,
                "timestamp": 1778798967.567866
            },
            {
                "memory_mb": 376.07421875,
                "cpu_percent": 78.3,
                "timestamp": 1778798968.6156096
            },
            {
                "memory_mb": 376.078125,
                "cpu_percent": 100.1,
                "timestamp": 1778798969.6640985
            },
            {
                "memory_mb": 376.0703125,
                "cpu_percent": 80.2,
                "timestamp": 1778798970.7117383
            },
            {
                "memory_mb": 376.0625,
                "cpu_percent": 89.3,
                "timestamp": 1778798971.7646232
            },
            {
                "memory_mb": 376.05859375,
                "cpu_percent": 10.4,
                "timestamp": 1778798972.8203018
            },
            {
                "memory_mb": 376.06640625,
                "cpu_percent": 100.2,
                "timestamp": 1778798973.8686962
            },
            {
                "memory_mb": 376.078125,
                "cpu_percent": 94.3,
                "timestamp": 1778798974.9186354
            },
            {
                "memory_mb": 376.0703125,
                "cpu_percent": 79.2,
                "timestamp": 1778798975.9665048
            },
            {
                "memory_mb": 376.0625,
                "cpu_percent": 64.6,
                "timestamp": 1778798977.019165
            },
            {
                "memory_mb": 376.05859375,
                "cpu_percent": 28.6,
                "timestamp": 1778798978.0667539
            },
            {
                "memory_mb": 376.07421875,
                "cpu_percent": 100.2,
                "timestamp": 1778798979.1145177
            },
            {
                "memory_mb": 376.078125,
                "cpu_percent": 100.2,
                "timestamp": 1778798980.1625972
            },
            {
                "memory_mb": 376.07421875,
                "cpu_percent": 100.1,
                "timestamp": 1778798981.2110925
            },
            {
                "memory_mb": 376.05859375,
                "cpu_percent": 88.4,
                "timestamp": 1778798982.2634175
            },
            {
                "memory_mb": 376.0703125,
                "cpu_percent": 48.7,
                "timestamp": 1778798983.3112926
            },
            {
                "memory_mb": 376.078125,
                "cpu_percent": 100.2,
                "timestamp": 1778798984.3593895
            },
            {
                "memory_mb": 376.0703125,
                "cpu_percent": 78.2,
                "timestamp": 1778798985.4074676
            },
            {
                "memory_mb": 376.06640625,
                "cpu_percent": 99.2,
                "timestamp": 1778798986.4553456
            },
            {
                "memory_mb": 376.0625,
                "cpu_percent": 26.6,
                "timestamp": 1778798987.5074108
            },
            {
                "memory_mb": 376.06640625,
                "cpu_percent": 73.5,
                "timestamp": 1778798988.5553184
            },
            {
                "memory_mb": 376.08203125,
                "cpu_percent": 100.2,
                "timestamp": 1778798989.6031892
            },
            {
                "memory_mb": 376.08203125,
                "cpu_percent": 73.5,
                "timestamp": 1778798990.6512353
            },
            {
                "memory_mb": 376.0703125,
                "cpu_percent": 94.3,
                "timestamp": 1778798991.7009282
            },
            {
                "memory_mb": 376.0703125,
                "cpu_percent": 6.7,
                "timestamp": 1778798992.7531745
            },
            {
                "memory_mb": 376.0859375,
                "cpu_percent": 94.4,
                "timestamp": 1778798993.8016663
            },
            {
                "memory_mb": 376.0859375,
                "cpu_percent": 100.2,
                "timestamp": 1778798994.8500204
            },
            {
                "memory_mb": 376.08203125,
                "cpu_percent": 100.2,
                "timestamp": 1778798995.8977718
            },
            {
                "memory_mb": 376.0703125,
                "cpu_percent": 99.3,
                "timestamp": 1778798996.9454231
            },
            {
                "memory_mb": 376.078125,
                "cpu_percent": 38.2,
                "timestamp": 1778798997.993034
            },
            {
                "memory_mb": 376.0859375,
                "cpu_percent": 100.2,
                "timestamp": 1778798999.0408573
            },
            {
                "memory_mb": 376.08203125,
                "cpu_percent": 89.4,
                "timestamp": 1778799000.092711
            },
            {
                "memory_mb": 376.07421875,
                "cpu_percent": 86.8,
                "timestamp": 1778799001.1405792
            },
            {
                "memory_mb": 376.0703125,
                "cpu_percent": 60.8,
                "timestamp": 1778799002.1929924
            },
            {
                "memory_mb": 376.06640625,
                "cpu_percent": 42.9,
                "timestamp": 1778799003.2409053
            },
            {
                "memory_mb": 376.08984375,
                "cpu_percent": 100.2,
                "timestamp": 1778799004.2886913
            },
            {
                "memory_mb": 376.08203125,
                "cpu_percent": 73.5,
                "timestamp": 1778799005.336446
            },
            {
                "memory_mb": 376.078125,
                "cpu_percent": 101.1,
                "timestamp": 1778799006.3845718
            },
            {
                "memory_mb": 376.0703125,
                "cpu_percent": 30.4,
                "timestamp": 1778799007.4363174
            },
            {
                "memory_mb": 376.06640625,
                "cpu_percent": 62.0,
                "timestamp": 1778799008.4846003
            },
            {
                "memory_mb": 376.0859375,
                "cpu_percent": 100.2,
                "timestamp": 1778799009.5326636
            },
            {
                "memory_mb": 376.0859375,
                "cpu_percent": 99.2,
                "timestamp": 1778799010.5805779
            },
            {
                "memory_mb": 376.0703125,
                "cpu_percent": 100.2,
                "timestamp": 1778799011.6284492
            },
            {
                "memory_mb": 376.06640625,
                "cpu_percent": 55.1,
                "timestamp": 1778799012.6809742
            },
            {
                "memory_mb": 376.0859375,
                "cpu_percent": 82.9,
                "timestamp": 1778799013.7303708
            },
            {
                "memory_mb": 376.08984375,
                "cpu_percent": 99.2,
                "timestamp": 1778799014.7784235
            },
            {
                "memory_mb": 376.08203125,
                "cpu_percent": 81.1,
                "timestamp": 1778799015.8263414
            },
            {
                "memory_mb": 376.07421875,
                "cpu_percent": 87.4,
                "timestamp": 1778799016.8787267
            },
            {
                "memory_mb": 376.0703125,
                "cpu_percent": 15.2,
                "timestamp": 1778799017.9289095
            },
            {
                "memory_mb": 376.078125,
                "cpu_percent": 100.2,
                "timestamp": 1778799018.976599
            },
            {
                "memory_mb": 376.08984375,
                "cpu_percent": 90.3,
                "timestamp": 1778799020.0291126
            },
            {
                "memory_mb": 376.08203125,
                "cpu_percent": 83.0,
                "timestamp": 1778799021.077236
            },
            {
                "memory_mb": 376.07421875,
                "cpu_percent": 58.0,
                "timestamp": 1778799022.1290162
            },
            {
                "memory_mb": 376.06640625,
                "cpu_percent": 10.1,
                "timestamp": 1778799022.9192836
            }
        ]
    }
}
