{
    "321854": {
        "ppid": "254983",
        "name": "celery",
        "cmdline": "/home/experimenter/projects/celery-autoscale/.venv/bin/python3 /home/experimenter/projects/celery-autoscale/.venv/bin/celery -A celery_app worker --loglevel=INFO --concurrency=2 --pool=gevent",
        "create_time": "2026-05-15T02:12:38.230000",
        "last_update": "2026-05-15T02:17:41.195111",
        "voluntary_ctxt_switches": 2773,
        "nonvoluntary_ctxt_switches": 1172,
        "jiffies": 11320,
        "stats": [
            {
                "memory_mb": 48.2109375,
                "cpu_percent": 0.0,
                "timestamp": 1778800359.3074772
            },
            {
                "memory_mb": 48.6484375,
                "cpu_percent": 38.0,
                "timestamp": 1778800360.359362
            },
            {
                "memory_mb": 48.6640625,
                "cpu_percent": 26.6,
                "timestamp": 1778800361.410669
            },
            {
                "memory_mb": 48.6640625,
                "cpu_percent": 66.5,
                "timestamp": 1778800362.4629252
            },
            {
                "memory_mb": 102.30859375,
                "cpu_percent": 6.7,
                "timestamp": 1778800363.5146444
            },
            {
                "memory_mb": 140.1015625,
                "cpu_percent": 61.1,
                "timestamp": 1778800364.5625103
            },
            {
                "memory_mb": 140.1015625,
                "cpu_percent": 72.3,
                "timestamp": 1778800365.6137726
            },
            {
                "memory_mb": 139.33203125,
                "cpu_percent": 10.4,
                "timestamp": 1778800366.6664748
            },
            {
                "memory_mb": 139.3359375,
                "cpu_percent": 64.6,
                "timestamp": 1778800367.718765
            },
            {
                "memory_mb": 140.74609375,
                "cpu_percent": 5.7,
                "timestamp": 1778800368.7712636
            },
            {
                "memory_mb": 138.69140625,
                "cpu_percent": 1.9,
                "timestamp": 1778800369.822557
            },
            {
                "memory_mb": 138.6875,
                "cpu_percent": 71.3,
                "timestamp": 1778800370.8748696
            },
            {
                "memory_mb": 140.74609375,
                "cpu_percent": 4.8,
                "timestamp": 1778800371.9266956
            },
            {
                "memory_mb": 140.74609375,
                "cpu_percent": 66.5,
                "timestamp": 1778800372.9793446
            },
            {
                "memory_mb": 138.6875,
                "cpu_percent": 69.4,
                "timestamp": 1778800374.0309598
            },
            {
                "memory_mb": 138.69140625,
                "cpu_percent": 12.4,
                "timestamp": 1778800375.0778632
            },
            {
                "memory_mb": 138.69140625,
                "cpu_percent": 54.2,
                "timestamp": 1778800376.1298718
            },
            {
                "memory_mb": 140.75,
                "cpu_percent": 3.8,
                "timestamp": 1778800377.1823065
            },
            {
                "memory_mb": 138.76171875,
                "cpu_percent": 27.7,
                "timestamp": 1778800378.2305503
            },
            {
                "memory_mb": 138.765625,
                "cpu_percent": 47.4,
                "timestamp": 1778800379.2846346
            },
            {
                "memory_mb": 140.75,
                "cpu_percent": 38.2,
                "timestamp": 1778800380.3324726
            },
            {
                "memory_mb": 140.75,
                "cpu_percent": 68.8,
                "timestamp": 1778800381.3795846
            },
            {
                "memory_mb": 138.6875,
                "cpu_percent": 29.5,
                "timestamp": 1778800382.4309502
            },
            {
                "memory_mb": 138.69140625,
                "cpu_percent": 51.6,
                "timestamp": 1778800383.4780922
            },
            {
                "memory_mb": 140.75,
                "cpu_percent": 19.1,
                "timestamp": 1778800384.5275018
            },
            {
                "memory_mb": 138.76171875,
                "cpu_percent": 2.9,
                "timestamp": 1778800385.579398
            },
            {
                "memory_mb": 138.76171875,
                "cpu_percent": 63.1,
                "timestamp": 1778800386.6261277
            },
            {
                "memory_mb": 138.765625,
                "cpu_percent": 11.4,
                "timestamp": 1778800387.6783314
            },
            {
                "memory_mb": 140.74609375,
                "cpu_percent": 68.7,
                "timestamp": 1778800388.7259688
            },
            {
                "memory_mb": 138.6875,
                "cpu_percent": 65.5,
                "timestamp": 1778800389.7791882
            },
            {
                "memory_mb": 138.68359375,
                "cpu_percent": 0.9,
                "timestamp": 1778800390.8319657
            },
            {
                "memory_mb": 138.69140625,
                "cpu_percent": 65.6,
                "timestamp": 1778800391.883085
            },
            {
                "memory_mb": 140.75,
                "cpu_percent": 3.8,
                "timestamp": 1778800392.9346323
            },
            {
                "memory_mb": 138.76171875,
                "cpu_percent": 4.7,
                "timestamp": 1778800393.9878323
            },
            {
                "memory_mb": 138.765625,
                "cpu_percent": 68.4,
                "timestamp": 1778800395.0409353
            },
            {
                "memory_mb": 140.75,
                "cpu_percent": 15.3,
                "timestamp": 1778800396.0880458
            },
            {
                "memory_mb": 140.75,
                "cpu_percent": 77.4,
                "timestamp": 1778800397.1348128
            },
            {
                "memory_mb": 138.6875,
                "cpu_percent": 52.3,
                "timestamp": 1778800398.1867423
            },
            {
                "memory_mb": 138.69140625,
                "cpu_percent": 26.7,
                "timestamp": 1778800399.2340221
            },
            {
                "memory_mb": 138.69140625,
                "cpu_percent": 41.8,
                "timestamp": 1778800400.2856047
            },
            {
                "memory_mb": 138.76171875,
                "cpu_percent": 4.8,
                "timestamp": 1778800401.3376756
            },
            {
                "memory_mb": 138.76171875,
                "cpu_percent": 39.1,
                "timestamp": 1778800402.3849342
            },
            {
                "memory_mb": 138.765625,
                "cpu_percent": 34.2,
                "timestamp": 1778800403.4367516
            },
            {
                "memory_mb": 140.75390625,
                "cpu_percent": 50.7,
                "timestamp": 1778800404.4830718
            },
            {
                "memory_mb": 140.75390625,
                "cpu_percent": 69.7,
                "timestamp": 1778800405.5309248
            },
            {
                "memory_mb": 138.69140625,
                "cpu_percent": 17.1,
                "timestamp": 1778800406.583034
            },
            {
                "memory_mb": 138.6953125,
                "cpu_percent": 63.0,
                "timestamp": 1778800407.6301575
            },
            {
                "memory_mb": 140.75,
                "cpu_percent": 6.7,
                "timestamp": 1778800408.6820467
            },
            {
                "memory_mb": 138.765625,
                "cpu_percent": 2.9,
                "timestamp": 1778800409.733912
            },
            {
                "memory_mb": 138.76171875,
                "cpu_percent": 66.6,
                "timestamp": 1778800410.7856734
            },
            {
                "memory_mb": 138.76953125,
                "cpu_percent": 4.8,
                "timestamp": 1778800411.8377562
            },
            {
                "memory_mb": 140.74609375,
                "cpu_percent": 67.5,
                "timestamp": 1778800412.889265
            },
            {
                "memory_mb": 138.69140625,
                "cpu_percent": 68.5,
                "timestamp": 1778800413.9409428
            },
            {
                "memory_mb": 138.6953125,
                "cpu_percent": 2.9,
                "timestamp": 1778800414.9928565
            },
            {
                "memory_mb": 138.6953125,
                "cpu_percent": 63.7,
                "timestamp": 1778800416.0438771
            },
            {
                "memory_mb": 140.75390625,
                "cpu_percent": 2.9,
                "timestamp": 1778800417.095662
            },
            {
                "memory_mb": 138.765625,
                "cpu_percent": 20.0,
                "timestamp": 1778800418.146751
            },
            {
                "memory_mb": 138.76953125,
                "cpu_percent": 56.1,
                "timestamp": 1778800419.1977544
            },
            {
                "memory_mb": 140.75390625,
                "cpu_percent": 28.6,
                "timestamp": 1778800420.2470815
            },
            {
                "memory_mb": 140.75390625,
                "cpu_percent": 73.3,
                "timestamp": 1778800421.2981975
            },
            {
                "memory_mb": 138.6953125,
                "cpu_percent": 39.0,
                "timestamp": 1778800422.3494494
            },
            {
                "memory_mb": 138.69921875,
                "cpu_percent": 41.1,
                "timestamp": 1778800423.396606
            },
            {
                "memory_mb": 138.69921875,
                "cpu_percent": 28.5,
                "timestamp": 1778800424.4477866
            },
            {
                "memory_mb": 138.765625,
                "cpu_percent": 3.8,
                "timestamp": 1778800425.5026221
            },
            {
                "memory_mb": 138.765625,
                "cpu_percent": 54.4,
                "timestamp": 1778800426.549692
            },
            {
                "memory_mb": 138.76953125,
                "cpu_percent": 18.1,
                "timestamp": 1778800427.6021554
            },
            {
                "memory_mb": 140.7578125,
                "cpu_percent": 64.9,
                "timestamp": 1778800428.6492803
            },
            {
                "memory_mb": 140.7578125,
                "cpu_percent": 75.4,
                "timestamp": 1778800429.6971054
            },
            {
                "memory_mb": 138.69140625,
                "cpu_percent": 1.9,
                "timestamp": 1778800430.7486944
            },
            {
                "memory_mb": 138.69921875,
                "cpu_percent": 72.5,
                "timestamp": 1778800431.7968063
            },
            {
                "memory_mb": 140.75390625,
                "cpu_percent": 3.8,
                "timestamp": 1778800432.8493857
            },
            {
                "memory_mb": 138.76953125,
                "cpu_percent": 3.8,
                "timestamp": 1778800433.9011512
            },
            {
                "memory_mb": 138.765625,
                "cpu_percent": 70.3,
                "timestamp": 1778800434.9535074
            },
            {
                "memory_mb": 140.75390625,
                "cpu_percent": 5.7,
                "timestamp": 1778800436.005259
            },
            {
                "memory_mb": 140.75390625,
                "cpu_percent": 72.6,
                "timestamp": 1778800437.0518835
            },
            {
                "memory_mb": 138.6953125,
                "cpu_percent": 62.7,
                "timestamp": 1778800438.1038716
            },
            {
                "memory_mb": 138.69921875,
                "cpu_percent": 17.2,
                "timestamp": 1778800439.1509945
            },
            {
                "memory_mb": 138.69921875,
                "cpu_percent": 51.4,
                "timestamp": 1778800440.2023363
            },
            {
                "memory_mb": 138.7734375,
                "cpu_percent": 4.8,
                "timestamp": 1778800441.2542696
            },
            {
                "memory_mb": 138.7734375,
                "cpu_percent": 29.6,
                "timestamp": 1778800442.301173
            },
            {
                "memory_mb": 138.77734375,
                "cpu_percent": 42.9,
                "timestamp": 1778800443.3505821
            },
            {
                "memory_mb": 140.7578125,
                "cpu_percent": 42.0,
                "timestamp": 1778800444.3976834
            },
            {
                "memory_mb": 140.7578125,
                "cpu_percent": 71.4,
                "timestamp": 1778800445.4477458
            },
            {
                "memory_mb": 138.69921875,
                "cpu_percent": 28.5,
                "timestamp": 1778800446.5006392
            },
            {
                "memory_mb": 138.703125,
                "cpu_percent": 54.4,
                "timestamp": 1778800447.548861
            },
            {
                "memory_mb": 140.76171875,
                "cpu_percent": 15.2,
                "timestamp": 1778800448.6005435
            },
            {
                "memory_mb": 138.7734375,
                "cpu_percent": 3.8,
                "timestamp": 1778800449.6520944
            },
            {
                "memory_mb": 138.7734375,
                "cpu_percent": 66.8,
                "timestamp": 1778800450.6994755
            },
            {
                "memory_mb": 138.77734375,
                "cpu_percent": 4.8,
                "timestamp": 1778800451.7519345
            },
            {
                "memory_mb": 140.75390625,
                "cpu_percent": 64.7,
                "timestamp": 1778800452.8032403
            },
            {
                "memory_mb": 138.69921875,
                "cpu_percent": 66.5,
                "timestamp": 1778800453.855619
            },
            {
                "memory_mb": 138.6953125,
                "cpu_percent": 0.0,
                "timestamp": 1778800454.9075344
            },
            {
                "memory_mb": 138.703125,
                "cpu_percent": 72.1,
                "timestamp": 1778800455.9616842
            },
            {
                "memory_mb": 140.76171875,
                "cpu_percent": 3.8,
                "timestamp": 1778800457.013598
            },
            {
                "memory_mb": 138.7734375,
                "cpu_percent": 8.6,
                "timestamp": 1778800458.0613992
            },
            {
                "memory_mb": 138.77734375,
                "cpu_percent": 65.6,
                "timestamp": 1778800459.1133535
            },
            {
                "memory_mb": 140.76171875,
                "cpu_percent": 19.1,
                "timestamp": 1778800460.161193
            },
            {
                "memory_mb": 140.76171875,
                "cpu_percent": 71.6,
                "timestamp": 1778800461.2089374
            },
            {
                "memory_mb": 138.703125,
                "cpu_percent": 46.6,
                "timestamp": 1778800462.2608874
            },
            {
                "memory_mb": 138.70703125,
                "cpu_percent": 31.5,
                "timestamp": 1778800463.3082094
            },
            {
                "memory_mb": 138.70703125,
                "cpu_percent": 39.9,
                "timestamp": 1778800464.361864
            },
            {
                "memory_mb": 138.7734375,
                "cpu_percent": 3.8,
                "timestamp": 1778800465.4138231
            },
            {
                "memory_mb": 138.7734375,
                "cpu_percent": 44.9,
                "timestamp": 1778800466.4612446
            },
            {
                "memory_mb": 138.77734375,
                "cpu_percent": 25.7,
                "timestamp": 1778800467.5133405
            },
            {
                "memory_mb": 140.76171875,
                "cpu_percent": 55.3,
                "timestamp": 1778800468.5612607
            },
            {
                "memory_mb": 140.76171875,
                "cpu_percent": 72.6,
                "timestamp": 1778800469.6080647
            },
            {
                "memory_mb": 138.7734375,
                "cpu_percent": 11.4,
                "timestamp": 1778800470.6593616
            },
            {
                "memory_mb": 138.77734375,
                "cpu_percent": 67.8,
                "timestamp": 1778800471.7069232
            },
            {
                "memory_mb": 140.7578125,
                "cpu_percent": 3.8,
                "timestamp": 1778800472.7578256
            },
            {
                "memory_mb": 138.7734375,
                "cpu_percent": 2.9,
                "timestamp": 1778800473.8085275
            },
            {
                "memory_mb": 138.76953125,
                "cpu_percent": 70.4,
                "timestamp": 1778800474.8599672
            },
            {
                "memory_mb": 138.77734375,
                "cpu_percent": 3.8,
                "timestamp": 1778800475.9124236
            },
            {
                "memory_mb": 140.76953125,
                "cpu_percent": 67.6,
                "timestamp": 1778800476.96317
            },
            {
                "memory_mb": 138.77734375,
                "cpu_percent": 66.5,
                "timestamp": 1778800478.015356
            },
            {
                "memory_mb": 138.78125,
                "cpu_percent": 6.7,
                "timestamp": 1778800479.0627575
            },
            {
                "memory_mb": 138.78125,
                "cpu_percent": 66.7,
                "timestamp": 1778800480.1130047
            },
            {
                "memory_mb": 140.76953125,
                "cpu_percent": 3.8,
                "timestamp": 1778800481.1648114
            },
            {
                "memory_mb": 138.77734375,
                "cpu_percent": 21.9,
                "timestamp": 1778800482.21281
            },
            {
                "memory_mb": 138.78125,
                "cpu_percent": 51.4,
                "timestamp": 1778800483.2632408
            },
            {
                "memory_mb": 140.76953125,
                "cpu_percent": 32.5,
                "timestamp": 1778800484.3107505
            },
            {
                "memory_mb": 140.76953125,
                "cpu_percent": 71.6,
                "timestamp": 1778800485.357819
            },
            {
                "memory_mb": 138.77734375,
                "cpu_percent": 35.1,
                "timestamp": 1778800486.4118125
            },
            {
                "memory_mb": 138.78125,
                "cpu_percent": 44.9,
                "timestamp": 1778800487.4593923
            },
            {
                "memory_mb": 138.78125,
                "cpu_percent": 26.6,
                "timestamp": 1778800488.5106473
            },
            {
                "memory_mb": 138.77734375,
                "cpu_percent": 3.8,
                "timestamp": 1778800489.5618906
            },
            {
                "memory_mb": 138.77734375,
                "cpu_percent": 57.3,
                "timestamp": 1778800490.6097586
            },
            {
                "memory_mb": 138.78125,
                "cpu_percent": 15.2,
                "timestamp": 1778800491.6631534
            },
            {
                "memory_mb": 140.76953125,
                "cpu_percent": 67.8,
                "timestamp": 1778800492.7109003
            },
            {
                "memory_mb": 138.78125,
                "cpu_percent": 68.8,
                "timestamp": 1778800493.7574563
            },
            {
                "memory_mb": 138.77734375,
                "cpu_percent": 1.0,
                "timestamp": 1778800494.8089678
            },
            {
                "memory_mb": 138.78515625,
                "cpu_percent": 68.4,
                "timestamp": 1778800495.860932
            },
            {
                "memory_mb": 140.7734375,
                "cpu_percent": 2.9,
                "timestamp": 1778800496.9129615
            },
            {
                "memory_mb": 138.78125,
                "cpu_percent": 2.9,
                "timestamp": 1778800497.9639266
            },
            {
                "memory_mb": 138.78515625,
                "cpu_percent": 70.4,
                "timestamp": 1778800499.0155807
            },
            {
                "memory_mb": 140.77734375,
                "cpu_percent": 10.5,
                "timestamp": 1778800500.0651803
            },
            {
                "memory_mb": 140.77734375,
                "cpu_percent": 70.7,
                "timestamp": 1778800501.1124196
            },
            {
                "memory_mb": 138.78125,
                "cpu_percent": 58.9,
                "timestamp": 1778800502.1646426
            },
            {
                "memory_mb": 138.78515625,
                "cpu_percent": 19.1,
                "timestamp": 1778800503.2125587
            },
            {
                "memory_mb": 138.78515625,
                "cpu_percent": 49.5,
                "timestamp": 1778800504.2638817
            },
            {
                "memory_mb": 138.78125,
                "cpu_percent": 4.8,
                "timestamp": 1778800505.311894
            },
            {
                "memory_mb": 138.78125,
                "cpu_percent": 33.4,
                "timestamp": 1778800506.3601055
            },
            {
                "memory_mb": 138.78515625,
                "cpu_percent": 35.1,
                "timestamp": 1778800507.4131522
            },
            {
                "memory_mb": 140.77734375,
                "cpu_percent": 44.9,
                "timestamp": 1778800508.4609704
            },
            {
                "memory_mb": 140.77734375,
                "cpu_percent": 73.5,
                "timestamp": 1778800509.508115
            },
            {
                "memory_mb": 138.78125,
                "cpu_percent": 20.9,
                "timestamp": 1778800510.5595453
            },
            {
                "memory_mb": 138.78515625,
                "cpu_percent": 58.2,
                "timestamp": 1778800511.6080282
            },
            {
                "memory_mb": 140.77734375,
                "cpu_percent": 13.3,
                "timestamp": 1778800512.661293
            },
            {
                "memory_mb": 138.78125,
                "cpu_percent": 2.9,
                "timestamp": 1778800513.7122004
            },
            {
                "memory_mb": 138.77734375,
                "cpu_percent": 65.9,
                "timestamp": 1778800514.7588933
            },
            {
                "memory_mb": 138.78515625,
                "cpu_percent": 3.8,
                "timestamp": 1778800515.810043
            },
            {
                "memory_mb": 140.77734375,
                "cpu_percent": 67.4,
                "timestamp": 1778800516.8637073
            },
            {
                "memory_mb": 138.78515625,
                "cpu_percent": 69.4,
                "timestamp": 1778800517.915461
            },
            {
                "memory_mb": 138.78125,
                "cpu_percent": 0.0,
                "timestamp": 1778800518.9672675
            },
            {
                "memory_mb": 138.7890625,
                "cpu_percent": 66.6,
                "timestamp": 1778800520.018598
            },
            {
                "memory_mb": 140.78125,
                "cpu_percent": 2.9,
                "timestamp": 1778800521.0703695
            },
            {
                "memory_mb": 138.78515625,
                "cpu_percent": 11.4,
                "timestamp": 1778800522.1193533
            },
            {
                "memory_mb": 138.7890625,
                "cpu_percent": 60.8,
                "timestamp": 1778800523.1712027
            },
            {
                "memory_mb": 140.78515625,
                "cpu_percent": 21.9,
                "timestamp": 1778800524.2193468
            },
            {
                "memory_mb": 140.7890625,
                "cpu_percent": 75.4,
                "timestamp": 1778800525.2665205
            },
            {
                "memory_mb": 138.7890625,
                "cpu_percent": 43.7,
                "timestamp": 1778800526.3182833
            },
            {
                "memory_mb": 138.79296875,
                "cpu_percent": 34.4,
                "timestamp": 1778800527.3661506
            },
            {
                "memory_mb": 138.79296875,
                "cpu_percent": 34.2,
                "timestamp": 1778800528.4178967
            },
            {
                "memory_mb": 138.7890625,
                "cpu_percent": 3.8,
                "timestamp": 1778800529.468475
            },
            {
                "memory_mb": 138.7890625,
                "cpu_percent": 46.8,
                "timestamp": 1778800530.516449
            },
            {
                "memory_mb": 138.79296875,
                "cpu_percent": 26.6,
                "timestamp": 1778800531.568206
            },
            {
                "memory_mb": 140.78515625,
                "cpu_percent": 57.3,
                "timestamp": 1778800532.6157246
            },
            {
                "memory_mb": 140.78515625,
                "cpu_percent": 72.5,
                "timestamp": 1778800533.6633658
            },
            {
                "memory_mb": 138.7890625,
                "cpu_percent": 7.6,
                "timestamp": 1778800534.715443
            },
            {
                "memory_mb": 138.79296875,
                "cpu_percent": 67.8,
                "timestamp": 1778800535.762859
            },
            {
                "memory_mb": 140.78515625,
                "cpu_percent": 4.8,
                "timestamp": 1778800536.815058
            },
            {
                "memory_mb": 138.7890625,
                "cpu_percent": 1.9,
                "timestamp": 1778800537.8665156
            },
            {
                "memory_mb": 138.78515625,
                "cpu_percent": 70.3,
                "timestamp": 1778800538.9187453
            },
            {
                "memory_mb": 138.79296875,
                "cpu_percent": 4.8,
                "timestamp": 1778800539.9709191
            },
            {
                "memory_mb": 140.78515625,
                "cpu_percent": 67.5,
                "timestamp": 1778800541.0221872
            },
            {
                "memory_mb": 138.796875,
                "cpu_percent": 67.5,
                "timestamp": 1778800542.074543
            },
            {
                "memory_mb": 138.80078125,
                "cpu_percent": 9.5,
                "timestamp": 1778800543.1234472
            },
            {
                "memory_mb": 138.80078125,
                "cpu_percent": 59.0,
                "timestamp": 1778800544.1747515
            },
            {
                "memory_mb": 140.796875,
                "cpu_percent": 2.9,
                "timestamp": 1778800545.2272089
            },
            {
                "memory_mb": 138.796875,
                "cpu_percent": 25.8,
                "timestamp": 1778800546.2750497
            },
            {
                "memory_mb": 138.80078125,
                "cpu_percent": 45.5,
                "timestamp": 1778800547.329431
            },
            {
                "memory_mb": 140.79296875,
                "cpu_percent": 34.4,
                "timestamp": 1778800548.3769236
            },
            {
                "memory_mb": 140.79296875,
                "cpu_percent": 72.4,
                "timestamp": 1778800549.4266064
            },
            {
                "memory_mb": 138.796875,
                "cpu_percent": 35.2,
                "timestamp": 1778800550.478232
            },
            {
                "memory_mb": 138.80078125,
                "cpu_percent": 47.7,
                "timestamp": 1778800551.5263066
            },
            {
                "memory_mb": 140.796875,
                "cpu_percent": 20.9,
                "timestamp": 1778800552.5772643
            },
            {
                "memory_mb": 138.796875,
                "cpu_percent": 2.9,
                "timestamp": 1778800553.6282983
            },
            {
                "memory_mb": 138.796875,
                "cpu_percent": 61.1,
                "timestamp": 1778800554.6752765
            },
            {
                "memory_mb": 138.80078125,
                "cpu_percent": 12.4,
                "timestamp": 1778800555.7277982
            },
            {
                "memory_mb": 140.79296875,
                "cpu_percent": 72.5,
                "timestamp": 1778800556.7755494
            },
            {
                "memory_mb": 138.796875,
                "cpu_percent": 70.3,
                "timestamp": 1778800557.8281252
            },
            {
                "memory_mb": 138.79296875,
                "cpu_percent": 0.0,
                "timestamp": 1778800558.8808396
            },
            {
                "memory_mb": 138.80078125,
                "cpu_percent": 67.5,
                "timestamp": 1778800559.9322126
            },
            {
                "memory_mb": 140.796875,
                "cpu_percent": 2.9,
                "timestamp": 1778800560.9845328
            },
            {
                "memory_mb": 138.80078125,
                "cpu_percent": 2.9,
                "timestamp": 1778800562.0363002
            },
            {
                "memory_mb": 138.8046875,
                "cpu_percent": 70.5,
                "timestamp": 1778800563.0865824
            },
            {
                "memory_mb": 140.79296875,
                "cpu_percent": 13.4,
                "timestamp": 1778800564.1339877
            },
            {
                "memory_mb": 140.79296875,
                "cpu_percent": 70.7,
                "timestamp": 1778800565.1811697
            },
            {
                "memory_mb": 138.80078125,
                "cpu_percent": 54.2,
                "timestamp": 1778800566.2331705
            },
            {
                "memory_mb": 138.8046875,
                "cpu_percent": 23.8,
                "timestamp": 1778800567.2815533
            },
            {
                "memory_mb": 138.8046875,
                "cpu_percent": 45.6,
                "timestamp": 1778800568.333199
            },
            {
                "memory_mb": 138.80078125,
                "cpu_percent": 5.7,
                "timestamp": 1778800569.384665
            },
            {
                "memory_mb": 138.80078125,
                "cpu_percent": 37.2,
                "timestamp": 1778800570.432293
            },
            {
                "memory_mb": 138.8046875,
                "cpu_percent": 35.2,
                "timestamp": 1778800571.4839816
            },
            {
                "memory_mb": 140.79296875,
                "cpu_percent": 48.7,
                "timestamp": 1778800572.5315535
            },
            {
                "memory_mb": 140.79296875,
                "cpu_percent": 72.5,
                "timestamp": 1778800573.5791926
            },
            {
                "memory_mb": 138.80078125,
                "cpu_percent": 17.1,
                "timestamp": 1778800574.6298656
            },
            {
                "memory_mb": 138.8046875,
                "cpu_percent": 61.1,
                "timestamp": 1778800575.6776235
            },
            {
                "memory_mb": 140.80078125,
                "cpu_percent": 10.4,
                "timestamp": 1778800576.7303433
            },
            {
                "memory_mb": 138.80078125,
                "cpu_percent": 2.8,
                "timestamp": 1778800577.7848554
            },
            {
                "memory_mb": 138.796875,
                "cpu_percent": 70.6,
                "timestamp": 1778800578.8323016
            },
            {
                "memory_mb": 138.8046875,
                "cpu_percent": 3.8,
                "timestamp": 1778800579.8843277
            },
            {
                "memory_mb": 140.7890625,
                "cpu_percent": 65.6,
                "timestamp": 1778800580.936391
            },
            {
                "memory_mb": 138.80078125,
                "cpu_percent": 67.4,
                "timestamp": 1778800581.9900098
            },
            {
                "memory_mb": 138.80078125,
                "cpu_percent": 1.9,
                "timestamp": 1778800583.0426238
            },
            {
                "memory_mb": 138.8046875,
                "cpu_percent": 67.5,
                "timestamp": 1778800584.0948887
            },
            {
                "memory_mb": 140.80078125,
                "cpu_percent": 2.9,
                "timestamp": 1778800585.1470551
            },
            {
                "memory_mb": 138.80078125,
                "cpu_percent": 17.2,
                "timestamp": 1778800586.1946676
            },
            {
                "memory_mb": 138.8046875,
                "cpu_percent": 57.0,
                "timestamp": 1778800587.246914
            },
            {
                "memory_mb": 140.79296875,
                "cpu_percent": 26.7,
                "timestamp": 1778800588.2961185
            },
            {
                "memory_mb": 140.79296875,
                "cpu_percent": 72.6,
                "timestamp": 1778800589.3434246
            },
            {
                "memory_mb": 138.80078125,
                "cpu_percent": 43.7,
                "timestamp": 1778800590.3955295
            },
            {
                "memory_mb": 138.8046875,
                "cpu_percent": 38.2,
                "timestamp": 1778800591.4435077
            },
            {
                "memory_mb": 138.8046875,
                "cpu_percent": 30.4,
                "timestamp": 1778800592.4949915
            },
            {
                "memory_mb": 138.8046875,
                "cpu_percent": 3.8,
                "timestamp": 1778800593.5470843
            },
            {
                "memory_mb": 138.8046875,
                "cpu_percent": 52.5,
                "timestamp": 1778800594.5947728
            },
            {
                "memory_mb": 138.80859375,
                "cpu_percent": 20.0,
                "timestamp": 1778800595.6460278
            },
            {
                "memory_mb": 140.8046875,
                "cpu_percent": 62.0,
                "timestamp": 1778800596.6938224
            },
            {
                "memory_mb": 140.8046875,
                "cpu_percent": 69.7,
                "timestamp": 1778800597.7413979
            },
            {
                "memory_mb": 138.80078125,
                "cpu_percent": 3.8,
                "timestamp": 1778800598.7935176
            },
            {
                "memory_mb": 138.80859375,
                "cpu_percent": 68.5,
                "timestamp": 1778800599.8451266
            },
            {
                "memory_mb": 140.80078125,
                "cpu_percent": 4.8,
                "timestamp": 1778800600.897184
            },
            {
                "memory_mb": 138.8046875,
                "cpu_percent": 2.9,
                "timestamp": 1778800601.9489665
            },
            {
                "memory_mb": 138.80078125,
                "cpu_percent": 68.5,
                "timestamp": 1778800603.0006053
            },
            {
                "memory_mb": 140.80859375,
                "cpu_percent": 4.8,
                "timestamp": 1778800604.053127
            },
            {
                "memory_mb": 140.80859375,
                "cpu_percent": 70.5,
                "timestamp": 1778800605.102987
            },
            {
                "memory_mb": 138.8046875,
                "cpu_percent": 67.5,
                "timestamp": 1778800606.1553435
            },
            {
                "memory_mb": 138.80859375,
                "cpu_percent": 15.3,
                "timestamp": 1778800607.2031786
            },
            {
                "memory_mb": 138.80859375,
                "cpu_percent": 52.2,
                "timestamp": 1778800608.2568033
            },
            {
                "memory_mb": 138.80859375,
                "cpu_percent": 3.8,
                "timestamp": 1778800609.3087804
            },
            {
                "memory_mb": 138.80859375,
                "cpu_percent": 28.6,
                "timestamp": 1778800610.3572567
            },
            {
                "memory_mb": 138.8125,
                "cpu_percent": 42.8,
                "timestamp": 1778800611.4093976
            },
            {
                "memory_mb": 140.8125,
                "cpu_percent": 40.1,
                "timestamp": 1778800612.4572003
            },
            {
                "memory_mb": 140.8125,
                "cpu_percent": 73.5,
                "timestamp": 1778800613.5052724
            },
            {
                "memory_mb": 138.80859375,
                "cpu_percent": 27.6,
                "timestamp": 1778800614.5558677
            },
            {
                "memory_mb": 138.8125,
                "cpu_percent": 52.5,
                "timestamp": 1778800615.6040485
            },
            {
                "memory_mb": 140.8125,
                "cpu_percent": 18.1,
                "timestamp": 1778800616.6558218
            },
            {
                "memory_mb": 138.80859375,
                "cpu_percent": 2.9,
                "timestamp": 1778800617.708003
            },
            {
                "memory_mb": 138.80859375,
                "cpu_percent": 66.8,
                "timestamp": 1778800618.7563167
            },
            {
                "memory_mb": 138.8125,
                "cpu_percent": 7.6,
                "timestamp": 1778800619.808409
            },
            {
                "memory_mb": 140.80859375,
                "cpu_percent": 67.5,
                "timestamp": 1778800620.8602283
            },
            {
                "memory_mb": 138.80859375,
                "cpu_percent": 67.4,
                "timestamp": 1778800621.91323
            },
            {
                "memory_mb": 138.8046875,
                "cpu_percent": 0.0,
                "timestamp": 1778800622.9654002
            },
            {
                "memory_mb": 138.8125,
                "cpu_percent": 68.4,
                "timestamp": 1778800624.01768
            },
            {
                "memory_mb": 140.80859375,
                "cpu_percent": 2.8,
                "timestamp": 1778800625.0705354
            },
            {
                "memory_mb": 138.80859375,
                "cpu_percent": 7.6,
                "timestamp": 1778800626.1195247
            },
            {
                "memory_mb": 138.8125,
                "cpu_percent": 60.8,
                "timestamp": 1778800627.1720178
            },
            {
                "memory_mb": 140.8125,
                "cpu_percent": 19.1,
                "timestamp": 1778800628.221628
            },
            {
                "memory_mb": 140.81640625,
                "cpu_percent": 72.6,
                "timestamp": 1778800629.268301
            },
            {
                "memory_mb": 138.8125,
                "cpu_percent": 49.4,
                "timestamp": 1778800630.3210883
            },
            {
                "memory_mb": 138.81640625,
                "cpu_percent": 29.6,
                "timestamp": 1778800631.369303
            },
            {
                "memory_mb": 138.81640625,
                "cpu_percent": 38.0,
                "timestamp": 1778800632.4206932
            },
            {
                "memory_mb": 138.8125,
                "cpu_percent": 4.8,
                "timestamp": 1778800633.4727926
            },
            {
                "memory_mb": 138.8125,
                "cpu_percent": 43.8,
                "timestamp": 1778800634.5226848
            },
            {
                "memory_mb": 138.81640625,
                "cpu_percent": 27.5,
                "timestamp": 1778800635.575412
            },
            {
                "memory_mb": 140.8125,
                "cpu_percent": 54.4,
                "timestamp": 1778800636.6229477
            },
            {
                "memory_mb": 140.8125,
                "cpu_percent": 71.6,
                "timestamp": 1778800637.6705978
            },
            {
                "memory_mb": 138.8125,
                "cpu_percent": 13.3,
                "timestamp": 1778800638.7240055
            },
            {
                "memory_mb": 138.81640625,
                "cpu_percent": 66.8,
                "timestamp": 1778800639.7719407
            },
            {
                "memory_mb": 140.80859375,
                "cpu_percent": 4.8,
                "timestamp": 1778800640.8226974
            },
            {
                "memory_mb": 138.8125,
                "cpu_percent": 2.9,
                "timestamp": 1778800641.8747828
            },
            {
                "memory_mb": 138.80859375,
                "cpu_percent": 66.5,
                "timestamp": 1778800642.927413
            },
            {
                "memory_mb": 138.81640625,
                "cpu_percent": 4.8,
                "timestamp": 1778800643.9789639
            },
            {
                "memory_mb": 140.8125,
                "cpu_percent": 67.4,
                "timestamp": 1778800645.0316632
            },
            {
                "memory_mb": 138.8125,
                "cpu_percent": 68.4,
                "timestamp": 1778800646.084207
            },
            {
                "memory_mb": 138.81640625,
                "cpu_percent": 5.7,
                "timestamp": 1778800647.1313517
            },
            {
                "memory_mb": 138.81640625,
                "cpu_percent": 62.7,
                "timestamp": 1778800648.1836224
            },
            {
                "memory_mb": 140.8125,
                "cpu_percent": 2.8,
                "timestamp": 1778800649.2365937
            },
            {
                "memory_mb": 138.8125,
                "cpu_percent": 22.0,
                "timestamp": 1778800650.2835896
            },
            {
                "memory_mb": 138.81640625,
                "cpu_percent": 52.3,
                "timestamp": 1778800651.3356736
            },
            {
                "memory_mb": 140.81640625,
                "cpu_percent": 32.4,
                "timestamp": 1778800652.3835242
            },
            {
                "memory_mb": 140.81640625,
                "cpu_percent": 72.6,
                "timestamp": 1778800653.4309814
            },
            {
                "memory_mb": 138.8125,
                "cpu_percent": 34.2,
                "timestamp": 1778800654.4833171
            },
            {
                "memory_mb": 138.81640625,
                "cpu_percent": 44.9,
                "timestamp": 1778800655.530576
            },
            {
                "memory_mb": 138.81640625,
                "cpu_percent": 30.4,
                "timestamp": 1778800656.5832212
            },
            {
                "memory_mb": 138.8125,
                "cpu_percent": 3.8,
                "timestamp": 1778800657.6355765
            },
            {
                "memory_mb": 138.8125,
                "cpu_percent": 57.2,
                "timestamp": 1778800658.685237
            },
            {
                "memory_mb": 138.81640625,
                "cpu_percent": 16.2,
                "timestamp": 1778800659.73641
            },
            {
                "memory_mb": 140.8125,
                "cpu_percent": 68.7,
                "timestamp": 1778800660.783782
            },
            {
                "memory_mb": 140.81640625,
                "cpu_percent": 26.7,
                "timestamp": 1778800661.1951106
            }
        ]
    }
}
