{
    "active_periods": [
        {
            "start": 1778800359.208013,
            "end": 1778800663.160287,
            "duration_sec": 303.9522738456726,
            "tasks_completed": 224,
            "throughput_tps": 0.736957803163969
        }
    ],
    "history": [
        {
            "timestamp": 1778800359.208013,
            "messages": 0,
            "ack": 36477
        },
        {
            "timestamp": 1778800364.215959,
            "messages": 0,
            "ack": 36477
        },
        {
            "timestamp": 1778800369.221714,
            "messages": 6,
            "ack": 36482
        },
        {
            "timestamp": 1778800374.227724,
            "messages": 8,
            "ack": 36485
        },
        {
            "timestamp": 1778800379.233564,
            "messages": 8,
            "ack": 36489
        },
        {
            "timestamp": 1778800384.23984,
            "messages": 11,
            "ack": 36492
        },
        {
            "timestamp": 1778800389.245042,
            "messages": 13,
            "ack": 36497
        },
        {
            "timestamp": 1778800394.250646,
            "messages": 16,
            "ack": 36500
        },
        {
            "timestamp": 1778800399.255657,
            "messages": 19,
            "ack": 36504
        },
        {
            "timestamp": 1778800404.262212,
            "messages": 21,
            "ack": 36507
        },
        {
            "timestamp": 1778800409.2686,
            "messages": 24,
            "ack": 36512
        },
        {
            "timestamp": 1778800414.27472,
            "messages": 27,
            "ack": 36515
        },
        {
            "timestamp": 1778800419.280777,
            "messages": 29,
            "ack": 36519
        },
        {
            "timestamp": 1778800424.2866,
            "messages": 32,
            "ack": 36522
        },
        {
            "timestamp": 1778800429.292171,
            "messages": 35,
            "ack": 36527
        },
        {
            "timestamp": 1778800434.296199,
            "messages": 37,
            "ack": 36530
        },
        {
            "timestamp": 1778800439.300647,
            "messages": 40,
            "ack": 36534
        },
        {
            "timestamp": 1778800444.306352,
            "messages": 40,
            "ack": 36537
        },
        {
            "timestamp": 1778800449.313186,
            "messages": 43,
            "ack": 36540
        },
        {
            "timestamp": 1778800454.318972,
            "messages": 45,
            "ack": 36545
        },
        {
            "timestamp": 1778800459.325474,
            "messages": 48,
            "ack": 36548
        },
        {
            "timestamp": 1778800464.331533,
            "messages": 51,
            "ack": 36552
        },
        {
            "timestamp": 1778800469.335922,
            "messages": 53,
            "ack": 36555
        },
        {
            "timestamp": 1778800474.340758,
            "messages": 56,
            "ack": 36560
        },
        {
            "timestamp": 1778800479.344742,
            "messages": 57,
            "ack": 36563
        },
        {
            "timestamp": 1778800484.349317,
            "messages": 64,
            "ack": 36567
        },
        {
            "timestamp": 1778800489.354208,
            "messages": 65,
            "ack": 36570
        },
        {
            "timestamp": 1778800494.360004,
            "messages": 70,
            "ack": 36575
        },
        {
            "timestamp": 1778800499.365083,
            "messages": 72,
            "ack": 36578
        },
        {
            "timestamp": 1778800504.369922,
            "messages": 73,
            "ack": 36582
        },
        {
            "timestamp": 1778800509.3752,
            "messages": 78,
            "ack": 36585
        },
        {
            "timestamp": 1778800514.380591,
            "messages": 80,
            "ack": 36590
        },
        {
            "timestamp": 1778800519.386384,
            "messages": 80,
            "ack": 36593
        },
        {
            "timestamp": 1778800524.391115,
            "messages": 81,
            "ack": 36597
        },
        {
            "timestamp": 1778800529.395807,
            "messages": 86,
            "ack": 36600
        },
        {
            "timestamp": 1778800534.402023,
            "messages": 88,
            "ack": 36605
        },
        {
            "timestamp": 1778800539.407462,
            "messages": 89,
            "ack": 36608
        },
        {
            "timestamp": 1778800544.413929,
            "messages": 93,
            "ack": 36612
        },
        {
            "timestamp": 1778800549.419239,
            "messages": 96,
            "ack": 36615
        },
        {
            "timestamp": 1778800554.425719,
            "messages": 97,
            "ack": 36618
        },
        {
            "timestamp": 1778800559.43001,
            "messages": 101,
            "ack": 36623
        },
        {
            "timestamp": 1778800564.434818,
            "messages": 104,
            "ack": 36626
        },
        {
            "timestamp": 1778800569.439727,
            "messages": 105,
            "ack": 36630
        },
        {
            "timestamp": 1778800574.445902,
            "messages": 109,
            "ack": 36633
        },
        {
            "timestamp": 1778800579.450815,
            "messages": 112,
            "ack": 36638
        },
        {
            "timestamp": 1778800584.455675,
            "messages": 112,
            "ack": 36641
        },
        {
            "timestamp": 1778800589.460233,
            "messages": 113,
            "ack": 36645
        },
        {
            "timestamp": 1778800594.465147,
            "messages": 117,
            "ack": 36648
        },
        {
            "timestamp": 1778800599.471041,
            "messages": 120,
            "ack": 36653
        },
        {
            "timestamp": 1778800604.47634,
            "messages": 121,
            "ack": 36656
        },
        {
            "timestamp": 1778800609.483039,
            "messages": 125,
            "ack": 36660
        },
        {
            "timestamp": 1778800614.489457,
            "messages": 128,
            "ack": 36663
        },
        {
            "timestamp": 1778800619.494917,
            "messages": 129,
            "ack": 36668
        },
        {
            "timestamp": 1778800624.500398,
            "messages": 133,
            "ack": 36671
        },
        {
            "timestamp": 1778800629.506375,
            "messages": 136,
            "ack": 36675
        },
        {
            "timestamp": 1778800634.5106,
            "messages": 137,
            "ack": 36678
        },
        {
            "timestamp": 1778800639.515698,
            "messages": 141,
            "ack": 36683
        },
        {
            "timestamp": 1778800644.520377,
            "messages": 144,
            "ack": 36686
        },
        {
            "timestamp": 1778800649.526965,
            "messages": 144,
            "ack": 36689
        },
        {
            "timestamp": 1778800654.531463,
            "messages": 145,
            "ack": 36693
        },
        {
            "timestamp": 1778800659.536935,
            "messages": 149,
            "ack": 36696
        },
        {
            "timestamp": 1778800663.152935,
            "messages": 152,
            "ack": 36701
        }
    ]
}