{
    "idx_task": 34,
    "task_name": "cpu_intensive",
    "duration_into_wraps": 1.611778974533081,
    "data": {
        "ppid": 170708,
        "voluntary_ctxt_switches": 1,
        "nonvoluntary_ctxt_switches": 8,
        "delta_jiffies": 61,
        "delta_time": 1.6117,
        "cpu_load": 37.85,
        "memory_mib": 0.28125
    },
    "timestamp": 1775640478.3832989
}
{
    "idx_task": 37,
    "task_name": "cpu_intensive",
    "duration_into_wraps": 1.5930311679840088,
    "data": {
        "ppid": 170708,
        "voluntary_ctxt_switches": 1,
        "nonvoluntary_ctxt_switches": 13,
        "delta_jiffies": 59,
        "delta_time": -6.7219999999999995,
        "cpu_load": -8.78,
        "memory_mib": 0.00390625
    },
    "timestamp": 1775640488.2911263
}
{
    "idx_task": 39,
    "task_name": "cpu_intensive",
    "duration_into_wraps": 16.06553053855896,
    "data": {
        "ppid": 170708,
        "voluntary_ctxt_switches": 1,
        "nonvoluntary_ctxt_switches": 415,
        "delta_jiffies": 607,
        "delta_time": 16.0627,
        "cpu_load": 37.79,
        "memory_mib": 0.0
    },
    "timestamp": 1775640504.3592823
}
