{
    "idx_task": 47,
    "task_name": "cpu_intensive",
    "duration_into_wraps": 1.5855958461761475,
    "data": {
        "ppid": 170708,
        "voluntary_ctxt_switches": 1,
        "nonvoluntary_ctxt_switches": 3,
        "delta_jiffies": 58,
        "delta_time": 1.5856,
        "cpu_load": 36.58,
        "memory_mib": 0.28125
    },
    "timestamp": 1775640508.4498043
}
{
    "idx_task": 48,
    "task_name": "cpu_intensive",
    "duration_into_wraps": 15.95589303970337,
    "data": {
        "ppid": 170708,
        "voluntary_ctxt_switches": 1,
        "nonvoluntary_ctxt_switches": 180,
        "delta_jiffies": 596,
        "delta_time": 15.9524,
        "cpu_load": 37.36,
        "memory_mib": 0.00390625
    },
    "timestamp": 1775640524.4088988
}
{
    "idx_task": 54,
    "task_name": "cpu_intensive",
    "duration_into_wraps": 16.071552991867065,
    "data": {
        "ppid": 170708,
        "voluntary_ctxt_switches": 1,
        "nonvoluntary_ctxt_switches": 63,
        "delta_jiffies": 607,
        "delta_time": 13.678700000000001,
        "cpu_load": 44.38,
        "memory_mib": 0.00390625
    },
    "timestamp": 1775640542.873116
}
{
    "idx_task": 61,
    "task_name": "cpu_intensive",
    "duration_into_wraps": 1.6187644004821777,
    "data": {
        "ppid": 170708,
        "voluntary_ctxt_switches": 1,
        "nonvoluntary_ctxt_switches": 10,
        "delta_jiffies": 62,
        "delta_time": -2.3482,
        "cpu_load": -26.4,
        "memory_mib": 0.0
    },
    "timestamp": 1775640548.4586709
}
{
    "idx_task": 63,
    "task_name": "cpu_intensive",
    "duration_into_wraps": 16.185564041137695,
    "data": {
        "ppid": 170708,
        "voluntary_ctxt_switches": 1,
        "nonvoluntary_ctxt_switches": 219,
        "delta_jiffies": 618,
        "delta_time": 16.1823,
        "cpu_load": 38.19,
        "memory_mib": 0.0
    },
    "timestamp": 1775640564.6474836
}
{
    "idx_task": 70,
    "task_name": "cpu_intensive",
    "duration_into_wraps": 1.6087026596069336,
    "data": {
        "ppid": 170708,
        "voluntary_ctxt_switches": 1,
        "nonvoluntary_ctxt_switches": 2,
        "delta_jiffies": 61,
        "delta_time": -0.6370999999999998,
        "cpu_load": -95.75,
        "memory_mib": 0.0
    },
    "timestamp": 1775640568.5017507
}
