{
    "idx_task": 110,
    "task_name": "cpu_intensive",
    "duration_into_wraps": 1.6014950275421143,
    "data": {
        "ppid": 170708,
        "voluntary_ctxt_switches": 1,
        "nonvoluntary_ctxt_switches": 26,
        "delta_jiffies": 60,
        "delta_time": 1.6014,
        "cpu_load": 37.47,
        "memory_mib": 0.28125
    },
    "timestamp": 1775640668.7397282
}
{
    "idx_task": 111,
    "task_name": "cpu_intensive",
    "duration_into_wraps": 16.063703536987305,
    "data": {
        "ppid": 170708,
        "voluntary_ctxt_switches": 1,
        "nonvoluntary_ctxt_switches": 178,
        "delta_jiffies": 606,
        "delta_time": 16.058400000000002,
        "cpu_load": 37.74,
        "memory_mib": 0.0
    },
    "timestamp": 1775640684.808598
}
{
    "idx_task": 118,
    "task_name": "cpu_intensive",
    "duration_into_wraps": 1.6384642124176025,
    "data": {
        "ppid": 170708,
        "voluntary_ctxt_switches": 1,
        "nonvoluntary_ctxt_switches": 4,
        "delta_jiffies": 64,
        "delta_time": -0.6965000000000001,
        "cpu_load": -91.89,
        "memory_mib": 0.0
    },
    "timestamp": 1775640688.7818508
}
