{
    "active_periods": [
        {
            "start": 1777181107.920417,
            "end": 1777181410.60715,
            "duration_sec": 302.68673300743103,
            "tasks_completed": 120,
            "throughput_tps": 0.3964494869256591
        }
    ],
    "history": [
        {
            "timestamp": 1777181107.920417,
            "messages": 0,
            "ack": 41926
        },
        {
            "timestamp": 1777181112.927969,
            "messages": 4,
            "ack": 41930
        },
        {
            "timestamp": 1777181117.934337,
            "messages": 0,
            "ack": 41930
        },
        {
            "timestamp": 1777181122.940558,
            "messages": 0,
            "ack": 41934
        },
        {
            "timestamp": 1777181127.945482,
            "messages": 0,
            "ack": 41934
        },
        {
            "timestamp": 1777181132.951732,
            "messages": 0,
            "ack": 41938
        },
        {
            "timestamp": 1777181137.957171,
            "messages": 0,
            "ack": 41938
        },
        {
            "timestamp": 1777181142.9625,
            "messages": 0,
            "ack": 41942
        },
        {
            "timestamp": 1777181147.968327,
            "messages": 0,
            "ack": 41942
        },
        {
            "timestamp": 1777181152.973661,
            "messages": 0,
            "ack": 41946
        },
        {
            "timestamp": 1777181157.979265,
            "messages": 0,
            "ack": 41946
        },
        {
            "timestamp": 1777181162.984489,
            "messages": 0,
            "ack": 41950
        },
        {
            "timestamp": 1777181167.9899,
            "messages": 0,
            "ack": 41950
        },
        {
            "timestamp": 1777181172.995273,
            "messages": 0,
            "ack": 41954
        },
        {
            "timestamp": 1777181178.000855,
            "messages": 0,
            "ack": 41954
        },
        {
            "timestamp": 1777181183.006072,
            "messages": 0,
            "ack": 41958
        },
        {
            "timestamp": 1777181188.011769,
            "messages": 0,
            "ack": 41958
        },
        {
            "timestamp": 1777181193.016028,
            "messages": 0,
            "ack": 41962
        },
        {
            "timestamp": 1777181198.022587,
            "messages": 0,
            "ack": 41962
        },
        {
            "timestamp": 1777181203.029222,
            "messages": 0,
            "ack": 41966
        },
        {
            "timestamp": 1777181208.034947,
            "messages": 0,
            "ack": 41966
        },
        {
            "timestamp": 1777181213.040541,
            "messages": 0,
            "ack": 41970
        },
        {
            "timestamp": 1777181218.046654,
            "messages": 0,
            "ack": 41970
        },
        {
            "timestamp": 1777181223.050862,
            "messages": 0,
            "ack": 41974
        },
        {
            "timestamp": 1777181228.056707,
            "messages": 0,
            "ack": 41974
        },
        {
            "timestamp": 1777181233.064182,
            "messages": 0,
            "ack": 41978
        },
        {
            "timestamp": 1777181238.07033,
            "messages": 0,
            "ack": 41978
        },
        {
            "timestamp": 1777181243.075445,
            "messages": 0,
            "ack": 41982
        },
        {
            "timestamp": 1777181248.082089,
            "messages": 0,
            "ack": 41982
        },
        {
            "timestamp": 1777181253.088539,
            "messages": 0,
            "ack": 41986
        },
        {
            "timestamp": 1777181258.094083,
            "messages": 0,
            "ack": 41986
        },
        {
            "timestamp": 1777181263.099482,
            "messages": 0,
            "ack": 41990
        },
        {
            "timestamp": 1777181268.105365,
            "messages": 0,
            "ack": 41990
        },
        {
            "timestamp": 1777181273.111751,
            "messages": 0,
            "ack": 41994
        },
        {
            "timestamp": 1777181278.118186,
            "messages": 0,
            "ack": 41994
        },
        {
            "timestamp": 1777181283.123067,
            "messages": 0,
            "ack": 41998
        },
        {
            "timestamp": 1777181288.129208,
            "messages": 0,
            "ack": 41998
        },
        {
            "timestamp": 1777181293.134688,
            "messages": 0,
            "ack": 42002
        },
        {
            "timestamp": 1777181298.140098,
            "messages": 0,
            "ack": 42002
        },
        {
            "timestamp": 1777181303.146245,
            "messages": 0,
            "ack": 42006
        },
        {
            "timestamp": 1777181308.151727,
            "messages": 0,
            "ack": 42006
        },
        {
            "timestamp": 1777181313.157222,
            "messages": 0,
            "ack": 42010
        },
        {
            "timestamp": 1777181318.163567,
            "messages": 0,
            "ack": 42010
        },
        {
            "timestamp": 1777181323.170119,
            "messages": 0,
            "ack": 42014
        },
        {
            "timestamp": 1777181328.175158,
            "messages": 0,
            "ack": 42014
        },
        {
            "timestamp": 1777181333.180644,
            "messages": 0,
            "ack": 42018
        },
        {
            "timestamp": 1777181338.185918,
            "messages": 0,
            "ack": 42018
        },
        {
            "timestamp": 1777181343.191726,
            "messages": 0,
            "ack": 42022
        },
        {
            "timestamp": 1777181348.19671,
            "messages": 0,
            "ack": 42022
        },
        {
            "timestamp": 1777181353.203224,
            "messages": 0,
            "ack": 42026
        },
        {
            "timestamp": 1777181358.208547,
            "messages": 0,
            "ack": 42026
        },
        {
            "timestamp": 1777181363.214693,
            "messages": 0,
            "ack": 42030
        },
        {
            "timestamp": 1777181368.219492,
            "messages": 0,
            "ack": 42030
        },
        {
            "timestamp": 1777181373.225041,
            "messages": 0,
            "ack": 42034
        },
        {
            "timestamp": 1777181378.23205,
            "messages": 0,
            "ack": 42034
        },
        {
            "timestamp": 1777181383.238658,
            "messages": 0,
            "ack": 42038
        },
        {
            "timestamp": 1777181388.245923,
            "messages": 0,
            "ack": 42038
        },
        {
            "timestamp": 1777181393.251331,
            "messages": 0,
            "ack": 42042
        },
        {
            "timestamp": 1777181398.25732,
            "messages": 0,
            "ack": 42042
        },
        {
            "timestamp": 1777181403.263142,
            "messages": 0,
            "ack": 42046
        },
        {
            "timestamp": 1777181408.268999,
            "messages": 0,
            "ack": 42046
        },
        {
            "timestamp": 1777181410.591066,
            "messages": 0,
            "ack": 42046
        }
    ]
}