{
    "idx_task": 403,
    "task_name": "cpu_intensive",
    "duration_into_wraps": 1.72,
    "data": {
        "ppid": 316891,
        "voluntary_ctxt_switches": 1,
        "nonvoluntary_ctxt_switches": 2,
        "delta_jiffies": 72,
        "delta_time": 1.7168,
        "cpu_load": 41.94,
        "memory_mib": 0.0546875
    },
    "timestamp": 1775737408.1064508
}
{
    "idx_task": 407,
    "task_name": "cpu_intensive",
    "duration_into_wraps": 1.66,
    "data": {
        "ppid": 316891,
        "voluntary_ctxt_switches": 1,
        "nonvoluntary_ctxt_switches": 11,
        "delta_jiffies": 66,
        "delta_time": 1.6553,
        "cpu_load": 39.87,
        "memory_mib": 0.0
    },
    "timestamp": 1775737409.7692955
}
{
    "idx_task": 411,
    "task_name": "cpu_intensive",
    "duration_into_wraps": 1.67,
    "data": {
        "ppid": 316891,
        "voluntary_ctxt_switches": 1,
        "nonvoluntary_ctxt_switches": 3,
        "delta_jiffies": 66,
        "delta_time": 1.6635,
        "cpu_load": 39.68,
        "memory_mib": 0.0
    },
    "timestamp": 1775737411.4379408
}
{
    "idx_task": 415,
    "task_name": "cpu_intensive",
    "duration_into_wraps": 1.66,
    "data": {
        "ppid": 316891,
        "voluntary_ctxt_switches": 1,
        "nonvoluntary_ctxt_switches": 12,
        "delta_jiffies": 66,
        "delta_time": 1.6588,
        "cpu_load": 39.79,
        "memory_mib": 0.0
    },
    "timestamp": 1775737413.1009324
}
{
    "idx_task": 419,
    "task_name": "cpu_intensive",
    "duration_into_wraps": 1.68,
    "data": {
        "ppid": 316891,
        "voluntary_ctxt_switches": 1,
        "nonvoluntary_ctxt_switches": 13,
        "delta_jiffies": 68,
        "delta_time": 1.6778,
        "cpu_load": 40.53,
        "memory_mib": 0.0
    },
    "timestamp": 1775737414.7830677
}
{
    "idx_task": 423,
    "task_name": "cpu_intensive",
    "duration_into_wraps": 1.67,
    "data": {
        "ppid": 316891,
        "voluntary_ctxt_switches": 1,
        "nonvoluntary_ctxt_switches": 17,
        "delta_jiffies": 67,
        "delta_time": 1.6628,
        "cpu_load": 40.29,
        "memory_mib": 0.0
    },
    "timestamp": 1775737416.4506817
}
{
    "idx_task": 427,
    "task_name": "cpu_intensive",
    "duration_into_wraps": 1.66,
    "data": {
        "ppid": 316891,
        "voluntary_ctxt_switches": 1,
        "nonvoluntary_ctxt_switches": 4,
        "delta_jiffies": 65,
        "delta_time": 1.6539000000000001,
        "cpu_load": 39.3,
        "memory_mib": 0.0
    },
    "timestamp": 1775737418.1101415
}
{
    "idx_task": 431,
    "task_name": "cpu_intensive",
    "duration_into_wraps": 1.72,
    "data": {
        "ppid": 316891,
        "voluntary_ctxt_switches": 1,
        "nonvoluntary_ctxt_switches": 10,
        "delta_jiffies": 70,
        "delta_time": 1.7165000000000001,
        "cpu_load": 40.78,
        "memory_mib": 0.0
    },
    "timestamp": 1775737419.8313262
}
{
    "idx_task": 435,
    "task_name": "cpu_intensive",
    "duration_into_wraps": 1.69,
    "data": {
        "ppid": 316891,
        "voluntary_ctxt_switches": 1,
        "nonvoluntary_ctxt_switches": 2,
        "delta_jiffies": 70,
        "delta_time": 1.6909,
        "cpu_load": 41.4,
        "memory_mib": 0.0
    },
    "timestamp": 1775737421.5277495
}
{
    "idx_task": 439,
    "task_name": "cpu_intensive",
    "duration_into_wraps": 1.67,
    "data": {
        "ppid": 316891,
        "voluntary_ctxt_switches": 1,
        "nonvoluntary_ctxt_switches": 2,
        "delta_jiffies": 67,
        "delta_time": 1.6713,
        "cpu_load": 40.09,
        "memory_mib": 0.0
    },
    "timestamp": 1775737423.2024417
}
{
    "idx_task": 443,
    "task_name": "cpu_intensive",
    "duration_into_wraps": 1.73,
    "data": {
        "ppid": 316891,
        "voluntary_ctxt_switches": 1,
        "nonvoluntary_ctxt_switches": 51,
        "delta_jiffies": 73,
        "delta_time": 1.7293,
        "cpu_load": 42.21,
        "memory_mib": 0.0
    },
    "timestamp": 1775737424.9373758
}
{
    "idx_task": 447,
    "task_name": "cpu_intensive",
    "duration_into_wraps": 1.7,
    "data": {
        "ppid": 316891,
        "voluntary_ctxt_switches": 1,
        "nonvoluntary_ctxt_switches": 42,
        "delta_jiffies": 70,
        "delta_time": 1.6974,
        "cpu_load": 41.24,
        "memory_mib": 0.0
    },
    "timestamp": 1775737426.6403756
}
{
    "idx_task": 451,
    "task_name": "cpu_intensive",
    "duration_into_wraps": 1.71,
    "data": {
        "ppid": 316891,
        "voluntary_ctxt_switches": 1,
        "nonvoluntary_ctxt_switches": 27,
        "delta_jiffies": 72,
        "delta_time": 1.7106000000000001,
        "cpu_load": 42.09,
        "memory_mib": 0.0
    },
    "timestamp": 1775737428.35639
}
{
    "idx_task": 455,
    "task_name": "cpu_intensive",
    "duration_into_wraps": 1.69,
    "data": {
        "ppid": 316891,
        "voluntary_ctxt_switches": 1,
        "nonvoluntary_ctxt_switches": 49,
        "delta_jiffies": 69,
        "delta_time": 1.6894,
        "cpu_load": 40.84,
        "memory_mib": 0.0
    },
    "timestamp": 1775737430.0499284
}
{
    "idx_task": 459,
    "task_name": "cpu_intensive",
    "duration_into_wraps": 1.7,
    "data": {
        "ppid": 316891,
        "voluntary_ctxt_switches": 1,
        "nonvoluntary_ctxt_switches": 29,
        "delta_jiffies": 70,
        "delta_time": 1.7021,
        "cpu_load": 41.13,
        "memory_mib": 0.0
    },
    "timestamp": 1775737431.756973
}
{
    "idx_task": 463,
    "task_name": "cpu_intensive",
    "duration_into_wraps": 1.71,
    "data": {
        "ppid": 316891,
        "voluntary_ctxt_switches": 1,
        "nonvoluntary_ctxt_switches": 3,
        "delta_jiffies": 72,
        "delta_time": 1.7017,
        "cpu_load": 42.31,
        "memory_mib": 0.0
    },
    "timestamp": 1775737433.4782476
}
{
    "idx_task": 467,
    "task_name": "cpu_intensive",
    "duration_into_wraps": 1.68,
    "data": {
        "ppid": 316891,
        "voluntary_ctxt_switches": 1,
        "nonvoluntary_ctxt_switches": 3,
        "delta_jiffies": 68,
        "delta_time": 1.677,
        "cpu_load": 40.55,
        "memory_mib": 0.00390625
    },
    "timestamp": 1775737435.1598244
}
{
    "idx_task": 471,
    "task_name": "cpu_intensive",
    "duration_into_wraps": 1.67,
    "data": {
        "ppid": 316891,
        "voluntary_ctxt_switches": 1,
        "nonvoluntary_ctxt_switches": 3,
        "delta_jiffies": 66,
        "delta_time": 1.6660000000000001,
        "cpu_load": 39.62,
        "memory_mib": 0.0
    },
    "timestamp": 1775737436.830663
}
{
    "idx_task": 475,
    "task_name": "cpu_intensive",
    "duration_into_wraps": 1.65,
    "data": {
        "ppid": 316891,
        "voluntary_ctxt_switches": 1,
        "nonvoluntary_ctxt_switches": 50,
        "delta_jiffies": 64,
        "delta_time": 1.6514,
        "cpu_load": 38.75,
        "memory_mib": 0.0
    },
    "timestamp": 1775737438.4871225
}
{
    "idx_task": 479,
    "task_name": "cpu_intensive",
    "duration_into_wraps": 1.68,
    "data": {
        "ppid": 316891,
        "voluntary_ctxt_switches": 1,
        "nonvoluntary_ctxt_switches": 54,
        "delta_jiffies": 68,
        "delta_time": 1.6759000000000002,
        "cpu_load": 40.58,
        "memory_mib": 0.0
    },
    "timestamp": 1775737440.1682615
}
{
    "idx_task": 483,
    "task_name": "cpu_intensive",
    "duration_into_wraps": 1.68,
    "data": {
        "ppid": 316891,
        "voluntary_ctxt_switches": 1,
        "nonvoluntary_ctxt_switches": 62,
        "delta_jiffies": 67,
        "delta_time": 1.6742000000000001,
        "cpu_load": 40.02,
        "memory_mib": 0.0
    },
    "timestamp": 1775737441.8470862
}
{
    "idx_task": 487,
    "task_name": "cpu_intensive",
    "duration_into_wraps": 1.69,
    "data": {
        "ppid": 316891,
        "voluntary_ctxt_switches": 1,
        "nonvoluntary_ctxt_switches": 52,
        "delta_jiffies": 70,
        "delta_time": 1.6892,
        "cpu_load": 41.44,
        "memory_mib": 0.0
    },
    "timestamp": 1775737443.5405576
}
{
    "idx_task": 491,
    "task_name": "cpu_intensive",
    "duration_into_wraps": 1.67,
    "data": {
        "ppid": 316891,
        "voluntary_ctxt_switches": 1,
        "nonvoluntary_ctxt_switches": 47,
        "delta_jiffies": 68,
        "delta_time": 1.6699,
        "cpu_load": 40.72,
        "memory_mib": 0.0
    },
    "timestamp": 1775737445.2150376
}
{
    "idx_task": 495,
    "task_name": "cpu_intensive",
    "duration_into_wraps": 1.7,
    "data": {
        "ppid": 316891,
        "voluntary_ctxt_switches": 1,
        "nonvoluntary_ctxt_switches": 64,
        "delta_jiffies": 69,
        "delta_time": 1.6933,
        "cpu_load": 40.75,
        "memory_mib": 0.0
    },
    "timestamp": 1775737446.9119966
}
{
    "idx_task": 499,
    "task_name": "cpu_intensive",
    "duration_into_wraps": 1.66,
    "data": {
        "ppid": 316891,
        "voluntary_ctxt_switches": 1,
        "nonvoluntary_ctxt_switches": 62,
        "delta_jiffies": 66,
        "delta_time": 1.6626,
        "cpu_load": 39.7,
        "memory_mib": 0.00390625
    },
    "timestamp": 1775737448.5789366
}
{
    "idx_task": 503,
    "task_name": "cpu_intensive",
    "duration_into_wraps": 1.65,
    "data": {
        "ppid": 316891,
        "voluntary_ctxt_switches": 1,
        "nonvoluntary_ctxt_switches": 40,
        "delta_jiffies": 64,
        "delta_time": 1.65,
        "cpu_load": 38.79,
        "memory_mib": 0.0
    },
    "timestamp": 1775737450.233382
}
{
    "idx_task": 507,
    "task_name": "cpu_intensive",
    "duration_into_wraps": 1.66,
    "data": {
        "ppid": 316891,
        "voluntary_ctxt_switches": 1,
        "nonvoluntary_ctxt_switches": 2,
        "delta_jiffies": 66,
        "delta_time": 1.6545,
        "cpu_load": 39.89,
        "memory_mib": 0.0
    },
    "timestamp": 1775737451.8927379
}
{
    "idx_task": 511,
    "task_name": "cpu_intensive",
    "duration_into_wraps": 1.69,
    "data": {
        "ppid": 316891,
        "voluntary_ctxt_switches": 1,
        "nonvoluntary_ctxt_switches": 6,
        "delta_jiffies": 68,
        "delta_time": 1.6855,
        "cpu_load": 40.34,
        "memory_mib": 0.0
    },
    "timestamp": 1775737453.5821362
}
{
    "idx_task": 515,
    "task_name": "cpu_intensive",
    "duration_into_wraps": 1.66,
    "data": {
        "ppid": 316891,
        "voluntary_ctxt_switches": 1,
        "nonvoluntary_ctxt_switches": 16,
        "delta_jiffies": 66,
        "delta_time": 1.6586,
        "cpu_load": 39.79,
        "memory_mib": 0.0
    },
    "timestamp": 1775737455.2452788
}
{
    "idx_task": 519,
    "task_name": "cpu_intensive",
    "duration_into_wraps": 1.83,
    "data": {
        "ppid": 316891,
        "voluntary_ctxt_switches": 1,
        "nonvoluntary_ctxt_switches": 10,
        "delta_jiffies": 83,
        "delta_time": 1.8273000000000001,
        "cpu_load": 45.42,
        "memory_mib": 0.0
    },
    "timestamp": 1775737457.0773165
}
{
    "idx_task": 523,
    "task_name": "cpu_intensive",
    "duration_into_wraps": 1.71,
    "data": {
        "ppid": 316891,
        "voluntary_ctxt_switches": 1,
        "nonvoluntary_ctxt_switches": 6,
        "delta_jiffies": 69,
        "delta_time": 1.7035,
        "cpu_load": 40.5,
        "memory_mib": 0.0
    },
    "timestamp": 1775737458.7847588
}
{
    "idx_task": 527,
    "task_name": "cpu_intensive",
    "duration_into_wraps": 1.66,
    "data": {
        "ppid": 316891,
        "voluntary_ctxt_switches": 1,
        "nonvoluntary_ctxt_switches": 32,
        "delta_jiffies": 67,
        "delta_time": 1.6627,
        "cpu_load": 40.3,
        "memory_mib": 0.0
    },
    "timestamp": 1775737460.4514618
}
{
    "idx_task": 531,
    "task_name": "cpu_intensive",
    "duration_into_wraps": 1.64,
    "data": {
        "ppid": 316891,
        "voluntary_ctxt_switches": 1,
        "nonvoluntary_ctxt_switches": 3,
        "delta_jiffies": 64,
        "delta_time": 1.6403,
        "cpu_load": 39.02,
        "memory_mib": 0.0
    },
    "timestamp": 1775737462.095973
}
{
    "idx_task": 535,
    "task_name": "cpu_intensive",
    "duration_into_wraps": 1.65,
    "data": {
        "ppid": 316891,
        "voluntary_ctxt_switches": 1,
        "nonvoluntary_ctxt_switches": 5,
        "delta_jiffies": 65,
        "delta_time": 1.6472,
        "cpu_load": 39.46,
        "memory_mib": 0.00390625
    },
    "timestamp": 1775737463.7545407
}
{
    "idx_task": 539,
    "task_name": "cpu_intensive",
    "duration_into_wraps": 1.63,
    "data": {
        "ppid": 316891,
        "voluntary_ctxt_switches": 1,
        "nonvoluntary_ctxt_switches": 3,
        "delta_jiffies": 63,
        "delta_time": 1.6237,
        "cpu_load": 38.8,
        "memory_mib": 0.0
    },
    "timestamp": 1775737465.3814826
}
{
    "idx_task": 543,
    "task_name": "cpu_intensive",
    "duration_into_wraps": 1.64,
    "data": {
        "ppid": 316891,
        "voluntary_ctxt_switches": 1,
        "nonvoluntary_ctxt_switches": 3,
        "delta_jiffies": 64,
        "delta_time": 1.6399,
        "cpu_load": 39.03,
        "memory_mib": 0.0
    },
    "timestamp": 1775737467.025805
}
{
    "idx_task": 547,
    "task_name": "cpu_intensive",
    "duration_into_wraps": 1.65,
    "data": {
        "ppid": 316891,
        "voluntary_ctxt_switches": 1,
        "nonvoluntary_ctxt_switches": 13,
        "delta_jiffies": 65,
        "delta_time": 1.6486,
        "cpu_load": 39.43,
        "memory_mib": 0.0
    },
    "timestamp": 1775737468.679557
}
{
    "idx_task": 551,
    "task_name": "cpu_intensive",
    "duration_into_wraps": 1.67,
    "data": {
        "ppid": 316891,
        "voluntary_ctxt_switches": 1,
        "nonvoluntary_ctxt_switches": 5,
        "delta_jiffies": 67,
        "delta_time": 1.6669,
        "cpu_load": 40.19,
        "memory_mib": 0.00390625
    },
    "timestamp": 1775737470.3514454
}
{
    "idx_task": 555,
    "task_name": "cpu_intensive",
    "duration_into_wraps": 1.65,
    "data": {
        "ppid": 316891,
        "voluntary_ctxt_switches": 1,
        "nonvoluntary_ctxt_switches": 6,
        "delta_jiffies": 65,
        "delta_time": 1.6452,
        "cpu_load": 39.51,
        "memory_mib": 0.0
    },
    "timestamp": 1775737472.0015051
}
{
    "idx_task": 559,
    "task_name": "cpu_intensive",
    "duration_into_wraps": 1.66,
    "data": {
        "ppid": 316891,
        "voluntary_ctxt_switches": 1,
        "nonvoluntary_ctxt_switches": 3,
        "delta_jiffies": 66,
        "delta_time": 1.656,
        "cpu_load": 39.86,
        "memory_mib": 0.0
    },
    "timestamp": 1775737473.6618214
}
{
    "idx_task": 563,
    "task_name": "cpu_intensive",
    "duration_into_wraps": 1.67,
    "data": {
        "ppid": 316891,
        "voluntary_ctxt_switches": 1,
        "nonvoluntary_ctxt_switches": 6,
        "delta_jiffies": 67,
        "delta_time": 1.6643999999999999,
        "cpu_load": 40.25,
        "memory_mib": 0.0
    },
    "timestamp": 1775737475.3300273
}
{
    "idx_task": 567,
    "task_name": "cpu_intensive",
    "duration_into_wraps": 1.63,
    "data": {
        "ppid": 316891,
        "voluntary_ctxt_switches": 1,
        "nonvoluntary_ctxt_switches": 4,
        "delta_jiffies": 63,
        "delta_time": 1.6254,
        "cpu_load": 38.76,
        "memory_mib": 0.0
    },
    "timestamp": 1775737476.9601083
}
{
    "idx_task": 571,
    "task_name": "cpu_intensive",
    "duration_into_wraps": 1.65,
    "data": {
        "ppid": 316891,
        "voluntary_ctxt_switches": 1,
        "nonvoluntary_ctxt_switches": 3,
        "delta_jiffies": 65,
        "delta_time": 1.6482,
        "cpu_load": 39.44,
        "memory_mib": 0.0
    },
    "timestamp": 1775737478.6135056
}
{
    "idx_task": 575,
    "task_name": "cpu_intensive",
    "duration_into_wraps": 1.64,
    "data": {
        "ppid": 316891,
        "voluntary_ctxt_switches": 1,
        "nonvoluntary_ctxt_switches": 2,
        "delta_jiffies": 63,
        "delta_time": 1.6331,
        "cpu_load": 38.58,
        "memory_mib": 0.0
    },
    "timestamp": 1775737480.2513986
}
{
    "idx_task": 579,
    "task_name": "cpu_intensive",
    "duration_into_wraps": 1.65,
    "data": {
        "ppid": 316891,
        "voluntary_ctxt_switches": 1,
        "nonvoluntary_ctxt_switches": 2,
        "delta_jiffies": 66,
        "delta_time": 1.6522999999999999,
        "cpu_load": 39.94,
        "memory_mib": 0.0
    },
    "timestamp": 1775737481.9069457
}
{
    "idx_task": 583,
    "task_name": "cpu_intensive",
    "duration_into_wraps": 1.66,
    "data": {
        "ppid": 316891,
        "voluntary_ctxt_switches": 1,
        "nonvoluntary_ctxt_switches": 2,
        "delta_jiffies": 66,
        "delta_time": 1.6615000000000002,
        "cpu_load": 39.72,
        "memory_mib": 0.0
    },
    "timestamp": 1775737483.5742106
}
{
    "idx_task": 587,
    "task_name": "cpu_intensive",
    "duration_into_wraps": 1.66,
    "data": {
        "ppid": 316891,
        "voluntary_ctxt_switches": 1,
        "nonvoluntary_ctxt_switches": 3,
        "delta_jiffies": 67,
        "delta_time": 1.6611,
        "cpu_load": 40.33,
        "memory_mib": 0.0
    },
    "timestamp": 1775737485.2399802
}
{
    "idx_task": 591,
    "task_name": "cpu_intensive",
    "duration_into_wraps": 1.65,
    "data": {
        "ppid": 316891,
        "voluntary_ctxt_switches": 1,
        "nonvoluntary_ctxt_switches": 9,
        "delta_jiffies": 64,
        "delta_time": 1.6457,
        "cpu_load": 38.89,
        "memory_mib": 0.0
    },
    "timestamp": 1775737486.8896914
}
{
    "idx_task": 595,
    "task_name": "cpu_intensive",
    "duration_into_wraps": 1.69,
    "data": {
        "ppid": 316891,
        "voluntary_ctxt_switches": 1,
        "nonvoluntary_ctxt_switches": 20,
        "delta_jiffies": 68,
        "delta_time": 1.6891,
        "cpu_load": 40.26,
        "memory_mib": 0.0
    },
    "timestamp": 1775737488.5842443
}
{
    "idx_task": 599,
    "task_name": "cpu_intensive",
    "duration_into_wraps": 1.92,
    "data": {
        "ppid": 316891,
        "voluntary_ctxt_switches": 1,
        "nonvoluntary_ctxt_switches": 21,
        "delta_jiffies": 91,
        "delta_time": 1.9134,
        "cpu_load": 47.56,
        "memory_mib": 0.0
    },
    "timestamp": 1775737490.5105011
}
