{
    "264510": {
        "ppid": "254983",
        "name": "celery",
        "cmdline": "/home/experimenter/projects/celery-autoscale/.venv/bin/python3 /home/experimenter/projects/celery-autoscale/.venv/bin/celery -A celery_app worker --loglevel=INFO --concurrency=4 --pool=gevent",
        "create_time": "2026-05-14T17:18:51.720000",
        "last_update": "2026-05-14T17:23:53.516090",
        "voluntary_ctxt_switches": 2180,
        "nonvoluntary_ctxt_switches": 2008,
        "jiffies": 11937,
        "stats": [
            {
                "memory_mb": 48.1953125,
                "cpu_percent": 0.0,
                "timestamp": 1778768332.794073
            },
            {
                "memory_mb": 48.68359375,
                "cpu_percent": 38.0,
                "timestamp": 1778768333.845756
            },
            {
                "memory_mb": 112.76171875,
                "cpu_percent": 35.1,
                "timestamp": 1778768334.8995628
            },
            {
                "memory_mb": 140.171875,
                "cpu_percent": 78.9,
                "timestamp": 1778768335.952134
            },
            {
                "memory_mb": 140.16796875,
                "cpu_percent": 62.6,
                "timestamp": 1778768337.0059187
            },
            {
                "memory_mb": 139.3984375,
                "cpu_percent": 2.8,
                "timestamp": 1778768338.062714
            },
            {
                "memory_mb": 139.40234375,
                "cpu_percent": 84.7,
                "timestamp": 1778768339.1140988
            },
            {
                "memory_mb": 139.40625,
                "cpu_percent": 56.0,
                "timestamp": 1778768340.1681519
            },
            {
                "memory_mb": 140.8125,
                "cpu_percent": 54.2,
                "timestamp": 1778768341.2191873
            },
            {
                "memory_mb": 129.0234375,
                "cpu_percent": 20.9,
                "timestamp": 1778768342.274081
            },
            {
                "memory_mb": 129.03515625,
                "cpu_percent": 9.5,
                "timestamp": 1778768343.3241756
            },
            {
                "memory_mb": 129.0390625,
                "cpu_percent": 74.2,
                "timestamp": 1778768344.3751159
            },
            {
                "memory_mb": 204.1484375,
                "cpu_percent": 59.9,
                "timestamp": 1778768345.426852
            },
            {
                "memory_mb": 230.18359375,
                "cpu_percent": 7.6,
                "timestamp": 1778768346.4815557
            },
            {
                "memory_mb": 230.18359375,
                "cpu_percent": 0.0,
                "timestamp": 1778768347.5371988
            },
            {
                "memory_mb": 230.1875,
                "cpu_percent": 34.3,
                "timestamp": 1778768348.58814
            },
            {
                "memory_mb": 230.19921875,
                "cpu_percent": 32.4,
                "timestamp": 1778768349.6384568
            },
            {
                "memory_mb": 230.19140625,
                "cpu_percent": 76.1,
                "timestamp": 1778768350.6896465
            },
            {
                "memory_mb": 230.1875,
                "cpu_percent": 59.7,
                "timestamp": 1778768351.7455423
            },
            {
                "memory_mb": 208.94140625,
                "cpu_percent": 3.8,
                "timestamp": 1778768352.8008976
            },
            {
                "memory_mb": 208.9453125,
                "cpu_percent": 58.0,
                "timestamp": 1778768353.8530765
            },
            {
                "memory_mb": 208.953125,
                "cpu_percent": 68.3,
                "timestamp": 1778768354.9074001
            },
            {
                "memory_mb": 208.94921875,
                "cpu_percent": 40.9,
                "timestamp": 1778768355.9595191
            },
            {
                "memory_mb": 205.75390625,
                "cpu_percent": 35.1,
                "timestamp": 1778768357.0147223
            },
            {
                "memory_mb": 205.75390625,
                "cpu_percent": 0.0,
                "timestamp": 1778768358.0699315
            },
            {
                "memory_mb": 205.76953125,
                "cpu_percent": 65.3,
                "timestamp": 1778768359.1269486
            },
            {
                "memory_mb": 205.76171875,
                "cpu_percent": 72.2,
                "timestamp": 1778768360.1801612
            },
            {
                "memory_mb": 230.19140625,
                "cpu_percent": 8.5,
                "timestamp": 1778768361.2357614
            },
            {
                "memory_mb": 230.19140625,
                "cpu_percent": 0.0,
                "timestamp": 1778768362.2907705
            },
            {
                "memory_mb": 230.1953125,
                "cpu_percent": 9.5,
                "timestamp": 1778768363.3408778
            },
            {
                "memory_mb": 230.20703125,
                "cpu_percent": 55.9,
                "timestamp": 1778768364.3960047
            },
            {
                "memory_mb": 230.203125,
                "cpu_percent": 53.3,
                "timestamp": 1778768365.4470134
            },
            {
                "memory_mb": 230.1953125,
                "cpu_percent": 91.0,
                "timestamp": 1778768366.5025065
            },
            {
                "memory_mb": 185.96484375,
                "cpu_percent": 2.8,
                "timestamp": 1778768367.5583694
            },
            {
                "memory_mb": 185.96875,
                "cpu_percent": 34.2,
                "timestamp": 1778768368.6110117
            },
            {
                "memory_mb": 185.98046875,
                "cpu_percent": 94.8,
                "timestamp": 1778768369.6655412
            },
            {
                "memory_mb": 185.97265625,
                "cpu_percent": 14.3,
                "timestamp": 1778768370.7167704
            },
            {
                "memory_mb": 185.96484375,
                "cpu_percent": 62.7,
                "timestamp": 1778768371.769558
            },
            {
                "memory_mb": 185.96484375,
                "cpu_percent": 0.0,
                "timestamp": 1778768372.823646
            },
            {
                "memory_mb": 185.9765625,
                "cpu_percent": 59.9,
                "timestamp": 1778768373.8759518
            },
            {
                "memory_mb": 185.98046875,
                "cpu_percent": 69.6,
                "timestamp": 1778768374.9254956
            },
            {
                "memory_mb": 232.2578125,
                "cpu_percent": 10.4,
                "timestamp": 1778768375.981045
            },
            {
                "memory_mb": 230.1953125,
                "cpu_percent": 4.7,
                "timestamp": 1778768377.0373092
            },
            {
                "memory_mb": 230.1953125,
                "cpu_percent": 0.0,
                "timestamp": 1778768378.092325
            },
            {
                "memory_mb": 230.2109375,
                "cpu_percent": 67.4,
                "timestamp": 1778768379.1450768
            },
            {
                "memory_mb": 230.20703125,
                "cpu_percent": 25.7,
                "timestamp": 1778768380.196099
            },
            {
                "memory_mb": 230.203125,
                "cpu_percent": 100.0,
                "timestamp": 1778768381.2461717
            },
            {
                "memory_mb": 185.96484375,
                "cpu_percent": 19.0,
                "timestamp": 1778768382.3004026
            },
            {
                "memory_mb": 185.96875,
                "cpu_percent": 8.6,
                "timestamp": 1778768383.350596
            },
            {
                "memory_mb": 185.9765625,
                "cpu_percent": 99.9,
                "timestamp": 1778768384.401694
            },
            {
                "memory_mb": 185.9765625,
                "cpu_percent": 28.5,
                "timestamp": 1778768385.4553423
            },
            {
                "memory_mb": 185.96484375,
                "cpu_percent": 70.1,
                "timestamp": 1778768386.5105476
            },
            {
                "memory_mb": 185.96484375,
                "cpu_percent": 0.0,
                "timestamp": 1778768387.5654523
            },
            {
                "memory_mb": 185.9765625,
                "cpu_percent": 33.3,
                "timestamp": 1778768388.6169927
            },
            {
                "memory_mb": 185.98046875,
                "cpu_percent": 73.3,
                "timestamp": 1778768389.6680791
            },
            {
                "memory_mb": 232.26171875,
                "cpu_percent": 36.1,
                "timestamp": 1778768390.719948
            },
            {
                "memory_mb": 230.1953125,
                "cpu_percent": 5.7,
                "timestamp": 1778768391.7755294
            },
            {
                "memory_mb": 230.1953125,
                "cpu_percent": 0.0,
                "timestamp": 1778768392.830653
            },
            {
                "memory_mb": 230.19921875,
                "cpu_percent": 59.0,
                "timestamp": 1778768393.8808067
            },
            {
                "memory_mb": 230.2109375,
                "cpu_percent": 12.3,
                "timestamp": 1778768394.9364002
            },
            {
                "memory_mb": 230.203125,
                "cpu_percent": 97.1,
                "timestamp": 1778768395.986986
            },
            {
                "memory_mb": 185.96484375,
                "cpu_percent": 42.6,
                "timestamp": 1778768397.0425386
            },
            {
                "memory_mb": 185.96484375,
                "cpu_percent": 0.0,
                "timestamp": 1778768398.098328
            },
            {
                "memory_mb": 185.9765625,
                "cpu_percent": 83.6,
                "timestamp": 1778768399.150876
            },
            {
                "memory_mb": 185.9765625,
                "cpu_percent": 52.2,
                "timestamp": 1778768400.2048357
            },
            {
                "memory_mb": 185.9765625,
                "cpu_percent": 57.1,
                "timestamp": 1778768401.2556179
            },
            {
                "memory_mb": 185.97265625,
                "cpu_percent": 13.3,
                "timestamp": 1778768402.311796
            },
            {
                "memory_mb": 185.984375,
                "cpu_percent": 8.6,
                "timestamp": 1778768403.3629832
            },
            {
                "memory_mb": 185.98828125,
                "cpu_percent": 72.4,
                "timestamp": 1778768404.4133182
            },
            {
                "memory_mb": 204.171875,
                "cpu_percent": 59.9,
                "timestamp": 1778768405.464344
            },
            {
                "memory_mb": 230.20703125,
                "cpu_percent": 6.6,
                "timestamp": 1778768406.5197506
            },
            {
                "memory_mb": 230.20703125,
                "cpu_percent": 0.0,
                "timestamp": 1778768407.573931
            },
            {
                "memory_mb": 230.2109375,
                "cpu_percent": 34.2,
                "timestamp": 1778768408.6250508
            },
            {
                "memory_mb": 230.22265625,
                "cpu_percent": 36.0,
                "timestamp": 1778768409.680368
            },
            {
                "memory_mb": 230.21484375,
                "cpu_percent": 73.3,
                "timestamp": 1778768410.7311804
            },
            {
                "memory_mb": 230.2109375,
                "cpu_percent": 70.2,
                "timestamp": 1778768411.785625
            },
            {
                "memory_mb": 185.97265625,
                "cpu_percent": 2.8,
                "timestamp": 1778768412.8392518
            },
            {
                "memory_mb": 185.9765625,
                "cpu_percent": 57.0,
                "timestamp": 1778768413.8911972
            },
            {
                "memory_mb": 185.98828125,
                "cpu_percent": 76.7,
                "timestamp": 1778768414.9466248
            },
            {
                "memory_mb": 185.984375,
                "cpu_percent": 33.3,
                "timestamp": 1778768415.99793
            },
            {
                "memory_mb": 185.9765625,
                "cpu_percent": 38.8,
                "timestamp": 1778768417.0536468
            },
            {
                "memory_mb": 185.9765625,
                "cpu_percent": 0.0,
                "timestamp": 1778768418.10966
            },
            {
                "memory_mb": 185.9921875,
                "cpu_percent": 68.2,
                "timestamp": 1778768419.1651635
            },
            {
                "memory_mb": 185.984375,
                "cpu_percent": 70.3,
                "timestamp": 1778768420.217544
            },
            {
                "memory_mb": 232.2421875,
                "cpu_percent": 7.6,
                "timestamp": 1778768421.2734163
            },
            {
                "memory_mb": 230.1796875,
                "cpu_percent": 1.9,
                "timestamp": 1778768422.3290052
            },
            {
                "memory_mb": 230.18359375,
                "cpu_percent": 8.6,
                "timestamp": 1778768423.3797228
            },
            {
                "memory_mb": 230.1953125,
                "cpu_percent": 60.8,
                "timestamp": 1778768424.433003
            },
            {
                "memory_mb": 230.19140625,
                "cpu_percent": 49.4,
                "timestamp": 1778768425.485398
            },
            {
                "memory_mb": 230.18359375,
                "cpu_percent": 89.1,
                "timestamp": 1778768426.5408921
            },
            {
                "memory_mb": 189.73046875,
                "cpu_percent": 2.8,
                "timestamp": 1778768427.5972314
            },
            {
                "memory_mb": 189.734375,
                "cpu_percent": 33.3,
                "timestamp": 1778768428.647508
            },
            {
                "memory_mb": 189.75,
                "cpu_percent": 99.9,
                "timestamp": 1778768429.6987329
            },
            {
                "memory_mb": 189.73828125,
                "cpu_percent": 10.4,
                "timestamp": 1778768430.753657
            },
            {
                "memory_mb": 186.546875,
                "cpu_percent": 62.7,
                "timestamp": 1778768431.8064318
            },
            {
                "memory_mb": 186.546875,
                "cpu_percent": 0.0,
                "timestamp": 1778768432.8571029
            },
            {
                "memory_mb": 186.55859375,
                "cpu_percent": 58.1,
                "timestamp": 1778768433.9078019
            },
            {
                "memory_mb": 186.5625,
                "cpu_percent": 73.2,
                "timestamp": 1778768434.9592183
            },
            {
                "memory_mb": 232.28125,
                "cpu_percent": 12.4,
                "timestamp": 1778768436.0099168
            },
            {
                "memory_mb": 230.21875,
                "cpu_percent": 5.7,
                "timestamp": 1778768437.0667653
            },
            {
                "memory_mb": 230.21875,
                "cpu_percent": 0.0,
                "timestamp": 1778768438.1199737
            },
            {
                "memory_mb": 230.234375,
                "cpu_percent": 66.6,
                "timestamp": 1778768439.1706948
            },
            {
                "memory_mb": 230.23046875,
                "cpu_percent": 23.8,
                "timestamp": 1778768440.2216382
            },
            {
                "memory_mb": 230.2265625,
                "cpu_percent": 99.9,
                "timestamp": 1778768441.2722783
            },
            {
                "memory_mb": 185.98046875,
                "cpu_percent": 23.7,
                "timestamp": 1778768442.327561
            },
            {
                "memory_mb": 185.984375,
                "cpu_percent": 6.7,
                "timestamp": 1778768443.3783302
            },
            {
                "memory_mb": 185.9921875,
                "cpu_percent": 99.9,
                "timestamp": 1778768444.429308
            },
            {
                "memory_mb": 185.99609375,
                "cpu_percent": 30.2,
                "timestamp": 1778768445.4900727
            },
            {
                "memory_mb": 185.98828125,
                "cpu_percent": 71.3,
                "timestamp": 1778768446.5419354
            },
            {
                "memory_mb": 185.98828125,
                "cpu_percent": 0.0,
                "timestamp": 1778768447.5973892
            },
            {
                "memory_mb": 186.0,
                "cpu_percent": 32.3,
                "timestamp": 1778768448.6507607
            },
            {
                "memory_mb": 186.00390625,
                "cpu_percent": 77.1,
                "timestamp": 1778768449.7019444
            },
            {
                "memory_mb": 232.29296875,
                "cpu_percent": 40.9,
                "timestamp": 1778768450.7531257
            },
            {
                "memory_mb": 230.234375,
                "cpu_percent": 4.8,
                "timestamp": 1778768451.8028972
            },
            {
                "memory_mb": 230.234375,
                "cpu_percent": 0.0,
                "timestamp": 1778768452.858973
            },
            {
                "memory_mb": 230.23828125,
                "cpu_percent": 57.1,
                "timestamp": 1778768453.9100938
            },
            {
                "memory_mb": 230.25,
                "cpu_percent": 14.2,
                "timestamp": 1778768454.9646723
            },
            {
                "memory_mb": 230.2421875,
                "cpu_percent": 94.2,
                "timestamp": 1778768456.0154083
            },
            {
                "memory_mb": 207.80859375,
                "cpu_percent": 42.7,
                "timestamp": 1778768457.0702686
            },
            {
                "memory_mb": 207.80859375,
                "cpu_percent": 0.0,
                "timestamp": 1778768458.1241548
            },
            {
                "memory_mb": 207.8203125,
                "cpu_percent": 81.8,
                "timestamp": 1778768459.1751103
            },
            {
                "memory_mb": 207.8203125,
                "cpu_percent": 53.1,
                "timestamp": 1778768460.2303174
            },
            {
                "memory_mb": 207.81640625,
                "cpu_percent": 56.2,
                "timestamp": 1778768461.2810009
            },
            {
                "memory_mb": 206.12109375,
                "cpu_percent": 15.2,
                "timestamp": 1778768462.336295
            },
            {
                "memory_mb": 206.1328125,
                "cpu_percent": 5.7,
                "timestamp": 1778768463.3871205
            },
            {
                "memory_mb": 206.13671875,
                "cpu_percent": 75.2,
                "timestamp": 1778768464.4378235
            },
            {
                "memory_mb": 206.12890625,
                "cpu_percent": 60.7,
                "timestamp": 1778768465.4913988
            },
            {
                "memory_mb": 230.2265625,
                "cpu_percent": 7.6,
                "timestamp": 1778768466.5463176
            },
            {
                "memory_mb": 230.2265625,
                "cpu_percent": 0.0,
                "timestamp": 1778768467.600886
            },
            {
                "memory_mb": 230.23046875,
                "cpu_percent": 31.4,
                "timestamp": 1778768468.6510723
            },
            {
                "memory_mb": 230.2421875,
                "cpu_percent": 37.9,
                "timestamp": 1778768469.7053933
            },
            {
                "memory_mb": 230.234375,
                "cpu_percent": 71.4,
                "timestamp": 1778768470.756297
            },
            {
                "memory_mb": 230.234375,
                "cpu_percent": 65.4,
                "timestamp": 1778768471.811165
            },
            {
                "memory_mb": 186.0390625,
                "cpu_percent": 2.8,
                "timestamp": 1778768472.8678992
            },
            {
                "memory_mb": 186.04296875,
                "cpu_percent": 55.2,
                "timestamp": 1778768473.9195693
            },
            {
                "memory_mb": 186.0546875,
                "cpu_percent": 77.7,
                "timestamp": 1778768474.974771
            },
            {
                "memory_mb": 186.046875,
                "cpu_percent": 31.4,
                "timestamp": 1778768476.0253105
            },
            {
                "memory_mb": 186.04296875,
                "cpu_percent": 40.8,
                "timestamp": 1778768477.080271
            },
            {
                "memory_mb": 186.04296875,
                "cpu_percent": 0.0,
                "timestamp": 1778768478.1345408
            },
            {
                "memory_mb": 186.05859375,
                "cpu_percent": 68.2,
                "timestamp": 1778768479.189517
            },
            {
                "memory_mb": 186.0546875,
                "cpu_percent": 68.3,
                "timestamp": 1778768480.2441537
            },
            {
                "memory_mb": 232.3046875,
                "cpu_percent": 7.6,
                "timestamp": 1778768481.2988002
            },
            {
                "memory_mb": 230.23828125,
                "cpu_percent": 4.7,
                "timestamp": 1778768482.3535273
            },
            {
                "memory_mb": 230.2421875,
                "cpu_percent": 5.7,
                "timestamp": 1778768483.4044046
            },
            {
                "memory_mb": 230.25390625,
                "cpu_percent": 62.5,
                "timestamp": 1778768484.4598732
            },
            {
                "memory_mb": 230.25,
                "cpu_percent": 46.6,
                "timestamp": 1778768485.5112185
            },
            {
                "memory_mb": 230.24609375,
                "cpu_percent": 88.2,
                "timestamp": 1778768486.5659149
            },
            {
                "memory_mb": 204.109375,
                "cpu_percent": 1.9,
                "timestamp": 1778768487.6209455
            },
            {
                "memory_mb": 204.11328125,
                "cpu_percent": 30.5,
                "timestamp": 1778768488.6715047
            },
            {
                "memory_mb": 204.12109375,
                "cpu_percent": 100.1,
                "timestamp": 1778768489.7208445
            },
            {
                "memory_mb": 204.1171875,
                "cpu_percent": 9.5,
                "timestamp": 1778768490.7758946
            },
            {
                "memory_mb": 196.078125,
                "cpu_percent": 66.4,
                "timestamp": 1778768491.8305612
            },
            {
                "memory_mb": 196.078125,
                "cpu_percent": 0.0,
                "timestamp": 1778768492.8874147
            },
            {
                "memory_mb": 196.08984375,
                "cpu_percent": 55.2,
                "timestamp": 1778768493.9384215
            },
            {
                "memory_mb": 196.09375,
                "cpu_percent": 73.3,
                "timestamp": 1778768494.9884558
            },
            {
                "memory_mb": 232.3125,
                "cpu_percent": 15.2,
                "timestamp": 1778768496.0432863
            },
            {
                "memory_mb": 230.25,
                "cpu_percent": 4.7,
                "timestamp": 1778768497.0980217
            },
            {
                "memory_mb": 230.25,
                "cpu_percent": 0.0,
                "timestamp": 1778768498.1524005
            },
            {
                "memory_mb": 230.265625,
                "cpu_percent": 67.3,
                "timestamp": 1778768499.207911
            },
            {
                "memory_mb": 230.26171875,
                "cpu_percent": 22.9,
                "timestamp": 1778768500.2579477
            },
            {
                "memory_mb": 230.2578125,
                "cpu_percent": 99.9,
                "timestamp": 1778768501.3089683
            },
            {
                "memory_mb": 202.98828125,
                "cpu_percent": 18.0,
                "timestamp": 1778768502.363854
            },
            {
                "memory_mb": 202.9921875,
                "cpu_percent": 5.7,
                "timestamp": 1778768503.4153416
            },
            {
                "memory_mb": 203.0,
                "cpu_percent": 99.9,
                "timestamp": 1778768504.4662306
            },
            {
                "memory_mb": 203.0,
                "cpu_percent": 32.2,
                "timestamp": 1778768505.5209327
            },
            {
                "memory_mb": 196.08203125,
                "cpu_percent": 69.3,
                "timestamp": 1778768506.5750663
            },
            {
                "memory_mb": 196.08203125,
                "cpu_percent": 0.0,
                "timestamp": 1778768507.62977
            },
            {
                "memory_mb": 196.09375,
                "cpu_percent": 30.4,
                "timestamp": 1778768508.681258
            },
            {
                "memory_mb": 196.09765625,
                "cpu_percent": 74.2,
                "timestamp": 1778768509.7318633
            },
            {
                "memory_mb": 232.3125,
                "cpu_percent": 39.9,
                "timestamp": 1778768510.7852147
            },
            {
                "memory_mb": 230.25,
                "cpu_percent": 4.8,
                "timestamp": 1778768511.8347077
            },
            {
                "memory_mb": 230.25,
                "cpu_percent": 0.0,
                "timestamp": 1778768512.8905947
            },
            {
                "memory_mb": 230.25390625,
                "cpu_percent": 55.2,
                "timestamp": 1778768513.9408195
            },
            {
                "memory_mb": 230.265625,
                "cpu_percent": 14.2,
                "timestamp": 1778768514.995198
            },
            {
                "memory_mb": 230.2578125,
                "cpu_percent": 95.2,
                "timestamp": 1778768516.0458302
            },
            {
                "memory_mb": 202.625,
                "cpu_percent": 41.7,
                "timestamp": 1778768517.1002965
            },
            {
                "memory_mb": 202.625,
                "cpu_percent": 0.0,
                "timestamp": 1778768518.1547973
            },
            {
                "memory_mb": 202.63671875,
                "cpu_percent": 78.0,
                "timestamp": 1778768519.2054117
            },
            {
                "memory_mb": 202.63671875,
                "cpu_percent": 59.7,
                "timestamp": 1778768520.2599504
            },
            {
                "memory_mb": 202.6328125,
                "cpu_percent": 49.5,
                "timestamp": 1778768521.3101854
            },
            {
                "memory_mb": 196.08203125,
                "cpu_percent": 23.7,
                "timestamp": 1778768522.3649375
            },
            {
                "memory_mb": 196.09375,
                "cpu_percent": 2.8,
                "timestamp": 1778768523.4215548
            },
            {
                "memory_mb": 196.09765625,
                "cpu_percent": 72.3,
                "timestamp": 1778768524.4721296
            },
            {
                "memory_mb": 213.35546875,
                "cpu_percent": 64.5,
                "timestamp": 1778768525.526706
            },
            {
                "memory_mb": 230.2578125,
                "cpu_percent": 6.6,
                "timestamp": 1778768526.5815609
            },
            {
                "memory_mb": 230.2578125,
                "cpu_percent": 0.0,
                "timestamp": 1778768527.6360226
            },
            {
                "memory_mb": 230.26171875,
                "cpu_percent": 29.5,
                "timestamp": 1778768528.6859834
            },
            {
                "memory_mb": 230.2734375,
                "cpu_percent": 40.8,
                "timestamp": 1778768529.7406027
            },
            {
                "memory_mb": 230.26953125,
                "cpu_percent": 68.5,
                "timestamp": 1778768530.7910438
            },
            {
                "memory_mb": 230.26171875,
                "cpu_percent": 67.3,
                "timestamp": 1778768531.8460476
            },
            {
                "memory_mb": 196.0859375,
                "cpu_percent": 2.8,
                "timestamp": 1778768532.900497
            },
            {
                "memory_mb": 196.08984375,
                "cpu_percent": 53.4,
                "timestamp": 1778768533.949881
            },
            {
                "memory_mb": 196.1015625,
                "cpu_percent": 80.6,
                "timestamp": 1778768535.0044634
            },
            {
                "memory_mb": 196.09375,
                "cpu_percent": 28.6,
                "timestamp": 1778768536.054871
            },
            {
                "memory_mb": 196.0859375,
                "cpu_percent": 46.5,
                "timestamp": 1778768537.1094003
            },
            {
                "memory_mb": 196.0859375,
                "cpu_percent": 0.0,
                "timestamp": 1778768538.1633048
            },
            {
                "memory_mb": 196.1015625,
                "cpu_percent": 68.2,
                "timestamp": 1778768539.2183073
            },
            {
                "memory_mb": 196.09375,
                "cpu_percent": 69.4,
                "timestamp": 1778768540.270414
            },
            {
                "memory_mb": 232.31640625,
                "cpu_percent": 5.7,
                "timestamp": 1778768541.3255348
            },
            {
                "memory_mb": 230.25390625,
                "cpu_percent": 4.7,
                "timestamp": 1778768542.379731
            },
            {
                "memory_mb": 230.2578125,
                "cpu_percent": 4.7,
                "timestamp": 1778768543.4365435
            },
            {
                "memory_mb": 230.26953125,
                "cpu_percent": 62.6,
                "timestamp": 1778768544.4905639
            },
            {
                "memory_mb": 230.26953125,
                "cpu_percent": 46.7,
                "timestamp": 1778768545.5402575
            },
            {
                "memory_mb": 230.26171875,
                "cpu_percent": 91.1,
                "timestamp": 1778768546.5945988
            },
            {
                "memory_mb": 196.08984375,
                "cpu_percent": 2.8,
                "timestamp": 1778768547.648969
            },
            {
                "memory_mb": 196.09375,
                "cpu_percent": 26.7,
                "timestamp": 1778768548.6979227
            },
            {
                "memory_mb": 196.1015625,
                "cpu_percent": 100.0,
                "timestamp": 1778768549.7477555
            },
            {
                "memory_mb": 196.1015625,
                "cpu_percent": 10.4,
                "timestamp": 1778768550.8022404
            },
            {
                "memory_mb": 196.08984375,
                "cpu_percent": 70.2,
                "timestamp": 1778768551.8561027
            },
            {
                "memory_mb": 196.08984375,
                "cpu_percent": 0.9,
                "timestamp": 1778768552.910868
            },
            {
                "memory_mb": 196.1015625,
                "cpu_percent": 51.5,
                "timestamp": 1778768553.9599054
            },
            {
                "memory_mb": 196.10546875,
                "cpu_percent": 76.2,
                "timestamp": 1778768555.009635
            },
            {
                "memory_mb": 232.328125,
                "cpu_percent": 18.0,
                "timestamp": 1778768556.064067
            },
            {
                "memory_mb": 230.265625,
                "cpu_percent": 4.7,
                "timestamp": 1778768557.118458
            },
            {
                "memory_mb": 230.265625,
                "cpu_percent": 0.0,
                "timestamp": 1778768558.1728008
            },
            {
                "memory_mb": 230.28125,
                "cpu_percent": 69.2,
                "timestamp": 1778768559.2271583
            },
            {
                "memory_mb": 230.27734375,
                "cpu_percent": 19.0,
                "timestamp": 1778768560.277257
            },
            {
                "memory_mb": 230.2734375,
                "cpu_percent": 100.0,
                "timestamp": 1778768561.327195
            },
            {
                "memory_mb": 196.09765625,
                "cpu_percent": 21.8,
                "timestamp": 1778768562.3815882
            },
            {
                "memory_mb": 196.1015625,
                "cpu_percent": 2.8,
                "timestamp": 1778768563.4389632
            },
            {
                "memory_mb": 196.109375,
                "cpu_percent": 100.0,
                "timestamp": 1778768564.4888344
            },
            {
                "memory_mb": 196.109375,
                "cpu_percent": 30.3,
                "timestamp": 1778768565.5436182
            },
            {
                "memory_mb": 196.09765625,
                "cpu_percent": 69.2,
                "timestamp": 1778768566.598171
            },
            {
                "memory_mb": 196.09765625,
                "cpu_percent": 0.9,
                "timestamp": 1778768567.6526942
            },
            {
                "memory_mb": 196.109375,
                "cpu_percent": 26.6,
                "timestamp": 1778768568.703611
            },
            {
                "memory_mb": 196.11328125,
                "cpu_percent": 74.3,
                "timestamp": 1778768569.753749
            },
            {
                "memory_mb": 232.328125,
                "cpu_percent": 41.8,
                "timestamp": 1778768570.8067298
            },
            {
                "memory_mb": 230.265625,
                "cpu_percent": 5.7,
                "timestamp": 1778768571.8614936
            },
            {
                "memory_mb": 230.265625,
                "cpu_percent": 0.0,
                "timestamp": 1778768572.9158037
            },
            {
                "memory_mb": 230.26953125,
                "cpu_percent": 52.4,
                "timestamp": 1778768573.9660556
            },
            {
                "memory_mb": 230.28125,
                "cpu_percent": 19.0,
                "timestamp": 1778768575.0198367
            },
            {
                "memory_mb": 230.2734375,
                "cpu_percent": 89.5,
                "timestamp": 1778768576.069859
            },
            {
                "memory_mb": 230.26953125,
                "cpu_percent": 44.6,
                "timestamp": 1778768577.1241114
            },
            {
                "memory_mb": 196.09765625,
                "cpu_percent": 2.8,
                "timestamp": 1778768578.1782882
            },
            {
                "memory_mb": 196.109375,
                "cpu_percent": 76.2,
                "timestamp": 1778768579.2282815
            },
            {
                "memory_mb": 196.109375,
                "cpu_percent": 59.7,
                "timestamp": 1778768580.2829838
            },
            {
                "memory_mb": 196.109375,
                "cpu_percent": 49.5,
                "timestamp": 1778768581.3329794
            },
            {
                "memory_mb": 196.1015625,
                "cpu_percent": 21.8,
                "timestamp": 1778768582.3874736
            },
            {
                "memory_mb": 196.11328125,
                "cpu_percent": 1.9,
                "timestamp": 1778768583.4442494
            },
            {
                "memory_mb": 196.1171875,
                "cpu_percent": 72.4,
                "timestamp": 1778768584.4946299
            },
            {
                "memory_mb": 196.109375,
                "cpu_percent": 64.5,
                "timestamp": 1778768585.5491955
            },
            {
                "memory_mb": 230.27734375,
                "cpu_percent": 8.5,
                "timestamp": 1778768586.6036735
            },
            {
                "memory_mb": 230.27734375,
                "cpu_percent": 0.0,
                "timestamp": 1778768587.6582546
            },
            {
                "memory_mb": 230.28125,
                "cpu_percent": 26.7,
                "timestamp": 1778768588.7080786
            },
            {
                "memory_mb": 230.29296875,
                "cpu_percent": 42.7,
                "timestamp": 1778768589.7627003
            },
            {
                "memory_mb": 230.2890625,
                "cpu_percent": 66.6,
                "timestamp": 1778768590.81381
            },
            {
                "memory_mb": 230.28125,
                "cpu_percent": 70.2,
                "timestamp": 1778768591.8681815
            },
            {
                "memory_mb": 204.07421875,
                "cpu_percent": 3.8,
                "timestamp": 1778768592.922911
            },
            {
                "memory_mb": 204.078125,
                "cpu_percent": 51.4,
                "timestamp": 1778768593.9731624
            },
            {
                "memory_mb": 204.08984375,
                "cpu_percent": 81.5,
                "timestamp": 1778768595.0282714
            },
            {
                "memory_mb": 204.08203125,
                "cpu_percent": 26.7,
                "timestamp": 1778768596.0781615
            },
            {
                "memory_mb": 204.07421875,
                "cpu_percent": 45.5,
                "timestamp": 1778768597.1328232
            },
            {
                "memory_mb": 204.07421875,
                "cpu_percent": 0.0,
                "timestamp": 1778768598.187419
            },
            {
                "memory_mb": 204.08984375,
                "cpu_percent": 67.3,
                "timestamp": 1778768599.2416434
            },
            {
                "memory_mb": 204.08203125,
                "cpu_percent": 68.4,
                "timestamp": 1778768600.2945814
            },
            {
                "memory_mb": 232.33203125,
                "cpu_percent": 6.6,
                "timestamp": 1778768601.3490715
            },
            {
                "memory_mb": 230.26953125,
                "cpu_percent": 4.7,
                "timestamp": 1778768602.4035704
            },
            {
                "memory_mb": 230.2734375,
                "cpu_percent": 1.9,
                "timestamp": 1778768603.4618587
            },
            {
                "memory_mb": 230.28515625,
                "cpu_percent": 65.4,
                "timestamp": 1778768604.5163765
            },
            {
                "memory_mb": 230.28515625,
                "cpu_percent": 42.9,
                "timestamp": 1778768605.5662942
            },
            {
                "memory_mb": 230.27734375,
                "cpu_percent": 93.0,
                "timestamp": 1778768606.6202855
            },
            {
                "memory_mb": 203.78125,
                "cpu_percent": 3.8,
                "timestamp": 1778768607.674863
            },
            {
                "memory_mb": 203.78515625,
                "cpu_percent": 25.7,
                "timestamp": 1778768608.7249603
            },
            {
                "memory_mb": 203.79296875,
                "cpu_percent": 100.0,
                "timestamp": 1778768609.775032
            },
            {
                "memory_mb": 203.796875,
                "cpu_percent": 11.4,
                "timestamp": 1778768610.8297021
            },
            {
                "memory_mb": 196.109375,
                "cpu_percent": 69.2,
                "timestamp": 1778768611.8847835
            },
            {
                "memory_mb": 196.109375,
                "cpu_percent": 0.0,
                "timestamp": 1778768612.9386935
            },
            {
                "memory_mb": 196.12109375,
                "cpu_percent": 50.5,
                "timestamp": 1778768613.9879472
            },
            {
                "memory_mb": 196.125,
                "cpu_percent": 73.4,
                "timestamp": 1778768615.0368888
            },
            {
                "memory_mb": 232.34765625,
                "cpu_percent": 19.9,
                "timestamp": 1778768616.0905793
            },
            {
                "memory_mb": 230.28125,
                "cpu_percent": 5.7,
                "timestamp": 1778768617.1437314
            },
            {
                "memory_mb": 230.28125,
                "cpu_percent": 0.0,
                "timestamp": 1778768618.1965208
            },
            {
                "memory_mb": 230.296875,
                "cpu_percent": 67.4,
                "timestamp": 1778768619.2499359
            },
            {
                "memory_mb": 230.29296875,
                "cpu_percent": 18.1,
                "timestamp": 1778768620.2985451
            },
            {
                "memory_mb": 230.2890625,
                "cpu_percent": 99.1,
                "timestamp": 1778768621.3476844
            },
            {
                "memory_mb": 203.2265625,
                "cpu_percent": 24.7,
                "timestamp": 1778768622.4012392
            },
            {
                "memory_mb": 203.23046875,
                "cpu_percent": 0.0,
                "timestamp": 1778768623.4575765
            },
            {
                "memory_mb": 203.23828125,
                "cpu_percent": 100.1,
                "timestamp": 1778768624.5064373
            },
            {
                "memory_mb": 203.23828125,
                "cpu_percent": 36.1,
                "timestamp": 1778768625.559754
            },
            {
                "memory_mb": 196.11328125,
                "cpu_percent": 70.5,
                "timestamp": 1778768626.6087308
            },
            {
                "memory_mb": 196.11328125,
                "cpu_percent": 0.0,
                "timestamp": 1778768627.6579785
            },
            {
                "memory_mb": 196.125,
                "cpu_percent": 22.9,
                "timestamp": 1778768628.7073324
            },
            {
                "memory_mb": 196.12890625,
                "cpu_percent": 73.4,
                "timestamp": 1778768629.7563405
            },
            {
                "memory_mb": 223.21484375,
                "cpu_percent": 45.5,
                "timestamp": 1778768630.810237
            },
            {
                "memory_mb": 230.29296875,
                "cpu_percent": 6.6,
                "timestamp": 1778768631.8637037
            },
            {
                "memory_mb": 230.29296875,
                "cpu_percent": 0.0,
                "timestamp": 1778768632.9171367
            },
            {
                "memory_mb": 230.29296875,
                "cpu_percent": 0.0,
                "timestamp": 1778768633.5160902
            }
        ]
    }
}
