Процесс: 20629
УПРАВЛЯЮЩИЙ ПРОЦЕСС
Родитель: 13546
Создан: 2026-04-26T02:30:03.830000
Последний замер: 2026-04-26T02:35:07.611160
Время жизни: 303.78116 сек
voluntary_ctxt_switches: 2449
nonvoluntary_ctxt_switches: 2
jiffies: 89.0
avg_cpu_load: 0.2 %
avg_memory_mb: 42.8 MB


Процесс: 20636
Родитель: 20629
Создан: 2026-04-26T02:30:04.250000
Последний замер: 2026-04-26T02:35:07.611378
Время жизни: 303.361378 сек
voluntary_ctxt_switches: 963
nonvoluntary_ctxt_switches: 1175
jiffies: 8131.0
avg_cpu_load: 26.9 %
avg_memory_mb: 119.0 MB

Среднее latency: 5.09
Средний runtime: 1.64
Всего задач: 184
Задач по типам: cpu_intensive - 125; memory_intensive - 59

Процесс: 20637
Родитель: 20629
Создан: 2026-04-26T02:30:04.280000
Последний замер: 2026-04-26T02:35:07.611592
Время жизни: 303.331592 сек
voluntary_ctxt_switches: 999
nonvoluntary_ctxt_switches: 849
jiffies: 7903.0
avg_cpu_load: 26.1 %
avg_memory_mb: 116.1 MB

Среднее latency: 5.07
Средний runtime: 1.64
Всего задач: 184
Задач по типам: cpu_intensive - 121; memory_intensive - 63

