{
    "active_periods": [
        {
            "start": 1777231876.414135,
            "end": 1777232179.09288,
            "duration_sec": 302.6787450313568,
            "tasks_completed": 120,
            "throughput_tps": 0.39645994959959374
        }
    ],
    "history": [
        {
            "timestamp": 1777231876.414135,
            "messages": 0,
            "ack": 114892
        },
        {
            "timestamp": 1777231881.420644,
            "messages": 0,
            "ack": 114892
        },
        {
            "timestamp": 1777231886.42641,
            "messages": 4,
            "ack": 114896
        },
        {
            "timestamp": 1777231891.433314,
            "messages": 0,
            "ack": 114896
        },
        {
            "timestamp": 1777231896.438202,
            "messages": 0,
            "ack": 114900
        },
        {
            "timestamp": 1777231901.443882,
            "messages": 0,
            "ack": 114900
        },
        {
            "timestamp": 1777231906.449414,
            "messages": 0,
            "ack": 114904
        },
        {
            "timestamp": 1777231911.454582,
            "messages": 0,
            "ack": 114904
        },
        {
            "timestamp": 1777231916.460666,
            "messages": 0,
            "ack": 114908
        },
        {
            "timestamp": 1777231921.466383,
            "messages": 0,
            "ack": 114908
        },
        {
            "timestamp": 1777231926.472534,
            "messages": 0,
            "ack": 114912
        },
        {
            "timestamp": 1777231931.47817,
            "messages": 0,
            "ack": 114912
        },
        {
            "timestamp": 1777231936.48382,
            "messages": 0,
            "ack": 114916
        },
        {
            "timestamp": 1777231941.489133,
            "messages": 0,
            "ack": 114916
        },
        {
            "timestamp": 1777231946.495086,
            "messages": 0,
            "ack": 114920
        },
        {
            "timestamp": 1777231951.500319,
            "messages": 0,
            "ack": 114920
        },
        {
            "timestamp": 1777231956.505963,
            "messages": 0,
            "ack": 114924
        },
        {
            "timestamp": 1777231961.511259,
            "messages": 0,
            "ack": 114924
        },
        {
            "timestamp": 1777231966.518753,
            "messages": 0,
            "ack": 114928
        },
        {
            "timestamp": 1777231971.524481,
            "messages": 0,
            "ack": 114928
        },
        {
            "timestamp": 1777231976.529672,
            "messages": 0,
            "ack": 114932
        },
        {
            "timestamp": 1777231981.535252,
            "messages": 0,
            "ack": 114932
        },
        {
            "timestamp": 1777231986.539922,
            "messages": 0,
            "ack": 114936
        },
        {
            "timestamp": 1777231991.54613,
            "messages": 0,
            "ack": 114936
        },
        {
            "timestamp": 1777231996.551941,
            "messages": 0,
            "ack": 114940
        },
        {
            "timestamp": 1777232001.557561,
            "messages": 0,
            "ack": 114940
        },
        {
            "timestamp": 1777232006.562431,
            "messages": 0,
            "ack": 114944
        },
        {
            "timestamp": 1777232011.567445,
            "messages": 0,
            "ack": 114944
        },
        {
            "timestamp": 1777232016.574338,
            "messages": 0,
            "ack": 114948
        },
        {
            "timestamp": 1777232021.580493,
            "messages": 0,
            "ack": 114948
        },
        {
            "timestamp": 1777232026.586261,
            "messages": 0,
            "ack": 114952
        },
        {
            "timestamp": 1777232031.592074,
            "messages": 0,
            "ack": 114952
        },
        {
            "timestamp": 1777232036.597917,
            "messages": 0,
            "ack": 114956
        },
        {
            "timestamp": 1777232041.60373,
            "messages": 0,
            "ack": 114956
        },
        {
            "timestamp": 1777232046.60925,
            "messages": 0,
            "ack": 114960
        },
        {
            "timestamp": 1777232051.614635,
            "messages": 0,
            "ack": 114964
        },
        {
            "timestamp": 1777232056.619623,
            "messages": 0,
            "ack": 114964
        },
        {
            "timestamp": 1777232061.626174,
            "messages": 0,
            "ack": 114968
        },
        {
            "timestamp": 1777232066.632134,
            "messages": 0,
            "ack": 114968
        },
        {
            "timestamp": 1777232071.637382,
            "messages": 0,
            "ack": 114972
        },
        {
            "timestamp": 1777232076.643161,
            "messages": 0,
            "ack": 114972
        },
        {
            "timestamp": 1777232081.648868,
            "messages": 0,
            "ack": 114976
        },
        {
            "timestamp": 1777232086.654419,
            "messages": 0,
            "ack": 114976
        },
        {
            "timestamp": 1777232091.660684,
            "messages": 0,
            "ack": 114980
        },
        {
            "timestamp": 1777232096.664896,
            "messages": 0,
            "ack": 114980
        },
        {
            "timestamp": 1777232101.67007,
            "messages": 0,
            "ack": 114984
        },
        {
            "timestamp": 1777232106.67488,
            "messages": 0,
            "ack": 114984
        },
        {
            "timestamp": 1777232111.680571,
            "messages": 0,
            "ack": 114988
        },
        {
            "timestamp": 1777232116.685304,
            "messages": 0,
            "ack": 114988
        },
        {
            "timestamp": 1777232121.690193,
            "messages": 0,
            "ack": 114992
        },
        {
            "timestamp": 1777232126.697259,
            "messages": 0,
            "ack": 114992
        },
        {
            "timestamp": 1777232131.703729,
            "messages": 0,
            "ack": 114996
        },
        {
            "timestamp": 1777232136.70891,
            "messages": 0,
            "ack": 114996
        },
        {
            "timestamp": 1777232141.715233,
            "messages": 0,
            "ack": 115000
        },
        {
            "timestamp": 1777232146.720163,
            "messages": 0,
            "ack": 115000
        },
        {
            "timestamp": 1777232151.726169,
            "messages": 0,
            "ack": 115004
        },
        {
            "timestamp": 1777232156.733893,
            "messages": 0,
            "ack": 115004
        },
        {
            "timestamp": 1777232161.740661,
            "messages": 0,
            "ack": 115008
        },
        {
            "timestamp": 1777232166.745664,
            "messages": 0,
            "ack": 115008
        },
        {
            "timestamp": 1777232171.751769,
            "messages": 0,
            "ack": 115012
        },
        {
            "timestamp": 1777232176.758127,
            "messages": 0,
            "ack": 115012
        },
        {
            "timestamp": 1777232179.076912,
            "messages": 0,
            "ack": 115012
        }
    ]
}