{
    "active_periods": [
        {
            "start": 1778810162.49433,
            "end": 1778810466.553094,
            "duration_sec": 304.0587639808655,
            "tasks_completed": 404,
            "throughput_tps": 1.328690529128849
        }
    ],
    "history": [
        {
            "timestamp": 1778810162.49433,
            "messages": 0,
            "ack": 48254
        },
        {
            "timestamp": 1778810167.501656,
            "messages": 0,
            "ack": 48254
        },
        {
            "timestamp": 1778810172.507382,
            "messages": 0,
            "ack": 48259
        },
        {
            "timestamp": 1778810177.511847,
            "messages": 17,
            "ack": 48268
        },
        {
            "timestamp": 1778810182.516287,
            "messages": 27,
            "ack": 48274
        },
        {
            "timestamp": 1778810187.52079,
            "messages": 30,
            "ack": 48280
        },
        {
            "timestamp": 1778810192.52613,
            "messages": 37,
            "ack": 48286
        },
        {
            "timestamp": 1778810197.531207,
            "messages": 43,
            "ack": 48295
        },
        {
            "timestamp": 1778810202.535844,
            "messages": 50,
            "ack": 48301
        },
        {
            "timestamp": 1778810207.540667,
            "messages": 56,
            "ack": 48307
        },
        {
            "timestamp": 1778810212.545902,
            "messages": 56,
            "ack": 48313
        },
        {
            "timestamp": 1778810217.550968,
            "messages": 63,
            "ack": 48319
        },
        {
            "timestamp": 1778810222.556757,
            "messages": 69,
            "ack": 48328
        },
        {
            "timestamp": 1778810227.562129,
            "messages": 76,
            "ack": 48334
        },
        {
            "timestamp": 1778810232.568269,
            "messages": 82,
            "ack": 48340
        },
        {
            "timestamp": 1778810237.573558,
            "messages": 85,
            "ack": 48346
        },
        {
            "timestamp": 1778810242.579302,
            "messages": 95,
            "ack": 48355
        },
        {
            "timestamp": 1778810247.583704,
            "messages": 101,
            "ack": 48361
        },
        {
            "timestamp": 1778810252.589103,
            "messages": 104,
            "ack": 48367
        },
        {
            "timestamp": 1778810257.594648,
            "messages": 110,
            "ack": 48373
        },
        {
            "timestamp": 1778810262.599618,
            "messages": 117,
            "ack": 48382
        },
        {
            "timestamp": 1778810267.603991,
            "messages": 123,
            "ack": 48388
        },
        {
            "timestamp": 1778810272.609356,
            "messages": 123,
            "ack": 48394
        },
        {
            "timestamp": 1778810277.614641,
            "messages": 130,
            "ack": 48403
        },
        {
            "timestamp": 1778810282.620696,
            "messages": 136,
            "ack": 48409
        },
        {
            "timestamp": 1778810287.627222,
            "messages": 143,
            "ack": 48415
        },
        {
            "timestamp": 1778810292.636426,
            "messages": 149,
            "ack": 48421
        },
        {
            "timestamp": 1778810297.641761,
            "messages": 156,
            "ack": 48427
        },
        {
            "timestamp": 1778810302.646275,
            "messages": 162,
            "ack": 48436
        },
        {
            "timestamp": 1778810307.650966,
            "messages": 165,
            "ack": 48442
        },
        {
            "timestamp": 1778810312.656199,
            "messages": 175,
            "ack": 48448
        },
        {
            "timestamp": 1778810317.663865,
            "messages": 181,
            "ack": 48454
        },
        {
            "timestamp": 1778810322.669603,
            "messages": 181,
            "ack": 48463
        },
        {
            "timestamp": 1778810327.674768,
            "messages": 184,
            "ack": 48469
        },
        {
            "timestamp": 1778810332.679545,
            "messages": 194,
            "ack": 48475
        },
        {
            "timestamp": 1778810337.686377,
            "messages": 197,
            "ack": 48481
        },
        {
            "timestamp": 1778810342.691401,
            "messages": 207,
            "ack": 48487
        },
        {
            "timestamp": 1778810347.695836,
            "messages": 210,
            "ack": 48496
        },
        {
            "timestamp": 1778810352.699739,
            "messages": 220,
            "ack": 48502
        },
        {
            "timestamp": 1778810357.706113,
            "messages": 223,
            "ack": 48508
        },
        {
            "timestamp": 1778810362.711191,
            "messages": 233,
            "ack": 48517
        },
        {
            "timestamp": 1778810367.716366,
            "messages": 236,
            "ack": 48523
        },
        {
            "timestamp": 1778810372.721315,
            "messages": 236,
            "ack": 48529
        },
        {
            "timestamp": 1778810377.726748,
            "messages": 243,
            "ack": 48535
        },
        {
            "timestamp": 1778810382.732251,
            "messages": 249,
            "ack": 48541
        },
        {
            "timestamp": 1778810387.735883,
            "messages": 256,
            "ack": 48550
        },
        {
            "timestamp": 1778810392.741521,
            "messages": 262,
            "ack": 48556
        },
        {
            "timestamp": 1778810397.746359,
            "messages": 265,
            "ack": 48562
        },
        {
            "timestamp": 1778810402.751409,
            "messages": 275,
            "ack": 48571
        },
        {
            "timestamp": 1778810407.755909,
            "messages": 281,
            "ack": 48577
        },
        {
            "timestamp": 1778810412.761618,
            "messages": 284,
            "ack": 48583
        },
        {
            "timestamp": 1778810417.76637,
            "messages": 294,
            "ack": 48595
        },
        {
            "timestamp": 1778810422.770944,
            "messages": 297,
            "ack": 48604
        },
        {
            "timestamp": 1778810427.77501,
            "messages": 297,
            "ack": 48610
        },
        {
            "timestamp": 1778810432.780195,
            "messages": 303,
            "ack": 48616
        },
        {
            "timestamp": 1778810437.784252,
            "messages": 313,
            "ack": 48622
        },
        {
            "timestamp": 1778810442.788854,
            "messages": 316,
            "ack": 48631
        },
        {
            "timestamp": 1778810447.793971,
            "messages": 323,
            "ack": 48637
        },
        {
            "timestamp": 1778810452.797648,
            "messages": 329,
            "ack": 48643
        },
        {
            "timestamp": 1778810457.801311,
            "messages": 336,
            "ack": 48649
        },
        {
            "timestamp": 1778810462.807668,
            "messages": 342,
            "ack": 48658
        },
        {
            "timestamp": 1778810466.546325,
            "messages": 4,
            "ack": 48658
        }
    ]
}