Процесс: 80816
УПРАВЛЯЮЩИЙ ПРОЦЕСС
Родитель: 13546
Создан: 2026-04-26T14:41:36.040000
Последний замер: 2026-04-26T14:46:38.508987
Время жизни: 302.468987 сек
voluntary_ctxt_switches: 1515
nonvoluntary_ctxt_switches: 1
jiffies: 69.0
avg_cpu_load: 0.1 %
avg_memory_mb: 42.7 MB


Процесс: 80823
Родитель: 80816
Создан: 2026-04-26T14:41:36.450000
Последний замер: 2026-04-26T14:46:38.509202
Время жизни: 302.059202 сек
voluntary_ctxt_switches: 161
nonvoluntary_ctxt_switches: 287
jiffies: 1325.0
avg_cpu_load: 4.4 %
avg_memory_mb: 118.3 MB

Среднее latency: 1.66
Средний runtime: 1.65
Всего задач: 30
Задач по типам: memory_intensive - 10; cpu_intensive - 20

Процесс: 80824
Родитель: 80816
Создан: 2026-04-26T14:41:36.470000
Последний замер: 2026-04-26T14:46:38.509404
Время жизни: 302.039404 сек
voluntary_ctxt_switches: 161
nonvoluntary_ctxt_switches: 204
jiffies: 1294.0
avg_cpu_load: 4.3 %
avg_memory_mb: 112.9 MB

Среднее latency: 1.66
Средний runtime: 1.64
Всего задач: 30
Задач по типам: cpu_intensive - 20; memory_intensive - 10

Процесс: 80825
Родитель: 80816
Создан: 2026-04-26T14:41:36.500000
Последний замер: 2026-04-26T14:46:38.509619
Время жизни: 302.009619 сек
voluntary_ctxt_switches: 161
nonvoluntary_ctxt_switches: 198
jiffies: 1306.0
avg_cpu_load: 4.3 %
avg_memory_mb: 113.0 MB

Среднее latency: 1.65
Средний runtime: 1.64
Всего задач: 30
Задач по типам: cpu_intensive - 20; memory_intensive - 10

Процесс: 80826
Родитель: 80816
Создан: 2026-04-26T14:41:36.520000
Последний замер: 2026-04-26T14:46:38.509822
Время жизни: 301.989822 сек
voluntary_ctxt_switches: 161
nonvoluntary_ctxt_switches: 198
jiffies: 1297.0
avg_cpu_load: 4.3 %
avg_memory_mb: 113.0 MB

Среднее latency: 1.65
Средний runtime: 1.63
Всего задач: 30
Задач по типам: cpu_intensive - 20; memory_intensive - 10

