{
    "active_periods": [
        {
            "start": 1778775853.676782,
            "end": 1778776157.697689,
            "duration_sec": 304.02090716362,
            "tasks_completed": 404,
            "throughput_tps": 1.3288559782586682
        }
    ],
    "history": [
        {
            "timestamp": 1778775853.676782,
            "messages": 0,
            "ack": 10703
        },
        {
            "timestamp": 1778775858.684318,
            "messages": 0,
            "ack": 10703
        },
        {
            "timestamp": 1778775863.688969,
            "messages": 8,
            "ack": 10711
        },
        {
            "timestamp": 1778775868.693398,
            "messages": 16,
            "ack": 10717
        },
        {
            "timestamp": 1778775873.697282,
            "messages": 22,
            "ack": 10723
        },
        {
            "timestamp": 1778775878.703093,
            "messages": 25,
            "ack": 10729
        },
        {
            "timestamp": 1778775883.707778,
            "messages": 35,
            "ack": 10738
        },
        {
            "timestamp": 1778775888.712779,
            "messages": 41,
            "ack": 10744
        },
        {
            "timestamp": 1778775893.717138,
            "messages": 44,
            "ack": 10750
        },
        {
            "timestamp": 1778775898.722789,
            "messages": 54,
            "ack": 10756
        },
        {
            "timestamp": 1778775903.727762,
            "messages": 57,
            "ack": 10762
        },
        {
            "timestamp": 1778775908.731957,
            "messages": 67,
            "ack": 10771
        },
        {
            "timestamp": 1778775913.736749,
            "messages": 70,
            "ack": 10777
        },
        {
            "timestamp": 1778775918.742707,
            "messages": 70,
            "ack": 10783
        },
        {
            "timestamp": 1778775923.747611,
            "messages": 77,
            "ack": 10792
        },
        {
            "timestamp": 1778775928.752537,
            "messages": 83,
            "ack": 10798
        },
        {
            "timestamp": 1778775933.757576,
            "messages": 90,
            "ack": 10804
        },
        {
            "timestamp": 1778775938.76296,
            "messages": 96,
            "ack": 10810
        },
        {
            "timestamp": 1778775943.76891,
            "messages": 103,
            "ack": 10816
        },
        {
            "timestamp": 1778775948.773989,
            "messages": 109,
            "ack": 10825
        },
        {
            "timestamp": 1778775953.778298,
            "messages": 116,
            "ack": 10831
        },
        {
            "timestamp": 1778775958.783116,
            "messages": 122,
            "ack": 10837
        },
        {
            "timestamp": 1778775963.788303,
            "messages": 122,
            "ack": 10843
        },
        {
            "timestamp": 1778775968.794034,
            "messages": 125,
            "ack": 10852
        },
        {
            "timestamp": 1778775973.798193,
            "messages": 135,
            "ack": 10858
        },
        {
            "timestamp": 1778775978.802943,
            "messages": 141,
            "ack": 10864
        },
        {
            "timestamp": 1778775983.808556,
            "messages": 144,
            "ack": 10870
        },
        {
            "timestamp": 1778775988.814084,
            "messages": 154,
            "ack": 10879
        },
        {
            "timestamp": 1778775993.819176,
            "messages": 157,
            "ack": 10885
        },
        {
            "timestamp": 1778775998.82324,
            "messages": 167,
            "ack": 10891
        },
        {
            "timestamp": 1778776003.828643,
            "messages": 170,
            "ack": 10897
        },
        {
            "timestamp": 1778776008.834056,
            "messages": 180,
            "ack": 10906
        },
        {
            "timestamp": 1778776013.839121,
            "messages": 183,
            "ack": 10912
        },
        {
            "timestamp": 1778776018.844857,
            "messages": 183,
            "ack": 10918
        },
        {
            "timestamp": 1778776023.850761,
            "messages": 193,
            "ack": 10924
        },
        {
            "timestamp": 1778776028.856239,
            "messages": 196,
            "ack": 10930
        },
        {
            "timestamp": 1778776033.861568,
            "messages": 203,
            "ack": 10939
        },
        {
            "timestamp": 1778776038.865905,
            "messages": 209,
            "ack": 10945
        },
        {
            "timestamp": 1778776043.869731,
            "messages": 219,
            "ack": 10951
        },
        {
            "timestamp": 1778776048.874532,
            "messages": 222,
            "ack": 10957
        },
        {
            "timestamp": 1778776053.880229,
            "messages": 229,
            "ack": 10966
        },
        {
            "timestamp": 1778776058.884971,
            "messages": 235,
            "ack": 10972
        },
        {
            "timestamp": 1778776063.890552,
            "messages": 235,
            "ack": 10978
        },
        {
            "timestamp": 1778776068.894954,
            "messages": 242,
            "ack": 10984
        },
        {
            "timestamp": 1778776073.900145,
            "messages": 248,
            "ack": 10990
        },
        {
            "timestamp": 1778776078.904461,
            "messages": 255,
            "ack": 10999
        },
        {
            "timestamp": 1778776083.909302,
            "messages": 261,
            "ack": 11005
        },
        {
            "timestamp": 1778776088.914053,
            "messages": 268,
            "ack": 11011
        },
        {
            "timestamp": 1778776093.919401,
            "messages": 274,
            "ack": 11017
        },
        {
            "timestamp": 1778776098.925048,
            "messages": 277,
            "ack": 11026
        },
        {
            "timestamp": 1778776103.929152,
            "messages": 287,
            "ack": 11032
        },
        {
            "timestamp": 1778776108.936363,
            "messages": 287,
            "ack": 11038
        },
        {
            "timestamp": 1778776113.941951,
            "messages": 293,
            "ack": 11044
        },
        {
            "timestamp": 1778776118.946755,
            "messages": 296,
            "ack": 11053
        },
        {
            "timestamp": 1778776123.951921,
            "messages": 306,
            "ack": 11059
        },
        {
            "timestamp": 1778776128.9572,
            "messages": 309,
            "ack": 11065
        },
        {
            "timestamp": 1778776133.96158,
            "messages": 319,
            "ack": 11071
        },
        {
            "timestamp": 1778776138.966661,
            "messages": 322,
            "ack": 11080
        },
        {
            "timestamp": 1778776143.97105,
            "messages": 332,
            "ack": 11086
        },
        {
            "timestamp": 1778776148.977587,
            "messages": 335,
            "ack": 11092
        },
        {
            "timestamp": 1778776153.98183,
            "messages": 335,
            "ack": 11098
        },
        {
            "timestamp": 1778776157.689958,
            "messages": 345,
            "ack": 11107
        }
    ]
}