Процесс: 56658
УПРАВЛЯЮЩИЙ ПРОЦЕСС
Родитель: 13546
Создан: 2026-04-26T09:57:46.960000
Последний замер: 2026-04-26T10:02:49.501061
Время жизни: 302.541061 сек
voluntary_ctxt_switches: 1756
nonvoluntary_ctxt_switches: 158
jiffies: 177.0
avg_cpu_load: 0.5 %
avg_memory_mb: 42.9 MB


Процесс: 56665
Родитель: 56658
Создан: 2026-04-26T09:57:47.360000
Последний замер: 2026-04-26T09:58:28.708233
Время жизни: 41.348233 сек
voluntary_ctxt_switches: 20
nonvoluntary_ctxt_switches: 322
jiffies: 194.0
avg_cpu_load: 4.7 %
avg_memory_mb: 75.1 MB

Среднее latency: 1.98
Средний runtime: 1.88
Всего задач: 4
Задач по типам: cpu_intensive - 3; memory_intensive - 1

Процесс: 56666
Родитель: 56658
Создан: 2026-04-26T09:57:47.390000
Последний замер: 2026-04-26T09:58:28.708436
Время жизни: 41.318436 сек
voluntary_ctxt_switches: 20
nonvoluntary_ctxt_switches: 285
jiffies: 201.0
avg_cpu_load: 4.9 %
avg_memory_mb: 95.2 MB

Среднее latency: 1.97
Средний runtime: 1.86
Всего задач: 4
Задач по типам: cpu_intensive - 3; memory_intensive - 1

Процесс: 56667
Родитель: 56658
Создан: 2026-04-26T09:57:47.410000
Последний замер: 2026-04-26T09:58:28.708648
Время жизни: 41.298648 сек
voluntary_ctxt_switches: 19
nonvoluntary_ctxt_switches: 305
jiffies: 196.0
avg_cpu_load: 4.8 %
avg_memory_mb: 75.1 MB

Среднее latency: 1.99
Средний runtime: 1.88
Всего задач: 4
Задач по типам: cpu_intensive - 3; memory_intensive - 1

Процесс: 56668
Родитель: 56658
Создан: 2026-04-26T09:57:47.430000
Последний замер: 2026-04-26T09:58:28.708851
Время жизни: 41.278851 сек
voluntary_ctxt_switches: 20
nonvoluntary_ctxt_switches: 409
jiffies: 202.0
avg_cpu_load: 5.0 %
avg_memory_mb: 95.2 MB

Среднее latency: 2.08
Средний runtime: 1.97
Всего задач: 4
Задач по типам: cpu_intensive - 3; memory_intensive - 1

Процесс: 56677
Родитель: 56658
Создан: 2026-04-26T09:57:48.500000
Последний замер: 2026-04-26T09:58:59.133007
Время жизни: 70.633007 сек
voluntary_ctxt_switches: 36
nonvoluntary_ctxt_switches: 499
jiffies: 334.0
avg_cpu_load: 4.5 %
avg_memory_mb: 107.0 MB

Среднее latency: 1.94
Средний runtime: 1.87
Всего задач: 7
Задач по типам: cpu_intensive - 5; memory_intensive - 2

Процесс: 56678
Родитель: 56658
Создан: 2026-04-26T09:57:48.530000
Последний замер: 2026-04-26T09:58:59.133211
Время жизни: 70.603211 сек
voluntary_ctxt_switches: 48
nonvoluntary_ctxt_switches: 394
jiffies: 280.0
avg_cpu_load: 4.0 %
avg_memory_mb: 118.4 MB

Среднее latency: 1.89
Средний runtime: 1.83
Всего задач: 7
Задач по типам: memory_intensive - 3; cpu_intensive - 4

Процесс: 56679
Родитель: 56658
Создан: 2026-04-26T09:57:48.550000
Последний замер: 2026-04-26T09:58:59.133412
Время жизни: 70.583412 сек
voluntary_ctxt_switches: 45
nonvoluntary_ctxt_switches: 267
jiffies: 282.0
avg_cpu_load: 4.0 %
avg_memory_mb: 118.4 MB

Среднее latency: 1.85
Средний runtime: 1.79
Всего задач: 7
Задач по типам: memory_intensive - 3; cpu_intensive - 4

Процесс: 56680
Родитель: 56658
Создан: 2026-04-26T09:57:48.580000
Последний замер: 2026-04-26T09:58:59.133625
Время жизни: 70.553625 сек
voluntary_ctxt_switches: 35
nonvoluntary_ctxt_switches: 532
jiffies: 337.0
avg_cpu_load: 4.8 %
avg_memory_mb: 95.2 MB

Среднее latency: 1.96
Средний runtime: 1.89
Всего задач: 7
Задач по типам: cpu_intensive - 5; memory_intensive - 2

Процесс: 56691
Родитель: 56658
Создан: 2026-04-26T09:58:28.390000
Последний замер: 2026-04-26T09:59:28.500951
Время жизни: 60.110951 сек
voluntary_ctxt_switches: 43
nonvoluntary_ctxt_switches: 290
jiffies: 219.0
avg_cpu_load: 3.6 %
avg_memory_mb: 118.6 MB

Среднее latency: 1.85
Средний runtime: 1.82
Всего задач: 6
Задач по типам: memory_intensive - 3; cpu_intensive - 3

Процесс: 56692
Родитель: 56658
Создан: 2026-04-26T09:58:28.420000
Последний замер: 2026-04-26T09:59:28.501156
Время жизни: 60.081156 сек
voluntary_ctxt_switches: 23
nonvoluntary_ctxt_switches: 302
jiffies: 322.0
avg_cpu_load: 5.0 %
avg_memory_mb: 76.7 MB

Среднее latency: 1.82
Средний runtime: 1.78
Всего задач: 6
Задач по типам: cpu_intensive - 5; memory_intensive - 1

Процесс: 56693
Родитель: 56658
Создан: 2026-04-26T09:58:28.450000
Последний замер: 2026-04-26T09:59:28.501357
Время жизни: 60.051357 сек
voluntary_ctxt_switches: 44
nonvoluntary_ctxt_switches: 283
jiffies: 223.0
avg_cpu_load: 3.7 %
avg_memory_mb: 118.6 MB

Среднее latency: 1.84
Средний runtime: 1.8
Всего задач: 6
Задач по типам: memory_intensive - 3; cpu_intensive - 3

Процесс: 56694
Родитель: 56658
Создан: 2026-04-26T09:58:28.470000
Последний замер: 2026-04-26T09:59:28.501559
Время жизни: 60.031559 сек
voluntary_ctxt_switches: 23
nonvoluntary_ctxt_switches: 542
jiffies: 320.0
avg_cpu_load: 5.4 %
avg_memory_mb: 76.8 MB

Среднее latency: 1.94
Средний runtime: 1.9
Всего задач: 6
Задач по типам: cpu_intensive - 5; memory_intensive - 1

Процесс: 56759
Родитель: 56658
Создан: 2026-04-26T09:58:58.410000
Последний замер: 2026-04-26T09:59:58.924829
Время жизни: 60.514829 сек
voluntary_ctxt_switches: 33
nonvoluntary_ctxt_switches: 338
jiffies: 267.0
avg_cpu_load: 3.5 %
avg_memory_mb: 105.2 MB

Среднее latency: 1.85
Средний runtime: 1.81
Всего задач: 6
Задач по типам: cpu_intensive - 4; memory_intensive - 2

Процесс: 56760
Родитель: 56658
Создан: 2026-04-26T09:58:58.430000
Последний замер: 2026-04-26T09:59:58.925035
Время жизни: 60.495035 сек
voluntary_ctxt_switches: 23
nonvoluntary_ctxt_switches: 651
jiffies: 313.0
avg_cpu_load: 5.2 %
avg_memory_mb: 77.4 MB

Среднее latency: 1.98
Средний runtime: 1.95
Всего задач: 6
Задач по типам: cpu_intensive - 5; memory_intensive - 1

Процесс: 56761
Родитель: 56658
Создан: 2026-04-26T09:58:58.460000
Последний замер: 2026-04-26T09:59:58.925237
Время жизни: 60.465237 сек
voluntary_ctxt_switches: 34
nonvoluntary_ctxt_switches: 309
jiffies: 265.0
avg_cpu_load: 4.4 %
avg_memory_mb: 91.3 MB

Среднее latency: 1.83
Средний runtime: 1.79
Всего задач: 6
Задач по типам: cpu_intensive - 4; memory_intensive - 2

Процесс: 56762
Родитель: 56658
Создан: 2026-04-26T09:58:58.500000
Последний замер: 2026-04-26T09:59:58.925439
Время жизни: 60.425439 сек
voluntary_ctxt_switches: 44
nonvoluntary_ctxt_switches: 149
jiffies: 202.0
avg_cpu_load: 3.3 %
avg_memory_mb: 119.0 MB

Среднее latency: 1.75
Средний runtime: 1.71
Всего задач: 6
Задач по типам: memory_intensive - 3; cpu_intensive - 3

Процесс: 56766
Родитель: 56658
Создан: 2026-04-26T09:59:28.410000
Последний замер: 2026-04-26T10:00:29.349651
Время жизни: 60.939651 сек
voluntary_ctxt_switches: 43
nonvoluntary_ctxt_switches: 312
jiffies: 205.0
avg_cpu_load: 3.4 %
avg_memory_mb: 118.3 MB

Среднее latency: 1.83
Средний runtime: 1.8
Всего задач: 6
Задач по типам: memory_intensive - 3; cpu_intensive - 3

Процесс: 56767
Родитель: 56658
Создан: 2026-04-26T09:59:28.430000
Последний замер: 2026-04-26T10:00:29.349859
Время жизни: 60.919859 сек
voluntary_ctxt_switches: 23
nonvoluntary_ctxt_switches: 316
jiffies: 317.0
avg_cpu_load: 5.2 %
avg_memory_mb: 77.4 MB

Среднее latency: 1.82
Средний runtime: 1.79
Всего задач: 6
Задач по типам: cpu_intensive - 5; memory_intensive - 1

Процесс: 56768
Родитель: 56658
Создан: 2026-04-26T09:59:28.460000
Последний замер: 2026-04-26T10:00:29.350060
Время жизни: 60.89006 сек
voluntary_ctxt_switches: 45
nonvoluntary_ctxt_switches: 125
jiffies: 210.0
avg_cpu_load: 3.5 %
avg_memory_mb: 118.3 MB

Среднее latency: 1.74
Средний runtime: 1.7
Всего задач: 6
Задач по типам: memory_intensive - 3; cpu_intensive - 3

Процесс: 56769
Родитель: 56658
Создан: 2026-04-26T09:59:28.500000
Последний замер: 2026-04-26T10:00:29.350261
Время жизни: 60.850261 сек
voluntary_ctxt_switches: 22
nonvoluntary_ctxt_switches: 554
jiffies: 322.0
avg_cpu_load: 5.3 %
avg_memory_mb: 77.4 MB

Среднее latency: 1.95
Средний runtime: 1.91
Всего задач: 6
Задач по типам: cpu_intensive - 5; memory_intensive - 1

Процесс: 56834
Родитель: 56658
Создан: 2026-04-26T09:59:58.460000
Последний замер: 2026-04-26T10:00:58.723730
Время жизни: 60.26373 сек
voluntary_ctxt_switches: 25
nonvoluntary_ctxt_switches: 519
jiffies: 325.0
avg_cpu_load: 5.5 %
avg_memory_mb: 76.9 MB

Среднее latency: 1.95
Средний runtime: 1.91
Всего задач: 6
Задач по типам: cpu_intensive - 5; memory_intensive - 1

Процесс: 56835
Родитель: 56658
Создан: 2026-04-26T09:59:58.490000
Последний замер: 2026-04-26T10:00:58.723936
Время жизни: 60.233936 сек
voluntary_ctxt_switches: 35
nonvoluntary_ctxt_switches: 430
jiffies: 269.0
avg_cpu_load: 4.5 %
avg_memory_mb: 91.0 MB

Среднее latency: 1.91
Средний runtime: 1.88
Всего задач: 6
Задач по типам: cpu_intensive - 4; memory_intensive - 2

Процесс: 56836
Родитель: 56658
Создан: 2026-04-26T09:59:58.530000
Последний замер: 2026-04-26T10:00:58.724138
Время жизни: 60.194138 сек
voluntary_ctxt_switches: 34
nonvoluntary_ctxt_switches: 362
jiffies: 268.0
avg_cpu_load: 3.9 %
avg_memory_mb: 105.0 MB

Среднее latency: 1.87
Средний runtime: 1.83
Всего задач: 6
Задач по типам: cpu_intensive - 4; memory_intensive - 2

Процесс: 56837
Родитель: 56658
Создан: 2026-04-26T09:59:58.550000
Последний замер: 2026-04-26T10:00:58.724339
Время жизни: 60.174339 сек
voluntary_ctxt_switches: 43
nonvoluntary_ctxt_switches: 282
jiffies: 209.0
avg_cpu_load: 3.5 %
avg_memory_mb: 119.0 MB

Среднее latency: 1.84
Средний runtime: 1.79
Всего задач: 6
Задач по типам: memory_intensive - 3; cpu_intensive - 3

Процесс: 56860
Родитель: 56658
Создан: 2026-04-26T10:00:28.470000
Последний замер: 2026-04-26T10:01:29.151099
Время жизни: 60.681099 сек
voluntary_ctxt_switches: 45
nonvoluntary_ctxt_switches: 222
jiffies: 205.0
avg_cpu_load: 3.4 %
avg_memory_mb: 119.2 MB

Среднее latency: 1.81
Средний runtime: 1.76
Всего задач: 6
Задач по типам: memory_intensive - 3; cpu_intensive - 3

Процесс: 56861
Родитель: 56658
Создан: 2026-04-26T10:00:28.520000
Последний замер: 2026-04-26T10:01:29.151305
Время жизни: 60.631305 сек
voluntary_ctxt_switches: 24
nonvoluntary_ctxt_switches: 330
jiffies: 318.0
avg_cpu_load: 5.3 %
avg_memory_mb: 77.8 MB

Среднее latency: 1.84
Средний runtime: 1.79
Всего задач: 6
Задач по типам: cpu_intensive - 5; memory_intensive - 1

Процесс: 56862
Родитель: 56658
Создан: 2026-04-26T10:00:28.570000
Последний замер: 2026-04-26T10:01:29.151507
Время жизни: 60.581507 сек
voluntary_ctxt_switches: 43
nonvoluntary_ctxt_switches: 167
jiffies: 205.0
avg_cpu_load: 3.3 %
avg_memory_mb: 119.1 MB

Среднее latency: 1.77
Средний runtime: 1.72
Всего задач: 6
Задач по типам: memory_intensive - 3; cpu_intensive - 3

Процесс: 56863
Родитель: 56658
Создан: 2026-04-26T10:00:28.620000
Последний замер: 2026-04-26T10:01:29.151721
Время жизни: 60.531721 сек
voluntary_ctxt_switches: 23
nonvoluntary_ctxt_switches: 529
jiffies: 318.0
avg_cpu_load: 5.3 %
avg_memory_mb: 77.8 MB

Среднее latency: 1.94
Средний runtime: 1.89
Всего задач: 6
Задач по типам: cpu_intensive - 5; memory_intensive - 1

Процесс: 56928
Родитель: 56658
Создан: 2026-04-26T10:00:58.480000
Последний замер: 2026-04-26T10:01:58.517104
Время жизни: 60.037104 сек
voluntary_ctxt_switches: 24
nonvoluntary_ctxt_switches: 602
jiffies: 322.0
avg_cpu_load: 5.4 %
avg_memory_mb: 76.7 MB

Среднее latency: 1.97
Средний runtime: 1.94
Всего задач: 6
Задач по типам: cpu_intensive - 5; memory_intensive - 1

Процесс: 56929
Родитель: 56658
Создан: 2026-04-26T10:00:58.510000
Последний замер: 2026-04-26T10:01:58.517310
Время жизни: 60.00731 сек
voluntary_ctxt_switches: 33
nonvoluntary_ctxt_switches: 327
jiffies: 264.0
avg_cpu_load: 4.1 %
avg_memory_mb: 90.7 MB

Среднее latency: 1.83
Средний runtime: 1.8
Всего задач: 6
Задач по типам: cpu_intensive - 4; memory_intensive - 2

Процесс: 56930
Родитель: 56658
Создан: 2026-04-26T10:00:58.540000
Последний замер: 2026-04-26T10:01:58.517513
Время жизни: 59.977513 сек
voluntary_ctxt_switches: 35
nonvoluntary_ctxt_switches: 339
jiffies: 265.0
avg_cpu_load: 4.2 %
avg_memory_mb: 104.6 MB

Среднее latency: 1.85
Средний runtime: 1.82
Всего задач: 6
Задач по типам: cpu_intensive - 4; memory_intensive - 2

Процесс: 56931
Родитель: 56658
Создан: 2026-04-26T10:00:58.560000
Последний замер: 2026-04-26T10:01:58.517725
Время жизни: 59.957725 сек
voluntary_ctxt_switches: 43
nonvoluntary_ctxt_switches: 345
jiffies: 209.0
avg_cpu_load: 3.5 %
avg_memory_mb: 118.5 MB

Среднее latency: 1.86
Средний runtime: 1.82
Всего задач: 6
Задач по типам: memory_intensive - 3; cpu_intensive - 3

Процесс: 56943
Родитель: 56658
Создан: 2026-04-26T10:01:28.500000
Последний замер: 2026-04-26T10:02:28.933367
Время жизни: 60.433367 сек
voluntary_ctxt_switches: 44
nonvoluntary_ctxt_switches: 332
jiffies: 207.0
avg_cpu_load: 3.4 %
avg_memory_mb: 119.3 MB

Среднее latency: 1.85
Средний runtime: 1.82
Всего задач: 6
Задач по типам: memory_intensive - 3; cpu_intensive - 3

Процесс: 56944
Родитель: 56658
Создан: 2026-04-26T10:01:28.530000
Последний замер: 2026-04-26T10:02:28.933576
Время жизни: 60.403576 сек
voluntary_ctxt_switches: 25
nonvoluntary_ctxt_switches: 285
jiffies: 317.0
avg_cpu_load: 5.3 %
avg_memory_mb: 77.5 MB

Среднее latency: 1.8
Средний runtime: 1.76
Всего задач: 6
Задач по типам: cpu_intensive - 5; memory_intensive - 1

Процесс: 56945
Родитель: 56658
Создан: 2026-04-26T10:01:28.570000
Последний замер: 2026-04-26T10:02:28.933812
Время жизни: 60.363812 сек
voluntary_ctxt_switches: 44
nonvoluntary_ctxt_switches: 248
jiffies: 208.0
avg_cpu_load: 3.4 %
avg_memory_mb: 119.0 MB

Среднее latency: 1.81
Средний runtime: 1.77
Всего задач: 6
Задач по типам: memory_intensive - 3; cpu_intensive - 3

Процесс: 56946
Родитель: 56658
Создан: 2026-04-26T10:01:28.600000
Последний замер: 2026-04-26T10:02:28.934014
Время жизни: 60.334014 сек
voluntary_ctxt_switches: 33
nonvoluntary_ctxt_switches: 227
jiffies: 267.0
avg_cpu_load: 4.5 %
avg_memory_mb: 77.6 MB

Среднее latency: 1.8
Средний runtime: 1.76
Всего задач: 6
Задач по типам: cpu_intensive - 4; memory_intensive - 2

Процесс: 57011
Родитель: 56658
Создан: 2026-04-26T10:01:58.530000
Последний замер: 2026-04-26T10:02:49.502009
Время жизни: 50.972009 сек
voluntary_ctxt_switches: 21
nonvoluntary_ctxt_switches: 452
jiffies: 259.0
avg_cpu_load: 5.2 %
avg_memory_mb: 70.3 MB

Среднее latency: 1.95
Средний runtime: 1.91
Всего задач: 5
Задач по типам: cpu_intensive - 4; memory_intensive - 1

Процесс: 57012
Родитель: 56658
Создан: 2026-04-26T10:01:58.550000
Последний замер: 2026-04-26T10:02:49.502216
Время жизни: 50.952216 сек
voluntary_ctxt_switches: 22
nonvoluntary_ctxt_switches: 348
jiffies: 260.0
avg_cpu_load: 4.0 %
avg_memory_mb: 70.3 MB

Среднее latency: 1.89
Средний runtime: 1.85
Всего задач: 5
Задач по типам: cpu_intensive - 4; memory_intensive - 1

Процесс: 57013
Родитель: 56658
Создан: 2026-04-26T10:01:58.580000
Последний замер: 2026-04-26T10:02:49.502422
Время жизни: 50.922422 сек
voluntary_ctxt_switches: 22
nonvoluntary_ctxt_switches: 334
jiffies: 253.0
avg_cpu_load: 3.9 %
avg_memory_mb: 86.6 MB

Среднее latency: 1.86
Средний runtime: 1.83
Всего задач: 5
Задач по типам: cpu_intensive - 4; memory_intensive - 1

Процесс: 57014
Родитель: 56658
Создан: 2026-04-26T10:01:58.600000
Последний замер: 2026-04-26T10:02:49.502635
Время жизни: 50.902635 сек
voluntary_ctxt_switches: 41
nonvoluntary_ctxt_switches: 213
jiffies: 145.0
avg_cpu_load: 2.8 %
avg_memory_mb: 119.7 MB

Среднее latency: 1.83
Средний runtime: 1.78
Всего задач: 5
Задач по типам: memory_intensive - 3; cpu_intensive - 2

Процесс: 57018
Родитель: 56658
Создан: 2026-04-26T10:02:28.520000
Последний замер: 2026-04-26T10:02:49.502837
Время жизни: 20.982837 сек
voluntary_ctxt_switches: 15
nonvoluntary_ctxt_switches: 49
jiffies: 71.0
avg_cpu_load: 3.4 %
avg_memory_mb: 77.7 MB

Среднее latency: 1.81
Средний runtime: 1.73
Всего задач: 2
Задач по типам: cpu_intensive - 1; memory_intensive - 1

Процесс: 57019
Родитель: 56658
Создан: 2026-04-26T10:02:28.540000
Последний замер: 2026-04-26T10:02:49.503040
Время жизни: 20.96304 сек
voluntary_ctxt_switches: 7
nonvoluntary_ctxt_switches: 45
jiffies: 123.0
avg_cpu_load: 4.4 %
avg_memory_mb: 36.6 MB

Среднее latency: 1.75
Средний runtime: 1.66
Всего задач: 2
Задач по типам: cpu_intensive - 2

Процесс: 57020
Родитель: 56658
Создан: 2026-04-26T10:02:28.570000
Последний замер: 2026-04-26T10:02:49.503247
Время жизни: 20.933247 сек
voluntary_ctxt_switches: 25
nonvoluntary_ctxt_switches: 30
jiffies: 15.0
avg_cpu_load: 0.6 %
avg_memory_mb: 117.8 MB

Среднее latency: 1.82
Средний runtime: 1.73
Всего задач: 2
Задач по типам: memory_intensive - 2

Процесс: 57021
Родитель: 56658
Создан: 2026-04-26T10:02:28.610000
Последний замер: 2026-04-26T10:02:49.503449
Время жизни: 20.893449 сек
voluntary_ctxt_switches: 4
nonvoluntary_ctxt_switches: 117
jiffies: 123.0
avg_cpu_load: 5.9 %
avg_memory_mb: 36.6 MB

Среднее latency: 1.88
Средний runtime: 1.78
Всего задач: 2
Задач по типам: cpu_intensive - 2

