{
    "272956": {
        "ppid": "254983",
        "name": "celery",
        "cmdline": "/home/experimenter/projects/celery-autoscale/.venv/bin/python3 /home/experimenter/projects/celery-autoscale/.venv/bin/celery -A celery_app worker --loglevel=INFO --concurrency=8 --pool=gevent",
        "create_time": "2026-05-14T18:13:18.820000",
        "last_update": "2026-05-14T18:18:20.782281",
        "voluntary_ctxt_switches": 2009,
        "nonvoluntary_ctxt_switches": 1976,
        "jiffies": 23691,
        "stats": [
            {
                "memory_mb": 48.2109375,
                "cpu_percent": 0.0,
                "timestamp": 1778771599.8982341
            },
            {
                "memory_mb": 48.73828125,
                "cpu_percent": 37.1,
                "timestamp": 1778771600.950266
            },
            {
                "memory_mb": 67.15625,
                "cpu_percent": 100.0,
                "timestamp": 1778771602.0003047
            },
            {
                "memory_mb": 85.6328125,
                "cpu_percent": 99.9,
                "timestamp": 1778771603.0509253
            },
            {
                "memory_mb": 95.61328125,
                "cpu_percent": 99.9,
                "timestamp": 1778771604.1015892
            },
            {
                "memory_mb": 176.87890625,
                "cpu_percent": 72.1,
                "timestamp": 1778771605.156216
            },
            {
                "memory_mb": 241.109375,
                "cpu_percent": 85.5,
                "timestamp": 1778771606.208362
            },
            {
                "memory_mb": 277.7421875,
                "cpu_percent": 100.0,
                "timestamp": 1778771607.2582347
            },
            {
                "memory_mb": 360.07421875,
                "cpu_percent": 80.9,
                "timestamp": 1778771608.30954
            },
            {
                "memory_mb": 386.24609375,
                "cpu_percent": 96.2,
                "timestamp": 1778771609.3598652
            },
            {
                "memory_mb": 385.8671875,
                "cpu_percent": 14.3,
                "timestamp": 1778771610.4100788
            },
            {
                "memory_mb": 385.875,
                "cpu_percent": 99.9,
                "timestamp": 1778771611.4607453
            },
            {
                "memory_mb": 377.19921875,
                "cpu_percent": 95.1,
                "timestamp": 1778771612.5118825
            },
            {
                "memory_mb": 377.19140625,
                "cpu_percent": 86.6,
                "timestamp": 1778771613.5627844
            },
            {
                "memory_mb": 377.18359375,
                "cpu_percent": 56.9,
                "timestamp": 1778771614.617233
            },
            {
                "memory_mb": 375.5859375,
                "cpu_percent": 35.2,
                "timestamp": 1778771615.6696959
            },
            {
                "memory_mb": 375.6015625,
                "cpu_percent": 99.9,
                "timestamp": 1778771616.7207336
            },
            {
                "memory_mb": 374.0078125,
                "cpu_percent": 100.1,
                "timestamp": 1778771617.7698982
            },
            {
                "memory_mb": 374.00390625,
                "cpu_percent": 100.9,
                "timestamp": 1778771618.8200803
            },
            {
                "memory_mb": 373.99609375,
                "cpu_percent": 16.1,
                "timestamp": 1778771619.8735847
            },
            {
                "memory_mb": 372.40234375,
                "cpu_percent": 94.2,
                "timestamp": 1778771620.9241936
            },
            {
                "memory_mb": 372.41015625,
                "cpu_percent": 99.9,
                "timestamp": 1778771621.9756098
            },
            {
                "memory_mb": 372.4140625,
                "cpu_percent": 82.5,
                "timestamp": 1778771623.0305698
            },
            {
                "memory_mb": 372.40625,
                "cpu_percent": 91.3,
                "timestamp": 1778771624.0819364
            },
            {
                "memory_mb": 372.40234375,
                "cpu_percent": 55.9,
                "timestamp": 1778771625.137103
            },
            {
                "memory_mb": 372.4140625,
                "cpu_percent": 79.9,
                "timestamp": 1778771626.1880817
            },
            {
                "memory_mb": 366.4609375,
                "cpu_percent": 100.9,
                "timestamp": 1778771627.2390835
            },
            {
                "memory_mb": 366.45703125,
                "cpu_percent": 81.9,
                "timestamp": 1778771628.2889977
            },
            {
                "memory_mb": 366.4453125,
                "cpu_percent": 84.4,
                "timestamp": 1778771629.3432643
            },
            {
                "memory_mb": 363.54296875,
                "cpu_percent": 12.3,
                "timestamp": 1778771630.402528
            },
            {
                "memory_mb": 363.55859375,
                "cpu_percent": 99.8,
                "timestamp": 1778771631.4541414
            },
            {
                "memory_mb": 361.58984375,
                "cpu_percent": 99.8,
                "timestamp": 1778771632.5060444
            },
            {
                "memory_mb": 361.5859375,
                "cpu_percent": 100.0,
                "timestamp": 1778771633.5559888
            },
            {
                "memory_mb": 361.5703125,
                "cpu_percent": 98.0,
                "timestamp": 1778771634.606969
            },
            {
                "memory_mb": 361.58203125,
                "cpu_percent": 33.3,
                "timestamp": 1778771635.6573603
            },
            {
                "memory_mb": 361.58984375,
                "cpu_percent": 99.9,
                "timestamp": 1778771636.70822
            },
            {
                "memory_mb": 351.05859375,
                "cpu_percent": 78.0,
                "timestamp": 1778771637.7596107
            },
            {
                "memory_mb": 351.05859375,
                "cpu_percent": 37.1,
                "timestamp": 1778771638.810375
            },
            {
                "memory_mb": 351.0546875,
                "cpu_percent": 100.7,
                "timestamp": 1778771639.8631904
            },
            {
                "memory_mb": 351.046875,
                "cpu_percent": 61.9,
                "timestamp": 1778771640.9129603
            },
            {
                "memory_mb": 347.6640625,
                "cpu_percent": 99.9,
                "timestamp": 1778771641.964177
            },
            {
                "memory_mb": 347.66015625,
                "cpu_percent": 81.9,
                "timestamp": 1778771643.0146477
            },
            {
                "memory_mb": 347.65625,
                "cpu_percent": 99.9,
                "timestamp": 1778771644.0651963
            },
            {
                "memory_mb": 347.6484375,
                "cpu_percent": 19.9,
                "timestamp": 1778771645.119811
            },
            {
                "memory_mb": 347.6640625,
                "cpu_percent": 79.0,
                "timestamp": 1778771646.1709602
            },
            {
                "memory_mb": 347.6640625,
                "cpu_percent": 100.9,
                "timestamp": 1778771647.2217052
            },
            {
                "memory_mb": 347.66015625,
                "cpu_percent": 100.0,
                "timestamp": 1778771648.2720468
            },
            {
                "memory_mb": 347.6484375,
                "cpu_percent": 99.9,
                "timestamp": 1778771649.3231056
            },
            {
                "memory_mb": 340.453125,
                "cpu_percent": 27.3,
                "timestamp": 1778771650.383768
            },
            {
                "memory_mb": 340.453125,
                "cpu_percent": 99.9,
                "timestamp": 1778771651.434303
            },
            {
                "memory_mb": 340.45703125,
                "cpu_percent": 100.0,
                "timestamp": 1778771652.4843516
            },
            {
                "memory_mb": 340.453125,
                "cpu_percent": 76.1,
                "timestamp": 1778771653.5352235
            },
            {
                "memory_mb": 340.4453125,
                "cpu_percent": 74.9,
                "timestamp": 1778771654.5894272
            },
            {
                "memory_mb": 340.44140625,
                "cpu_percent": 32.3,
                "timestamp": 1778771655.6418712
            },
            {
                "memory_mb": 340.44921875,
                "cpu_percent": 99.9,
                "timestamp": 1778771656.6927407
            },
            {
                "memory_mb": 340.45703125,
                "cpu_percent": 78.4,
                "timestamp": 1778771657.751448
            },
            {
                "memory_mb": 340.453125,
                "cpu_percent": 99.9,
                "timestamp": 1778771658.8029397
            },
            {
                "memory_mb": 340.4453125,
                "cpu_percent": 46.4,
                "timestamp": 1778771659.8589368
            },
            {
                "memory_mb": 340.4453125,
                "cpu_percent": 54.1,
                "timestamp": 1778771660.911497
            },
            {
                "memory_mb": 340.4609375,
                "cpu_percent": 99.1,
                "timestamp": 1778771661.9609783
            },
            {
                "memory_mb": 340.4609375,
                "cpu_percent": 100.8,
                "timestamp": 1778771663.0120556
            },
            {
                "memory_mb": 340.4453125,
                "cpu_percent": 99.0,
                "timestamp": 1778771664.0620944
            },
            {
                "memory_mb": 340.44140625,
                "cpu_percent": 69.2,
                "timestamp": 1778771665.1172533
            },
            {
                "memory_mb": 340.46484375,
                "cpu_percent": 75.2,
                "timestamp": 1778771666.1678615
            },
            {
                "memory_mb": 340.46484375,
                "cpu_percent": 99.9,
                "timestamp": 1778771667.219028
            },
            {
                "memory_mb": 340.45703125,
                "cpu_percent": 84.6,
                "timestamp": 1778771668.2706547
            },
            {
                "memory_mb": 340.44921875,
                "cpu_percent": 81.5,
                "timestamp": 1778771669.3253636
            },
            {
                "memory_mb": 340.44140625,
                "cpu_percent": 8.5,
                "timestamp": 1778771670.3801649
            },
            {
                "memory_mb": 340.453125,
                "cpu_percent": 98.0,
                "timestamp": 1778771671.430885
            },
            {
                "memory_mb": 340.46484375,
                "cpu_percent": 99.9,
                "timestamp": 1778771672.4817414
            },
            {
                "memory_mb": 340.45703125,
                "cpu_percent": 74.2,
                "timestamp": 1778771673.5324204
            },
            {
                "memory_mb": 340.44921875,
                "cpu_percent": 71.1,
                "timestamp": 1778771674.5873332
            },
            {
                "memory_mb": 340.453125,
                "cpu_percent": 25.7,
                "timestamp": 1778771675.6394272
            },
            {
                "memory_mb": 340.45703125,
                "cpu_percent": 99.9,
                "timestamp": 1778771676.6904378
            },
            {
                "memory_mb": 340.46484375,
                "cpu_percent": 98.9,
                "timestamp": 1778771677.7415383
            },
            {
                "memory_mb": 340.4609375,
                "cpu_percent": 100.8,
                "timestamp": 1778771678.7927973
            },
            {
                "memory_mb": 340.4453125,
                "cpu_percent": 85.4,
                "timestamp": 1778771679.8472784
            },
            {
                "memory_mb": 340.45703125,
                "cpu_percent": 51.4,
                "timestamp": 1778771680.8976026
            },
            {
                "memory_mb": 340.46875,
                "cpu_percent": 99.9,
                "timestamp": 1778771681.948672
            },
            {
                "memory_mb": 340.4609375,
                "cpu_percent": 80.9,
                "timestamp": 1778771682.9995759
            },
            {
                "memory_mb": 340.45703125,
                "cpu_percent": 96.2,
                "timestamp": 1778771684.0496733
            },
            {
                "memory_mb": 340.453125,
                "cpu_percent": 29.4,
                "timestamp": 1778771685.1047666
            },
            {
                "memory_mb": 340.45703125,
                "cpu_percent": 75.1,
                "timestamp": 1778771686.15609
            },
            {
                "memory_mb": 340.46875,
                "cpu_percent": 100.7,
                "timestamp": 1778771687.2085583
            },
            {
                "memory_mb": 340.46484375,
                "cpu_percent": 79.0,
                "timestamp": 1778771688.2595713
            },
            {
                "memory_mb": 340.453125,
                "cpu_percent": 87.2,
                "timestamp": 1778771689.3145595
            },
            {
                "memory_mb": 340.44921875,
                "cpu_percent": 7.6,
                "timestamp": 1778771690.3653219
            },
            {
                "memory_mb": 340.4609375,
                "cpu_percent": 98.0,
                "timestamp": 1778771691.4165246
            },
            {
                "memory_mb": 340.46875,
                "cpu_percent": 99.9,
                "timestamp": 1778771692.4675958
            },
            {
                "memory_mb": 340.4609375,
                "cpu_percent": 100.1,
                "timestamp": 1778771693.517026
            },
            {
                "memory_mb": 340.453125,
                "cpu_percent": 53.1,
                "timestamp": 1778771694.5723171
            },
            {
                "memory_mb": 340.453125,
                "cpu_percent": 58.0,
                "timestamp": 1778771695.62373
            },
            {
                "memory_mb": 340.4609375,
                "cpu_percent": 99.8,
                "timestamp": 1778771696.6758614
            },
            {
                "memory_mb": 340.47265625,
                "cpu_percent": 100.0,
                "timestamp": 1778771697.7262456
            },
            {
                "memory_mb": 340.46484375,
                "cpu_percent": 74.2,
                "timestamp": 1778771698.7769074
            },
            {
                "memory_mb": 340.45703125,
                "cpu_percent": 87.5,
                "timestamp": 1778771699.828509
            },
            {
                "memory_mb": 340.4609375,
                "cpu_percent": 46.6,
                "timestamp": 1778771700.8808873
            },
            {
                "memory_mb": 341.8671875,
                "cpu_percent": 99.8,
                "timestamp": 1778771701.9326224
            },
            {
                "memory_mb": 341.86328125,
                "cpu_percent": 82.7,
                "timestamp": 1778771702.9844968
            },
            {
                "memory_mb": 341.859375,
                "cpu_percent": 99.7,
                "timestamp": 1778771704.0375633
            },
            {
                "memory_mb": 341.8515625,
                "cpu_percent": 18.9,
                "timestamp": 1778771705.0930727
            },
            {
                "memory_mb": 341.859375,
                "cpu_percent": 75.2,
                "timestamp": 1778771706.14423
            },
            {
                "memory_mb": 341.8671875,
                "cpu_percent": 99.9,
                "timestamp": 1778771707.1953373
            },
            {
                "memory_mb": 341.8671875,
                "cpu_percent": 99.8,
                "timestamp": 1778771708.2472098
            },
            {
                "memory_mb": 341.85546875,
                "cpu_percent": 99.9,
                "timestamp": 1778771709.2977536
            },
            {
                "memory_mb": 341.8515625,
                "cpu_percent": 39.9,
                "timestamp": 1778771710.3510742
            },
            {
                "memory_mb": 341.875,
                "cpu_percent": 91.3,
                "timestamp": 1778771711.4021778
            },
            {
                "memory_mb": 341.87109375,
                "cpu_percent": 99.8,
                "timestamp": 1778771712.4546397
            },
            {
                "memory_mb": 341.8671875,
                "cpu_percent": 83.7,
                "timestamp": 1778771713.506186
            },
            {
                "memory_mb": 341.859375,
                "cpu_percent": 73.0,
                "timestamp": 1778771714.5614305
            },
            {
                "memory_mb": 341.85546875,
                "cpu_percent": 23.8,
                "timestamp": 1778771715.6130068
            },
            {
                "memory_mb": 341.86328125,
                "cpu_percent": 99.9,
                "timestamp": 1778771716.6638675
            },
            {
                "memory_mb": 341.875,
                "cpu_percent": 86.5,
                "timestamp": 1778771717.7158043
            },
            {
                "memory_mb": 341.8671875,
                "cpu_percent": 88.5,
                "timestamp": 1778771718.7670548
            },
            {
                "memory_mb": 341.859375,
                "cpu_percent": 53.2,
                "timestamp": 1778771719.8193429
            },
            {
                "memory_mb": 341.85546875,
                "cpu_percent": 45.6,
                "timestamp": 1778771720.8711283
            },
            {
                "memory_mb": 341.87890625,
                "cpu_percent": 99.9,
                "timestamp": 1778771721.9224646
            },
            {
                "memory_mb": 341.87109375,
                "cpu_percent": 99.8,
                "timestamp": 1778771722.974995
            },
            {
                "memory_mb": 341.859375,
                "cpu_percent": 99.9,
                "timestamp": 1778771724.0262964
            },
            {
                "memory_mb": 341.859375,
                "cpu_percent": 11.4,
                "timestamp": 1778771725.0787303
            },
            {
                "memory_mb": 341.859375,
                "cpu_percent": 99.8,
                "timestamp": 1778771726.1305523
            },
            {
                "memory_mb": 341.8671875,
                "cpu_percent": 99.9,
                "timestamp": 1778771727.1818402
            },
            {
                "memory_mb": 341.8671875,
                "cpu_percent": 73.9,
                "timestamp": 1778771728.2369149
            },
            {
                "memory_mb": 341.8671875,
                "cpu_percent": 41.9,
                "timestamp": 1778771729.287659
            },
            {
                "memory_mb": 341.859375,
                "cpu_percent": 99.9,
                "timestamp": 1778771730.3386235
            },
            {
                "memory_mb": 341.86328125,
                "cpu_percent": 92.2,
                "timestamp": 1778771731.3902385
            },
            {
                "memory_mb": 341.87890625,
                "cpu_percent": 100.0,
                "timestamp": 1778771732.440519
            },
            {
                "memory_mb": 341.87109375,
                "cpu_percent": 74.2,
                "timestamp": 1778771733.4916403
            },
            {
                "memory_mb": 341.859375,
                "cpu_percent": 78.1,
                "timestamp": 1778771734.5411882
            },
            {
                "memory_mb": 341.86328125,
                "cpu_percent": 15.2,
                "timestamp": 1778771735.5944135
            },
            {
                "memory_mb": 341.8828125,
                "cpu_percent": 100.9,
                "timestamp": 1778771736.644995
            },
            {
                "memory_mb": 341.87890625,
                "cpu_percent": 100.0,
                "timestamp": 1778771737.6952562
            },
            {
                "memory_mb": 341.875,
                "cpu_percent": 99.9,
                "timestamp": 1778771738.7459977
            },
            {
                "memory_mb": 341.859375,
                "cpu_percent": 98.0,
                "timestamp": 1778771739.7973819
            },
            {
                "memory_mb": 341.87109375,
                "cpu_percent": 40.0,
                "timestamp": 1778771740.8476532
            },
            {
                "memory_mb": 341.875,
                "cpu_percent": 99.0,
                "timestamp": 1778771741.8977
            },
            {
                "memory_mb": 341.87109375,
                "cpu_percent": 74.8,
                "timestamp": 1778771742.9531615
            },
            {
                "memory_mb": 341.8671875,
                "cpu_percent": 99.1,
                "timestamp": 1778771744.0031137
            },
            {
                "memory_mb": 341.86328125,
                "cpu_percent": 41.7,
                "timestamp": 1778771745.0581968
            },
            {
                "memory_mb": 341.859375,
                "cpu_percent": 65.6,
                "timestamp": 1778771746.1104102
            },
            {
                "memory_mb": 341.8828125,
                "cpu_percent": 99.9,
                "timestamp": 1778771747.1617737
            },
            {
                "memory_mb": 341.875,
                "cpu_percent": 74.3,
                "timestamp": 1778771748.211317
            },
            {
                "memory_mb": 341.87109375,
                "cpu_percent": 100.8,
                "timestamp": 1778771749.26271
            },
            {
                "memory_mb": 341.86328125,
                "cpu_percent": 10.4,
                "timestamp": 1778771750.3170276
            },
            {
                "memory_mb": 341.87109375,
                "cpu_percent": 84.6,
                "timestamp": 1778771751.36882
            },
            {
                "memory_mb": 341.87890625,
                "cpu_percent": 99.9,
                "timestamp": 1778771752.4199939
            },
            {
                "memory_mb": 341.875,
                "cpu_percent": 99.9,
                "timestamp": 1778771753.4712496
            },
            {
                "memory_mb": 341.86328125,
                "cpu_percent": 99.9,
                "timestamp": 1778771754.52241
            },
            {
                "memory_mb": 341.87109375,
                "cpu_percent": 33.3,
                "timestamp": 1778771755.572529
            },
            {
                "memory_mb": 341.8828125,
                "cpu_percent": 99.9,
                "timestamp": 1778771756.623726
            },
            {
                "memory_mb": 341.8828125,
                "cpu_percent": 98.1,
                "timestamp": 1778771757.6741176
            },
            {
                "memory_mb": 341.875,
                "cpu_percent": 78.1,
                "timestamp": 1778771758.723662
            },
            {
                "memory_mb": 341.87109375,
                "cpu_percent": 64.5,
                "timestamp": 1778771759.7785566
            },
            {
                "memory_mb": 341.8671875,
                "cpu_percent": 37.2,
                "timestamp": 1778771760.8282437
            },
            {
                "memory_mb": 341.8828125,
                "cpu_percent": 101.0,
                "timestamp": 1778771761.8781798
            },
            {
                "memory_mb": 341.8828125,
                "cpu_percent": 78.0,
                "timestamp": 1778771762.9288747
            },
            {
                "memory_mb": 341.87890625,
                "cpu_percent": 99.9,
                "timestamp": 1778771763.979713
            },
            {
                "memory_mb": 341.87109375,
                "cpu_percent": 37.0,
                "timestamp": 1778771765.0338788
            },
            {
                "memory_mb": 341.87109375,
                "cpu_percent": 58.9,
                "timestamp": 1778771766.0856917
            },
            {
                "memory_mb": 341.88671875,
                "cpu_percent": 99.1,
                "timestamp": 1778771767.1350021
            },
            {
                "memory_mb": 341.88671875,
                "cpu_percent": 99.9,
                "timestamp": 1778771768.1856887
            },
            {
                "memory_mb": 341.87109375,
                "cpu_percent": 99.0,
                "timestamp": 1778771769.2365332
            },
            {
                "memory_mb": 341.87109375,
                "cpu_percent": 62.6,
                "timestamp": 1778771770.2902093
            },
            {
                "memory_mb": 341.890625,
                "cpu_percent": 80.9,
                "timestamp": 1778771771.3412306
            },
            {
                "memory_mb": 341.890625,
                "cpu_percent": 99.7,
                "timestamp": 1778771772.3943303
            },
            {
                "memory_mb": 341.88671875,
                "cpu_percent": 85.7,
                "timestamp": 1778771773.4443624
            },
            {
                "memory_mb": 341.87890625,
                "cpu_percent": 90.4,
                "timestamp": 1778771774.4957166
            },
            {
                "memory_mb": 341.875,
                "cpu_percent": 9.4,
                "timestamp": 1778771775.556464
            },
            {
                "memory_mb": 341.8828125,
                "cpu_percent": 100.0,
                "timestamp": 1778771776.6067967
            },
            {
                "memory_mb": 341.8984375,
                "cpu_percent": 99.9,
                "timestamp": 1778771777.6578927
            },
            {
                "memory_mb": 341.890625,
                "cpu_percent": 75.2,
                "timestamp": 1778771778.70824
            },
            {
                "memory_mb": 341.87890625,
                "cpu_percent": 73.0,
                "timestamp": 1778771779.7623498
            },
            {
                "memory_mb": 341.8828125,
                "cpu_percent": 30.5,
                "timestamp": 1778771780.8117507
            },
            {
                "memory_mb": 341.88671875,
                "cpu_percent": 100.9,
                "timestamp": 1778771781.862521
            },
            {
                "memory_mb": 341.89453125,
                "cpu_percent": 100.0,
                "timestamp": 1778771782.9130263
            },
            {
                "memory_mb": 341.890625,
                "cpu_percent": 99.8,
                "timestamp": 1778771783.9646318
            },
            {
                "memory_mb": 341.875,
                "cpu_percent": 80.5,
                "timestamp": 1778771785.0210924
            },
            {
                "memory_mb": 341.88671875,
                "cpu_percent": 54.3,
                "timestamp": 1778771786.0715375
            },
            {
                "memory_mb": 341.89453125,
                "cpu_percent": 100.8,
                "timestamp": 1778771787.1232595
            },
            {
                "memory_mb": 341.88671875,
                "cpu_percent": 83.7,
                "timestamp": 1778771788.174279
            },
            {
                "memory_mb": 341.8828125,
                "cpu_percent": 89.4,
                "timestamp": 1778771789.2251797
            },
            {
                "memory_mb": 341.87890625,
                "cpu_percent": 29.5,
                "timestamp": 1778771790.2764273
            },
            {
                "memory_mb": 341.8828125,
                "cpu_percent": 79.9,
                "timestamp": 1778771791.328248
            },
            {
                "memory_mb": 341.8984375,
                "cpu_percent": 99.9,
                "timestamp": 1778771792.3788047
            },
            {
                "memory_mb": 341.890625,
                "cpu_percent": 75.1,
                "timestamp": 1778771793.4300823
            },
            {
                "memory_mb": 341.87890625,
                "cpu_percent": 95.3,
                "timestamp": 1778771794.4797835
            },
            {
                "memory_mb": 341.8828125,
                "cpu_percent": 6.6,
                "timestamp": 1778771795.5400574
            },
            {
                "memory_mb": 341.88671875,
                "cpu_percent": 100.7,
                "timestamp": 1778771796.5924
            },
            {
                "memory_mb": 341.89453125,
                "cpu_percent": 99.9,
                "timestamp": 1778771797.6434045
            },
            {
                "memory_mb": 341.890625,
                "cpu_percent": 99.9,
                "timestamp": 1778771798.6949043
            },
            {
                "memory_mb": 341.87890625,
                "cpu_percent": 99.9,
                "timestamp": 1778771799.7460577
            },
            {
                "memory_mb": 341.88671875,
                "cpu_percent": 39.1,
                "timestamp": 1778771800.7956002
            },
            {
                "memory_mb": 341.890625,
                "cpu_percent": 99.7,
                "timestamp": 1778771801.8485453
            },
            {
                "memory_mb": 341.890625,
                "cpu_percent": 91.0,
                "timestamp": 1778771802.9034162
            },
            {
                "memory_mb": 341.8828125,
                "cpu_percent": 85.7,
                "timestamp": 1778771803.9541655
            },
            {
                "memory_mb": 341.87890625,
                "cpu_percent": 60.7,
                "timestamp": 1778771805.00806
            },
            {
                "memory_mb": 341.87890625,
                "cpu_percent": 51.4,
                "timestamp": 1778771806.059228
            },
            {
                "memory_mb": 341.89453125,
                "cpu_percent": 99.9,
                "timestamp": 1778771807.1099818
            },
            {
                "memory_mb": 341.89453125,
                "cpu_percent": 73.2,
                "timestamp": 1778771808.1617565
            },
            {
                "memory_mb": 341.890625,
                "cpu_percent": 99.9,
                "timestamp": 1778771809.2125628
            },
            {
                "memory_mb": 341.8828125,
                "cpu_percent": 29.4,
                "timestamp": 1778771810.266436
            },
            {
                "memory_mb": 341.8828125,
                "cpu_percent": 72.4,
                "timestamp": 1778771811.316628
            },
            {
                "memory_mb": 341.8984375,
                "cpu_percent": 100.0,
                "timestamp": 1778771812.3666637
            },
            {
                "memory_mb": 341.8984375,
                "cpu_percent": 100.9,
                "timestamp": 1778771813.417659
            },
            {
                "memory_mb": 341.8828125,
                "cpu_percent": 99.9,
                "timestamp": 1778771814.4686067
            },
            {
                "memory_mb": 341.87890625,
                "cpu_percent": 45.5,
                "timestamp": 1778771815.5231519
            },
            {
                "memory_mb": 341.90234375,
                "cpu_percent": 97.0,
                "timestamp": 1778771816.5751402
            },
            {
                "memory_mb": 341.90234375,
                "cpu_percent": 100.0,
                "timestamp": 1778771817.625596
            },
            {
                "memory_mb": 341.89453125,
                "cpu_percent": 84.8,
                "timestamp": 1778771818.6757357
            },
            {
                "memory_mb": 341.88671875,
                "cpu_percent": 75.9,
                "timestamp": 1778771819.729451
            },
            {
                "memory_mb": 341.890625,
                "cpu_percent": 22.8,
                "timestamp": 1778771820.7801669
            },
            {
                "memory_mb": 341.8984375,
                "cpu_percent": 100.0,
                "timestamp": 1778771821.8306222
            },
            {
                "memory_mb": 341.90234375,
                "cpu_percent": 87.4,
                "timestamp": 1778771822.883591
            },
            {
                "memory_mb": 341.89453125,
                "cpu_percent": 95.3,
                "timestamp": 1778771823.9332008
            },
            {
                "memory_mb": 341.88671875,
                "cpu_percent": 53.1,
                "timestamp": 1778771824.9871464
            },
            {
                "memory_mb": 341.88671875,
                "cpu_percent": 46.6,
                "timestamp": 1778771826.03956
            },
            {
                "memory_mb": 341.90234375,
                "cpu_percent": 100.0,
                "timestamp": 1778771827.0899913
            },
            {
                "memory_mb": 341.90234375,
                "cpu_percent": 100.0,
                "timestamp": 1778771828.1402066
            },
            {
                "memory_mb": 341.88671875,
                "cpu_percent": 99.9,
                "timestamp": 1778771829.1914356
            },
            {
                "memory_mb": 341.8828125,
                "cpu_percent": 70.2,
                "timestamp": 1778771830.245255
            },
            {
                "memory_mb": 341.89453125,
                "cpu_percent": 69.5,
                "timestamp": 1778771831.2953079
            },
            {
                "memory_mb": 341.90625,
                "cpu_percent": 99.9,
                "timestamp": 1778771832.346444
            },
            {
                "memory_mb": 341.89453125,
                "cpu_percent": 76.1,
                "timestamp": 1778771833.3972971
            },
            {
                "memory_mb": 341.890625,
                "cpu_percent": 99.9,
                "timestamp": 1778771834.4482644
            },
            {
                "memory_mb": 341.8828125,
                "cpu_percent": 10.4,
                "timestamp": 1778771835.5038269
            },
            {
                "memory_mb": 341.890625,
                "cpu_percent": 94.1,
                "timestamp": 1778771836.555731
            },
            {
                "memory_mb": 341.90625,
                "cpu_percent": 99.9,
                "timestamp": 1778771837.606706
            },
            {
                "memory_mb": 341.90234375,
                "cpu_percent": 75.2,
                "timestamp": 1778771838.6574216
            },
            {
                "memory_mb": 341.890625,
                "cpu_percent": 85.4,
                "timestamp": 1778771839.7111979
            },
            {
                "memory_mb": 341.89453125,
                "cpu_percent": 21.0,
                "timestamp": 1778771840.7609308
            },
            {
                "memory_mb": 341.8984375,
                "cpu_percent": 99.0,
                "timestamp": 1778771841.811833
            },
            {
                "memory_mb": 341.91015625,
                "cpu_percent": 100.1,
                "timestamp": 1778771842.861207
            },
            {
                "memory_mb": 341.90625,
                "cpu_percent": 99.0,
                "timestamp": 1778771843.9119215
            },
            {
                "memory_mb": 341.890625,
                "cpu_percent": 97.9,
                "timestamp": 1778771844.9639108
            },
            {
                "memory_mb": 341.90625,
                "cpu_percent": 42.8,
                "timestamp": 1778771846.0153868
            },
            {
                "memory_mb": 341.91796875,
                "cpu_percent": 100.0,
                "timestamp": 1778771847.065519
            },
            {
                "memory_mb": 341.90625,
                "cpu_percent": 85.7,
                "timestamp": 1778771848.1157665
            },
            {
                "memory_mb": 341.90234375,
                "cpu_percent": 94.2,
                "timestamp": 1778771849.166254
            },
            {
                "memory_mb": 341.8984375,
                "cpu_percent": 45.6,
                "timestamp": 1778771850.2192917
            },
            {
                "memory_mb": 341.90234375,
                "cpu_percent": 63.7,
                "timestamp": 1778771851.270666
            },
            {
                "memory_mb": 341.9140625,
                "cpu_percent": 99.8,
                "timestamp": 1778771852.3222568
            },
            {
                "memory_mb": 341.91015625,
                "cpu_percent": 73.3,
                "timestamp": 1778771853.373206
            },
            {
                "memory_mb": 341.90625,
                "cpu_percent": 99.9,
                "timestamp": 1778771854.423777
            },
            {
                "memory_mb": 341.8984375,
                "cpu_percent": 20.8,
                "timestamp": 1778771855.478973
            },
            {
                "memory_mb": 341.91796875,
                "cpu_percent": 86.6,
                "timestamp": 1778771856.5297692
            },
            {
                "memory_mb": 341.91796875,
                "cpu_percent": 100.0,
                "timestamp": 1778771857.5793605
            },
            {
                "memory_mb": 341.9140625,
                "cpu_percent": 99.9,
                "timestamp": 1778771858.6302605
            },
            {
                "memory_mb": 341.90234375,
                "cpu_percent": 99.9,
                "timestamp": 1778771859.681533
            },
            {
                "memory_mb": 341.91015625,
                "cpu_percent": 43.8,
                "timestamp": 1778771860.731513
            },
            {
                "memory_mb": 341.921875,
                "cpu_percent": 99.9,
                "timestamp": 1778771861.7822354
            },
            {
                "memory_mb": 341.921875,
                "cpu_percent": 98.0,
                "timestamp": 1778771862.83305
            },
            {
                "memory_mb": 341.9140625,
                "cpu_percent": 76.2,
                "timestamp": 1778771863.8833373
            },
            {
                "memory_mb": 341.91015625,
                "cpu_percent": 66.5,
                "timestamp": 1778771864.9361985
            },
            {
                "memory_mb": 341.90625,
                "cpu_percent": 40.9,
                "timestamp": 1778771865.986384
            },
            {
                "memory_mb": 341.92578125,
                "cpu_percent": 100.9,
                "timestamp": 1778771867.0371134
            },
            {
                "memory_mb": 341.921875,
                "cpu_percent": 82.8,
                "timestamp": 1778771868.0873148
            },
            {
                "memory_mb": 341.91796875,
                "cpu_percent": 99.9,
                "timestamp": 1778771869.1385176
            },
            {
                "memory_mb": 341.91015625,
                "cpu_percent": 36.1,
                "timestamp": 1778771870.1925411
            },
            {
                "memory_mb": 341.91015625,
                "cpu_percent": 61.9,
                "timestamp": 1778771871.2430825
            },
            {
                "memory_mb": 341.92578125,
                "cpu_percent": 99.0,
                "timestamp": 1778771872.2936475
            },
            {
                "memory_mb": 341.92578125,
                "cpu_percent": 100.0,
                "timestamp": 1778771873.3434384
            },
            {
                "memory_mb": 341.91015625,
                "cpu_percent": 99.8,
                "timestamp": 1778771874.395804
            },
            {
                "memory_mb": 341.90625,
                "cpu_percent": 54.0,
                "timestamp": 1778771875.4512513
            },
            {
                "memory_mb": 341.921875,
                "cpu_percent": 83.7,
                "timestamp": 1778771876.5027678
            },
            {
                "memory_mb": 341.92578125,
                "cpu_percent": 100.8,
                "timestamp": 1778771877.55442
            },
            {
                "memory_mb": 341.91796875,
                "cpu_percent": 75.2,
                "timestamp": 1778771878.6054034
            },
            {
                "memory_mb": 341.91015625,
                "cpu_percent": 90.0,
                "timestamp": 1778771879.660733
            },
            {
                "memory_mb": 341.90625,
                "cpu_percent": 14.3,
                "timestamp": 1778771880.7120922
            },
            {
                "memory_mb": 341.9140625,
                "cpu_percent": 99.9,
                "timestamp": 1778771881.7627397
            },
            {
                "memory_mb": 341.92578125,
                "cpu_percent": 99.9,
                "timestamp": 1778771882.8134172
            },
            {
                "memory_mb": 341.91796875,
                "cpu_percent": 76.2,
                "timestamp": 1778771883.863278
            },
            {
                "memory_mb": 341.9140625,
                "cpu_percent": 70.3,
                "timestamp": 1778771884.9166393
            },
            {
                "memory_mb": 341.9140625,
                "cpu_percent": 34.2,
                "timestamp": 1778771885.9683347
            },
            {
                "memory_mb": 341.921875,
                "cpu_percent": 100.0,
                "timestamp": 1778771887.0187063
            },
            {
                "memory_mb": 341.9296875,
                "cpu_percent": 98.9,
                "timestamp": 1778771888.0697956
            },
            {
                "memory_mb": 341.92578125,
                "cpu_percent": 99.9,
                "timestamp": 1778771889.1205502
            },
            {
                "memory_mb": 341.91015625,
                "cpu_percent": 91.9,
                "timestamp": 1778771890.1756816
            },
            {
                "memory_mb": 341.921875,
                "cpu_percent": 58.0,
                "timestamp": 1778771891.2280014
            },
            {
                "memory_mb": 341.93359375,
                "cpu_percent": 99.9,
                "timestamp": 1778771892.279054
            },
            {
                "memory_mb": 341.92578125,
                "cpu_percent": 83.7,
                "timestamp": 1778771893.3302143
            },
            {
                "memory_mb": 341.921875,
                "cpu_percent": 94.2,
                "timestamp": 1778771894.3810472
            },
            {
                "memory_mb": 341.91796875,
                "cpu_percent": 29.4,
                "timestamp": 1778771895.4365811
            },
            {
                "memory_mb": 341.921875,
                "cpu_percent": 82.7,
                "timestamp": 1778771896.4888535
            },
            {
                "memory_mb": 341.9375,
                "cpu_percent": 99.9,
                "timestamp": 1778771897.539862
            },
            {
                "memory_mb": 341.9296875,
                "cpu_percent": 75.1,
                "timestamp": 1778771898.5913754
            },
            {
                "memory_mb": 341.91796875,
                "cpu_percent": 92.0,
                "timestamp": 1778771899.6461844
            },
            {
                "memory_mb": 341.91796875,
                "cpu_percent": 5.4,
                "timestamp": 1778771900.7633843
            },
            {
                "memory_mb": 341.91796875,
                "cpu_percent": 51.8,
                "timestamp": 1778771900.7822807
            }
        ]
    }
}
