{
    "active_periods": [
        {
            "start": 1777205009.432664,
            "end": 1777205312.1104,
            "duration_sec": 302.67773604393005,
            "tasks_completed": 120,
            "throughput_tps": 0.3964612712134976
        }
    ],
    "history": [
        {
            "timestamp": 1777205009.432664,
            "messages": 0,
            "ack": 72882
        },
        {
            "timestamp": 1777205014.439815,
            "messages": 4,
            "ack": 72882
        },
        {
            "timestamp": 1777205019.445885,
            "messages": 4,
            "ack": 72886
        },
        {
            "timestamp": 1777205024.451279,
            "messages": 0,
            "ack": 72886
        },
        {
            "timestamp": 1777205029.456742,
            "messages": 0,
            "ack": 72890
        },
        {
            "timestamp": 1777205034.46311,
            "messages": 0,
            "ack": 72890
        },
        {
            "timestamp": 1777205039.469289,
            "messages": 0,
            "ack": 72894
        },
        {
            "timestamp": 1777205044.4747,
            "messages": 0,
            "ack": 72894
        },
        {
            "timestamp": 1777205049.481467,
            "messages": 0,
            "ack": 72898
        },
        {
            "timestamp": 1777205054.488069,
            "messages": 0,
            "ack": 72898
        },
        {
            "timestamp": 1777205059.494765,
            "messages": 0,
            "ack": 72902
        },
        {
            "timestamp": 1777205064.501009,
            "messages": 0,
            "ack": 72902
        },
        {
            "timestamp": 1777205069.507495,
            "messages": 0,
            "ack": 72906
        },
        {
            "timestamp": 1777205074.513542,
            "messages": 0,
            "ack": 72906
        },
        {
            "timestamp": 1777205079.521117,
            "messages": 0,
            "ack": 72910
        },
        {
            "timestamp": 1777205084.527669,
            "messages": 0,
            "ack": 72910
        },
        {
            "timestamp": 1777205089.533568,
            "messages": 0,
            "ack": 72914
        },
        {
            "timestamp": 1777205094.540226,
            "messages": 0,
            "ack": 72914
        },
        {
            "timestamp": 1777205099.546376,
            "messages": 0,
            "ack": 72918
        },
        {
            "timestamp": 1777205104.553699,
            "messages": 0,
            "ack": 72918
        },
        {
            "timestamp": 1777205109.560247,
            "messages": 0,
            "ack": 72922
        },
        {
            "timestamp": 1777205114.567284,
            "messages": 0,
            "ack": 72922
        },
        {
            "timestamp": 1777205119.574392,
            "messages": 0,
            "ack": 72926
        },
        {
            "timestamp": 1777205124.581115,
            "messages": 0,
            "ack": 72926
        },
        {
            "timestamp": 1777205129.587395,
            "messages": 0,
            "ack": 72930
        },
        {
            "timestamp": 1777205134.59393,
            "messages": 0,
            "ack": 72930
        },
        {
            "timestamp": 1777205139.599891,
            "messages": 0,
            "ack": 72934
        },
        {
            "timestamp": 1777205144.606504,
            "messages": 0,
            "ack": 72934
        },
        {
            "timestamp": 1777205149.612679,
            "messages": 0,
            "ack": 72938
        },
        {
            "timestamp": 1777205154.618914,
            "messages": 0,
            "ack": 72938
        },
        {
            "timestamp": 1777205159.624817,
            "messages": 0,
            "ack": 72942
        },
        {
            "timestamp": 1777205164.63081,
            "messages": 0,
            "ack": 72942
        },
        {
            "timestamp": 1777205169.637706,
            "messages": 0,
            "ack": 72946
        },
        {
            "timestamp": 1777205174.643486,
            "messages": 0,
            "ack": 72946
        },
        {
            "timestamp": 1777205179.650994,
            "messages": 0,
            "ack": 72950
        },
        {
            "timestamp": 1777205184.656513,
            "messages": 0,
            "ack": 72950
        },
        {
            "timestamp": 1777205189.662289,
            "messages": 0,
            "ack": 72954
        },
        {
            "timestamp": 1777205194.668308,
            "messages": 0,
            "ack": 72954
        },
        {
            "timestamp": 1777205199.675552,
            "messages": 0,
            "ack": 72958
        },
        {
            "timestamp": 1777205204.683023,
            "messages": 0,
            "ack": 72958
        },
        {
            "timestamp": 1777205209.689945,
            "messages": 0,
            "ack": 72962
        },
        {
            "timestamp": 1777205214.697488,
            "messages": 0,
            "ack": 72962
        },
        {
            "timestamp": 1777205219.704111,
            "messages": 0,
            "ack": 72966
        },
        {
            "timestamp": 1777205224.709577,
            "messages": 0,
            "ack": 72966
        },
        {
            "timestamp": 1777205229.715905,
            "messages": 0,
            "ack": 72970
        },
        {
            "timestamp": 1777205234.723976,
            "messages": 0,
            "ack": 72970
        },
        {
            "timestamp": 1777205239.730364,
            "messages": 0,
            "ack": 72974
        },
        {
            "timestamp": 1777205244.736261,
            "messages": 0,
            "ack": 72974
        },
        {
            "timestamp": 1777205249.741559,
            "messages": 0,
            "ack": 72978
        },
        {
            "timestamp": 1777205254.747384,
            "messages": 0,
            "ack": 72978
        },
        {
            "timestamp": 1777205259.753033,
            "messages": 0,
            "ack": 72982
        },
        {
            "timestamp": 1777205264.758419,
            "messages": 0,
            "ack": 72982
        },
        {
            "timestamp": 1777205269.763416,
            "messages": 0,
            "ack": 72986
        },
        {
            "timestamp": 1777205274.769443,
            "messages": 0,
            "ack": 72986
        },
        {
            "timestamp": 1777205279.7752,
            "messages": 0,
            "ack": 72990
        },
        {
            "timestamp": 1777205284.781292,
            "messages": 0,
            "ack": 72990
        },
        {
            "timestamp": 1777205289.787425,
            "messages": 0,
            "ack": 72994
        },
        {
            "timestamp": 1777205294.79374,
            "messages": 0,
            "ack": 72994
        },
        {
            "timestamp": 1777205299.799991,
            "messages": 0,
            "ack": 72998
        },
        {
            "timestamp": 1777205304.806059,
            "messages": 0,
            "ack": 72998
        },
        {
            "timestamp": 1777205309.811468,
            "messages": 0,
            "ack": 73002
        },
        {
            "timestamp": 1777205312.094952,
            "messages": 0,
            "ack": 73002
        }
    ]
}