{
    "346566": {
        "ppid": "254983",
        "name": "celery",
        "cmdline": "/home/experimenter/projects/celery-autoscale/.venv/bin/python3 /home/experimenter/projects/celery-autoscale/.venv/bin/celery -A celery_app worker --loglevel=INFO --concurrency=4 --pool=gevent",
        "create_time": "2026-05-15T07:28:31.870000",
        "last_update": "2026-05-15T07:33:34.953082",
        "voluntary_ctxt_switches": 2676,
        "nonvoluntary_ctxt_switches": 2885,
        "jiffies": 20040,
        "stats": [
            {
                "memory_mb": 48.2734375,
                "cpu_percent": 0.0,
                "timestamp": 1778819312.938378
            },
            {
                "memory_mb": 48.7265625,
                "cpu_percent": 38.2,
                "timestamp": 1778819313.9861465
            },
            {
                "memory_mb": 112.80078125,
                "cpu_percent": 34.3,
                "timestamp": 1778819315.0369174
            },
            {
                "memory_mb": 140.2109375,
                "cpu_percent": 80.2,
                "timestamp": 1778819316.084343
            },
            {
                "memory_mb": 140.21484375,
                "cpu_percent": 99.3,
                "timestamp": 1778819317.1321404
            },
            {
                "memory_mb": 148.59765625,
                "cpu_percent": 86.3,
                "timestamp": 1778819318.1867468
            },
            {
                "memory_mb": 195.45703125,
                "cpu_percent": 8.6,
                "timestamp": 1778819319.2389412
            },
            {
                "memory_mb": 222.4765625,
                "cpu_percent": 65.8,
                "timestamp": 1778819320.2869124
            },
            {
                "memory_mb": 222.48046875,
                "cpu_percent": 74.5,
                "timestamp": 1778819321.3343427
            },
            {
                "memory_mb": 222.4765625,
                "cpu_percent": 74.4,
                "timestamp": 1778819322.3830013
            },
            {
                "memory_mb": 222.48828125,
                "cpu_percent": 69.7,
                "timestamp": 1778819323.4305155
            },
            {
                "memory_mb": 232.41796875,
                "cpu_percent": 16.2,
                "timestamp": 1778819324.4779463
            },
            {
                "memory_mb": 232.41796875,
                "cpu_percent": 100.2,
                "timestamp": 1778819325.5257444
            },
            {
                "memory_mb": 230.359375,
                "cpu_percent": 71.6,
                "timestamp": 1778819326.5729065
            },
            {
                "memory_mb": 230.35546875,
                "cpu_percent": 70.6,
                "timestamp": 1778819327.6213033
            },
            {
                "memory_mb": 228.21484375,
                "cpu_percent": 25.7,
                "timestamp": 1778819328.673469
            },
            {
                "memory_mb": 228.21484375,
                "cpu_percent": 87.8,
                "timestamp": 1778819329.7207751
            },
            {
                "memory_mb": 219.83203125,
                "cpu_percent": 71.6,
                "timestamp": 1778819330.768571
            },
            {
                "memory_mb": 219.828125,
                "cpu_percent": 70.6,
                "timestamp": 1778819331.816753
            },
            {
                "memory_mb": 219.8359375,
                "cpu_percent": 38.0,
                "timestamp": 1778819332.8695216
            },
            {
                "memory_mb": 219.83203125,
                "cpu_percent": 74.5,
                "timestamp": 1778819333.916994
            },
            {
                "memory_mb": 219.83203125,
                "cpu_percent": 71.6,
                "timestamp": 1778819334.9648228
            },
            {
                "memory_mb": 219.828125,
                "cpu_percent": 73.5,
                "timestamp": 1778819336.0125842
            },
            {
                "memory_mb": 219.8359375,
                "cpu_percent": 61.8,
                "timestamp": 1778819337.0648322
            },
            {
                "memory_mb": 222.59375,
                "cpu_percent": 50.6,
                "timestamp": 1778819338.111969
            },
            {
                "memory_mb": 222.59765625,
                "cpu_percent": 93.2,
                "timestamp": 1778819339.1634688
            },
            {
                "memory_mb": 222.58984375,
                "cpu_percent": 74.2,
                "timestamp": 1778819340.2153118
            },
            {
                "memory_mb": 222.6015625,
                "cpu_percent": 69.4,
                "timestamp": 1778819341.2674568
            },
            {
                "memory_mb": 232.42578125,
                "cpu_percent": 30.6,
                "timestamp": 1778819342.3145812
            },
            {
                "memory_mb": 232.42578125,
                "cpu_percent": 99.3,
                "timestamp": 1778819343.3615656
            },
            {
                "memory_mb": 230.37109375,
                "cpu_percent": 74.5,
                "timestamp": 1778819344.4084513
            },
            {
                "memory_mb": 230.375,
                "cpu_percent": 73.3,
                "timestamp": 1778819345.4587922
            },
            {
                "memory_mb": 232.44140625,
                "cpu_percent": 12.4,
                "timestamp": 1778819346.5065486
            },
            {
                "memory_mb": 232.44140625,
                "cpu_percent": 99.2,
                "timestamp": 1778819347.5545373
            },
            {
                "memory_mb": 230.44140625,
                "cpu_percent": 74.4,
                "timestamp": 1778819348.6024363
            },
            {
                "memory_mb": 230.4375,
                "cpu_percent": 72.5,
                "timestamp": 1778819349.6512985
            },
            {
                "memory_mb": 230.4453125,
                "cpu_percent": 25.7,
                "timestamp": 1778819350.7032444
            },
            {
                "memory_mb": 232.44140625,
                "cpu_percent": 85.0,
                "timestamp": 1778819351.7505124
            },
            {
                "memory_mb": 230.44140625,
                "cpu_percent": 73.5,
                "timestamp": 1778819352.7980285
            },
            {
                "memory_mb": 230.4375,
                "cpu_percent": 74.5,
                "timestamp": 1778819353.8455265
            },
            {
                "memory_mb": 230.4453125,
                "cpu_percent": 49.5,
                "timestamp": 1778819354.8969536
            },
            {
                "memory_mb": 232.4453125,
                "cpu_percent": 61.1,
                "timestamp": 1778819355.9451342
            },
            {
                "memory_mb": 226.9375,
                "cpu_percent": 78.9,
                "timestamp": 1778819356.9966354
            },
            {
                "memory_mb": 226.9296875,
                "cpu_percent": 68.5,
                "timestamp": 1778819358.0480363
            },
            {
                "memory_mb": 226.94140625,
                "cpu_percent": 69.4,
                "timestamp": 1778819359.0999093
            },
            {
                "memory_mb": 232.4453125,
                "cpu_percent": 41.1,
                "timestamp": 1778819360.1473563
            },
            {
                "memory_mb": 232.4453125,
                "cpu_percent": 100.2,
                "timestamp": 1778819361.1950219
            },
            {
                "memory_mb": 230.3828125,
                "cpu_percent": 74.4,
                "timestamp": 1778819362.2429993
            },
            {
                "memory_mb": 230.39453125,
                "cpu_percent": 68.6,
                "timestamp": 1778819363.2930148
            },
            {
                "memory_mb": 232.44140625,
                "cpu_percent": 16.2,
                "timestamp": 1778819364.3401196
            },
            {
                "memory_mb": 232.4453125,
                "cpu_percent": 99.3,
                "timestamp": 1778819365.3876328
            },
            {
                "memory_mb": 230.39453125,
                "cpu_percent": 74.5,
                "timestamp": 1778819366.4352412
            },
            {
                "memory_mb": 230.390625,
                "cpu_percent": 72.5,
                "timestamp": 1778819367.4828353
            },
            {
                "memory_mb": 230.3984375,
                "cpu_percent": 17.1,
                "timestamp": 1778819368.5346437
            },
            {
                "memory_mb": 232.4453125,
                "cpu_percent": 92.7,
                "timestamp": 1778819369.5815952
            },
            {
                "memory_mb": 230.39453125,
                "cpu_percent": 73.6,
                "timestamp": 1778819370.6282644
            },
            {
                "memory_mb": 230.390625,
                "cpu_percent": 71.6,
                "timestamp": 1778819371.675837
            },
            {
                "memory_mb": 230.3984375,
                "cpu_percent": 37.0,
                "timestamp": 1778819372.7297316
            },
            {
                "memory_mb": 230.39453125,
                "cpu_percent": 75.3,
                "timestamp": 1778819373.778562
            },
            {
                "memory_mb": 230.39453125,
                "cpu_percent": 71.6,
                "timestamp": 1778819374.8257778
            },
            {
                "memory_mb": 230.390625,
                "cpu_percent": 76.3,
                "timestamp": 1778819375.873792
            },
            {
                "memory_mb": 230.3984375,
                "cpu_percent": 52.2,
                "timestamp": 1778819376.9273207
            },
            {
                "memory_mb": 230.390625,
                "cpu_percent": 60.1,
                "timestamp": 1778819377.9752357
            },
            {
                "memory_mb": 230.39453125,
                "cpu_percent": 79.9,
                "timestamp": 1778819379.0271435
            },
            {
                "memory_mb": 230.38671875,
                "cpu_percent": 70.3,
                "timestamp": 1778819380.0795474
            },
            {
                "memory_mb": 230.40234375,
                "cpu_percent": 66.5,
                "timestamp": 1778819381.1316295
            },
            {
                "memory_mb": 230.39453125,
                "cpu_percent": 42.9,
                "timestamp": 1778819382.1793516
            },
            {
                "memory_mb": 230.3984375,
                "cpu_percent": 97.3,
                "timestamp": 1778819383.2273622
            },
            {
                "memory_mb": 230.390625,
                "cpu_percent": 70.7,
                "timestamp": 1778819384.2743793
            },
            {
                "memory_mb": 230.40234375,
                "cpu_percent": 69.4,
                "timestamp": 1778819385.3263307
            },
            {
                "memory_mb": 230.3984375,
                "cpu_percent": 21.0,
                "timestamp": 1778819386.3748765
            },
            {
                "memory_mb": 230.40625,
                "cpu_percent": 100.2,
                "timestamp": 1778819387.4222648
            },
            {
                "memory_mb": 230.40625,
                "cpu_percent": 71.6,
                "timestamp": 1778819388.4701798
            },
            {
                "memory_mb": 230.40234375,
                "cpu_percent": 73.5,
                "timestamp": 1778819389.5182335
            },
            {
                "memory_mb": 230.41015625,
                "cpu_percent": 18.1,
                "timestamp": 1778819390.5706856
            },
            {
                "memory_mb": 230.40625,
                "cpu_percent": 93.5,
                "timestamp": 1778819391.618269
            },
            {
                "memory_mb": 230.40625,
                "cpu_percent": 72.5,
                "timestamp": 1778819392.6662877
            },
            {
                "memory_mb": 230.40234375,
                "cpu_percent": 76.4,
                "timestamp": 1778819393.713221
            },
            {
                "memory_mb": 230.41015625,
                "cpu_percent": 34.2,
                "timestamp": 1778819394.765316
            },
            {
                "memory_mb": 230.40625,
                "cpu_percent": 78.2,
                "timestamp": 1778819395.8135448
            },
            {
                "memory_mb": 230.40625,
                "cpu_percent": 71.6,
                "timestamp": 1778819396.8609815
            },
            {
                "memory_mb": 230.40234375,
                "cpu_percent": 77.3,
                "timestamp": 1778819397.9091377
            },
            {
                "memory_mb": 230.4140625,
                "cpu_percent": 50.4,
                "timestamp": 1778819398.9609928
            },
            {
                "memory_mb": 230.40625,
                "cpu_percent": 62.8,
                "timestamp": 1778819400.0113394
            },
            {
                "memory_mb": 230.4140625,
                "cpu_percent": 76.0,
                "timestamp": 1778819401.063808
            },
            {
                "memory_mb": 230.41015625,
                "cpu_percent": 68.4,
                "timestamp": 1778819402.1157193
            },
            {
                "memory_mb": 230.41796875,
                "cpu_percent": 65.6,
                "timestamp": 1778819403.1668077
            },
            {
                "memory_mb": 230.41015625,
                "cpu_percent": 47.7,
                "timestamp": 1778819404.2152164
            },
            {
                "memory_mb": 230.4140625,
                "cpu_percent": 91.3,
                "timestamp": 1778819405.266855
            },
            {
                "memory_mb": 230.40625,
                "cpu_percent": 67.5,
                "timestamp": 1778819406.318493
            },
            {
                "memory_mb": 230.41796875,
                "cpu_percent": 65.6,
                "timestamp": 1778819407.3707213
            },
            {
                "memory_mb": 230.41015625,
                "cpu_percent": 31.5,
                "timestamp": 1778819408.417574
            },
            {
                "memory_mb": 230.4140625,
                "cpu_percent": 99.3,
                "timestamp": 1778819409.4652457
            },
            {
                "memory_mb": 230.4140625,
                "cpu_percent": 71.6,
                "timestamp": 1778819410.512822
            },
            {
                "memory_mb": 230.41796875,
                "cpu_percent": 73.5,
                "timestamp": 1778819411.5607305
            },
            {
                "memory_mb": 230.4140625,
                "cpu_percent": 13.4,
                "timestamp": 1778819412.6086783
            },
            {
                "memory_mb": 230.41796875,
                "cpu_percent": 99.3,
                "timestamp": 1778819413.6563933
            },
            {
                "memory_mb": 230.41796875,
                "cpu_percent": 71.6,
                "timestamp": 1778819414.703816
            },
            {
                "memory_mb": 230.4140625,
                "cpu_percent": 73.5,
                "timestamp": 1778819415.7511752
            },
            {
                "memory_mb": 230.421875,
                "cpu_percent": 24.7,
                "timestamp": 1778819416.804016
            },
            {
                "memory_mb": 230.41796875,
                "cpu_percent": 87.8,
                "timestamp": 1778819417.8514576
            },
            {
                "memory_mb": 230.41796875,
                "cpu_percent": 72.5,
                "timestamp": 1778819418.8990119
            },
            {
                "memory_mb": 230.4140625,
                "cpu_percent": 76.4,
                "timestamp": 1778819419.946517
            },
            {
                "memory_mb": 230.421875,
                "cpu_percent": 45.7,
                "timestamp": 1778819420.9977853
            },
            {
                "memory_mb": 230.4140625,
                "cpu_percent": 66.8,
                "timestamp": 1778819422.045617
            },
            {
                "memory_mb": 230.41796875,
                "cpu_percent": 72.2,
                "timestamp": 1778819423.0979197
            },
            {
                "memory_mb": 230.4140625,
                "cpu_percent": 72.4,
                "timestamp": 1778819424.1482167
            },
            {
                "memory_mb": 230.421875,
                "cpu_percent": 62.7,
                "timestamp": 1778819425.2006996
            },
            {
                "memory_mb": 230.4140625,
                "cpu_percent": 49.6,
                "timestamp": 1778819426.2481575
            },
            {
                "memory_mb": 230.41796875,
                "cpu_percent": 93.3,
                "timestamp": 1778819427.299094
            },
            {
                "memory_mb": 230.41015625,
                "cpu_percent": 66.5,
                "timestamp": 1778819428.3509343
            },
            {
                "memory_mb": 230.42578125,
                "cpu_percent": 66.5,
                "timestamp": 1778819429.402811
            },
            {
                "memory_mb": 230.41796875,
                "cpu_percent": 29.5,
                "timestamp": 1778819430.4530218
            },
            {
                "memory_mb": 230.421875,
                "cpu_percent": 99.3,
                "timestamp": 1778819431.4999826
            },
            {
                "memory_mb": 230.421875,
                "cpu_percent": 73.5,
                "timestamp": 1778819432.5473726
            },
            {
                "memory_mb": 230.42578125,
                "cpu_percent": 73.5,
                "timestamp": 1778819433.5956826
            },
            {
                "memory_mb": 230.41796875,
                "cpu_percent": 12.4,
                "timestamp": 1778819434.6430314
            },
            {
                "memory_mb": 230.42578125,
                "cpu_percent": 99.3,
                "timestamp": 1778819435.6903205
            },
            {
                "memory_mb": 230.4296875,
                "cpu_percent": 73.5,
                "timestamp": 1778819436.738177
            },
            {
                "memory_mb": 230.42578125,
                "cpu_percent": 75.4,
                "timestamp": 1778819437.7859313
            },
            {
                "memory_mb": 230.43359375,
                "cpu_percent": 20.0,
                "timestamp": 1778819438.8372264
            },
            {
                "memory_mb": 230.4296875,
                "cpu_percent": 92.6,
                "timestamp": 1778819439.88483
            },
            {
                "memory_mb": 230.4296875,
                "cpu_percent": 71.5,
                "timestamp": 1778819440.9333658
            },
            {
                "memory_mb": 230.42578125,
                "cpu_percent": 72.6,
                "timestamp": 1778819441.9805584
            },
            {
                "memory_mb": 230.43359375,
                "cpu_percent": 36.2,
                "timestamp": 1778819443.030399
            },
            {
                "memory_mb": 230.4296875,
                "cpu_percent": 75.4,
                "timestamp": 1778819444.0782835
            },
            {
                "memory_mb": 230.4296875,
                "cpu_percent": 72.5,
                "timestamp": 1778819445.1259673
            },
            {
                "memory_mb": 230.42578125,
                "cpu_percent": 73.5,
                "timestamp": 1778819446.1738968
            },
            {
                "memory_mb": 230.4375,
                "cpu_percent": 55.1,
                "timestamp": 1778819447.2265408
            },
            {
                "memory_mb": 230.4296875,
                "cpu_percent": 58.2,
                "timestamp": 1778819448.2742167
            },
            {
                "memory_mb": 230.43359375,
                "cpu_percent": 81.7,
                "timestamp": 1778819449.326505
            },
            {
                "memory_mb": 230.42578125,
                "cpu_percent": 65.6,
                "timestamp": 1778819450.378307
            },
            {
                "memory_mb": 230.4375,
                "cpu_percent": 66.6,
                "timestamp": 1778819451.4299042
            },
            {
                "memory_mb": 230.4296875,
                "cpu_percent": 41.0,
                "timestamp": 1778819452.477429
            },
            {
                "memory_mb": 230.4375,
                "cpu_percent": 99.3,
                "timestamp": 1778819453.5245314
            },
            {
                "memory_mb": 230.4375,
                "cpu_percent": 100.2,
                "timestamp": 1778819454.5719912
            },
            {
                "memory_mb": 230.43359375,
                "cpu_percent": 36.1,
                "timestamp": 1778819455.6238542
            },
            {
                "memory_mb": 232.47265625,
                "cpu_percent": 71.5,
                "timestamp": 1778819456.6723995
            },
            {
                "memory_mb": 230.4375,
                "cpu_percent": 66.4,
                "timestamp": 1778819457.726804
            },
            {
                "memory_mb": 230.4296875,
                "cpu_percent": 68.5,
                "timestamp": 1778819458.7786334
            },
            {
                "memory_mb": 230.44140625,
                "cpu_percent": 67.5,
                "timestamp": 1778819459.8309755
            },
            {
                "memory_mb": 230.43359375,
                "cpu_percent": 34.4,
                "timestamp": 1778819460.8783963
            },
            {
                "memory_mb": 230.4375,
                "cpu_percent": 100.0,
                "timestamp": 1778819461.9279408
            },
            {
                "memory_mb": 230.4375,
                "cpu_percent": 71.6,
                "timestamp": 1778819462.975468
            },
            {
                "memory_mb": 230.44140625,
                "cpu_percent": 72.5,
                "timestamp": 1778819464.0234282
            },
            {
                "memory_mb": 230.43359375,
                "cpu_percent": 17.2,
                "timestamp": 1778819465.0716014
            },
            {
                "memory_mb": 230.4375,
                "cpu_percent": 99.2,
                "timestamp": 1778819466.1198227
            },
            {
                "memory_mb": 230.4375,
                "cpu_percent": 72.5,
                "timestamp": 1778819467.1676795
            },
            {
                "memory_mb": 230.43359375,
                "cpu_percent": 73.5,
                "timestamp": 1778819468.2153242
            },
            {
                "memory_mb": 230.44140625,
                "cpu_percent": 19.0,
                "timestamp": 1778819469.2670712
            },
            {
                "memory_mb": 230.4375,
                "cpu_percent": 94.4,
                "timestamp": 1778819470.3152995
            },
            {
                "memory_mb": 230.4375,
                "cpu_percent": 71.6,
                "timestamp": 1778819471.3628905
            },
            {
                "memory_mb": 230.43359375,
                "cpu_percent": 74.5,
                "timestamp": 1778819472.4101536
            },
            {
                "memory_mb": 230.44140625,
                "cpu_percent": 36.1,
                "timestamp": 1778819473.4626107
            },
            {
                "memory_mb": 230.44140625,
                "cpu_percent": 76.3,
                "timestamp": 1778819474.5110352
            },
            {
                "memory_mb": 230.44140625,
                "cpu_percent": 73.5,
                "timestamp": 1778819475.5584302
            },
            {
                "memory_mb": 230.4375,
                "cpu_percent": 74.5,
                "timestamp": 1778819476.6059964
            },
            {
                "memory_mb": 230.4453125,
                "cpu_percent": 53.2,
                "timestamp": 1778819477.6589472
            },
            {
                "memory_mb": 230.44140625,
                "cpu_percent": 60.1,
                "timestamp": 1778819478.706672
            },
            {
                "memory_mb": 230.4453125,
                "cpu_percent": 80.8,
                "timestamp": 1778819479.7591949
            },
            {
                "memory_mb": 230.4375,
                "cpu_percent": 68.4,
                "timestamp": 1778819480.8112116
            },
            {
                "memory_mb": 230.44921875,
                "cpu_percent": 66.6,
                "timestamp": 1778819481.862477
            },
            {
                "memory_mb": 230.44140625,
                "cpu_percent": 42.0,
                "timestamp": 1778819482.9108512
            },
            {
                "memory_mb": 230.4453125,
                "cpu_percent": 93.3,
                "timestamp": 1778819483.961785
            },
            {
                "memory_mb": 230.4375,
                "cpu_percent": 69.2,
                "timestamp": 1778819485.0168505
            },
            {
                "memory_mb": 230.44921875,
                "cpu_percent": 65.6,
                "timestamp": 1778819486.0688105
            },
            {
                "memory_mb": 230.44140625,
                "cpu_percent": 29.6,
                "timestamp": 1778819487.1174405
            },
            {
                "memory_mb": 230.4453125,
                "cpu_percent": 99.3,
                "timestamp": 1778819488.1645823
            },
            {
                "memory_mb": 230.4453125,
                "cpu_percent": 72.5,
                "timestamp": 1778819489.2131443
            },
            {
                "memory_mb": 230.44140625,
                "cpu_percent": 73.4,
                "timestamp": 1778819490.2616024
            },
            {
                "memory_mb": 230.4453125,
                "cpu_percent": 12.4,
                "timestamp": 1778819491.3134086
            },
            {
                "memory_mb": 230.44921875,
                "cpu_percent": 100.3,
                "timestamp": 1778819492.3605886
            },
            {
                "memory_mb": 230.44921875,
                "cpu_percent": 71.6,
                "timestamp": 1778819493.408651
            },
            {
                "memory_mb": 230.4453125,
                "cpu_percent": 77.3,
                "timestamp": 1778819494.457094
            },
            {
                "memory_mb": 230.453125,
                "cpu_percent": 28.5,
                "timestamp": 1778819495.5094402
            },
            {
                "memory_mb": 230.44921875,
                "cpu_percent": 85.0,
                "timestamp": 1778819496.5570068
            },
            {
                "memory_mb": 230.44921875,
                "cpu_percent": 71.6,
                "timestamp": 1778819497.6043
            },
            {
                "memory_mb": 230.4453125,
                "cpu_percent": 73.4,
                "timestamp": 1778819498.6536105
            },
            {
                "memory_mb": 230.453125,
                "cpu_percent": 44.7,
                "timestamp": 1778819499.705318
            },
            {
                "memory_mb": 230.4453125,
                "cpu_percent": 68.7,
                "timestamp": 1778819500.752908
            },
            {
                "memory_mb": 230.44921875,
                "cpu_percent": 70.3,
                "timestamp": 1778819501.805884
            },
            {
                "memory_mb": 230.4453125,
                "cpu_percent": 73.3,
                "timestamp": 1778819502.8565316
            },
            {
                "memory_mb": 230.453125,
                "cpu_percent": 62.7,
                "timestamp": 1778819503.909211
            },
            {
                "memory_mb": 230.4453125,
                "cpu_percent": 50.6,
                "timestamp": 1778819504.957254
            },
            {
                "memory_mb": 230.44921875,
                "cpu_percent": 92.1,
                "timestamp": 1778819506.010078
            },
            {
                "memory_mb": 230.44140625,
                "cpu_percent": 68.4,
                "timestamp": 1778819507.0624437
            },
            {
                "memory_mb": 230.453125,
                "cpu_percent": 66.5,
                "timestamp": 1778819508.1145377
            },
            {
                "memory_mb": 230.4453125,
                "cpu_percent": 30.6,
                "timestamp": 1778819509.16186
            },
            {
                "memory_mb": 230.44921875,
                "cpu_percent": 100.1,
                "timestamp": 1778819510.2106571
            },
            {
                "memory_mb": 230.44921875,
                "cpu_percent": 74.4,
                "timestamp": 1778819511.2585762
            },
            {
                "memory_mb": 230.453125,
                "cpu_percent": 72.6,
                "timestamp": 1778819512.3053257
            },
            {
                "memory_mb": 232.51953125,
                "cpu_percent": 12.4,
                "timestamp": 1778819513.3533123
            },
            {
                "memory_mb": 232.5234375,
                "cpu_percent": 100.2,
                "timestamp": 1778819514.4015696
            },
            {
                "memory_mb": 230.52734375,
                "cpu_percent": 74.4,
                "timestamp": 1778819515.4494047
            },
            {
                "memory_mb": 230.5234375,
                "cpu_percent": 74.4,
                "timestamp": 1778819516.4971611
            },
            {
                "memory_mb": 230.53125,
                "cpu_percent": 23.8,
                "timestamp": 1778819517.5491335
            },
            {
                "memory_mb": 232.53125,
                "cpu_percent": 86.8,
                "timestamp": 1778819518.5972345
            },
            {
                "memory_mb": 230.53125,
                "cpu_percent": 74.4,
                "timestamp": 1778819519.6459484
            },
            {
                "memory_mb": 230.52734375,
                "cpu_percent": 73.5,
                "timestamp": 1778819520.693885
            },
            {
                "memory_mb": 230.53515625,
                "cpu_percent": 43.7,
                "timestamp": 1778819521.74636
            },
            {
                "memory_mb": 232.5390625,
                "cpu_percent": 67.7,
                "timestamp": 1778819522.7948365
            },
            {
                "memory_mb": 230.53125,
                "cpu_percent": 71.2,
                "timestamp": 1778819523.847519
            },
            {
                "memory_mb": 230.52734375,
                "cpu_percent": 73.3,
                "timestamp": 1778819524.8976235
            },
            {
                "memory_mb": 230.53515625,
                "cpu_percent": 61.8,
                "timestamp": 1778819525.950226
            },
            {
                "memory_mb": 230.52734375,
                "cpu_percent": 51.5,
                "timestamp": 1778819526.9977536
            },
            {
                "memory_mb": 230.53125,
                "cpu_percent": 86.5,
                "timestamp": 1778819528.050239
            },
            {
                "memory_mb": 230.5234375,
                "cpu_percent": 69.3,
                "timestamp": 1778819529.103064
            },
            {
                "memory_mb": 230.53515625,
                "cpu_percent": 66.7,
                "timestamp": 1778819530.1528115
            },
            {
                "memory_mb": 230.52734375,
                "cpu_percent": 35.3,
                "timestamp": 1778819531.201107
            },
            {
                "memory_mb": 230.53125,
                "cpu_percent": 100.2,
                "timestamp": 1778819532.2492144
            },
            {
                "memory_mb": 230.53125,
                "cpu_percent": 71.6,
                "timestamp": 1778819533.297088
            },
            {
                "memory_mb": 230.53515625,
                "cpu_percent": 68.4,
                "timestamp": 1778819534.349199
            },
            {
                "memory_mb": 230.52734375,
                "cpu_percent": 20.0,
                "timestamp": 1778819535.3974147
            },
            {
                "memory_mb": 230.53125,
                "cpu_percent": 100.2,
                "timestamp": 1778819536.4454057
            },
            {
                "memory_mb": 230.53125,
                "cpu_percent": 72.5,
                "timestamp": 1778819537.4937577
            },
            {
                "memory_mb": 230.52734375,
                "cpu_percent": 72.5,
                "timestamp": 1778819538.5416677
            },
            {
                "memory_mb": 230.53125,
                "cpu_percent": 17.1,
                "timestamp": 1778819539.5931935
            },
            {
                "memory_mb": 230.53125,
                "cpu_percent": 95.4,
                "timestamp": 1778819540.641049
            },
            {
                "memory_mb": 230.53125,
                "cpu_percent": 72.5,
                "timestamp": 1778819541.6898174
            },
            {
                "memory_mb": 230.52734375,
                "cpu_percent": 74.2,
                "timestamp": 1778819542.740756
            },
            {
                "memory_mb": 230.53515625,
                "cpu_percent": 31.4,
                "timestamp": 1778819543.7933722
            },
            {
                "memory_mb": 230.53125,
                "cpu_percent": 80.1,
                "timestamp": 1778819544.841441
            },
            {
                "memory_mb": 230.53125,
                "cpu_percent": 72.5,
                "timestamp": 1778819545.88924
            },
            {
                "memory_mb": 230.52734375,
                "cpu_percent": 73.4,
                "timestamp": 1778819546.938557
            },
            {
                "memory_mb": 230.53515625,
                "cpu_percent": 51.3,
                "timestamp": 1778819547.9919024
            },
            {
                "memory_mb": 230.53125,
                "cpu_percent": 61.0,
                "timestamp": 1778819549.0404422
            },
            {
                "memory_mb": 230.53515625,
                "cpu_percent": 78.0,
                "timestamp": 1778819550.0922635
            },
            {
                "memory_mb": 230.52734375,
                "cpu_percent": 72.2,
                "timestamp": 1778819551.145154
            },
            {
                "memory_mb": 230.5390625,
                "cpu_percent": 69.4,
                "timestamp": 1778819552.1974483
            },
            {
                "memory_mb": 230.53125,
                "cpu_percent": 43.0,
                "timestamp": 1778819553.2442348
            },
            {
                "memory_mb": 230.53515625,
                "cpu_percent": 97.4,
                "timestamp": 1778819554.2919586
            },
            {
                "memory_mb": 230.52734375,
                "cpu_percent": 72.5,
                "timestamp": 1778819555.3395247
            },
            {
                "memory_mb": 230.5390625,
                "cpu_percent": 66.5,
                "timestamp": 1778819556.3923442
            },
            {
                "memory_mb": 230.53125,
                "cpu_percent": 23.9,
                "timestamp": 1778819557.4392917
            },
            {
                "memory_mb": 230.53515625,
                "cpu_percent": 100.2,
                "timestamp": 1778819558.4869149
            },
            {
                "memory_mb": 230.53515625,
                "cpu_percent": 71.5,
                "timestamp": 1778819559.5352113
            },
            {
                "memory_mb": 230.53125,
                "cpu_percent": 76.3,
                "timestamp": 1778819560.583114
            },
            {
                "memory_mb": 230.53515625,
                "cpu_percent": 16.2,
                "timestamp": 1778819561.6356413
            },
            {
                "memory_mb": 230.53515625,
                "cpu_percent": 97.4,
                "timestamp": 1778819562.6831822
            },
            {
                "memory_mb": 230.53515625,
                "cpu_percent": 71.6,
                "timestamp": 1778819563.7300873
            },
            {
                "memory_mb": 230.53125,
                "cpu_percent": 73.5,
                "timestamp": 1778819564.7780979
            },
            {
                "memory_mb": 230.5390625,
                "cpu_percent": 31.3,
                "timestamp": 1778819565.8307874
            },
            {
                "memory_mb": 230.5390625,
                "cpu_percent": 81.1,
                "timestamp": 1778819566.878925
            },
            {
                "memory_mb": 230.54296875,
                "cpu_percent": 100.2,
                "timestamp": 1778819567.9272842
            },
            {
                "memory_mb": 230.54296875,
                "cpu_percent": 89.3,
                "timestamp": 1778819568.979986
            },
            {
                "memory_mb": 232.53515625,
                "cpu_percent": 22.8,
                "timestamp": 1778819570.0303595
            },
            {
                "memory_mb": 232.53515625,
                "cpu_percent": 71.6,
                "timestamp": 1778819571.0782533
            },
            {
                "memory_mb": 230.54296875,
                "cpu_percent": 72.4,
                "timestamp": 1778819572.1278696
            },
            {
                "memory_mb": 230.5390625,
                "cpu_percent": 72.5,
                "timestamp": 1778819573.1757066
            },
            {
                "memory_mb": 230.546875,
                "cpu_percent": 38.0,
                "timestamp": 1778819574.2281516
            },
            {
                "memory_mb": 230.54296875,
                "cpu_percent": 75.4,
                "timestamp": 1778819575.2759585
            },
            {
                "memory_mb": 230.54296875,
                "cpu_percent": 72.5,
                "timestamp": 1778819576.3237627
            },
            {
                "memory_mb": 230.5390625,
                "cpu_percent": 76.3,
                "timestamp": 1778819577.3723145
            },
            {
                "memory_mb": 230.546875,
                "cpu_percent": 55.1,
                "timestamp": 1778819578.4248343
            },
            {
                "memory_mb": 230.5390625,
                "cpu_percent": 57.2,
                "timestamp": 1778819579.4733214
            },
            {
                "memory_mb": 230.54296875,
                "cpu_percent": 82.7,
                "timestamp": 1778819580.5252872
            },
            {
                "memory_mb": 230.53515625,
                "cpu_percent": 71.3,
                "timestamp": 1778819581.5777323
            },
            {
                "memory_mb": 230.546875,
                "cpu_percent": 74.1,
                "timestamp": 1778819582.6302955
            },
            {
                "memory_mb": 230.5390625,
                "cpu_percent": 34.3,
                "timestamp": 1778819583.6786737
            },
            {
                "memory_mb": 230.54296875,
                "cpu_percent": 100.2,
                "timestamp": 1778819584.7263954
            },
            {
                "memory_mb": 230.546875,
                "cpu_percent": 72.5,
                "timestamp": 1778819585.7742803
            },
            {
                "memory_mb": 230.55078125,
                "cpu_percent": 72.5,
                "timestamp": 1778819586.8226006
            },
            {
                "memory_mb": 230.54296875,
                "cpu_percent": 17.2,
                "timestamp": 1778819587.8706446
            },
            {
                "memory_mb": 230.546875,
                "cpu_percent": 99.2,
                "timestamp": 1778819588.9191165
            },
            {
                "memory_mb": 230.546875,
                "cpu_percent": 73.5,
                "timestamp": 1778819589.9671419
            },
            {
                "memory_mb": 230.54296875,
                "cpu_percent": 77.4,
                "timestamp": 1778819591.0142262
            },
            {
                "memory_mb": 230.55078125,
                "cpu_percent": 25.7,
                "timestamp": 1778819592.0665033
            },
            {
                "memory_mb": 230.546875,
                "cpu_percent": 86.8,
                "timestamp": 1778819593.115114
            },
            {
                "memory_mb": 230.546875,
                "cpu_percent": 72.6,
                "timestamp": 1778819594.1623695
            },
            {
                "memory_mb": 230.54296875,
                "cpu_percent": 71.7,
                "timestamp": 1778819595.2087967
            },
            {
                "memory_mb": 230.55078125,
                "cpu_percent": 43.7,
                "timestamp": 1778819596.2605247
            },
            {
                "memory_mb": 230.54296875,
                "cpu_percent": 68.6,
                "timestamp": 1778819597.309959
            },
            {
                "memory_mb": 230.546875,
                "cpu_percent": 72.2,
                "timestamp": 1778819598.3622563
            },
            {
                "memory_mb": 230.54296875,
                "cpu_percent": 76.1,
                "timestamp": 1778819599.4136703
            },
            {
                "memory_mb": 230.55078125,
                "cpu_percent": 63.7,
                "timestamp": 1778819600.4659681
            },
            {
                "memory_mb": 230.54296875,
                "cpu_percent": 49.6,
                "timestamp": 1778819601.514607
            },
            {
                "memory_mb": 230.546875,
                "cpu_percent": 92.2,
                "timestamp": 1778819602.5664363
            },
            {
                "memory_mb": 230.5390625,
                "cpu_percent": 70.3,
                "timestamp": 1778819603.618503
            },
            {
                "memory_mb": 230.55078125,
                "cpu_percent": 67.4,
                "timestamp": 1778819604.6714272
            },
            {
                "memory_mb": 230.54296875,
                "cpu_percent": 30.5,
                "timestamp": 1778819605.7200103
            },
            {
                "memory_mb": 230.546875,
                "cpu_percent": 99.3,
                "timestamp": 1778819606.767856
            },
            {
                "memory_mb": 230.546875,
                "cpu_percent": 72.5,
                "timestamp": 1778819607.8163652
            },
            {
                "memory_mb": 230.54296875,
                "cpu_percent": 71.6,
                "timestamp": 1778819608.8645055
            },
            {
                "memory_mb": 230.54296875,
                "cpu_percent": 12.4,
                "timestamp": 1778819609.9168954
            },
            {
                "memory_mb": 230.546875,
                "cpu_percent": 99.1,
                "timestamp": 1778819610.9665294
            },
            {
                "memory_mb": 230.546875,
                "cpu_percent": 75.4,
                "timestamp": 1778819612.014636
            },
            {
                "memory_mb": 230.54296875,
                "cpu_percent": 74.4,
                "timestamp": 1778819613.0625117
            },
            {
                "memory_mb": 230.5546875,
                "cpu_percent": 27.6,
                "timestamp": 1778819614.1147292
            },
            {
                "memory_mb": 232.546875,
                "cpu_percent": 79.9,
                "timestamp": 1778819614.9530823
            }
        ]
    }
}
