{
    "active_periods": [
        {
            "start": 1778769967.227661,
            "end": 1778770271.294473,
            "duration_sec": 304.06681203842163,
            "tasks_completed": 404,
            "throughput_tps": 1.3286553612728735
        }
    ],
    "history": [
        {
            "timestamp": 1778769967.227661,
            "messages": 0,
            "ack": 4219
        },
        {
            "timestamp": 1778769972.23412,
            "messages": 0,
            "ack": 4219
        },
        {
            "timestamp": 1778769977.239658,
            "messages": 8,
            "ack": 4222
        },
        {
            "timestamp": 1778769982.244636,
            "messages": 16,
            "ack": 4230
        },
        {
            "timestamp": 1778769987.24935,
            "messages": 22,
            "ack": 4236
        },
        {
            "timestamp": 1778769992.255038,
            "messages": 25,
            "ack": 4242
        },
        {
            "timestamp": 1778769997.260164,
            "messages": 35,
            "ack": 4248
        },
        {
            "timestamp": 1778770002.265755,
            "messages": 41,
            "ack": 4257
        },
        {
            "timestamp": 1778770007.271235,
            "messages": 44,
            "ack": 4263
        },
        {
            "timestamp": 1778770012.276632,
            "messages": 44,
            "ack": 4269
        },
        {
            "timestamp": 1778770017.283034,
            "messages": 54,
            "ack": 4275
        },
        {
            "timestamp": 1778770022.287938,
            "messages": 57,
            "ack": 4284
        },
        {
            "timestamp": 1778770027.291265,
            "messages": 63,
            "ack": 4290
        },
        {
            "timestamp": 1778770032.298641,
            "messages": 73,
            "ack": 4296
        },
        {
            "timestamp": 1778770037.30262,
            "messages": 76,
            "ack": 4302
        },
        {
            "timestamp": 1778770042.308379,
            "messages": 86,
            "ack": 4308
        },
        {
            "timestamp": 1778770047.312708,
            "messages": 89,
            "ack": 4323
        },
        {
            "timestamp": 1778770052.316767,
            "messages": 99,
            "ack": 4329
        },
        {
            "timestamp": 1778770057.321586,
            "messages": 102,
            "ack": 4335
        },
        {
            "timestamp": 1778770062.325708,
            "messages": 102,
            "ack": 4344
        },
        {
            "timestamp": 1778770067.330366,
            "messages": 115,
            "ack": 4350
        },
        {
            "timestamp": 1778770072.334421,
            "messages": 125,
            "ack": 4356
        },
        {
            "timestamp": 1778770077.337709,
            "messages": 128,
            "ack": 4362
        },
        {
            "timestamp": 1778770082.34212,
            "messages": 135,
            "ack": 4368
        },
        {
            "timestamp": 1778770087.347154,
            "messages": 141,
            "ack": 4374
        },
        {
            "timestamp": 1778770092.352238,
            "messages": 151,
            "ack": 4383
        },
        {
            "timestamp": 1778770097.357512,
            "messages": 154,
            "ack": 4389
        },
        {
            "timestamp": 1778770102.361973,
            "messages": 154,
            "ack": 4395
        },
        {
            "timestamp": 1778770107.367367,
            "messages": 161,
            "ack": 4404
        },
        {
            "timestamp": 1778770112.37199,
            "messages": 167,
            "ack": 4410
        },
        {
            "timestamp": 1778770117.377177,
            "messages": 174,
            "ack": 4416
        },
        {
            "timestamp": 1778770122.381425,
            "messages": 180,
            "ack": 4422
        },
        {
            "timestamp": 1778770127.38579,
            "messages": 187,
            "ack": 4428
        },
        {
            "timestamp": 1778770132.39173,
            "messages": 193,
            "ack": 4437
        },
        {
            "timestamp": 1778770137.397186,
            "messages": 200,
            "ack": 4443
        },
        {
            "timestamp": 1778770142.401834,
            "messages": 206,
            "ack": 4449
        },
        {
            "timestamp": 1778770147.406565,
            "messages": 206,
            "ack": 4455
        },
        {
            "timestamp": 1778770152.411159,
            "messages": 209,
            "ack": 4461
        },
        {
            "timestamp": 1778770157.416113,
            "messages": 219,
            "ack": 4470
        },
        {
            "timestamp": 1778770162.41994,
            "messages": 225,
            "ack": 4476
        },
        {
            "timestamp": 1778770167.425658,
            "messages": 228,
            "ack": 4482
        },
        {
            "timestamp": 1778770172.429894,
            "messages": 238,
            "ack": 4488
        },
        {
            "timestamp": 1778770177.435652,
            "messages": 244,
            "ack": 4494
        },
        {
            "timestamp": 1778770182.440471,
            "messages": 247,
            "ack": 4503
        },
        {
            "timestamp": 1778770187.445235,
            "messages": 257,
            "ack": 4509
        },
        {
            "timestamp": 1778770192.45026,
            "messages": 260,
            "ack": 4515
        },
        {
            "timestamp": 1778770197.456409,
            "messages": 266,
            "ack": 4524
        },
        {
            "timestamp": 1778770202.461339,
            "messages": 273,
            "ack": 4530
        },
        {
            "timestamp": 1778770207.46694,
            "messages": 279,
            "ack": 4536
        },
        {
            "timestamp": 1778770212.472746,
            "messages": 279,
            "ack": 4542
        },
        {
            "timestamp": 1778770217.47905,
            "messages": 289,
            "ack": 4548
        },
        {
            "timestamp": 1778770222.484356,
            "messages": 292,
            "ack": 4557
        },
        {
            "timestamp": 1778770227.490222,
            "messages": 299,
            "ack": 4563
        },
        {
            "timestamp": 1778770232.494965,
            "messages": 305,
            "ack": 4569
        },
        {
            "timestamp": 1778770237.500741,
            "messages": 312,
            "ack": 4575
        },
        {
            "timestamp": 1778770242.505475,
            "messages": 318,
            "ack": 4584
        },
        {
            "timestamp": 1778770247.510856,
            "messages": 321,
            "ack": 4590
        },
        {
            "timestamp": 1778770252.516122,
            "messages": 331,
            "ack": 4596
        },
        {
            "timestamp": 1778770257.521308,
            "messages": 337,
            "ack": 4602
        },
        {
            "timestamp": 1778770262.526367,
            "messages": 337,
            "ack": 4608
        },
        {
            "timestamp": 1778770267.531,
            "messages": 340,
            "ack": 4617
        },
        {
            "timestamp": 1778770271.287268,
            "messages": 350,
            "ack": 4623
        }
    ]
}