Процесс: 33170
УПРАВЛЯЮЩИЙ ПРОЦЕСС
Родитель: 13546
Создан: 2026-04-26T05:08:30.170000
Последний замер: 2026-04-26T05:13:34.048759
Время жизни: 303.878759 сек
voluntary_ctxt_switches: 3498
nonvoluntary_ctxt_switches: 38
jiffies: 125.0
avg_cpu_load: 0.3 %
avg_memory_mb: 42.7 MB


Процесс: 33177
Родитель: 33170
Создан: 2026-04-26T05:08:30.570000
Последний замер: 2026-04-26T05:13:34.048977
Время жизни: 303.478977 сек
voluntary_ctxt_switches: 1001
nonvoluntary_ctxt_switches: 1610
jiffies: 7978.0
avg_cpu_load: 26.2 %
avg_memory_mb: 111.1 MB

Среднее latency: 6.58
Средний runtime: 1.65
Всего задач: 183
Задач по типам: memory_intensive - 62; cpu_intensive - 121

Процесс: 33178
Родитель: 33170
Создан: 2026-04-26T05:08:30.600000
Последний замер: 2026-04-26T05:13:34.049177
Время жизни: 303.449177 сек
voluntary_ctxt_switches: 987
nonvoluntary_ctxt_switches: 1489
jiffies: 7992.0
avg_cpu_load: 26.3 %
avg_memory_mb: 118.7 MB

Среднее latency: 5.99
Средний runtime: 1.64
Всего задач: 183
Задач по типам: cpu_intensive - 122; memory_intensive - 61

Процесс: 33179
Родитель: 33170
Создан: 2026-04-26T05:08:30.620000
Последний замер: 2026-04-26T05:13:34.049375
Время жизни: 303.429375 сек
voluntary_ctxt_switches: 972
nonvoluntary_ctxt_switches: 1806
jiffies: 8103.0
avg_cpu_load: 26.6 %
avg_memory_mb: 117.6 MB

Среднее latency: 6.58
Средний runtime: 1.65
Всего задач: 183
Задач по типам: cpu_intensive - 123; memory_intensive - 60

Процесс: 33180
Родитель: 33170
Создан: 2026-04-26T05:08:30.640000
Последний замер: 2026-04-26T05:13:34.049573
Время жизни: 303.409573 сек
voluntary_ctxt_switches: 983
nonvoluntary_ctxt_switches: 1365
jiffies: 8027.0
avg_cpu_load: 26.4 %
avg_memory_mb: 115.5 MB

Среднее latency: 6.0
Средний runtime: 1.64
Всего задач: 183
Задач по типам: cpu_intensive - 122; memory_intensive - 61

