{
    "active_periods": [
        {
            "start": 1777157183.895225,
            "end": 1777157486.546005,
            "duration_sec": 302.6507799625397,
            "tasks_completed": 60,
            "throughput_tps": 0.19824829133903585
        }
    ],
    "history": [
        {
            "timestamp": 1777157183.895225,
            "messages": 0,
            "ack": 8690
        },
        {
            "timestamp": 1777157188.903681,
            "messages": 2,
            "ack": 8692
        },
        {
            "timestamp": 1777157193.910019,
            "messages": 0,
            "ack": 8692
        },
        {
            "timestamp": 1777157198.91677,
            "messages": 0,
            "ack": 8694
        },
        {
            "timestamp": 1777157203.922368,
            "messages": 0,
            "ack": 8694
        },
        {
            "timestamp": 1777157208.928248,
            "messages": 0,
            "ack": 8696
        },
        {
            "timestamp": 1777157213.933683,
            "messages": 0,
            "ack": 8696
        },
        {
            "timestamp": 1777157218.94011,
            "messages": 0,
            "ack": 8698
        },
        {
            "timestamp": 1777157223.945861,
            "messages": 0,
            "ack": 8698
        },
        {
            "timestamp": 1777157228.952449,
            "messages": 0,
            "ack": 8700
        },
        {
            "timestamp": 1777157233.958334,
            "messages": 0,
            "ack": 8700
        },
        {
            "timestamp": 1777157238.96442,
            "messages": 2,
            "ack": 8702
        },
        {
            "timestamp": 1777157243.970875,
            "messages": 0,
            "ack": 8702
        },
        {
            "timestamp": 1777157248.975207,
            "messages": 0,
            "ack": 8704
        },
        {
            "timestamp": 1777157253.981809,
            "messages": 0,
            "ack": 8704
        },
        {
            "timestamp": 1777157258.988103,
            "messages": 0,
            "ack": 8706
        },
        {
            "timestamp": 1777157263.99542,
            "messages": 0,
            "ack": 8706
        },
        {
            "timestamp": 1777157269.00074,
            "messages": 0,
            "ack": 8708
        },
        {
            "timestamp": 1777157274.007295,
            "messages": 0,
            "ack": 8708
        },
        {
            "timestamp": 1777157279.012585,
            "messages": 0,
            "ack": 8710
        },
        {
            "timestamp": 1777157284.01788,
            "messages": 0,
            "ack": 8710
        },
        {
            "timestamp": 1777157289.022781,
            "messages": 0,
            "ack": 8712
        },
        {
            "timestamp": 1777157294.028177,
            "messages": 0,
            "ack": 8712
        },
        {
            "timestamp": 1777157299.033989,
            "messages": 0,
            "ack": 8714
        },
        {
            "timestamp": 1777157304.040804,
            "messages": 0,
            "ack": 8714
        },
        {
            "timestamp": 1777157309.046955,
            "messages": 0,
            "ack": 8716
        },
        {
            "timestamp": 1777157314.053688,
            "messages": 0,
            "ack": 8716
        },
        {
            "timestamp": 1777157319.059364,
            "messages": 0,
            "ack": 8718
        },
        {
            "timestamp": 1777157324.064694,
            "messages": 0,
            "ack": 8718
        },
        {
            "timestamp": 1777157329.071142,
            "messages": 0,
            "ack": 8720
        },
        {
            "timestamp": 1777157334.07698,
            "messages": 0,
            "ack": 8720
        },
        {
            "timestamp": 1777157339.082641,
            "messages": 0,
            "ack": 8722
        },
        {
            "timestamp": 1777157344.088126,
            "messages": 0,
            "ack": 8722
        },
        {
            "timestamp": 1777157349.093615,
            "messages": 0,
            "ack": 8724
        },
        {
            "timestamp": 1777157354.098675,
            "messages": 0,
            "ack": 8724
        },
        {
            "timestamp": 1777157359.103572,
            "messages": 2,
            "ack": 8726
        },
        {
            "timestamp": 1777157364.108725,
            "messages": 0,
            "ack": 8726
        },
        {
            "timestamp": 1777157369.114436,
            "messages": 0,
            "ack": 8728
        },
        {
            "timestamp": 1777157374.121168,
            "messages": 0,
            "ack": 8728
        },
        {
            "timestamp": 1777157379.126569,
            "messages": 0,
            "ack": 8730
        },
        {
            "timestamp": 1777157384.132273,
            "messages": 0,
            "ack": 8730
        },
        {
            "timestamp": 1777157389.138897,
            "messages": 0,
            "ack": 8732
        },
        {
            "timestamp": 1777157394.144964,
            "messages": 0,
            "ack": 8732
        },
        {
            "timestamp": 1777157399.152092,
            "messages": 0,
            "ack": 8734
        },
        {
            "timestamp": 1777157404.157743,
            "messages": 0,
            "ack": 8734
        },
        {
            "timestamp": 1777157409.163378,
            "messages": 0,
            "ack": 8736
        },
        {
            "timestamp": 1777157414.170161,
            "messages": 0,
            "ack": 8736
        },
        {
            "timestamp": 1777157419.175887,
            "messages": 0,
            "ack": 8738
        },
        {
            "timestamp": 1777157424.181445,
            "messages": 0,
            "ack": 8738
        },
        {
            "timestamp": 1777157429.187079,
            "messages": 0,
            "ack": 8740
        },
        {
            "timestamp": 1777157434.193791,
            "messages": 0,
            "ack": 8740
        },
        {
            "timestamp": 1777157439.199445,
            "messages": 0,
            "ack": 8742
        },
        {
            "timestamp": 1777157444.205276,
            "messages": 0,
            "ack": 8742
        },
        {
            "timestamp": 1777157449.211418,
            "messages": 0,
            "ack": 8744
        },
        {
            "timestamp": 1777157454.216895,
            "messages": 0,
            "ack": 8744
        },
        {
            "timestamp": 1777157459.222923,
            "messages": 0,
            "ack": 8746
        },
        {
            "timestamp": 1777157464.229645,
            "messages": 0,
            "ack": 8746
        },
        {
            "timestamp": 1777157469.234956,
            "messages": 0,
            "ack": 8748
        },
        {
            "timestamp": 1777157474.239764,
            "messages": 0,
            "ack": 8748
        },
        {
            "timestamp": 1777157479.246055,
            "messages": 2,
            "ack": 8750
        },
        {
            "timestamp": 1777157484.251704,
            "messages": 0,
            "ack": 8750
        },
        {
            "timestamp": 1777157486.533778,
            "messages": 0,
            "ack": 8750
        }
    ]
}