Процесс: 106864
УПРАВЛЯЮЩИЙ ПРОЦЕСС
Родитель: 13546
Создан: 2026-04-26T19:58:28.750000
Последний замер: 2026-04-26T20:03:31.227908
Время жизни: 302.477908 сек
voluntary_ctxt_switches: 1449
nonvoluntary_ctxt_switches: 2
jiffies: 59.0
avg_cpu_load: 0.1 %
avg_memory_mb: 42.8 MB


Процесс: 106871
Родитель: 106864
Создан: 2026-04-26T19:58:29.150000
Последний замер: 2026-04-26T20:03:31.228127
Время жизни: 302.078127 сек
voluntary_ctxt_switches: 161
nonvoluntary_ctxt_switches: 203
jiffies: 1291.0
avg_cpu_load: 4.3 %
avg_memory_mb: 112.8 MB

Среднее latency: 1.64
Средний runtime: 1.63
Всего задач: 30
Задач по типам: cpu_intensive - 20; memory_intensive - 10

Процесс: 106872
Родитель: 106864
Создан: 2026-04-26T19:58:29.170000
Последний замер: 2026-04-26T20:03:31.228331
Время жизни: 302.058331 сек
voluntary_ctxt_switches: 161
nonvoluntary_ctxt_switches: 49
jiffies: 1341.0
avg_cpu_load: 4.5 %
avg_memory_mb: 112.9 MB

Среднее latency: 1.66
Средний runtime: 1.65
Всего задач: 30
Задач по типам: cpu_intensive - 20; memory_intensive - 10

