{
    "368362": {
        "ppid": "254983",
        "name": "celery",
        "cmdline": "/home/experimenter/projects/celery-autoscale/.venv/bin/python3 /home/experimenter/projects/celery-autoscale/.venv/bin/celery -A celery_app worker --loglevel=INFO --concurrency=4 --pool=gevent",
        "create_time": "2026-05-15T12:00:41.620000",
        "last_update": "2026-05-15T12:05:43.395558",
        "voluntary_ctxt_switches": 2164,
        "nonvoluntary_ctxt_switches": 2209,
        "jiffies": 11922,
        "stats": [
            {
                "memory_mb": 48.21875,
                "cpu_percent": 0.0,
                "timestamp": 1778835642.6926553
            },
            {
                "memory_mb": 48.67578125,
                "cpu_percent": 37.1,
                "timestamp": 1778835643.7434056
            },
            {
                "memory_mb": 112.73828125,
                "cpu_percent": 38.0,
                "timestamp": 1778835644.7955036
            },
            {
                "memory_mb": 140.15234375,
                "cpu_percent": 77.0,
                "timestamp": 1778835645.846809
            },
            {
                "memory_mb": 140.15234375,
                "cpu_percent": 60.7,
                "timestamp": 1778835646.9015143
            },
            {
                "memory_mb": 139.3828125,
                "cpu_percent": 1.9,
                "timestamp": 1778835647.9564965
            },
            {
                "memory_mb": 139.38671875,
                "cpu_percent": 84.7,
                "timestamp": 1778835649.007192
            },
            {
                "memory_mb": 139.38671875,
                "cpu_percent": 53.1,
                "timestamp": 1778835650.0608728
            },
            {
                "memory_mb": 140.7890625,
                "cpu_percent": 56.2,
                "timestamp": 1778835651.111242
            },
            {
                "memory_mb": 112.5234375,
                "cpu_percent": 19.0,
                "timestamp": 1778835652.1647701
            },
            {
                "memory_mb": 112.53515625,
                "cpu_percent": 9.5,
                "timestamp": 1778835653.213518
            },
            {
                "memory_mb": 113.015625,
                "cpu_percent": 74.2,
                "timestamp": 1778835654.264787
            },
            {
                "memory_mb": 204.125,
                "cpu_percent": 60.9,
                "timestamp": 1778835655.3152435
            },
            {
                "memory_mb": 230.16796875,
                "cpu_percent": 7.6,
                "timestamp": 1778835656.3664155
            },
            {
                "memory_mb": 230.16796875,
                "cpu_percent": 0.0,
                "timestamp": 1778835657.4169533
            },
            {
                "memory_mb": 230.171875,
                "cpu_percent": 33.3,
                "timestamp": 1778835658.4673128
            },
            {
                "memory_mb": 230.18359375,
                "cpu_percent": 34.1,
                "timestamp": 1778835659.5228136
            },
            {
                "memory_mb": 230.26953125,
                "cpu_percent": 75.2,
                "timestamp": 1778835660.5734818
            },
            {
                "memory_mb": 230.265625,
                "cpu_percent": 70.1,
                "timestamp": 1778835661.6289327
            },
            {
                "memory_mb": 227.07421875,
                "cpu_percent": 2.8,
                "timestamp": 1778835662.683281
            },
            {
                "memory_mb": 227.078125,
                "cpu_percent": 58.1,
                "timestamp": 1778835663.7332506
            },
            {
                "memory_mb": 227.08984375,
                "cpu_percent": 75.9,
                "timestamp": 1778835664.7867773
            },
            {
                "memory_mb": 227.08203125,
                "cpu_percent": 33.3,
                "timestamp": 1778835665.837981
            },
            {
                "memory_mb": 209.9140625,
                "cpu_percent": 38.9,
                "timestamp": 1778835666.8910444
            },
            {
                "memory_mb": 209.9140625,
                "cpu_percent": 0.0,
                "timestamp": 1778835667.9447598
            },
            {
                "memory_mb": 209.9296875,
                "cpu_percent": 67.4,
                "timestamp": 1778835668.9976962
            },
            {
                "memory_mb": 209.921875,
                "cpu_percent": 68.1,
                "timestamp": 1778835670.0543315
            },
            {
                "memory_mb": 232.234375,
                "cpu_percent": 7.6,
                "timestamp": 1778835671.1079395
            },
            {
                "memory_mb": 230.171875,
                "cpu_percent": 0.9,
                "timestamp": 1778835672.1610434
            },
            {
                "memory_mb": 230.17578125,
                "cpu_percent": 8.5,
                "timestamp": 1778835673.216538
            },
            {
                "memory_mb": 230.1875,
                "cpu_percent": 60.7,
                "timestamp": 1778835674.2716424
            },
            {
                "memory_mb": 230.18359375,
                "cpu_percent": 47.6,
                "timestamp": 1778835675.3214662
            },
            {
                "memory_mb": 230.17578125,
                "cpu_percent": 89.2,
                "timestamp": 1778835676.3752618
            },
            {
                "memory_mb": 215.51953125,
                "cpu_percent": 2.8,
                "timestamp": 1778835677.429475
            },
            {
                "memory_mb": 215.5234375,
                "cpu_percent": 32.3,
                "timestamp": 1778835678.4812653
            },
            {
                "memory_mb": 215.53125,
                "cpu_percent": 99.8,
                "timestamp": 1778835679.5329578
            },
            {
                "memory_mb": 215.53125,
                "cpu_percent": 10.5,
                "timestamp": 1778835680.5841038
            },
            {
                "memory_mb": 209.9140625,
                "cpu_percent": 71.2,
                "timestamp": 1778835681.6382012
            },
            {
                "memory_mb": 209.9140625,
                "cpu_percent": 0.0,
                "timestamp": 1778835682.6921673
            },
            {
                "memory_mb": 209.92578125,
                "cpu_percent": 56.1,
                "timestamp": 1778835683.7431908
            },
            {
                "memory_mb": 209.9296875,
                "cpu_percent": 74.3,
                "timestamp": 1778835684.7931805
            },
            {
                "memory_mb": 232.2421875,
                "cpu_percent": 12.3,
                "timestamp": 1778835685.8500154
            },
            {
                "memory_mb": 230.17578125,
                "cpu_percent": 4.7,
                "timestamp": 1778835686.9072924
            },
            {
                "memory_mb": 230.17578125,
                "cpu_percent": 0.0,
                "timestamp": 1778835687.9626377
            },
            {
                "memory_mb": 230.19140625,
                "cpu_percent": 66.3,
                "timestamp": 1778835689.0183687
            },
            {
                "memory_mb": 230.1875,
                "cpu_percent": 24.8,
                "timestamp": 1778835690.067613
            },
            {
                "memory_mb": 230.18359375,
                "cpu_percent": 100.0,
                "timestamp": 1778835691.117885
            },
            {
                "memory_mb": 209.9140625,
                "cpu_percent": 16.1,
                "timestamp": 1778835692.1722624
            },
            {
                "memory_mb": 209.91796875,
                "cpu_percent": 5.7,
                "timestamp": 1778835693.2224743
            },
            {
                "memory_mb": 209.92578125,
                "cpu_percent": 99.9,
                "timestamp": 1778835694.2734933
            },
            {
                "memory_mb": 209.92578125,
                "cpu_percent": 32.2,
                "timestamp": 1778835695.3283367
            },
            {
                "memory_mb": 209.9140625,
                "cpu_percent": 68.3,
                "timestamp": 1778835696.3830056
            },
            {
                "memory_mb": 209.9140625,
                "cpu_percent": 0.0,
                "timestamp": 1778835697.438171
            },
            {
                "memory_mb": 209.92578125,
                "cpu_percent": 31.4,
                "timestamp": 1778835698.4886906
            },
            {
                "memory_mb": 209.9296875,
                "cpu_percent": 73.4,
                "timestamp": 1778835699.5379562
            },
            {
                "memory_mb": 232.2421875,
                "cpu_percent": 38.0,
                "timestamp": 1778835700.5909514
            },
            {
                "memory_mb": 230.1796875,
                "cpu_percent": 4.7,
                "timestamp": 1778835701.6445496
            },
            {
                "memory_mb": 230.1796875,
                "cpu_percent": 0.0,
                "timestamp": 1778835702.7007518
            },
            {
                "memory_mb": 230.18359375,
                "cpu_percent": 56.2,
                "timestamp": 1778835703.7513645
            },
            {
                "memory_mb": 230.1953125,
                "cpu_percent": 14.2,
                "timestamp": 1778835704.8052719
            },
            {
                "memory_mb": 230.1875,
                "cpu_percent": 95.2,
                "timestamp": 1778835705.8561957
            },
            {
                "memory_mb": 214.2421875,
                "cpu_percent": 42.7,
                "timestamp": 1778835706.9103835
            },
            {
                "memory_mb": 211.96484375,
                "cpu_percent": 2.8,
                "timestamp": 1778835707.9647982
            },
            {
                "memory_mb": 211.9765625,
                "cpu_percent": 80.9,
                "timestamp": 1778835709.0154774
            },
            {
                "memory_mb": 211.9765625,
                "cpu_percent": 55.9,
                "timestamp": 1778835710.07008
            },
            {
                "memory_mb": 211.97265625,
                "cpu_percent": 53.3,
                "timestamp": 1778835711.1206083
            },
            {
                "memory_mb": 209.9140625,
                "cpu_percent": 16.1,
                "timestamp": 1778835712.174378
            },
            {
                "memory_mb": 209.92578125,
                "cpu_percent": 5.7,
                "timestamp": 1778835713.2256281
            },
            {
                "memory_mb": 209.9296875,
                "cpu_percent": 77.0,
                "timestamp": 1778835714.2778053
            },
            {
                "memory_mb": 209.921875,
                "cpu_percent": 57.7,
                "timestamp": 1778835715.3347843
            },
            {
                "memory_mb": 230.1796875,
                "cpu_percent": 7.6,
                "timestamp": 1778835716.384955
            },
            {
                "memory_mb": 230.1796875,
                "cpu_percent": 0.0,
                "timestamp": 1778835717.434906
            },
            {
                "memory_mb": 230.18359375,
                "cpu_percent": 30.5,
                "timestamp": 1778835718.4853745
            },
            {
                "memory_mb": 230.1953125,
                "cpu_percent": 42.8,
                "timestamp": 1778835719.5359867
            },
            {
                "memory_mb": 230.19140625,
                "cpu_percent": 66.7,
                "timestamp": 1778835720.5853803
            },
            {
                "memory_mb": 230.18359375,
                "cpu_percent": 76.8,
                "timestamp": 1778835721.6403863
            },
            {
                "memory_mb": 209.9140625,
                "cpu_percent": 1.9,
                "timestamp": 1778835722.6949503
            },
            {
                "memory_mb": 209.91796875,
                "cpu_percent": 54.2,
                "timestamp": 1778835723.7472155
            },
            {
                "memory_mb": 209.9296875,
                "cpu_percent": 77.7,
                "timestamp": 1778835724.8027606
            },
            {
                "memory_mb": 209.921875,
                "cpu_percent": 31.4,
                "timestamp": 1778835725.852433
            },
            {
                "memory_mb": 209.91796875,
                "cpu_percent": 44.6,
                "timestamp": 1778835726.9059289
            },
            {
                "memory_mb": 209.91796875,
                "cpu_percent": 0.0,
                "timestamp": 1778835727.9605227
            },
            {
                "memory_mb": 209.93359375,
                "cpu_percent": 66.4,
                "timestamp": 1778835729.0153584
            },
            {
                "memory_mb": 209.92578125,
                "cpu_percent": 66.5,
                "timestamp": 1778835730.0677395
            },
            {
                "memory_mb": 232.2421875,
                "cpu_percent": 9.5,
                "timestamp": 1778835731.1236813
            },
            {
                "memory_mb": 230.1796875,
                "cpu_percent": 0.0,
                "timestamp": 1778835732.180059
            },
            {
                "memory_mb": 230.18359375,
                "cpu_percent": 4.7,
                "timestamp": 1778835733.2351167
            },
            {
                "memory_mb": 230.1953125,
                "cpu_percent": 62.6,
                "timestamp": 1778835734.2888148
            },
            {
                "memory_mb": 230.19140625,
                "cpu_percent": 46.6,
                "timestamp": 1778835735.3400922
            },
            {
                "memory_mb": 230.18359375,
                "cpu_percent": 94.3,
                "timestamp": 1778835736.390286
            },
            {
                "memory_mb": 209.9921875,
                "cpu_percent": 1.9,
                "timestamp": 1778835737.445454
            },
            {
                "memory_mb": 209.99609375,
                "cpu_percent": 29.5,
                "timestamp": 1778835738.4959488
            },
            {
                "memory_mb": 210.0078125,
                "cpu_percent": 99.0,
                "timestamp": 1778835739.5469358
            },
            {
                "memory_mb": 210.0,
                "cpu_percent": 10.5,
                "timestamp": 1778835740.5976865
            },
            {
                "memory_mb": 209.9921875,
                "cpu_percent": 63.5,
                "timestamp": 1778835741.65332
            },
            {
                "memory_mb": 209.9921875,
                "cpu_percent": 0.0,
                "timestamp": 1778835742.7103662
            },
            {
                "memory_mb": 210.00390625,
                "cpu_percent": 54.2,
                "timestamp": 1778835743.762282
            },
            {
                "memory_mb": 210.0078125,
                "cpu_percent": 72.1,
                "timestamp": 1778835744.8164423
            },
            {
                "memory_mb": 232.2578125,
                "cpu_percent": 12.3,
                "timestamp": 1778835745.869249
            },
            {
                "memory_mb": 230.19921875,
                "cpu_percent": 4.7,
                "timestamp": 1778835746.92412
            },
            {
                "memory_mb": 230.19921875,
                "cpu_percent": 0.0,
                "timestamp": 1778835747.9751403
            },
            {
                "memory_mb": 230.21875,
                "cpu_percent": 68.3,
                "timestamp": 1778835749.0290325
            },
            {
                "memory_mb": 230.21484375,
                "cpu_percent": 20.0,
                "timestamp": 1778835750.0808327
            },
            {
                "memory_mb": 230.2109375,
                "cpu_percent": 100.1,
                "timestamp": 1778835751.1302626
            },
            {
                "memory_mb": 209.92578125,
                "cpu_percent": 22.8,
                "timestamp": 1778835752.1838334
            },
            {
                "memory_mb": 209.9296875,
                "cpu_percent": 3.8,
                "timestamp": 1778835753.2469997
            },
            {
                "memory_mb": 209.9375,
                "cpu_percent": 100.0,
                "timestamp": 1778835754.2975268
            },
            {
                "memory_mb": 209.9375,
                "cpu_percent": 34.0,
                "timestamp": 1778835755.3557465
            },
            {
                "memory_mb": 209.92578125,
                "cpu_percent": 74.3,
                "timestamp": 1778835756.4058232
            },
            {
                "memory_mb": 209.92578125,
                "cpu_percent": 0.0,
                "timestamp": 1778835757.4592755
            },
            {
                "memory_mb": 209.9375,
                "cpu_percent": 29.5,
                "timestamp": 1778835758.5093963
            },
            {
                "memory_mb": 209.9453125,
                "cpu_percent": 72.3,
                "timestamp": 1778835759.5601127
            },
            {
                "memory_mb": 232.2734375,
                "cpu_percent": 40.8,
                "timestamp": 1778835760.614453
            },
            {
                "memory_mb": 230.2109375,
                "cpu_percent": 5.7,
                "timestamp": 1778835761.6659763
            },
            {
                "memory_mb": 230.2109375,
                "cpu_percent": 0.0,
                "timestamp": 1778835762.7225256
            },
            {
                "memory_mb": 230.21484375,
                "cpu_percent": 55.2,
                "timestamp": 1778835763.7725387
            },
            {
                "memory_mb": 230.2265625,
                "cpu_percent": 13.3,
                "timestamp": 1778835764.8233945
            },
            {
                "memory_mb": 230.21875,
                "cpu_percent": 95.1,
                "timestamp": 1778835765.8746343
            },
            {
                "memory_mb": 209.93359375,
                "cpu_percent": 42.7,
                "timestamp": 1778835766.9279819
            },
            {
                "memory_mb": 209.9296875,
                "cpu_percent": 0.9,
                "timestamp": 1778835767.9807177
            },
            {
                "memory_mb": 209.94140625,
                "cpu_percent": 77.7,
                "timestamp": 1778835769.035907
            },
            {
                "memory_mb": 209.94140625,
                "cpu_percent": 54.0,
                "timestamp": 1778835770.0905826
            },
            {
                "memory_mb": 209.9375,
                "cpu_percent": 55.0,
                "timestamp": 1778835771.145628
            },
            {
                "memory_mb": 209.93359375,
                "cpu_percent": 16.2,
                "timestamp": 1778835772.1962295
            },
            {
                "memory_mb": 209.9453125,
                "cpu_percent": 4.7,
                "timestamp": 1778835773.253314
            },
            {
                "memory_mb": 209.94921875,
                "cpu_percent": 72.2,
                "timestamp": 1778835774.3060167
            },
            {
                "memory_mb": 209.94140625,
                "cpu_percent": 64.5,
                "timestamp": 1778835775.36061
            },
            {
                "memory_mb": 230.2109375,
                "cpu_percent": 7.6,
                "timestamp": 1778835776.4129047
            },
            {
                "memory_mb": 230.2109375,
                "cpu_percent": 0.0,
                "timestamp": 1778835777.4638362
            },
            {
                "memory_mb": 230.21484375,
                "cpu_percent": 27.6,
                "timestamp": 1778835778.5154166
            },
            {
                "memory_mb": 230.2265625,
                "cpu_percent": 38.5,
                "timestamp": 1778835779.5795622
            },
            {
                "memory_mb": 230.22265625,
                "cpu_percent": 71.3,
                "timestamp": 1778835780.631606
            },
            {
                "memory_mb": 230.21875,
                "cpu_percent": 68.2,
                "timestamp": 1778835781.6869984
            },
            {
                "memory_mb": 209.9375,
                "cpu_percent": 2.8,
                "timestamp": 1778835782.7447767
            },
            {
                "memory_mb": 209.94140625,
                "cpu_percent": 54.2,
                "timestamp": 1778835783.7955287
            },
            {
                "memory_mb": 209.953125,
                "cpu_percent": 80.0,
                "timestamp": 1778835784.8454251
            },
            {
                "memory_mb": 209.9453125,
                "cpu_percent": 28.5,
                "timestamp": 1778835785.897149
            },
            {
                "memory_mb": 209.9375,
                "cpu_percent": 43.4,
                "timestamp": 1778835786.958227
            },
            {
                "memory_mb": 209.9375,
                "cpu_percent": 0.0,
                "timestamp": 1778835788.0088916
            },
            {
                "memory_mb": 209.953125,
                "cpu_percent": 66.5,
                "timestamp": 1778835789.062022
            },
            {
                "memory_mb": 209.94921875,
                "cpu_percent": 73.2,
                "timestamp": 1778835790.1140816
            },
            {
                "memory_mb": 232.27734375,
                "cpu_percent": 7.6,
                "timestamp": 1778835791.1661358
            },
            {
                "memory_mb": 230.21484375,
                "cpu_percent": 1.9,
                "timestamp": 1778835792.2185743
            },
            {
                "memory_mb": 230.21875,
                "cpu_percent": 5.7,
                "timestamp": 1778835793.2763247
            },
            {
                "memory_mb": 230.23046875,
                "cpu_percent": 65.4,
                "timestamp": 1778835794.3313496
            },
            {
                "memory_mb": 230.2265625,
                "cpu_percent": 43.7,
                "timestamp": 1778835795.3836563
            },
            {
                "memory_mb": 230.22265625,
                "cpu_percent": 99.7,
                "timestamp": 1778835796.4366035
            },
            {
                "memory_mb": 209.94140625,
                "cpu_percent": 4.8,
                "timestamp": 1778835797.4865084
            },
            {
                "memory_mb": 209.9453125,
                "cpu_percent": 28.5,
                "timestamp": 1778835798.5386088
            },
            {
                "memory_mb": 209.953125,
                "cpu_percent": 100.9,
                "timestamp": 1778835799.5889604
            },
            {
                "memory_mb": 209.94921875,
                "cpu_percent": 8.5,
                "timestamp": 1778835800.643705
            },
            {
                "memory_mb": 209.94140625,
                "cpu_percent": 65.7,
                "timestamp": 1778835801.693421
            },
            {
                "memory_mb": 209.94140625,
                "cpu_percent": 0.0,
                "timestamp": 1778835802.743972
            },
            {
                "memory_mb": 209.953125,
                "cpu_percent": 53.3,
                "timestamp": 1778835803.79446
            },
            {
                "memory_mb": 209.95703125,
                "cpu_percent": 71.5,
                "timestamp": 1778835804.8439229
            },
            {
                "memory_mb": 232.28125,
                "cpu_percent": 13.3,
                "timestamp": 1778835805.8981094
            },
            {
                "memory_mb": 230.21484375,
                "cpu_percent": 5.7,
                "timestamp": 1778835806.952835
            },
            {
                "memory_mb": 230.21484375,
                "cpu_percent": 1.0,
                "timestamp": 1778835808.0043478
            },
            {
                "memory_mb": 230.23046875,
                "cpu_percent": 68.2,
                "timestamp": 1778835809.060038
            },
            {
                "memory_mb": 230.2265625,
                "cpu_percent": 18.1,
                "timestamp": 1778835810.1103024
            },
            {
                "memory_mb": 230.22265625,
                "cpu_percent": 100.0,
                "timestamp": 1778835811.160596
            },
            {
                "memory_mb": 209.9453125,
                "cpu_percent": 27.6,
                "timestamp": 1778835812.2131975
            },
            {
                "memory_mb": 209.94921875,
                "cpu_percent": 2.8,
                "timestamp": 1778835813.2677228
            },
            {
                "memory_mb": 209.95703125,
                "cpu_percent": 100.0,
                "timestamp": 1778835814.3181086
            },
            {
                "memory_mb": 209.95703125,
                "cpu_percent": 35.1,
                "timestamp": 1778835815.373536
            },
            {
                "memory_mb": 209.9453125,
                "cpu_percent": 71.3,
                "timestamp": 1778835816.4254782
            },
            {
                "memory_mb": 209.9453125,
                "cpu_percent": 0.0,
                "timestamp": 1778835817.4796095
            },
            {
                "memory_mb": 209.95703125,
                "cpu_percent": 26.6,
                "timestamp": 1778835818.5329256
            },
            {
                "memory_mb": 209.9609375,
                "cpu_percent": 72.3,
                "timestamp": 1778835819.5843723
            },
            {
                "memory_mb": 232.28515625,
                "cpu_percent": 40.8,
                "timestamp": 1778835820.6387556
            },
            {
                "memory_mb": 230.22265625,
                "cpu_percent": 4.8,
                "timestamp": 1778835821.689991
            },
            {
                "memory_mb": 230.22265625,
                "cpu_percent": 0.0,
                "timestamp": 1778835822.7444575
            },
            {
                "memory_mb": 230.2265625,
                "cpu_percent": 52.4,
                "timestamp": 1778835823.7950044
            },
            {
                "memory_mb": 230.23828125,
                "cpu_percent": 18.9,
                "timestamp": 1778835824.8508763
            },
            {
                "memory_mb": 230.23046875,
                "cpu_percent": 90.5,
                "timestamp": 1778835825.900555
            },
            {
                "memory_mb": 230.23046875,
                "cpu_percent": 53.3,
                "timestamp": 1778835826.9521122
            },
            {
                "memory_mb": 209.94921875,
                "cpu_percent": 1.9,
                "timestamp": 1778835828.0064037
            },
            {
                "memory_mb": 209.9609375,
                "cpu_percent": 76.2,
                "timestamp": 1778835829.0567904
            },
            {
                "memory_mb": 209.9609375,
                "cpu_percent": 58.8,
                "timestamp": 1778835830.1119115
            },
            {
                "memory_mb": 209.95703125,
                "cpu_percent": 50.4,
                "timestamp": 1778835831.1625965
            },
            {
                "memory_mb": 209.94921875,
                "cpu_percent": 19.9,
                "timestamp": 1778835832.219181
            },
            {
                "memory_mb": 209.9609375,
                "cpu_percent": 0.9,
                "timestamp": 1778835833.2759538
            },
            {
                "memory_mb": 209.96484375,
                "cpu_percent": 72.3,
                "timestamp": 1778835834.3265955
            },
            {
                "memory_mb": 209.95703125,
                "cpu_percent": 68.4,
                "timestamp": 1778835835.3791091
            },
            {
                "memory_mb": 230.2265625,
                "cpu_percent": 8.6,
                "timestamp": 1778835836.4308
            },
            {
                "memory_mb": 230.2265625,
                "cpu_percent": 0.0,
                "timestamp": 1778835837.4816089
            },
            {
                "memory_mb": 230.23046875,
                "cpu_percent": 24.8,
                "timestamp": 1778835838.5318825
            },
            {
                "memory_mb": 230.2421875,
                "cpu_percent": 46.5,
                "timestamp": 1778835839.586018
            },
            {
                "memory_mb": 230.23828125,
                "cpu_percent": 62.9,
                "timestamp": 1778835840.6358154
            },
            {
                "memory_mb": 230.23046875,
                "cpu_percent": 78.0,
                "timestamp": 1778835841.6872802
            },
            {
                "memory_mb": 209.94921875,
                "cpu_percent": 1.9,
                "timestamp": 1778835842.7402668
            },
            {
                "memory_mb": 209.953125,
                "cpu_percent": 50.4,
                "timestamp": 1778835843.792002
            },
            {
                "memory_mb": 209.96484375,
                "cpu_percent": 86.3,
                "timestamp": 1778835844.8465142
            },
            {
                "memory_mb": 209.95703125,
                "cpu_percent": 22.8,
                "timestamp": 1778835845.897888
            },
            {
                "memory_mb": 209.94921875,
                "cpu_percent": 51.1,
                "timestamp": 1778835846.9552908
            },
            {
                "memory_mb": 209.94921875,
                "cpu_percent": 0.0,
                "timestamp": 1778835848.008832
            },
            {
                "memory_mb": 209.96484375,
                "cpu_percent": 65.6,
                "timestamp": 1778835849.0610976
            },
            {
                "memory_mb": 209.95703125,
                "cpu_percent": 66.6,
                "timestamp": 1778835850.1118078
            },
            {
                "memory_mb": 232.28515625,
                "cpu_percent": 7.6,
                "timestamp": 1778835851.1625578
            },
            {
                "memory_mb": 230.2265625,
                "cpu_percent": 1.9,
                "timestamp": 1778835852.2183173
            },
            {
                "memory_mb": 230.2265625,
                "cpu_percent": 0.0,
                "timestamp": 1778835853.274274
            },
            {
                "memory_mb": 230.2421875,
                "cpu_percent": 65.4,
                "timestamp": 1778835854.32939
            },
            {
                "memory_mb": 230.2421875,
                "cpu_percent": 43.8,
                "timestamp": 1778835855.3796492
            },
            {
                "memory_mb": 230.234375,
                "cpu_percent": 98.0,
                "timestamp": 1778835856.430463
            },
            {
                "memory_mb": 209.953125,
                "cpu_percent": 1.9,
                "timestamp": 1778835857.485065
            },
            {
                "memory_mb": 209.95703125,
                "cpu_percent": 24.7,
                "timestamp": 1778835858.5359323
            },
            {
                "memory_mb": 209.96484375,
                "cpu_percent": 100.0,
                "timestamp": 1778835859.5861714
            },
            {
                "memory_mb": 209.96484375,
                "cpu_percent": 13.3,
                "timestamp": 1778835860.6412337
            },
            {
                "memory_mb": 209.953125,
                "cpu_percent": 71.2,
                "timestamp": 1778835861.6952848
            },
            {
                "memory_mb": 209.953125,
                "cpu_percent": 0.9,
                "timestamp": 1778835862.7498255
            },
            {
                "memory_mb": 209.96484375,
                "cpu_percent": 49.5,
                "timestamp": 1778835863.8005323
            },
            {
                "memory_mb": 209.96875,
                "cpu_percent": 71.5,
                "timestamp": 1778835864.8500655
            },
            {
                "memory_mb": 232.30078125,
                "cpu_percent": 16.1,
                "timestamp": 1778835865.9045699
            },
            {
                "memory_mb": 230.23828125,
                "cpu_percent": 5.7,
                "timestamp": 1778835866.9592187
            },
            {
                "memory_mb": 230.23828125,
                "cpu_percent": 0.0,
                "timestamp": 1778835868.0136778
            },
            {
                "memory_mb": 230.25390625,
                "cpu_percent": 64.5,
                "timestamp": 1778835869.0685127
            },
            {
                "memory_mb": 230.25,
                "cpu_percent": 18.1,
                "timestamp": 1778835870.1183524
            },
            {
                "memory_mb": 230.24609375,
                "cpu_percent": 100.6,
                "timestamp": 1778835871.1718025
            },
            {
                "memory_mb": 209.953125,
                "cpu_percent": 25.7,
                "timestamp": 1778835872.224277
            },
            {
                "memory_mb": 209.953125,
                "cpu_percent": 0.0,
                "timestamp": 1778835873.27451
            },
            {
                "memory_mb": 209.96484375,
                "cpu_percent": 99.9,
                "timestamp": 1778835874.325924
            },
            {
                "memory_mb": 209.96484375,
                "cpu_percent": 38.9,
                "timestamp": 1778835875.3801541
            },
            {
                "memory_mb": 209.9609375,
                "cpu_percent": 69.5,
                "timestamp": 1778835876.43044
            },
            {
                "memory_mb": 209.95703125,
                "cpu_percent": 1.9,
                "timestamp": 1778835877.485565
            },
            {
                "memory_mb": 209.96875,
                "cpu_percent": 22.8,
                "timestamp": 1778835878.5366771
            },
            {
                "memory_mb": 209.97265625,
                "cpu_percent": 71.4,
                "timestamp": 1778835879.5871353
            },
            {
                "memory_mb": 232.3046875,
                "cpu_percent": 45.6,
                "timestamp": 1778835880.6408875
            },
            {
                "memory_mb": 230.2421875,
                "cpu_percent": 4.7,
                "timestamp": 1778835881.6958103
            },
            {
                "memory_mb": 230.2421875,
                "cpu_percent": 0.0,
                "timestamp": 1778835882.7506843
            },
            {
                "memory_mb": 230.24609375,
                "cpu_percent": 47.6,
                "timestamp": 1778835883.801021
            },
            {
                "memory_mb": 230.2578125,
                "cpu_percent": 19.9,
                "timestamp": 1778835884.8554573
            },
            {
                "memory_mb": 230.25,
                "cpu_percent": 89.5,
                "timestamp": 1778835885.9062266
            },
            {
                "memory_mb": 230.24609375,
                "cpu_percent": 48.4,
                "timestamp": 1778835886.960885
            },
            {
                "memory_mb": 209.95703125,
                "cpu_percent": 2.8,
                "timestamp": 1778835888.0157318
            },
            {
                "memory_mb": 209.96875,
                "cpu_percent": 72.3,
                "timestamp": 1778835889.066684
            },
            {
                "memory_mb": 209.96875,
                "cpu_percent": 60.7,
                "timestamp": 1778835890.1214
            },
            {
                "memory_mb": 209.96484375,
                "cpu_percent": 48.5,
                "timestamp": 1778835891.171993
            },
            {
                "memory_mb": 209.9609375,
                "cpu_percent": 21.8,
                "timestamp": 1778835892.2270312
            },
            {
                "memory_mb": 209.9609375,
                "cpu_percent": 0.0,
                "timestamp": 1778835893.2817333
            },
            {
                "memory_mb": 209.9765625,
                "cpu_percent": 70.1,
                "timestamp": 1778835894.3368719
            },
            {
                "memory_mb": 209.96875,
                "cpu_percent": 68.4,
                "timestamp": 1778835895.3898401
            },
            {
                "memory_mb": 230.24609375,
                "cpu_percent": 7.6,
                "timestamp": 1778835896.4446507
            },
            {
                "memory_mb": 230.24609375,
                "cpu_percent": 0.0,
                "timestamp": 1778835897.4996817
            },
            {
                "memory_mb": 230.25,
                "cpu_percent": 22.9,
                "timestamp": 1778835898.549919
            },
            {
                "memory_mb": 230.26171875,
                "cpu_percent": 46.4,
                "timestamp": 1778835899.6049616
            },
            {
                "memory_mb": 230.2578125,
                "cpu_percent": 62.8,
                "timestamp": 1778835900.6565006
            },
            {
                "memory_mb": 230.25390625,
                "cpu_percent": 75.0,
                "timestamp": 1778835901.7105017
            },
            {
                "memory_mb": 209.96484375,
                "cpu_percent": 2.8,
                "timestamp": 1778835902.765325
            },
            {
                "memory_mb": 209.96875,
                "cpu_percent": 47.6,
                "timestamp": 1778835903.8161926
            },
            {
                "memory_mb": 209.98046875,
                "cpu_percent": 80.5,
                "timestamp": 1778835904.8714693
            },
            {
                "memory_mb": 209.97265625,
                "cpu_percent": 28.6,
                "timestamp": 1778835905.921908
            },
            {
                "memory_mb": 209.96484375,
                "cpu_percent": 41.7,
                "timestamp": 1778835906.976743
            },
            {
                "memory_mb": 209.96484375,
                "cpu_percent": 0.0,
                "timestamp": 1778835908.0311215
            },
            {
                "memory_mb": 209.98046875,
                "cpu_percent": 66.5,
                "timestamp": 1778835909.083133
            },
            {
                "memory_mb": 209.97265625,
                "cpu_percent": 70.1,
                "timestamp": 1778835910.1387088
            },
            {
                "memory_mb": 232.3125,
                "cpu_percent": 4.7,
                "timestamp": 1778835911.1921058
            },
            {
                "memory_mb": 230.25,
                "cpu_percent": 4.7,
                "timestamp": 1778835912.246514
            },
            {
                "memory_mb": 230.25,
                "cpu_percent": 0.0,
                "timestamp": 1778835913.3002558
            },
            {
                "memory_mb": 230.265625,
                "cpu_percent": 65.4,
                "timestamp": 1778835914.3556569
            },
            {
                "memory_mb": 230.26171875,
                "cpu_percent": 41.9,
                "timestamp": 1778835915.40533
            },
            {
                "memory_mb": 230.2578125,
                "cpu_percent": 96.2,
                "timestamp": 1778835916.4553745
            },
            {
                "memory_mb": 209.96875,
                "cpu_percent": 3.8,
                "timestamp": 1778835917.5061774
            },
            {
                "memory_mb": 209.97265625,
                "cpu_percent": 21.9,
                "timestamp": 1778835918.556041
            },
            {
                "memory_mb": 209.98046875,
                "cpu_percent": 100.0,
                "timestamp": 1778835919.6057966
            },
            {
                "memory_mb": 209.984375,
                "cpu_percent": 10.4,
                "timestamp": 1778835920.6599007
            },
            {
                "memory_mb": 209.97265625,
                "cpu_percent": 68.3,
                "timestamp": 1778835921.7141232
            },
            {
                "memory_mb": 209.97265625,
                "cpu_percent": 0.0,
                "timestamp": 1778835922.766793
            },
            {
                "memory_mb": 209.984375,
                "cpu_percent": 46.7,
                "timestamp": 1778835923.8165424
            },
            {
                "memory_mb": 209.98828125,
                "cpu_percent": 71.4,
                "timestamp": 1778835924.866398
            },
            {
                "memory_mb": 232.3203125,
                "cpu_percent": 22.7,
                "timestamp": 1778835925.9216394
            },
            {
                "memory_mb": 230.2578125,
                "cpu_percent": 4.7,
                "timestamp": 1778835926.9762166
            },
            {
                "memory_mb": 230.2578125,
                "cpu_percent": 0.0,
                "timestamp": 1778835928.0305223
            },
            {
                "memory_mb": 230.2734375,
                "cpu_percent": 67.5,
                "timestamp": 1778835929.082054
            },
            {
                "memory_mb": 230.26953125,
                "cpu_percent": 13.3,
                "timestamp": 1778835930.1323314
            },
            {
                "memory_mb": 230.265625,
                "cpu_percent": 100.1,
                "timestamp": 1778835931.181704
            },
            {
                "memory_mb": 209.97265625,
                "cpu_percent": 32.2,
                "timestamp": 1778835932.2361164
            },
            {
                "memory_mb": 209.97265625,
                "cpu_percent": 0.0,
                "timestamp": 1778835933.290773
            },
            {
                "memory_mb": 209.984375,
                "cpu_percent": 95.1,
                "timestamp": 1778835934.3428373
            },
            {
                "memory_mb": 209.984375,
                "cpu_percent": 38.0,
                "timestamp": 1778835935.394797
            },
            {
                "memory_mb": 209.98046875,
                "cpu_percent": 71.5,
                "timestamp": 1778835936.4443288
            },
            {
                "memory_mb": 209.97265625,
                "cpu_percent": 3.8,
                "timestamp": 1778835937.4982796
            },
            {
                "memory_mb": 209.984375,
                "cpu_percent": 19.0,
                "timestamp": 1778835938.54835
            },
            {
                "memory_mb": 209.98828125,
                "cpu_percent": 74.3,
                "timestamp": 1778835939.5976508
            },
            {
                "memory_mb": 223.18359375,
                "cpu_percent": 48.4,
                "timestamp": 1778835940.6508842
            },
            {
                "memory_mb": 230.2578125,
                "cpu_percent": 5.7,
                "timestamp": 1778835941.7047808
            },
            {
                "memory_mb": 230.2578125,
                "cpu_percent": 0.0,
                "timestamp": 1778835942.759204
            },
            {
                "memory_mb": 230.2578125,
                "cpu_percent": 0.0,
                "timestamp": 1778835943.3955576
            }
        ]
    }
}
