{
    "active_periods": [
        {
            "start": 1778835642.58804,
            "end": 1778835945.355089,
            "duration_sec": 302.7670488357544,
            "tasks_completed": 240,
            "throughput_tps": 0.7926886394106765
        }
    ],
    "history": [
        {
            "timestamp": 1778835642.58804,
            "messages": 0,
            "ack": 73122
        },
        {
            "timestamp": 1778835647.594861,
            "messages": 0,
            "ack": 73125
        },
        {
            "timestamp": 1778835652.599912,
            "messages": 1,
            "ack": 73130
        },
        {
            "timestamp": 1778835657.604684,
            "messages": 0,
            "ack": 73132
        },
        {
            "timestamp": 1778835662.610577,
            "messages": 0,
            "ack": 73137
        },
        {
            "timestamp": 1778835667.616431,
            "messages": 1,
            "ack": 73142
        },
        {
            "timestamp": 1778835672.62167,
            "messages": 1,
            "ack": 73144
        },
        {
            "timestamp": 1778835677.626455,
            "messages": 0,
            "ack": 73146
        },
        {
            "timestamp": 1778835682.631735,
            "messages": 4,
            "ack": 73154
        },
        {
            "timestamp": 1778835687.636894,
            "messages": 0,
            "ack": 73156
        },
        {
            "timestamp": 1778835692.642404,
            "messages": 0,
            "ack": 73161
        },
        {
            "timestamp": 1778835697.647914,
            "messages": 1,
            "ack": 73162
        },
        {
            "timestamp": 1778835702.651991,
            "messages": 1,
            "ack": 73168
        },
        {
            "timestamp": 1778835707.657742,
            "messages": 0,
            "ack": 73173
        },
        {
            "timestamp": 1778835712.662633,
            "messages": 1,
            "ack": 73174
        },
        {
            "timestamp": 1778835717.668072,
            "messages": 0,
            "ack": 73180
        },
        {
            "timestamp": 1778835722.671874,
            "messages": 0,
            "ack": 73182
        },
        {
            "timestamp": 1778835727.676699,
            "messages": 1,
            "ack": 73186
        },
        {
            "timestamp": 1778835732.681679,
            "messages": 1,
            "ack": 73192
        },
        {
            "timestamp": 1778835737.686808,
            "messages": 0,
            "ack": 73194
        },
        {
            "timestamp": 1778835742.691898,
            "messages": 4,
            "ack": 73198
        },
        {
            "timestamp": 1778835747.697731,
            "messages": 0,
            "ack": 73204
        },
        {
            "timestamp": 1778835752.702722,
            "messages": 0,
            "ack": 73206
        },
        {
            "timestamp": 1778835757.707398,
            "messages": 1,
            "ack": 73210
        },
        {
            "timestamp": 1778835762.71307,
            "messages": 1,
            "ack": 73214
        },
        {
            "timestamp": 1778835767.717647,
            "messages": 0,
            "ack": 73218
        },
        {
            "timestamp": 1778835772.722512,
            "messages": 1,
            "ack": 73222
        },
        {
            "timestamp": 1778835777.726744,
            "messages": 0,
            "ack": 73226
        },
        {
            "timestamp": 1778835782.732039,
            "messages": 0,
            "ack": 73230
        },
        {
            "timestamp": 1778835787.737993,
            "messages": 0,
            "ack": 73234
        },
        {
            "timestamp": 1778835792.74166,
            "messages": 0,
            "ack": 73238
        },
        {
            "timestamp": 1778835797.74701,
            "messages": 0,
            "ack": 73242
        },
        {
            "timestamp": 1778835802.752137,
            "messages": 1,
            "ack": 73246
        },
        {
            "timestamp": 1778835807.756437,
            "messages": 0,
            "ack": 73250
        },
        {
            "timestamp": 1778835812.761701,
            "messages": 0,
            "ack": 73254
        },
        {
            "timestamp": 1778835817.769686,
            "messages": 1,
            "ack": 73258
        },
        {
            "timestamp": 1778835822.774225,
            "messages": 1,
            "ack": 73262
        },
        {
            "timestamp": 1778835827.780801,
            "messages": 0,
            "ack": 73266
        },
        {
            "timestamp": 1778835832.786601,
            "messages": 1,
            "ack": 73270
        },
        {
            "timestamp": 1778835837.790646,
            "messages": 0,
            "ack": 73274
        },
        {
            "timestamp": 1778835842.795223,
            "messages": 0,
            "ack": 73278
        },
        {
            "timestamp": 1778835847.800758,
            "messages": 1,
            "ack": 73282
        },
        {
            "timestamp": 1778835852.804949,
            "messages": 1,
            "ack": 73286
        },
        {
            "timestamp": 1778835857.809602,
            "messages": 0,
            "ack": 73290
        },
        {
            "timestamp": 1778835862.813775,
            "messages": 1,
            "ack": 73294
        },
        {
            "timestamp": 1778835867.819031,
            "messages": 0,
            "ack": 73298
        },
        {
            "timestamp": 1778835872.82466,
            "messages": 0,
            "ack": 73302
        },
        {
            "timestamp": 1778835877.829038,
            "messages": 1,
            "ack": 73306
        },
        {
            "timestamp": 1778835882.834512,
            "messages": 1,
            "ack": 73310
        },
        {
            "timestamp": 1778835887.83992,
            "messages": 0,
            "ack": 73314
        },
        {
            "timestamp": 1778835892.845624,
            "messages": 1,
            "ack": 73318
        },
        {
            "timestamp": 1778835897.851759,
            "messages": 0,
            "ack": 73322
        },
        {
            "timestamp": 1778835902.857609,
            "messages": 0,
            "ack": 73326
        },
        {
            "timestamp": 1778835907.863822,
            "messages": 1,
            "ack": 73330
        },
        {
            "timestamp": 1778835912.868881,
            "messages": 1,
            "ack": 73334
        },
        {
            "timestamp": 1778835917.873419,
            "messages": 0,
            "ack": 73338
        },
        {
            "timestamp": 1778835922.877889,
            "messages": 1,
            "ack": 73342
        },
        {
            "timestamp": 1778835927.883285,
            "messages": 0,
            "ack": 73346
        },
        {
            "timestamp": 1778835932.888589,
            "messages": 0,
            "ack": 73350
        },
        {
            "timestamp": 1778835937.892865,
            "messages": 1,
            "ack": 73354
        },
        {
            "timestamp": 1778835942.89755,
            "messages": 1,
            "ack": 73358
        },
        {
            "timestamp": 1778835945.34736,
            "messages": 0,
            "ack": 73362
        }
    ]
}