{
    "314642": {
        "ppid": "254983",
        "name": "celery",
        "cmdline": "/home/experimenter/projects/celery-autoscale/.venv/bin/python3 /home/experimenter/projects/celery-autoscale/.venv/bin/celery -A celery_app worker --loglevel=INFO --concurrency=8 --pool=eventlet",
        "create_time": "2026-05-15T00:39:54.710000",
        "last_update": "2026-05-15T00:44:56.595813",
        "voluntary_ctxt_switches": 2221,
        "nonvoluntary_ctxt_switches": 3131,
        "jiffies": 23433,
        "stats": [
            {
                "memory_mb": 52.3203125,
                "cpu_percent": 0.0,
                "timestamp": 1778794795.7837002
            },
            {
                "memory_mb": 52.8125,
                "cpu_percent": 26.7,
                "timestamp": 1778794796.834055
            },
            {
                "memory_mb": 62.08203125,
                "cpu_percent": 100.2,
                "timestamp": 1778794797.8820276
            },
            {
                "memory_mb": 89.78515625,
                "cpu_percent": 100.2,
                "timestamp": 1778794798.930021
            },
            {
                "memory_mb": 108.12109375,
                "cpu_percent": 100.2,
                "timestamp": 1778794799.977994
            },
            {
                "memory_mb": 181.49609375,
                "cpu_percent": 71.2,
                "timestamp": 1778794801.0310948
            },
            {
                "memory_mb": 235.98046875,
                "cpu_percent": 84.9,
                "timestamp": 1778794802.0793934
            },
            {
                "memory_mb": 272.7109375,
                "cpu_percent": 100.2,
                "timestamp": 1778794803.1270113
            },
            {
                "memory_mb": 355.11328125,
                "cpu_percent": 80.2,
                "timestamp": 1778794804.1749413
            },
            {
                "memory_mb": 382.75,
                "cpu_percent": 88.4,
                "timestamp": 1778794805.2269666
            },
            {
                "memory_mb": 382.83984375,
                "cpu_percent": 14.3,
                "timestamp": 1778794806.276072
            },
            {
                "memory_mb": 382.84765625,
                "cpu_percent": 100.2,
                "timestamp": 1778794807.323837
            },
            {
                "memory_mb": 382.859375,
                "cpu_percent": 93.2,
                "timestamp": 1778794808.3755417
            },
            {
                "memory_mb": 382.8515625,
                "cpu_percent": 82.1,
                "timestamp": 1778794809.4230807
            },
            {
                "memory_mb": 382.84375,
                "cpu_percent": 65.6,
                "timestamp": 1778794810.4754033
            },
            {
                "memory_mb": 382.84765625,
                "cpu_percent": 30.5,
                "timestamp": 1778794811.5229893
            },
            {
                "memory_mb": 382.86328125,
                "cpu_percent": 99.3,
                "timestamp": 1778794812.5708163
            },
            {
                "memory_mb": 375.02734375,
                "cpu_percent": 100.1,
                "timestamp": 1778794813.6193025
            },
            {
                "memory_mb": 375.0234375,
                "cpu_percent": 100.2,
                "timestamp": 1778794814.6673899
            },
            {
                "memory_mb": 375.0078125,
                "cpu_percent": 80.6,
                "timestamp": 1778794815.7218788
            },
            {
                "memory_mb": 375.01953125,
                "cpu_percent": 54.4,
                "timestamp": 1778794816.7704482
            },
            {
                "memory_mb": 375.02734375,
                "cpu_percent": 100.2,
                "timestamp": 1778794817.8184397
            },
            {
                "memory_mb": 375.01953125,
                "cpu_percent": 81.1,
                "timestamp": 1778794818.8666582
            },
            {
                "memory_mb": 375.015625,
                "cpu_percent": 92.6,
                "timestamp": 1778794819.9147005
            },
            {
                "memory_mb": 375.01171875,
                "cpu_percent": 22.8,
                "timestamp": 1778794820.9671202
            },
            {
                "memory_mb": 375.015625,
                "cpu_percent": 80.2,
                "timestamp": 1778794822.014839
            },
            {
                "memory_mb": 375.03125,
                "cpu_percent": 100.2,
                "timestamp": 1778794823.0631914
            },
            {
                "memory_mb": 375.0234375,
                "cpu_percent": 73.5,
                "timestamp": 1778794824.1109412
            },
            {
                "memory_mb": 375.01171875,
                "cpu_percent": 89.3,
                "timestamp": 1778794825.1632357
            },
            {
                "memory_mb": 375.01171875,
                "cpu_percent": 6.7,
                "timestamp": 1778794826.215407
            },
            {
                "memory_mb": 375.03125,
                "cpu_percent": 97.2,
                "timestamp": 1778794827.264402
            },
            {
                "memory_mb": 375.02734375,
                "cpu_percent": 99.3,
                "timestamp": 1778794828.3121693
            },
            {
                "memory_mb": 375.0234375,
                "cpu_percent": 100.2,
                "timestamp": 1778794829.3600013
            },
            {
                "memory_mb": 375.01171875,
                "cpu_percent": 100.2,
                "timestamp": 1778794830.4077744
            },
            {
                "memory_mb": 375.0234375,
                "cpu_percent": 30.6,
                "timestamp": 1778794831.4551065
            },
            {
                "memory_mb": 375.03125,
                "cpu_percent": 100.2,
                "timestamp": 1778794832.5029478
            },
            {
                "memory_mb": 375.02734375,
                "cpu_percent": 89.3,
                "timestamp": 1778794833.5552764
            },
            {
                "memory_mb": 375.01953125,
                "cpu_percent": 84.0,
                "timestamp": 1778794834.6030366
            },
            {
                "memory_mb": 375.015625,
                "cpu_percent": 57.0,
                "timestamp": 1778794835.6552374
            },
            {
                "memory_mb": 375.01171875,
                "cpu_percent": 47.7,
                "timestamp": 1778794836.7025397
            },
            {
                "memory_mb": 375.03515625,
                "cpu_percent": 100.2,
                "timestamp": 1778794837.7505293
            },
            {
                "memory_mb": 375.02734375,
                "cpu_percent": 73.5,
                "timestamp": 1778794838.7985582
            },
            {
                "memory_mb": 375.0234375,
                "cpu_percent": 100.1,
                "timestamp": 1778794839.8470106
            },
            {
                "memory_mb": 375.015625,
                "cpu_percent": 24.7,
                "timestamp": 1778794840.8984604
            },
            {
                "memory_mb": 375.02734375,
                "cpu_percent": 69.6,
                "timestamp": 1778794841.9466314
            },
            {
                "memory_mb": 375.03515625,
                "cpu_percent": 100.1,
                "timestamp": 1778794842.9951108
            },
            {
                "memory_mb": 375.02734375,
                "cpu_percent": 100.1,
                "timestamp": 1778794844.0443757
            },
            {
                "memory_mb": 375.015625,
                "cpu_percent": 71.3,
                "timestamp": 1778794845.0968854
            },
            {
                "memory_mb": 375.015625,
                "cpu_percent": 39.1,
                "timestamp": 1778794846.1455472
            },
            {
                "memory_mb": 375.015625,
                "cpu_percent": 99.2,
                "timestamp": 1778794847.1937926
            },
            {
                "memory_mb": 375.02734375,
                "cpu_percent": 100.2,
                "timestamp": 1778794848.241681
            },
            {
                "memory_mb": 375.0234375,
                "cpu_percent": 76.3,
                "timestamp": 1778794849.289833
            },
            {
                "memory_mb": 375.01953125,
                "cpu_percent": 97.3,
                "timestamp": 1778794850.3376956
            },
            {
                "memory_mb": 375.01953125,
                "cpu_percent": 16.2,
                "timestamp": 1778794851.3845327
            },
            {
                "memory_mb": 375.02734375,
                "cpu_percent": 100.2,
                "timestamp": 1778794852.4329371
            },
            {
                "memory_mb": 375.03125,
                "cpu_percent": 93.4,
                "timestamp": 1778794853.4818015
            },
            {
                "memory_mb": 375.0234375,
                "cpu_percent": 87.8,
                "timestamp": 1778794854.5298467
            },
            {
                "memory_mb": 375.015625,
                "cpu_percent": 56.0,
                "timestamp": 1778794855.583061
            },
            {
                "memory_mb": 375.01171875,
                "cpu_percent": 40.1,
                "timestamp": 1778794856.631375
            },
            {
                "memory_mb": 375.03515625,
                "cpu_percent": 99.2,
                "timestamp": 1778794857.6798127
            },
            {
                "memory_mb": 375.02734375,
                "cpu_percent": 99.2,
                "timestamp": 1778794858.7282653
            },
            {
                "memory_mb": 368.9296875,
                "cpu_percent": 97.3,
                "timestamp": 1778794859.77697
            },
            {
                "memory_mb": 368.9296875,
                "cpu_percent": 13.4,
                "timestamp": 1778794860.8236167
            },
            {
                "memory_mb": 365.734375,
                "cpu_percent": 101.1,
                "timestamp": 1778794861.8716006
            },
            {
                "memory_mb": 365.74609375,
                "cpu_percent": 99.2,
                "timestamp": 1778794862.9197202
            },
            {
                "memory_mb": 365.7421875,
                "cpu_percent": 74.4,
                "timestamp": 1778794863.9683344
            },
            {
                "memory_mb": 365.73828125,
                "cpu_percent": 99.2,
                "timestamp": 1778794865.0167727
            },
            {
                "memory_mb": 365.734375,
                "cpu_percent": 33.2,
                "timestamp": 1778794866.069937
            },
            {
                "memory_mb": 365.74609375,
                "cpu_percent": 79.2,
                "timestamp": 1778794867.1177897
            },
            {
                "memory_mb": 365.75,
                "cpu_percent": 99.2,
                "timestamp": 1778794868.1662626
            },
            {
                "memory_mb": 365.74609375,
                "cpu_percent": 81.1,
                "timestamp": 1778794869.2144184
            },
            {
                "memory_mb": 365.734375,
                "cpu_percent": 80.8,
                "timestamp": 1778794870.2670376
            },
            {
                "memory_mb": 365.7265625,
                "cpu_percent": 14.2,
                "timestamp": 1778794871.322867
            },
            {
                "memory_mb": 365.7421875,
                "cpu_percent": 100.2,
                "timestamp": 1778794872.3706274
            },
            {
                "memory_mb": 365.75,
                "cpu_percent": 100.2,
                "timestamp": 1778794873.4185753
            },
            {
                "memory_mb": 365.74609375,
                "cpu_percent": 99.2,
                "timestamp": 1778794874.4664297
            },
            {
                "memory_mb": 365.73046875,
                "cpu_percent": 98.2,
                "timestamp": 1778794875.515106
            },
            {
                "memory_mb": 365.7421875,
                "cpu_percent": 29.6,
                "timestamp": 1778794876.563147
            },
            {
                "memory_mb": 365.75390625,
                "cpu_percent": 100.2,
                "timestamp": 1778794877.611528
            },
            {
                "memory_mb": 365.75,
                "cpu_percent": 82.6,
                "timestamp": 1778794878.6643023
            },
            {
                "memory_mb": 365.7421875,
                "cpu_percent": 93.5,
                "timestamp": 1778794879.7126443
            },
            {
                "memory_mb": 365.73828125,
                "cpu_percent": 46.5,
                "timestamp": 1778794880.765985
            },
            {
                "memory_mb": 365.734375,
                "cpu_percent": 54.4,
                "timestamp": 1778794881.8146517
            },
            {
                "memory_mb": 365.7578125,
                "cpu_percent": 99.3,
                "timestamp": 1778794882.8622348
            },
            {
                "memory_mb": 365.75,
                "cpu_percent": 76.3,
                "timestamp": 1778794883.9104378
            },
            {
                "memory_mb": 365.74609375,
                "cpu_percent": 100.2,
                "timestamp": 1778794884.958806
            },
            {
                "memory_mb": 365.73828125,
                "cpu_percent": 19.0,
                "timestamp": 1778794886.0115383
            },
            {
                "memory_mb": 365.75,
                "cpu_percent": 71.4,
                "timestamp": 1778794887.0613072
            },
            {
                "memory_mb": 365.75390625,
                "cpu_percent": 100.2,
                "timestamp": 1778794888.109462
            },
            {
                "memory_mb": 365.75390625,
                "cpu_percent": 100.1,
                "timestamp": 1778794889.1579375
            },
            {
                "memory_mb": 365.73828125,
                "cpu_percent": 100.2,
                "timestamp": 1778794890.206178
            },
            {
                "memory_mb": 365.734375,
                "cpu_percent": 37.1,
                "timestamp": 1778794891.2585917
            },
            {
                "memory_mb": 365.7578125,
                "cpu_percent": 94.4,
                "timestamp": 1778794892.3074453
            },
            {
                "memory_mb": 365.75390625,
                "cpu_percent": 100.1,
                "timestamp": 1778794893.3559496
            },
            {
                "memory_mb": 365.75,
                "cpu_percent": 79.2,
                "timestamp": 1778794894.4040976
            },
            {
                "memory_mb": 365.7421875,
                "cpu_percent": 71.2,
                "timestamp": 1778794895.4572148
            },
            {
                "memory_mb": 365.73828125,
                "cpu_percent": 24.8,
                "timestamp": 1778794896.5048656
            },
            {
                "memory_mb": 365.74609375,
                "cpu_percent": 100.2,
                "timestamp": 1778794897.5523317
            },
            {
                "memory_mb": 365.7578125,
                "cpu_percent": 87.4,
                "timestamp": 1778794898.6051538
            },
            {
                "memory_mb": 365.75,
                "cpu_percent": 88.8,
                "timestamp": 1778794899.652695
            },
            {
                "memory_mb": 365.7421875,
                "cpu_percent": 53.2,
                "timestamp": 1778794900.7050304
            },
            {
                "memory_mb": 365.7421875,
                "cpu_percent": 44.9,
                "timestamp": 1778794901.7525735
            },
            {
                "memory_mb": 365.7578125,
                "cpu_percent": 100.3,
                "timestamp": 1778794902.7999396
            },
            {
                "memory_mb": 365.7578125,
                "cpu_percent": 99.3,
                "timestamp": 1778794903.8473682
            },
            {
                "memory_mb": 365.7421875,
                "cpu_percent": 100.2,
                "timestamp": 1778794904.8948622
            },
            {
                "memory_mb": 365.73828125,
                "cpu_percent": 68.5,
                "timestamp": 1778794905.946557
            },
            {
                "memory_mb": 365.75390625,
                "cpu_percent": 63.9,
                "timestamp": 1778794906.9945986
            },
            {
                "memory_mb": 365.76171875,
                "cpu_percent": 99.3,
                "timestamp": 1778794908.0417576
            },
            {
                "memory_mb": 365.7578125,
                "cpu_percent": 83.0,
                "timestamp": 1778794909.0895112
            },
            {
                "memory_mb": 365.75390625,
                "cpu_percent": 96.4,
                "timestamp": 1778794910.1370168
            },
            {
                "memory_mb": 365.75,
                "cpu_percent": 12.4,
                "timestamp": 1778794911.1883779
            },
            {
                "memory_mb": 365.75390625,
                "cpu_percent": 90.7,
                "timestamp": 1778794912.2360814
            },
            {
                "memory_mb": 365.76953125,
                "cpu_percent": 99.3,
                "timestamp": 1778794913.2836494
            },
            {
                "memory_mb": 365.76171875,
                "cpu_percent": 75.4,
                "timestamp": 1778794914.3312669
            },
            {
                "memory_mb": 365.75,
                "cpu_percent": 80.8,
                "timestamp": 1778794915.3831816
            },
            {
                "memory_mb": 365.75390625,
                "cpu_percent": 11.5,
                "timestamp": 1778794916.4306695
            },
            {
                "memory_mb": 365.76953125,
                "cpu_percent": 100.2,
                "timestamp": 1778794917.478251
            },
            {
                "memory_mb": 365.765625,
                "cpu_percent": 99.3,
                "timestamp": 1778794918.5257215
            },
            {
                "memory_mb": 365.76171875,
                "cpu_percent": 100.2,
                "timestamp": 1778794919.5734308
            },
            {
                "memory_mb": 340.55859375,
                "cpu_percent": 95.5,
                "timestamp": 1778794920.620689
            },
            {
                "memory_mb": 340.5703125,
                "cpu_percent": 34.4,
                "timestamp": 1778794921.6674097
            },
            {
                "memory_mb": 340.578125,
                "cpu_percent": 99.3,
                "timestamp": 1778794922.7151864
            },
            {
                "memory_mb": 340.57421875,
                "cpu_percent": 81.7,
                "timestamp": 1778794923.7675323
            },
            {
                "memory_mb": 340.5703125,
                "cpu_percent": 97.4,
                "timestamp": 1778794924.8152251
            },
            {
                "memory_mb": 340.56640625,
                "cpu_percent": 43.6,
                "timestamp": 1778794925.8696246
            },
            {
                "memory_mb": 340.5625,
                "cpu_percent": 58.2,
                "timestamp": 1778794926.917278
            },
            {
                "memory_mb": 340.5859375,
                "cpu_percent": 100.3,
                "timestamp": 1778794927.964334
            },
            {
                "memory_mb": 340.578125,
                "cpu_percent": 75.4,
                "timestamp": 1778794929.0121922
            },
            {
                "memory_mb": 340.57421875,
                "cpu_percent": 100.3,
                "timestamp": 1778794930.0594423
            },
            {
                "memory_mb": 340.56640625,
                "cpu_percent": 15.2,
                "timestamp": 1778794931.110939
            },
            {
                "memory_mb": 340.58203125,
                "cpu_percent": 75.4,
                "timestamp": 1778794932.1581163
            },
            {
                "memory_mb": 340.58203125,
                "cpu_percent": 100.2,
                "timestamp": 1778794933.2055335
            },
            {
                "memory_mb": 340.58203125,
                "cpu_percent": 100.2,
                "timestamp": 1778794934.2530506
            },
            {
                "memory_mb": 340.56640625,
                "cpu_percent": 99.3,
                "timestamp": 1778794935.3003163
            },
            {
                "memory_mb": 340.5625,
                "cpu_percent": 40.9,
                "timestamp": 1778794936.352315
            },
            {
                "memory_mb": 340.5859375,
                "cpu_percent": 97.3,
                "timestamp": 1778794937.4009216
            },
            {
                "memory_mb": 340.5859375,
                "cpu_percent": 99.3,
                "timestamp": 1778794938.448299
            },
            {
                "memory_mb": 340.578125,
                "cpu_percent": 80.2,
                "timestamp": 1778794939.4959342
            },
            {
                "memory_mb": 340.5703125,
                "cpu_percent": 75.4,
                "timestamp": 1778794940.5435295
            },
            {
                "memory_mb": 340.56640625,
                "cpu_percent": 27.7,
                "timestamp": 1778794941.5901697
            },
            {
                "memory_mb": 340.57421875,
                "cpu_percent": 99.3,
                "timestamp": 1778794942.637929
            },
            {
                "memory_mb": 340.5859375,
                "cpu_percent": 79.8,
                "timestamp": 1778794943.6901052
            },
            {
                "memory_mb": 340.578125,
                "cpu_percent": 96.4,
                "timestamp": 1778794944.737556
            },
            {
                "memory_mb": 340.5703125,
                "cpu_percent": 49.4,
                "timestamp": 1778794945.7892652
            },
            {
                "memory_mb": 340.57421875,
                "cpu_percent": 42.0,
                "timestamp": 1778794946.836386
            },
            {
                "memory_mb": 340.5859375,
                "cpu_percent": 100.2,
                "timestamp": 1778794947.8837821
            },
            {
                "memory_mb": 340.5859375,
                "cpu_percent": 100.3,
                "timestamp": 1778794948.9309993
            },
            {
                "memory_mb": 340.58203125,
                "cpu_percent": 99.3,
                "timestamp": 1778794949.9786842
            },
            {
                "memory_mb": 340.56640625,
                "cpu_percent": 76.2,
                "timestamp": 1778794951.0287242
            },
            {
                "memory_mb": 340.578125,
                "cpu_percent": 67.7,
                "timestamp": 1778794952.0770552
            },
            {
                "memory_mb": 340.5859375,
                "cpu_percent": 99.2,
                "timestamp": 1778794953.1252756
            },
            {
                "memory_mb": 340.578125,
                "cpu_percent": 81.1,
                "timestamp": 1778794954.1728175
            },
            {
                "memory_mb": 340.57421875,
                "cpu_percent": 95.4,
                "timestamp": 1778794955.220725
            },
            {
                "memory_mb": 340.5703125,
                "cpu_percent": 11.4,
                "timestamp": 1778794956.2727976
            },
            {
                "memory_mb": 340.57421875,
                "cpu_percent": 94.5,
                "timestamp": 1778794957.3202803
            },
            {
                "memory_mb": 340.58984375,
                "cpu_percent": 99.3,
                "timestamp": 1778794958.3677776
            },
            {
                "memory_mb": 340.58203125,
                "cpu_percent": 76.3,
                "timestamp": 1778794959.4157524
            },
            {
                "memory_mb": 340.5703125,
                "cpu_percent": 81.8,
                "timestamp": 1778794960.467392
            },
            {
                "memory_mb": 340.57421875,
                "cpu_percent": 14.3,
                "timestamp": 1778794961.5148365
            },
            {
                "memory_mb": 340.58984375,
                "cpu_percent": 100.2,
                "timestamp": 1778794962.562678
            },
            {
                "memory_mb": 340.5859375,
                "cpu_percent": 100.2,
                "timestamp": 1778794963.6107547
            },
            {
                "memory_mb": 340.58203125,
                "cpu_percent": 99.3,
                "timestamp": 1778794964.6582863
            },
            {
                "memory_mb": 340.5703125,
                "cpu_percent": 100.2,
                "timestamp": 1778794965.7067082
            },
            {
                "memory_mb": 340.58203125,
                "cpu_percent": 38.2,
                "timestamp": 1778794966.754375
            },
            {
                "memory_mb": 340.59375,
                "cpu_percent": 100.2,
                "timestamp": 1778794967.8019853
            },
            {
                "memory_mb": 340.5859375,
                "cpu_percent": 79.9,
                "timestamp": 1778794968.8535872
            },
            {
                "memory_mb": 340.58203125,
                "cpu_percent": 96.4,
                "timestamp": 1778794969.9013946
            },
            {
                "memory_mb": 340.578125,
                "cpu_percent": 46.6,
                "timestamp": 1778794970.9534924
            },
            {
                "memory_mb": 340.57421875,
                "cpu_percent": 61.1,
                "timestamp": 1778794972.0011399
            },
            {
                "memory_mb": 340.59765625,
                "cpu_percent": 100.2,
                "timestamp": 1778794973.0494301
            },
            {
                "memory_mb": 340.58984375,
                "cpu_percent": 75.4,
                "timestamp": 1778794974.0973368
            },
            {
                "memory_mb": 340.5859375,
                "cpu_percent": 100.2,
                "timestamp": 1778794975.1451392
            },
            {
                "memory_mb": 340.578125,
                "cpu_percent": 10.5,
                "timestamp": 1778794976.197389
            },
            {
                "memory_mb": 340.58984375,
                "cpu_percent": 80.1,
                "timestamp": 1778794977.24644
            },
            {
                "memory_mb": 340.59375,
                "cpu_percent": 100.2,
                "timestamp": 1778794978.2944808
            },
            {
                "memory_mb": 340.58984375,
                "cpu_percent": 99.2,
                "timestamp": 1778794979.3426988
            },
            {
                "memory_mb": 340.578125,
                "cpu_percent": 100.2,
                "timestamp": 1778794980.3902326
            },
            {
                "memory_mb": 340.5859375,
                "cpu_percent": 35.0,
                "timestamp": 1778794981.4468927
            },
            {
                "memory_mb": 340.59375,
                "cpu_percent": 100.2,
                "timestamp": 1778794982.494755
            },
            {
                "memory_mb": 340.59375,
                "cpu_percent": 99.2,
                "timestamp": 1778794983.5432086
            },
            {
                "memory_mb": 340.5859375,
                "cpu_percent": 77.3,
                "timestamp": 1778794984.5912547
            },
            {
                "memory_mb": 340.58203125,
                "cpu_percent": 73.2,
                "timestamp": 1778794985.6430254
            },
            {
                "memory_mb": 340.578125,
                "cpu_percent": 33.4,
                "timestamp": 1778794986.6904275
            },
            {
                "memory_mb": 340.5859375,
                "cpu_percent": 99.2,
                "timestamp": 1778794987.7384582
            },
            {
                "memory_mb": 340.59765625,
                "cpu_percent": 79.8,
                "timestamp": 1778794988.790834
            },
            {
                "memory_mb": 340.58984375,
                "cpu_percent": 97.4,
                "timestamp": 1778794989.8377314
            },
            {
                "memory_mb": 340.58203125,
                "cpu_percent": 50.4,
                "timestamp": 1778794990.889727
            },
            {
                "memory_mb": 340.5859375,
                "cpu_percent": 48.7,
                "timestamp": 1778794991.9375598
            },
            {
                "memory_mb": 340.59765625,
                "cpu_percent": 99.2,
                "timestamp": 1778794992.9854748
            },
            {
                "memory_mb": 340.59765625,
                "cpu_percent": 99.2,
                "timestamp": 1778794994.0334194
            },
            {
                "memory_mb": 340.58203125,
                "cpu_percent": 99.2,
                "timestamp": 1778794995.0816717
            },
            {
                "memory_mb": 340.578125,
                "cpu_percent": 74.2,
                "timestamp": 1778794996.1322796
            },
            {
                "memory_mb": 340.60546875,
                "cpu_percent": 73.5,
                "timestamp": 1778794997.1804283
            },
            {
                "memory_mb": 340.609375,
                "cpu_percent": 100.2,
                "timestamp": 1778794998.2284806
            },
            {
                "memory_mb": 340.609375,
                "cpu_percent": 78.2,
                "timestamp": 1778794999.276429
            },
            {
                "memory_mb": 340.59765625,
                "cpu_percent": 96.4,
                "timestamp": 1778795000.3243985
            },
            {
                "memory_mb": 340.58984375,
                "cpu_percent": 10.5,
                "timestamp": 1778795001.3720832
            },
            {
                "memory_mb": 340.6015625,
                "cpu_percent": 93.5,
                "timestamp": 1778795002.4204202
            },
            {
                "memory_mb": 340.6171875,
                "cpu_percent": 100.2,
                "timestamp": 1778795003.468467
            },
            {
                "memory_mb": 340.609375,
                "cpu_percent": 76.3,
                "timestamp": 1778795004.5165198
            },
            {
                "memory_mb": 340.59765625,
                "cpu_percent": 75.0,
                "timestamp": 1778795005.569226
            },
            {
                "memory_mb": 340.6015625,
                "cpu_percent": 19.1,
                "timestamp": 1778795006.6164145
            },
            {
                "memory_mb": 340.6171875,
                "cpu_percent": 100.3,
                "timestamp": 1778795007.6637821
            },
            {
                "memory_mb": 340.61328125,
                "cpu_percent": 100.2,
                "timestamp": 1778795008.7117178
            },
            {
                "memory_mb": 340.609375,
                "cpu_percent": 99.3,
                "timestamp": 1778795009.75945
            },
            {
                "memory_mb": 340.59375,
                "cpu_percent": 99.2,
                "timestamp": 1778795010.8075945
            },
            {
                "memory_mb": 340.60546875,
                "cpu_percent": 42.9,
                "timestamp": 1778795011.8563056
            },
            {
                "memory_mb": 340.609375,
                "cpu_percent": 100.2,
                "timestamp": 1778795012.9042747
            },
            {
                "memory_mb": 340.60546875,
                "cpu_percent": 69.4,
                "timestamp": 1778795013.9563973
            },
            {
                "memory_mb": 340.60546875,
                "cpu_percent": 48.7,
                "timestamp": 1778795015.004336
            },
            {
                "memory_mb": 340.58984375,
                "cpu_percent": 99.3,
                "timestamp": 1778795016.0513718
            },
            {
                "memory_mb": 340.59375,
                "cpu_percent": 61.1,
                "timestamp": 1778795017.09936
            },
            {
                "memory_mb": 340.6171875,
                "cpu_percent": 99.2,
                "timestamp": 1778795018.1476357
            },
            {
                "memory_mb": 340.609375,
                "cpu_percent": 76.4,
                "timestamp": 1778795019.1950035
            },
            {
                "memory_mb": 340.59765625,
                "cpu_percent": 98.2,
                "timestamp": 1778795020.2435284
            },
            {
                "memory_mb": 340.59765625,
                "cpu_percent": 6.7,
                "timestamp": 1778795021.295191
            },
            {
                "memory_mb": 340.609375,
                "cpu_percent": 85.8,
                "timestamp": 1778795022.3443546
            },
            {
                "memory_mb": 340.61328125,
                "cpu_percent": 99.2,
                "timestamp": 1778795023.3922088
            },
            {
                "memory_mb": 340.609375,
                "cpu_percent": 100.2,
                "timestamp": 1778795024.4400926
            },
            {
                "memory_mb": 340.59765625,
                "cpu_percent": 100.2,
                "timestamp": 1778795025.4881656
            },
            {
                "memory_mb": 340.60546875,
                "cpu_percent": 33.4,
                "timestamp": 1778795026.536293
            },
            {
                "memory_mb": 340.6171875,
                "cpu_percent": 100.2,
                "timestamp": 1778795027.5842981
            },
            {
                "memory_mb": 340.61328125,
                "cpu_percent": 99.2,
                "timestamp": 1778795028.6325014
            },
            {
                "memory_mb": 340.60546875,
                "cpu_percent": 76.2,
                "timestamp": 1778795029.6821806
            },
            {
                "memory_mb": 340.6015625,
                "cpu_percent": 71.3,
                "timestamp": 1778795030.7341416
            },
            {
                "memory_mb": 340.59765625,
                "cpu_percent": 36.3,
                "timestamp": 1778795031.7819204
            },
            {
                "memory_mb": 340.60546875,
                "cpu_percent": 99.2,
                "timestamp": 1778795032.8299944
            },
            {
                "memory_mb": 340.61328125,
                "cpu_percent": 75.1,
                "timestamp": 1778795033.881721
            },
            {
                "memory_mb": 340.609375,
                "cpu_percent": 100.2,
                "timestamp": 1778795034.929889
            },
            {
                "memory_mb": 340.6015625,
                "cpu_percent": 35.1,
                "timestamp": 1778795035.9848096
            },
            {
                "memory_mb": 340.59765625,
                "cpu_percent": 58.2,
                "timestamp": 1778795037.0330172
            },
            {
                "memory_mb": 340.62109375,
                "cpu_percent": 99.3,
                "timestamp": 1778795038.0808082
            },
            {
                "memory_mb": 340.61328125,
                "cpu_percent": 99.2,
                "timestamp": 1778795039.1289709
            },
            {
                "memory_mb": 340.6015625,
                "cpu_percent": 82.7,
                "timestamp": 1778795040.1812484
            },
            {
                "memory_mb": 340.6015625,
                "cpu_percent": 27.7,
                "timestamp": 1778795041.2281108
            },
            {
                "memory_mb": 340.6015625,
                "cpu_percent": 100.2,
                "timestamp": 1778795042.276117
            },
            {
                "memory_mb": 340.61328125,
                "cpu_percent": 100.2,
                "timestamp": 1778795043.3239477
            },
            {
                "memory_mb": 340.609375,
                "cpu_percent": 74.4,
                "timestamp": 1778795044.3720982
            },
            {
                "memory_mb": 340.60546875,
                "cpu_percent": 100.2,
                "timestamp": 1778795045.4197676
            },
            {
                "memory_mb": 340.6015625,
                "cpu_percent": 22.8,
                "timestamp": 1778795046.4721684
            },
            {
                "memory_mb": 340.61328125,
                "cpu_percent": 98.3,
                "timestamp": 1778795047.5196314
            },
            {
                "memory_mb": 345.99609375,
                "cpu_percent": 100.2,
                "timestamp": 1778795048.5676663
            },
            {
                "memory_mb": 346.0625,
                "cpu_percent": 81.1,
                "timestamp": 1778795049.6157835
            },
            {
                "memory_mb": 346.0546875,
                "cpu_percent": 64.6,
                "timestamp": 1778795050.6679745
            },
            {
                "memory_mb": 340.62890625,
                "cpu_percent": 30.5,
                "timestamp": 1778795051.7156138
            },
            {
                "memory_mb": 340.64453125,
                "cpu_percent": 99.3,
                "timestamp": 1778795052.763336
            },
            {
                "memory_mb": 340.65234375,
                "cpu_percent": 100.2,
                "timestamp": 1778795053.8115976
            },
            {
                "memory_mb": 340.6484375,
                "cpu_percent": 99.2,
                "timestamp": 1778795054.859522
            },
            {
                "memory_mb": 340.6328125,
                "cpu_percent": 84.7,
                "timestamp": 1778795055.910444
            },
            {
                "memory_mb": 340.64453125,
                "cpu_percent": 47.7,
                "timestamp": 1778795056.9585748
            },
            {
                "memory_mb": 340.65234375,
                "cpu_percent": 100.2,
                "timestamp": 1778795058.0066092
            },
            {
                "memory_mb": 340.6484375,
                "cpu_percent": 80.2,
                "timestamp": 1778795059.0539086
            },
            {
                "memory_mb": 340.64453125,
                "cpu_percent": 95.4,
                "timestamp": 1778795060.1018372
            },
            {
                "memory_mb": 340.640625,
                "cpu_percent": 32.3,
                "timestamp": 1778795061.1539295
            },
            {
                "memory_mb": 340.63671875,
                "cpu_percent": 71.6,
                "timestamp": 1778795062.2015777
            },
            {
                "memory_mb": 340.66015625,
                "cpu_percent": 100.2,
                "timestamp": 1778795063.2495162
            },
            {
                "memory_mb": 340.65625,
                "cpu_percent": 78.3,
                "timestamp": 1778795064.2971108
            },
            {
                "memory_mb": 340.64453125,
                "cpu_percent": 95.4,
                "timestamp": 1778795065.3448663
            },
            {
                "memory_mb": 340.64453125,
                "cpu_percent": 6.6,
                "timestamp": 1778795066.3977702
            },
            {
                "memory_mb": 340.66796875,
                "cpu_percent": 87.7,
                "timestamp": 1778795067.4462738
            },
            {
                "memory_mb": 340.6640625,
                "cpu_percent": 100.2,
                "timestamp": 1778795068.4945178
            },
            {
                "memory_mb": 340.66015625,
                "cpu_percent": 100.2,
                "timestamp": 1778795069.542579
            },
            {
                "memory_mb": 340.6484375,
                "cpu_percent": 100.2,
                "timestamp": 1778795070.5905411
            },
            {
                "memory_mb": 340.65625,
                "cpu_percent": 37.2,
                "timestamp": 1778795071.6379242
            },
            {
                "memory_mb": 340.6640625,
                "cpu_percent": 100.2,
                "timestamp": 1778795072.6856585
            },
            {
                "memory_mb": 340.66015625,
                "cpu_percent": 96.4,
                "timestamp": 1778795073.7336514
            },
            {
                "memory_mb": 340.65234375,
                "cpu_percent": 83.0,
                "timestamp": 1778795074.7813826
            },
            {
                "memory_mb": 340.6484375,
                "cpu_percent": 67.5,
                "timestamp": 1778795075.8332922
            },
            {
                "memory_mb": 340.64453125,
                "cpu_percent": 41.0,
                "timestamp": 1778795076.8814383
            },
            {
                "memory_mb": 340.66796875,
                "cpu_percent": 100.2,
                "timestamp": 1778795077.929752
            },
            {
                "memory_mb": 340.66015625,
                "cpu_percent": 76.3,
                "timestamp": 1778795078.9777393
            },
            {
                "memory_mb": 340.65625,
                "cpu_percent": 99.3,
                "timestamp": 1778795080.0255346
            },
            {
                "memory_mb": 340.6484375,
                "cpu_percent": 33.2,
                "timestamp": 1778795081.078668
            },
            {
                "memory_mb": 340.64453125,
                "cpu_percent": 56.3,
                "timestamp": 1778795082.1263988
            },
            {
                "memory_mb": 340.6640625,
                "cpu_percent": 100.2,
                "timestamp": 1778795083.174419
            },
            {
                "memory_mb": 340.6640625,
                "cpu_percent": 99.2,
                "timestamp": 1778795084.2223585
            },
            {
                "memory_mb": 340.6484375,
                "cpu_percent": 100.1,
                "timestamp": 1778795085.2708986
            },
            {
                "memory_mb": 340.64453125,
                "cpu_percent": 61.8,
                "timestamp": 1778795086.3228195
            },
            {
                "memory_mb": 340.66015625,
                "cpu_percent": 80.1,
                "timestamp": 1778795087.371475
            },
            {
                "memory_mb": 340.6640625,
                "cpu_percent": 99.3,
                "timestamp": 1778795088.4193308
            },
            {
                "memory_mb": 340.65625,
                "cpu_percent": 76.3,
                "timestamp": 1778795089.467291
            },
            {
                "memory_mb": 340.6484375,
                "cpu_percent": 94.2,
                "timestamp": 1778795090.5181773
            },
            {
                "memory_mb": 340.64453125,
                "cpu_percent": 14.2,
                "timestamp": 1778795091.5731466
            },
            {
                "memory_mb": 340.65234375,
                "cpu_percent": 99.2,
                "timestamp": 1778795092.6213078
            },
            {
                "memory_mb": 340.6640625,
                "cpu_percent": 95.5,
                "timestamp": 1778795093.6689506
            },
            {
                "memory_mb": 340.65625,
                "cpu_percent": 80.2,
                "timestamp": 1778795094.7165155
            },
            {
                "memory_mb": 340.6484375,
                "cpu_percent": 62.7,
                "timestamp": 1778795095.7688694
            },
            {
                "memory_mb": 340.64453125,
                "cpu_percent": 8.5,
                "timestamp": 1778795096.5958128
            }
        ]
    }
}
