Процесс: 58010
УПРАВЛЯЮЩИЙ ПРОЦЕСС
Родитель: 13546
Создан: 2026-04-26T10:14:09.090000
Последний замер: 2026-04-26T10:19:11.657001
Время жизни: 302.567001 сек
voluntary_ctxt_switches: 1657
nonvoluntary_ctxt_switches: 64
jiffies: 87.0
avg_cpu_load: 0.2 %
avg_memory_mb: 42.7 MB


Процесс: 58017
Родитель: 58010
Создан: 2026-04-26T10:14:09.490000
Последний замер: 2026-04-26T10:19:11.657215
Время жизни: 302.167215 сек
voluntary_ctxt_switches: 162
nonvoluntary_ctxt_switches: 1659
jiffies: 1297.0
avg_cpu_load: 4.3 %
avg_memory_mb: 112.8 MB

Среднее latency: 1.82
Средний runtime: 1.8
Всего задач: 30
Задач по типам: cpu_intensive - 20; memory_intensive - 10

Процесс: 58018
Родитель: 58010
Создан: 2026-04-26T10:14:09.520000
Последний замер: 2026-04-26T10:19:11.657418
Время жизни: 302.137418 сек
voluntary_ctxt_switches: 174
nonvoluntary_ctxt_switches: 1440
jiffies: 1322.0
avg_cpu_load: 4.4 %
avg_memory_mb: 118.3 MB

Среднее latency: 1.81
Средний runtime: 1.79
Всего задач: 30
Задач по типам: memory_intensive - 10; cpu_intensive - 20

Процесс: 58019
Родитель: 58010
Создан: 2026-04-26T10:14:09.540000
Последний замер: 2026-04-26T10:19:11.657630
Время жизни: 302.11763 сек
voluntary_ctxt_switches: 167
nonvoluntary_ctxt_switches: 1047
jiffies: 1295.0
avg_cpu_load: 4.3 %
avg_memory_mb: 115.6 MB

Среднее latency: 1.75
Средний runtime: 1.73
Всего задач: 30
Задач по типам: cpu_intensive - 20; memory_intensive - 10

Процесс: 58020
Родитель: 58010
Создан: 2026-04-26T10:14:09.560000
Последний замер: 2026-04-26T10:19:11.657833
Время жизни: 302.097833 сек
voluntary_ctxt_switches: 167
nonvoluntary_ctxt_switches: 1449
jiffies: 1317.0
avg_cpu_load: 4.4 %
avg_memory_mb: 112.9 MB

Среднее latency: 1.81
Средний runtime: 1.79
Всего задач: 30
Задач по типам: cpu_intensive - 20; memory_intensive - 10

Процесс: 58021
Родитель: 58010
Создан: 2026-04-26T10:14:09.590000
Последний замер: 2026-04-26T10:19:11.658037
Время жизни: 302.068037 сек
voluntary_ctxt_switches: 163
nonvoluntary_ctxt_switches: 1284
jiffies: 1295.0
avg_cpu_load: 4.3 %
avg_memory_mb: 118.2 MB

Среднее latency: 1.78
Средний runtime: 1.76
Всего задач: 30
Задач по типам: memory_intensive - 10; cpu_intensive - 20

Процесс: 58023
Родитель: 58010
Создан: 2026-04-26T10:14:09.610000
Последний замер: 2026-04-26T10:19:11.658238
Время жизни: 302.048238 сек
voluntary_ctxt_switches: 164
nonvoluntary_ctxt_switches: 2024
jiffies: 1333.0
avg_cpu_load: 4.4 %
avg_memory_mb: 115.7 MB

Среднее latency: 1.87
Средний runtime: 1.85
Всего задач: 30
Задач по типам: cpu_intensive - 20; memory_intensive - 10

Процесс: 58029
Родитель: 58010
Создан: 2026-04-26T10:14:09.630000
Последний замер: 2026-04-26T10:19:11.658546
Время жизни: 302.028546 сек
voluntary_ctxt_switches: 163
nonvoluntary_ctxt_switches: 2199
jiffies: 1296.0
avg_cpu_load: 4.3 %
avg_memory_mb: 112.8 MB

Среднее latency: 1.89
Средний runtime: 1.86
Всего задач: 30
Задач по типам: cpu_intensive - 20; memory_intensive - 10

Процесс: 58030
Родитель: 58010
Создан: 2026-04-26T10:14:09.660000
Последний замер: 2026-04-26T10:19:11.658758
Время жизни: 301.998758 сек
voluntary_ctxt_switches: 161
nonvoluntary_ctxt_switches: 2122
jiffies: 1317.0
avg_cpu_load: 4.4 %
avg_memory_mb: 115.7 MB

Среднее latency: 1.88
Средний runtime: 1.86
Всего задач: 30
Задач по типам: cpu_intensive - 20; memory_intensive - 10

