Процесс: 21480
УПРАВЛЯЮЩИЙ ПРОЦЕСС
Родитель: 13546
Создан: 2026-04-26T02:41:01.890000
Последний замер: 2026-04-26T02:46:04.420792
Время жизни: 302.530792 сек
voluntary_ctxt_switches: 5132
nonvoluntary_ctxt_switches: 200
jiffies: 175.0
avg_cpu_load: 0.5 %
avg_memory_mb: 42.9 MB


Процесс: 21487
Родитель: 21480
Создан: 2026-04-26T02:41:02.290000
Последний замер: 2026-04-26T02:46:04.421017
Время жизни: 302.131017 сек
voluntary_ctxt_switches: 875
nonvoluntary_ctxt_switches: 10838
jiffies: 7235.0
avg_cpu_load: 24.0 %
avg_memory_mb: 118.9 MB

Среднее latency: 20.95
Средний runtime: 1.84
Всего задач: 163
Задач по типам: cpu_intensive - 109; memory_intensive - 54

Процесс: 21488
Родитель: 21480
Создан: 2026-04-26T02:41:02.310000
Последний замер: 2026-04-26T02:46:04.421231
Время жизни: 302.111231 сек
voluntary_ctxt_switches: 869
nonvoluntary_ctxt_switches: 10314
jiffies: 7334.0
avg_cpu_load: 24.3 %
avg_memory_mb: 119.4 MB

Среднее latency: 20.85
Средний runtime: 1.83
Всего задач: 164
Задач по типам: memory_intensive - 54; cpu_intensive - 110

Процесс: 21489
Родитель: 21480
Создан: 2026-04-26T02:41:02.340000
Последний замер: 2026-04-26T02:46:04.421446
Время жизни: 302.081446 сек
voluntary_ctxt_switches: 906
nonvoluntary_ctxt_switches: 10171
jiffies: 7105.0
avg_cpu_load: 23.6 %
avg_memory_mb: 118.3 MB

Среднее latency: 20.75
Средний runtime: 1.83
Всего задач: 164
Задач по типам: cpu_intensive - 106; memory_intensive - 58

Процесс: 21490
Родитель: 21480
Создан: 2026-04-26T02:41:02.360000
Последний замер: 2026-04-26T02:46:04.421667
Время жизни: 302.061667 сек
voluntary_ctxt_switches: 839
nonvoluntary_ctxt_switches: 10789
jiffies: 7480.0
avg_cpu_load: 24.8 %
avg_memory_mb: 115.8 MB

Среднее latency: 20.79
Средний runtime: 1.84
Всего задач: 163
Задач по типам: cpu_intensive - 112; memory_intensive - 51

Процесс: 21491
Родитель: 21480
Создан: 2026-04-26T02:41:02.380000
Последний замер: 2026-04-26T02:46:04.421879
Время жизни: 302.041879 сек
voluntary_ctxt_switches: 893
nonvoluntary_ctxt_switches: 10368
jiffies: 7148.0
avg_cpu_load: 23.8 %
avg_memory_mb: 119.6 MB

Среднее latency: 20.84
Средний runtime: 1.83
Всего задач: 164
Задач по типам: memory_intensive - 57; cpu_intensive - 107

Процесс: 21498
Родитель: 21480
Создан: 2026-04-26T02:41:02.400000
Последний замер: 2026-04-26T02:46:04.422197
Время жизни: 302.022197 сек
voluntary_ctxt_switches: 875
nonvoluntary_ctxt_switches: 10921
jiffies: 7277.0
avg_cpu_load: 24.1 %
avg_memory_mb: 119.0 MB

Среднее latency: 20.92
Средний runtime: 1.84
Всего задач: 163
Задач по типам: cpu_intensive - 109; memory_intensive - 54

Процесс: 21499
Родитель: 21480
Создан: 2026-04-26T02:41:02.430000
Последний замер: 2026-04-26T02:46:04.422405
Время жизни: 301.992405 сек
voluntary_ctxt_switches: 856
nonvoluntary_ctxt_switches: 10723
jiffies: 7348.0
avg_cpu_load: 24.3 %
avg_memory_mb: 117.5 MB

Среднее latency: 20.68
Средний runtime: 1.84
Всего задач: 163
Задач по типам: cpu_intensive - 110; memory_intensive - 53

Процесс: 21500
Родитель: 21480
Создан: 2026-04-26T02:41:02.450000
Последний замер: 2026-04-26T02:46:04.422623
Время жизни: 301.972623 сек
voluntary_ctxt_switches: 864
nonvoluntary_ctxt_switches: 10870
jiffies: 7215.0
avg_cpu_load: 23.9 %
avg_memory_mb: 119.0 MB

Среднее latency: 20.98
Средний runtime: 1.84
Всего задач: 163
Задач по типам: cpu_intensive - 109; memory_intensive - 54

