{
    "idx_task": 10,
    "task_name": "memory_intensive",
    "duration_into_wraps": 52.11,
    "data": {
        "ppid": 181719,
        "voluntary_ctxt_switches": 101,
        "nonvoluntary_ctxt_switches": 24,
        "delta_jiffies": 108,
        "delta_time": 52.1056,
        "cpu_load": 2.07,
        "memory_mib": 906.8125
    },
    "timestamp": 1775645203.7679925
}
{
    "idx_task": 16,
    "task_name": "memory_intensive",
    "duration_into_wraps": 51.49,
    "data": {
        "ppid": 181719,
        "voluntary_ctxt_switches": 101,
        "nonvoluntary_ctxt_switches": 9,
        "delta_jiffies": 48,
        "delta_time": 51.491,
        "cpu_load": 0.93,
        "memory_mib": 8.078125
    },
    "timestamp": 1775645255.2652435
}
{
    "idx_task": 20,
    "task_name": "memory_intensive",
    "duration_into_wraps": 51.5,
    "data": {
        "ppid": 181719,
        "voluntary_ctxt_switches": 101,
        "nonvoluntary_ctxt_switches": 18,
        "delta_jiffies": 48,
        "delta_time": 51.4944,
        "cpu_load": 0.93,
        "memory_mib": 0.00390625
    },
    "timestamp": 1775645306.7638943
}
{
    "idx_task": 24,
    "task_name": "memory_intensive",
    "duration_into_wraps": 51.51,
    "data": {
        "ppid": 181719,
        "voluntary_ctxt_switches": 101,
        "nonvoluntary_ctxt_switches": 6,
        "delta_jiffies": 48,
        "delta_time": 51.5084,
        "cpu_load": 0.93,
        "memory_mib": 0.0
    },
    "timestamp": 1775645358.2772505
}
