{
    "idx_task": 2,
    "task_name": "memory_intensive",
    "duration_into_wraps": 52.16,
    "data": {
        "ppid": 181719,
        "voluntary_ctxt_switches": 101,
        "nonvoluntary_ctxt_switches": 19,
        "delta_jiffies": 114,
        "delta_time": 52.1551,
        "cpu_load": 2.19,
        "memory_mib": 906.7265625
    },
    "timestamp": 1775645100.0068457
}
{
    "idx_task": 5,
    "task_name": "memory_intensive",
    "duration_into_wraps": 51.52,
    "data": {
        "ppid": 181719,
        "voluntary_ctxt_switches": 101,
        "nonvoluntary_ctxt_switches": 7,
        "delta_jiffies": 49,
        "delta_time": 51.5138,
        "cpu_load": 0.95,
        "memory_mib": 8.08203125
    },
    "timestamp": 1775645151.530368
}
