{
    "idx_task": 170,
    "task_name": "memory_intensive",
    "duration_into_wraps": 6.13,
    "data": {
        "ppid": 184379,
        "voluntary_ctxt_switches": 11,
        "nonvoluntary_ctxt_switches": 2,
        "delta_jiffies": 12,
        "delta_time": 6.131,
        "cpu_load": 1.96,
        "memory_mib": 82.46875
    },
    "timestamp": 1775646441.483613
}
{
    "idx_task": 174,
    "task_name": "memory_intensive",
    "duration_into_wraps": 6.83,
    "data": {
        "ppid": 184379,
        "voluntary_ctxt_switches": 11,
        "nonvoluntary_ctxt_switches": 16,
        "delta_jiffies": 82,
        "delta_time": 6.8269,
        "cpu_load": 12.01,
        "memory_mib": 725.828125
    },
    "timestamp": 1775646448.3173053
}
{
    "idx_task": 179,
    "task_name": "memory_intensive",
    "duration_into_wraps": 6.08,
    "data": {
        "ppid": 184379,
        "voluntary_ctxt_switches": 11,
        "nonvoluntary_ctxt_switches": 3,
        "delta_jiffies": 7,
        "delta_time": 6.074999999999999,
        "cpu_load": 1.15,
        "memory_mib": -98.10546875
    },
    "timestamp": 1775646454.397293
}
{
    "idx_task": 183,
    "task_name": "memory_intensive",
    "duration_into_wraps": 6.56,
    "data": {
        "ppid": 184379,
        "voluntary_ctxt_switches": 11,
        "nonvoluntary_ctxt_switches": 10,
        "delta_jiffies": 56,
        "delta_time": 6.558,
        "cpu_load": 8.54,
        "memory_mib": 104.98046875
    },
    "timestamp": 1775646460.9596426
}
{
    "idx_task": 187,
    "task_name": "memory_intensive",
    "duration_into_wraps": 6.07,
    "data": {
        "ppid": 184379,
        "voluntary_ctxt_switches": 11,
        "nonvoluntary_ctxt_switches": 5,
        "delta_jiffies": 7,
        "delta_time": 6.0724,
        "cpu_load": 1.15,
        "memory_mib": -100.41015625
    },
    "timestamp": 1775646467.0358531
}
{
    "idx_task": 191,
    "task_name": "memory_intensive",
    "duration_into_wraps": 6.06,
    "data": {
        "ppid": 184379,
        "voluntary_ctxt_switches": 11,
        "nonvoluntary_ctxt_switches": 1,
        "delta_jiffies": 6,
        "delta_time": 6.0595,
        "cpu_load": 0.99,
        "memory_mib": 0.0
    },
    "timestamp": 1775646473.099359
}
{
    "idx_task": 195,
    "task_name": "memory_intensive",
    "duration_into_wraps": 6.57,
    "data": {
        "ppid": 184379,
        "voluntary_ctxt_switches": 11,
        "nonvoluntary_ctxt_switches": 4,
        "delta_jiffies": 57,
        "delta_time": 6.564,
        "cpu_load": 8.68,
        "memory_mib": 100.41015625
    },
    "timestamp": 1775646479.6673691
}
{
    "idx_task": 199,
    "task_name": "memory_intensive",
    "duration_into_wraps": 6.07,
    "data": {
        "ppid": 184379,
        "voluntary_ctxt_switches": 11,
        "nonvoluntary_ctxt_switches": 1,
        "delta_jiffies": 7,
        "delta_time": 6.070399999999999,
        "cpu_load": 1.15,
        "memory_mib": -100.41015625
    },
    "timestamp": 1775646485.7414117
}
