{
    "310916": {
        "ppid": "254983",
        "name": "celery",
        "cmdline": "/home/experimenter/projects/celery-autoscale/.venv/bin/python3 /home/experimenter/projects/celery-autoscale/.venv/bin/celery -A celery_app worker --loglevel=INFO --concurrency=4 --pool=gevent",
        "create_time": "2026-05-15T00:18:11.130000",
        "last_update": "2026-05-15T00:23:12.919637",
        "voluntary_ctxt_switches": 2180,
        "nonvoluntary_ctxt_switches": 1547,
        "jiffies": 11978,
        "stats": [
            {
                "memory_mb": 48.24609375,
                "cpu_percent": 0.0,
                "timestamp": 1778793492.2137504
            },
            {
                "memory_mb": 48.73046875,
                "cpu_percent": 38.8,
                "timestamp": 1778793493.269708
            },
            {
                "memory_mb": 112.78515625,
                "cpu_percent": 35.1,
                "timestamp": 1778793494.3234313
            },
            {
                "memory_mb": 140.19921875,
                "cpu_percent": 78.1,
                "timestamp": 1778793495.3740027
            },
            {
                "memory_mb": 140.203125,
                "cpu_percent": 61.9,
                "timestamp": 1778793496.4248698
            },
            {
                "memory_mb": 139.43359375,
                "cpu_percent": 3.8,
                "timestamp": 1778793497.4776204
            },
            {
                "memory_mb": 139.4375,
                "cpu_percent": 84.7,
                "timestamp": 1778793498.528473
            },
            {
                "memory_mb": 139.4375,
                "cpu_percent": 55.0,
                "timestamp": 1778793499.583181
            },
            {
                "memory_mb": 140.84375,
                "cpu_percent": 55.2,
                "timestamp": 1778793500.6336062
            },
            {
                "memory_mb": 112.03125,
                "cpu_percent": 22.7,
                "timestamp": 1778793501.688846
            },
            {
                "memory_mb": 112.04296875,
                "cpu_percent": 9.5,
                "timestamp": 1778793502.738844
            },
            {
                "memory_mb": 113.06640625,
                "cpu_percent": 74.1,
                "timestamp": 1778793503.791425
            },
            {
                "memory_mb": 204.18359375,
                "cpu_percent": 60.9,
                "timestamp": 1778793504.8428206
            },
            {
                "memory_mb": 230.22265625,
                "cpu_percent": 8.6,
                "timestamp": 1778793505.8950272
            },
            {
                "memory_mb": 230.22265625,
                "cpu_percent": 0.0,
                "timestamp": 1778793506.9478505
            },
            {
                "memory_mb": 230.2265625,
                "cpu_percent": 34.3,
                "timestamp": 1778793507.9985745
            },
            {
                "memory_mb": 230.23828125,
                "cpu_percent": 35.2,
                "timestamp": 1778793509.0506263
            },
            {
                "memory_mb": 230.32421875,
                "cpu_percent": 73.2,
                "timestamp": 1778793510.1023948
            },
            {
                "memory_mb": 230.3203125,
                "cpu_percent": 65.4,
                "timestamp": 1778793511.1574576
            },
            {
                "memory_mb": 228.40234375,
                "cpu_percent": 1.9,
                "timestamp": 1778793512.2121239
            },
            {
                "memory_mb": 228.40625,
                "cpu_percent": 58.1,
                "timestamp": 1778793513.2620714
            },
            {
                "memory_mb": 228.41796875,
                "cpu_percent": 71.9,
                "timestamp": 1778793514.319558
            },
            {
                "memory_mb": 228.41015625,
                "cpu_percent": 37.1,
                "timestamp": 1778793515.371758
            },
            {
                "memory_mb": 222.2421875,
                "cpu_percent": 40.9,
                "timestamp": 1778793516.4234548
            },
            {
                "memory_mb": 222.2421875,
                "cpu_percent": 0.0,
                "timestamp": 1778793517.4748232
            },
            {
                "memory_mb": 222.2578125,
                "cpu_percent": 65.3,
                "timestamp": 1778793518.5308235
            },
            {
                "memory_mb": 222.25,
                "cpu_percent": 71.3,
                "timestamp": 1778793519.5831175
            },
            {
                "memory_mb": 232.2890625,
                "cpu_percent": 7.6,
                "timestamp": 1778793520.6347575
            },
            {
                "memory_mb": 230.2265625,
                "cpu_percent": 0.9,
                "timestamp": 1778793521.6894782
            },
            {
                "memory_mb": 230.23046875,
                "cpu_percent": 8.6,
                "timestamp": 1778793522.7411273
            },
            {
                "memory_mb": 230.2421875,
                "cpu_percent": 58.9,
                "timestamp": 1778793523.7934053
            },
            {
                "memory_mb": 230.23828125,
                "cpu_percent": 49.5,
                "timestamp": 1778793524.8436713
            },
            {
                "memory_mb": 230.23046875,
                "cpu_percent": 91.2,
                "timestamp": 1778793525.8965554
            },
            {
                "memory_mb": 189.76953125,
                "cpu_percent": 3.8,
                "timestamp": 1778793526.9514165
            },
            {
                "memory_mb": 189.7734375,
                "cpu_percent": 32.3,
                "timestamp": 1778793528.0025175
            },
            {
                "memory_mb": 189.78125,
                "cpu_percent": 99.9,
                "timestamp": 1778793529.053538
            },
            {
                "memory_mb": 189.77734375,
                "cpu_percent": 9.5,
                "timestamp": 1778793530.1069658
            },
            {
                "memory_mb": 189.76953125,
                "cpu_percent": 67.3,
                "timestamp": 1778793531.1623604
            },
            {
                "memory_mb": 189.76953125,
                "cpu_percent": 0.9,
                "timestamp": 1778793532.216639
            },
            {
                "memory_mb": 189.78125,
                "cpu_percent": 57.0,
                "timestamp": 1778793533.269869
            },
            {
                "memory_mb": 189.78515625,
                "cpu_percent": 74.2,
                "timestamp": 1778793534.3207188
            },
            {
                "memory_mb": 232.29296875,
                "cpu_percent": 11.4,
                "timestamp": 1778793535.3758786
            },
            {
                "memory_mb": 230.234375,
                "cpu_percent": 5.7,
                "timestamp": 1778793536.4306211
            },
            {
                "memory_mb": 230.234375,
                "cpu_percent": 0.0,
                "timestamp": 1778793537.4855664
            },
            {
                "memory_mb": 230.25,
                "cpu_percent": 68.2,
                "timestamp": 1778793538.5418978
            },
            {
                "memory_mb": 230.24609375,
                "cpu_percent": 23.8,
                "timestamp": 1778793539.592774
            },
            {
                "memory_mb": 230.2421875,
                "cpu_percent": 99.9,
                "timestamp": 1778793540.644331
            },
            {
                "memory_mb": 212.25390625,
                "cpu_percent": 19.0,
                "timestamp": 1778793541.6986198
            },
            {
                "memory_mb": 212.2578125,
                "cpu_percent": 7.6,
                "timestamp": 1778793542.7486267
            },
            {
                "memory_mb": 212.265625,
                "cpu_percent": 99.8,
                "timestamp": 1778793543.8002057
            },
            {
                "memory_mb": 212.265625,
                "cpu_percent": 29.4,
                "timestamp": 1778793544.8559568
            },
            {
                "memory_mb": 202.48046875,
                "cpu_percent": 69.2,
                "timestamp": 1778793545.910304
            },
            {
                "memory_mb": 202.48046875,
                "cpu_percent": 0.0,
                "timestamp": 1778793546.9652867
            },
            {
                "memory_mb": 202.4921875,
                "cpu_percent": 31.3,
                "timestamp": 1778793548.017934
            },
            {
                "memory_mb": 202.49609375,
                "cpu_percent": 74.0,
                "timestamp": 1778793549.0713522
            },
            {
                "memory_mb": 232.29296875,
                "cpu_percent": 37.9,
                "timestamp": 1778793550.1273515
            },
            {
                "memory_mb": 230.234375,
                "cpu_percent": 5.7,
                "timestamp": 1778793551.182482
            },
            {
                "memory_mb": 230.234375,
                "cpu_percent": 0.0,
                "timestamp": 1778793552.2368724
            },
            {
                "memory_mb": 230.23828125,
                "cpu_percent": 58.1,
                "timestamp": 1778793553.2868142
            },
            {
                "memory_mb": 230.25,
                "cpu_percent": 12.3,
                "timestamp": 1778793554.3406699
            },
            {
                "memory_mb": 230.2421875,
                "cpu_percent": 97.1,
                "timestamp": 1778793555.39111
            },
            {
                "memory_mb": 202.3671875,
                "cpu_percent": 42.7,
                "timestamp": 1778793556.4457123
            },
            {
                "memory_mb": 200.08984375,
                "cpu_percent": 1.9,
                "timestamp": 1778793557.501247
            },
            {
                "memory_mb": 200.1015625,
                "cpu_percent": 82.5,
                "timestamp": 1778793558.5557184
            },
            {
                "memory_mb": 200.1015625,
                "cpu_percent": 51.3,
                "timestamp": 1778793559.6076553
            },
            {
                "memory_mb": 200.09765625,
                "cpu_percent": 57.1,
                "timestamp": 1778793560.658556
            },
            {
                "memory_mb": 197.9140625,
                "cpu_percent": 15.2,
                "timestamp": 1778793561.7124984
            },
            {
                "memory_mb": 197.92578125,
                "cpu_percent": 7.6,
                "timestamp": 1778793562.763031
            },
            {
                "memory_mb": 197.9296875,
                "cpu_percent": 73.3,
                "timestamp": 1778793563.812996
            },
            {
                "memory_mb": 204.27734375,
                "cpu_percent": 61.7,
                "timestamp": 1778793564.8663979
            },
            {
                "memory_mb": 230.2421875,
                "cpu_percent": 7.6,
                "timestamp": 1778793565.9202924
            },
            {
                "memory_mb": 230.2421875,
                "cpu_percent": 0.0,
                "timestamp": 1778793566.9736397
            },
            {
                "memory_mb": 230.24609375,
                "cpu_percent": 32.3,
                "timestamp": 1778793568.0249217
            },
            {
                "memory_mb": 230.2578125,
                "cpu_percent": 38.9,
                "timestamp": 1778793569.079075
            },
            {
                "memory_mb": 230.25,
                "cpu_percent": 69.4,
                "timestamp": 1778793570.130337
            },
            {
                "memory_mb": 230.24609375,
                "cpu_percent": 70.1,
                "timestamp": 1778793571.1853435
            },
            {
                "memory_mb": 197.99609375,
                "cpu_percent": 3.8,
                "timestamp": 1778793572.242286
            },
            {
                "memory_mb": 198.0,
                "cpu_percent": 57.1,
                "timestamp": 1778793573.293785
            },
            {
                "memory_mb": 198.01171875,
                "cpu_percent": 77.7,
                "timestamp": 1778793574.3486845
            },
            {
                "memory_mb": 198.00390625,
                "cpu_percent": 30.4,
                "timestamp": 1778793575.4011943
            },
            {
                "memory_mb": 197.99609375,
                "cpu_percent": 41.7,
                "timestamp": 1778793576.455588
            },
            {
                "memory_mb": 197.99609375,
                "cpu_percent": 0.0,
                "timestamp": 1778793577.5065165
            },
            {
                "memory_mb": 198.01171875,
                "cpu_percent": 70.2,
                "timestamp": 1778793578.561319
            },
            {
                "memory_mb": 198.00390625,
                "cpu_percent": 70.2,
                "timestamp": 1778793579.6157303
            },
            {
                "memory_mb": 232.3046875,
                "cpu_percent": 6.7,
                "timestamp": 1778793580.668077
            },
            {
                "memory_mb": 230.23828125,
                "cpu_percent": 3.8,
                "timestamp": 1778793581.7195332
            },
            {
                "memory_mb": 230.2421875,
                "cpu_percent": 6.7,
                "timestamp": 1778793582.7715378
            },
            {
                "memory_mb": 230.25390625,
                "cpu_percent": 62.8,
                "timestamp": 1778793583.8221886
            },
            {
                "memory_mb": 230.25,
                "cpu_percent": 46.6,
                "timestamp": 1778793584.8737075
            },
            {
                "memory_mb": 230.24609375,
                "cpu_percent": 98.0,
                "timestamp": 1778793585.9247005
            },
            {
                "memory_mb": 197.53125,
                "cpu_percent": 1.9,
                "timestamp": 1778793586.978259
            },
            {
                "memory_mb": 197.53515625,
                "cpu_percent": 30.4,
                "timestamp": 1778793588.0297801
            },
            {
                "memory_mb": 197.54296875,
                "cpu_percent": 99.9,
                "timestamp": 1778793589.0805216
            },
            {
                "memory_mb": 197.54296875,
                "cpu_percent": 9.5,
                "timestamp": 1778793590.1335588
            },
            {
                "memory_mb": 197.53125,
                "cpu_percent": 69.2,
                "timestamp": 1778793591.1883838
            },
            {
                "memory_mb": 197.53125,
                "cpu_percent": 0.0,
                "timestamp": 1778793592.2415385
            },
            {
                "memory_mb": 197.54296875,
                "cpu_percent": 55.2,
                "timestamp": 1778793593.2913425
            },
            {
                "memory_mb": 197.55078125,
                "cpu_percent": 73.3,
                "timestamp": 1778793594.3418865
            },
            {
                "memory_mb": 232.3125,
                "cpu_percent": 17.1,
                "timestamp": 1778793595.3963661
            },
            {
                "memory_mb": 230.25,
                "cpu_percent": 4.7,
                "timestamp": 1778793596.4524267
            },
            {
                "memory_mb": 230.25,
                "cpu_percent": 0.0,
                "timestamp": 1778793597.5120568
            },
            {
                "memory_mb": 230.265625,
                "cpu_percent": 66.4,
                "timestamp": 1778793598.5659847
            },
            {
                "memory_mb": 230.26171875,
                "cpu_percent": 22.8,
                "timestamp": 1778793599.6172664
            },
            {
                "memory_mb": 230.2578125,
                "cpu_percent": 100.0,
                "timestamp": 1778793600.6677523
            },
            {
                "memory_mb": 197.5390625,
                "cpu_percent": 23.7,
                "timestamp": 1778793601.7228408
            },
            {
                "memory_mb": 197.54296875,
                "cpu_percent": 4.7,
                "timestamp": 1778793602.775987
            },
            {
                "memory_mb": 197.55078125,
                "cpu_percent": 99.9,
                "timestamp": 1778793603.82731
            },
            {
                "memory_mb": 197.5546875,
                "cpu_percent": 31.3,
                "timestamp": 1778793604.8818216
            },
            {
                "memory_mb": 197.54296875,
                "cpu_percent": 70.1,
                "timestamp": 1778793605.9374976
            },
            {
                "memory_mb": 197.54296875,
                "cpu_percent": 0.0,
                "timestamp": 1778793606.9928088
            },
            {
                "memory_mb": 197.5546875,
                "cpu_percent": 30.5,
                "timestamp": 1778793608.0427155
            },
            {
                "memory_mb": 197.55859375,
                "cpu_percent": 73.2,
                "timestamp": 1778793609.0943887
            },
            {
                "memory_mb": 232.32421875,
                "cpu_percent": 39.9,
                "timestamp": 1778793610.1466372
            },
            {
                "memory_mb": 230.26171875,
                "cpu_percent": 5.7,
                "timestamp": 1778793611.2013974
            },
            {
                "memory_mb": 230.26171875,
                "cpu_percent": 0.0,
                "timestamp": 1778793612.2572117
            },
            {
                "memory_mb": 230.265625,
                "cpu_percent": 55.2,
                "timestamp": 1778793613.3084795
            },
            {
                "memory_mb": 230.27734375,
                "cpu_percent": 15.2,
                "timestamp": 1778793614.362417
            },
            {
                "memory_mb": 230.26953125,
                "cpu_percent": 94.2,
                "timestamp": 1778793615.4135602
            },
            {
                "memory_mb": 230.265625,
                "cpu_percent": 44.6,
                "timestamp": 1778793616.468003
            },
            {
                "memory_mb": 197.54296875,
                "cpu_percent": 1.9,
                "timestamp": 1778793617.524107
            },
            {
                "memory_mb": 197.5546875,
                "cpu_percent": 80.0,
                "timestamp": 1778793618.5747185
            },
            {
                "memory_mb": 197.5546875,
                "cpu_percent": 56.1,
                "timestamp": 1778793619.6262145
            },
            {
                "memory_mb": 197.55078125,
                "cpu_percent": 52.3,
                "timestamp": 1778793620.6778357
            },
            {
                "memory_mb": 197.54296875,
                "cpu_percent": 18.0,
                "timestamp": 1778793621.7321455
            },
            {
                "memory_mb": 197.5546875,
                "cpu_percent": 4.8,
                "timestamp": 1778793622.7823195
            },
            {
                "memory_mb": 197.55859375,
                "cpu_percent": 73.3,
                "timestamp": 1778793623.832192
            },
            {
                "memory_mb": 204.296875,
                "cpu_percent": 61.6,
                "timestamp": 1778793624.8881
            },
            {
                "memory_mb": 230.26171875,
                "cpu_percent": 9.5,
                "timestamp": 1778793625.9424658
            },
            {
                "memory_mb": 230.26171875,
                "cpu_percent": 0.0,
                "timestamp": 1778793626.9949493
            },
            {
                "memory_mb": 230.265625,
                "cpu_percent": 29.5,
                "timestamp": 1778793628.0450275
            },
            {
                "memory_mb": 230.27734375,
                "cpu_percent": 39.8,
                "timestamp": 1778793629.0991526
            },
            {
                "memory_mb": 230.2734375,
                "cpu_percent": 68.6,
                "timestamp": 1778793630.149421
            },
            {
                "memory_mb": 230.265625,
                "cpu_percent": 69.2,
                "timestamp": 1778793631.204479
            },
            {
                "memory_mb": 197.546875,
                "cpu_percent": 2.9,
                "timestamp": 1778793632.2552574
            },
            {
                "memory_mb": 197.55078125,
                "cpu_percent": 53.3,
                "timestamp": 1778793633.305951
            },
            {
                "memory_mb": 197.5625,
                "cpu_percent": 81.5,
                "timestamp": 1778793634.3617997
            },
            {
                "memory_mb": 197.55859375,
                "cpu_percent": 28.5,
                "timestamp": 1778793635.413221
            },
            {
                "memory_mb": 197.55078125,
                "cpu_percent": 44.6,
                "timestamp": 1778793636.467423
            },
            {
                "memory_mb": 197.55078125,
                "cpu_percent": 0.0,
                "timestamp": 1778793637.522479
            },
            {
                "memory_mb": 197.56640625,
                "cpu_percent": 68.4,
                "timestamp": 1778793638.574631
            },
            {
                "memory_mb": 197.55859375,
                "cpu_percent": 68.5,
                "timestamp": 1778793639.6261039
            },
            {
                "memory_mb": 232.3359375,
                "cpu_percent": 5.7,
                "timestamp": 1778793640.6784096
            },
            {
                "memory_mb": 230.2734375,
                "cpu_percent": 5.7,
                "timestamp": 1778793641.7293723
            },
            {
                "memory_mb": 230.27734375,
                "cpu_percent": 3.8,
                "timestamp": 1778793642.78264
            },
            {
                "memory_mb": 230.2890625,
                "cpu_percent": 67.6,
                "timestamp": 1778793643.8333583
            },
            {
                "memory_mb": 230.28515625,
                "cpu_percent": 41.8,
                "timestamp": 1778793644.8858082
            },
            {
                "memory_mb": 230.28125,
                "cpu_percent": 95.2,
                "timestamp": 1778793645.936422
            },
            {
                "memory_mb": 197.5546875,
                "cpu_percent": 2.8,
                "timestamp": 1778793646.992036
            },
            {
                "memory_mb": 197.55859375,
                "cpu_percent": 27.6,
                "timestamp": 1778793648.0426583
            },
            {
                "memory_mb": 197.56640625,
                "cpu_percent": 99.9,
                "timestamp": 1778793649.0936024
            },
            {
                "memory_mb": 197.56640625,
                "cpu_percent": 9.5,
                "timestamp": 1778793650.1484745
            },
            {
                "memory_mb": 197.5546875,
                "cpu_percent": 69.1,
                "timestamp": 1778793651.2042658
            },
            {
                "memory_mb": 197.5546875,
                "cpu_percent": 0.0,
                "timestamp": 1778793652.2599344
            },
            {
                "memory_mb": 197.56640625,
                "cpu_percent": 52.3,
                "timestamp": 1778793653.31062
            },
            {
                "memory_mb": 197.5703125,
                "cpu_percent": 74.2,
                "timestamp": 1778793654.3621602
            },
            {
                "memory_mb": 232.3359375,
                "cpu_percent": 18.0,
                "timestamp": 1778793655.4163954
            },
            {
                "memory_mb": 230.27734375,
                "cpu_percent": 4.7,
                "timestamp": 1778793656.4715905
            },
            {
                "memory_mb": 230.27734375,
                "cpu_percent": 0.9,
                "timestamp": 1778793657.5253005
            },
            {
                "memory_mb": 230.29296875,
                "cpu_percent": 68.2,
                "timestamp": 1778793658.5807776
            },
            {
                "memory_mb": 230.2890625,
                "cpu_percent": 19.0,
                "timestamp": 1778793659.6319606
            },
            {
                "memory_mb": 230.28515625,
                "cpu_percent": 100.0,
                "timestamp": 1778793660.6823466
            },
            {
                "memory_mb": 197.5546875,
                "cpu_percent": 20.9,
                "timestamp": 1778793661.7366593
            },
            {
                "memory_mb": 197.55859375,
                "cpu_percent": 2.8,
                "timestamp": 1778793662.7942944
            },
            {
                "memory_mb": 197.56640625,
                "cpu_percent": 99.8,
                "timestamp": 1778793663.8463225
            },
            {
                "memory_mb": 197.56640625,
                "cpu_percent": 32.3,
                "timestamp": 1778793664.8999875
            },
            {
                "memory_mb": 197.55859375,
                "cpu_percent": 70.4,
                "timestamp": 1778793665.9512076
            },
            {
                "memory_mb": 197.55859375,
                "cpu_percent": 0.0,
                "timestamp": 1778793667.0071414
            },
            {
                "memory_mb": 197.5703125,
                "cpu_percent": 27.6,
                "timestamp": 1778793668.058403
            },
            {
                "memory_mb": 197.57421875,
                "cpu_percent": 73.2,
                "timestamp": 1778793669.110115
            },
            {
                "memory_mb": 232.33984375,
                "cpu_percent": 43.5,
                "timestamp": 1778793670.1665397
            },
            {
                "memory_mb": 230.27734375,
                "cpu_percent": 4.7,
                "timestamp": 1778793671.2222762
            },
            {
                "memory_mb": 230.27734375,
                "cpu_percent": 0.0,
                "timestamp": 1778793672.2771356
            },
            {
                "memory_mb": 230.28125,
                "cpu_percent": 53.2,
                "timestamp": 1778793673.3287904
            },
            {
                "memory_mb": 230.29296875,
                "cpu_percent": 18.0,
                "timestamp": 1778793674.383953
            },
            {
                "memory_mb": 230.28515625,
                "cpu_percent": 92.3,
                "timestamp": 1778793675.4347942
            },
            {
                "memory_mb": 202.203125,
                "cpu_percent": 42.7,
                "timestamp": 1778793676.4896762
            },
            {
                "memory_mb": 197.55859375,
                "cpu_percent": 1.9,
                "timestamp": 1778793677.5439079
            },
            {
                "memory_mb": 197.5703125,
                "cpu_percent": 78.0,
                "timestamp": 1778793678.5957756
            },
            {
                "memory_mb": 197.5703125,
                "cpu_percent": 60.7,
                "timestamp": 1778793679.6509209
            },
            {
                "memory_mb": 197.56640625,
                "cpu_percent": 49.4,
                "timestamp": 1778793680.7025564
            },
            {
                "memory_mb": 197.55859375,
                "cpu_percent": 22.7,
                "timestamp": 1778793681.758893
            },
            {
                "memory_mb": 197.5703125,
                "cpu_percent": 2.8,
                "timestamp": 1778793682.8171582
            },
            {
                "memory_mb": 197.57421875,
                "cpu_percent": 72.3,
                "timestamp": 1778793683.8685493
            },
            {
                "memory_mb": 204.3125,
                "cpu_percent": 64.4,
                "timestamp": 1778793684.9240668
            },
            {
                "memory_mb": 230.27734375,
                "cpu_percent": 7.6,
                "timestamp": 1778793685.979068
            },
            {
                "memory_mb": 230.27734375,
                "cpu_percent": 0.0,
                "timestamp": 1778793687.0290341
            },
            {
                "memory_mb": 230.28125,
                "cpu_percent": 28.5,
                "timestamp": 1778793688.0813015
            },
            {
                "memory_mb": 230.29296875,
                "cpu_percent": 40.8,
                "timestamp": 1778793689.135766
            },
            {
                "memory_mb": 230.2890625,
                "cpu_percent": 69.4,
                "timestamp": 1778793690.187624
            },
            {
                "memory_mb": 230.28515625,
                "cpu_percent": 65.4,
                "timestamp": 1778793691.2419195
            },
            {
                "memory_mb": 197.5625,
                "cpu_percent": 1.9,
                "timestamp": 1778793692.295761
            },
            {
                "memory_mb": 197.56640625,
                "cpu_percent": 53.2,
                "timestamp": 1778793693.347755
            },
            {
                "memory_mb": 197.578125,
                "cpu_percent": 79.6,
                "timestamp": 1778793694.4029408
            },
            {
                "memory_mb": 197.5703125,
                "cpu_percent": 30.4,
                "timestamp": 1778793695.456731
            },
            {
                "memory_mb": 197.56640625,
                "cpu_percent": 43.6,
                "timestamp": 1778793696.512407
            },
            {
                "memory_mb": 197.56640625,
                "cpu_percent": 0.0,
                "timestamp": 1778793697.567808
            },
            {
                "memory_mb": 197.58203125,
                "cpu_percent": 66.3,
                "timestamp": 1778793698.623264
            },
            {
                "memory_mb": 197.578125,
                "cpu_percent": 70.4,
                "timestamp": 1778793699.6747925
            },
            {
                "memory_mb": 232.359375,
                "cpu_percent": 5.7,
                "timestamp": 1778793700.7298398
            },
            {
                "memory_mb": 230.29296875,
                "cpu_percent": 4.7,
                "timestamp": 1778793701.7859278
            },
            {
                "memory_mb": 230.296875,
                "cpu_percent": 4.7,
                "timestamp": 1778793702.8455815
            },
            {
                "memory_mb": 230.30859375,
                "cpu_percent": 63.5,
                "timestamp": 1778793703.900988
            },
            {
                "memory_mb": 230.3046875,
                "cpu_percent": 46.6,
                "timestamp": 1778793704.9528198
            },
            {
                "memory_mb": 230.296875,
                "cpu_percent": 89.0,
                "timestamp": 1778793706.009012
            },
            {
                "memory_mb": 197.5703125,
                "cpu_percent": 2.8,
                "timestamp": 1778793707.0648034
            },
            {
                "memory_mb": 197.57421875,
                "cpu_percent": 29.5,
                "timestamp": 1778793708.1151009
            },
            {
                "memory_mb": 197.58203125,
                "cpu_percent": 99.9,
                "timestamp": 1778793709.1661744
            },
            {
                "memory_mb": 197.578125,
                "cpu_percent": 10.4,
                "timestamp": 1778793710.221004
            },
            {
                "memory_mb": 197.5703125,
                "cpu_percent": 67.3,
                "timestamp": 1778793711.2756894
            },
            {
                "memory_mb": 197.5703125,
                "cpu_percent": 0.0,
                "timestamp": 1778793712.333185
            },
            {
                "memory_mb": 197.58203125,
                "cpu_percent": 55.1,
                "timestamp": 1778793713.3852584
            },
            {
                "memory_mb": 197.5859375,
                "cpu_percent": 74.2,
                "timestamp": 1778793714.4360259
            },
            {
                "memory_mb": 232.359375,
                "cpu_percent": 15.2,
                "timestamp": 1778793715.4912267
            },
            {
                "memory_mb": 230.29296875,
                "cpu_percent": 5.7,
                "timestamp": 1778793716.5452414
            },
            {
                "memory_mb": 230.29296875,
                "cpu_percent": 0.0,
                "timestamp": 1778793717.5996573
            },
            {
                "memory_mb": 230.30859375,
                "cpu_percent": 66.3,
                "timestamp": 1778793718.6551638
            },
            {
                "memory_mb": 230.3046875,
                "cpu_percent": 21.9,
                "timestamp": 1778793719.7051291
            },
            {
                "memory_mb": 230.30078125,
                "cpu_percent": 99.9,
                "timestamp": 1778793720.7560978
            },
            {
                "memory_mb": 197.5703125,
                "cpu_percent": 16.1,
                "timestamp": 1778793721.8103654
            },
            {
                "memory_mb": 197.57421875,
                "cpu_percent": 5.7,
                "timestamp": 1778793722.8665397
            },
            {
                "memory_mb": 197.58203125,
                "cpu_percent": 99.9,
                "timestamp": 1778793723.917138
            },
            {
                "memory_mb": 197.58203125,
                "cpu_percent": 30.3,
                "timestamp": 1778793724.9734802
            },
            {
                "memory_mb": 197.5703125,
                "cpu_percent": 69.2,
                "timestamp": 1778793726.028265
            },
            {
                "memory_mb": 197.5703125,
                "cpu_percent": 0.0,
                "timestamp": 1778793727.0836718
            },
            {
                "memory_mb": 197.58203125,
                "cpu_percent": 30.4,
                "timestamp": 1778793728.1352534
            },
            {
                "memory_mb": 197.5859375,
                "cpu_percent": 74.2,
                "timestamp": 1778793729.1858675
            },
            {
                "memory_mb": 232.35546875,
                "cpu_percent": 40.9,
                "timestamp": 1778793730.2366493
            },
            {
                "memory_mb": 230.29296875,
                "cpu_percent": 5.7,
                "timestamp": 1778793731.289652
            },
            {
                "memory_mb": 230.29296875,
                "cpu_percent": 0.0,
                "timestamp": 1778793732.3451993
            },
            {
                "memory_mb": 230.296875,
                "cpu_percent": 54.2,
                "timestamp": 1778793733.3968437
            },
            {
                "memory_mb": 230.30859375,
                "cpu_percent": 16.1,
                "timestamp": 1778793734.4515855
            },
            {
                "memory_mb": 230.30078125,
                "cpu_percent": 93.2,
                "timestamp": 1778793735.5031695
            },
            {
                "memory_mb": 197.57421875,
                "cpu_percent": 42.7,
                "timestamp": 1778793736.5579019
            },
            {
                "memory_mb": 197.57421875,
                "cpu_percent": 0.0,
                "timestamp": 1778793737.6152918
            },
            {
                "memory_mb": 197.5859375,
                "cpu_percent": 79.9,
                "timestamp": 1778793738.6663983
            },
            {
                "memory_mb": 197.5859375,
                "cpu_percent": 55.8,
                "timestamp": 1778793739.7229764
            },
            {
                "memory_mb": 197.58203125,
                "cpu_percent": 52.4,
                "timestamp": 1778793740.773418
            },
            {
                "memory_mb": 197.57421875,
                "cpu_percent": 20.9,
                "timestamp": 1778793741.826724
            },
            {
                "memory_mb": 197.5859375,
                "cpu_percent": 4.7,
                "timestamp": 1778793742.884219
            },
            {
                "memory_mb": 197.58984375,
                "cpu_percent": 72.3,
                "timestamp": 1778793743.9352672
            },
            {
                "memory_mb": 204.80078125,
                "cpu_percent": 61.6,
                "timestamp": 1778793744.9900358
            },
            {
                "memory_mb": 230.3046875,
                "cpu_percent": 8.5,
                "timestamp": 1778793746.0453708
            },
            {
                "memory_mb": 230.3046875,
                "cpu_percent": 0.0,
                "timestamp": 1778793747.0995066
            },
            {
                "memory_mb": 230.30859375,
                "cpu_percent": 29.5,
                "timestamp": 1778793748.1502447
            },
            {
                "memory_mb": 230.3203125,
                "cpu_percent": 39.8,
                "timestamp": 1778793749.2049472
            },
            {
                "memory_mb": 230.3125,
                "cpu_percent": 69.5,
                "timestamp": 1778793750.2548633
            },
            {
                "memory_mb": 230.30859375,
                "cpu_percent": 67.6,
                "timestamp": 1778793751.3054364
            },
            {
                "memory_mb": 197.57421875,
                "cpu_percent": 2.8,
                "timestamp": 1778793752.3582418
            },
            {
                "memory_mb": 197.578125,
                "cpu_percent": 54.2,
                "timestamp": 1778793753.4093032
            },
            {
                "memory_mb": 197.58984375,
                "cpu_percent": 80.7,
                "timestamp": 1778793754.463147
            },
            {
                "memory_mb": 197.58203125,
                "cpu_percent": 27.6,
                "timestamp": 1778793755.5143206
            },
            {
                "memory_mb": 197.578125,
                "cpu_percent": 44.8,
                "timestamp": 1778793756.5638423
            },
            {
                "memory_mb": 197.578125,
                "cpu_percent": 0.0,
                "timestamp": 1778793757.6178901
            },
            {
                "memory_mb": 197.59375,
                "cpu_percent": 68.2,
                "timestamp": 1778793758.6732144
            },
            {
                "memory_mb": 197.5859375,
                "cpu_percent": 68.3,
                "timestamp": 1778793759.727927
            },
            {
                "memory_mb": 232.3671875,
                "cpu_percent": 6.6,
                "timestamp": 1778793760.7824683
            },
            {
                "memory_mb": 230.30078125,
                "cpu_percent": 4.7,
                "timestamp": 1778793761.835896
            },
            {
                "memory_mb": 230.3046875,
                "cpu_percent": 4.7,
                "timestamp": 1778793762.8922608
            },
            {
                "memory_mb": 230.31640625,
                "cpu_percent": 63.4,
                "timestamp": 1778793763.9491713
            },
            {
                "memory_mb": 230.31640625,
                "cpu_percent": 45.7,
                "timestamp": 1778793765.0005028
            },
            {
                "memory_mb": 230.30859375,
                "cpu_percent": 93.0,
                "timestamp": 1778793766.0541594
            },
            {
                "memory_mb": 197.58203125,
                "cpu_percent": 3.8,
                "timestamp": 1778793767.1085742
            },
            {
                "memory_mb": 197.5859375,
                "cpu_percent": 29.5,
                "timestamp": 1778793768.1597447
            },
            {
                "memory_mb": 197.59375,
                "cpu_percent": 99.9,
                "timestamp": 1778793769.2105093
            },
            {
                "memory_mb": 197.59765625,
                "cpu_percent": 8.6,
                "timestamp": 1778793770.2621303
            },
            {
                "memory_mb": 197.5859375,
                "cpu_percent": 71.3,
                "timestamp": 1778793771.3143535
            },
            {
                "memory_mb": 197.5859375,
                "cpu_percent": 0.0,
                "timestamp": 1778793772.374816
            },
            {
                "memory_mb": 197.59765625,
                "cpu_percent": 54.3,
                "timestamp": 1778793773.4249153
            },
            {
                "memory_mb": 197.6015625,
                "cpu_percent": 73.8,
                "timestamp": 1778793774.481235
            },
            {
                "memory_mb": 232.37109375,
                "cpu_percent": 15.2,
                "timestamp": 1778793775.5323286
            },
            {
                "memory_mb": 230.30859375,
                "cpu_percent": 4.8,
                "timestamp": 1778793776.5827992
            },
            {
                "memory_mb": 230.30859375,
                "cpu_percent": 0.0,
                "timestamp": 1778793777.6344213
            },
            {
                "memory_mb": 230.32421875,
                "cpu_percent": 68.4,
                "timestamp": 1778793778.6866395
            },
            {
                "memory_mb": 230.3203125,
                "cpu_percent": 20.9,
                "timestamp": 1778793779.7401648
            },
            {
                "memory_mb": 230.31640625,
                "cpu_percent": 100.0,
                "timestamp": 1778793780.789818
            },
            {
                "memory_mb": 197.5859375,
                "cpu_percent": 20.9,
                "timestamp": 1778793781.8419187
            },
            {
                "memory_mb": 197.58984375,
                "cpu_percent": 3.8,
                "timestamp": 1778793782.8973947
            },
            {
                "memory_mb": 197.59765625,
                "cpu_percent": 99.9,
                "timestamp": 1778793783.9486115
            },
            {
                "memory_mb": 197.59765625,
                "cpu_percent": 33.2,
                "timestamp": 1778793785.0022924
            },
            {
                "memory_mb": 197.58984375,
                "cpu_percent": 68.6,
                "timestamp": 1778793786.0525136
            },
            {
                "memory_mb": 197.58984375,
                "cpu_percent": 1.0,
                "timestamp": 1778793787.1030638
            },
            {
                "memory_mb": 197.6015625,
                "cpu_percent": 27.6,
                "timestamp": 1778793788.154337
            },
            {
                "memory_mb": 197.60546875,
                "cpu_percent": 74.2,
                "timestamp": 1778793789.2055004
            },
            {
                "memory_mb": 232.375,
                "cpu_percent": 41.8,
                "timestamp": 1778793790.2584336
            },
            {
                "memory_mb": 230.3125,
                "cpu_percent": 5.7,
                "timestamp": 1778793791.3079944
            },
            {
                "memory_mb": 230.3125,
                "cpu_percent": 0.0,
                "timestamp": 1778793792.3634806
            },
            {
                "memory_mb": 230.3125,
                "cpu_percent": 0.0,
                "timestamp": 1778793792.9196374
            }
        ]
    }
}
