Процесс: 123376
УПРАВЛЯЮЩИЙ ПРОЦЕСС
Родитель: 13546
Создан: 2026-04-26T22:36:42.390000
Последний замер: 2026-04-26T22:41:44.874547
Время жизни: 302.484547 сек
voluntary_ctxt_switches: 1511
nonvoluntary_ctxt_switches: 6
jiffies: 69.0
avg_cpu_load: 0.1 %
avg_memory_mb: 42.8 MB


Процесс: 123383
Родитель: 123376
Создан: 2026-04-26T22:36:42.800000
Последний замер: 2026-04-26T22:41:44.874778
Время жизни: 302.074778 сек
voluntary_ctxt_switches: 162
nonvoluntary_ctxt_switches: 150
jiffies: 1325.0
avg_cpu_load: 4.4 %
avg_memory_mb: 115.7 MB

Среднее latency: 1.66
Средний runtime: 1.65
Всего задач: 30
Задач по типам: memory_intensive - 10; cpu_intensive - 20

Процесс: 123384
Родитель: 123376
Создан: 2026-04-26T22:36:42.820000
Последний замер: 2026-04-26T22:41:44.874983
Время жизни: 302.054983 сек
voluntary_ctxt_switches: 161
nonvoluntary_ctxt_switches: 111
jiffies: 1306.0
avg_cpu_load: 4.3 %
avg_memory_mb: 110.3 MB

Среднее latency: 1.66
Средний runtime: 1.64
Всего задач: 30
Задач по типам: cpu_intensive - 20; memory_intensive - 10

Процесс: 123385
Родитель: 123376
Создан: 2026-04-26T22:36:42.850000
Последний замер: 2026-04-26T22:41:44.875183
Время жизни: 302.025183 сек
voluntary_ctxt_switches: 161
nonvoluntary_ctxt_switches: 104
jiffies: 1308.0
avg_cpu_load: 4.3 %
avg_memory_mb: 115.6 MB

Среднее latency: 1.66
Средний runtime: 1.64
Всего задач: 30
Задач по типам: cpu_intensive - 20; memory_intensive - 10

Процесс: 123386
Родитель: 123376
Создан: 2026-04-26T22:36:42.870000
Последний замер: 2026-04-26T22:41:44.875386
Время жизни: 302.005386 сек
voluntary_ctxt_switches: 161
nonvoluntary_ctxt_switches: 84
jiffies: 1312.0
avg_cpu_load: 4.3 %
avg_memory_mb: 110.3 MB

Среднее latency: 1.66
Средний runtime: 1.64
Всего задач: 30
Задач по типам: cpu_intensive - 20; memory_intensive - 10

