{
    "idx_task": 4,
    "task_name": "memory_intensive",
    "duration_into_wraps": 52.11,
    "data": {
        "ppid": 181719,
        "voluntary_ctxt_switches": 101,
        "nonvoluntary_ctxt_switches": 9,
        "delta_jiffies": 110,
        "delta_time": 52.1118,
        "cpu_load": 2.11,
        "memory_mib": 906.7734375
    },
    "timestamp": 1775644733.7606156
}
{
    "idx_task": 7,
    "task_name": "memory_intensive",
    "duration_into_wraps": 51.49,
    "data": {
        "ppid": 181719,
        "voluntary_ctxt_switches": 101,
        "nonvoluntary_ctxt_switches": 21,
        "delta_jiffies": 48,
        "delta_time": 51.4889,
        "cpu_load": 0.93,
        "memory_mib": 8.08203125
    },
    "timestamp": 1775644785.2584598
}
{
    "idx_task": 9,
    "task_name": "memory_intensive",
    "duration_into_wraps": 51.49,
    "data": {
        "ppid": 181719,
        "voluntary_ctxt_switches": 101,
        "nonvoluntary_ctxt_switches": 12,
        "delta_jiffies": 47,
        "delta_time": 51.484500000000004,
        "cpu_load": 0.91,
        "memory_mib": 0.00390625
    },
    "timestamp": 1775644836.7483194
}
{
    "idx_task": 13,
    "task_name": "memory_intensive",
    "duration_into_wraps": 51.48,
    "data": {
        "ppid": 181719,
        "voluntary_ctxt_switches": 101,
        "nonvoluntary_ctxt_switches": 21,
        "delta_jiffies": 46,
        "delta_time": 51.4732,
        "cpu_load": 0.89,
        "memory_mib": 0.0
    },
    "timestamp": 1775644888.2271042
}
{
    "idx_task": 17,
    "task_name": "memory_intensive",
    "duration_into_wraps": 51.48,
    "data": {
        "ppid": 181719,
        "voluntary_ctxt_switches": 101,
        "nonvoluntary_ctxt_switches": 4,
        "delta_jiffies": 47,
        "delta_time": 51.4802,
        "cpu_load": 0.91,
        "memory_mib": 0.0
    },
    "timestamp": 1775644939.7123387
}
{
    "idx_task": 21,
    "task_name": "memory_intensive",
    "duration_into_wraps": 51.49,
    "data": {
        "ppid": 181719,
        "voluntary_ctxt_switches": 101,
        "nonvoluntary_ctxt_switches": 15,
        "delta_jiffies": 47,
        "delta_time": 51.484899999999996,
        "cpu_load": 0.91,
        "memory_mib": 0.00390625
    },
    "timestamp": 1775644991.2034304
}
