{
    "321005": {
        "ppid": "254983",
        "name": "celery",
        "cmdline": "/home/experimenter/projects/celery-autoscale/.venv/bin/python3 /home/experimenter/projects/celery-autoscale/.venv/bin/celery -A celery_app worker --loglevel=INFO --concurrency=8 --pool=gevent",
        "create_time": "2026-05-15T02:01:42.550000",
        "last_update": "2026-05-15T02:06:44.308679",
        "voluntary_ctxt_switches": 1894,
        "nonvoluntary_ctxt_switches": 5176,
        "jiffies": 26775,
        "stats": [
            {
                "memory_mb": 48.20703125,
                "cpu_percent": 0.0,
                "timestamp": 1778799703.6291392
            },
            {
                "memory_mb": 48.69921875,
                "cpu_percent": 38.1,
                "timestamp": 1778799704.6777198
            },
            {
                "memory_mb": 67.11328125,
                "cpu_percent": 100.3,
                "timestamp": 1778799705.7246168
            },
            {
                "memory_mb": 85.5859375,
                "cpu_percent": 99.2,
                "timestamp": 1778799706.7724733
            },
            {
                "memory_mb": 103.91796875,
                "cpu_percent": 100.2,
                "timestamp": 1778799707.8199089
            },
            {
                "memory_mb": 131.17578125,
                "cpu_percent": 99.7,
                "timestamp": 1778799708.873294
            },
            {
                "memory_mb": 167.81640625,
                "cpu_percent": 100.3,
                "timestamp": 1778799709.9206223
            },
            {
                "memory_mb": 317.63671875,
                "cpu_percent": 87.4,
                "timestamp": 1778799710.9732792
            },
            {
                "memory_mb": 387.49609375,
                "cpu_percent": 95.4,
                "timestamp": 1778799712.0211523
            },
            {
                "memory_mb": 469.5,
                "cpu_percent": 78.1,
                "timestamp": 1778799713.0713909
            },
            {
                "memory_mb": 478.65625,
                "cpu_percent": 101.1,
                "timestamp": 1778799714.119855
            },
            {
                "memory_mb": 494.87109375,
                "cpu_percent": 52.5,
                "timestamp": 1778799715.1676288
            },
            {
                "memory_mb": 493.328125,
                "cpu_percent": 75.3,
                "timestamp": 1778799716.2168372
            },
            {
                "memory_mb": 493.32421875,
                "cpu_percent": 99.3,
                "timestamp": 1778799717.2639744
            },
            {
                "memory_mb": 493.34375,
                "cpu_percent": 100.1,
                "timestamp": 1778799718.3126051
            },
            {
                "memory_mb": 493.3359375,
                "cpu_percent": 76.2,
                "timestamp": 1778799719.3617754
            },
            {
                "memory_mb": 493.33203125,
                "cpu_percent": 101.2,
                "timestamp": 1778799720.4090447
            },
            {
                "memory_mb": 493.34375,
                "cpu_percent": 74.1,
                "timestamp": 1778799721.4612422
            },
            {
                "memory_mb": 493.33984375,
                "cpu_percent": 44.9,
                "timestamp": 1778799722.509169
            },
            {
                "memory_mb": 488.8828125,
                "cpu_percent": 100.0,
                "timestamp": 1778799723.5593116
            },
            {
                "memory_mb": 488.890625,
                "cpu_percent": 99.3,
                "timestamp": 1778799724.6070895
            },
            {
                "memory_mb": 488.90625,
                "cpu_percent": 100.1,
                "timestamp": 1778799725.6558115
            },
            {
                "memory_mb": 488.90234375,
                "cpu_percent": 100.3,
                "timestamp": 1778799726.7030325
            },
            {
                "memory_mb": 488.8984375,
                "cpu_percent": 99.2,
                "timestamp": 1778799727.751292
            },
            {
                "memory_mb": 488.90625,
                "cpu_percent": 79.2,
                "timestamp": 1778799728.799281
            },
            {
                "memory_mb": 488.90234375,
                "cpu_percent": 99.0,
                "timestamp": 1778799729.8501763
            },
            {
                "memory_mb": 488.8984375,
                "cpu_percent": 99.2,
                "timestamp": 1778799730.898477
            },
            {
                "memory_mb": 580.16015625,
                "cpu_percent": 30.4,
                "timestamp": 1778799731.9517536
            },
            {
                "memory_mb": 580.15625,
                "cpu_percent": 99.2,
                "timestamp": 1778799733.000181
            },
            {
                "memory_mb": 580.1640625,
                "cpu_percent": 99.2,
                "timestamp": 1778799734.0483751
            },
            {
                "memory_mb": 580.16796875,
                "cpu_percent": 100.2,
                "timestamp": 1778799735.0964563
            },
            {
                "memory_mb": 580.17578125,
                "cpu_percent": 99.2,
                "timestamp": 1778799736.1446297
            },
            {
                "memory_mb": 580.16796875,
                "cpu_percent": 100.2,
                "timestamp": 1778799737.1927238
            },
            {
                "memory_mb": 580.171875,
                "cpu_percent": 100.2,
                "timestamp": 1778799738.2410905
            },
            {
                "memory_mb": 580.17578125,
                "cpu_percent": 76.3,
                "timestamp": 1778799739.2895217
            },
            {
                "memory_mb": 580.171875,
                "cpu_percent": 100.1,
                "timestamp": 1778799740.338339
            },
            {
                "memory_mb": 580.36328125,
                "cpu_percent": 50.4,
                "timestamp": 1778799741.3903959
            },
            {
                "memory_mb": 578.8828125,
                "cpu_percent": 72.6,
                "timestamp": 1778799742.4377313
            },
            {
                "memory_mb": 538.68359375,
                "cpu_percent": 99.2,
                "timestamp": 1778799743.48643
            },
            {
                "memory_mb": 538.69921875,
                "cpu_percent": 100.1,
                "timestamp": 1778799744.5350723
            },
            {
                "memory_mb": 538.6875,
                "cpu_percent": 99.3,
                "timestamp": 1778799745.5825963
            },
            {
                "memory_mb": 538.68359375,
                "cpu_percent": 100.1,
                "timestamp": 1778799746.6311774
            },
            {
                "memory_mb": 538.69921875,
                "cpu_percent": 100.3,
                "timestamp": 1778799747.6778147
            },
            {
                "memory_mb": 538.6953125,
                "cpu_percent": 74.5,
                "timestamp": 1778799748.7251904
            },
            {
                "memory_mb": 538.69140625,
                "cpu_percent": 100.2,
                "timestamp": 1778799749.7729626
            },
            {
                "memory_mb": 538.69140625,
                "cpu_percent": 76.4,
                "timestamp": 1778799750.8199918
            },
            {
                "memory_mb": 538.69140625,
                "cpu_percent": 29.5,
                "timestamp": 1778799751.8706448
            },
            {
                "memory_mb": 538.6796875,
                "cpu_percent": 96.4,
                "timestamp": 1778799752.9187138
            },
            {
                "memory_mb": 538.6875,
                "cpu_percent": 100.3,
                "timestamp": 1778799753.966077
            },
            {
                "memory_mb": 527.875,
                "cpu_percent": 99.3,
                "timestamp": 1778799755.0138204
            },
            {
                "memory_mb": 527.8828125,
                "cpu_percent": 100.2,
                "timestamp": 1778799756.0619159
            },
            {
                "memory_mb": 527.875,
                "cpu_percent": 99.3,
                "timestamp": 1778799757.1095114
            },
            {
                "memory_mb": 527.87890625,
                "cpu_percent": 100.2,
                "timestamp": 1778799758.1573544
            },
            {
                "memory_mb": 527.8828125,
                "cpu_percent": 75.4,
                "timestamp": 1778799759.205453
            },
            {
                "memory_mb": 527.87890625,
                "cpu_percent": 101.7,
                "timestamp": 1778799760.2574685
            },
            {
                "memory_mb": 561.99609375,
                "cpu_percent": 55.1,
                "timestamp": 1778799761.3099282
            },
            {
                "memory_mb": 570.890625,
                "cpu_percent": 68.7,
                "timestamp": 1778799762.358287
            },
            {
                "memory_mb": 570.890625,
                "cpu_percent": 99.2,
                "timestamp": 1778799763.4062147
            },
            {
                "memory_mb": 553.984375,
                "cpu_percent": 100.1,
                "timestamp": 1778799764.454967
            },
            {
                "memory_mb": 553.98828125,
                "cpu_percent": 100.2,
                "timestamp": 1778799765.5032969
            },
            {
                "memory_mb": 553.984375,
                "cpu_percent": 99.3,
                "timestamp": 1778799766.551029
            },
            {
                "memory_mb": 553.98828125,
                "cpu_percent": 100.1,
                "timestamp": 1778799767.6002374
            },
            {
                "memory_mb": 553.9921875,
                "cpu_percent": 76.4,
                "timestamp": 1778799768.6468933
            },
            {
                "memory_mb": 553.98828125,
                "cpu_percent": 99.2,
                "timestamp": 1778799769.6951332
            },
            {
                "memory_mb": 553.99609375,
                "cpu_percent": 88.4,
                "timestamp": 1778799770.7472365
            },
            {
                "memory_mb": 570.984375,
                "cpu_percent": 34.4,
                "timestamp": 1778799771.7952616
            },
            {
                "memory_mb": 570.9765625,
                "cpu_percent": 100.2,
                "timestamp": 1778799772.8429382
            },
            {
                "memory_mb": 547.109375,
                "cpu_percent": 100.2,
                "timestamp": 1778799773.890568
            },
            {
                "memory_mb": 547.10546875,
                "cpu_percent": 100.2,
                "timestamp": 1778799774.9388855
            },
            {
                "memory_mb": 547.109375,
                "cpu_percent": 99.2,
                "timestamp": 1778799775.9871247
            },
            {
                "memory_mb": 547.10546875,
                "cpu_percent": 100.1,
                "timestamp": 1778799777.036279
            },
            {
                "memory_mb": 547.11328125,
                "cpu_percent": 94.5,
                "timestamp": 1778799778.084109
            },
            {
                "memory_mb": 547.109375,
                "cpu_percent": 80.8,
                "timestamp": 1778799779.1365168
            },
            {
                "memory_mb": 547.10546875,
                "cpu_percent": 100.1,
                "timestamp": 1778799780.1859376
            },
            {
                "memory_mb": 570.9921875,
                "cpu_percent": 39.1,
                "timestamp": 1778799781.2340088
            },
            {
                "memory_mb": 570.98046875,
                "cpu_percent": 84.0,
                "timestamp": 1778799782.28162
            },
            {
                "memory_mb": 570.98828125,
                "cpu_percent": 100.2,
                "timestamp": 1778799783.3298528
            },
            {
                "memory_mb": 562.5,
                "cpu_percent": 99.3,
                "timestamp": 1778799784.377161
            },
            {
                "memory_mb": 562.5078125,
                "cpu_percent": 100.2,
                "timestamp": 1778799785.4248896
            },
            {
                "memory_mb": 562.5,
                "cpu_percent": 100.1,
                "timestamp": 1778799786.4735937
            },
            {
                "memory_mb": 562.50390625,
                "cpu_percent": 99.2,
                "timestamp": 1778799787.5216036
            },
            {
                "memory_mb": 562.5078125,
                "cpu_percent": 76.2,
                "timestamp": 1778799788.5709798
            },
            {
                "memory_mb": 562.5078125,
                "cpu_percent": 99.3,
                "timestamp": 1778799789.6182373
            },
            {
                "memory_mb": 562.60546875,
                "cpu_percent": 68.4,
                "timestamp": 1778799790.6707754
            },
            {
                "memory_mb": 571.08984375,
                "cpu_percent": 54.4,
                "timestamp": 1778799791.7188647
            },
            {
                "memory_mb": 571.08984375,
                "cpu_percent": 99.3,
                "timestamp": 1778799792.766612
            },
            {
                "memory_mb": 571.09765625,
                "cpu_percent": 100.2,
                "timestamp": 1778799793.8145754
            },
            {
                "memory_mb": 571.1015625,
                "cpu_percent": 100.2,
                "timestamp": 1778799794.862898
            },
            {
                "memory_mb": 571.09765625,
                "cpu_percent": 99.3,
                "timestamp": 1778799795.9105875
            },
            {
                "memory_mb": 571.09765625,
                "cpu_percent": 99.3,
                "timestamp": 1778799796.9582026
            },
            {
                "memory_mb": 571.1015625,
                "cpu_percent": 75.3,
                "timestamp": 1778799798.007078
            },
            {
                "memory_mb": 571.09765625,
                "cpu_percent": 100.2,
                "timestamp": 1778799799.054468
            },
            {
                "memory_mb": 571.1015625,
                "cpu_percent": 94.5,
                "timestamp": 1778799800.1022818
            },
            {
                "memory_mb": 571.09375,
                "cpu_percent": 26.7,
                "timestamp": 1778799801.1512525
            },
            {
                "memory_mb": 571.0859375,
                "cpu_percent": 100.2,
                "timestamp": 1778799802.1991699
            },
            {
                "memory_mb": 571.1015625,
                "cpu_percent": 100.2,
                "timestamp": 1778799803.2472265
            },
            {
                "memory_mb": 571.09765625,
                "cpu_percent": 100.2,
                "timestamp": 1778799804.295046
            },
            {
                "memory_mb": 571.1015625,
                "cpu_percent": 99.2,
                "timestamp": 1778799805.3432298
            },
            {
                "memory_mb": 571.09765625,
                "cpu_percent": 99.2,
                "timestamp": 1778799806.3911505
            },
            {
                "memory_mb": 571.1015625,
                "cpu_percent": 100.2,
                "timestamp": 1778799807.439299
            },
            {
                "memory_mb": 571.1015625,
                "cpu_percent": 76.4,
                "timestamp": 1778799808.4863894
            },
            {
                "memory_mb": 571.09765625,
                "cpu_percent": 99.2,
                "timestamp": 1778799809.534683
            },
            {
                "memory_mb": 571.11328125,
                "cpu_percent": 40.0,
                "timestamp": 1778799810.5841572
            },
            {
                "memory_mb": 571.09765625,
                "cpu_percent": 82.6,
                "timestamp": 1778799811.6370735
            },
            {
                "memory_mb": 571.10546875,
                "cpu_percent": 99.2,
                "timestamp": 1778799812.6853888
            },
            {
                "memory_mb": 566.2578125,
                "cpu_percent": 100.2,
                "timestamp": 1778799813.7328897
            },
            {
                "memory_mb": 566.265625,
                "cpu_percent": 100.2,
                "timestamp": 1778799814.7809448
            },
            {
                "memory_mb": 566.2578125,
                "cpu_percent": 99.2,
                "timestamp": 1778799815.8296497
            },
            {
                "memory_mb": 566.26171875,
                "cpu_percent": 100.2,
                "timestamp": 1778799816.87803
            },
            {
                "memory_mb": 566.265625,
                "cpu_percent": 76.3,
                "timestamp": 1778799817.9260576
            },
            {
                "memory_mb": 566.2578125,
                "cpu_percent": 99.2,
                "timestamp": 1778799818.9739504
            },
            {
                "memory_mb": 566.2734375,
                "cpu_percent": 68.4,
                "timestamp": 1778799820.0265477
            },
            {
                "memory_mb": 571.109375,
                "cpu_percent": 54.4,
                "timestamp": 1778799821.0742
            },
            {
                "memory_mb": 571.109375,
                "cpu_percent": 100.0,
                "timestamp": 1778799822.1240244
            },
            {
                "memory_mb": 564.14453125,
                "cpu_percent": 100.2,
                "timestamp": 1778799823.1722522
            },
            {
                "memory_mb": 564.140625,
                "cpu_percent": 99.3,
                "timestamp": 1778799824.2197185
            },
            {
                "memory_mb": 564.14453125,
                "cpu_percent": 99.2,
                "timestamp": 1778799825.2681663
            },
            {
                "memory_mb": 564.140625,
                "cpu_percent": 100.3,
                "timestamp": 1778799826.315558
            },
            {
                "memory_mb": 564.1484375,
                "cpu_percent": 76.0,
                "timestamp": 1778799827.3678648
            },
            {
                "memory_mb": 564.14453125,
                "cpu_percent": 100.1,
                "timestamp": 1778799828.41709
            },
            {
                "memory_mb": 564.140625,
                "cpu_percent": 99.3,
                "timestamp": 1778799829.4648178
            },
            {
                "memory_mb": 571.1171875,
                "cpu_percent": 22.8,
                "timestamp": 1778799830.5171413
            },
            {
                "memory_mb": 571.109375,
                "cpu_percent": 99.2,
                "timestamp": 1778799831.5650632
            },
            {
                "memory_mb": 571.1171875,
                "cpu_percent": 101.1,
                "timestamp": 1778799832.6130939
            },
            {
                "memory_mb": 565.3125,
                "cpu_percent": 99.3,
                "timestamp": 1778799833.6608148
            },
            {
                "memory_mb": 565.3203125,
                "cpu_percent": 100.2,
                "timestamp": 1778799834.7085438
            },
            {
                "memory_mb": 565.3125,
                "cpu_percent": 100.2,
                "timestamp": 1778799835.7564805
            },
            {
                "memory_mb": 565.31640625,
                "cpu_percent": 99.2,
                "timestamp": 1778799836.8044372
            },
            {
                "memory_mb": 565.3203125,
                "cpu_percent": 76.3,
                "timestamp": 1778799837.8528426
            },
            {
                "memory_mb": 565.3125,
                "cpu_percent": 100.2,
                "timestamp": 1778799838.9012334
            },
            {
                "memory_mb": 571.125,
                "cpu_percent": 48.4,
                "timestamp": 1778799839.9540005
            },
            {
                "memory_mb": 571.1171875,
                "cpu_percent": 73.5,
                "timestamp": 1778799841.0020227
            },
            {
                "memory_mb": 571.1171875,
                "cpu_percent": 100.2,
                "timestamp": 1778799842.0495265
            },
            {
                "memory_mb": 554.12109375,
                "cpu_percent": 99.3,
                "timestamp": 1778799843.0971193
            },
            {
                "memory_mb": 554.125,
                "cpu_percent": 101.2,
                "timestamp": 1778799844.1448839
            },
            {
                "memory_mb": 554.12109375,
                "cpu_percent": 100.2,
                "timestamp": 1778799845.1932957
            },
            {
                "memory_mb": 554.12109375,
                "cpu_percent": 98.3,
                "timestamp": 1778799846.2410479
            },
            {
                "memory_mb": 554.125,
                "cpu_percent": 76.4,
                "timestamp": 1778799847.2886305
            },
            {
                "memory_mb": 554.125,
                "cpu_percent": 100.2,
                "timestamp": 1778799848.3364139
            },
            {
                "memory_mb": 554.1328125,
                "cpu_percent": 82.7,
                "timestamp": 1778799849.3884382
            },
            {
                "memory_mb": 571.03515625,
                "cpu_percent": 39.1,
                "timestamp": 1778799850.4362454
            },
            {
                "memory_mb": 571.03125,
                "cpu_percent": 100.2,
                "timestamp": 1778799851.483836
            },
            {
                "memory_mb": 565.2421875,
                "cpu_percent": 99.2,
                "timestamp": 1778799852.531753
            },
            {
                "memory_mb": 565.23828125,
                "cpu_percent": 101.2,
                "timestamp": 1778799853.5788884
            },
            {
                "memory_mb": 565.2421875,
                "cpu_percent": 100.2,
                "timestamp": 1778799854.6269944
            },
            {
                "memory_mb": 565.23828125,
                "cpu_percent": 99.3,
                "timestamp": 1778799855.6745796
            },
            {
                "memory_mb": 565.24609375,
                "cpu_percent": 83.6,
                "timestamp": 1778799856.7266636
            },
            {
                "memory_mb": 565.2421875,
                "cpu_percent": 91.6,
                "timestamp": 1778799857.7743034
            },
            {
                "memory_mb": 565.23828125,
                "cpu_percent": 100.3,
                "timestamp": 1778799858.8215067
            },
            {
                "memory_mb": 571.140625,
                "cpu_percent": 27.6,
                "timestamp": 1778799859.8736734
            },
            {
                "memory_mb": 571.12890625,
                "cpu_percent": 95.4,
                "timestamp": 1778799860.9213877
            },
            {
                "memory_mb": 571.13671875,
                "cpu_percent": 100.1,
                "timestamp": 1778799861.970409
            },
            {
                "memory_mb": 571.140625,
                "cpu_percent": 99.7,
                "timestamp": 1778799863.0230858
            },
            {
                "memory_mb": 571.1484375,
                "cpu_percent": 99.2,
                "timestamp": 1778799864.071881
            },
            {
                "memory_mb": 571.140625,
                "cpu_percent": 100.1,
                "timestamp": 1778799865.1204395
            },
            {
                "memory_mb": 571.14453125,
                "cpu_percent": 100.2,
                "timestamp": 1778799866.1682565
            },
            {
                "memory_mb": 571.1484375,
                "cpu_percent": 75.3,
                "timestamp": 1778799867.217182
            },
            {
                "memory_mb": 571.140625,
                "cpu_percent": 99.1,
                "timestamp": 1778799868.2661488
            },
            {
                "memory_mb": 571.14453125,
                "cpu_percent": 48.5,
                "timestamp": 1778799869.318127
            },
            {
                "memory_mb": 562.09765625,
                "cpu_percent": 74.4,
                "timestamp": 1778799870.3668563
            },
            {
                "memory_mb": 562.1015625,
                "cpu_percent": 101.1,
                "timestamp": 1778799871.4156609
            },
            {
                "memory_mb": 562.109375,
                "cpu_percent": 99.3,
                "timestamp": 1778799872.4634302
            },
            {
                "memory_mb": 562.11328125,
                "cpu_percent": 100.2,
                "timestamp": 1778799873.511814
            },
            {
                "memory_mb": 562.109375,
                "cpu_percent": 100.2,
                "timestamp": 1778799874.5602262
            },
            {
                "memory_mb": 562.109375,
                "cpu_percent": 99.3,
                "timestamp": 1778799875.608049
            },
            {
                "memory_mb": 562.11328125,
                "cpu_percent": 75.4,
                "timestamp": 1778799876.6562366
            },
            {
                "memory_mb": 562.11328125,
                "cpu_percent": 100.3,
                "timestamp": 1778799877.7026567
            },
            {
                "memory_mb": 562.1171875,
                "cpu_percent": 82.5,
                "timestamp": 1778799878.757666
            },
            {
                "memory_mb": 562.10546875,
                "cpu_percent": 41.0,
                "timestamp": 1778799879.8053155
            },
            {
                "memory_mb": 562.1015625,
                "cpu_percent": 99.3,
                "timestamp": 1778799880.852928
            },
            {
                "memory_mb": 557.12109375,
                "cpu_percent": 100.2,
                "timestamp": 1778799881.9004776
            },
            {
                "memory_mb": 557.12890625,
                "cpu_percent": 99.3,
                "timestamp": 1778799882.947921
            },
            {
                "memory_mb": 557.1328125,
                "cpu_percent": 100.2,
                "timestamp": 1778799883.995528
            },
            {
                "memory_mb": 557.12890625,
                "cpu_percent": 99.3,
                "timestamp": 1778799885.0426729
            },
            {
                "memory_mb": 557.13671875,
                "cpu_percent": 83.5,
                "timestamp": 1778799886.0961857
            },
            {
                "memory_mb": 557.1328125,
                "cpu_percent": 91.7,
                "timestamp": 1778799887.1429064
            },
            {
                "memory_mb": 557.12890625,
                "cpu_percent": 99.3,
                "timestamp": 1778799888.1907341
            },
            {
                "memory_mb": 562.00390625,
                "cpu_percent": 35.2,
                "timestamp": 1778799889.2430487
            },
            {
                "memory_mb": 561.9921875,
                "cpu_percent": 88.4,
                "timestamp": 1778799890.2948456
            },
            {
                "memory_mb": 562.0,
                "cpu_percent": 99.2,
                "timestamp": 1778799891.3428094
            },
            {
                "memory_mb": 557.2734375,
                "cpu_percent": 100.3,
                "timestamp": 1778799892.3900237
            },
            {
                "memory_mb": 557.28125,
                "cpu_percent": 100.2,
                "timestamp": 1778799893.4376912
            },
            {
                "memory_mb": 557.2734375,
                "cpu_percent": 99.3,
                "timestamp": 1778799894.485431
            },
            {
                "memory_mb": 557.27734375,
                "cpu_percent": 100.3,
                "timestamp": 1778799895.5321467
            },
            {
                "memory_mb": 557.28125,
                "cpu_percent": 75.4,
                "timestamp": 1778799896.5805323
            },
            {
                "memory_mb": 557.2734375,
                "cpu_percent": 99.2,
                "timestamp": 1778799897.6286774
            },
            {
                "memory_mb": 561.94921875,
                "cpu_percent": 57.0,
                "timestamp": 1778799898.6805818
            },
            {
                "memory_mb": 562.01171875,
                "cpu_percent": 67.7,
                "timestamp": 1778799899.7295372
            },
            {
                "memory_mb": 562.015625,
                "cpu_percent": 99.3,
                "timestamp": 1778799900.776741
            },
            {
                "memory_mb": 555.1484375,
                "cpu_percent": 100.2,
                "timestamp": 1778799901.8243861
            },
            {
                "memory_mb": 555.15234375,
                "cpu_percent": 99.3,
                "timestamp": 1778799902.871915
            },
            {
                "memory_mb": 555.1484375,
                "cpu_percent": 99.2,
                "timestamp": 1778799903.9200964
            },
            {
                "memory_mb": 555.1484375,
                "cpu_percent": 100.2,
                "timestamp": 1778799904.9678917
            },
            {
                "memory_mb": 555.15625,
                "cpu_percent": 74.5,
                "timestamp": 1778799906.0153222
            },
            {
                "memory_mb": 555.15234375,
                "cpu_percent": 101.0,
                "timestamp": 1778799907.0648408
            },
            {
                "memory_mb": 555.15625,
                "cpu_percent": 89.3,
                "timestamp": 1778799908.1170952
            },
            {
                "memory_mb": 562.0234375,
                "cpu_percent": 33.4,
                "timestamp": 1778799909.1639843
            },
            {
                "memory_mb": 562.01953125,
                "cpu_percent": 99.2,
                "timestamp": 1778799910.2122486
            },
            {
                "memory_mb": 550.41015625,
                "cpu_percent": 100.3,
                "timestamp": 1778799911.2590663
            },
            {
                "memory_mb": 550.40625,
                "cpu_percent": 99.2,
                "timestamp": 1778799912.306962
            },
            {
                "memory_mb": 550.40234375,
                "cpu_percent": 100.2,
                "timestamp": 1778799913.3545773
            },
            {
                "memory_mb": 550.40234375,
                "cpu_percent": 99.7,
                "timestamp": 1778799914.407674
            },
            {
                "memory_mb": 550.4140625,
                "cpu_percent": 90.3,
                "timestamp": 1778799915.459759
            },
            {
                "memory_mb": 550.41015625,
                "cpu_percent": 84.0,
                "timestamp": 1778799916.5071244
            },
            {
                "memory_mb": 550.41015625,
                "cpu_percent": 99.3,
                "timestamp": 1778799917.5546744
            },
            {
                "memory_mb": 550.41015625,
                "cpu_percent": 35.1,
                "timestamp": 1778799918.6077063
            },
            {
                "memory_mb": 550.3984375,
                "cpu_percent": 90.7,
                "timestamp": 1778799919.6552906
            },
            {
                "memory_mb": 550.40625,
                "cpu_percent": 99.3,
                "timestamp": 1778799920.7029147
            },
            {
                "memory_mb": 550.41015625,
                "cpu_percent": 100.2,
                "timestamp": 1778799921.75123
            },
            {
                "memory_mb": 550.41796875,
                "cpu_percent": 100.2,
                "timestamp": 1778799922.7987642
            },
            {
                "memory_mb": 550.41015625,
                "cpu_percent": 98.4,
                "timestamp": 1778799923.8457937
            },
            {
                "memory_mb": 550.4140625,
                "cpu_percent": 100.2,
                "timestamp": 1778799924.893574
            },
            {
                "memory_mb": 550.41796875,
                "cpu_percent": 77.3,
                "timestamp": 1778799925.9418466
            },
            {
                "memory_mb": 550.41015625,
                "cpu_percent": 100.3,
                "timestamp": 1778799926.9889197
            },
            {
                "memory_mb": 550.421875,
                "cpu_percent": 64.6,
                "timestamp": 1778799928.0418081
            },
            {
                "memory_mb": 571.08203125,
                "cpu_percent": 58.2,
                "timestamp": 1778799929.0903823
            },
            {
                "memory_mb": 571.08203125,
                "cpu_percent": 99.3,
                "timestamp": 1778799930.1378772
            },
            {
                "memory_mb": 565.28515625,
                "cpu_percent": 100.1,
                "timestamp": 1778799931.187354
            },
            {
                "memory_mb": 565.2890625,
                "cpu_percent": 100.2,
                "timestamp": 1778799932.2348132
            },
            {
                "memory_mb": 565.28515625,
                "cpu_percent": 99.3,
                "timestamp": 1778799933.2823591
            },
            {
                "memory_mb": 565.28515625,
                "cpu_percent": 101.1,
                "timestamp": 1778799934.3308158
            },
            {
                "memory_mb": 565.2890625,
                "cpu_percent": 76.4,
                "timestamp": 1778799935.37835
            },
            {
                "memory_mb": 565.28515625,
                "cpu_percent": 99.2,
                "timestamp": 1778799936.4269783
            },
            {
                "memory_mb": 565.29296875,
                "cpu_percent": 98.2,
                "timestamp": 1778799937.4753318
            },
            {
                "memory_mb": 571.1875,
                "cpu_percent": 23.9,
                "timestamp": 1778799938.5232182
            },
            {
                "memory_mb": 571.1796875,
                "cpu_percent": 101.1,
                "timestamp": 1778799939.5714934
            },
            {
                "memory_mb": 565.41796875,
                "cpu_percent": 99.3,
                "timestamp": 1778799940.6190104
            },
            {
                "memory_mb": 565.4140625,
                "cpu_percent": 99.8,
                "timestamp": 1778799941.6711655
            },
            {
                "memory_mb": 565.41796875,
                "cpu_percent": 99.3,
                "timestamp": 1778799942.7186036
            },
            {
                "memory_mb": 565.4140625,
                "cpu_percent": 100.3,
                "timestamp": 1778799943.7658923
            },
            {
                "memory_mb": 565.421875,
                "cpu_percent": 99.1,
                "timestamp": 1778799944.8151178
            },
            {
                "memory_mb": 565.41796875,
                "cpu_percent": 81.1,
                "timestamp": 1778799945.8638425
            },
            {
                "memory_mb": 565.4140625,
                "cpu_percent": 99.2,
                "timestamp": 1778799946.9119463
            },
            {
                "memory_mb": 571.1953125,
                "cpu_percent": 46.6,
                "timestamp": 1778799947.964183
            },
            {
                "memory_mb": 571.18359375,
                "cpu_percent": 74.5,
                "timestamp": 1778799949.0106125
            },
            {
                "memory_mb": 571.18359375,
                "cpu_percent": 101.2,
                "timestamp": 1778799950.0581071
            },
            {
                "memory_mb": 564.58984375,
                "cpu_percent": 99.3,
                "timestamp": 1778799951.1054707
            },
            {
                "memory_mb": 564.59375,
                "cpu_percent": 100.1,
                "timestamp": 1778799952.1542313
            },
            {
                "memory_mb": 564.58984375,
                "cpu_percent": 98.4,
                "timestamp": 1778799953.2008717
            },
            {
                "memory_mb": 564.58984375,
                "cpu_percent": 100.2,
                "timestamp": 1778799954.2492485
            },
            {
                "memory_mb": 564.59375,
                "cpu_percent": 75.4,
                "timestamp": 1778799955.2969158
            },
            {
                "memory_mb": 564.59375,
                "cpu_percent": 100.3,
                "timestamp": 1778799956.344282
            },
            {
                "memory_mb": 564.59765625,
                "cpu_percent": 81.7,
                "timestamp": 1778799957.3969276
            },
            {
                "memory_mb": 564.58203125,
                "cpu_percent": 41.0,
                "timestamp": 1778799958.4450026
            },
            {
                "memory_mb": 564.578125,
                "cpu_percent": 100.2,
                "timestamp": 1778799959.493088
            },
            {
                "memory_mb": 564.59375,
                "cpu_percent": 100.2,
                "timestamp": 1778799960.5406985
            },
            {
                "memory_mb": 564.58984375,
                "cpu_percent": 99.3,
                "timestamp": 1778799961.5875313
            },
            {
                "memory_mb": 564.59375,
                "cpu_percent": 100.3,
                "timestamp": 1778799962.634803
            },
            {
                "memory_mb": 564.58984375,
                "cpu_percent": 99.3,
                "timestamp": 1778799963.6820707
            },
            {
                "memory_mb": 564.59765625,
                "cpu_percent": 76.1,
                "timestamp": 1778799964.7333267
            },
            {
                "memory_mb": 564.59375,
                "cpu_percent": 98.3,
                "timestamp": 1778799965.7806478
            },
            {
                "memory_mb": 564.58984375,
                "cpu_percent": 101.2,
                "timestamp": 1778799966.8280942
            },
            {
                "memory_mb": 562.99609375,
                "cpu_percent": 26.6,
                "timestamp": 1778799967.880021
            },
            {
                "memory_mb": 562.984375,
                "cpu_percent": 94.4,
                "timestamp": 1778799968.9282253
            },
            {
                "memory_mb": 562.9921875,
                "cpu_percent": 100.7,
                "timestamp": 1778799969.9805615
            },
            {
                "memory_mb": 562.99609375,
                "cpu_percent": 99.3,
                "timestamp": 1778799971.0283723
            },
            {
                "memory_mb": 563.00390625,
                "cpu_percent": 100.2,
                "timestamp": 1778799972.0758066
            },
            {
                "memory_mb": 562.99609375,
                "cpu_percent": 99.2,
                "timestamp": 1778799973.1241941
            },
            {
                "memory_mb": 563.0,
                "cpu_percent": 101.1,
                "timestamp": 1778799974.172184
            },
            {
                "memory_mb": 563.00390625,
                "cpu_percent": 76.4,
                "timestamp": 1778799975.219482
            },
            {
                "memory_mb": 562.99609375,
                "cpu_percent": 100.1,
                "timestamp": 1778799976.26799
            },
            {
                "memory_mb": 563.0078125,
                "cpu_percent": 59.9,
                "timestamp": 1778799977.3193765
            },
            {
                "memory_mb": 571.1953125,
                "cpu_percent": 63.0,
                "timestamp": 1778799978.3670495
            },
            {
                "memory_mb": 571.1953125,
                "cpu_percent": 100.2,
                "timestamp": 1778799979.4151978
            },
            {
                "memory_mb": 557.07421875,
                "cpu_percent": 99.3,
                "timestamp": 1778799980.4625628
            },
            {
                "memory_mb": 557.078125,
                "cpu_percent": 100.2,
                "timestamp": 1778799981.510098
            },
            {
                "memory_mb": 557.07421875,
                "cpu_percent": 99.2,
                "timestamp": 1778799982.5579717
            },
            {
                "memory_mb": 557.07421875,
                "cpu_percent": 100.1,
                "timestamp": 1778799983.606863
            },
            {
                "memory_mb": 557.08203125,
                "cpu_percent": 76.3,
                "timestamp": 1778799984.655664
            },
            {
                "memory_mb": 557.08203125,
                "cpu_percent": 100.3,
                "timestamp": 1778799985.7023323
            },
            {
                "memory_mb": 557.0859375,
                "cpu_percent": 95.5,
                "timestamp": 1778799986.7499855
            },
            {
                "memory_mb": 571.203125,
                "cpu_percent": 27.7,
                "timestamp": 1778799987.7973917
            },
            {
                "memory_mb": 571.1953125,
                "cpu_percent": 99.1,
                "timestamp": 1778799988.8465044
            },
            {
                "memory_mb": 565.40234375,
                "cpu_percent": 100.3,
                "timestamp": 1778799989.8935168
            },
            {
                "memory_mb": 565.3984375,
                "cpu_percent": 100.2,
                "timestamp": 1778799990.9410765
            },
            {
                "memory_mb": 565.40234375,
                "cpu_percent": 99.3,
                "timestamp": 1778799991.9886932
            },
            {
                "memory_mb": 565.3984375,
                "cpu_percent": 100.7,
                "timestamp": 1778799993.041286
            },
            {
                "memory_mb": 565.40625,
                "cpu_percent": 99.2,
                "timestamp": 1778799994.089297
            },
            {
                "memory_mb": 565.40234375,
                "cpu_percent": 77.4,
                "timestamp": 1778799995.1364133
            },
            {
                "memory_mb": 565.3984375,
                "cpu_percent": 100.2,
                "timestamp": 1778799996.1843808
            },
            {
                "memory_mb": 571.2109375,
                "cpu_percent": 46.5,
                "timestamp": 1778799997.2385058
            },
            {
                "memory_mb": 571.203125,
                "cpu_percent": 75.4,
                "timestamp": 1778799998.2857323
            },
            {
                "memory_mb": 571.203125,
                "cpu_percent": 100.3,
                "timestamp": 1778799999.3327475
            },
            {
                "memory_mb": 565.4375,
                "cpu_percent": 99.2,
                "timestamp": 1778800000.381062
            },
            {
                "memory_mb": 565.44140625,
                "cpu_percent": 100.3,
                "timestamp": 1778800001.428424
            },
            {
                "memory_mb": 565.4375,
                "cpu_percent": 100.2,
                "timestamp": 1778800002.4758382
            },
            {
                "memory_mb": 565.4375,
                "cpu_percent": 99.2,
                "timestamp": 1778800003.5237117
            },
            {
                "memory_mb": 565.44140625,
                "cpu_percent": 73.9,
                "timestamp": 1778800004.308679
            }
        ]
    }
}
