{
    "active_periods": [
        {
            "start": 1776534648.675984,
            "end": 1776534953.314269,
            "duration_sec": 304.6382851600647,
            "tasks_completed": 944,
            "throughput_tps": 3.098756938918555
        }
    ],
    "history": [
        {
            "timestamp": 1776534648.675984,
            "messages": 0,
            "ack": 132454
        },
        {
            "timestamp": 1776534653.68419,
            "messages": 0,
            "ack": 132454
        },
        {
            "timestamp": 1776534658.688673,
            "messages": 8,
            "ack": 132470
        },
        {
            "timestamp": 1776534663.692075,
            "messages": 8,
            "ack": 132486
        },
        {
            "timestamp": 1776534668.696513,
            "messages": 8,
            "ack": 132502
        },
        {
            "timestamp": 1776534673.701146,
            "messages": 8,
            "ack": 132518
        },
        {
            "timestamp": 1776534678.705688,
            "messages": 8,
            "ack": 132534
        },
        {
            "timestamp": 1776534683.710833,
            "messages": 8,
            "ack": 132550
        },
        {
            "timestamp": 1776534688.715073,
            "messages": 8,
            "ack": 132566
        },
        {
            "timestamp": 1776534693.71988,
            "messages": 8,
            "ack": 132582
        },
        {
            "timestamp": 1776534698.724303,
            "messages": 8,
            "ack": 132597
        },
        {
            "timestamp": 1776534703.730105,
            "messages": 8,
            "ack": 132611
        },
        {
            "timestamp": 1776534708.734627,
            "messages": 8,
            "ack": 132624
        },
        {
            "timestamp": 1776534713.739296,
            "messages": 8,
            "ack": 132638
        },
        {
            "timestamp": 1776534718.742726,
            "messages": 8,
            "ack": 132654
        },
        {
            "timestamp": 1776534723.748888,
            "messages": 8,
            "ack": 132670
        },
        {
            "timestamp": 1776534728.754917,
            "messages": 8,
            "ack": 132686
        },
        {
            "timestamp": 1776534733.758889,
            "messages": 8,
            "ack": 132702
        },
        {
            "timestamp": 1776534738.763107,
            "messages": 8,
            "ack": 132718
        },
        {
            "timestamp": 1776534743.76886,
            "messages": 8,
            "ack": 132734
        },
        {
            "timestamp": 1776534748.77653,
            "messages": 8,
            "ack": 132750
        },
        {
            "timestamp": 1776534753.782202,
            "messages": 8,
            "ack": 132766
        },
        {
            "timestamp": 1776534758.788145,
            "messages": 8,
            "ack": 132782
        },
        {
            "timestamp": 1776534763.793331,
            "messages": 8,
            "ack": 132798
        },
        {
            "timestamp": 1776534768.800268,
            "messages": 8,
            "ack": 132814
        },
        {
            "timestamp": 1776534773.805231,
            "messages": 8,
            "ack": 132830
        },
        {
            "timestamp": 1776534778.809688,
            "messages": 8,
            "ack": 132845
        },
        {
            "timestamp": 1776534783.815982,
            "messages": 8,
            "ack": 132859
        },
        {
            "timestamp": 1776534788.822512,
            "messages": 8,
            "ack": 132886
        },
        {
            "timestamp": 1776534793.827334,
            "messages": 8,
            "ack": 132902
        },
        {
            "timestamp": 1776534798.832131,
            "messages": 8,
            "ack": 132918
        },
        {
            "timestamp": 1776534803.836804,
            "messages": 8,
            "ack": 132934
        },
        {
            "timestamp": 1776534808.841885,
            "messages": 8,
            "ack": 132950
        },
        {
            "timestamp": 1776534813.847383,
            "messages": 8,
            "ack": 132966
        },
        {
            "timestamp": 1776534818.852936,
            "messages": 8,
            "ack": 132982
        },
        {
            "timestamp": 1776534823.859909,
            "messages": 8,
            "ack": 132998
        },
        {
            "timestamp": 1776534828.867634,
            "messages": 8,
            "ack": 133014
        },
        {
            "timestamp": 1776534833.873603,
            "messages": 8,
            "ack": 133030
        },
        {
            "timestamp": 1776534838.877981,
            "messages": 8,
            "ack": 133046
        },
        {
            "timestamp": 1776534843.882713,
            "messages": 8,
            "ack": 133062
        },
        {
            "timestamp": 1776534848.886768,
            "messages": 8,
            "ack": 133078
        },
        {
            "timestamp": 1776534853.890538,
            "messages": 8,
            "ack": 133094
        },
        {
            "timestamp": 1776534858.895081,
            "messages": 8,
            "ack": 133104
        },
        {
            "timestamp": 1776534863.898123,
            "messages": 8,
            "ack": 133123
        },
        {
            "timestamp": 1776534868.902473,
            "messages": 8,
            "ack": 133134
        },
        {
            "timestamp": 1776534873.90773,
            "messages": 8,
            "ack": 133150
        },
        {
            "timestamp": 1776534878.913159,
            "messages": 8,
            "ack": 133166
        },
        {
            "timestamp": 1776534883.919442,
            "messages": 8,
            "ack": 133182
        },
        {
            "timestamp": 1776534888.926588,
            "messages": 8,
            "ack": 133198
        },
        {
            "timestamp": 1776534893.932506,
            "messages": 8,
            "ack": 133214
        },
        {
            "timestamp": 1776534898.938001,
            "messages": 8,
            "ack": 133230
        },
        {
            "timestamp": 1776534903.944922,
            "messages": 8,
            "ack": 133246
        },
        {
            "timestamp": 1776534908.951089,
            "messages": 8,
            "ack": 133262
        },
        {
            "timestamp": 1776534913.955742,
            "messages": 8,
            "ack": 133278
        },
        {
            "timestamp": 1776534918.961293,
            "messages": 8,
            "ack": 133294
        },
        {
            "timestamp": 1776534923.96591,
            "messages": 8,
            "ack": 133310
        },
        {
            "timestamp": 1776534928.96958,
            "messages": 8,
            "ack": 133326
        },
        {
            "timestamp": 1776534933.977135,
            "messages": 8,
            "ack": 133342
        },
        {
            "timestamp": 1776534938.981498,
            "messages": 8,
            "ack": 133355
        },
        {
            "timestamp": 1776534943.985587,
            "messages": 8,
            "ack": 133368
        },
        {
            "timestamp": 1776534948.99128,
            "messages": 8,
            "ack": 133382
        },
        {
            "timestamp": 1776534953.309734,
            "messages": 8,
            "ack": 133398
        }
    ]
}