Процесс: 39886
УПРАВЛЯЮЩИЙ ПРОЦЕСС
Родитель: 13546
Создан: 2026-04-26T06:30:27.630000
Последний замер: 2026-04-26T06:35:30.086663
Время жизни: 302.456663 сек
voluntary_ctxt_switches: 1509
nonvoluntary_ctxt_switches: 3
jiffies: 80.0
avg_cpu_load: 0.2 %
avg_memory_mb: 42.8 MB


Процесс: 39893
Родитель: 39886
Создан: 2026-04-26T06:30:28.030000
Последний замер: 2026-04-26T06:31:09.313989
Время жизни: 41.283989 сек
voluntary_ctxt_switches: 19
nonvoluntary_ctxt_switches: 24
jiffies: 197.0
avg_cpu_load: 4.8 %
avg_memory_mb: 95.2 MB

Среднее latency: 1.72
Средний runtime: 1.65
Всего задач: 4
Задач по типам: cpu_intensive - 3; memory_intensive - 1

Процесс: 39903
Родитель: 39886
Создан: 2026-04-26T06:30:29.100000
Последний замер: 2026-04-26T06:31:39.695969
Время жизни: 70.595969 сек
voluntary_ctxt_switches: 35
nonvoluntary_ctxt_switches: 56
jiffies: 323.0
avg_cpu_load: 4.6 %
avg_memory_mb: 95.1 MB

Среднее latency: 1.67
Средний runtime: 1.63
Всего задач: 7
Задач по типам: cpu_intensive - 5; memory_intensive - 2

Процесс: 39908
Родитель: 39886
Создан: 2026-04-26T06:31:09.010000
Последний замер: 2026-04-26T06:32:09.030309
Время жизни: 60.020309 сек
voluntary_ctxt_switches: 33
nonvoluntary_ctxt_switches: 28
jiffies: 265.0
avg_cpu_load: 4.4 %
avg_memory_mb: 118.2 MB

Среднее latency: 1.66
Средний runtime: 1.64
Всего задач: 6
Задач по типам: memory_intensive - 2; cpu_intensive - 4

Процесс: 39973
Родитель: 39886
Создан: 2026-04-26T06:31:39.020000
Последний замер: 2026-04-26T06:32:39.408515
Время жизни: 60.388515 сек
voluntary_ctxt_switches: 33
nonvoluntary_ctxt_switches: 57
jiffies: 261.0
avg_cpu_load: 4.4 %
avg_memory_mb: 105.0 MB

Среднее latency: 1.65
Средний runtime: 1.64
Всего задач: 6
Задач по типам: cpu_intensive - 4; memory_intensive - 2

Процесс: 39977
Родитель: 39886
Создан: 2026-04-26T06:32:09.030000
Последний замер: 2026-04-26T06:33:09.782113
Время жизни: 60.752113 сек
voluntary_ctxt_switches: 33
nonvoluntary_ctxt_switches: 16
jiffies: 275.0
avg_cpu_load: 4.5 %
avg_memory_mb: 118.0 MB

Среднее latency: 1.67
Средний runtime: 1.66
Всего задач: 6
Задач по типам: memory_intensive - 2; cpu_intensive - 4

Процесс: 40042
Родитель: 39886
Создан: 2026-04-26T06:32:39.040000
Последний замер: 2026-04-26T06:33:39.125931
Время жизни: 60.085931 сек
voluntary_ctxt_switches: 33
nonvoluntary_ctxt_switches: 64
jiffies: 270.0
avg_cpu_load: 4.5 %
avg_memory_mb: 104.6 MB

Среднее latency: 1.66
Средний runtime: 1.65
Всего задач: 6
Задач по типам: cpu_intensive - 4; memory_intensive - 2

Процесс: 40046
Родитель: 39886
Создан: 2026-04-26T06:33:09.050000
Последний замер: 2026-04-26T06:34:09.506932
Время жизни: 60.456932 сек
voluntary_ctxt_switches: 33
nonvoluntary_ctxt_switches: 25
jiffies: 270.0
avg_cpu_load: 4.4 %
avg_memory_mb: 118.8 MB

Среднее latency: 1.66
Средний runtime: 1.65
Всего задач: 6
Задач по типам: memory_intensive - 2; cpu_intensive - 4

Процесс: 40111
Родитель: 39886
Создан: 2026-04-26T06:33:39.050000
Последний замер: 2026-04-26T06:34:39.891925
Время жизни: 60.841925 сек
voluntary_ctxt_switches: 33
nonvoluntary_ctxt_switches: 49
jiffies: 267.0
avg_cpu_load: 4.4 %
avg_memory_mb: 104.5 MB

Среднее latency: 1.66
Средний runtime: 1.65
Всего задач: 6
Задач по типам: cpu_intensive - 4; memory_intensive - 2

Процесс: 40118
Родитель: 39886
Создан: 2026-04-26T06:34:09.060000
Последний замер: 2026-04-26T06:35:09.238577
Время жизни: 60.178577 сек
voluntary_ctxt_switches: 33
nonvoluntary_ctxt_switches: 21
jiffies: 274.0
avg_cpu_load: 4.5 %
avg_memory_mb: 118.4 MB

Среднее latency: 1.67
Средний runtime: 1.66
Всего задач: 6
Задач по типам: memory_intensive - 2; cpu_intensive - 4

Процесс: 40183
Родитель: 39886
Создан: 2026-04-26T06:34:39.070000
Последний замер: 2026-04-26T06:35:30.087349
Время жизни: 51.017349 сек
voluntary_ctxt_switches: 31
nonvoluntary_ctxt_switches: 36
jiffies: 203.0
avg_cpu_load: 4.0 %
avg_memory_mb: 102.6 MB

Среднее latency: 1.66
Средний runtime: 1.65
Всего задач: 5
Задач по типам: cpu_intensive - 3; memory_intensive - 2

Процесс: 40191
Родитель: 39886
Создан: 2026-04-26T06:35:09.080000
Последний замер: 2026-04-26T06:35:30.087555
Время жизни: 21.007555 сек
voluntary_ctxt_switches: 15
nonvoluntary_ctxt_switches: 5
jiffies: 76.0
avg_cpu_load: 3.5 %
avg_memory_mb: 115.8 MB

Среднее latency: 1.71
Средний runtime: 1.69
Всего задач: 2
Задач по типам: memory_intensive - 1; cpu_intensive - 1

