{
    "285764": {
        "ppid": "254983",
        "name": "celery",
        "cmdline": "/home/experimenter/projects/celery-autoscale/.venv/bin/python3 /home/experimenter/projects/celery-autoscale/.venv/bin/celery -A celery_app worker --loglevel=INFO --concurrency=2 --pool=eventlet",
        "create_time": "2026-05-14T19:51:26.520000",
        "last_update": "2026-05-14T19:56:29.464740",
        "voluntary_ctxt_switches": 2739,
        "nonvoluntary_ctxt_switches": 1166,
        "jiffies": 11510,
        "stats": [
            {
                "memory_mb": 52.328125,
                "cpu_percent": 0.0,
                "timestamp": 1778777487.5951595
            },
            {
                "memory_mb": 52.80859375,
                "cpu_percent": 29.6,
                "timestamp": 1778777488.6441975
            },
            {
                "memory_mb": 52.84765625,
                "cpu_percent": 38.9,
                "timestamp": 1778777489.6973279
            },
            {
                "memory_mb": 52.8515625,
                "cpu_percent": 65.7,
                "timestamp": 1778777490.747385
            },
            {
                "memory_mb": 99.00390625,
                "cpu_percent": 9.5,
                "timestamp": 1778777491.8039632
            },
            {
                "memory_mb": 145.07421875,
                "cpu_percent": 53.2,
                "timestamp": 1778777492.8573797
            },
            {
                "memory_mb": 145.09375,
                "cpu_percent": 75.3,
                "timestamp": 1778777493.9069202
            },
            {
                "memory_mb": 135.38671875,
                "cpu_percent": 11.4,
                "timestamp": 1778777494.9616325
            },
            {
                "memory_mb": 135.390625,
                "cpu_percent": 65.8,
                "timestamp": 1778777496.0108354
            },
            {
                "memory_mb": 144.93359375,
                "cpu_percent": 9.5,
                "timestamp": 1778777497.0652819
            },
            {
                "memory_mb": 107.31640625,
                "cpu_percent": 2.8,
                "timestamp": 1778777498.1189306
            },
            {
                "memory_mb": 107.3125,
                "cpu_percent": 64.5,
                "timestamp": 1778777499.1726077
            },
            {
                "memory_mb": 135.109375,
                "cpu_percent": 6.6,
                "timestamp": 1778777500.2267911
            },
            {
                "memory_mb": 144.9296875,
                "cpu_percent": 68.3,
                "timestamp": 1778777501.2805166
            },
            {
                "memory_mb": 135.23046875,
                "cpu_percent": 69.3,
                "timestamp": 1778777502.3341355
            },
            {
                "memory_mb": 135.234375,
                "cpu_percent": 5.7,
                "timestamp": 1778777503.3885865
            },
            {
                "memory_mb": 135.234375,
                "cpu_percent": 65.5,
                "timestamp": 1778777504.4418213
            },
            {
                "memory_mb": 144.93359375,
                "cpu_percent": 3.8,
                "timestamp": 1778777505.4954941
            },
            {
                "memory_mb": 107.39453125,
                "cpu_percent": 21.9,
                "timestamp": 1778777506.5446193
            },
            {
                "memory_mb": 107.3984375,
                "cpu_percent": 50.3,
                "timestamp": 1778777507.597557
            },
            {
                "memory_mb": 144.93359375,
                "cpu_percent": 33.4,
                "timestamp": 1778777508.64685
            },
            {
                "memory_mb": 144.93359375,
                "cpu_percent": 70.5,
                "timestamp": 1778777509.6964774
            },
            {
                "memory_mb": 135.23046875,
                "cpu_percent": 33.2,
                "timestamp": 1778777510.7513428
            },
            {
                "memory_mb": 135.234375,
                "cpu_percent": 43.8,
                "timestamp": 1778777511.8005812
            },
            {
                "memory_mb": 135.234375,
                "cpu_percent": 28.5,
                "timestamp": 1778777512.8535333
            },
            {
                "memory_mb": 135.234375,
                "cpu_percent": 3.8,
                "timestamp": 1778777513.9081113
            },
            {
                "memory_mb": 135.234375,
                "cpu_percent": 58.1,
                "timestamp": 1778777514.9574687
            },
            {
                "memory_mb": 135.23828125,
                "cpu_percent": 16.1,
                "timestamp": 1778777516.0115876
            },
            {
                "memory_mb": 144.9375,
                "cpu_percent": 69.6,
                "timestamp": 1778777517.0605068
            },
            {
                "memory_mb": 135.23046875,
                "cpu_percent": 71.5,
                "timestamp": 1778777518.1100914
            },
            {
                "memory_mb": 135.2265625,
                "cpu_percent": 0.0,
                "timestamp": 1778777519.1638575
            },
            {
                "memory_mb": 135.234375,
                "cpu_percent": 68.3,
                "timestamp": 1778777520.217767
            },
            {
                "memory_mb": 144.9296875,
                "cpu_percent": 4.7,
                "timestamp": 1778777521.2718616
            },
            {
                "memory_mb": 135.23046875,
                "cpu_percent": 2.8,
                "timestamp": 1778777522.32594
            },
            {
                "memory_mb": 135.234375,
                "cpu_percent": 73.1,
                "timestamp": 1778777523.3793256
            },
            {
                "memory_mb": 144.9375,
                "cpu_percent": 11.4,
                "timestamp": 1778777524.4292035
            },
            {
                "memory_mb": 144.9375,
                "cpu_percent": 70.5,
                "timestamp": 1778777525.4782481
            },
            {
                "memory_mb": 135.234375,
                "cpu_percent": 55.9,
                "timestamp": 1778777526.5341508
            },
            {
                "memory_mb": 135.23828125,
                "cpu_percent": 21.9,
                "timestamp": 1778777527.5854564
            },
            {
                "memory_mb": 135.23828125,
                "cpu_percent": 49.3,
                "timestamp": 1778777528.6399243
            },
            {
                "memory_mb": 123.046875,
                "cpu_percent": 6.7,
                "timestamp": 1778777529.6900382
            },
            {
                "memory_mb": 107.8359375,
                "cpu_percent": 35.2,
                "timestamp": 1778777530.7398484
            },
            {
                "memory_mb": 107.83984375,
                "cpu_percent": 37.0,
                "timestamp": 1778777531.7941797
            },
            {
                "memory_mb": 144.93359375,
                "cpu_percent": 49.5,
                "timestamp": 1778777532.8438616
            },
            {
                "memory_mb": 144.93359375,
                "cpu_percent": 70.5,
                "timestamp": 1778777533.8937423
            },
            {
                "memory_mb": 135.23046875,
                "cpu_percent": 19.9,
                "timestamp": 1778777534.9479167
            },
            {
                "memory_mb": 135.234375,
                "cpu_percent": 61.0,
                "timestamp": 1778777535.9969735
            },
            {
                "memory_mb": 144.9375,
                "cpu_percent": 13.3,
                "timestamp": 1778777537.0518396
            },
            {
                "memory_mb": 123.046875,
                "cpu_percent": 3.8,
                "timestamp": 1778777538.1050408
            },
            {
                "memory_mb": 107.83203125,
                "cpu_percent": 71.4,
                "timestamp": 1778777539.1549356
            },
            {
                "memory_mb": 126.51171875,
                "cpu_percent": 5.7,
                "timestamp": 1778777540.2082684
            },
            {
                "memory_mb": 144.9296875,
                "cpu_percent": 66.4,
                "timestamp": 1778777541.2622266
            },
            {
                "memory_mb": 135.23046875,
                "cpu_percent": 70.2,
                "timestamp": 1778777542.316129
            },
            {
                "memory_mb": 135.2265625,
                "cpu_percent": 0.9,
                "timestamp": 1778777543.370245
            },
            {
                "memory_mb": 135.23828125,
                "cpu_percent": 70.3,
                "timestamp": 1778777544.423626
            },
            {
                "memory_mb": 144.9375,
                "cpu_percent": 2.8,
                "timestamp": 1778777545.4776044
            },
            {
                "memory_mb": 107.8359375,
                "cpu_percent": 17.1,
                "timestamp": 1778777546.5272622
            },
            {
                "memory_mb": 107.83984375,
                "cpu_percent": 57.8,
                "timestamp": 1778777547.5827515
            },
            {
                "memory_mb": 144.9375,
                "cpu_percent": 30.5,
                "timestamp": 1778777548.6325908
            },
            {
                "memory_mb": 144.9375,
                "cpu_percent": 70.4,
                "timestamp": 1778777549.6838257
            },
            {
                "memory_mb": 135.234375,
                "cpu_percent": 40.8,
                "timestamp": 1778777550.7371972
            },
            {
                "memory_mb": 135.23828125,
                "cpu_percent": 39.1,
                "timestamp": 1778777551.7866998
            },
            {
                "memory_mb": 135.23828125,
                "cpu_percent": 33.2,
                "timestamp": 1778777552.8402135
            },
            {
                "memory_mb": 123.05078125,
                "cpu_percent": 5.7,
                "timestamp": 1778777553.893111
            },
            {
                "memory_mb": 107.8359375,
                "cpu_percent": 52.4,
                "timestamp": 1778777554.9426749
            },
            {
                "memory_mb": 108.171875,
                "cpu_percent": 21.9,
                "timestamp": 1778777555.9950051
            },
            {
                "memory_mb": 144.9375,
                "cpu_percent": 66.7,
                "timestamp": 1778777557.0441508
            },
            {
                "memory_mb": 144.9375,
                "cpu_percent": 70.5,
                "timestamp": 1778777558.093764
            },
            {
                "memory_mb": 135.23046875,
                "cpu_percent": 3.8,
                "timestamp": 1778777559.148724
            },
            {
                "memory_mb": 135.23828125,
                "cpu_percent": 68.2,
                "timestamp": 1778777560.2045326
            },
            {
                "memory_mb": 144.93359375,
                "cpu_percent": 4.7,
                "timestamp": 1778777561.2578003
            },
            {
                "memory_mb": 107.8359375,
                "cpu_percent": 4.7,
                "timestamp": 1778777562.3116996
            },
            {
                "memory_mb": 107.83203125,
                "cpu_percent": 70.1,
                "timestamp": 1778777563.366847
            },
            {
                "memory_mb": 144.94140625,
                "cpu_percent": 7.6,
                "timestamp": 1778777564.418977
            },
            {
                "memory_mb": 144.9453125,
                "cpu_percent": 70.6,
                "timestamp": 1778777565.4677548
            },
            {
                "memory_mb": 135.23828125,
                "cpu_percent": 63.6,
                "timestamp": 1778777566.521598
            },
            {
                "memory_mb": 135.2421875,
                "cpu_percent": 18.1,
                "timestamp": 1778777567.5718641
            },
            {
                "memory_mb": 135.2421875,
                "cpu_percent": 54.1,
                "timestamp": 1778777568.6250896
            },
            {
                "memory_mb": 144.94140625,
                "cpu_percent": 2.8,
                "timestamp": 1778777569.678572
            },
            {
                "memory_mb": 107.83984375,
                "cpu_percent": 33.3,
                "timestamp": 1778777570.728598
            },
            {
                "memory_mb": 107.84375,
                "cpu_percent": 43.7,
                "timestamp": 1778777571.782024
            },
            {
                "memory_mb": 144.9453125,
                "cpu_percent": 45.7,
                "timestamp": 1778777572.8312554
            },
            {
                "memory_mb": 144.9453125,
                "cpu_percent": 70.5,
                "timestamp": 1778777573.880773
            },
            {
                "memory_mb": 135.23828125,
                "cpu_percent": 25.7,
                "timestamp": 1778777574.9300082
            },
            {
                "memory_mb": 135.2421875,
                "cpu_percent": 54.3,
                "timestamp": 1778777575.9793923
            },
            {
                "memory_mb": 144.94140625,
                "cpu_percent": 18.0,
                "timestamp": 1778777577.0325856
            },
            {
                "memory_mb": 123.05859375,
                "cpu_percent": 3.8,
                "timestamp": 1778777578.0858722
            },
            {
                "memory_mb": 107.84375,
                "cpu_percent": 69.6,
                "timestamp": 1778777579.1354332
            },
            {
                "memory_mb": 126.51953125,
                "cpu_percent": 6.6,
                "timestamp": 1778777580.1895583
            },
            {
                "memory_mb": 144.9453125,
                "cpu_percent": 67.4,
                "timestamp": 1778777581.2433019
            },
            {
                "memory_mb": 135.2421875,
                "cpu_percent": 70.2,
                "timestamp": 1778777582.297545
            },
            {
                "memory_mb": 135.23828125,
                "cpu_percent": 0.0,
                "timestamp": 1778777583.352423
            },
            {
                "memory_mb": 135.24609375,
                "cpu_percent": 70.3,
                "timestamp": 1778777584.405691
            },
            {
                "memory_mb": 144.9453125,
                "cpu_percent": 3.8,
                "timestamp": 1778777585.4596224
            },
            {
                "memory_mb": 107.84375,
                "cpu_percent": 11.4,
                "timestamp": 1778777586.5092924
            },
            {
                "memory_mb": 107.84765625,
                "cpu_percent": 65.5,
                "timestamp": 1778777587.5625904
            },
            {
                "memory_mb": 144.94921875,
                "cpu_percent": 22.8,
                "timestamp": 1778777588.6130762
            },
            {
                "memory_mb": 144.94921875,
                "cpu_percent": 70.5,
                "timestamp": 1778777589.662444
            },
            {
                "memory_mb": 135.2421875,
                "cpu_percent": 46.5,
                "timestamp": 1778777590.716042
            },
            {
                "memory_mb": 135.24609375,
                "cpu_percent": 34.3,
                "timestamp": 1778777591.7659326
            },
            {
                "memory_mb": 135.24609375,
                "cpu_percent": 38.9,
                "timestamp": 1778777592.819956
            },
            {
                "memory_mb": 123.05859375,
                "cpu_percent": 4.7,
                "timestamp": 1778777593.8745697
            },
            {
                "memory_mb": 107.84375,
                "cpu_percent": 46.7,
                "timestamp": 1778777594.9240987
            },
            {
                "memory_mb": 108.1796875,
                "cpu_percent": 27.5,
                "timestamp": 1778777595.9796207
            },
            {
                "memory_mb": 144.94140625,
                "cpu_percent": 60.9,
                "timestamp": 1778777597.030877
            },
            {
                "memory_mb": 144.94140625,
                "cpu_percent": 70.5,
                "timestamp": 1778777598.0808897
            },
            {
                "memory_mb": 135.2421875,
                "cpu_percent": 9.5,
                "timestamp": 1778777599.1348324
            },
            {
                "memory_mb": 135.24609375,
                "cpu_percent": 69.6,
                "timestamp": 1778777600.1842823
            },
            {
                "memory_mb": 144.9453125,
                "cpu_percent": 4.7,
                "timestamp": 1778777601.239555
            },
            {
                "memory_mb": 107.84765625,
                "cpu_percent": 3.8,
                "timestamp": 1778777602.2936075
            },
            {
                "memory_mb": 107.84375,
                "cpu_percent": 73.1,
                "timestamp": 1778777603.3476608
            },
            {
                "memory_mb": 135.12890625,
                "cpu_percent": 5.7,
                "timestamp": 1778777604.4015
            },
            {
                "memory_mb": 144.953125,
                "cpu_percent": 67.4,
                "timestamp": 1778777605.4555652
            },
            {
                "memory_mb": 135.25,
                "cpu_percent": 68.3,
                "timestamp": 1778777606.509626
            },
            {
                "memory_mb": 135.25390625,
                "cpu_percent": 11.4,
                "timestamp": 1778777607.5599911
            },
            {
                "memory_mb": 135.25390625,
                "cpu_percent": 58.8,
                "timestamp": 1778777608.6139808
            },
            {
                "memory_mb": 144.94921875,
                "cpu_percent": 2.8,
                "timestamp": 1778777609.6681154
            },
            {
                "memory_mb": 107.84765625,
                "cpu_percent": 29.5,
                "timestamp": 1778777610.718043
            },
            {
                "memory_mb": 107.8515625,
                "cpu_percent": 49.3,
                "timestamp": 1778777611.7718475
            },
            {
                "memory_mb": 144.953125,
                "cpu_percent": 40.0,
                "timestamp": 1778777612.8209114
            },
            {
                "memory_mb": 144.953125,
                "cpu_percent": 70.5,
                "timestamp": 1778777613.8711889
            },
            {
                "memory_mb": 136.54296875,
                "cpu_percent": 26.6,
                "timestamp": 1778777614.9254994
            },
            {
                "memory_mb": 136.546875,
                "cpu_percent": 51.4,
                "timestamp": 1778777615.9754112
            },
            {
                "memory_mb": 144.95703125,
                "cpu_percent": 21.8,
                "timestamp": 1778777617.0299656
            },
            {
                "memory_mb": 136.54296875,
                "cpu_percent": 3.8,
                "timestamp": 1778777618.0839224
            },
            {
                "memory_mb": 136.54296875,
                "cpu_percent": 64.8,
                "timestamp": 1778777619.1336777
            },
            {
                "memory_mb": 136.546875,
                "cpu_percent": 9.5,
                "timestamp": 1778777620.187908
            },
            {
                "memory_mb": 144.953125,
                "cpu_percent": 66.4,
                "timestamp": 1778777621.241981
            },
            {
                "memory_mb": 136.54296875,
                "cpu_percent": 68.3,
                "timestamp": 1778777622.2959454
            },
            {
                "memory_mb": 136.5390625,
                "cpu_percent": 0.0,
                "timestamp": 1778777623.3502913
            },
            {
                "memory_mb": 136.546875,
                "cpu_percent": 69.3,
                "timestamp": 1778777624.4030619
            },
            {
                "memory_mb": 144.95703125,
                "cpu_percent": 2.8,
                "timestamp": 1778777625.4571252
            },
            {
                "memory_mb": 136.54296875,
                "cpu_percent": 7.6,
                "timestamp": 1778777626.5119293
            },
            {
                "memory_mb": 136.546875,
                "cpu_percent": 66.4,
                "timestamp": 1778777627.5653913
            },
            {
                "memory_mb": 144.953125,
                "cpu_percent": 19.1,
                "timestamp": 1778777628.6148946
            },
            {
                "memory_mb": 144.95703125,
                "cpu_percent": 70.5,
                "timestamp": 1778777629.6645734
            },
            {
                "memory_mb": 136.546875,
                "cpu_percent": 49.3,
                "timestamp": 1778777630.7199798
            },
            {
                "memory_mb": 136.55078125,
                "cpu_percent": 29.5,
                "timestamp": 1778777631.7696416
            },
            {
                "memory_mb": 136.55078125,
                "cpu_percent": 41.0,
                "timestamp": 1778777632.8182695
            },
            {
                "memory_mb": 136.55078125,
                "cpu_percent": 5.7,
                "timestamp": 1778777633.87265
            },
            {
                "memory_mb": 136.55078125,
                "cpu_percent": 42.9,
                "timestamp": 1778777634.921562
            },
            {
                "memory_mb": 136.5546875,
                "cpu_percent": 32.2,
                "timestamp": 1778777635.9762573
            },
            {
                "memory_mb": 144.96484375,
                "cpu_percent": 55.3,
                "timestamp": 1778777637.0256023
            },
            {
                "memory_mb": 144.96484375,
                "cpu_percent": 70.5,
                "timestamp": 1778777638.075244
            },
            {
                "memory_mb": 136.55078125,
                "cpu_percent": 9.5,
                "timestamp": 1778777639.129638
            },
            {
                "memory_mb": 136.5546875,
                "cpu_percent": 68.6,
                "timestamp": 1778777640.1792624
            },
            {
                "memory_mb": 144.9609375,
                "cpu_percent": 4.7,
                "timestamp": 1778777641.2335868
            },
            {
                "memory_mb": 136.55078125,
                "cpu_percent": 3.8,
                "timestamp": 1778777642.2878134
            },
            {
                "memory_mb": 136.546875,
                "cpu_percent": 73.0,
                "timestamp": 1778777643.3419855
            },
            {
                "memory_mb": 136.5546875,
                "cpu_percent": 3.8,
                "timestamp": 1778777644.3968594
            },
            {
                "memory_mb": 144.9609375,
                "cpu_percent": 67.4,
                "timestamp": 1778777645.4509032
            },
            {
                "memory_mb": 136.55078125,
                "cpu_percent": 67.4,
                "timestamp": 1778777646.5050066
            },
            {
                "memory_mb": 136.5546875,
                "cpu_percent": 7.6,
                "timestamp": 1778777647.5543635
            },
            {
                "memory_mb": 136.5546875,
                "cpu_percent": 62.7,
                "timestamp": 1778777648.6077435
            },
            {
                "memory_mb": 144.96484375,
                "cpu_percent": 3.8,
                "timestamp": 1778777649.662054
            },
            {
                "memory_mb": 136.55078125,
                "cpu_percent": 24.8,
                "timestamp": 1778777650.7118452
            },
            {
                "memory_mb": 136.5546875,
                "cpu_percent": 50.3,
                "timestamp": 1778777651.7663624
            },
            {
                "memory_mb": 144.96484375,
                "cpu_percent": 34.3,
                "timestamp": 1778777652.8149965
            },
            {
                "memory_mb": 144.96484375,
                "cpu_percent": 71.5,
                "timestamp": 1778777653.8642492
            },
            {
                "memory_mb": 136.55078125,
                "cpu_percent": 34.1,
                "timestamp": 1778777654.9185252
            },
            {
                "memory_mb": 136.5546875,
                "cpu_percent": 46.7,
                "timestamp": 1778777655.9688873
            },
            {
                "memory_mb": 136.5546875,
                "cpu_percent": 24.7,
                "timestamp": 1778777657.0229304
            },
            {
                "memory_mb": 136.55078125,
                "cpu_percent": 4.7,
                "timestamp": 1778777658.0760663
            },
            {
                "memory_mb": 136.55078125,
                "cpu_percent": 60.0,
                "timestamp": 1778777659.1255567
            },
            {
                "memory_mb": 136.5546875,
                "cpu_percent": 14.2,
                "timestamp": 1778777660.179808
            },
            {
                "memory_mb": 144.9609375,
                "cpu_percent": 67.7,
                "timestamp": 1778777661.2288039
            },
            {
                "memory_mb": 135.25,
                "cpu_percent": 66.4,
                "timestamp": 1778777662.2826095
            },
            {
                "memory_mb": 135.24609375,
                "cpu_percent": 0.0,
                "timestamp": 1778777663.3370674
            },
            {
                "memory_mb": 135.25390625,
                "cpu_percent": 70.2,
                "timestamp": 1778777664.3915815
            },
            {
                "memory_mb": 144.95703125,
                "cpu_percent": 3.8,
                "timestamp": 1778777665.4457207
            },
            {
                "memory_mb": 135.2578125,
                "cpu_percent": 3.8,
                "timestamp": 1778777666.499796
            },
            {
                "memory_mb": 135.26171875,
                "cpu_percent": 71.2,
                "timestamp": 1778777667.5525777
            },
            {
                "memory_mb": 144.9609375,
                "cpu_percent": 14.3,
                "timestamp": 1778777668.6022995
            },
            {
                "memory_mb": 144.9609375,
                "cpu_percent": 70.6,
                "timestamp": 1778777669.651152
            },
            {
                "memory_mb": 135.25,
                "cpu_percent": 56.0,
                "timestamp": 1778777670.7049184
            },
            {
                "memory_mb": 135.25390625,
                "cpu_percent": 23.8,
                "timestamp": 1778777671.7544942
            },
            {
                "memory_mb": 135.25390625,
                "cpu_percent": 47.5,
                "timestamp": 1778777672.806044
            },
            {
                "memory_mb": 135.2578125,
                "cpu_percent": 5.7,
                "timestamp": 1778777673.8556216
            },
            {
                "memory_mb": 135.2578125,
                "cpu_percent": 38.1,
                "timestamp": 1778777674.9059336
            },
            {
                "memory_mb": 135.26171875,
                "cpu_percent": 37.0,
                "timestamp": 1778777675.9603984
            },
            {
                "memory_mb": 144.9609375,
                "cpu_percent": 50.5,
                "timestamp": 1778777677.0096407
            },
            {
                "memory_mb": 144.96484375,
                "cpu_percent": 69.6,
                "timestamp": 1778777678.0592108
            },
            {
                "memory_mb": 135.26171875,
                "cpu_percent": 19.0,
                "timestamp": 1778777679.1123414
            },
            {
                "memory_mb": 135.265625,
                "cpu_percent": 62.9,
                "timestamp": 1778777680.161624
            },
            {
                "memory_mb": 144.96875,
                "cpu_percent": 11.4,
                "timestamp": 1778777681.216146
            },
            {
                "memory_mb": 135.265625,
                "cpu_percent": 3.8,
                "timestamp": 1778777682.2693326
            },
            {
                "memory_mb": 135.26171875,
                "cpu_percent": 71.5,
                "timestamp": 1778777683.3186343
            },
            {
                "memory_mb": 135.26953125,
                "cpu_percent": 4.7,
                "timestamp": 1778777684.373299
            },
            {
                "memory_mb": 144.96484375,
                "cpu_percent": 68.3,
                "timestamp": 1778777685.4281578
            },
            {
                "memory_mb": 135.265625,
                "cpu_percent": 70.2,
                "timestamp": 1778777686.4823854
            },
            {
                "memory_mb": 135.26953125,
                "cpu_percent": 1.9,
                "timestamp": 1778777687.5369225
            },
            {
                "memory_mb": 135.26953125,
                "cpu_percent": 68.3,
                "timestamp": 1778777688.590574
            },
            {
                "memory_mb": 144.97265625,
                "cpu_percent": 2.8,
                "timestamp": 1778777689.644507
            },
            {
                "memory_mb": 135.265625,
                "cpu_percent": 20.0,
                "timestamp": 1778777690.6941934
            },
            {
                "memory_mb": 135.26953125,
                "cpu_percent": 57.0,
                "timestamp": 1778777691.747356
            },
            {
                "memory_mb": 144.96875,
                "cpu_percent": 28.6,
                "timestamp": 1778777692.7965043
            },
            {
                "memory_mb": 144.96875,
                "cpu_percent": 71.5,
                "timestamp": 1778777693.8454962
            },
            {
                "memory_mb": 135.25390625,
                "cpu_percent": 36.2,
                "timestamp": 1778777694.8945801
            },
            {
                "memory_mb": 135.2578125,
                "cpu_percent": 40.0,
                "timestamp": 1778777695.944351
            },
            {
                "memory_mb": 135.2578125,
                "cpu_percent": 33.2,
                "timestamp": 1778777696.9980996
            },
            {
                "memory_mb": 135.26171875,
                "cpu_percent": 4.7,
                "timestamp": 1778777698.053739
            },
            {
                "memory_mb": 135.26171875,
                "cpu_percent": 54.3,
                "timestamp": 1778777699.1033034
            },
            {
                "memory_mb": 135.265625,
                "cpu_percent": 18.9,
                "timestamp": 1778777700.1591506
            },
            {
                "memory_mb": 144.96875,
                "cpu_percent": 67.6,
                "timestamp": 1778777701.2091897
            },
            {
                "memory_mb": 135.265625,
                "cpu_percent": 67.6,
                "timestamp": 1778777702.2592156
            },
            {
                "memory_mb": 135.26171875,
                "cpu_percent": 0.0,
                "timestamp": 1778777703.3133957
            },
            {
                "memory_mb": 135.26953125,
                "cpu_percent": 68.3,
                "timestamp": 1778777704.36777
            },
            {
                "memory_mb": 144.96484375,
                "cpu_percent": 4.7,
                "timestamp": 1778777705.4221292
            },
            {
                "memory_mb": 135.26953125,
                "cpu_percent": 2.8,
                "timestamp": 1778777706.4757168
            },
            {
                "memory_mb": 135.265625,
                "cpu_percent": 71.1,
                "timestamp": 1778777707.5299766
            },
            {
                "memory_mb": 144.97265625,
                "cpu_percent": 9.5,
                "timestamp": 1778777708.5840592
            },
            {
                "memory_mb": 144.97265625,
                "cpu_percent": 69.6,
                "timestamp": 1778777709.6329496
            },
            {
                "memory_mb": 135.2578125,
                "cpu_percent": 57.9,
                "timestamp": 1778777710.6865108
            },
            {
                "memory_mb": 135.26171875,
                "cpu_percent": 19.1,
                "timestamp": 1778777711.7361581
            },
            {
                "memory_mb": 135.26171875,
                "cpu_percent": 53.1,
                "timestamp": 1778777712.791402
            },
            {
                "memory_mb": 135.265625,
                "cpu_percent": 4.7,
                "timestamp": 1778777713.8455007
            },
            {
                "memory_mb": 135.265625,
                "cpu_percent": 33.3,
                "timestamp": 1778777714.896116
            },
            {
                "memory_mb": 135.26953125,
                "cpu_percent": 41.7,
                "timestamp": 1778777715.9509845
            },
            {
                "memory_mb": 144.97265625,
                "cpu_percent": 45.7,
                "timestamp": 1778777717.0010254
            },
            {
                "memory_mb": 144.9765625,
                "cpu_percent": 70.5,
                "timestamp": 1778777718.0509806
            },
            {
                "memory_mb": 135.2734375,
                "cpu_percent": 22.8,
                "timestamp": 1778777719.1050432
            },
            {
                "memory_mb": 135.27734375,
                "cpu_percent": 59.1,
                "timestamp": 1778777720.154989
            },
            {
                "memory_mb": 144.98046875,
                "cpu_percent": 13.3,
                "timestamp": 1778777721.2094738
            },
            {
                "memory_mb": 135.27734375,
                "cpu_percent": 2.8,
                "timestamp": 1778777722.262755
            },
            {
                "memory_mb": 135.2734375,
                "cpu_percent": 73.4,
                "timestamp": 1778777723.3123567
            },
            {
                "memory_mb": 135.28125,
                "cpu_percent": 4.7,
                "timestamp": 1778777724.366192
            },
            {
                "memory_mb": 144.98046875,
                "cpu_percent": 73.1,
                "timestamp": 1778777725.4198496
            },
            {
                "memory_mb": 135.27734375,
                "cpu_percent": 74.0,
                "timestamp": 1778777726.473673
            },
            {
                "memory_mb": 135.2734375,
                "cpu_percent": 1.9,
                "timestamp": 1778777727.5277915
            },
            {
                "memory_mb": 135.28125,
                "cpu_percent": 67.4,
                "timestamp": 1778777728.5811028
            },
            {
                "memory_mb": 144.98046875,
                "cpu_percent": 3.8,
                "timestamp": 1778777729.6344194
            },
            {
                "memory_mb": 135.26171875,
                "cpu_percent": 14.3,
                "timestamp": 1778777730.6838584
            },
            {
                "memory_mb": 135.265625,
                "cpu_percent": 60.6,
                "timestamp": 1778777731.7393003
            },
            {
                "memory_mb": 144.98046875,
                "cpu_percent": 26.6,
                "timestamp": 1778777732.7906706
            },
            {
                "memory_mb": 144.98046875,
                "cpu_percent": 72.4,
                "timestamp": 1778777733.8408425
            },
            {
                "memory_mb": 135.27734375,
                "cpu_percent": 39.9,
                "timestamp": 1778777734.8941004
            },
            {
                "memory_mb": 135.28125,
                "cpu_percent": 37.1,
                "timestamp": 1778777735.9449484
            },
            {
                "memory_mb": 135.28125,
                "cpu_percent": 33.2,
                "timestamp": 1778777736.9993136
            },
            {
                "memory_mb": 135.27734375,
                "cpu_percent": 4.7,
                "timestamp": 1778777738.0533922
            },
            {
                "memory_mb": 135.27734375,
                "cpu_percent": 51.4,
                "timestamp": 1778777739.1049657
            },
            {
                "memory_mb": 135.28125,
                "cpu_percent": 21.8,
                "timestamp": 1778777740.159134
            },
            {
                "memory_mb": 144.98046875,
                "cpu_percent": 63.8,
                "timestamp": 1778777741.2090933
            },
            {
                "memory_mb": 144.98046875,
                "cpu_percent": 69.5,
                "timestamp": 1778777742.2593808
            },
            {
                "memory_mb": 135.2578125,
                "cpu_percent": 0.9,
                "timestamp": 1778777743.3144598
            },
            {
                "memory_mb": 135.265625,
                "cpu_percent": 68.3,
                "timestamp": 1778777744.368085
            },
            {
                "memory_mb": 144.97265625,
                "cpu_percent": 4.7,
                "timestamp": 1778777745.422996
            },
            {
                "memory_mb": 135.2734375,
                "cpu_percent": 2.8,
                "timestamp": 1778777746.4770722
            },
            {
                "memory_mb": 135.26953125,
                "cpu_percent": 71.1,
                "timestamp": 1778777747.5313988
            },
            {
                "memory_mb": 144.98046875,
                "cpu_percent": 5.7,
                "timestamp": 1778777748.5822504
            },
            {
                "memory_mb": 144.984375,
                "cpu_percent": 68.5,
                "timestamp": 1778777749.6333373
            },
            {
                "memory_mb": 135.28125,
                "cpu_percent": 60.7,
                "timestamp": 1778777750.6875174
            },
            {
                "memory_mb": 135.28515625,
                "cpu_percent": 14.3,
                "timestamp": 1778777751.738041
            },
            {
                "memory_mb": 135.28515625,
                "cpu_percent": 55.8,
                "timestamp": 1778777752.794625
            },
            {
                "memory_mb": 144.984375,
                "cpu_percent": 3.8,
                "timestamp": 1778777753.8489115
            },
            {
                "memory_mb": 135.265625,
                "cpu_percent": 33.3,
                "timestamp": 1778777754.8988047
            },
            {
                "memory_mb": 135.26953125,
                "cpu_percent": 42.7,
                "timestamp": 1778777755.9516525
            },
            {
                "memory_mb": 144.984375,
                "cpu_percent": 42.8,
                "timestamp": 1778777757.0029233
            },
            {
                "memory_mb": 144.984375,
                "cpu_percent": 70.5,
                "timestamp": 1778777758.0527163
            },
            {
                "memory_mb": 135.28125,
                "cpu_percent": 23.7,
                "timestamp": 1778777759.1080012
            },
            {
                "memory_mb": 135.28515625,
                "cpu_percent": 55.2,
                "timestamp": 1778777760.1578944
            },
            {
                "memory_mb": 144.984375,
                "cpu_percent": 18.0,
                "timestamp": 1778777761.211567
            },
            {
                "memory_mb": 135.265625,
                "cpu_percent": 3.8,
                "timestamp": 1778777762.265179
            },
            {
                "memory_mb": 135.265625,
                "cpu_percent": 68.6,
                "timestamp": 1778777763.3145993
            },
            {
                "memory_mb": 135.26953125,
                "cpu_percent": 5.7,
                "timestamp": 1778777764.3690927
            },
            {
                "memory_mb": 144.98046875,
                "cpu_percent": 69.3,
                "timestamp": 1778777765.4225216
            },
            {
                "memory_mb": 135.28125,
                "cpu_percent": 70.2,
                "timestamp": 1778777766.476927
            },
            {
                "memory_mb": 135.27734375,
                "cpu_percent": 0.0,
                "timestamp": 1778777767.5314722
            },
            {
                "memory_mb": 135.28515625,
                "cpu_percent": 68.1,
                "timestamp": 1778777768.5886278
            },
            {
                "memory_mb": 144.98828125,
                "cpu_percent": 3.8,
                "timestamp": 1778777769.643105
            },
            {
                "memory_mb": 135.28515625,
                "cpu_percent": 12.4,
                "timestamp": 1778777770.6930501
            },
            {
                "memory_mb": 135.2890625,
                "cpu_percent": 63.6,
                "timestamp": 1778777771.7467341
            },
            {
                "memory_mb": 144.98828125,
                "cpu_percent": 21.9,
                "timestamp": 1778777772.7972546
            },
            {
                "memory_mb": 144.98828125,
                "cpu_percent": 74.4,
                "timestamp": 1778777773.846136
            },
            {
                "memory_mb": 135.26953125,
                "cpu_percent": 45.5,
                "timestamp": 1778777774.9001336
            },
            {
                "memory_mb": 135.2734375,
                "cpu_percent": 33.3,
                "timestamp": 1778777775.9506574
            },
            {
                "memory_mb": 135.2734375,
                "cpu_percent": 37.0,
                "timestamp": 1778777777.0050306
            },
            {
                "memory_mb": 135.28125,
                "cpu_percent": 4.7,
                "timestamp": 1778777778.0595636
            },
            {
                "memory_mb": 135.28125,
                "cpu_percent": 48.6,
                "timestamp": 1778777779.109306
            },
            {
                "memory_mb": 135.28515625,
                "cpu_percent": 25.6,
                "timestamp": 1778777780.164023
            },
            {
                "memory_mb": 144.98828125,
                "cpu_percent": 60.0,
                "timestamp": 1778777781.2139692
            },
            {
                "memory_mb": 144.98828125,
                "cpu_percent": 69.4,
                "timestamp": 1778777782.2653015
            },
            {
                "memory_mb": 135.28125,
                "cpu_percent": 4.7,
                "timestamp": 1778777783.3208828
            },
            {
                "memory_mb": 135.2890625,
                "cpu_percent": 68.6,
                "timestamp": 1778777784.3705263
            },
            {
                "memory_mb": 144.984375,
                "cpu_percent": 4.7,
                "timestamp": 1778777785.425099
            },
            {
                "memory_mb": 135.2734375,
                "cpu_percent": 2.8,
                "timestamp": 1778777786.4786417
            },
            {
                "memory_mb": 135.26953125,
                "cpu_percent": 73.0,
                "timestamp": 1778777787.5329294
            },
            {
                "memory_mb": 144.98828125,
                "cpu_percent": 5.7,
                "timestamp": 1778777788.587446
            },
            {
                "memory_mb": 144.984375,
                "cpu_percent": 77.5,
                "timestamp": 1778777789.4647396
            }
        ]
    }
}
