Процесс: 119483
УПРАВЛЯЮЩИЙ ПРОЦЕСС
Родитель: 13546
Создан: 2026-04-26T21:58:27.650000
Последний замер: 2026-04-26T22:03:30.285580
Время жизни: 302.63558 сек
voluntary_ctxt_switches: 4865
nonvoluntary_ctxt_switches: 162
jiffies: 178.0
avg_cpu_load: 0.4 %
avg_memory_mb: 42.9 MB


Процесс: 119490
Родитель: 119483
Создан: 2026-04-26T21:58:28.060000
Последний замер: 2026-04-26T22:03:30.285830
Время жизни: 302.22583 сек
voluntary_ctxt_switches: 762
nonvoluntary_ctxt_switches: 15601
jiffies: 7615.0
avg_cpu_load: 25.4 %
avg_memory_mb: 115.7 MB

Среднее latency: 29.73
Средний runtime: 2.0
Всего задач: 150
Задач по типам: cpu_intensive - 103; memory_intensive - 47

Процесс: 119491
Родитель: 119483
Создан: 2026-04-26T21:58:28.080000
Последний замер: 2026-04-26T22:03:30.286051
Время жизни: 302.206051 сек
voluntary_ctxt_switches: 888
nonvoluntary_ctxt_switches: 13758
jiffies: 6891.0
avg_cpu_load: 22.9 %
avg_memory_mb: 119.5 MB

Среднее latency: 29.69
Средний runtime: 1.95
Всего задач: 154
Задач по типам: memory_intensive - 59; cpu_intensive - 95

Процесс: 119492
Родитель: 119483
Создан: 2026-04-26T21:58:28.110000
Последний замер: 2026-04-26T22:03:30.286271
Время жизни: 302.176271 сек
voluntary_ctxt_switches: 771
nonvoluntary_ctxt_switches: 15431
jiffies: 7410.0
avg_cpu_load: 24.5 %
avg_memory_mb: 112.9 MB

Среднее latency: 29.84
Средний runtime: 2.0
Всего задач: 150
Задач по типам: cpu_intensive - 102; memory_intensive - 48

Процесс: 119493
Родитель: 119483
Создан: 2026-04-26T21:58:28.130000
Последний замер: 2026-04-26T22:03:30.286489
Время жизни: 302.156489 сек
voluntary_ctxt_switches: 823
nonvoluntary_ctxt_switches: 14457
jiffies: 7284.0
avg_cpu_load: 24.1 %
avg_memory_mb: 115.3 MB

Среднее latency: 29.77
Средний runtime: 1.98
Всего задач: 152
Задач по типам: cpu_intensive - 99; memory_intensive - 53

Процесс: 119494
Родитель: 119483
Создан: 2026-04-26T21:58:28.150000
Последний замер: 2026-04-26T22:03:30.286719
Время жизни: 302.136719 сек
voluntary_ctxt_switches: 847
nonvoluntary_ctxt_switches: 14161
jiffies: 7181.0
avg_cpu_load: 23.8 %
avg_memory_mb: 119.3 MB

Среднее latency: 29.78
Средний runtime: 1.97
Всего задач: 153
Задач по типам: memory_intensive - 55; cpu_intensive - 98

Процесс: 119501
Родитель: 119483
Создан: 2026-04-26T21:58:28.180000
Последний замер: 2026-04-26T22:03:30.287051
Время жизни: 302.107051 сек
voluntary_ctxt_switches: 783
nonvoluntary_ctxt_switches: 15190
jiffies: 7476.0
avg_cpu_load: 24.7 %
avg_memory_mb: 115.1 MB

Среднее latency: 29.93
Средний runtime: 1.99
Всего задач: 151
Задач по типам: cpu_intensive - 101; memory_intensive - 50

Процесс: 119502
Родитель: 119483
Создан: 2026-04-26T21:58:28.200000
Последний замер: 2026-04-26T22:03:30.287269
Время жизни: 302.087269 сек
voluntary_ctxt_switches: 745
nonvoluntary_ctxt_switches: 15955
jiffies: 7652.0
avg_cpu_load: 25.3 %
avg_memory_mb: 113.7 MB

Среднее latency: 29.94
Средний runtime: 2.01
Всего задач: 149
Задач по типам: cpu_intensive - 103; memory_intensive - 46

Процесс: 119503
Родитель: 119483
Создан: 2026-04-26T21:58:28.230000
Последний замер: 2026-04-26T22:03:30.287487
Время жизни: 302.057487 сек
voluntary_ctxt_switches: 727
nonvoluntary_ctxt_switches: 15951
jiffies: 7682.0
avg_cpu_load: 25.5 %
avg_memory_mb: 116.3 MB

Среднее latency: 30.1
Средний runtime: 2.02
Всего задач: 149
Задач по типам: cpu_intensive - 105; memory_intensive - 44

