{
    "active_periods": [
        {
            "start": 1777218452.050668,
            "end": 1777218756.068538,
            "duration_sec": 304.0178699493408,
            "tasks_completed": 721,
            "throughput_tps": 2.37157111889555
        }
    ],
    "history": [
        {
            "timestamp": 1777218452.050668,
            "messages": 0,
            "ack": 91494
        },
        {
            "timestamp": 1777218457.058853,
            "messages": 0,
            "ack": 91494
        },
        {
            "timestamp": 1777218462.065913,
            "messages": 8,
            "ack": 91506
        },
        {
            "timestamp": 1777218467.072405,
            "messages": 8,
            "ack": 91518
        },
        {
            "timestamp": 1777218472.078819,
            "messages": 8,
            "ack": 91530
        },
        {
            "timestamp": 1777218477.085155,
            "messages": 6,
            "ack": 91542
        },
        {
            "timestamp": 1777218482.091482,
            "messages": 5,
            "ack": 91554
        },
        {
            "timestamp": 1777218487.097009,
            "messages": 4,
            "ack": 91566
        },
        {
            "timestamp": 1777218492.102823,
            "messages": 8,
            "ack": 91578
        },
        {
            "timestamp": 1777218497.107743,
            "messages": 8,
            "ack": 91590
        },
        {
            "timestamp": 1777218502.113228,
            "messages": 8,
            "ack": 91602
        },
        {
            "timestamp": 1777218507.118476,
            "messages": 10,
            "ack": 91614
        },
        {
            "timestamp": 1777218512.121759,
            "messages": 10,
            "ack": 91626
        },
        {
            "timestamp": 1777218517.126822,
            "messages": 9,
            "ack": 91638
        },
        {
            "timestamp": 1777218522.132386,
            "messages": 8,
            "ack": 91650
        },
        {
            "timestamp": 1777218527.13802,
            "messages": 8,
            "ack": 91663
        },
        {
            "timestamp": 1777218532.147393,
            "messages": 12,
            "ack": 91676
        },
        {
            "timestamp": 1777218537.151822,
            "messages": 12,
            "ack": 91688
        },
        {
            "timestamp": 1777218542.156308,
            "messages": 10,
            "ack": 91700
        },
        {
            "timestamp": 1777218547.162175,
            "messages": 10,
            "ack": 91712
        },
        {
            "timestamp": 1777218552.167098,
            "messages": 14,
            "ack": 91724
        },
        {
            "timestamp": 1777218557.171544,
            "messages": 13,
            "ack": 91736
        },
        {
            "timestamp": 1777218562.176993,
            "messages": 12,
            "ack": 91748
        },
        {
            "timestamp": 1777218567.18083,
            "messages": 12,
            "ack": 91760
        },
        {
            "timestamp": 1777218572.186521,
            "messages": 16,
            "ack": 91772
        },
        {
            "timestamp": 1777218577.19236,
            "messages": 14,
            "ack": 91785
        },
        {
            "timestamp": 1777218582.197816,
            "messages": 14,
            "ack": 91798
        },
        {
            "timestamp": 1777218587.203501,
            "messages": 13,
            "ack": 91810
        },
        {
            "timestamp": 1777218592.209218,
            "messages": 12,
            "ack": 91822
        },
        {
            "timestamp": 1777218597.213801,
            "messages": 16,
            "ack": 91834
        },
        {
            "timestamp": 1777218602.219008,
            "messages": 16,
            "ack": 91846
        },
        {
            "timestamp": 1777218607.223797,
            "messages": 14,
            "ack": 91858
        },
        {
            "timestamp": 1777218612.228734,
            "messages": 17,
            "ack": 91867
        },
        {
            "timestamp": 1777218617.23401,
            "messages": 21,
            "ack": 91879
        },
        {
            "timestamp": 1777218622.239819,
            "messages": 19,
            "ack": 91891
        },
        {
            "timestamp": 1777218627.245867,
            "messages": 19,
            "ack": 91903
        },
        {
            "timestamp": 1777218632.250997,
            "messages": 19,
            "ack": 91915
        },
        {
            "timestamp": 1777218637.255999,
            "messages": 22,
            "ack": 91927
        },
        {
            "timestamp": 1777218642.261714,
            "messages": 22,
            "ack": 91939
        },
        {
            "timestamp": 1777218647.266791,
            "messages": 22,
            "ack": 91951
        },
        {
            "timestamp": 1777218652.271376,
            "messages": 22,
            "ack": 91963
        },
        {
            "timestamp": 1777218657.276056,
            "messages": 21,
            "ack": 91975
        },
        {
            "timestamp": 1777218662.28006,
            "messages": 24,
            "ack": 91987
        },
        {
            "timestamp": 1777218667.285279,
            "messages": 24,
            "ack": 91999
        },
        {
            "timestamp": 1777218672.290334,
            "messages": 23,
            "ack": 92011
        },
        {
            "timestamp": 1777218677.294357,
            "messages": 23,
            "ack": 92023
        },
        {
            "timestamp": 1777218682.299187,
            "messages": 23,
            "ack": 92035
        },
        {
            "timestamp": 1777218687.303789,
            "messages": 27,
            "ack": 92047
        },
        {
            "timestamp": 1777218692.309009,
            "messages": 27,
            "ack": 92059
        },
        {
            "timestamp": 1777218697.314321,
            "messages": 26,
            "ack": 92071
        },
        {
            "timestamp": 1777218702.320096,
            "messages": 26,
            "ack": 92083
        },
        {
            "timestamp": 1777218707.32501,
            "messages": 30,
            "ack": 92095
        },
        {
            "timestamp": 1777218712.331079,
            "messages": 30,
            "ack": 92107
        },
        {
            "timestamp": 1777218717.336107,
            "messages": 30,
            "ack": 92119
        },
        {
            "timestamp": 1777218722.342003,
            "messages": 30,
            "ack": 92131
        },
        {
            "timestamp": 1777218727.346773,
            "messages": 30,
            "ack": 92143
        },
        {
            "timestamp": 1777218732.352525,
            "messages": 30,
            "ack": 92155
        },
        {
            "timestamp": 1777218737.358265,
            "messages": 34,
            "ack": 92167
        },
        {
            "timestamp": 1777218742.363103,
            "messages": 33,
            "ack": 92179
        },
        {
            "timestamp": 1777218747.368673,
            "messages": 32,
            "ack": 92191
        },
        {
            "timestamp": 1777218752.37257,
            "messages": 32,
            "ack": 92203
        },
        {
            "timestamp": 1777218756.064032,
            "messages": 32,
            "ack": 92215
        }
    ]
}