{
    "318444": {
        "ppid": "254983",
        "name": "celery",
        "cmdline": "/home/experimenter/projects/celery-autoscale/.venv/bin/python3 /home/experimenter/projects/celery-autoscale/.venv/bin/celery -A celery_app worker --loglevel=INFO --concurrency=4 --pool=gevent",
        "create_time": "2026-05-15T01:28:57.980000",
        "last_update": "2026-05-15T01:34:01.042078",
        "voluntary_ctxt_switches": 2602,
        "nonvoluntary_ctxt_switches": 2328,
        "jiffies": 20101,
        "stats": [
            {
                "memory_mb": 48.19140625,
                "cpu_percent": 0.0,
                "timestamp": 1778797739.053994
            },
            {
                "memory_mb": 48.640625,
                "cpu_percent": 39.1,
                "timestamp": 1778797740.1015716
            },
            {
                "memory_mb": 112.71875,
                "cpu_percent": 34.3,
                "timestamp": 1778797741.1520662
            },
            {
                "memory_mb": 140.125,
                "cpu_percent": 80.3,
                "timestamp": 1778797742.1986876
            },
            {
                "memory_mb": 140.12890625,
                "cpu_percent": 99.2,
                "timestamp": 1778797743.2472067
            },
            {
                "memory_mb": 148.515625,
                "cpu_percent": 94.2,
                "timestamp": 1778797744.2986183
            },
            {
                "memory_mb": 186.1640625,
                "cpu_percent": 9.5,
                "timestamp": 1778797745.3498852
            },
            {
                "memory_mb": 222.3984375,
                "cpu_percent": 62.1,
                "timestamp": 1778797746.3964
            },
            {
                "memory_mb": 222.40234375,
                "cpu_percent": 73.5,
                "timestamp": 1778797747.4433675
            },
            {
                "memory_mb": 222.40234375,
                "cpu_percent": 73.4,
                "timestamp": 1778797748.4917119
            },
            {
                "memory_mb": 222.40625,
                "cpu_percent": 74.5,
                "timestamp": 1778797749.53842
            },
            {
                "memory_mb": 232.328125,
                "cpu_percent": 13.4,
                "timestamp": 1778797750.5852144
            },
            {
                "memory_mb": 232.328125,
                "cpu_percent": 101.2,
                "timestamp": 1778797751.632593
            },
            {
                "memory_mb": 230.27734375,
                "cpu_percent": 72.6,
                "timestamp": 1778797752.6792939
            },
            {
                "memory_mb": 230.2734375,
                "cpu_percent": 73.6,
                "timestamp": 1778797753.7260692
            },
            {
                "memory_mb": 230.28125,
                "cpu_percent": 25.7,
                "timestamp": 1778797754.7786489
            },
            {
                "memory_mb": 230.27734375,
                "cpu_percent": 87.9,
                "timestamp": 1778797755.8251774
            },
            {
                "memory_mb": 230.27734375,
                "cpu_percent": 73.5,
                "timestamp": 1778797756.8722165
            },
            {
                "memory_mb": 230.2734375,
                "cpu_percent": 72.6,
                "timestamp": 1778797757.9195917
            },
            {
                "memory_mb": 230.28125,
                "cpu_percent": 46.6,
                "timestamp": 1778797758.9705114
            },
            {
                "memory_mb": 232.34765625,
                "cpu_percent": 63.9,
                "timestamp": 1778797760.019048
            },
            {
                "memory_mb": 230.34765625,
                "cpu_percent": 78.0,
                "timestamp": 1778797761.0706723
            },
            {
                "memory_mb": 230.34375,
                "cpu_percent": 70.4,
                "timestamp": 1778797762.1225033
            },
            {
                "memory_mb": 230.3515625,
                "cpu_percent": 66.6,
                "timestamp": 1778797763.172794
            },
            {
                "memory_mb": 232.359375,
                "cpu_percent": 43.8,
                "timestamp": 1778797764.2229872
            },
            {
                "memory_mb": 230.27734375,
                "cpu_percent": 99.4,
                "timestamp": 1778797765.2695491
            },
            {
                "memory_mb": 230.27734375,
                "cpu_percent": 100.3,
                "timestamp": 1778797766.3166547
            },
            {
                "memory_mb": 230.2734375,
                "cpu_percent": 38.9,
                "timestamp": 1778797767.3694794
            },
            {
                "memory_mb": 232.33203125,
                "cpu_percent": 72.6,
                "timestamp": 1778797768.4158692
            },
            {
                "memory_mb": 230.34765625,
                "cpu_percent": 67.8,
                "timestamp": 1778797769.4631574
            },
            {
                "memory_mb": 230.33984375,
                "cpu_percent": 68.5,
                "timestamp": 1778797770.5148363
            },
            {
                "memory_mb": 230.3515625,
                "cpu_percent": 68.3,
                "timestamp": 1778797771.5690718
            },
            {
                "memory_mb": 232.3671875,
                "cpu_percent": 27.7,
                "timestamp": 1778797772.616234
            },
            {
                "memory_mb": 232.3671875,
                "cpu_percent": 99.2,
                "timestamp": 1778797773.6643777
            },
            {
                "memory_mb": 230.34765625,
                "cpu_percent": 75.4,
                "timestamp": 1778797774.711952
            },
            {
                "memory_mb": 230.34375,
                "cpu_percent": 72.4,
                "timestamp": 1778797775.7610457
            },
            {
                "memory_mb": 232.3671875,
                "cpu_percent": 12.4,
                "timestamp": 1778797776.8128862
            },
            {
                "memory_mb": 232.3671875,
                "cpu_percent": 99.3,
                "timestamp": 1778797777.8603618
            },
            {
                "memory_mb": 230.34765625,
                "cpu_percent": 74.5,
                "timestamp": 1778797778.9069362
            },
            {
                "memory_mb": 230.34375,
                "cpu_percent": 71.6,
                "timestamp": 1778797779.9540372
            },
            {
                "memory_mb": 230.3515625,
                "cpu_percent": 30.4,
                "timestamp": 1778797781.0051732
            },
            {
                "memory_mb": 232.37109375,
                "cpu_percent": 81.1,
                "timestamp": 1778797782.0532544
            },
            {
                "memory_mb": 230.34765625,
                "cpu_percent": 75.4,
                "timestamp": 1778797783.1008513
            },
            {
                "memory_mb": 230.34375,
                "cpu_percent": 72.6,
                "timestamp": 1778797784.147509
            },
            {
                "memory_mb": 230.3515625,
                "cpu_percent": 49.4,
                "timestamp": 1778797785.2002096
            },
            {
                "memory_mb": 232.36328125,
                "cpu_percent": 61.1,
                "timestamp": 1778797786.2473798
            },
            {
                "memory_mb": 230.3515625,
                "cpu_percent": 81.7,
                "timestamp": 1778797787.2999592
            },
            {
                "memory_mb": 230.34375,
                "cpu_percent": 69.3,
                "timestamp": 1778797788.352594
            },
            {
                "memory_mb": 230.35546875,
                "cpu_percent": 68.5,
                "timestamp": 1778797789.4042575
            },
            {
                "memory_mb": 232.3671875,
                "cpu_percent": 38.1,
                "timestamp": 1778797790.4546444
            },
            {
                "memory_mb": 232.3671875,
                "cpu_percent": 100.2,
                "timestamp": 1778797791.5021648
            },
            {
                "memory_mb": 230.34375,
                "cpu_percent": 71.7,
                "timestamp": 1778797792.5484776
            },
            {
                "memory_mb": 230.35546875,
                "cpu_percent": 68.5,
                "timestamp": 1778797793.5999498
            },
            {
                "memory_mb": 232.3671875,
                "cpu_percent": 18.1,
                "timestamp": 1778797794.649117
            },
            {
                "memory_mb": 232.37109375,
                "cpu_percent": 100.4,
                "timestamp": 1778797795.6952703
            },
            {
                "memory_mb": 230.35546875,
                "cpu_percent": 73.5,
                "timestamp": 1778797796.7423491
            },
            {
                "memory_mb": 230.3515625,
                "cpu_percent": 72.6,
                "timestamp": 1778797797.7892132
            },
            {
                "memory_mb": 230.359375,
                "cpu_percent": 20.8,
                "timestamp": 1778797798.8450062
            },
            {
                "memory_mb": 230.35546875,
                "cpu_percent": 92.6,
                "timestamp": 1778797799.8929925
            },
            {
                "memory_mb": 230.35546875,
                "cpu_percent": 74.5,
                "timestamp": 1778797800.9404547
            },
            {
                "memory_mb": 230.3515625,
                "cpu_percent": 72.5,
                "timestamp": 1778797801.9881911
            },
            {
                "memory_mb": 230.359375,
                "cpu_percent": 40.8,
                "timestamp": 1778797803.0412009
            },
            {
                "memory_mb": 232.36328125,
                "cpu_percent": 69.7,
                "timestamp": 1778797804.0881562
            },
            {
                "memory_mb": 230.359375,
                "cpu_percent": 76.1,
                "timestamp": 1778797805.1400213
            },
            {
                "memory_mb": 230.35546875,
                "cpu_percent": 73.5,
                "timestamp": 1778797806.1870615
            },
            {
                "memory_mb": 230.36328125,
                "cpu_percent": 62.7,
                "timestamp": 1778797807.2392576
            },
            {
                "memory_mb": 232.3828125,
                "cpu_percent": 47.7,
                "timestamp": 1778797808.2883542
            },
            {
                "memory_mb": 230.3671875,
                "cpu_percent": 93.6,
                "timestamp": 1778797809.335881
            },
            {
                "memory_mb": 230.359375,
                "cpu_percent": 68.5,
                "timestamp": 1778797810.3876424
            },
            {
                "memory_mb": 230.37109375,
                "cpu_percent": 67.5,
                "timestamp": 1778797811.4391782
            },
            {
                "memory_mb": 232.38671875,
                "cpu_percent": 27.7,
                "timestamp": 1778797812.4868526
            },
            {
                "memory_mb": 232.38671875,
                "cpu_percent": 99.3,
                "timestamp": 1778797813.5337024
            },
            {
                "memory_mb": 230.3671875,
                "cpu_percent": 75.4,
                "timestamp": 1778797814.581621
            },
            {
                "memory_mb": 230.36328125,
                "cpu_percent": 72.5,
                "timestamp": 1778797815.6293902
            },
            {
                "memory_mb": 232.38671875,
                "cpu_percent": 10.5,
                "timestamp": 1778797816.6804307
            },
            {
                "memory_mb": 232.3828125,
                "cpu_percent": 99.2,
                "timestamp": 1778797817.7283125
            },
            {
                "memory_mb": 230.3671875,
                "cpu_percent": 73.5,
                "timestamp": 1778797818.776337
            },
            {
                "memory_mb": 230.36328125,
                "cpu_percent": 74.5,
                "timestamp": 1778797819.8236513
            },
            {
                "memory_mb": 230.37109375,
                "cpu_percent": 30.4,
                "timestamp": 1778797820.8753924
            },
            {
                "memory_mb": 232.3984375,
                "cpu_percent": 79.9,
                "timestamp": 1778797821.926458
            },
            {
                "memory_mb": 230.375,
                "cpu_percent": 74.5,
                "timestamp": 1778797822.9735105
            },
            {
                "memory_mb": 230.37109375,
                "cpu_percent": 72.5,
                "timestamp": 1778797824.0212867
            },
            {
                "memory_mb": 230.37890625,
                "cpu_percent": 51.3,
                "timestamp": 1778797825.0740197
            },
            {
                "memory_mb": 232.390625,
                "cpu_percent": 60.0,
                "timestamp": 1778797826.1246352
            },
            {
                "memory_mb": 230.3046875,
                "cpu_percent": 100.3,
                "timestamp": 1778797827.1717608
            },
            {
                "memory_mb": 230.3046875,
                "cpu_percent": 99.2,
                "timestamp": 1778797828.2196434
            },
            {
                "memory_mb": 230.3046875,
                "cpu_percent": 21.9,
                "timestamp": 1778797829.271071
            },
            {
                "memory_mb": 232.375,
                "cpu_percent": 69.4,
                "timestamp": 1778797830.3232377
            },
            {
                "memory_mb": 230.37890625,
                "cpu_percent": 70.3,
                "timestamp": 1778797831.3765092
            },
            {
                "memory_mb": 230.375,
                "cpu_percent": 73.4,
                "timestamp": 1778797832.4254286
            },
            {
                "memory_mb": 230.3828125,
                "cpu_percent": 63.7,
                "timestamp": 1778797833.4776907
            },
            {
                "memory_mb": 232.40234375,
                "cpu_percent": 46.8,
                "timestamp": 1778797834.5250564
            },
            {
                "memory_mb": 230.37890625,
                "cpu_percent": 92.2,
                "timestamp": 1778797835.5770063
            },
            {
                "memory_mb": 230.37109375,
                "cpu_percent": 69.4,
                "timestamp": 1778797836.6291137
            },
            {
                "memory_mb": 230.3828125,
                "cpu_percent": 67.5,
                "timestamp": 1778797837.6803582
            },
            {
                "memory_mb": 232.3984375,
                "cpu_percent": 28.6,
                "timestamp": 1778797838.7276227
            },
            {
                "memory_mb": 232.3984375,
                "cpu_percent": 99.3,
                "timestamp": 1778797839.775257
            },
            {
                "memory_mb": 230.3828125,
                "cpu_percent": 73.5,
                "timestamp": 1778797840.8223066
            },
            {
                "memory_mb": 230.37890625,
                "cpu_percent": 72.5,
                "timestamp": 1778797841.8700495
            },
            {
                "memory_mb": 230.37890625,
                "cpu_percent": 13.3,
                "timestamp": 1778797842.9218466
            },
            {
                "memory_mb": 230.3828125,
                "cpu_percent": 99.3,
                "timestamp": 1778797843.9690068
            },
            {
                "memory_mb": 230.3828125,
                "cpu_percent": 73.5,
                "timestamp": 1778797845.0162785
            },
            {
                "memory_mb": 230.37890625,
                "cpu_percent": 73.5,
                "timestamp": 1778797846.0640047
            },
            {
                "memory_mb": 230.38671875,
                "cpu_percent": 27.6,
                "timestamp": 1778797847.1158555
            },
            {
                "memory_mb": 232.3984375,
                "cpu_percent": 84.0,
                "timestamp": 1778797848.1632335
            },
            {
                "memory_mb": 230.38671875,
                "cpu_percent": 72.6,
                "timestamp": 1778797849.2102184
            },
            {
                "memory_mb": 230.3828125,
                "cpu_percent": 73.6,
                "timestamp": 1778797850.257006
            },
            {
                "memory_mb": 230.390625,
                "cpu_percent": 48.5,
                "timestamp": 1778797851.3081145
            },
            {
                "memory_mb": 230.3828125,
                "cpu_percent": 64.0,
                "timestamp": 1778797852.3558004
            },
            {
                "memory_mb": 230.38671875,
                "cpu_percent": 76.0,
                "timestamp": 1778797853.4083266
            },
            {
                "memory_mb": 230.3828125,
                "cpu_percent": 70.3,
                "timestamp": 1778797854.4609034
            },
            {
                "memory_mb": 230.390625,
                "cpu_percent": 66.6,
                "timestamp": 1778797855.5122468
            },
            {
                "memory_mb": 230.3828125,
                "cpu_percent": 45.8,
                "timestamp": 1778797856.5596302
            },
            {
                "memory_mb": 230.38671875,
                "cpu_percent": 94.5,
                "timestamp": 1778797857.607352
            },
            {
                "memory_mb": 230.37890625,
                "cpu_percent": 69.4,
                "timestamp": 1778797858.6598568
            },
            {
                "memory_mb": 230.390625,
                "cpu_percent": 68.4,
                "timestamp": 1778797859.7122495
            },
            {
                "memory_mb": 232.41015625,
                "cpu_percent": 24.8,
                "timestamp": 1778797860.7596524
            },
            {
                "memory_mb": 232.41015625,
                "cpu_percent": 100.3,
                "timestamp": 1778797861.8066123
            },
            {
                "memory_mb": 230.39453125,
                "cpu_percent": 74.5,
                "timestamp": 1778797862.8540943
            },
            {
                "memory_mb": 230.390625,
                "cpu_percent": 72.5,
                "timestamp": 1778797863.902767
            },
            {
                "memory_mb": 230.39453125,
                "cpu_percent": 13.4,
                "timestamp": 1778797864.9496174
            },
            {
                "memory_mb": 230.39453125,
                "cpu_percent": 98.3,
                "timestamp": 1778797865.997033
            },
            {
                "memory_mb": 230.39453125,
                "cpu_percent": 73.5,
                "timestamp": 1778797867.0453053
            },
            {
                "memory_mb": 230.390625,
                "cpu_percent": 73.5,
                "timestamp": 1778797868.0922375
            },
            {
                "memory_mb": 230.3984375,
                "cpu_percent": 30.4,
                "timestamp": 1778797869.1462822
            },
            {
                "memory_mb": 232.4140625,
                "cpu_percent": 80.2,
                "timestamp": 1778797870.193872
            },
            {
                "memory_mb": 230.39453125,
                "cpu_percent": 72.6,
                "timestamp": 1778797871.241425
            },
            {
                "memory_mb": 230.390625,
                "cpu_percent": 73.5,
                "timestamp": 1778797872.28892
            },
            {
                "memory_mb": 230.3984375,
                "cpu_percent": 51.3,
                "timestamp": 1778797873.342144
            },
            {
                "memory_mb": 230.390625,
                "cpu_percent": 61.1,
                "timestamp": 1778797874.388872
            },
            {
                "memory_mb": 230.39453125,
                "cpu_percent": 80.8,
                "timestamp": 1778797875.440795
            },
            {
                "memory_mb": 230.38671875,
                "cpu_percent": 69.4,
                "timestamp": 1778797876.4929116
            },
            {
                "memory_mb": 230.3984375,
                "cpu_percent": 68.5,
                "timestamp": 1778797877.5438359
            },
            {
                "memory_mb": 230.390625,
                "cpu_percent": 41.0,
                "timestamp": 1778797878.591534
            },
            {
                "memory_mb": 230.3984375,
                "cpu_percent": 100.3,
                "timestamp": 1778797879.638771
            },
            {
                "memory_mb": 230.38671875,
                "cpu_percent": 70.7,
                "timestamp": 1778797880.6854246
            },
            {
                "memory_mb": 230.3984375,
                "cpu_percent": 67.5,
                "timestamp": 1778797881.737229
            },
            {
                "memory_mb": 232.41015625,
                "cpu_percent": 18.1,
                "timestamp": 1778797882.7847338
            },
            {
                "memory_mb": 232.4140625,
                "cpu_percent": 99.9,
                "timestamp": 1778797883.835863
            },
            {
                "memory_mb": 230.3984375,
                "cpu_percent": 74.4,
                "timestamp": 1778797884.8835914
            },
            {
                "memory_mb": 230.39453125,
                "cpu_percent": 72.5,
                "timestamp": 1778797885.9313176
            },
            {
                "memory_mb": 230.40234375,
                "cpu_percent": 19.0,
                "timestamp": 1778797886.983183
            },
            {
                "memory_mb": 232.4296875,
                "cpu_percent": 92.5,
                "timestamp": 1778797888.0322275
            },
            {
                "memory_mb": 230.3984375,
                "cpu_percent": 74.4,
                "timestamp": 1778797889.0801995
            },
            {
                "memory_mb": 230.39453125,
                "cpu_percent": 72.5,
                "timestamp": 1778797890.129025
            },
            {
                "memory_mb": 230.40234375,
                "cpu_percent": 40.0,
                "timestamp": 1778797891.1802418
            },
            {
                "memory_mb": 232.4296875,
                "cpu_percent": 70.7,
                "timestamp": 1778797892.227393
            },
            {
                "memory_mb": 230.40234375,
                "cpu_percent": 73.4,
                "timestamp": 1778797893.2769997
            },
            {
                "memory_mb": 230.3984375,
                "cpu_percent": 73.4,
                "timestamp": 1778797894.3254182
            },
            {
                "memory_mb": 230.40625,
                "cpu_percent": 59.0,
                "timestamp": 1778797895.3770416
            },
            {
                "memory_mb": 230.3984375,
                "cpu_percent": 53.5,
                "timestamp": 1778797896.4245234
            },
            {
                "memory_mb": 230.40234375,
                "cpu_percent": 86.5,
                "timestamp": 1778797897.4770935
            },
            {
                "memory_mb": 230.39453125,
                "cpu_percent": 68.5,
                "timestamp": 1778797898.528612
            },
            {
                "memory_mb": 230.40625,
                "cpu_percent": 68.5,
                "timestamp": 1778797899.5796106
            },
            {
                "memory_mb": 230.3984375,
                "cpu_percent": 35.3,
                "timestamp": 1778797900.6275246
            },
            {
                "memory_mb": 230.40234375,
                "cpu_percent": 100.3,
                "timestamp": 1778797901.6738746
            },
            {
                "memory_mb": 230.40625,
                "cpu_percent": 72.5,
                "timestamp": 1778797902.7215197
            },
            {
                "memory_mb": 230.41015625,
                "cpu_percent": 69.7,
                "timestamp": 1778797903.7695253
            },
            {
                "memory_mb": 230.40625,
                "cpu_percent": 15.3,
                "timestamp": 1778797904.8163328
            },
            {
                "memory_mb": 230.41015625,
                "cpu_percent": 100.2,
                "timestamp": 1778797905.8642132
            },
            {
                "memory_mb": 230.41015625,
                "cpu_percent": 74.4,
                "timestamp": 1778797906.912175
            },
            {
                "memory_mb": 230.40625,
                "cpu_percent": 71.6,
                "timestamp": 1778797907.9589467
            },
            {
                "memory_mb": 230.4140625,
                "cpu_percent": 23.8,
                "timestamp": 1778797909.0105724
            },
            {
                "memory_mb": 232.43359375,
                "cpu_percent": 87.9,
                "timestamp": 1778797910.057749
            },
            {
                "memory_mb": 230.4140625,
                "cpu_percent": 73.3,
                "timestamp": 1778797911.108224
            },
            {
                "memory_mb": 230.41015625,
                "cpu_percent": 72.6,
                "timestamp": 1778797912.1556158
            },
            {
                "memory_mb": 230.41796875,
                "cpu_percent": 41.8,
                "timestamp": 1778797913.2072973
            },
            {
                "memory_mb": 230.41015625,
                "cpu_percent": 70.6,
                "timestamp": 1778797914.2550693
            },
            {
                "memory_mb": 230.4140625,
                "cpu_percent": 75.1,
                "timestamp": 1778797915.3065982
            },
            {
                "memory_mb": 230.41015625,
                "cpu_percent": 71.6,
                "timestamp": 1778797916.3547382
            },
            {
                "memory_mb": 230.41796875,
                "cpu_percent": 61.8,
                "timestamp": 1778797917.4066498
            },
            {
                "memory_mb": 232.4375,
                "cpu_percent": 48.7,
                "timestamp": 1778797918.4537907
            },
            {
                "memory_mb": 230.4140625,
                "cpu_percent": 90.3,
                "timestamp": 1778797919.5061564
            },
            {
                "memory_mb": 230.40625,
                "cpu_percent": 68.5,
                "timestamp": 1778797920.5578094
            },
            {
                "memory_mb": 230.41796875,
                "cpu_percent": 68.4,
                "timestamp": 1778797921.610223
            },
            {
                "memory_mb": 230.41015625,
                "cpu_percent": 30.6,
                "timestamp": 1778797922.6570668
            },
            {
                "memory_mb": 230.4140625,
                "cpu_percent": 101.2,
                "timestamp": 1778797923.7048714
            },
            {
                "memory_mb": 230.4140625,
                "cpu_percent": 73.6,
                "timestamp": 1778797924.7517135
            },
            {
                "memory_mb": 230.41796875,
                "cpu_percent": 72.6,
                "timestamp": 1778797925.7990384
            },
            {
                "memory_mb": 230.41015625,
                "cpu_percent": 12.4,
                "timestamp": 1778797926.8497727
            },
            {
                "memory_mb": 230.4140625,
                "cpu_percent": 100.2,
                "timestamp": 1778797927.8972125
            },
            {
                "memory_mb": 230.4140625,
                "cpu_percent": 74.5,
                "timestamp": 1778797928.9448953
            },
            {
                "memory_mb": 230.41015625,
                "cpu_percent": 72.5,
                "timestamp": 1778797929.9925418
            },
            {
                "memory_mb": 230.41796875,
                "cpu_percent": 26.6,
                "timestamp": 1778797931.0447319
            },
            {
                "memory_mb": 232.44140625,
                "cpu_percent": 85.0,
                "timestamp": 1778797932.0913522
            },
            {
                "memory_mb": 230.41796875,
                "cpu_percent": 73.5,
                "timestamp": 1778797933.1387358
            },
            {
                "memory_mb": 230.4140625,
                "cpu_percent": 73.4,
                "timestamp": 1778797934.1883245
            },
            {
                "memory_mb": 230.421875,
                "cpu_percent": 44.7,
                "timestamp": 1778797935.2401376
            },
            {
                "memory_mb": 232.44921875,
                "cpu_percent": 65.8,
                "timestamp": 1778797936.288119
            },
            {
                "memory_mb": 230.34765625,
                "cpu_percent": 99.2,
                "timestamp": 1778797937.336093
            },
            {
                "memory_mb": 230.34765625,
                "cpu_percent": 100.0,
                "timestamp": 1778797938.3862271
            },
            {
                "memory_mb": 232.43359375,
                "cpu_percent": 18.1,
                "timestamp": 1778797939.4385364
            },
            {
                "memory_mb": 232.43359375,
                "cpu_percent": 69.3,
                "timestamp": 1778797940.4915903
            },
            {
                "memory_mb": 230.41796875,
                "cpu_percent": 73.3,
                "timestamp": 1778797941.542292
            },
            {
                "memory_mb": 230.4140625,
                "cpu_percent": 73.4,
                "timestamp": 1778797942.5908852
            },
            {
                "memory_mb": 230.42578125,
                "cpu_percent": 59.9,
                "timestamp": 1778797943.6421216
            },
            {
                "memory_mb": 232.4609375,
                "cpu_percent": 50.6,
                "timestamp": 1778797944.6891356
            },
            {
                "memory_mb": 230.421875,
                "cpu_percent": 89.3,
                "timestamp": 1778797945.7415836
            },
            {
                "memory_mb": 230.4140625,
                "cpu_percent": 68.4,
                "timestamp": 1778797946.793838
            },
            {
                "memory_mb": 230.42578125,
                "cpu_percent": 68.4,
                "timestamp": 1778797947.8459961
            },
            {
                "memory_mb": 230.41796875,
                "cpu_percent": 32.5,
                "timestamp": 1778797948.8937025
            },
            {
                "memory_mb": 230.421875,
                "cpu_percent": 99.4,
                "timestamp": 1778797949.9404278
            },
            {
                "memory_mb": 230.421875,
                "cpu_percent": 74.4,
                "timestamp": 1778797950.988241
            },
            {
                "memory_mb": 230.42578125,
                "cpu_percent": 71.5,
                "timestamp": 1778797952.036477
            },
            {
                "memory_mb": 232.44921875,
                "cpu_percent": 13.4,
                "timestamp": 1778797953.0840194
            },
            {
                "memory_mb": 232.453125,
                "cpu_percent": 99.3,
                "timestamp": 1778797954.1313965
            },
            {
                "memory_mb": 230.42578125,
                "cpu_percent": 73.5,
                "timestamp": 1778797955.179126
            },
            {
                "memory_mb": 230.421875,
                "cpu_percent": 73.5,
                "timestamp": 1778797956.2262435
            },
            {
                "memory_mb": 230.4296875,
                "cpu_percent": 24.7,
                "timestamp": 1778797957.2787752
            },
            {
                "memory_mb": 230.42578125,
                "cpu_percent": 87.8,
                "timestamp": 1778797958.3271983
            },
            {
                "memory_mb": 230.42578125,
                "cpu_percent": 73.5,
                "timestamp": 1778797959.3749163
            },
            {
                "memory_mb": 230.421875,
                "cpu_percent": 73.5,
                "timestamp": 1778797960.4227169
            },
            {
                "memory_mb": 230.4296875,
                "cpu_percent": 43.7,
                "timestamp": 1778797961.4753165
            },
            {
                "memory_mb": 230.421875,
                "cpu_percent": 68.8,
                "timestamp": 1778797962.5219882
            },
            {
                "memory_mb": 230.42578125,
                "cpu_percent": 73.2,
                "timestamp": 1778797963.5740428
            },
            {
                "memory_mb": 230.421875,
                "cpu_percent": 72.6,
                "timestamp": 1778797964.6210365
            },
            {
                "memory_mb": 230.4296875,
                "cpu_percent": 61.8,
                "timestamp": 1778797965.6725419
            },
            {
                "memory_mb": 230.421875,
                "cpu_percent": 51.6,
                "timestamp": 1778797966.719893
            },
            {
                "memory_mb": 230.42578125,
                "cpu_percent": 90.3,
                "timestamp": 1778797967.772526
            },
            {
                "memory_mb": 230.41796875,
                "cpu_percent": 67.5,
                "timestamp": 1778797968.823825
            },
            {
                "memory_mb": 230.4296875,
                "cpu_percent": 67.4,
                "timestamp": 1778797969.8766558
            },
            {
                "memory_mb": 232.45703125,
                "cpu_percent": 30.5,
                "timestamp": 1778797970.924282
            },
            {
                "memory_mb": 232.45703125,
                "cpu_percent": 100.2,
                "timestamp": 1778797971.9717493
            },
            {
                "memory_mb": 230.4296875,
                "cpu_percent": 73.5,
                "timestamp": 1778797973.0194204
            },
            {
                "memory_mb": 230.42578125,
                "cpu_percent": 73.5,
                "timestamp": 1778797974.0665963
            },
            {
                "memory_mb": 230.42578125,
                "cpu_percent": 12.4,
                "timestamp": 1778797975.1189408
            },
            {
                "memory_mb": 230.4296875,
                "cpu_percent": 100.2,
                "timestamp": 1778797976.1673086
            },
            {
                "memory_mb": 230.4296875,
                "cpu_percent": 72.6,
                "timestamp": 1778797977.2144012
            },
            {
                "memory_mb": 230.42578125,
                "cpu_percent": 73.5,
                "timestamp": 1778797978.2621286
            },
            {
                "memory_mb": 230.43359375,
                "cpu_percent": 24.7,
                "timestamp": 1778797979.314014
            },
            {
                "memory_mb": 230.4296875,
                "cpu_percent": 87.8,
                "timestamp": 1778797980.362316
            },
            {
                "memory_mb": 230.4296875,
                "cpu_percent": 73.5,
                "timestamp": 1778797981.4101865
            },
            {
                "memory_mb": 230.42578125,
                "cpu_percent": 72.5,
                "timestamp": 1778797982.4580572
            },
            {
                "memory_mb": 230.43359375,
                "cpu_percent": 45.6,
                "timestamp": 1778797983.510779
            },
            {
                "memory_mb": 230.42578125,
                "cpu_percent": 66.9,
                "timestamp": 1778797984.5578444
            },
            {
                "memory_mb": 230.4296875,
                "cpu_percent": 73.1,
                "timestamp": 1778797985.611372
            },
            {
                "memory_mb": 230.42578125,
                "cpu_percent": 74.2,
                "timestamp": 1778797986.6631048
            },
            {
                "memory_mb": 230.43359375,
                "cpu_percent": 63.7,
                "timestamp": 1778797987.7151895
            },
            {
                "memory_mb": 230.42578125,
                "cpu_percent": 48.7,
                "timestamp": 1778797988.7627552
            },
            {
                "memory_mb": 230.4296875,
                "cpu_percent": 93.2,
                "timestamp": 1778797989.8143077
            },
            {
                "memory_mb": 230.421875,
                "cpu_percent": 67.5,
                "timestamp": 1778797990.8662527
            },
            {
                "memory_mb": 230.43359375,
                "cpu_percent": 68.4,
                "timestamp": 1778797991.918283
            },
            {
                "memory_mb": 230.42578125,
                "cpu_percent": 30.5,
                "timestamp": 1778797992.9663737
            },
            {
                "memory_mb": 230.4296875,
                "cpu_percent": 99.3,
                "timestamp": 1778797994.0136664
            },
            {
                "memory_mb": 230.43359375,
                "cpu_percent": 74.5,
                "timestamp": 1778797995.0609965
            },
            {
                "memory_mb": 230.4296875,
                "cpu_percent": 73.3,
                "timestamp": 1778797996.1108806
            },
            {
                "memory_mb": 230.4296875,
                "cpu_percent": 12.4,
                "timestamp": 1778797997.1633534
            },
            {
                "memory_mb": 230.43359375,
                "cpu_percent": 99.3,
                "timestamp": 1778797998.210627
            },
            {
                "memory_mb": 230.43359375,
                "cpu_percent": 75.2,
                "timestamp": 1778797999.260663
            },
            {
                "memory_mb": 230.4296875,
                "cpu_percent": 72.5,
                "timestamp": 1778798000.309206
            },
            {
                "memory_mb": 230.4375,
                "cpu_percent": 24.7,
                "timestamp": 1778798001.362554
            },
            {
                "memory_mb": 232.46875,
                "cpu_percent": 84.9,
                "timestamp": 1778798002.4102428
            },
            {
                "memory_mb": 230.4375,
                "cpu_percent": 74.4,
                "timestamp": 1778798003.4581919
            },
            {
                "memory_mb": 230.43359375,
                "cpu_percent": 74.5,
                "timestamp": 1778798004.505356
            },
            {
                "memory_mb": 230.44140625,
                "cpu_percent": 43.7,
                "timestamp": 1778798005.5573697
            },
            {
                "memory_mb": 232.484375,
                "cpu_percent": 65.8,
                "timestamp": 1778798006.6052792
            },
            {
                "memory_mb": 230.4375,
                "cpu_percent": 75.1,
                "timestamp": 1778798007.656789
            },
            {
                "memory_mb": 230.43359375,
                "cpu_percent": 79.1,
                "timestamp": 1778798008.7057104
            },
            {
                "memory_mb": 230.44140625,
                "cpu_percent": 63.7,
                "timestamp": 1778798009.75746
            },
            {
                "memory_mb": 232.48828125,
                "cpu_percent": 45.8,
                "timestamp": 1778798010.8058422
            },
            {
                "memory_mb": 230.4453125,
                "cpu_percent": 97.3,
                "timestamp": 1778798011.8539147
            },
            {
                "memory_mb": 230.4375,
                "cpu_percent": 73.2,
                "timestamp": 1778798012.906257
            },
            {
                "memory_mb": 230.44921875,
                "cpu_percent": 68.5,
                "timestamp": 1778798013.9576895
            },
            {
                "memory_mb": 232.48828125,
                "cpu_percent": 26.7,
                "timestamp": 1778798015.0060387
            },
            {
                "memory_mb": 232.48828125,
                "cpu_percent": 100.2,
                "timestamp": 1778798016.0536814
            },
            {
                "memory_mb": 230.4453125,
                "cpu_percent": 74.5,
                "timestamp": 1778798017.100593
            },
            {
                "memory_mb": 230.44140625,
                "cpu_percent": 78.3,
                "timestamp": 1778798018.1484036
            },
            {
                "memory_mb": 232.4921875,
                "cpu_percent": 15.2,
                "timestamp": 1778798019.2009447
            },
            {
                "memory_mb": 232.48828125,
                "cpu_percent": 96.4,
                "timestamp": 1778798020.2484703
            },
            {
                "memory_mb": 230.4453125,
                "cpu_percent": 74.4,
                "timestamp": 1778798021.2961895
            },
            {
                "memory_mb": 230.44140625,
                "cpu_percent": 77.3,
                "timestamp": 1778798022.3443203
            },
            {
                "memory_mb": 230.44921875,
                "cpu_percent": 35.1,
                "timestamp": 1778798023.3990755
            },
            {
                "memory_mb": 232.48828125,
                "cpu_percent": 75.4,
                "timestamp": 1778798024.4463096
            },
            {
                "memory_mb": 230.4453125,
                "cpu_percent": 74.4,
                "timestamp": 1778798025.4943597
            },
            {
                "memory_mb": 230.44140625,
                "cpu_percent": 72.5,
                "timestamp": 1778798026.5421925
            },
            {
                "memory_mb": 230.44921875,
                "cpu_percent": 57.0,
                "timestamp": 1778798027.5944524
            },
            {
                "memory_mb": 232.48828125,
                "cpu_percent": 54.4,
                "timestamp": 1778798028.6423192
            },
            {
                "memory_mb": 230.4453125,
                "cpu_percent": 86.5,
                "timestamp": 1778798029.6945796
            },
            {
                "memory_mb": 230.4375,
                "cpu_percent": 72.2,
                "timestamp": 1778798030.7470503
            },
            {
                "memory_mb": 230.44921875,
                "cpu_percent": 69.4,
                "timestamp": 1778798031.7990026
            },
            {
                "memory_mb": 230.44140625,
                "cpu_percent": 32.4,
                "timestamp": 1778798032.8470528
            },
            {
                "memory_mb": 230.4453125,
                "cpu_percent": 100.2,
                "timestamp": 1778798033.895073
            },
            {
                "memory_mb": 230.4453125,
                "cpu_percent": 73.5,
                "timestamp": 1778798034.9423203
            },
            {
                "memory_mb": 230.44140625,
                "cpu_percent": 78.3,
                "timestamp": 1778798035.9899044
            },
            {
                "memory_mb": 232.48046875,
                "cpu_percent": 10.5,
                "timestamp": 1778798037.041817
            },
            {
                "memory_mb": 232.48046875,
                "cpu_percent": 100.3,
                "timestamp": 1778798038.089031
            },
            {
                "memory_mb": 230.4453125,
                "cpu_percent": 73.5,
                "timestamp": 1778798039.1369748
            },
            {
                "memory_mb": 230.44140625,
                "cpu_percent": 70.6,
                "timestamp": 1778798040.1846569
            },
            {
                "memory_mb": 230.44921875,
                "cpu_percent": 31.5,
                "timestamp": 1778798041.0420778
            }
        ]
    }
}
