{
    "active_periods": [
        {
            "start": 1777212877.081809,
            "end": 1777213181.021995,
            "duration_sec": 303.94018602371216,
            "tasks_completed": 366,
            "throughput_tps": 1.2041842995103194
        }
    ],
    "history": [
        {
            "timestamp": 1777212877.081809,
            "messages": 0,
            "ack": 83450
        },
        {
            "timestamp": 1777212882.088342,
            "messages": 0,
            "ack": 83450
        },
        {
            "timestamp": 1777212887.095682,
            "messages": 4,
            "ack": 83455
        },
        {
            "timestamp": 1777212892.100309,
            "messages": 3,
            "ack": 83461
        },
        {
            "timestamp": 1777212897.105081,
            "messages": 3,
            "ack": 83468
        },
        {
            "timestamp": 1777212902.111115,
            "messages": 2,
            "ack": 83474
        },
        {
            "timestamp": 1777212907.117383,
            "messages": 2,
            "ack": 83480
        },
        {
            "timestamp": 1777212912.123672,
            "messages": 4,
            "ack": 83486
        },
        {
            "timestamp": 1777212917.129178,
            "messages": 4,
            "ack": 83492
        },
        {
            "timestamp": 1777212922.134278,
            "messages": 2,
            "ack": 83498
        },
        {
            "timestamp": 1777212927.14026,
            "messages": 2,
            "ack": 83504
        },
        {
            "timestamp": 1777212932.144862,
            "messages": 4,
            "ack": 83510
        },
        {
            "timestamp": 1777212937.149573,
            "messages": 4,
            "ack": 83516
        },
        {
            "timestamp": 1777212942.154357,
            "messages": 4,
            "ack": 83522
        },
        {
            "timestamp": 1777212947.160033,
            "messages": 4,
            "ack": 83528
        },
        {
            "timestamp": 1777212952.165556,
            "messages": 6,
            "ack": 83534
        },
        {
            "timestamp": 1777212957.171584,
            "messages": 4,
            "ack": 83540
        },
        {
            "timestamp": 1777212962.177992,
            "messages": 4,
            "ack": 83546
        },
        {
            "timestamp": 1777212967.182982,
            "messages": 6,
            "ack": 83552
        },
        {
            "timestamp": 1777212972.189153,
            "messages": 6,
            "ack": 83558
        },
        {
            "timestamp": 1777212977.194919,
            "messages": 6,
            "ack": 83564
        },
        {
            "timestamp": 1777212982.200382,
            "messages": 4,
            "ack": 83570
        },
        {
            "timestamp": 1777212987.205034,
            "messages": 4,
            "ack": 83578
        },
        {
            "timestamp": 1777212992.210471,
            "messages": 6,
            "ack": 83584
        },
        {
            "timestamp": 1777212997.216577,
            "messages": 6,
            "ack": 83590
        },
        {
            "timestamp": 1777213002.22171,
            "messages": 4,
            "ack": 83596
        },
        {
            "timestamp": 1777213007.227686,
            "messages": 6,
            "ack": 83602
        },
        {
            "timestamp": 1777213012.233242,
            "messages": 6,
            "ack": 83608
        },
        {
            "timestamp": 1777213017.238468,
            "messages": 4,
            "ack": 83614
        },
        {
            "timestamp": 1777213022.244382,
            "messages": 6,
            "ack": 83620
        },
        {
            "timestamp": 1777213027.250629,
            "messages": 6,
            "ack": 83626
        },
        {
            "timestamp": 1777213032.255564,
            "messages": 7,
            "ack": 83632
        },
        {
            "timestamp": 1777213037.260465,
            "messages": 6,
            "ack": 83638
        },
        {
            "timestamp": 1777213042.265249,
            "messages": 6,
            "ack": 83644
        },
        {
            "timestamp": 1777213047.271176,
            "messages": 6,
            "ack": 83650
        },
        {
            "timestamp": 1777213052.276452,
            "messages": 8,
            "ack": 83656
        },
        {
            "timestamp": 1777213057.282025,
            "messages": 8,
            "ack": 83662
        },
        {
            "timestamp": 1777213062.287153,
            "messages": 6,
            "ack": 83668
        },
        {
            "timestamp": 1777213067.294684,
            "messages": 6,
            "ack": 83674
        },
        {
            "timestamp": 1777213072.302371,
            "messages": 8,
            "ack": 83680
        },
        {
            "timestamp": 1777213077.309415,
            "messages": 8,
            "ack": 83686
        },
        {
            "timestamp": 1777213082.314753,
            "messages": 6,
            "ack": 83694
        },
        {
            "timestamp": 1777213087.319609,
            "messages": 8,
            "ack": 83700
        },
        {
            "timestamp": 1777213092.325651,
            "messages": 8,
            "ack": 83706
        },
        {
            "timestamp": 1777213097.330109,
            "messages": 8,
            "ack": 83712
        },
        {
            "timestamp": 1777213102.334378,
            "messages": 8,
            "ack": 83718
        },
        {
            "timestamp": 1777213107.343036,
            "messages": 9,
            "ack": 83724
        },
        {
            "timestamp": 1777213112.348545,
            "messages": 8,
            "ack": 83730
        },
        {
            "timestamp": 1777213117.354056,
            "messages": 8,
            "ack": 83736
        },
        {
            "timestamp": 1777213122.360081,
            "messages": 8,
            "ack": 83742
        },
        {
            "timestamp": 1777213127.365289,
            "messages": 10,
            "ack": 83748
        },
        {
            "timestamp": 1777213132.370257,
            "messages": 10,
            "ack": 83754
        },
        {
            "timestamp": 1777213137.374551,
            "messages": 9,
            "ack": 83760
        },
        {
            "timestamp": 1777213142.378901,
            "messages": 8,
            "ack": 83766
        },
        {
            "timestamp": 1777213147.385206,
            "messages": 8,
            "ack": 83772
        },
        {
            "timestamp": 1777213152.390911,
            "messages": 10,
            "ack": 83778
        },
        {
            "timestamp": 1777213157.396504,
            "messages": 10,
            "ack": 83784
        },
        {
            "timestamp": 1777213162.403031,
            "messages": 8,
            "ack": 83790
        },
        {
            "timestamp": 1777213167.409135,
            "messages": 10,
            "ack": 83796
        },
        {
            "timestamp": 1777213172.415882,
            "messages": 10,
            "ack": 83803
        },
        {
            "timestamp": 1777213177.422971,
            "messages": 10,
            "ack": 83810
        },
        {
            "timestamp": 1777213181.017495,
            "messages": 10,
            "ack": 83816
        }
    ]
}