{
    "active_periods": [
        {
            "start": 1777170624.873792,
            "end": 1777170927.633839,
            "duration_sec": 302.76004695892334,
            "tasks_completed": 240,
            "throughput_tps": 0.7927069717774279
        }
    ],
    "history": [
        {
            "timestamp": 1777170624.873792,
            "messages": 0,
            "ack": 29734
        },
        {
            "timestamp": 1777170629.881926,
            "messages": 8,
            "ack": 29742
        },
        {
            "timestamp": 1777170634.889735,
            "messages": 0,
            "ack": 29742
        },
        {
            "timestamp": 1777170639.89597,
            "messages": 0,
            "ack": 29750
        },
        {
            "timestamp": 1777170644.902145,
            "messages": 0,
            "ack": 29750
        },
        {
            "timestamp": 1777170649.908652,
            "messages": 0,
            "ack": 29758
        },
        {
            "timestamp": 1777170654.915089,
            "messages": 0,
            "ack": 29758
        },
        {
            "timestamp": 1777170659.921804,
            "messages": 0,
            "ack": 29766
        },
        {
            "timestamp": 1777170664.927782,
            "messages": 0,
            "ack": 29766
        },
        {
            "timestamp": 1777170669.934712,
            "messages": 0,
            "ack": 29774
        },
        {
            "timestamp": 1777170674.94045,
            "messages": 0,
            "ack": 29774
        },
        {
            "timestamp": 1777170679.946309,
            "messages": 0,
            "ack": 29782
        },
        {
            "timestamp": 1777170684.952344,
            "messages": 0,
            "ack": 29782
        },
        {
            "timestamp": 1777170689.959165,
            "messages": 0,
            "ack": 29790
        },
        {
            "timestamp": 1777170694.965243,
            "messages": 0,
            "ack": 29790
        },
        {
            "timestamp": 1777170699.972461,
            "messages": 0,
            "ack": 29798
        },
        {
            "timestamp": 1777170704.978505,
            "messages": 0,
            "ack": 29798
        },
        {
            "timestamp": 1777170709.983347,
            "messages": 0,
            "ack": 29806
        },
        {
            "timestamp": 1777170714.989802,
            "messages": 0,
            "ack": 29806
        },
        {
            "timestamp": 1777170719.997004,
            "messages": 0,
            "ack": 29814
        },
        {
            "timestamp": 1777170725.003695,
            "messages": 0,
            "ack": 29814
        },
        {
            "timestamp": 1777170730.009843,
            "messages": 0,
            "ack": 29822
        },
        {
            "timestamp": 1777170735.015707,
            "messages": 0,
            "ack": 29822
        },
        {
            "timestamp": 1777170740.021125,
            "messages": 0,
            "ack": 29830
        },
        {
            "timestamp": 1777170745.025955,
            "messages": 0,
            "ack": 29830
        },
        {
            "timestamp": 1777170750.032325,
            "messages": 0,
            "ack": 29838
        },
        {
            "timestamp": 1777170755.038035,
            "messages": 0,
            "ack": 29838
        },
        {
            "timestamp": 1777170760.044728,
            "messages": 0,
            "ack": 29846
        },
        {
            "timestamp": 1777170765.050501,
            "messages": 0,
            "ack": 29846
        },
        {
            "timestamp": 1777170770.05691,
            "messages": 0,
            "ack": 29854
        },
        {
            "timestamp": 1777170775.062799,
            "messages": 0,
            "ack": 29854
        },
        {
            "timestamp": 1777170780.069203,
            "messages": 0,
            "ack": 29862
        },
        {
            "timestamp": 1777170785.07484,
            "messages": 0,
            "ack": 29862
        },
        {
            "timestamp": 1777170790.08087,
            "messages": 0,
            "ack": 29870
        },
        {
            "timestamp": 1777170795.086528,
            "messages": 0,
            "ack": 29870
        },
        {
            "timestamp": 1777170800.093227,
            "messages": 0,
            "ack": 29878
        },
        {
            "timestamp": 1777170805.099228,
            "messages": 0,
            "ack": 29878
        },
        {
            "timestamp": 1777170810.105295,
            "messages": 0,
            "ack": 29886
        },
        {
            "timestamp": 1777170815.111275,
            "messages": 0,
            "ack": 29886
        },
        {
            "timestamp": 1777170820.116306,
            "messages": 0,
            "ack": 29894
        },
        {
            "timestamp": 1777170825.123637,
            "messages": 0,
            "ack": 29894
        },
        {
            "timestamp": 1777170830.130062,
            "messages": 0,
            "ack": 29902
        },
        {
            "timestamp": 1777170835.137472,
            "messages": 0,
            "ack": 29902
        },
        {
            "timestamp": 1777170840.143307,
            "messages": 0,
            "ack": 29910
        },
        {
            "timestamp": 1777170845.150099,
            "messages": 0,
            "ack": 29910
        },
        {
            "timestamp": 1777170850.157184,
            "messages": 0,
            "ack": 29918
        },
        {
            "timestamp": 1777170855.163228,
            "messages": 0,
            "ack": 29918
        },
        {
            "timestamp": 1777170860.169252,
            "messages": 0,
            "ack": 29926
        },
        {
            "timestamp": 1777170865.176862,
            "messages": 0,
            "ack": 29926
        },
        {
            "timestamp": 1777170870.183349,
            "messages": 0,
            "ack": 29934
        },
        {
            "timestamp": 1777170875.189123,
            "messages": 0,
            "ack": 29934
        },
        {
            "timestamp": 1777170880.195411,
            "messages": 0,
            "ack": 29942
        },
        {
            "timestamp": 1777170885.201128,
            "messages": 0,
            "ack": 29942
        },
        {
            "timestamp": 1777170890.206949,
            "messages": 0,
            "ack": 29950
        },
        {
            "timestamp": 1777170895.213507,
            "messages": 0,
            "ack": 29950
        },
        {
            "timestamp": 1777170900.220508,
            "messages": 0,
            "ack": 29958
        },
        {
            "timestamp": 1777170905.226064,
            "messages": 0,
            "ack": 29958
        },
        {
            "timestamp": 1777170910.232929,
            "messages": 0,
            "ack": 29966
        },
        {
            "timestamp": 1777170915.24015,
            "messages": 0,
            "ack": 29966
        },
        {
            "timestamp": 1777170920.246816,
            "messages": 0,
            "ack": 29974
        },
        {
            "timestamp": 1777170925.253085,
            "messages": 0,
            "ack": 29974
        },
        {
            "timestamp": 1777170927.611741,
            "messages": 0,
            "ack": 29974
        }
    ]
}