Процесс: 117164
УПРАВЛЯЮЩИЙ ПРОЦЕСС
Родитель: 13546
Создан: 2026-04-26T21:42:04.470000
Последний замер: 2026-04-26T21:47:07.046571
Время жизни: 302.576571 сек
voluntary_ctxt_switches: 1649
nonvoluntary_ctxt_switches: 75
jiffies: 90.0
avg_cpu_load: 0.1 %
avg_memory_mb: 42.8 MB


Процесс: 117171
Родитель: 117164
Создан: 2026-04-26T21:42:04.920000
Последний замер: 2026-04-26T21:47:07.046799
Время жизни: 302.126799 сек
voluntary_ctxt_switches: 169
nonvoluntary_ctxt_switches: 2863
jiffies: 1531.0
avg_cpu_load: 5.1 %
avg_memory_mb: 109.1 MB

Среднее latency: 2.04
Средний runtime: 2.02
Всего задач: 30
Задач по типам: cpu_intensive - 20; memory_intensive - 10

Процесс: 117172
Родитель: 117164
Создан: 2026-04-26T21:42:04.950000
Последний замер: 2026-04-26T21:47:07.047001
Время жизни: 302.097001 сек
voluntary_ctxt_switches: 175
nonvoluntary_ctxt_switches: 2116
jiffies: 1546.0
avg_cpu_load: 5.1 %
avg_memory_mb: 112.7 MB

Среднее latency: 1.96
Средний runtime: 1.94
Всего задач: 30
Задач по типам: memory_intensive - 10; cpu_intensive - 20

Процесс: 117173
Родитель: 117164
Создан: 2026-04-26T21:42:04.970000
Последний замер: 2026-04-26T21:47:07.047204
Время жизни: 302.077204 сек
voluntary_ctxt_switches: 164
nonvoluntary_ctxt_switches: 1965
jiffies: 1484.0
avg_cpu_load: 4.9 %
avg_memory_mb: 111.4 MB

Среднее latency: 1.94
Средний runtime: 1.91
Всего задач: 30
Задач по типам: cpu_intensive - 20; memory_intensive - 10

Процесс: 117180
Родитель: 117164
Создан: 2026-04-26T21:42:05
Последний замер: 2026-04-26T21:47:07.047512
Время жизни: 302.047512 сек
voluntary_ctxt_switches: 163
nonvoluntary_ctxt_switches: 2178
jiffies: 1583.0
avg_cpu_load: 5.2 %
avg_memory_mb: 109.1 MB

Среднее latency: 1.99
Средний runtime: 1.97
Всего задач: 30
Задач по типам: cpu_intensive - 20; memory_intensive - 10

Процесс: 117181
Родитель: 117164
Создан: 2026-04-26T21:42:05.020000
Последний замер: 2026-04-26T21:47:07.047726
Время жизни: 302.027726 сек
voluntary_ctxt_switches: 164
nonvoluntary_ctxt_switches: 2149
jiffies: 1554.0
avg_cpu_load: 5.1 %
avg_memory_mb: 112.8 MB

Среднее latency: 1.97
Средний runtime: 1.95
Всего задач: 30
Задач по типам: memory_intensive - 10; cpu_intensive - 20

Процесс: 117182
Родитель: 117164
Создан: 2026-04-26T21:42:05.040000
Последний замер: 2026-04-26T21:47:07.047926
Время жизни: 302.007926 сек
voluntary_ctxt_switches: 162
nonvoluntary_ctxt_switches: 3008
jiffies: 1474.0
avg_cpu_load: 4.8 %
avg_memory_mb: 115.7 MB

Среднее latency: 2.05
Средний runtime: 2.03
Всего задач: 30
Задач по типам: cpu_intensive - 20; memory_intensive - 10

Процесс: 117183
Родитель: 117164
Создан: 2026-04-26T21:42:05.070000
Последний замер: 2026-04-26T21:47:07.048129
Время жизни: 301.978129 сек
voluntary_ctxt_switches: 162
nonvoluntary_ctxt_switches: 3121
jiffies: 1520.0
avg_cpu_load: 5.0 %
avg_memory_mb: 112.5 MB

Среднее latency: 2.08
Средний runtime: 2.05
Всего задач: 30
Задач по типам: cpu_intensive - 20; memory_intensive - 10

Процесс: 117184
Родитель: 117164
Создан: 2026-04-26T21:42:05.090000
Последний замер: 2026-04-26T21:47:07.048329
Время жизни: 301.958329 сек
voluntary_ctxt_switches: 162
nonvoluntary_ctxt_switches: 2947
jiffies: 1510.0
avg_cpu_load: 5.0 %
avg_memory_mb: 115.7 MB

Среднее latency: 2.04
Средний runtime: 2.02
Всего задач: 30
Задач по типам: cpu_intensive - 20; memory_intensive - 10

