{
    "idx_task": 75,
    "task_name": "memory_intensive",
    "duration_into_wraps": 6.14,
    "data": {
        "ppid": 176011,
        "voluntary_ctxt_switches": 11,
        "nonvoluntary_ctxt_switches": 2,
        "delta_jiffies": 13,
        "delta_time": 6.1367,
        "cpu_load": 2.12,
        "memory_mib": 82.79296875
    },
    "timestamp": 1775641816.5547042
}
{
    "idx_task": 80,
    "task_name": "memory_intensive",
    "duration_into_wraps": 6.07,
    "data": {
        "ppid": 176011,
        "voluntary_ctxt_switches": 11,
        "nonvoluntary_ctxt_switches": 2,
        "delta_jiffies": 6,
        "delta_time": 6.0685,
        "cpu_load": 0.99,
        "memory_mib": 0.6953125
    },
    "timestamp": 1775641822.6291957
}
{
    "idx_task": 84,
    "task_name": "memory_intensive",
    "duration_into_wraps": 6.08,
    "data": {
        "ppid": 176011,
        "voluntary_ctxt_switches": 11,
        "nonvoluntary_ctxt_switches": 3,
        "delta_jiffies": 7,
        "delta_time": 6.0782,
        "cpu_load": 1.15,
        "memory_mib": 0.00390625
    },
    "timestamp": 1775641828.7134597
}
{
    "idx_task": 88,
    "task_name": "memory_intensive",
    "duration_into_wraps": 6.08,
    "data": {
        "ppid": 176011,
        "voluntary_ctxt_switches": 11,
        "nonvoluntary_ctxt_switches": 0,
        "delta_jiffies": 8,
        "delta_time": 6.074000000000001,
        "cpu_load": 1.32,
        "memory_mib": 0.00390625
    },
    "timestamp": 1775641834.7909148
}
{
    "idx_task": 91,
    "task_name": "memory_intensive",
    "duration_into_wraps": 6.07,
    "data": {
        "ppid": 176011,
        "voluntary_ctxt_switches": 11,
        "nonvoluntary_ctxt_switches": 1,
        "delta_jiffies": 7,
        "delta_time": 6.0716,
        "cpu_load": 1.15,
        "memory_mib": -1.1640625
    },
    "timestamp": 1775641840.8665273
}
{
    "idx_task": 95,
    "task_name": "memory_intensive",
    "duration_into_wraps": 6.08,
    "data": {
        "ppid": 176011,
        "voluntary_ctxt_switches": 11,
        "nonvoluntary_ctxt_switches": 1,
        "delta_jiffies": 6,
        "delta_time": 6.074,
        "cpu_load": 0.99,
        "memory_mib": 1.1640625
    },
    "timestamp": 1775641846.9457479
}
{
    "idx_task": 99,
    "task_name": "memory_intensive",
    "duration_into_wraps": 6.08,
    "data": {
        "ppid": 176011,
        "voluntary_ctxt_switches": 11,
        "nonvoluntary_ctxt_switches": 5,
        "delta_jiffies": 8,
        "delta_time": 6.0744,
        "cpu_load": 1.32,
        "memory_mib": -0.01171875
    },
    "timestamp": 1775641853.0236764
}
{
    "idx_task": 103,
    "task_name": "memory_intensive",
    "duration_into_wraps": 6.07,
    "data": {
        "ppid": 176011,
        "voluntary_ctxt_switches": 11,
        "nonvoluntary_ctxt_switches": 0,
        "delta_jiffies": 7,
        "delta_time": 6.0717,
        "cpu_load": 1.15,
        "memory_mib": 0.01171875
    },
    "timestamp": 1775641859.099727
}
{
    "idx_task": 107,
    "task_name": "memory_intensive",
    "duration_into_wraps": 6.07,
    "data": {
        "ppid": 176011,
        "voluntary_ctxt_switches": 11,
        "nonvoluntary_ctxt_switches": 0,
        "delta_jiffies": 6,
        "delta_time": 6.0641,
        "cpu_load": 0.99,
        "memory_mib": -1.16015625
    },
    "timestamp": 1775641865.168165
}
{
    "idx_task": 111,
    "task_name": "memory_intensive",
    "duration_into_wraps": 6.07,
    "data": {
        "ppid": 176011,
        "voluntary_ctxt_switches": 11,
        "nonvoluntary_ctxt_switches": 0,
        "delta_jiffies": 7,
        "delta_time": 6.0681,
        "cpu_load": 1.15,
        "memory_mib": 1.16015625
    },
    "timestamp": 1775641871.2411392
}
{
    "idx_task": 115,
    "task_name": "memory_intensive",
    "duration_into_wraps": 6.07,
    "data": {
        "ppid": 176011,
        "voluntary_ctxt_switches": 11,
        "nonvoluntary_ctxt_switches": 1,
        "delta_jiffies": 7,
        "delta_time": 6.069,
        "cpu_load": 1.15,
        "memory_mib": -0.01171875
    },
    "timestamp": 1775641877.315022
}
{
    "idx_task": 119,
    "task_name": "memory_intensive",
    "duration_into_wraps": 6.07,
    "data": {
        "ppid": 176011,
        "voluntary_ctxt_switches": 11,
        "nonvoluntary_ctxt_switches": 0,
        "delta_jiffies": 7,
        "delta_time": 6.0686,
        "cpu_load": 1.15,
        "memory_mib": 0.01171875
    },
    "timestamp": 1775641883.3882701
}
{
    "idx_task": 123,
    "task_name": "memory_intensive",
    "duration_into_wraps": 6.08,
    "data": {
        "ppid": 176011,
        "voluntary_ctxt_switches": 11,
        "nonvoluntary_ctxt_switches": 2,
        "delta_jiffies": 9,
        "delta_time": 6.0814,
        "cpu_load": 1.48,
        "memory_mib": -1.1640625
    },
    "timestamp": 1775641889.4744594
}
{
    "idx_task": 126,
    "task_name": "memory_intensive",
    "duration_into_wraps": 6.07,
    "data": {
        "ppid": 176011,
        "voluntary_ctxt_switches": 11,
        "nonvoluntary_ctxt_switches": 3,
        "delta_jiffies": 7,
        "delta_time": 6.070399999999999,
        "cpu_load": 1.15,
        "memory_mib": 1.1640625
    },
    "timestamp": 1775641895.552091
}
{
    "idx_task": 130,
    "task_name": "memory_intensive",
    "duration_into_wraps": 6.07,
    "data": {
        "ppid": 176011,
        "voluntary_ctxt_switches": 11,
        "nonvoluntary_ctxt_switches": 3,
        "delta_jiffies": 6,
        "delta_time": 6.0716,
        "cpu_load": 0.99,
        "memory_mib": -0.01171875
    },
    "timestamp": 1775641901.6274977
}
{
    "idx_task": 134,
    "task_name": "memory_intensive",
    "duration_into_wraps": 6.07,
    "data": {
        "ppid": 176011,
        "voluntary_ctxt_switches": 11,
        "nonvoluntary_ctxt_switches": 1,
        "delta_jiffies": 7,
        "delta_time": 6.0695,
        "cpu_load": 1.15,
        "memory_mib": 0.01171875
    },
    "timestamp": 1775641907.7021272
}
{
    "idx_task": 138,
    "task_name": "memory_intensive",
    "duration_into_wraps": 6.07,
    "data": {
        "ppid": 176011,
        "voluntary_ctxt_switches": 11,
        "nonvoluntary_ctxt_switches": 2,
        "delta_jiffies": 6,
        "delta_time": 6.0723,
        "cpu_load": 0.99,
        "memory_mib": -1.1640625
    },
    "timestamp": 1775641913.7796304
}
{
    "idx_task": 142,
    "task_name": "memory_intensive",
    "duration_into_wraps": 6.07,
    "data": {
        "ppid": 176011,
        "voluntary_ctxt_switches": 11,
        "nonvoluntary_ctxt_switches": 0,
        "delta_jiffies": 7,
        "delta_time": 6.0682,
        "cpu_load": 1.15,
        "memory_mib": 1.1640625
    },
    "timestamp": 1775641919.8528328
}
{
    "idx_task": 146,
    "task_name": "memory_intensive",
    "duration_into_wraps": 6.07,
    "data": {
        "ppid": 176011,
        "voluntary_ctxt_switches": 11,
        "nonvoluntary_ctxt_switches": 0,
        "delta_jiffies": 7,
        "delta_time": 6.071199999999999,
        "cpu_load": 1.15,
        "memory_mib": -0.01171875
    },
    "timestamp": 1775641925.929066
}
{
    "idx_task": 150,
    "task_name": "memory_intensive",
    "duration_into_wraps": 6.07,
    "data": {
        "ppid": 176011,
        "voluntary_ctxt_switches": 11,
        "nonvoluntary_ctxt_switches": 1,
        "delta_jiffies": 7,
        "delta_time": 6.0668,
        "cpu_load": 1.15,
        "memory_mib": 0.01171875
    },
    "timestamp": 1775641932.0001109
}
{
    "idx_task": 154,
    "task_name": "memory_intensive",
    "duration_into_wraps": 6.07,
    "data": {
        "ppid": 176011,
        "voluntary_ctxt_switches": 11,
        "nonvoluntary_ctxt_switches": 4,
        "delta_jiffies": 8,
        "delta_time": 6.069699999999999,
        "cpu_load": 1.32,
        "memory_mib": -1.1640625
    },
    "timestamp": 1775641938.0748227
}
{
    "idx_task": 158,
    "task_name": "memory_intensive",
    "duration_into_wraps": 6.07,
    "data": {
        "ppid": 176011,
        "voluntary_ctxt_switches": 11,
        "nonvoluntary_ctxt_switches": 3,
        "delta_jiffies": 7,
        "delta_time": 6.0691,
        "cpu_load": 1.15,
        "memory_mib": 1.1640625
    },
    "timestamp": 1775641944.1491137
}
{
    "idx_task": 162,
    "task_name": "memory_intensive",
    "duration_into_wraps": 6.07,
    "data": {
        "ppid": 176011,
        "voluntary_ctxt_switches": 11,
        "nonvoluntary_ctxt_switches": 4,
        "delta_jiffies": 7,
        "delta_time": 6.0712,
        "cpu_load": 1.15,
        "memory_mib": -0.01171875
    },
    "timestamp": 1775641950.2241588
}
{
    "idx_task": 166,
    "task_name": "memory_intensive",
    "duration_into_wraps": 6.07,
    "data": {
        "ppid": 176011,
        "voluntary_ctxt_switches": 11,
        "nonvoluntary_ctxt_switches": 1,
        "delta_jiffies": 6,
        "delta_time": 6.0656,
        "cpu_load": 0.99,
        "memory_mib": 0.01171875
    },
    "timestamp": 1775641956.2946134
}
{
    "idx_task": 170,
    "task_name": "memory_intensive",
    "duration_into_wraps": 6.07,
    "data": {
        "ppid": 176011,
        "voluntary_ctxt_switches": 11,
        "nonvoluntary_ctxt_switches": 1,
        "delta_jiffies": 7,
        "delta_time": 6.0699,
        "cpu_load": 1.15,
        "memory_mib": -1.1640625
    },
    "timestamp": 1775641962.3691733
}
{
    "idx_task": 174,
    "task_name": "memory_intensive",
    "duration_into_wraps": 6.07,
    "data": {
        "ppid": 176011,
        "voluntary_ctxt_switches": 11,
        "nonvoluntary_ctxt_switches": 3,
        "delta_jiffies": 7,
        "delta_time": 6.0685,
        "cpu_load": 1.15,
        "memory_mib": 1.1640625
    },
    "timestamp": 1775641968.4428453
}
{
    "idx_task": 178,
    "task_name": "memory_intensive",
    "duration_into_wraps": 6.07,
    "data": {
        "ppid": 176011,
        "voluntary_ctxt_switches": 11,
        "nonvoluntary_ctxt_switches": 2,
        "delta_jiffies": 8,
        "delta_time": 6.069,
        "cpu_load": 1.32,
        "memory_mib": -0.01171875
    },
    "timestamp": 1775641974.516264
}
{
    "idx_task": 182,
    "task_name": "memory_intensive",
    "duration_into_wraps": 6.07,
    "data": {
        "ppid": 176011,
        "voluntary_ctxt_switches": 11,
        "nonvoluntary_ctxt_switches": 3,
        "delta_jiffies": 6,
        "delta_time": 6.0708,
        "cpu_load": 0.99,
        "memory_mib": 0.01171875
    },
    "timestamp": 1775641980.591533
}
{
    "idx_task": 186,
    "task_name": "memory_intensive",
    "duration_into_wraps": 6.08,
    "data": {
        "ppid": 176011,
        "voluntary_ctxt_switches": 11,
        "nonvoluntary_ctxt_switches": 3,
        "delta_jiffies": 8,
        "delta_time": 6.0736,
        "cpu_load": 1.32,
        "memory_mib": -1.1640625
    },
    "timestamp": 1775641986.669521
}
{
    "idx_task": 190,
    "task_name": "memory_intensive",
    "duration_into_wraps": 6.08,
    "data": {
        "ppid": 176011,
        "voluntary_ctxt_switches": 11,
        "nonvoluntary_ctxt_switches": 0,
        "delta_jiffies": 8,
        "delta_time": 6.0754,
        "cpu_load": 1.32,
        "memory_mib": 1.1640625
    },
    "timestamp": 1775641992.74934
}
{
    "idx_task": 193,
    "task_name": "memory_intensive",
    "duration_into_wraps": 6.07,
    "data": {
        "ppid": 176011,
        "voluntary_ctxt_switches": 11,
        "nonvoluntary_ctxt_switches": 1,
        "delta_jiffies": 7,
        "delta_time": 6.0693,
        "cpu_load": 1.15,
        "memory_mib": -0.01171875
    },
    "timestamp": 1775641998.8261845
}
{
    "idx_task": 197,
    "task_name": "memory_intensive",
    "duration_into_wraps": 6.08,
    "data": {
        "ppid": 176011,
        "voluntary_ctxt_switches": 11,
        "nonvoluntary_ctxt_switches": 2,
        "delta_jiffies": 7,
        "delta_time": 6.0733,
        "cpu_load": 1.15,
        "memory_mib": 0.01171875
    },
    "timestamp": 1775642004.905479
}
