{
    "idx_task": 22,
    "task_name": "memory_intensive",
    "duration_into_wraps": 6.13,
    "data": {
        "ppid": 176011,
        "voluntary_ctxt_switches": 11,
        "nonvoluntary_ctxt_switches": 0,
        "delta_jiffies": 13,
        "delta_time": 6.1281,
        "cpu_load": 2.12,
        "memory_mib": 82.78515625
    },
    "timestamp": 1775641737.4893804
}
{
    "idx_task": 28,
    "task_name": "memory_intensive",
    "duration_into_wraps": 6.07,
    "data": {
        "ppid": 176011,
        "voluntary_ctxt_switches": 11,
        "nonvoluntary_ctxt_switches": 2,
        "delta_jiffies": 7,
        "delta_time": 6.0682,
        "cpu_load": 1.15,
        "memory_mib": 0.69140625
    },
    "timestamp": 1775641743.5625808
}
{
    "idx_task": 32,
    "task_name": "memory_intensive",
    "duration_into_wraps": 6.07,
    "data": {
        "ppid": 176011,
        "voluntary_ctxt_switches": 11,
        "nonvoluntary_ctxt_switches": 3,
        "delta_jiffies": 7,
        "delta_time": 6.0703000000000005,
        "cpu_load": 1.15,
        "memory_mib": 0.0
    },
    "timestamp": 1775641749.6377034
}
{
    "idx_task": 36,
    "task_name": "memory_intensive",
    "duration_into_wraps": 6.07,
    "data": {
        "ppid": 176011,
        "voluntary_ctxt_switches": 11,
        "nonvoluntary_ctxt_switches": 0,
        "delta_jiffies": 7,
        "delta_time": 6.0689,
        "cpu_load": 1.15,
        "memory_mib": 0.00390625
    },
    "timestamp": 1775641755.7128527
}
{
    "idx_task": 40,
    "task_name": "memory_intensive",
    "duration_into_wraps": 6.07,
    "data": {
        "ppid": 176011,
        "voluntary_ctxt_switches": 11,
        "nonvoluntary_ctxt_switches": 3,
        "delta_jiffies": 6,
        "delta_time": 6.0647,
        "cpu_load": 0.99,
        "memory_mib": 0.0
    },
    "timestamp": 1775641761.7819784
}
{
    "idx_task": 44,
    "task_name": "memory_intensive",
    "duration_into_wraps": 6.07,
    "data": {
        "ppid": 176011,
        "voluntary_ctxt_switches": 11,
        "nonvoluntary_ctxt_switches": 2,
        "delta_jiffies": 7,
        "delta_time": 6.067200000000001,
        "cpu_load": 1.15,
        "memory_mib": 0.0
    },
    "timestamp": 1775641767.8547192
}
{
    "idx_task": 48,
    "task_name": "memory_intensive",
    "duration_into_wraps": 6.07,
    "data": {
        "ppid": 176011,
        "voluntary_ctxt_switches": 11,
        "nonvoluntary_ctxt_switches": 6,
        "delta_jiffies": 7,
        "delta_time": 6.0658,
        "cpu_load": 1.15,
        "memory_mib": -1.1484375
    },
    "timestamp": 1775641773.92388
}
{
    "idx_task": 52,
    "task_name": "memory_intensive",
    "duration_into_wraps": 6.07,
    "data": {
        "ppid": 176011,
        "voluntary_ctxt_switches": 11,
        "nonvoluntary_ctxt_switches": 3,
        "delta_jiffies": 8,
        "delta_time": 6.072299999999999,
        "cpu_load": 1.32,
        "memory_mib": 1.1484375
    },
    "timestamp": 1775641780.0004296
}
{
    "idx_task": 55,
    "task_name": "memory_intensive",
    "duration_into_wraps": 6.07,
    "data": {
        "ppid": 176011,
        "voluntary_ctxt_switches": 11,
        "nonvoluntary_ctxt_switches": 0,
        "delta_jiffies": 7,
        "delta_time": 6.0358,
        "cpu_load": 1.16,
        "memory_mib": 0.00390625
    },
    "timestamp": 1775641786.100991
}
{
    "idx_task": 59,
    "task_name": "memory_intensive",
    "duration_into_wraps": 6.07,
    "data": {
        "ppid": 176011,
        "voluntary_ctxt_switches": 11,
        "nonvoluntary_ctxt_switches": 1,
        "delta_jiffies": 6,
        "delta_time": 6.0682,
        "cpu_load": 0.99,
        "memory_mib": 0.00390625
    },
    "timestamp": 1775641792.174215
}
{
    "idx_task": 63,
    "task_name": "memory_intensive",
    "duration_into_wraps": 6.07,
    "data": {
        "ppid": 176011,
        "voluntary_ctxt_switches": 11,
        "nonvoluntary_ctxt_switches": 0,
        "delta_jiffies": 7,
        "delta_time": 6.0653,
        "cpu_load": 1.15,
        "memory_mib": -13.59765625
    },
    "timestamp": 1775641798.2455204
}
{
    "idx_task": 67,
    "task_name": "memory_intensive",
    "duration_into_wraps": 6.07,
    "data": {
        "ppid": 176011,
        "voluntary_ctxt_switches": 11,
        "nonvoluntary_ctxt_switches": 0,
        "delta_jiffies": 7,
        "delta_time": 6.0728,
        "cpu_load": 1.15,
        "memory_mib": 13.59765625
    },
    "timestamp": 1775641804.321981
}
{
    "idx_task": 71,
    "task_name": "memory_intensive",
    "duration_into_wraps": 6.07,
    "data": {
        "ppid": 176011,
        "voluntary_ctxt_switches": 11,
        "nonvoluntary_ctxt_switches": 0,
        "delta_jiffies": 5,
        "delta_time": 6.0711,
        "cpu_load": 0.82,
        "memory_mib": 0.00390625
    },
    "timestamp": 1775641810.3969429
}
{
    "idx_task": 73,
    "task_name": "memory_intensive",
    "duration_into_wraps": 6.07,
    "data": {
        "ppid": 176011,
        "voluntary_ctxt_switches": 11,
        "nonvoluntary_ctxt_switches": 2,
        "delta_jiffies": 7,
        "delta_time": 6.0564,
        "cpu_load": 1.16,
        "memory_mib": 0.0
    },
    "timestamp": 1775641816.4864933
}
{
    "idx_task": 78,
    "task_name": "memory_intensive",
    "duration_into_wraps": 6.09,
    "data": {
        "ppid": 176011,
        "voluntary_ctxt_switches": 11,
        "nonvoluntary_ctxt_switches": 2,
        "delta_jiffies": 9,
        "delta_time": 6.0868,
        "cpu_load": 1.48,
        "memory_mib": -13.1328125
    },
    "timestamp": 1775641822.577719
}
{
    "idx_task": 82,
    "task_name": "memory_intensive",
    "duration_into_wraps": 6.08,
    "data": {
        "ppid": 176011,
        "voluntary_ctxt_switches": 11,
        "nonvoluntary_ctxt_switches": 10,
        "delta_jiffies": 8,
        "delta_time": 6.076499999999999,
        "cpu_load": 1.32,
        "memory_mib": 13.1328125
    },
    "timestamp": 1775641828.6583998
}
{
    "idx_task": 86,
    "task_name": "memory_intensive",
    "duration_into_wraps": 6.07,
    "data": {
        "ppid": 176011,
        "voluntary_ctxt_switches": 11,
        "nonvoluntary_ctxt_switches": 2,
        "delta_jiffies": 7,
        "delta_time": 6.070399999999999,
        "cpu_load": 1.15,
        "memory_mib": 0.0
    },
    "timestamp": 1775641834.73379
}
{
    "idx_task": 90,
    "task_name": "memory_intensive",
    "duration_into_wraps": 6.07,
    "data": {
        "ppid": 176011,
        "voluntary_ctxt_switches": 11,
        "nonvoluntary_ctxt_switches": 2,
        "delta_jiffies": 7,
        "delta_time": 6.067399999999999,
        "cpu_load": 1.15,
        "memory_mib": 0.00390625
    },
    "timestamp": 1775641840.806202
}
{
    "idx_task": 94,
    "task_name": "memory_intensive",
    "duration_into_wraps": 6.07,
    "data": {
        "ppid": 176011,
        "voluntary_ctxt_switches": 11,
        "nonvoluntary_ctxt_switches": 6,
        "delta_jiffies": 6,
        "delta_time": 6.0697,
        "cpu_load": 0.99,
        "memory_mib": -18.81640625
    },
    "timestamp": 1775641846.880352
}
{
    "idx_task": 98,
    "task_name": "memory_intensive",
    "duration_into_wraps": 6.09,
    "data": {
        "ppid": 176011,
        "voluntary_ctxt_switches": 11,
        "nonvoluntary_ctxt_switches": 2,
        "delta_jiffies": 9,
        "delta_time": 6.082599999999999,
        "cpu_load": 1.48,
        "memory_mib": 18.81640625
    },
    "timestamp": 1775641852.9679718
}
{
    "idx_task": 102,
    "task_name": "memory_intensive",
    "duration_into_wraps": 6.07,
    "data": {
        "ppid": 176011,
        "voluntary_ctxt_switches": 11,
        "nonvoluntary_ctxt_switches": 3,
        "delta_jiffies": 7,
        "delta_time": 6.0706,
        "cpu_load": 1.15,
        "memory_mib": -18.8125
    },
    "timestamp": 1775641859.0438359
}
{
    "idx_task": 106,
    "task_name": "memory_intensive",
    "duration_into_wraps": 6.08,
    "data": {
        "ppid": 176011,
        "voluntary_ctxt_switches": 11,
        "nonvoluntary_ctxt_switches": 1,
        "delta_jiffies": 9,
        "delta_time": 6.08,
        "cpu_load": 1.48,
        "memory_mib": 18.8125
    },
    "timestamp": 1775641865.129242
}
{
    "idx_task": 110,
    "task_name": "memory_intensive",
    "duration_into_wraps": 6.08,
    "data": {
        "ppid": 176011,
        "voluntary_ctxt_switches": 11,
        "nonvoluntary_ctxt_switches": 0,
        "delta_jiffies": 7,
        "delta_time": 6.0735,
        "cpu_load": 1.15,
        "memory_mib": -18.8125
    },
    "timestamp": 1775641871.208201
}
{
    "idx_task": 114,
    "task_name": "memory_intensive",
    "duration_into_wraps": 6.08,
    "data": {
        "ppid": 176011,
        "voluntary_ctxt_switches": 11,
        "nonvoluntary_ctxt_switches": 0,
        "delta_jiffies": 8,
        "delta_time": 6.0812,
        "cpu_load": 1.32,
        "memory_mib": 18.8125
    },
    "timestamp": 1775641877.29479
}
{
    "idx_task": 118,
    "task_name": "memory_intensive",
    "duration_into_wraps": 6.08,
    "data": {
        "ppid": 176011,
        "voluntary_ctxt_switches": 11,
        "nonvoluntary_ctxt_switches": 0,
        "delta_jiffies": 5,
        "delta_time": 6.0736,
        "cpu_load": 0.82,
        "memory_mib": -18.80859375
    },
    "timestamp": 1775641883.3745153
}
{
    "idx_task": 122,
    "task_name": "memory_intensive",
    "duration_into_wraps": 6.1,
    "data": {
        "ppid": 176011,
        "voluntary_ctxt_switches": 11,
        "nonvoluntary_ctxt_switches": 0,
        "delta_jiffies": 10,
        "delta_time": 6.0952,
        "cpu_load": 1.64,
        "memory_mib": 18.80859375
    },
    "timestamp": 1775641889.475192
}
