{
    "active_periods": [
        {
            "start": 1778805257.377569,
            "end": 1778805560.106763,
            "duration_sec": 302.72919392585754,
            "tasks_completed": 120,
            "throughput_tps": 0.3963938807612642
        }
    ],
    "history": [
        {
            "timestamp": 1778805257.377569,
            "messages": 0,
            "ack": 42322
        },
        {
            "timestamp": 1778805262.386102,
            "messages": 0,
            "ack": 42324
        },
        {
            "timestamp": 1778805267.392297,
            "messages": 0,
            "ack": 42325
        },
        {
            "timestamp": 1778805272.397962,
            "messages": 0,
            "ack": 42328
        },
        {
            "timestamp": 1778805277.403475,
            "messages": 2,
            "ack": 42330
        },
        {
            "timestamp": 1778805282.408816,
            "messages": 2,
            "ack": 42331
        },
        {
            "timestamp": 1778805287.414652,
            "messages": 0,
            "ack": 42334
        },
        {
            "timestamp": 1778805292.420135,
            "messages": 0,
            "ack": 42336
        },
        {
            "timestamp": 1778805297.425144,
            "messages": 0,
            "ack": 42337
        },
        {
            "timestamp": 1778805302.430937,
            "messages": 0,
            "ack": 42340
        },
        {
            "timestamp": 1778805307.436816,
            "messages": 0,
            "ack": 42342
        },
        {
            "timestamp": 1778805312.441203,
            "messages": 0,
            "ack": 42343
        },
        {
            "timestamp": 1778805317.446347,
            "messages": 0,
            "ack": 42346
        },
        {
            "timestamp": 1778805322.453113,
            "messages": 0,
            "ack": 42348
        },
        {
            "timestamp": 1778805327.458898,
            "messages": 0,
            "ack": 42349
        },
        {
            "timestamp": 1778805332.463917,
            "messages": 0,
            "ack": 42350
        },
        {
            "timestamp": 1778805337.469167,
            "messages": 0,
            "ack": 42354
        },
        {
            "timestamp": 1778805342.475044,
            "messages": 0,
            "ack": 42355
        },
        {
            "timestamp": 1778805347.480408,
            "messages": 0,
            "ack": 42356
        },
        {
            "timestamp": 1778805352.485624,
            "messages": 0,
            "ack": 42360
        },
        {
            "timestamp": 1778805357.491083,
            "messages": 0,
            "ack": 42361
        },
        {
            "timestamp": 1778805362.497037,
            "messages": 0,
            "ack": 42362
        },
        {
            "timestamp": 1778805367.503009,
            "messages": 0,
            "ack": 42364
        },
        {
            "timestamp": 1778805372.508544,
            "messages": 0,
            "ack": 42367
        },
        {
            "timestamp": 1778805377.515288,
            "messages": 0,
            "ack": 42368
        },
        {
            "timestamp": 1778805382.521735,
            "messages": 0,
            "ack": 42370
        },
        {
            "timestamp": 1778805387.52693,
            "messages": 0,
            "ack": 42373
        },
        {
            "timestamp": 1778805392.533578,
            "messages": 0,
            "ack": 42374
        },
        {
            "timestamp": 1778805397.538953,
            "messages": 0,
            "ack": 42376
        },
        {
            "timestamp": 1778805402.543104,
            "messages": 0,
            "ack": 42379
        },
        {
            "timestamp": 1778805407.549255,
            "messages": 0,
            "ack": 42380
        },
        {
            "timestamp": 1778805412.554195,
            "messages": 0,
            "ack": 42382
        },
        {
            "timestamp": 1778805417.559923,
            "messages": 0,
            "ack": 42385
        },
        {
            "timestamp": 1778805422.564777,
            "messages": 0,
            "ack": 42386
        },
        {
            "timestamp": 1778805427.570799,
            "messages": 0,
            "ack": 42388
        },
        {
            "timestamp": 1778805432.57642,
            "messages": 0,
            "ack": 42390
        },
        {
            "timestamp": 1778805437.58187,
            "messages": 0,
            "ack": 42392
        },
        {
            "timestamp": 1778805442.587069,
            "messages": 0,
            "ack": 42394
        },
        {
            "timestamp": 1778805447.592682,
            "messages": 0,
            "ack": 42396
        },
        {
            "timestamp": 1778805452.598732,
            "messages": 0,
            "ack": 42398
        },
        {
            "timestamp": 1778805457.604311,
            "messages": 0,
            "ack": 42400
        },
        {
            "timestamp": 1778805462.61079,
            "messages": 0,
            "ack": 42402
        },
        {
            "timestamp": 1778805467.617125,
            "messages": 0,
            "ack": 42404
        },
        {
            "timestamp": 1778805472.625856,
            "messages": 0,
            "ack": 42406
        },
        {
            "timestamp": 1778805477.631393,
            "messages": 0,
            "ack": 42408
        },
        {
            "timestamp": 1778805482.636313,
            "messages": 0,
            "ack": 42410
        },
        {
            "timestamp": 1778805487.642347,
            "messages": 0,
            "ack": 42412
        },
        {
            "timestamp": 1778805492.648387,
            "messages": 0,
            "ack": 42414
        },
        {
            "timestamp": 1778805497.654461,
            "messages": 0,
            "ack": 42416
        },
        {
            "timestamp": 1778805502.660293,
            "messages": 0,
            "ack": 42418
        },
        {
            "timestamp": 1778805507.665769,
            "messages": 0,
            "ack": 42420
        },
        {
            "timestamp": 1778805512.670793,
            "messages": 0,
            "ack": 42422
        },
        {
            "timestamp": 1778805517.676917,
            "messages": 0,
            "ack": 42424
        },
        {
            "timestamp": 1778805522.682619,
            "messages": 0,
            "ack": 42426
        },
        {
            "timestamp": 1778805527.687343,
            "messages": 0,
            "ack": 42428
        },
        {
            "timestamp": 1778805532.69363,
            "messages": 0,
            "ack": 42430
        },
        {
            "timestamp": 1778805537.700106,
            "messages": 0,
            "ack": 42432
        },
        {
            "timestamp": 1778805542.70641,
            "messages": 0,
            "ack": 42434
        },
        {
            "timestamp": 1778805547.712703,
            "messages": 0,
            "ack": 42436
        },
        {
            "timestamp": 1778805552.718954,
            "messages": 0,
            "ack": 42438
        },
        {
            "timestamp": 1778805557.725371,
            "messages": 0,
            "ack": 42440
        },
        {
            "timestamp": 1778805560.099728,
            "messages": 0,
            "ack": 42442
        }
    ]
}