{
    "366150": {
        "ppid": "254983",
        "name": "celery",
        "cmdline": "/home/experimenter/projects/celery-autoscale/.venv/bin/python3 /home/experimenter/projects/celery-autoscale/.venv/bin/celery -A celery_app worker --loglevel=INFO --concurrency=2 --pool=eventlet",
        "create_time": "2026-05-15T11:38:52.430000",
        "last_update": "2026-05-15T11:43:55.396183",
        "voluntary_ctxt_switches": 2702,
        "nonvoluntary_ctxt_switches": 1674,
        "jiffies": 11209,
        "stats": [
            {
                "memory_mb": 52.25,
                "cpu_percent": 0.0,
                "timestamp": 1778834333.498265
            },
            {
                "memory_mb": 52.6640625,
                "cpu_percent": 28.6,
                "timestamp": 1778834334.5482104
            },
            {
                "memory_mb": 52.6875,
                "cpu_percent": 37.1,
                "timestamp": 1778834335.6004066
            },
            {
                "memory_mb": 52.69140625,
                "cpu_percent": 67.8,
                "timestamp": 1778834336.6479838
            },
            {
                "memory_mb": 144.83984375,
                "cpu_percent": 15.2,
                "timestamp": 1778834337.700311
            },
            {
                "memory_mb": 144.8515625,
                "cpu_percent": 71.5,
                "timestamp": 1778834338.749493
            },
            {
                "memory_mb": 135.14453125,
                "cpu_percent": 56.1,
                "timestamp": 1778834339.8013806
            },
            {
                "memory_mb": 135.1484375,
                "cpu_percent": 19.1,
                "timestamp": 1778834340.8480744
            },
            {
                "memory_mb": 135.1484375,
                "cpu_percent": 50.4,
                "timestamp": 1778834341.9000006
            },
            {
                "memory_mb": 107.203125,
                "cpu_percent": 5.7,
                "timestamp": 1778834342.9519138
            },
            {
                "memory_mb": 107.203125,
                "cpu_percent": 32.5,
                "timestamp": 1778834343.9985626
            },
            {
                "memory_mb": 107.20703125,
                "cpu_percent": 41.8,
                "timestamp": 1778834345.050389
            },
            {
                "memory_mb": 144.8203125,
                "cpu_percent": 46.8,
                "timestamp": 1778834346.0973594
            },
            {
                "memory_mb": 144.8203125,
                "cpu_percent": 67.7,
                "timestamp": 1778834347.146246
            },
            {
                "memory_mb": 135.11328125,
                "cpu_percent": 20.9,
                "timestamp": 1778834348.1980798
            },
            {
                "memory_mb": 135.1171875,
                "cpu_percent": 55.4,
                "timestamp": 1778834349.2453725
            },
            {
                "memory_mb": 144.82421875,
                "cpu_percent": 16.2,
                "timestamp": 1778834350.2970285
            },
            {
                "memory_mb": 135.125,
                "cpu_percent": 2.9,
                "timestamp": 1778834351.3491762
            },
            {
                "memory_mb": 135.12109375,
                "cpu_percent": 68.7,
                "timestamp": 1778834352.3967822
            },
            {
                "memory_mb": 135.12890625,
                "cpu_percent": 3.8,
                "timestamp": 1778834353.4503038
            },
            {
                "memory_mb": 144.8203125,
                "cpu_percent": 67.5,
                "timestamp": 1778834354.5024607
            },
            {
                "memory_mb": 135.1171875,
                "cpu_percent": 64.7,
                "timestamp": 1778834355.553979
            },
            {
                "memory_mb": 135.11328125,
                "cpu_percent": 1.0,
                "timestamp": 1778834356.6054342
            },
            {
                "memory_mb": 135.12109375,
                "cpu_percent": 67.5,
                "timestamp": 1778834357.6570241
            },
            {
                "memory_mb": 144.83203125,
                "cpu_percent": 3.8,
                "timestamp": 1778834358.7092154
            },
            {
                "memory_mb": 135.125,
                "cpu_percent": 10.5,
                "timestamp": 1778834359.755998
            },
            {
                "memory_mb": 135.12890625,
                "cpu_percent": 62.7,
                "timestamp": 1778834360.8086662
            },
            {
                "memory_mb": 144.828125,
                "cpu_percent": 21.0,
                "timestamp": 1778834361.8566024
            },
            {
                "memory_mb": 144.828125,
                "cpu_percent": 67.7,
                "timestamp": 1778834362.9053938
            },
            {
                "memory_mb": 134.95703125,
                "cpu_percent": 44.7,
                "timestamp": 1778834363.957596
            },
            {
                "memory_mb": 134.9609375,
                "cpu_percent": 31.5,
                "timestamp": 1778834365.005837
            },
            {
                "memory_mb": 134.9609375,
                "cpu_percent": 38.1,
                "timestamp": 1778834366.0558171
            },
            {
                "memory_mb": 135.12890625,
                "cpu_percent": 4.8,
                "timestamp": 1778834367.1078436
            },
            {
                "memory_mb": 135.12890625,
                "cpu_percent": 44.9,
                "timestamp": 1778834368.1555638
            },
            {
                "memory_mb": 135.1328125,
                "cpu_percent": 28.5,
                "timestamp": 1778834369.209721
            },
            {
                "memory_mb": 144.828125,
                "cpu_percent": 57.3,
                "timestamp": 1778834370.2569022
            },
            {
                "memory_mb": 144.828125,
                "cpu_percent": 67.8,
                "timestamp": 1778834371.304387
            },
            {
                "memory_mb": 134.94140625,
                "cpu_percent": 6.7,
                "timestamp": 1778834372.3562958
            },
            {
                "memory_mb": 134.9453125,
                "cpu_percent": 66.7,
                "timestamp": 1778834373.4055674
            },
            {
                "memory_mb": 144.82421875,
                "cpu_percent": 4.8,
                "timestamp": 1778834374.4576483
            },
            {
                "memory_mb": 135.125,
                "cpu_percent": 2.9,
                "timestamp": 1778834375.5095005
            },
            {
                "memory_mb": 135.12109375,
                "cpu_percent": 69.4,
                "timestamp": 1778834376.561741
            },
            {
                "memory_mb": 135.12890625,
                "cpu_percent": 4.8,
                "timestamp": 1778834377.6138601
            },
            {
                "memory_mb": 144.828125,
                "cpu_percent": 63.7,
                "timestamp": 1778834378.6658742
            },
            {
                "memory_mb": 135.12890625,
                "cpu_percent": 68.4,
                "timestamp": 1778834379.718162
            },
            {
                "memory_mb": 135.1328125,
                "cpu_percent": 6.7,
                "timestamp": 1778834380.764601
            },
            {
                "memory_mb": 135.1328125,
                "cpu_percent": 61.8,
                "timestamp": 1778834381.8163025
            },
            {
                "memory_mb": 144.828125,
                "cpu_percent": 3.8,
                "timestamp": 1778834382.8684163
            },
            {
                "memory_mb": 134.94140625,
                "cpu_percent": 22.9,
                "timestamp": 1778834383.9148016
            },
            {
                "memory_mb": 134.9453125,
                "cpu_percent": 50.4,
                "timestamp": 1778834384.9656057
            },
            {
                "memory_mb": 144.8359375,
                "cpu_percent": 33.4,
                "timestamp": 1778834386.0139465
            },
            {
                "memory_mb": 144.8359375,
                "cpu_percent": 70.6,
                "timestamp": 1778834387.061809
            },
            {
                "memory_mb": 135.12890625,
                "cpu_percent": 33.3,
                "timestamp": 1778834388.113626
            },
            {
                "memory_mb": 135.1328125,
                "cpu_percent": 43.9,
                "timestamp": 1778834389.1608977
            },
            {
                "memory_mb": 135.1328125,
                "cpu_percent": 25.7,
                "timestamp": 1778834390.2122686
            },
            {
                "memory_mb": 135.1328125,
                "cpu_percent": 3.8,
                "timestamp": 1778834391.2645328
            },
            {
                "memory_mb": 135.1328125,
                "cpu_percent": 57.2,
                "timestamp": 1778834392.3128428
            },
            {
                "memory_mb": 135.13671875,
                "cpu_percent": 15.2,
                "timestamp": 1778834393.3639264
            },
            {
                "memory_mb": 144.83203125,
                "cpu_percent": 66.8,
                "timestamp": 1778834394.4116337
            },
            {
                "memory_mb": 135.1328125,
                "cpu_percent": 64.9,
                "timestamp": 1778834395.459258
            },
            {
                "memory_mb": 135.12890625,
                "cpu_percent": 1.0,
                "timestamp": 1778834396.5095105
            },
            {
                "memory_mb": 135.13671875,
                "cpu_percent": 66.6,
                "timestamp": 1778834397.5612245
            },
            {
                "memory_mb": 144.83203125,
                "cpu_percent": 3.8,
                "timestamp": 1778834398.6144648
            },
            {
                "memory_mb": 134.94140625,
                "cpu_percent": 2.8,
                "timestamp": 1778834399.6683166
            },
            {
                "memory_mb": 134.94140625,
                "cpu_percent": 67.5,
                "timestamp": 1778834400.7202826
            },
            {
                "memory_mb": 144.8359375,
                "cpu_percent": 9.5,
                "timestamp": 1778834401.7723756
            },
            {
                "memory_mb": 144.8359375,
                "cpu_percent": 70.6,
                "timestamp": 1778834402.81993
            },
            {
                "memory_mb": 135.1328125,
                "cpu_percent": 56.0,
                "timestamp": 1778834403.872862
            },
            {
                "memory_mb": 135.13671875,
                "cpu_percent": 19.1,
                "timestamp": 1778834404.9192233
            },
            {
                "memory_mb": 135.13671875,
                "cpu_percent": 51.3,
                "timestamp": 1778834405.971328
            },
            {
                "memory_mb": 135.1328125,
                "cpu_percent": 4.8,
                "timestamp": 1778834407.0235827
            },
            {
                "memory_mb": 135.1328125,
                "cpu_percent": 32.4,
                "timestamp": 1778834408.0714972
            },
            {
                "memory_mb": 135.13671875,
                "cpu_percent": 39.9,
                "timestamp": 1778834409.1229875
            },
            {
                "memory_mb": 144.8359375,
                "cpu_percent": 45.8,
                "timestamp": 1778834410.1701546
            },
            {
                "memory_mb": 144.84375,
                "cpu_percent": 67.8,
                "timestamp": 1778834411.2176507
            },
            {
                "memory_mb": 134.94921875,
                "cpu_percent": 19.0,
                "timestamp": 1778834412.269618
            },
            {
                "memory_mb": 134.953125,
                "cpu_percent": 55.4,
                "timestamp": 1778834413.3171837
            },
            {
                "memory_mb": 144.84375,
                "cpu_percent": 15.2,
                "timestamp": 1778834414.3687437
            },
            {
                "memory_mb": 135.140625,
                "cpu_percent": 3.8,
                "timestamp": 1778834415.4206161
            },
            {
                "memory_mb": 135.140625,
                "cpu_percent": 68.8,
                "timestamp": 1778834416.4677827
            },
            {
                "memory_mb": 135.14453125,
                "cpu_percent": 4.8,
                "timestamp": 1778834417.5189447
            },
            {
                "memory_mb": 144.83984375,
                "cpu_percent": 64.7,
                "timestamp": 1778834418.570594
            },
            {
                "memory_mb": 134.94921875,
                "cpu_percent": 65.5,
                "timestamp": 1778834419.6235917
            },
            {
                "memory_mb": 134.9453125,
                "cpu_percent": 1.0,
                "timestamp": 1778834420.6744027
            },
            {
                "memory_mb": 134.953125,
                "cpu_percent": 66.5,
                "timestamp": 1778834421.7263906
            },
            {
                "memory_mb": 144.84375,
                "cpu_percent": 4.8,
                "timestamp": 1778834422.778704
            },
            {
                "memory_mb": 135.140625,
                "cpu_percent": 10.5,
                "timestamp": 1778834423.8258107
            },
            {
                "memory_mb": 135.14453125,
                "cpu_percent": 62.7,
                "timestamp": 1778834424.8779452
            },
            {
                "memory_mb": 144.84375,
                "cpu_percent": 21.0,
                "timestamp": 1778834425.925355
            },
            {
                "memory_mb": 144.84375,
                "cpu_percent": 68.8,
                "timestamp": 1778834426.9722836
            },
            {
                "memory_mb": 134.94921875,
                "cpu_percent": 43.7,
                "timestamp": 1778834428.0242555
            },
            {
                "memory_mb": 134.953125,
                "cpu_percent": 31.5,
                "timestamp": 1778834429.071289
            },
            {
                "memory_mb": 134.953125,
                "cpu_percent": 38.9,
                "timestamp": 1778834430.1253917
            },
            {
                "memory_mb": 135.140625,
                "cpu_percent": 5.7,
                "timestamp": 1778834431.1772592
            },
            {
                "memory_mb": 135.140625,
                "cpu_percent": 44.9,
                "timestamp": 1778834432.225163
            },
            {
                "memory_mb": 135.14453125,
                "cpu_percent": 27.6,
                "timestamp": 1778834433.2770977
            },
            {
                "memory_mb": 144.84375,
                "cpu_percent": 56.3,
                "timestamp": 1778834434.3249042
            },
            {
                "memory_mb": 144.84765625,
                "cpu_percent": 67.8,
                "timestamp": 1778834435.372016
            },
            {
                "memory_mb": 134.953125,
                "cpu_percent": 7.6,
                "timestamp": 1778834436.42391
            },
            {
                "memory_mb": 134.95703125,
                "cpu_percent": 66.8,
                "timestamp": 1778834437.4720497
            },
            {
                "memory_mb": 144.84765625,
                "cpu_percent": 4.7,
                "timestamp": 1778834438.5251055
            },
            {
                "memory_mb": 135.14453125,
                "cpu_percent": 2.9,
                "timestamp": 1778834439.5769958
            },
            {
                "memory_mb": 135.140625,
                "cpu_percent": 70.3,
                "timestamp": 1778834440.6290479
            },
            {
                "memory_mb": 135.1484375,
                "cpu_percent": 3.8,
                "timestamp": 1778834441.680453
            },
            {
                "memory_mb": 144.84375,
                "cpu_percent": 63.7,
                "timestamp": 1778834442.7320275
            },
            {
                "memory_mb": 134.953125,
                "cpu_percent": 66.5,
                "timestamp": 1778834443.7845964
            },
            {
                "memory_mb": 134.95703125,
                "cpu_percent": 6.7,
                "timestamp": 1778834444.8326364
            },
            {
                "memory_mb": 134.95703125,
                "cpu_percent": 61.8,
                "timestamp": 1778834445.8844209
            },
            {
                "memory_mb": 144.84765625,
                "cpu_percent": 3.8,
                "timestamp": 1778834446.9368567
            },
            {
                "memory_mb": 135.14453125,
                "cpu_percent": 22.9,
                "timestamp": 1778834447.984394
            },
            {
                "memory_mb": 135.1484375,
                "cpu_percent": 52.4,
                "timestamp": 1778834449.0342748
            },
            {
                "memory_mb": 144.8515625,
                "cpu_percent": 33.4,
                "timestamp": 1778834450.0825026
            },
            {
                "memory_mb": 144.85546875,
                "cpu_percent": 67.8,
                "timestamp": 1778834451.129933
            },
            {
                "memory_mb": 135.1484375,
                "cpu_percent": 32.3,
                "timestamp": 1778834452.18242
            },
            {
                "memory_mb": 135.15234375,
                "cpu_percent": 42.0,
                "timestamp": 1778834453.2298954
            },
            {
                "memory_mb": 135.15234375,
                "cpu_percent": 27.6,
                "timestamp": 1778834454.2809772
            },
            {
                "memory_mb": 134.95703125,
                "cpu_percent": 5.7,
                "timestamp": 1778834455.3330011
            },
            {
                "memory_mb": 134.95703125,
                "cpu_percent": 57.3,
                "timestamp": 1778834456.3799436
            },
            {
                "memory_mb": 134.9609375,
                "cpu_percent": 16.1,
                "timestamp": 1778834457.4329016
            },
            {
                "memory_mb": 144.8515625,
                "cpu_percent": 64.9,
                "timestamp": 1778834458.4800415
            },
            {
                "memory_mb": 136.44140625,
                "cpu_percent": 65.9,
                "timestamp": 1778834459.527078
            },
            {
                "memory_mb": 136.4375,
                "cpu_percent": 1.0,
                "timestamp": 1778834460.5795293
            },
            {
                "memory_mb": 136.4453125,
                "cpu_percent": 66.6,
                "timestamp": 1778834461.6312914
            },
            {
                "memory_mb": 144.8515625,
                "cpu_percent": 4.8,
                "timestamp": 1778834462.683835
            },
            {
                "memory_mb": 136.44140625,
                "cpu_percent": 2.9,
                "timestamp": 1778834463.7354214
            },
            {
                "memory_mb": 136.44140625,
                "cpu_percent": 71.3,
                "timestamp": 1778834464.7879298
            },
            {
                "memory_mb": 144.85546875,
                "cpu_percent": 10.5,
                "timestamp": 1778834465.839391
            },
            {
                "memory_mb": 144.85546875,
                "cpu_percent": 67.8,
                "timestamp": 1778834466.8872817
            },
            {
                "memory_mb": 136.44140625,
                "cpu_percent": 56.1,
                "timestamp": 1778834467.9395494
            },
            {
                "memory_mb": 136.4453125,
                "cpu_percent": 19.1,
                "timestamp": 1778834468.9867587
            },
            {
                "memory_mb": 136.4453125,
                "cpu_percent": 50.4,
                "timestamp": 1778834470.0386121
            },
            {
                "memory_mb": 136.44140625,
                "cpu_percent": 5.7,
                "timestamp": 1778834471.0911052
            },
            {
                "memory_mb": 136.44140625,
                "cpu_percent": 33.4,
                "timestamp": 1778834472.1383877
            },
            {
                "memory_mb": 136.4453125,
                "cpu_percent": 39.9,
                "timestamp": 1778834473.1900685
            },
            {
                "memory_mb": 144.85546875,
                "cpu_percent": 43.9,
                "timestamp": 1778834474.2368648
            },
            {
                "memory_mb": 144.859375,
                "cpu_percent": 67.8,
                "timestamp": 1778834475.2843342
            },
            {
                "memory_mb": 136.4453125,
                "cpu_percent": 20.0,
                "timestamp": 1778834476.3361664
            },
            {
                "memory_mb": 136.44921875,
                "cpu_percent": 56.3,
                "timestamp": 1778834477.3841472
            },
            {
                "memory_mb": 144.85546875,
                "cpu_percent": 15.2,
                "timestamp": 1778834478.436334
            },
            {
                "memory_mb": 136.44921875,
                "cpu_percent": 2.8,
                "timestamp": 1778834479.488988
            },
            {
                "memory_mb": 136.44921875,
                "cpu_percent": 70.6,
                "timestamp": 1778834480.537132
            },
            {
                "memory_mb": 136.453125,
                "cpu_percent": 3.8,
                "timestamp": 1778834481.588023
            },
            {
                "memory_mb": 144.859375,
                "cpu_percent": 64.6,
                "timestamp": 1778834482.6400301
            },
            {
                "memory_mb": 136.44921875,
                "cpu_percent": 66.6,
                "timestamp": 1778834483.6912801
            },
            {
                "memory_mb": 136.4453125,
                "cpu_percent": 0.0,
                "timestamp": 1778834484.7422981
            },
            {
                "memory_mb": 136.453125,
                "cpu_percent": 67.5,
                "timestamp": 1778834485.7944353
            },
            {
                "memory_mb": 144.859375,
                "cpu_percent": 3.8,
                "timestamp": 1778834486.846564
            },
            {
                "memory_mb": 136.44921875,
                "cpu_percent": 10.5,
                "timestamp": 1778834487.8936422
            },
            {
                "memory_mb": 136.453125,
                "cpu_percent": 64.6,
                "timestamp": 1778834488.9456277
            },
            {
                "memory_mb": 144.86328125,
                "cpu_percent": 22.0,
                "timestamp": 1778834489.99316
            },
            {
                "memory_mb": 144.86328125,
                "cpu_percent": 67.7,
                "timestamp": 1778834491.0411403
            },
            {
                "memory_mb": 136.44921875,
                "cpu_percent": 43.7,
                "timestamp": 1778834492.093362
            },
            {
                "memory_mb": 136.453125,
                "cpu_percent": 31.5,
                "timestamp": 1778834493.1404316
            },
            {
                "memory_mb": 136.453125,
                "cpu_percent": 39.0,
                "timestamp": 1778834494.1926372
            },
            {
                "memory_mb": 136.44921875,
                "cpu_percent": 4.8,
                "timestamp": 1778834495.2449443
            },
            {
                "memory_mb": 136.44921875,
                "cpu_percent": 45.9,
                "timestamp": 1778834496.2914755
            },
            {
                "memory_mb": 136.453125,
                "cpu_percent": 28.5,
                "timestamp": 1778834497.343623
            },
            {
                "memory_mb": 144.86328125,
                "cpu_percent": 57.2,
                "timestamp": 1778834498.3919468
            },
            {
                "memory_mb": 144.86328125,
                "cpu_percent": 68.8,
                "timestamp": 1778834499.4389951
            },
            {
                "memory_mb": 136.4453125,
                "cpu_percent": 6.7,
                "timestamp": 1778834500.4910984
            },
            {
                "memory_mb": 136.453125,
                "cpu_percent": 66.7,
                "timestamp": 1778834501.540511
            },
            {
                "memory_mb": 144.85546875,
                "cpu_percent": 4.8,
                "timestamp": 1778834502.5917335
            },
            {
                "memory_mb": 136.44921875,
                "cpu_percent": 2.9,
                "timestamp": 1778834503.6422982
            },
            {
                "memory_mb": 136.4453125,
                "cpu_percent": 71.3,
                "timestamp": 1778834504.6948555
            },
            {
                "memory_mb": 136.453125,
                "cpu_percent": 5.7,
                "timestamp": 1778834505.745626
            },
            {
                "memory_mb": 144.859375,
                "cpu_percent": 62.7,
                "timestamp": 1778834506.797801
            },
            {
                "memory_mb": 134.96484375,
                "cpu_percent": 67.5,
                "timestamp": 1778834507.8499002
            },
            {
                "memory_mb": 134.96875,
                "cpu_percent": 6.7,
                "timestamp": 1778834508.89656
            },
            {
                "memory_mb": 134.96875,
                "cpu_percent": 62.7,
                "timestamp": 1778834509.9496486
            },
            {
                "memory_mb": 144.86328125,
                "cpu_percent": 2.9,
                "timestamp": 1778834511.002006
            },
            {
                "memory_mb": 135.16015625,
                "cpu_percent": 24.8,
                "timestamp": 1778834512.0492778
            },
            {
                "memory_mb": 135.1640625,
                "cpu_percent": 51.4,
                "timestamp": 1778834513.099928
            },
            {
                "memory_mb": 144.86328125,
                "cpu_percent": 32.5,
                "timestamp": 1778834514.1469383
            },
            {
                "memory_mb": 144.86328125,
                "cpu_percent": 68.8,
                "timestamp": 1778834515.1941497
            },
            {
                "memory_mb": 134.96484375,
                "cpu_percent": 32.3,
                "timestamp": 1778834516.2461755
            },
            {
                "memory_mb": 134.96875,
                "cpu_percent": 43.9,
                "timestamp": 1778834517.2943094
            },
            {
                "memory_mb": 135.0390625,
                "cpu_percent": 25.6,
                "timestamp": 1778834518.348023
            },
            {
                "memory_mb": 135.1640625,
                "cpu_percent": 4.8,
                "timestamp": 1778834519.4005194
            },
            {
                "memory_mb": 135.1640625,
                "cpu_percent": 57.3,
                "timestamp": 1778834520.4484298
            },
            {
                "memory_mb": 135.16796875,
                "cpu_percent": 18.1,
                "timestamp": 1778834521.500051
            },
            {
                "memory_mb": 144.86328125,
                "cpu_percent": 64.9,
                "timestamp": 1778834522.5479014
            },
            {
                "memory_mb": 135.1640625,
                "cpu_percent": 64.7,
                "timestamp": 1778834523.5992453
            },
            {
                "memory_mb": 135.16015625,
                "cpu_percent": 1.0,
                "timestamp": 1778834524.651655
            },
            {
                "memory_mb": 135.16796875,
                "cpu_percent": 66.6,
                "timestamp": 1778834525.7029514
            },
            {
                "memory_mb": 144.859375,
                "cpu_percent": 4.8,
                "timestamp": 1778834526.7542844
            },
            {
                "memory_mb": 134.96875,
                "cpu_percent": 2.9,
                "timestamp": 1778834527.8061616
            },
            {
                "memory_mb": 134.97265625,
                "cpu_percent": 71.3,
                "timestamp": 1778834528.8576274
            },
            {
                "memory_mb": 144.8671875,
                "cpu_percent": 9.5,
                "timestamp": 1778834529.9077895
            },
            {
                "memory_mb": 144.8671875,
                "cpu_percent": 67.8,
                "timestamp": 1778834530.9556425
            },
            {
                "memory_mb": 135.16796875,
                "cpu_percent": 56.0,
                "timestamp": 1778834532.008919
            },
            {
                "memory_mb": 135.171875,
                "cpu_percent": 19.1,
                "timestamp": 1778834533.05584
            },
            {
                "memory_mb": 135.171875,
                "cpu_percent": 49.4,
                "timestamp": 1778834534.107658
            },
            {
                "memory_mb": 135.16796875,
                "cpu_percent": 5.7,
                "timestamp": 1778834535.1558182
            },
            {
                "memory_mb": 135.16796875,
                "cpu_percent": 32.5,
                "timestamp": 1778834536.202159
            },
            {
                "memory_mb": 135.171875,
                "cpu_percent": 40.9,
                "timestamp": 1778834537.254071
            },
            {
                "memory_mb": 144.87109375,
                "cpu_percent": 43.9,
                "timestamp": 1778834538.3020663
            },
            {
                "memory_mb": 144.87109375,
                "cpu_percent": 68.8,
                "timestamp": 1778834539.3488274
            },
            {
                "memory_mb": 134.96875,
                "cpu_percent": 19.0,
                "timestamp": 1778834540.4005885
            },
            {
                "memory_mb": 134.97265625,
                "cpu_percent": 56.3,
                "timestamp": 1778834541.4486423
            },
            {
                "memory_mb": 144.87109375,
                "cpu_percent": 15.2,
                "timestamp": 1778834542.499964
            },
            {
                "memory_mb": 135.171875,
                "cpu_percent": 3.8,
                "timestamp": 1778834543.5521095
            },
            {
                "memory_mb": 135.171875,
                "cpu_percent": 69.7,
                "timestamp": 1778834544.5996737
            },
            {
                "memory_mb": 135.17578125,
                "cpu_percent": 5.7,
                "timestamp": 1778834545.6507344
            },
            {
                "memory_mb": 144.87109375,
                "cpu_percent": 64.7,
                "timestamp": 1778834546.702503
            },
            {
                "memory_mb": 135.171875,
                "cpu_percent": 65.6,
                "timestamp": 1778834547.753948
            },
            {
                "memory_mb": 135.16796875,
                "cpu_percent": 0.0,
                "timestamp": 1778834548.8078058
            },
            {
                "memory_mb": 135.17578125,
                "cpu_percent": 67.5,
                "timestamp": 1778834549.8599145
            },
            {
                "memory_mb": 144.875,
                "cpu_percent": 3.8,
                "timestamp": 1778834550.9121063
            },
            {
                "memory_mb": 134.97265625,
                "cpu_percent": 11.5,
                "timestamp": 1778834551.9597218
            },
            {
                "memory_mb": 134.9765625,
                "cpu_percent": 63.6,
                "timestamp": 1778834553.0126996
            },
            {
                "memory_mb": 144.875,
                "cpu_percent": 21.0,
                "timestamp": 1778834554.0602791
            },
            {
                "memory_mb": 144.875,
                "cpu_percent": 68.7,
                "timestamp": 1778834555.1089523
            },
            {
                "memory_mb": 135.171875,
                "cpu_percent": 43.7,
                "timestamp": 1778834556.1616015
            },
            {
                "memory_mb": 135.17578125,
                "cpu_percent": 31.5,
                "timestamp": 1778834557.2085245
            },
            {
                "memory_mb": 135.17578125,
                "cpu_percent": 38.1,
                "timestamp": 1778834558.2590358
            },
            {
                "memory_mb": 135.17578125,
                "cpu_percent": 4.8,
                "timestamp": 1778834559.3112843
            },
            {
                "memory_mb": 135.17578125,
                "cpu_percent": 45.8,
                "timestamp": 1778834560.3583758
            },
            {
                "memory_mb": 135.1796875,
                "cpu_percent": 29.5,
                "timestamp": 1778834561.4102798
            },
            {
                "memory_mb": 144.87890625,
                "cpu_percent": 56.3,
                "timestamp": 1778834562.4583535
            },
            {
                "memory_mb": 144.8828125,
                "cpu_percent": 67.8,
                "timestamp": 1778834563.504929
            },
            {
                "memory_mb": 134.9765625,
                "cpu_percent": 6.7,
                "timestamp": 1778834564.557454
            },
            {
                "memory_mb": 134.984375,
                "cpu_percent": 66.8,
                "timestamp": 1778834565.605171
            },
            {
                "memory_mb": 144.88671875,
                "cpu_percent": 4.8,
                "timestamp": 1778834566.6565182
            },
            {
                "memory_mb": 135.18359375,
                "cpu_percent": 2.9,
                "timestamp": 1778834567.7076793
            },
            {
                "memory_mb": 135.1796875,
                "cpu_percent": 72.3,
                "timestamp": 1778834568.7588162
            },
            {
                "memory_mb": 135.1875,
                "cpu_percent": 3.8,
                "timestamp": 1778834569.8101952
            },
            {
                "memory_mb": 144.87890625,
                "cpu_percent": 77.0,
                "timestamp": 1778834570.8623693
            },
            {
                "memory_mb": 134.98046875,
                "cpu_percent": 78.9,
                "timestamp": 1778834571.914456
            },
            {
                "memory_mb": 134.984375,
                "cpu_percent": 6.7,
                "timestamp": 1778834572.96097
            },
            {
                "memory_mb": 134.984375,
                "cpu_percent": 61.8,
                "timestamp": 1778834574.0128305
            },
            {
                "memory_mb": 144.890625,
                "cpu_percent": 2.9,
                "timestamp": 1778834575.0647821
            },
            {
                "memory_mb": 135.18359375,
                "cpu_percent": 22.9,
                "timestamp": 1778834576.1115737
            },
            {
                "memory_mb": 135.1875,
                "cpu_percent": 52.4,
                "timestamp": 1778834577.1620805
            },
            {
                "memory_mb": 144.8828125,
                "cpu_percent": 33.4,
                "timestamp": 1778834578.2098815
            },
            {
                "memory_mb": 144.8828125,
                "cpu_percent": 67.6,
                "timestamp": 1778834579.2598536
            },
            {
                "memory_mb": 135.1796875,
                "cpu_percent": 31.4,
                "timestamp": 1778834580.3117678
            },
            {
                "memory_mb": 135.18359375,
                "cpu_percent": 43.9,
                "timestamp": 1778834581.3607705
            },
            {
                "memory_mb": 135.18359375,
                "cpu_percent": 26.6,
                "timestamp": 1778834582.4126704
            },
            {
                "memory_mb": 135.1875,
                "cpu_percent": 3.8,
                "timestamp": 1778834583.4649818
            },
            {
                "memory_mb": 135.1875,
                "cpu_percent": 58.3,
                "timestamp": 1778834584.5121124
            },
            {
                "memory_mb": 135.19140625,
                "cpu_percent": 15.2,
                "timestamp": 1778834585.5642955
            },
            {
                "memory_mb": 144.88671875,
                "cpu_percent": 65.8,
                "timestamp": 1778834586.61259
            },
            {
                "memory_mb": 135.1796875,
                "cpu_percent": 65.9,
                "timestamp": 1778834587.6590638
            },
            {
                "memory_mb": 135.17578125,
                "cpu_percent": 0.0,
                "timestamp": 1778834588.7137353
            },
            {
                "memory_mb": 135.18359375,
                "cpu_percent": 67.6,
                "timestamp": 1778834589.7647526
            },
            {
                "memory_mb": 144.88671875,
                "cpu_percent": 4.8,
                "timestamp": 1778834590.816158
            },
            {
                "memory_mb": 135.1875,
                "cpu_percent": 2.9,
                "timestamp": 1778834591.8681612
            },
            {
                "memory_mb": 135.19140625,
                "cpu_percent": 72.2,
                "timestamp": 1778834592.9212294
            },
            {
                "memory_mb": 144.89453125,
                "cpu_percent": 9.5,
                "timestamp": 1778834593.9713125
            },
            {
                "memory_mb": 144.89453125,
                "cpu_percent": 67.8,
                "timestamp": 1778834595.0182765
            },
            {
                "memory_mb": 135.1875,
                "cpu_percent": 56.0,
                "timestamp": 1778834596.0711098
            },
            {
                "memory_mb": 135.19140625,
                "cpu_percent": 20.1,
                "timestamp": 1778834597.1180508
            },
            {
                "memory_mb": 135.19140625,
                "cpu_percent": 48.5,
                "timestamp": 1778834598.1699202
            },
            {
                "memory_mb": 135.18359375,
                "cpu_percent": 5.7,
                "timestamp": 1778834599.2175844
            },
            {
                "memory_mb": 135.18359375,
                "cpu_percent": 33.4,
                "timestamp": 1778834600.2659824
            },
            {
                "memory_mb": 135.1875,
                "cpu_percent": 39.9,
                "timestamp": 1778834601.3184807
            },
            {
                "memory_mb": 144.89453125,
                "cpu_percent": 45.8,
                "timestamp": 1778834602.3661985
            },
            {
                "memory_mb": 144.89453125,
                "cpu_percent": 67.7,
                "timestamp": 1778834603.4142575
            },
            {
                "memory_mb": 135.19140625,
                "cpu_percent": 19.0,
                "timestamp": 1778834604.4671717
            },
            {
                "memory_mb": 135.1953125,
                "cpu_percent": 56.3,
                "timestamp": 1778834605.514694
            },
            {
                "memory_mb": 144.89453125,
                "cpu_percent": 14.3,
                "timestamp": 1778834606.566834
            },
            {
                "memory_mb": 135.19140625,
                "cpu_percent": 2.9,
                "timestamp": 1778834607.6191235
            },
            {
                "memory_mb": 135.19140625,
                "cpu_percent": 70.7,
                "timestamp": 1778834608.666376
            },
            {
                "memory_mb": 135.1953125,
                "cpu_percent": 5.7,
                "timestamp": 1778834609.7200158
            },
            {
                "memory_mb": 144.89453125,
                "cpu_percent": 66.5,
                "timestamp": 1778834610.7724223
            },
            {
                "memory_mb": 135.1875,
                "cpu_percent": 65.5,
                "timestamp": 1778834611.8257127
            },
            {
                "memory_mb": 135.18359375,
                "cpu_percent": 1.0,
                "timestamp": 1778834612.8778768
            },
            {
                "memory_mb": 135.19140625,
                "cpu_percent": 65.6,
                "timestamp": 1778834613.9297864
            },
            {
                "memory_mb": 144.8984375,
                "cpu_percent": 3.8,
                "timestamp": 1778834614.9816005
            },
            {
                "memory_mb": 135.1953125,
                "cpu_percent": 11.5,
                "timestamp": 1778834616.028949
            },
            {
                "memory_mb": 135.19921875,
                "cpu_percent": 64.6,
                "timestamp": 1778834617.0813174
            },
            {
                "memory_mb": 144.8984375,
                "cpu_percent": 22.0,
                "timestamp": 1778834618.1287916
            },
            {
                "memory_mb": 144.8984375,
                "cpu_percent": 67.8,
                "timestamp": 1778834619.1761384
            },
            {
                "memory_mb": 135.1875,
                "cpu_percent": 42.8,
                "timestamp": 1778834620.2283266
            },
            {
                "memory_mb": 135.19140625,
                "cpu_percent": 32.5,
                "timestamp": 1778834621.274985
            },
            {
                "memory_mb": 135.19140625,
                "cpu_percent": 38.1,
                "timestamp": 1778834622.325939
            },
            {
                "memory_mb": 135.1953125,
                "cpu_percent": 5.7,
                "timestamp": 1778834623.3783367
            },
            {
                "memory_mb": 135.1953125,
                "cpu_percent": 45.8,
                "timestamp": 1778834624.4257774
            },
            {
                "memory_mb": 135.19921875,
                "cpu_percent": 24.7,
                "timestamp": 1778834625.4785109
            },
            {
                "memory_mb": 144.8984375,
                "cpu_percent": 57.3,
                "timestamp": 1778834626.5263317
            },
            {
                "memory_mb": 144.8984375,
                "cpu_percent": 67.8,
                "timestamp": 1778834627.5731175
            },
            {
                "memory_mb": 135.19140625,
                "cpu_percent": 5.7,
                "timestamp": 1778834628.6253104
            },
            {
                "memory_mb": 135.19921875,
                "cpu_percent": 66.8,
                "timestamp": 1778834629.6726844
            },
            {
                "memory_mb": 144.89453125,
                "cpu_percent": 5.7,
                "timestamp": 1778834630.7237945
            },
            {
                "memory_mb": 135.19921875,
                "cpu_percent": 2.9,
                "timestamp": 1778834631.7759168
            },
            {
                "memory_mb": 135.1953125,
                "cpu_percent": 65.6,
                "timestamp": 1778834632.828228
            },
            {
                "memory_mb": 135.203125,
                "cpu_percent": 3.8,
                "timestamp": 1778834633.8796725
            },
            {
                "memory_mb": 144.90234375,
                "cpu_percent": 64.7,
                "timestamp": 1778834634.931088
            },
            {
                "memory_mb": 144.90625,
                "cpu_percent": 94.6,
                "timestamp": 1778834635.3961828
            }
        ]
    }
}
