{
    "idx_task": 3,
    "task_name": "cpu_intensive",
    "duration_into_wraps": 1.67,
    "data": {
        "ppid": 314913,
        "voluntary_ctxt_switches": 1,
        "nonvoluntary_ctxt_switches": 6,
        "delta_jiffies": 67,
        "delta_time": 1.6732,
        "cpu_load": 40.04,
        "memory_mib": 0.05859375
    },
    "timestamp": 1775736443.438262
}
{
    "idx_task": 7,
    "task_name": "cpu_intensive",
    "duration_into_wraps": 1.7,
    "data": {
        "ppid": 314913,
        "voluntary_ctxt_switches": 1,
        "nonvoluntary_ctxt_switches": 26,
        "delta_jiffies": 70,
        "delta_time": 1.7004,
        "cpu_load": 41.17,
        "memory_mib": 0.0
    },
    "timestamp": 1775736445.1450357
}
{
    "idx_task": 12,
    "task_name": "cpu_intensive",
    "duration_into_wraps": 1.62,
    "data": {
        "ppid": 314913,
        "voluntary_ctxt_switches": 1,
        "nonvoluntary_ctxt_switches": 7,
        "delta_jiffies": 62,
        "delta_time": 1.6155,
        "cpu_load": 38.38,
        "memory_mib": 0.01171875
    },
    "timestamp": 1775736446.765009
}
{
    "idx_task": 16,
    "task_name": "cpu_intensive",
    "duration_into_wraps": 1.63,
    "data": {
        "ppid": 314913,
        "voluntary_ctxt_switches": 1,
        "nonvoluntary_ctxt_switches": 4,
        "delta_jiffies": 63,
        "delta_time": 1.631,
        "cpu_load": 38.63,
        "memory_mib": 0.0
    },
    "timestamp": 1775736448.4006462
}
{
    "idx_task": 20,
    "task_name": "cpu_intensive",
    "duration_into_wraps": 1.6,
    "data": {
        "ppid": 314913,
        "voluntary_ctxt_switches": 1,
        "nonvoluntary_ctxt_switches": 3,
        "delta_jiffies": 60,
        "delta_time": 1.6004,
        "cpu_load": 37.49,
        "memory_mib": 0.0
    },
    "timestamp": 1775736450.004525
}
{
    "idx_task": 24,
    "task_name": "cpu_intensive",
    "duration_into_wraps": 1.62,
    "data": {
        "ppid": 314913,
        "voluntary_ctxt_switches": 1,
        "nonvoluntary_ctxt_switches": 0,
        "delta_jiffies": 61,
        "delta_time": 1.6221,
        "cpu_load": 37.61,
        "memory_mib": 0.0
    },
    "timestamp": 1775736451.6304572
}
{
    "idx_task": 25,
    "task_name": "cpu_intensive",
    "duration_into_wraps": 1.63,
    "data": {
        "ppid": 314913,
        "voluntary_ctxt_switches": 1,
        "nonvoluntary_ctxt_switches": 9,
        "delta_jiffies": 63,
        "delta_time": 1.6231,
        "cpu_load": 38.81,
        "memory_mib": 0.0
    },
    "timestamp": 1775736453.2589252
}
{
    "idx_task": 30,
    "task_name": "cpu_intensive",
    "duration_into_wraps": 1.6,
    "data": {
        "ppid": 314913,
        "voluntary_ctxt_switches": 1,
        "nonvoluntary_ctxt_switches": 2,
        "delta_jiffies": 59,
        "delta_time": 1.5968,
        "cpu_load": 36.95,
        "memory_mib": 0.00390625
    },
    "timestamp": 1775736454.860333
}
{
    "idx_task": 33,
    "task_name": "cpu_intensive",
    "duration_into_wraps": 1.77,
    "data": {
        "ppid": 314913,
        "voluntary_ctxt_switches": 1,
        "nonvoluntary_ctxt_switches": 13,
        "delta_jiffies": 76,
        "delta_time": 1.7715,
        "cpu_load": 42.9,
        "memory_mib": 0.0
    },
    "timestamp": 1775736456.636595
}
{
    "idx_task": 37,
    "task_name": "cpu_intensive",
    "duration_into_wraps": 1.61,
    "data": {
        "ppid": 314913,
        "voluntary_ctxt_switches": 1,
        "nonvoluntary_ctxt_switches": 14,
        "delta_jiffies": 61,
        "delta_time": 1.6026,
        "cpu_load": 38.06,
        "memory_mib": 0.0
    },
    "timestamp": 1775736458.2448997
}
{
    "idx_task": 41,
    "task_name": "cpu_intensive",
    "duration_into_wraps": 1.64,
    "data": {
        "ppid": 314913,
        "voluntary_ctxt_switches": 1,
        "nonvoluntary_ctxt_switches": 5,
        "delta_jiffies": 63,
        "delta_time": 1.6349,
        "cpu_load": 38.53,
        "memory_mib": 0.0
    },
    "timestamp": 1775736459.8846092
}
{
    "idx_task": 45,
    "task_name": "cpu_intensive",
    "duration_into_wraps": 1.82,
    "data": {
        "ppid": 314913,
        "voluntary_ctxt_switches": 1,
        "nonvoluntary_ctxt_switches": 17,
        "delta_jiffies": 82,
        "delta_time": 1.8129,
        "cpu_load": 45.23,
        "memory_mib": 0.0
    },
    "timestamp": 1775736461.7019382
}
{
    "idx_task": 51,
    "task_name": "cpu_intensive",
    "duration_into_wraps": 1.61,
    "data": {
        "ppid": 314913,
        "voluntary_ctxt_switches": 1,
        "nonvoluntary_ctxt_switches": 35,
        "delta_jiffies": 60,
        "delta_time": 1.603,
        "cpu_load": 37.43,
        "memory_mib": 0.0
    },
    "timestamp": 1775736463.3091295
}
{
    "idx_task": 54,
    "task_name": "cpu_intensive",
    "duration_into_wraps": 1.63,
    "data": {
        "ppid": 314913,
        "voluntary_ctxt_switches": 1,
        "nonvoluntary_ctxt_switches": 63,
        "delta_jiffies": 64,
        "delta_time": 1.6311,
        "cpu_load": 39.24,
        "memory_mib": 0.00390625
    },
    "timestamp": 1775736464.9454536
}
{
    "idx_task": 58,
    "task_name": "cpu_intensive",
    "duration_into_wraps": 1.61,
    "data": {
        "ppid": 314913,
        "voluntary_ctxt_switches": 1,
        "nonvoluntary_ctxt_switches": 42,
        "delta_jiffies": 60,
        "delta_time": 1.6028,
        "cpu_load": 37.43,
        "memory_mib": 0.0
    },
    "timestamp": 1775736466.5531054
}
{
    "idx_task": 62,
    "task_name": "cpu_intensive",
    "duration_into_wraps": 1.62,
    "data": {
        "ppid": 314913,
        "voluntary_ctxt_switches": 1,
        "nonvoluntary_ctxt_switches": 18,
        "delta_jiffies": 62,
        "delta_time": 1.6156,
        "cpu_load": 38.38,
        "memory_mib": 0.0
    },
    "timestamp": 1775736468.1730812
}
{
    "idx_task": 65,
    "task_name": "cpu_intensive",
    "duration_into_wraps": 1.62,
    "data": {
        "ppid": 314913,
        "voluntary_ctxt_switches": 1,
        "nonvoluntary_ctxt_switches": 7,
        "delta_jiffies": 62,
        "delta_time": 1.6166,
        "cpu_load": 38.35,
        "memory_mib": 0.0
    },
    "timestamp": 1775736469.7940211
}
{
    "idx_task": 69,
    "task_name": "cpu_intensive",
    "duration_into_wraps": 1.65,
    "data": {
        "ppid": 314913,
        "voluntary_ctxt_switches": 1,
        "nonvoluntary_ctxt_switches": 3,
        "delta_jiffies": 65,
        "delta_time": 1.6485,
        "cpu_load": 39.43,
        "memory_mib": 0.0
    },
    "timestamp": 1775736471.447506
}
{
    "idx_task": 73,
    "task_name": "cpu_intensive",
    "duration_into_wraps": 1.61,
    "data": {
        "ppid": 314913,
        "voluntary_ctxt_switches": 1,
        "nonvoluntary_ctxt_switches": 9,
        "delta_jiffies": 61,
        "delta_time": 1.6034,
        "cpu_load": 38.04,
        "memory_mib": 0.0
    },
    "timestamp": 1775736473.0552478
}
{
    "idx_task": 77,
    "task_name": "cpu_intensive",
    "duration_into_wraps": 1.6,
    "data": {
        "ppid": 314913,
        "voluntary_ctxt_switches": 1,
        "nonvoluntary_ctxt_switches": 49,
        "delta_jiffies": 60,
        "delta_time": 1.6005,
        "cpu_load": 37.49,
        "memory_mib": 0.0
    },
    "timestamp": 1775736474.660692
}
{
    "idx_task": 81,
    "task_name": "cpu_intensive",
    "duration_into_wraps": 1.69,
    "data": {
        "ppid": 314913,
        "voluntary_ctxt_switches": 1,
        "nonvoluntary_ctxt_switches": 50,
        "delta_jiffies": 69,
        "delta_time": 1.6847,
        "cpu_load": 40.96,
        "memory_mib": 0.0
    },
    "timestamp": 1775736476.3495872
}
{
    "idx_task": 85,
    "task_name": "cpu_intensive",
    "duration_into_wraps": 1.63,
    "data": {
        "ppid": 314913,
        "voluntary_ctxt_switches": 1,
        "nonvoluntary_ctxt_switches": 53,
        "delta_jiffies": 62,
        "delta_time": 1.6227,
        "cpu_load": 38.21,
        "memory_mib": 0.00390625
    },
    "timestamp": 1775736477.976918
}
{
    "idx_task": 89,
    "task_name": "cpu_intensive",
    "duration_into_wraps": 1.62,
    "data": {
        "ppid": 314913,
        "voluntary_ctxt_switches": 1,
        "nonvoluntary_ctxt_switches": 2,
        "delta_jiffies": 62,
        "delta_time": 1.6138000000000001,
        "cpu_load": 38.42,
        "memory_mib": 0.0
    },
    "timestamp": 1775736479.5960069
}
{
    "idx_task": 93,
    "task_name": "cpu_intensive",
    "duration_into_wraps": 1.62,
    "data": {
        "ppid": 314913,
        "voluntary_ctxt_switches": 1,
        "nonvoluntary_ctxt_switches": 9,
        "delta_jiffies": 62,
        "delta_time": 1.6149,
        "cpu_load": 38.39,
        "memory_mib": 0.0
    },
    "timestamp": 1775736481.216552
}
{
    "idx_task": 97,
    "task_name": "cpu_intensive",
    "duration_into_wraps": 1.6,
    "data": {
        "ppid": 314913,
        "voluntary_ctxt_switches": 1,
        "nonvoluntary_ctxt_switches": 8,
        "delta_jiffies": 60,
        "delta_time": 1.5970000000000002,
        "cpu_load": 37.57,
        "memory_mib": 0.0
    },
    "timestamp": 1775736482.8194482
}
{
    "idx_task": 101,
    "task_name": "cpu_intensive",
    "duration_into_wraps": 1.59,
    "data": {
        "ppid": 314913,
        "voluntary_ctxt_switches": 1,
        "nonvoluntary_ctxt_switches": 3,
        "delta_jiffies": 59,
        "delta_time": 1.5914,
        "cpu_load": 37.07,
        "memory_mib": 0.0
    },
    "timestamp": 1775736484.4152935
}
{
    "idx_task": 105,
    "task_name": "cpu_intensive",
    "duration_into_wraps": 1.6,
    "data": {
        "ppid": 314913,
        "voluntary_ctxt_switches": 1,
        "nonvoluntary_ctxt_switches": 2,
        "delta_jiffies": 60,
        "delta_time": 1.5942,
        "cpu_load": 37.64,
        "memory_mib": 0.0
    },
    "timestamp": 1775736486.0148132
}
{
    "idx_task": 109,
    "task_name": "cpu_intensive",
    "duration_into_wraps": 1.59,
    "data": {
        "ppid": 314913,
        "voluntary_ctxt_switches": 1,
        "nonvoluntary_ctxt_switches": 2,
        "delta_jiffies": 60,
        "delta_time": 1.5893,
        "cpu_load": 37.75,
        "memory_mib": 0.0
    },
    "timestamp": 1775736487.6082938
}
{
    "idx_task": 113,
    "task_name": "cpu_intensive",
    "duration_into_wraps": 1.66,
    "data": {
        "ppid": 314913,
        "voluntary_ctxt_switches": 1,
        "nonvoluntary_ctxt_switches": 4,
        "delta_jiffies": 66,
        "delta_time": 1.6608,
        "cpu_load": 39.74,
        "memory_mib": 0.0
    },
    "timestamp": 1775736489.2737262
}
{
    "idx_task": 117,
    "task_name": "cpu_intensive",
    "duration_into_wraps": 1.66,
    "data": {
        "ppid": 314913,
        "voluntary_ctxt_switches": 1,
        "nonvoluntary_ctxt_switches": 3,
        "delta_jiffies": 66,
        "delta_time": 1.6592,
        "cpu_load": 39.78,
        "memory_mib": 0.0
    },
    "timestamp": 1775736490.9382906
}
{
    "idx_task": 121,
    "task_name": "cpu_intensive",
    "duration_into_wraps": 1.74,
    "data": {
        "ppid": 314913,
        "voluntary_ctxt_switches": 1,
        "nonvoluntary_ctxt_switches": 11,
        "delta_jiffies": 72,
        "delta_time": 1.7351,
        "cpu_load": 41.5,
        "memory_mib": 0.0
    },
    "timestamp": 1775736492.6791184
}
{
    "idx_task": 125,
    "task_name": "cpu_intensive",
    "duration_into_wraps": 1.77,
    "data": {
        "ppid": 314913,
        "voluntary_ctxt_switches": 1,
        "nonvoluntary_ctxt_switches": 16,
        "delta_jiffies": 77,
        "delta_time": 1.7678,
        "cpu_load": 43.56,
        "memory_mib": 0.0
    },
    "timestamp": 1775736494.452728
}
{
    "idx_task": 129,
    "task_name": "cpu_intensive",
    "duration_into_wraps": 1.7,
    "data": {
        "ppid": 314913,
        "voluntary_ctxt_switches": 1,
        "nonvoluntary_ctxt_switches": 3,
        "delta_jiffies": 70,
        "delta_time": 1.6948,
        "cpu_load": 41.3,
        "memory_mib": 0.0
    },
    "timestamp": 1775736496.1521375
}
{
    "idx_task": 133,
    "task_name": "cpu_intensive",
    "duration_into_wraps": 1.65,
    "data": {
        "ppid": 314913,
        "voluntary_ctxt_switches": 1,
        "nonvoluntary_ctxt_switches": 15,
        "delta_jiffies": 65,
        "delta_time": 1.6471,
        "cpu_load": 39.46,
        "memory_mib": 0.0
    },
    "timestamp": 1775736497.804228
}
{
    "idx_task": 137,
    "task_name": "cpu_intensive",
    "duration_into_wraps": 1.62,
    "data": {
        "ppid": 314913,
        "voluntary_ctxt_switches": 1,
        "nonvoluntary_ctxt_switches": 50,
        "delta_jiffies": 62,
        "delta_time": 1.6185,
        "cpu_load": 38.31,
        "memory_mib": 0.0
    },
    "timestamp": 1775736499.4273415
}
{
    "idx_task": 141,
    "task_name": "cpu_intensive",
    "duration_into_wraps": 1.63,
    "data": {
        "ppid": 314913,
        "voluntary_ctxt_switches": 1,
        "nonvoluntary_ctxt_switches": 17,
        "delta_jiffies": 63,
        "delta_time": 1.6247,
        "cpu_load": 38.78,
        "memory_mib": 0.0
    },
    "timestamp": 1775736501.057592
}
{
    "idx_task": 145,
    "task_name": "cpu_intensive",
    "duration_into_wraps": 1.72,
    "data": {
        "ppid": 314913,
        "voluntary_ctxt_switches": 1,
        "nonvoluntary_ctxt_switches": 30,
        "delta_jiffies": 72,
        "delta_time": 1.7149,
        "cpu_load": 41.98,
        "memory_mib": 0.0
    },
    "timestamp": 1775736502.7844753
}
{
    "idx_task": 149,
    "task_name": "cpu_intensive",
    "duration_into_wraps": 1.6,
    "data": {
        "ppid": 314913,
        "voluntary_ctxt_switches": 1,
        "nonvoluntary_ctxt_switches": 36,
        "delta_jiffies": 60,
        "delta_time": 1.5937,
        "cpu_load": 37.65,
        "memory_mib": 0.0
    },
    "timestamp": 1775736504.3853471
}
{
    "idx_task": 153,
    "task_name": "cpu_intensive",
    "duration_into_wraps": 1.6,
    "data": {
        "ppid": 314913,
        "voluntary_ctxt_switches": 1,
        "nonvoluntary_ctxt_switches": 33,
        "delta_jiffies": 59,
        "delta_time": 1.5978,
        "cpu_load": 36.93,
        "memory_mib": 0.0
    },
    "timestamp": 1775736505.989095
}
{
    "idx_task": 157,
    "task_name": "cpu_intensive",
    "duration_into_wraps": 1.6,
    "data": {
        "ppid": 314913,
        "voluntary_ctxt_switches": 1,
        "nonvoluntary_ctxt_switches": 40,
        "delta_jiffies": 60,
        "delta_time": 1.6018,
        "cpu_load": 37.46,
        "memory_mib": 0.0
    },
    "timestamp": 1775736507.5949419
}
{
    "idx_task": 161,
    "task_name": "cpu_intensive",
    "duration_into_wraps": 1.6,
    "data": {
        "ppid": 314913,
        "voluntary_ctxt_switches": 1,
        "nonvoluntary_ctxt_switches": 36,
        "delta_jiffies": 60,
        "delta_time": 1.5955,
        "cpu_load": 37.61,
        "memory_mib": 0.0
    },
    "timestamp": 1775736509.1946888
}
{
    "idx_task": 165,
    "task_name": "cpu_intensive",
    "duration_into_wraps": 1.6,
    "data": {
        "ppid": 314913,
        "voluntary_ctxt_switches": 1,
        "nonvoluntary_ctxt_switches": 20,
        "delta_jiffies": 59,
        "delta_time": 1.5954000000000002,
        "cpu_load": 36.98,
        "memory_mib": 0.0
    },
    "timestamp": 1775736510.79551
}
{
    "idx_task": 169,
    "task_name": "cpu_intensive",
    "duration_into_wraps": 1.6,
    "data": {
        "ppid": 314913,
        "voluntary_ctxt_switches": 1,
        "nonvoluntary_ctxt_switches": 35,
        "delta_jiffies": 58,
        "delta_time": 1.5966,
        "cpu_load": 36.33,
        "memory_mib": 0.00390625
    },
    "timestamp": 1775736512.396286
}
{
    "idx_task": 173,
    "task_name": "cpu_intensive",
    "duration_into_wraps": 1.62,
    "data": {
        "ppid": 314913,
        "voluntary_ctxt_switches": 1,
        "nonvoluntary_ctxt_switches": 42,
        "delta_jiffies": 63,
        "delta_time": 1.6225,
        "cpu_load": 38.83,
        "memory_mib": 0.0
    },
    "timestamp": 1775736514.0235033
}
{
    "idx_task": 177,
    "task_name": "cpu_intensive",
    "duration_into_wraps": 1.62,
    "data": {
        "ppid": 314913,
        "voluntary_ctxt_switches": 1,
        "nonvoluntary_ctxt_switches": 2,
        "delta_jiffies": 62,
        "delta_time": 1.6134000000000002,
        "cpu_load": 38.43,
        "memory_mib": 0.0
    },
    "timestamp": 1775736515.6426392
}
{
    "idx_task": 181,
    "task_name": "cpu_intensive",
    "duration_into_wraps": 1.62,
    "data": {
        "ppid": 314913,
        "voluntary_ctxt_switches": 1,
        "nonvoluntary_ctxt_switches": 2,
        "delta_jiffies": 61,
        "delta_time": 1.6142,
        "cpu_load": 37.79,
        "memory_mib": 0.0
    },
    "timestamp": 1775736517.261204
}
{
    "idx_task": 185,
    "task_name": "cpu_intensive",
    "duration_into_wraps": 1.59,
    "data": {
        "ppid": 314913,
        "voluntary_ctxt_switches": 1,
        "nonvoluntary_ctxt_switches": 3,
        "delta_jiffies": 60,
        "delta_time": 1.5905,
        "cpu_load": 37.72,
        "memory_mib": 0.0
    },
    "timestamp": 1775736518.8573673
}
{
    "idx_task": 189,
    "task_name": "cpu_intensive",
    "duration_into_wraps": 1.6,
    "data": {
        "ppid": 314913,
        "voluntary_ctxt_switches": 1,
        "nonvoluntary_ctxt_switches": 2,
        "delta_jiffies": 59,
        "delta_time": 1.5921,
        "cpu_load": 37.06,
        "memory_mib": 0.0
    },
    "timestamp": 1775736520.455498
}
{
    "idx_task": 193,
    "task_name": "cpu_intensive",
    "duration_into_wraps": 1.61,
    "data": {
        "ppid": 314913,
        "voluntary_ctxt_switches": 1,
        "nonvoluntary_ctxt_switches": 4,
        "delta_jiffies": 61,
        "delta_time": 1.6076000000000001,
        "cpu_load": 37.94,
        "memory_mib": 0.0
    },
    "timestamp": 1775736522.0679076
}
{
    "idx_task": 197,
    "task_name": "cpu_intensive",
    "duration_into_wraps": 1.59,
    "data": {
        "ppid": 314913,
        "voluntary_ctxt_switches": 1,
        "nonvoluntary_ctxt_switches": 19,
        "delta_jiffies": 57,
        "delta_time": 1.586,
        "cpu_load": 35.94,
        "memory_mib": 0.0
    },
    "timestamp": 1775736523.6597092
}
{
    "idx_task": 201,
    "task_name": "cpu_intensive",
    "duration_into_wraps": 1.6,
    "data": {
        "ppid": 314913,
        "voluntary_ctxt_switches": 1,
        "nonvoluntary_ctxt_switches": 25,
        "delta_jiffies": 60,
        "delta_time": 1.5979,
        "cpu_load": 37.55,
        "memory_mib": 0.0
    },
    "timestamp": 1775736525.2630599
}
{
    "idx_task": 205,
    "task_name": "cpu_intensive",
    "duration_into_wraps": 1.62,
    "data": {
        "ppid": 314913,
        "voluntary_ctxt_switches": 1,
        "nonvoluntary_ctxt_switches": 2,
        "delta_jiffies": 60,
        "delta_time": 1.6125,
        "cpu_load": 37.21,
        "memory_mib": 0.0
    },
    "timestamp": 1775736526.8807378
}
{
    "idx_task": 209,
    "task_name": "cpu_intensive",
    "duration_into_wraps": 1.61,
    "data": {
        "ppid": 314913,
        "voluntary_ctxt_switches": 1,
        "nonvoluntary_ctxt_switches": 35,
        "delta_jiffies": 61,
        "delta_time": 1.6043,
        "cpu_load": 38.02,
        "memory_mib": 0.00390625
    },
    "timestamp": 1775736528.4900339
}
{
    "idx_task": 213,
    "task_name": "cpu_intensive",
    "duration_into_wraps": 1.6,
    "data": {
        "ppid": 314913,
        "voluntary_ctxt_switches": 1,
        "nonvoluntary_ctxt_switches": 29,
        "delta_jiffies": 59,
        "delta_time": 1.5922,
        "cpu_load": 37.06,
        "memory_mib": 0.0
    },
    "timestamp": 1775736530.0882328
}
{
    "idx_task": 217,
    "task_name": "cpu_intensive",
    "duration_into_wraps": 1.6,
    "data": {
        "ppid": 314913,
        "voluntary_ctxt_switches": 1,
        "nonvoluntary_ctxt_switches": 3,
        "delta_jiffies": 60,
        "delta_time": 1.5949,
        "cpu_load": 37.62,
        "memory_mib": 0.0
    },
    "timestamp": 1775736531.6877673
}
{
    "idx_task": 221,
    "task_name": "cpu_intensive",
    "duration_into_wraps": 1.64,
    "data": {
        "ppid": 314913,
        "voluntary_ctxt_switches": 1,
        "nonvoluntary_ctxt_switches": 6,
        "delta_jiffies": 64,
        "delta_time": 1.6376,
        "cpu_load": 39.08,
        "memory_mib": 0.0
    },
    "timestamp": 1775736533.3293688
}
{
    "idx_task": 225,
    "task_name": "cpu_intensive",
    "duration_into_wraps": 1.6,
    "data": {
        "ppid": 314913,
        "voluntary_ctxt_switches": 1,
        "nonvoluntary_ctxt_switches": 4,
        "delta_jiffies": 60,
        "delta_time": 1.5947,
        "cpu_load": 37.62,
        "memory_mib": 0.0
    },
    "timestamp": 1775736534.9288316
}
{
    "idx_task": 229,
    "task_name": "cpu_intensive",
    "duration_into_wraps": 1.59,
    "data": {
        "ppid": 314913,
        "voluntary_ctxt_switches": 1,
        "nonvoluntary_ctxt_switches": 2,
        "delta_jiffies": 59,
        "delta_time": 1.5907,
        "cpu_load": 37.09,
        "memory_mib": 0.0
    },
    "timestamp": 1775736536.5231993
}
{
    "idx_task": 233,
    "task_name": "cpu_intensive",
    "duration_into_wraps": 1.59,
    "data": {
        "ppid": 314913,
        "voluntary_ctxt_switches": 1,
        "nonvoluntary_ctxt_switches": 6,
        "delta_jiffies": 59,
        "delta_time": 1.5866,
        "cpu_load": 37.19,
        "memory_mib": 0.0
    },
    "timestamp": 1775736538.1146774
}
{
    "idx_task": 237,
    "task_name": "cpu_intensive",
    "duration_into_wraps": 1.6,
    "data": {
        "ppid": 314913,
        "voluntary_ctxt_switches": 1,
        "nonvoluntary_ctxt_switches": 6,
        "delta_jiffies": 60,
        "delta_time": 1.5941,
        "cpu_load": 37.64,
        "memory_mib": 0.0
    },
    "timestamp": 1775736539.7132704
}
{
    "idx_task": 241,
    "task_name": "cpu_intensive",
    "duration_into_wraps": 1.58,
    "data": {
        "ppid": 314913,
        "voluntary_ctxt_switches": 1,
        "nonvoluntary_ctxt_switches": 2,
        "delta_jiffies": 58,
        "delta_time": 1.5824,
        "cpu_load": 36.65,
        "memory_mib": 0.0
    },
    "timestamp": 1775736541.3008158
}
{
    "idx_task": 245,
    "task_name": "cpu_intensive",
    "duration_into_wraps": 1.59,
    "data": {
        "ppid": 314913,
        "voluntary_ctxt_switches": 1,
        "nonvoluntary_ctxt_switches": 4,
        "delta_jiffies": 59,
        "delta_time": 1.5866,
        "cpu_load": 37.19,
        "memory_mib": 0.0
    },
    "timestamp": 1775736542.8918529
}
{
    "idx_task": 249,
    "task_name": "cpu_intensive",
    "duration_into_wraps": 1.59,
    "data": {
        "ppid": 314913,
        "voluntary_ctxt_switches": 1,
        "nonvoluntary_ctxt_switches": 3,
        "delta_jiffies": 59,
        "delta_time": 1.5837,
        "cpu_load": 37.25,
        "memory_mib": 0.00390625
    },
    "timestamp": 1775736544.4799602
}
{
    "idx_task": 253,
    "task_name": "cpu_intensive",
    "duration_into_wraps": 1.59,
    "data": {
        "ppid": 314913,
        "voluntary_ctxt_switches": 1,
        "nonvoluntary_ctxt_switches": 2,
        "delta_jiffies": 58,
        "delta_time": 1.5861,
        "cpu_load": 36.57,
        "memory_mib": 0.0
    },
    "timestamp": 1775736546.070208
}
{
    "idx_task": 257,
    "task_name": "cpu_intensive",
    "duration_into_wraps": 1.61,
    "data": {
        "ppid": 314913,
        "voluntary_ctxt_switches": 1,
        "nonvoluntary_ctxt_switches": 10,
        "delta_jiffies": 61,
        "delta_time": 1.6068,
        "cpu_load": 37.96,
        "memory_mib": 0.0
    },
    "timestamp": 1775736547.6806247
}
{
    "idx_task": 261,
    "task_name": "cpu_intensive",
    "duration_into_wraps": 1.59,
    "data": {
        "ppid": 314913,
        "voluntary_ctxt_switches": 1,
        "nonvoluntary_ctxt_switches": 0,
        "delta_jiffies": 60,
        "delta_time": 1.5899,
        "cpu_load": 37.74,
        "memory_mib": 0.0
    },
    "timestamp": 1775736549.2744987
}
{
    "idx_task": 265,
    "task_name": "cpu_intensive",
    "duration_into_wraps": 1.62,
    "data": {
        "ppid": 314913,
        "voluntary_ctxt_switches": 1,
        "nonvoluntary_ctxt_switches": 2,
        "delta_jiffies": 61,
        "delta_time": 1.614,
        "cpu_load": 37.79,
        "memory_mib": 0.0
    },
    "timestamp": 1775736550.8930423
}
{
    "idx_task": 269,
    "task_name": "cpu_intensive",
    "duration_into_wraps": 1.62,
    "data": {
        "ppid": 314913,
        "voluntary_ctxt_switches": 1,
        "nonvoluntary_ctxt_switches": 7,
        "delta_jiffies": 62,
        "delta_time": 1.6195000000000002,
        "cpu_load": 38.28,
        "memory_mib": 0.0
    },
    "timestamp": 1775736552.5176113
}
{
    "idx_task": 273,
    "task_name": "cpu_intensive",
    "duration_into_wraps": 1.64,
    "data": {
        "ppid": 314913,
        "voluntary_ctxt_switches": 1,
        "nonvoluntary_ctxt_switches": 28,
        "delta_jiffies": 65,
        "delta_time": 1.6421000000000001,
        "cpu_load": 39.58,
        "memory_mib": 0.00390625
    },
    "timestamp": 1775736554.1645882
}
{
    "idx_task": 277,
    "task_name": "cpu_intensive",
    "duration_into_wraps": 1.65,
    "data": {
        "ppid": 314913,
        "voluntary_ctxt_switches": 1,
        "nonvoluntary_ctxt_switches": 23,
        "delta_jiffies": 63,
        "delta_time": 1.6428,
        "cpu_load": 38.35,
        "memory_mib": 0.0
    },
    "timestamp": 1775736555.8125281
}
{
    "idx_task": 281,
    "task_name": "cpu_intensive",
    "duration_into_wraps": 1.61,
    "data": {
        "ppid": 314913,
        "voluntary_ctxt_switches": 1,
        "nonvoluntary_ctxt_switches": 37,
        "delta_jiffies": 61,
        "delta_time": 1.6092,
        "cpu_load": 37.91,
        "memory_mib": 0.0
    },
    "timestamp": 1775736557.4268248
}
{
    "idx_task": 285,
    "task_name": "cpu_intensive",
    "duration_into_wraps": 1.61,
    "data": {
        "ppid": 314913,
        "voluntary_ctxt_switches": 1,
        "nonvoluntary_ctxt_switches": 34,
        "delta_jiffies": 60,
        "delta_time": 1.6077000000000001,
        "cpu_load": 37.32,
        "memory_mib": 0.0
    },
    "timestamp": 1775736559.039649
}
{
    "idx_task": 289,
    "task_name": "cpu_intensive",
    "duration_into_wraps": 1.7,
    "data": {
        "ppid": 314913,
        "voluntary_ctxt_switches": 1,
        "nonvoluntary_ctxt_switches": 4,
        "delta_jiffies": 70,
        "delta_time": 1.6976,
        "cpu_load": 41.23,
        "memory_mib": 0.0
    },
    "timestamp": 1775736560.7424803
}
{
    "idx_task": 293,
    "task_name": "cpu_intensive",
    "duration_into_wraps": 1.63,
    "data": {
        "ppid": 314913,
        "voluntary_ctxt_switches": 1,
        "nonvoluntary_ctxt_switches": 12,
        "delta_jiffies": 62,
        "delta_time": 1.6234,
        "cpu_load": 38.19,
        "memory_mib": 0.0
    },
    "timestamp": 1775736562.3706446
}
{
    "idx_task": 297,
    "task_name": "cpu_intensive",
    "duration_into_wraps": 1.59,
    "data": {
        "ppid": 314913,
        "voluntary_ctxt_switches": 1,
        "nonvoluntary_ctxt_switches": 2,
        "delta_jiffies": 60,
        "delta_time": 1.59,
        "cpu_load": 37.74,
        "memory_mib": 0.0
    },
    "timestamp": 1775736563.9648194
}
{
    "idx_task": 301,
    "task_name": "cpu_intensive",
    "duration_into_wraps": 1.6,
    "data": {
        "ppid": 314913,
        "voluntary_ctxt_switches": 1,
        "nonvoluntary_ctxt_switches": 29,
        "delta_jiffies": 60,
        "delta_time": 1.5981,
        "cpu_load": 37.54,
        "memory_mib": 0.00390625
    },
    "timestamp": 1775736565.5672696
}
{
    "idx_task": 305,
    "task_name": "cpu_intensive",
    "duration_into_wraps": 1.6,
    "data": {
        "ppid": 314913,
        "voluntary_ctxt_switches": 1,
        "nonvoluntary_ctxt_switches": 18,
        "delta_jiffies": 60,
        "delta_time": 1.5965,
        "cpu_load": 37.58,
        "memory_mib": 0.0
    },
    "timestamp": 1775736567.1675313
}
{
    "idx_task": 309,
    "task_name": "cpu_intensive",
    "duration_into_wraps": 1.61,
    "data": {
        "ppid": 314913,
        "voluntary_ctxt_switches": 1,
        "nonvoluntary_ctxt_switches": 34,
        "delta_jiffies": 61,
        "delta_time": 1.6109,
        "cpu_load": 37.87,
        "memory_mib": 0.0
    },
    "timestamp": 1775736568.7822247
}
{
    "idx_task": 313,
    "task_name": "cpu_intensive",
    "duration_into_wraps": 1.6,
    "data": {
        "ppid": 314913,
        "voluntary_ctxt_switches": 1,
        "nonvoluntary_ctxt_switches": 30,
        "delta_jiffies": 60,
        "delta_time": 1.6027,
        "cpu_load": 37.44,
        "memory_mib": 0.0
    },
    "timestamp": 1775736570.3888497
}
{
    "idx_task": 317,
    "task_name": "cpu_intensive",
    "duration_into_wraps": 1.62,
    "data": {
        "ppid": 314913,
        "voluntary_ctxt_switches": 1,
        "nonvoluntary_ctxt_switches": 6,
        "delta_jiffies": 60,
        "delta_time": 1.6153,
        "cpu_load": 37.14,
        "memory_mib": 0.0
    },
    "timestamp": 1775736572.007741
}
{
    "idx_task": 321,
    "task_name": "cpu_intensive",
    "duration_into_wraps": 1.6,
    "data": {
        "ppid": 314913,
        "voluntary_ctxt_switches": 1,
        "nonvoluntary_ctxt_switches": 16,
        "delta_jiffies": 60,
        "delta_time": 1.5931000000000002,
        "cpu_load": 37.66,
        "memory_mib": 0.0
    },
    "timestamp": 1775736573.6064572
}
{
    "idx_task": 325,
    "task_name": "cpu_intensive",
    "duration_into_wraps": 1.64,
    "data": {
        "ppid": 314913,
        "voluntary_ctxt_switches": 1,
        "nonvoluntary_ctxt_switches": 19,
        "delta_jiffies": 64,
        "delta_time": 1.6356,
        "cpu_load": 39.13,
        "memory_mib": 0.0
    },
    "timestamp": 1775736575.2470722
}
{
    "idx_task": 329,
    "task_name": "cpu_intensive",
    "duration_into_wraps": 1.6,
    "data": {
        "ppid": 314913,
        "voluntary_ctxt_switches": 1,
        "nonvoluntary_ctxt_switches": 5,
        "delta_jiffies": 60,
        "delta_time": 1.5972000000000002,
        "cpu_load": 37.57,
        "memory_mib": 0.0
    },
    "timestamp": 1775736576.8497088
}
{
    "idx_task": 333,
    "task_name": "cpu_intensive",
    "duration_into_wraps": 1.6,
    "data": {
        "ppid": 314913,
        "voluntary_ctxt_switches": 1,
        "nonvoluntary_ctxt_switches": 15,
        "delta_jiffies": 60,
        "delta_time": 1.6,
        "cpu_load": 37.5,
        "memory_mib": 0.0
    },
    "timestamp": 1775736578.4546928
}
{
    "idx_task": 337,
    "task_name": "cpu_intensive",
    "duration_into_wraps": 1.69,
    "data": {
        "ppid": 314913,
        "voluntary_ctxt_switches": 1,
        "nonvoluntary_ctxt_switches": 2,
        "delta_jiffies": 69,
        "delta_time": 1.6921,
        "cpu_load": 40.78,
        "memory_mib": 0.0
    },
    "timestamp": 1775736580.1503685
}
{
    "idx_task": 341,
    "task_name": "cpu_intensive",
    "duration_into_wraps": 1.61,
    "data": {
        "ppid": 314913,
        "voluntary_ctxt_switches": 1,
        "nonvoluntary_ctxt_switches": 1,
        "delta_jiffies": 59,
        "delta_time": 1.604,
        "cpu_load": 36.78,
        "memory_mib": 0.0
    },
    "timestamp": 1775736581.758557
}
{
    "idx_task": 345,
    "task_name": "cpu_intensive",
    "duration_into_wraps": 1.61,
    "data": {
        "ppid": 314913,
        "voluntary_ctxt_switches": 1,
        "nonvoluntary_ctxt_switches": 28,
        "delta_jiffies": 62,
        "delta_time": 1.6124,
        "cpu_load": 38.45,
        "memory_mib": 0.0
    },
    "timestamp": 1775736583.3749845
}
{
    "idx_task": 349,
    "task_name": "cpu_intensive",
    "duration_into_wraps": 1.61,
    "data": {
        "ppid": 314913,
        "voluntary_ctxt_switches": 1,
        "nonvoluntary_ctxt_switches": 10,
        "delta_jiffies": 60,
        "delta_time": 1.604,
        "cpu_load": 37.41,
        "memory_mib": 0.0
    },
    "timestamp": 1775736584.9839814
}
{
    "idx_task": 353,
    "task_name": "cpu_intensive",
    "duration_into_wraps": 1.62,
    "data": {
        "ppid": 314913,
        "voluntary_ctxt_switches": 1,
        "nonvoluntary_ctxt_switches": 2,
        "delta_jiffies": 63,
        "delta_time": 1.6195,
        "cpu_load": 38.9,
        "memory_mib": 0.0
    },
    "timestamp": 1775736586.6098528
}
{
    "idx_task": 357,
    "task_name": "cpu_intensive",
    "duration_into_wraps": 1.64,
    "data": {
        "ppid": 314913,
        "voluntary_ctxt_switches": 1,
        "nonvoluntary_ctxt_switches": 12,
        "delta_jiffies": 64,
        "delta_time": 1.6379,
        "cpu_load": 39.07,
        "memory_mib": 0.0
    },
    "timestamp": 1775736588.2513769
}
{
    "idx_task": 361,
    "task_name": "cpu_intensive",
    "duration_into_wraps": 1.65,
    "data": {
        "ppid": 314913,
        "voluntary_ctxt_switches": 1,
        "nonvoluntary_ctxt_switches": 12,
        "delta_jiffies": 65,
        "delta_time": 1.6460000000000001,
        "cpu_load": 39.49,
        "memory_mib": 0.0
    },
    "timestamp": 1775736589.901801
}
{
    "idx_task": 365,
    "task_name": "cpu_intensive",
    "duration_into_wraps": 1.63,
    "data": {
        "ppid": 314913,
        "voluntary_ctxt_switches": 1,
        "nonvoluntary_ctxt_switches": 0,
        "delta_jiffies": 63,
        "delta_time": 1.6305,
        "cpu_load": 38.64,
        "memory_mib": 0.0
    },
    "timestamp": 1775736591.536997
}
{
    "idx_task": 369,
    "task_name": "cpu_intensive",
    "duration_into_wraps": 1.62,
    "data": {
        "ppid": 314913,
        "voluntary_ctxt_switches": 1,
        "nonvoluntary_ctxt_switches": 19,
        "delta_jiffies": 62,
        "delta_time": 1.6163,
        "cpu_load": 38.36,
        "memory_mib": 0.0
    },
    "timestamp": 1775736593.157878
}
{
    "idx_task": 373,
    "task_name": "cpu_intensive",
    "duration_into_wraps": 1.64,
    "data": {
        "ppid": 314913,
        "voluntary_ctxt_switches": 1,
        "nonvoluntary_ctxt_switches": 3,
        "delta_jiffies": 64,
        "delta_time": 1.6386,
        "cpu_load": 39.06,
        "memory_mib": 0.0
    },
    "timestamp": 1775736594.801489
}
{
    "idx_task": 377,
    "task_name": "cpu_intensive",
    "duration_into_wraps": 1.62,
    "data": {
        "ppid": 314913,
        "voluntary_ctxt_switches": 1,
        "nonvoluntary_ctxt_switches": 4,
        "delta_jiffies": 62,
        "delta_time": 1.6149,
        "cpu_load": 38.39,
        "memory_mib": 0.00390625
    },
    "timestamp": 1775736596.4208398
}
{
    "idx_task": 381,
    "task_name": "cpu_intensive",
    "duration_into_wraps": 1.62,
    "data": {
        "ppid": 314913,
        "voluntary_ctxt_switches": 1,
        "nonvoluntary_ctxt_switches": 3,
        "delta_jiffies": 61,
        "delta_time": 1.6136,
        "cpu_load": 37.8,
        "memory_mib": 0.0
    },
    "timestamp": 1775736598.0387666
}
{
    "idx_task": 385,
    "task_name": "cpu_intensive",
    "duration_into_wraps": 1.61,
    "data": {
        "ppid": 314913,
        "voluntary_ctxt_switches": 1,
        "nonvoluntary_ctxt_switches": 3,
        "delta_jiffies": 61,
        "delta_time": 1.6057000000000001,
        "cpu_load": 37.99,
        "memory_mib": 0.0
    },
    "timestamp": 1775736599.6492488
}
{
    "idx_task": 389,
    "task_name": "cpu_intensive",
    "duration_into_wraps": 1.61,
    "data": {
        "ppid": 314913,
        "voluntary_ctxt_switches": 1,
        "nonvoluntary_ctxt_switches": 8,
        "delta_jiffies": 61,
        "delta_time": 1.6043,
        "cpu_load": 38.02,
        "memory_mib": 0.0
    },
    "timestamp": 1775736601.2585845
}
{
    "idx_task": 393,
    "task_name": "cpu_intensive",
    "duration_into_wraps": 1.68,
    "data": {
        "ppid": 314913,
        "voluntary_ctxt_switches": 1,
        "nonvoluntary_ctxt_switches": 22,
        "delta_jiffies": 68,
        "delta_time": 1.6765999999999999,
        "cpu_load": 40.56,
        "memory_mib": 0.0
    },
    "timestamp": 1775736602.9413354
}
{
    "idx_task": 397,
    "task_name": "cpu_intensive",
    "duration_into_wraps": 1.61,
    "data": {
        "ppid": 314913,
        "voluntary_ctxt_switches": 1,
        "nonvoluntary_ctxt_switches": 2,
        "delta_jiffies": 60,
        "delta_time": 1.6004999999999998,
        "cpu_load": 37.49,
        "memory_mib": 0.0
    },
    "timestamp": 1775736604.5522165
}
{
    "idx_task": 401,
    "task_name": "cpu_intensive",
    "duration_into_wraps": 1.63,
    "data": {
        "ppid": 314913,
        "voluntary_ctxt_switches": 1,
        "nonvoluntary_ctxt_switches": 5,
        "delta_jiffies": 63,
        "delta_time": 1.6257,
        "cpu_load": 38.75,
        "memory_mib": 0.0
    },
    "timestamp": 1775736606.182419
}
{
    "idx_task": 405,
    "task_name": "cpu_intensive",
    "duration_into_wraps": 1.61,
    "data": {
        "ppid": 314913,
        "voluntary_ctxt_switches": 1,
        "nonvoluntary_ctxt_switches": 2,
        "delta_jiffies": 61,
        "delta_time": 1.6088,
        "cpu_load": 37.92,
        "memory_mib": 0.0
    },
    "timestamp": 1775736607.7968197
}
{
    "idx_task": 409,
    "task_name": "cpu_intensive",
    "duration_into_wraps": 1.62,
    "data": {
        "ppid": 314913,
        "voluntary_ctxt_switches": 1,
        "nonvoluntary_ctxt_switches": 5,
        "delta_jiffies": 61,
        "delta_time": 1.6217000000000001,
        "cpu_load": 37.61,
        "memory_mib": 0.0
    },
    "timestamp": 1775736609.4243257
}
{
    "idx_task": 413,
    "task_name": "cpu_intensive",
    "duration_into_wraps": 1.63,
    "data": {
        "ppid": 314913,
        "voluntary_ctxt_switches": 1,
        "nonvoluntary_ctxt_switches": 6,
        "delta_jiffies": 63,
        "delta_time": 1.6313000000000002,
        "cpu_load": 38.62,
        "memory_mib": 0.0
    },
    "timestamp": 1775736611.0612097
}
{
    "idx_task": 417,
    "task_name": "cpu_intensive",
    "duration_into_wraps": 1.61,
    "data": {
        "ppid": 314913,
        "voluntary_ctxt_switches": 1,
        "nonvoluntary_ctxt_switches": 6,
        "delta_jiffies": 59,
        "delta_time": 1.6056000000000001,
        "cpu_load": 36.75,
        "memory_mib": 0.0
    },
    "timestamp": 1775736612.6718898
}
{
    "idx_task": 421,
    "task_name": "cpu_intensive",
    "duration_into_wraps": 1.61,
    "data": {
        "ppid": 314913,
        "voluntary_ctxt_switches": 1,
        "nonvoluntary_ctxt_switches": 8,
        "delta_jiffies": 61,
        "delta_time": 1.6035,
        "cpu_load": 38.04,
        "memory_mib": 0.0
    },
    "timestamp": 1775736614.2796087
}
{
    "idx_task": 424,
    "task_name": "cpu_intensive",
    "duration_into_wraps": 1.6,
    "data": {
        "ppid": 314913,
        "voluntary_ctxt_switches": 1,
        "nonvoluntary_ctxt_switches": 0,
        "delta_jiffies": 60,
        "delta_time": 1.599,
        "cpu_load": 37.52,
        "memory_mib": 0.0
    },
    "timestamp": 1775736615.8835816
}
{
    "idx_task": 428,
    "task_name": "cpu_intensive",
    "duration_into_wraps": 1.64,
    "data": {
        "ppid": 314913,
        "voluntary_ctxt_switches": 1,
        "nonvoluntary_ctxt_switches": 1,
        "delta_jiffies": 64,
        "delta_time": 1.6387,
        "cpu_load": 39.06,
        "memory_mib": 0.0
    },
    "timestamp": 1775736617.5258844
}
{
    "idx_task": 432,
    "task_name": "cpu_intensive",
    "duration_into_wraps": 1.62,
    "data": {
        "ppid": 314913,
        "voluntary_ctxt_switches": 1,
        "nonvoluntary_ctxt_switches": 5,
        "delta_jiffies": 62,
        "delta_time": 1.6183,
        "cpu_load": 38.31,
        "memory_mib": 0.0
    },
    "timestamp": 1775736619.1489398
}
{
    "idx_task": 436,
    "task_name": "cpu_intensive",
    "duration_into_wraps": 1.61,
    "data": {
        "ppid": 314913,
        "voluntary_ctxt_switches": 1,
        "nonvoluntary_ctxt_switches": 9,
        "delta_jiffies": 62,
        "delta_time": 1.6123,
        "cpu_load": 38.45,
        "memory_mib": 0.0
    },
    "timestamp": 1775736620.765755
}
{
    "idx_task": 440,
    "task_name": "cpu_intensive",
    "duration_into_wraps": 1.61,
    "data": {
        "ppid": 314913,
        "voluntary_ctxt_switches": 1,
        "nonvoluntary_ctxt_switches": 2,
        "delta_jiffies": 60,
        "delta_time": 1.6081,
        "cpu_load": 37.31,
        "memory_mib": 0.0
    },
    "timestamp": 1775736622.3818817
}
{
    "idx_task": 444,
    "task_name": "cpu_intensive",
    "duration_into_wraps": 1.61,
    "data": {
        "ppid": 314913,
        "voluntary_ctxt_switches": 1,
        "nonvoluntary_ctxt_switches": 3,
        "delta_jiffies": 61,
        "delta_time": 1.6061,
        "cpu_load": 37.98,
        "memory_mib": 0.0
    },
    "timestamp": 1775736623.9939206
}
{
    "idx_task": 448,
    "task_name": "cpu_intensive",
    "duration_into_wraps": 1.61,
    "data": {
        "ppid": 314913,
        "voluntary_ctxt_switches": 1,
        "nonvoluntary_ctxt_switches": 3,
        "delta_jiffies": 61,
        "delta_time": 1.6027,
        "cpu_load": 38.06,
        "memory_mib": 0.0
    },
    "timestamp": 1775736625.6017687
}
{
    "idx_task": 452,
    "task_name": "cpu_intensive",
    "duration_into_wraps": 1.63,
    "data": {
        "ppid": 314913,
        "voluntary_ctxt_switches": 1,
        "nonvoluntary_ctxt_switches": 3,
        "delta_jiffies": 63,
        "delta_time": 1.6272,
        "cpu_load": 38.72,
        "memory_mib": 0.0
    },
    "timestamp": 1775736627.2345266
}
{
    "idx_task": 456,
    "task_name": "cpu_intensive",
    "duration_into_wraps": 1.63,
    "data": {
        "ppid": 314913,
        "voluntary_ctxt_switches": 1,
        "nonvoluntary_ctxt_switches": 2,
        "delta_jiffies": 63,
        "delta_time": 1.6315,
        "cpu_load": 38.61,
        "memory_mib": 0.0
    },
    "timestamp": 1775736628.8706875
}
{
    "idx_task": 460,
    "task_name": "cpu_intensive",
    "duration_into_wraps": 1.61,
    "data": {
        "ppid": 314913,
        "voluntary_ctxt_switches": 1,
        "nonvoluntary_ctxt_switches": 8,
        "delta_jiffies": 61,
        "delta_time": 1.6096,
        "cpu_load": 37.9,
        "memory_mib": 0.0
    },
    "timestamp": 1775736630.484487
}
{
    "idx_task": 464,
    "task_name": "cpu_intensive",
    "duration_into_wraps": 1.6,
    "data": {
        "ppid": 314913,
        "voluntary_ctxt_switches": 1,
        "nonvoluntary_ctxt_switches": 5,
        "delta_jiffies": 61,
        "delta_time": 1.6013,
        "cpu_load": 38.09,
        "memory_mib": 0.00390625
    },
    "timestamp": 1775736632.090161
}
{
    "idx_task": 468,
    "task_name": "cpu_intensive",
    "duration_into_wraps": 1.7,
    "data": {
        "ppid": 314913,
        "voluntary_ctxt_switches": 1,
        "nonvoluntary_ctxt_switches": 10,
        "delta_jiffies": 69,
        "delta_time": 1.6959,
        "cpu_load": 40.69,
        "memory_mib": 0.0
    },
    "timestamp": 1775736633.7904274
}
{
    "idx_task": 472,
    "task_name": "cpu_intensive",
    "duration_into_wraps": 1.65,
    "data": {
        "ppid": 314913,
        "voluntary_ctxt_switches": 1,
        "nonvoluntary_ctxt_switches": 0,
        "delta_jiffies": 64,
        "delta_time": 1.648,
        "cpu_load": 38.83,
        "memory_mib": 0.0
    },
    "timestamp": 1775736635.4429226
}
{
    "idx_task": 476,
    "task_name": "cpu_intensive",
    "duration_into_wraps": 1.62,
    "data": {
        "ppid": 314913,
        "voluntary_ctxt_switches": 1,
        "nonvoluntary_ctxt_switches": 2,
        "delta_jiffies": 62,
        "delta_time": 1.619,
        "cpu_load": 38.3,
        "memory_mib": 0.0
    },
    "timestamp": 1775736637.0663762
}
{
    "idx_task": 480,
    "task_name": "cpu_intensive",
    "duration_into_wraps": 1.64,
    "data": {
        "ppid": 314913,
        "voluntary_ctxt_switches": 1,
        "nonvoluntary_ctxt_switches": 1,
        "delta_jiffies": 64,
        "delta_time": 1.6387,
        "cpu_load": 39.06,
        "memory_mib": 0.0
    },
    "timestamp": 1775736638.708822
}
{
    "idx_task": 484,
    "task_name": "cpu_intensive",
    "duration_into_wraps": 1.64,
    "data": {
        "ppid": 314913,
        "voluntary_ctxt_switches": 1,
        "nonvoluntary_ctxt_switches": 2,
        "delta_jiffies": 64,
        "delta_time": 1.6384,
        "cpu_load": 39.06,
        "memory_mib": 0.0
    },
    "timestamp": 1775736640.3516817
}
{
    "idx_task": 488,
    "task_name": "cpu_intensive",
    "duration_into_wraps": 1.63,
    "data": {
        "ppid": 314913,
        "voluntary_ctxt_switches": 1,
        "nonvoluntary_ctxt_switches": 7,
        "delta_jiffies": 63,
        "delta_time": 1.6326,
        "cpu_load": 38.59,
        "memory_mib": 0.0
    },
    "timestamp": 1775736641.988246
}
{
    "idx_task": 492,
    "task_name": "cpu_intensive",
    "duration_into_wraps": 1.66,
    "data": {
        "ppid": 314913,
        "voluntary_ctxt_switches": 1,
        "nonvoluntary_ctxt_switches": 46,
        "delta_jiffies": 64,
        "delta_time": 1.6571,
        "cpu_load": 38.62,
        "memory_mib": 0.0
    },
    "timestamp": 1775736643.6501765
}
{
    "idx_task": 496,
    "task_name": "cpu_intensive",
    "duration_into_wraps": 1.64,
    "data": {
        "ppid": 314913,
        "voluntary_ctxt_switches": 1,
        "nonvoluntary_ctxt_switches": 11,
        "delta_jiffies": 63,
        "delta_time": 1.6397000000000002,
        "cpu_load": 38.42,
        "memory_mib": 0.0
    },
    "timestamp": 1775736645.2950315
}
{
    "idx_task": 500,
    "task_name": "cpu_intensive",
    "duration_into_wraps": 1.62,
    "data": {
        "ppid": 314913,
        "voluntary_ctxt_switches": 1,
        "nonvoluntary_ctxt_switches": 61,
        "delta_jiffies": 62,
        "delta_time": 1.6189,
        "cpu_load": 38.3,
        "memory_mib": 0.0
    },
    "timestamp": 1775736646.919497
}
{
    "idx_task": 504,
    "task_name": "cpu_intensive",
    "duration_into_wraps": 1.95,
    "data": {
        "ppid": 314913,
        "voluntary_ctxt_switches": 1,
        "nonvoluntary_ctxt_switches": 69,
        "delta_jiffies": 94,
        "delta_time": 1.9451,
        "cpu_load": 48.33,
        "memory_mib": 0.0
    },
    "timestamp": 1775736648.8694007
}
{
    "idx_task": 509,
    "task_name": "cpu_intensive",
    "duration_into_wraps": 1.62,
    "data": {
        "ppid": 314913,
        "voluntary_ctxt_switches": 1,
        "nonvoluntary_ctxt_switches": 6,
        "delta_jiffies": 62,
        "delta_time": 1.6181,
        "cpu_load": 38.32,
        "memory_mib": 0.0
    },
    "timestamp": 1775736650.4917016
}
{
    "idx_task": 513,
    "task_name": "cpu_intensive",
    "duration_into_wraps": 1.64,
    "data": {
        "ppid": 314913,
        "voluntary_ctxt_switches": 1,
        "nonvoluntary_ctxt_switches": 5,
        "delta_jiffies": 64,
        "delta_time": 1.6403,
        "cpu_load": 39.02,
        "memory_mib": 0.0
    },
    "timestamp": 1775736652.1368277
}
{
    "idx_task": 517,
    "task_name": "cpu_intensive",
    "duration_into_wraps": 1.63,
    "data": {
        "ppid": 314913,
        "voluntary_ctxt_switches": 1,
        "nonvoluntary_ctxt_switches": 2,
        "delta_jiffies": 64,
        "delta_time": 1.6286,
        "cpu_load": 39.3,
        "memory_mib": 0.0
    },
    "timestamp": 1775736653.7700412
}
{
    "idx_task": 521,
    "task_name": "cpu_intensive",
    "duration_into_wraps": 1.63,
    "data": {
        "ppid": 314913,
        "voluntary_ctxt_switches": 1,
        "nonvoluntary_ctxt_switches": 5,
        "delta_jiffies": 63,
        "delta_time": 1.6298000000000001,
        "cpu_load": 38.66,
        "memory_mib": 0.0
    },
    "timestamp": 1775736655.4043956
}
{
    "idx_task": 525,
    "task_name": "cpu_intensive",
    "duration_into_wraps": 1.63,
    "data": {
        "ppid": 314913,
        "voluntary_ctxt_switches": 1,
        "nonvoluntary_ctxt_switches": 1,
        "delta_jiffies": 63,
        "delta_time": 1.6325,
        "cpu_load": 38.59,
        "memory_mib": 0.0
    },
    "timestamp": 1775736657.0405862
}
{
    "idx_task": 528,
    "task_name": "cpu_intensive",
    "duration_into_wraps": 1.63,
    "data": {
        "ppid": 314913,
        "voluntary_ctxt_switches": 1,
        "nonvoluntary_ctxt_switches": 2,
        "delta_jiffies": 63,
        "delta_time": 1.6267,
        "cpu_load": 38.73,
        "memory_mib": 0.0
    },
    "timestamp": 1775736658.671266
}
{
    "idx_task": 532,
    "task_name": "cpu_intensive",
    "duration_into_wraps": 1.64,
    "data": {
        "ppid": 314913,
        "voluntary_ctxt_switches": 1,
        "nonvoluntary_ctxt_switches": 2,
        "delta_jiffies": 64,
        "delta_time": 1.6343,
        "cpu_load": 39.16,
        "memory_mib": 0.0
    },
    "timestamp": 1775736660.310205
}
{
    "idx_task": 536,
    "task_name": "cpu_intensive",
    "duration_into_wraps": 1.63,
    "data": {
        "ppid": 314913,
        "voluntary_ctxt_switches": 1,
        "nonvoluntary_ctxt_switches": 5,
        "delta_jiffies": 63,
        "delta_time": 1.6280000000000001,
        "cpu_load": 38.7,
        "memory_mib": 0.0
    },
    "timestamp": 1775736661.9427795
}
{
    "idx_task": 540,
    "task_name": "cpu_intensive",
    "duration_into_wraps": 1.71,
    "data": {
        "ppid": 314913,
        "voluntary_ctxt_switches": 1,
        "nonvoluntary_ctxt_switches": 2,
        "delta_jiffies": 71,
        "delta_time": 1.7109,
        "cpu_load": 41.5,
        "memory_mib": 0.0
    },
    "timestamp": 1775736663.6576693
}
{
    "idx_task": 544,
    "task_name": "cpu_intensive",
    "duration_into_wraps": 1.66,
    "data": {
        "ppid": 314913,
        "voluntary_ctxt_switches": 1,
        "nonvoluntary_ctxt_switches": 7,
        "delta_jiffies": 67,
        "delta_time": 1.6596000000000002,
        "cpu_load": 40.37,
        "memory_mib": 0.0
    },
    "timestamp": 1775736665.3226297
}
{
    "idx_task": 548,
    "task_name": "cpu_intensive",
    "duration_into_wraps": 1.66,
    "data": {
        "ppid": 314913,
        "voluntary_ctxt_switches": 1,
        "nonvoluntary_ctxt_switches": 3,
        "delta_jiffies": 65,
        "delta_time": 1.6539,
        "cpu_load": 39.3,
        "memory_mib": 0.0
    },
    "timestamp": 1775736666.9805493
}
{
    "idx_task": 552,
    "task_name": "cpu_intensive",
    "duration_into_wraps": 1.67,
    "data": {
        "ppid": 314913,
        "voluntary_ctxt_switches": 1,
        "nonvoluntary_ctxt_switches": 1,
        "delta_jiffies": 67,
        "delta_time": 1.6649,
        "cpu_load": 40.24,
        "memory_mib": 0.0
    },
    "timestamp": 1775736668.649927
}
{
    "idx_task": 556,
    "task_name": "cpu_intensive",
    "duration_into_wraps": 1.64,
    "data": {
        "ppid": 314913,
        "voluntary_ctxt_switches": 1,
        "nonvoluntary_ctxt_switches": 2,
        "delta_jiffies": 64,
        "delta_time": 1.6332,
        "cpu_load": 39.19,
        "memory_mib": 0.0
    },
    "timestamp": 1775736670.2874463
}
{
    "idx_task": 560,
    "task_name": "cpu_intensive",
    "duration_into_wraps": 1.77,
    "data": {
        "ppid": 314913,
        "voluntary_ctxt_switches": 1,
        "nonvoluntary_ctxt_switches": 27,
        "delta_jiffies": 76,
        "delta_time": 1.7628,
        "cpu_load": 43.11,
        "memory_mib": 0.0
    },
    "timestamp": 1775736672.0549026
}
{
    "idx_task": 564,
    "task_name": "cpu_intensive",
    "duration_into_wraps": 1.65,
    "data": {
        "ppid": 314913,
        "voluntary_ctxt_switches": 1,
        "nonvoluntary_ctxt_switches": 17,
        "delta_jiffies": 66,
        "delta_time": 1.6517,
        "cpu_load": 39.96,
        "memory_mib": 0.00390625
    },
    "timestamp": 1775736673.710791
}
{
    "idx_task": 568,
    "task_name": "cpu_intensive",
    "duration_into_wraps": 1.75,
    "data": {
        "ppid": 314913,
        "voluntary_ctxt_switches": 1,
        "nonvoluntary_ctxt_switches": 2,
        "delta_jiffies": 74,
        "delta_time": 1.7444,
        "cpu_load": 42.42,
        "memory_mib": 0.0
    },
    "timestamp": 1775736675.4602401
}
{
    "idx_task": 572,
    "task_name": "cpu_intensive",
    "duration_into_wraps": 1.65,
    "data": {
        "ppid": 314913,
        "voluntary_ctxt_switches": 1,
        "nonvoluntary_ctxt_switches": 3,
        "delta_jiffies": 65,
        "delta_time": 1.6451,
        "cpu_load": 39.51,
        "memory_mib": 0.0
    },
    "timestamp": 1775736677.109103
}
{
    "idx_task": 576,
    "task_name": "cpu_intensive",
    "duration_into_wraps": 1.84,
    "data": {
        "ppid": 314913,
        "voluntary_ctxt_switches": 1,
        "nonvoluntary_ctxt_switches": 9,
        "delta_jiffies": 84,
        "delta_time": 1.8345,
        "cpu_load": 45.79,
        "memory_mib": 0.0
    },
    "timestamp": 1775736678.9489086
}
{
    "idx_task": 580,
    "task_name": "cpu_intensive",
    "duration_into_wraps": 1.71,
    "data": {
        "ppid": 314913,
        "voluntary_ctxt_switches": 1,
        "nonvoluntary_ctxt_switches": 3,
        "delta_jiffies": 70,
        "delta_time": 1.7031,
        "cpu_load": 41.1,
        "memory_mib": 0.0
    },
    "timestamp": 1775736680.6570334
}
{
    "idx_task": 584,
    "task_name": "cpu_intensive",
    "duration_into_wraps": 1.66,
    "data": {
        "ppid": 314913,
        "voluntary_ctxt_switches": 1,
        "nonvoluntary_ctxt_switches": 3,
        "delta_jiffies": 64,
        "delta_time": 1.6572,
        "cpu_load": 38.62,
        "memory_mib": 0.0
    },
    "timestamp": 1775736682.3180723
}
{
    "idx_task": 588,
    "task_name": "cpu_intensive",
    "duration_into_wraps": 1.64,
    "data": {
        "ppid": 314913,
        "voluntary_ctxt_switches": 1,
        "nonvoluntary_ctxt_switches": 1,
        "delta_jiffies": 64,
        "delta_time": 1.6328,
        "cpu_load": 39.2,
        "memory_mib": 0.0
    },
    "timestamp": 1775736683.956046
}
{
    "idx_task": 592,
    "task_name": "cpu_intensive",
    "duration_into_wraps": 1.66,
    "data": {
        "ppid": 314913,
        "voluntary_ctxt_switches": 1,
        "nonvoluntary_ctxt_switches": 6,
        "delta_jiffies": 66,
        "delta_time": 1.6581,
        "cpu_load": 39.8,
        "memory_mib": 0.0
    },
    "timestamp": 1775736685.6181445
}
{
    "idx_task": 596,
    "task_name": "cpu_intensive",
    "duration_into_wraps": 1.65,
    "data": {
        "ppid": 314913,
        "voluntary_ctxt_switches": 1,
        "nonvoluntary_ctxt_switches": 9,
        "delta_jiffies": 65,
        "delta_time": 1.6448,
        "cpu_load": 39.52,
        "memory_mib": 0.0
    },
    "timestamp": 1775736687.2681096
}
{
    "idx_task": 600,
    "task_name": "cpu_intensive",
    "duration_into_wraps": 1.64,
    "data": {
        "ppid": 314913,
        "voluntary_ctxt_switches": 1,
        "nonvoluntary_ctxt_switches": 4,
        "delta_jiffies": 63,
        "delta_time": 1.6336,
        "cpu_load": 38.57,
        "memory_mib": 0.0
    },
    "timestamp": 1775736688.905949
}
{
    "idx_task": 3,
    "task_name": "cpu_intensive",
    "duration_into_wraps": 1.67,
    "data": {
        "ppid": 314913,
        "voluntary_ctxt_switches": 1,
        "nonvoluntary_ctxt_switches": 6,
        "delta_jiffies": 66,
        "delta_time": -51.6931,
        "cpu_load": -1.28,
        "memory_mib": 0.0
    },
    "timestamp": 1775736743.942531
}
{
    "idx_task": 8,
    "task_name": "cpu_intensive",
    "duration_into_wraps": 1.63,
    "data": {
        "ppid": 314913,
        "voluntary_ctxt_switches": 1,
        "nonvoluntary_ctxt_switches": 7,
        "delta_jiffies": 63,
        "delta_time": 1.6307,
        "cpu_load": 38.63,
        "memory_mib": 0.0
    },
    "timestamp": 1775736745.5776958
}
{
    "idx_task": 12,
    "task_name": "cpu_intensive",
    "duration_into_wraps": 1.63,
    "data": {
        "ppid": 314913,
        "voluntary_ctxt_switches": 1,
        "nonvoluntary_ctxt_switches": 4,
        "delta_jiffies": 63,
        "delta_time": 1.6229,
        "cpu_load": 38.82,
        "memory_mib": 0.0
    },
    "timestamp": 1775736747.205214
}
{
    "idx_task": 16,
    "task_name": "cpu_intensive",
    "duration_into_wraps": 1.62,
    "data": {
        "ppid": 314913,
        "voluntary_ctxt_switches": 1,
        "nonvoluntary_ctxt_switches": 2,
        "delta_jiffies": 61,
        "delta_time": 1.6128,
        "cpu_load": 37.82,
        "memory_mib": 0.0
    },
    "timestamp": 1775736748.822617
}
{
    "idx_task": 20,
    "task_name": "cpu_intensive",
    "duration_into_wraps": 1.6,
    "data": {
        "ppid": 314913,
        "voluntary_ctxt_switches": 1,
        "nonvoluntary_ctxt_switches": 10,
        "delta_jiffies": 60,
        "delta_time": 1.5962,
        "cpu_load": 37.59,
        "memory_mib": 0.0
    },
    "timestamp": 1775736750.4234002
}
{
    "idx_task": 24,
    "task_name": "cpu_intensive",
    "duration_into_wraps": 1.62,
    "data": {
        "ppid": 314913,
        "voluntary_ctxt_switches": 1,
        "nonvoluntary_ctxt_switches": 0,
        "delta_jiffies": 62,
        "delta_time": 1.6218,
        "cpu_load": 38.23,
        "memory_mib": 0.0
    },
    "timestamp": 1775736752.0490513
}
{
    "idx_task": 28,
    "task_name": "cpu_intensive",
    "duration_into_wraps": 1.6,
    "data": {
        "ppid": 314913,
        "voluntary_ctxt_switches": 1,
        "nonvoluntary_ctxt_switches": 7,
        "delta_jiffies": 59,
        "delta_time": 1.5907,
        "cpu_load": 37.09,
        "memory_mib": 0.0
    },
    "timestamp": 1775736753.6587417
}
{
    "idx_task": 32,
    "task_name": "cpu_intensive",
    "duration_into_wraps": 1.61,
    "data": {
        "ppid": 314913,
        "voluntary_ctxt_switches": 1,
        "nonvoluntary_ctxt_switches": 26,
        "delta_jiffies": 61,
        "delta_time": 1.6092,
        "cpu_load": 37.91,
        "memory_mib": 0.0
    },
    "timestamp": 1775736755.271678
}
{
    "idx_task": 36,
    "task_name": "cpu_intensive",
    "duration_into_wraps": 1.67,
    "data": {
        "ppid": 314913,
        "voluntary_ctxt_switches": 1,
        "nonvoluntary_ctxt_switches": 8,
        "delta_jiffies": 66,
        "delta_time": 1.6646,
        "cpu_load": 39.65,
        "memory_mib": 0.0
    },
    "timestamp": 1775736756.9401205
}
{
    "idx_task": 40,
    "task_name": "cpu_intensive",
    "duration_into_wraps": 1.63,
    "data": {
        "ppid": 314913,
        "voluntary_ctxt_switches": 1,
        "nonvoluntary_ctxt_switches": 3,
        "delta_jiffies": 63,
        "delta_time": 1.6248,
        "cpu_load": 38.77,
        "memory_mib": 0.0
    },
    "timestamp": 1775736758.5699127
}
{
    "idx_task": 44,
    "task_name": "cpu_intensive",
    "duration_into_wraps": 1.67,
    "data": {
        "ppid": 314913,
        "voluntary_ctxt_switches": 1,
        "nonvoluntary_ctxt_switches": 46,
        "delta_jiffies": 67,
        "delta_time": 1.6712,
        "cpu_load": 40.09,
        "memory_mib": 0.0
    },
    "timestamp": 1775736760.2449658
}
{
    "idx_task": 48,
    "task_name": "cpu_intensive",
    "duration_into_wraps": 1.81,
    "data": {
        "ppid": 314913,
        "voluntary_ctxt_switches": 1,
        "nonvoluntary_ctxt_switches": 3,
        "delta_jiffies": 81,
        "delta_time": 1.8051,
        "cpu_load": 44.87,
        "memory_mib": 0.0
    },
    "timestamp": 1775736762.0542886
}
{
    "idx_task": 52,
    "task_name": "cpu_intensive",
    "duration_into_wraps": 1.64,
    "data": {
        "ppid": 314913,
        "voluntary_ctxt_switches": 1,
        "nonvoluntary_ctxt_switches": 46,
        "delta_jiffies": 65,
        "delta_time": 1.6425,
        "cpu_load": 39.57,
        "memory_mib": 0.0
    },
    "timestamp": 1775736763.7015371
}
{
    "idx_task": 55,
    "task_name": "cpu_intensive",
    "duration_into_wraps": 1.63,
    "data": {
        "ppid": 314913,
        "voluntary_ctxt_switches": 1,
        "nonvoluntary_ctxt_switches": 10,
        "delta_jiffies": 63,
        "delta_time": 1.6268,
        "cpu_load": 38.73,
        "memory_mib": 0.0
    },
    "timestamp": 1775736765.3323553
}
{
    "idx_task": 59,
    "task_name": "cpu_intensive",
    "duration_into_wraps": 1.61,
    "data": {
        "ppid": 314913,
        "voluntary_ctxt_switches": 1,
        "nonvoluntary_ctxt_switches": 5,
        "delta_jiffies": 61,
        "delta_time": 1.6071,
        "cpu_load": 37.96,
        "memory_mib": 0.0
    },
    "timestamp": 1775736766.9438307
}
{
    "idx_task": 62,
    "task_name": "cpu_intensive",
    "duration_into_wraps": 1.71,
    "data": {
        "ppid": 314913,
        "voluntary_ctxt_switches": 1,
        "nonvoluntary_ctxt_switches": 20,
        "delta_jiffies": 71,
        "delta_time": 1.7072,
        "cpu_load": 41.59,
        "memory_mib": 0.0
    },
    "timestamp": 1775736768.6557827
}
{
    "idx_task": 66,
    "task_name": "cpu_intensive",
    "duration_into_wraps": 1.69,
    "data": {
        "ppid": 314913,
        "voluntary_ctxt_switches": 1,
        "nonvoluntary_ctxt_switches": 15,
        "delta_jiffies": 68,
        "delta_time": 1.692,
        "cpu_load": 40.19,
        "memory_mib": 0.0
    },
    "timestamp": 1775736770.3525674
}
{
    "idx_task": 70,
    "task_name": "cpu_intensive",
    "duration_into_wraps": 1.68,
    "data": {
        "ppid": 314913,
        "voluntary_ctxt_switches": 1,
        "nonvoluntary_ctxt_switches": 12,
        "delta_jiffies": 68,
        "delta_time": 1.6813,
        "cpu_load": 40.44,
        "memory_mib": 0.0
    },
    "timestamp": 1775736772.0382671
}
{
    "idx_task": 74,
    "task_name": "cpu_intensive",
    "duration_into_wraps": 1.66,
    "data": {
        "ppid": 314913,
        "voluntary_ctxt_switches": 1,
        "nonvoluntary_ctxt_switches": 7,
        "delta_jiffies": 66,
        "delta_time": 1.6526,
        "cpu_load": 39.94,
        "memory_mib": 0.0
    },
    "timestamp": 1775736773.6960144
}
{
    "idx_task": 78,
    "task_name": "cpu_intensive",
    "duration_into_wraps": 1.64,
    "data": {
        "ppid": 314913,
        "voluntary_ctxt_switches": 1,
        "nonvoluntary_ctxt_switches": 13,
        "delta_jiffies": 64,
        "delta_time": 1.6383,
        "cpu_load": 39.06,
        "memory_mib": 0.0
    },
    "timestamp": 1775736775.3393562
}
{
    "idx_task": 82,
    "task_name": "cpu_intensive",
    "duration_into_wraps": 1.65,
    "data": {
        "ppid": 314913,
        "voluntary_ctxt_switches": 1,
        "nonvoluntary_ctxt_switches": 1,
        "delta_jiffies": 65,
        "delta_time": 1.6454,
        "cpu_load": 39.5,
        "memory_mib": 0.0
    },
    "timestamp": 1775736776.9899511
}
{
    "idx_task": 86,
    "task_name": "cpu_intensive",
    "duration_into_wraps": 1.64,
    "data": {
        "ppid": 314913,
        "voluntary_ctxt_switches": 1,
        "nonvoluntary_ctxt_switches": 4,
        "delta_jiffies": 64,
        "delta_time": 1.6334,
        "cpu_load": 39.18,
        "memory_mib": 0.0
    },
    "timestamp": 1775736778.6281662
}
{
    "idx_task": 91,
    "task_name": "cpu_intensive",
    "duration_into_wraps": 1.62,
    "data": {
        "ppid": 314913,
        "voluntary_ctxt_switches": 1,
        "nonvoluntary_ctxt_switches": 5,
        "delta_jiffies": 62,
        "delta_time": 1.6209,
        "cpu_load": 38.25,
        "memory_mib": 0.0
    },
    "timestamp": 1775736780.2532883
}
{
    "idx_task": 94,
    "task_name": "cpu_intensive",
    "duration_into_wraps": 1.64,
    "data": {
        "ppid": 314913,
        "voluntary_ctxt_switches": 1,
        "nonvoluntary_ctxt_switches": 0,
        "delta_jiffies": 64,
        "delta_time": 1.6375,
        "cpu_load": 39.08,
        "memory_mib": 0.0
    },
    "timestamp": 1775736781.894803
}
{
    "idx_task": 98,
    "task_name": "cpu_intensive",
    "duration_into_wraps": 1.62,
    "data": {
        "ppid": 314913,
        "voluntary_ctxt_switches": 1,
        "nonvoluntary_ctxt_switches": 1,
        "delta_jiffies": 62,
        "delta_time": 1.6186999999999998,
        "cpu_load": 38.3,
        "memory_mib": 0.0
    },
    "timestamp": 1775736783.5157132
}
{
    "idx_task": 102,
    "task_name": "cpu_intensive",
    "duration_into_wraps": 1.61,
    "data": {
        "ppid": 314913,
        "voluntary_ctxt_switches": 1,
        "nonvoluntary_ctxt_switches": 3,
        "delta_jiffies": 61,
        "delta_time": 1.6077,
        "cpu_load": 37.94,
        "memory_mib": 0.0
    },
    "timestamp": 1775736785.1273642
}
{
    "idx_task": 106,
    "task_name": "cpu_intensive",
    "duration_into_wraps": 1.61,
    "data": {
        "ppid": 314913,
        "voluntary_ctxt_switches": 1,
        "nonvoluntary_ctxt_switches": 1,
        "delta_jiffies": 61,
        "delta_time": 1.6045,
        "cpu_load": 38.02,
        "memory_mib": 0.0
    },
    "timestamp": 1775736786.7364151
}
{
    "idx_task": 110,
    "task_name": "cpu_intensive",
    "duration_into_wraps": 1.6,
    "data": {
        "ppid": 314913,
        "voluntary_ctxt_switches": 1,
        "nonvoluntary_ctxt_switches": 0,
        "delta_jiffies": 60,
        "delta_time": 1.6015000000000001,
        "cpu_load": 37.46,
        "memory_mib": 0.0
    },
    "timestamp": 1775736788.3426456
}
{
    "idx_task": 114,
    "task_name": "cpu_intensive",
    "duration_into_wraps": 1.61,
    "data": {
        "ppid": 314913,
        "voluntary_ctxt_switches": 1,
        "nonvoluntary_ctxt_switches": 2,
        "delta_jiffies": 61,
        "delta_time": 1.6058,
        "cpu_load": 37.99,
        "memory_mib": 0.0
    },
    "timestamp": 1775736789.9523141
}
{
    "idx_task": 118,
    "task_name": "cpu_intensive",
    "duration_into_wraps": 1.6,
    "data": {
        "ppid": 314913,
        "voluntary_ctxt_switches": 1,
        "nonvoluntary_ctxt_switches": 1,
        "delta_jiffies": 60,
        "delta_time": 1.5998,
        "cpu_load": 37.5,
        "memory_mib": 0.0
    },
    "timestamp": 1775736791.5563068
}
{
    "idx_task": 122,
    "task_name": "cpu_intensive",
    "duration_into_wraps": 1.6,
    "data": {
        "ppid": 314913,
        "voluntary_ctxt_switches": 1,
        "nonvoluntary_ctxt_switches": 1,
        "delta_jiffies": 61,
        "delta_time": 1.5996,
        "cpu_load": 38.13,
        "memory_mib": 0.0
    },
    "timestamp": 1775736793.1599486
}
{
    "idx_task": 125,
    "task_name": "cpu_intensive",
    "duration_into_wraps": 1.63,
    "data": {
        "ppid": 314913,
        "voluntary_ctxt_switches": 1,
        "nonvoluntary_ctxt_switches": 2,
        "delta_jiffies": 63,
        "delta_time": 1.6288,
        "cpu_load": 38.68,
        "memory_mib": 0.0
    },
    "timestamp": 1775736794.793628
}
{
    "idx_task": 129,
    "task_name": "cpu_intensive",
    "duration_into_wraps": 1.72,
    "data": {
        "ppid": 314913,
        "voluntary_ctxt_switches": 1,
        "nonvoluntary_ctxt_switches": 5,
        "delta_jiffies": 72,
        "delta_time": 1.7167000000000001,
        "cpu_load": 41.94,
        "memory_mib": 0.0
    },
    "timestamp": 1775736796.5155294
}
{
    "idx_task": 133,
    "task_name": "cpu_intensive",
    "duration_into_wraps": 1.71,
    "data": {
        "ppid": 314913,
        "voluntary_ctxt_switches": 1,
        "nonvoluntary_ctxt_switches": 12,
        "delta_jiffies": 70,
        "delta_time": 1.7041,
        "cpu_load": 41.08,
        "memory_mib": 0.0
    },
    "timestamp": 1775736798.2236407
}
{
    "idx_task": 137,
    "task_name": "cpu_intensive",
    "duration_into_wraps": 1.65,
    "data": {
        "ppid": 314913,
        "voluntary_ctxt_switches": 1,
        "nonvoluntary_ctxt_switches": 1,
        "delta_jiffies": 65,
        "delta_time": 1.6474,
        "cpu_load": 39.46,
        "memory_mib": 0.00390625
    },
    "timestamp": 1775736799.8758452
}
{
    "idx_task": 141,
    "task_name": "cpu_intensive",
    "duration_into_wraps": 1.65,
    "data": {
        "ppid": 314913,
        "voluntary_ctxt_switches": 1,
        "nonvoluntary_ctxt_switches": 1,
        "delta_jiffies": 64,
        "delta_time": 1.6484,
        "cpu_load": 38.83,
        "memory_mib": 0.0
    },
    "timestamp": 1775736801.529388
}
{
    "idx_task": 145,
    "task_name": "cpu_intensive",
    "duration_into_wraps": 1.63,
    "data": {
        "ppid": 314913,
        "voluntary_ctxt_switches": 1,
        "nonvoluntary_ctxt_switches": 7,
        "delta_jiffies": 62,
        "delta_time": 1.623,
        "cpu_load": 38.2,
        "memory_mib": 0.0
    },
    "timestamp": 1775736803.1571593
}
{
    "idx_task": 149,
    "task_name": "cpu_intensive",
    "duration_into_wraps": 1.64,
    "data": {
        "ppid": 314913,
        "voluntary_ctxt_switches": 1,
        "nonvoluntary_ctxt_switches": 24,
        "delta_jiffies": 64,
        "delta_time": 1.6401000000000001,
        "cpu_load": 39.02,
        "memory_mib": 0.0
    },
    "timestamp": 1775736804.8027244
}
{
    "idx_task": 153,
    "task_name": "cpu_intensive",
    "duration_into_wraps": 1.74,
    "data": {
        "ppid": 314913,
        "voluntary_ctxt_switches": 1,
        "nonvoluntary_ctxt_switches": 5,
        "delta_jiffies": 73,
        "delta_time": 1.7382000000000002,
        "cpu_load": 42.0,
        "memory_mib": 0.0
    },
    "timestamp": 1775736806.546784
}
{
    "idx_task": 157,
    "task_name": "cpu_intensive",
    "duration_into_wraps": 1.64,
    "data": {
        "ppid": 314913,
        "voluntary_ctxt_switches": 1,
        "nonvoluntary_ctxt_switches": 2,
        "delta_jiffies": 64,
        "delta_time": 1.6400000000000001,
        "cpu_load": 39.02,
        "memory_mib": 0.0
    },
    "timestamp": 1775736808.1921957
}
{
    "idx_task": 161,
    "task_name": "cpu_intensive",
    "duration_into_wraps": 1.64,
    "data": {
        "ppid": 314913,
        "voluntary_ctxt_switches": 1,
        "nonvoluntary_ctxt_switches": 5,
        "delta_jiffies": 64,
        "delta_time": 1.6379000000000001,
        "cpu_load": 39.07,
        "memory_mib": 0.0
    },
    "timestamp": 1775736809.8351095
}
{
    "idx_task": 165,
    "task_name": "cpu_intensive",
    "duration_into_wraps": 1.64,
    "data": {
        "ppid": 314913,
        "voluntary_ctxt_switches": 1,
        "nonvoluntary_ctxt_switches": 1,
        "delta_jiffies": 65,
        "delta_time": 1.6426,
        "cpu_load": 39.57,
        "memory_mib": 0.0
    },
    "timestamp": 1775736811.4821136
}
{
    "idx_task": 169,
    "task_name": "cpu_intensive",
    "duration_into_wraps": 1.64,
    "data": {
        "ppid": 314913,
        "voluntary_ctxt_switches": 1,
        "nonvoluntary_ctxt_switches": 30,
        "delta_jiffies": 63,
        "delta_time": 1.6340000000000001,
        "cpu_load": 38.56,
        "memory_mib": 0.0
    },
    "timestamp": 1775736813.1213658
}
{
    "idx_task": 173,
    "task_name": "cpu_intensive",
    "duration_into_wraps": 1.72,
    "data": {
        "ppid": 314913,
        "voluntary_ctxt_switches": 1,
        "nonvoluntary_ctxt_switches": 18,
        "delta_jiffies": 72,
        "delta_time": 1.7132,
        "cpu_load": 42.03,
        "memory_mib": 0.0
    },
    "timestamp": 1775736814.8397431
}
{
    "idx_task": 177,
    "task_name": "cpu_intensive",
    "duration_into_wraps": 1.7,
    "data": {
        "ppid": 314913,
        "voluntary_ctxt_switches": 1,
        "nonvoluntary_ctxt_switches": 19,
        "delta_jiffies": 70,
        "delta_time": 1.6999,
        "cpu_load": 41.18,
        "memory_mib": 0.0
    },
    "timestamp": 1775736816.5436554
}
{
    "idx_task": 181,
    "task_name": "cpu_intensive",
    "duration_into_wraps": 1.67,
    "data": {
        "ppid": 314913,
        "voluntary_ctxt_switches": 1,
        "nonvoluntary_ctxt_switches": 7,
        "delta_jiffies": 67,
        "delta_time": 1.6664,
        "cpu_load": 40.21,
        "memory_mib": 0.0
    },
    "timestamp": 1775736818.2146318
}
{
    "idx_task": 185,
    "task_name": "cpu_intensive",
    "duration_into_wraps": 1.69,
    "data": {
        "ppid": 314913,
        "voluntary_ctxt_switches": 1,
        "nonvoluntary_ctxt_switches": 21,
        "delta_jiffies": 69,
        "delta_time": 1.6832999999999998,
        "cpu_load": 40.99,
        "memory_mib": 0.0
    },
    "timestamp": 1775736819.9040978
}
{
    "idx_task": 189,
    "task_name": "cpu_intensive",
    "duration_into_wraps": 1.7,
    "data": {
        "ppid": 314913,
        "voluntary_ctxt_switches": 1,
        "nonvoluntary_ctxt_switches": 6,
        "delta_jiffies": 70,
        "delta_time": 1.7021,
        "cpu_load": 41.13,
        "memory_mib": 0.0
    },
    "timestamp": 1775736821.6105618
}
{
    "idx_task": 193,
    "task_name": "cpu_intensive",
    "duration_into_wraps": 1.65,
    "data": {
        "ppid": 314913,
        "voluntary_ctxt_switches": 1,
        "nonvoluntary_ctxt_switches": 27,
        "delta_jiffies": 65,
        "delta_time": 1.6509,
        "cpu_load": 39.37,
        "memory_mib": 0.0
    },
    "timestamp": 1775736823.265535
}
{
    "idx_task": 197,
    "task_name": "cpu_intensive",
    "duration_into_wraps": 1.65,
    "data": {
        "ppid": 314913,
        "voluntary_ctxt_switches": 1,
        "nonvoluntary_ctxt_switches": 44,
        "delta_jiffies": 63,
        "delta_time": 1.6465,
        "cpu_load": 38.26,
        "memory_mib": 0.0
    },
    "timestamp": 1775736824.9172697
}
{
    "idx_task": 201,
    "task_name": "cpu_intensive",
    "duration_into_wraps": 1.67,
    "data": {
        "ppid": 314913,
        "voluntary_ctxt_switches": 1,
        "nonvoluntary_ctxt_switches": 13,
        "delta_jiffies": 67,
        "delta_time": 1.6682,
        "cpu_load": 40.16,
        "memory_mib": 0.0
    },
    "timestamp": 1775736826.592335
}
{
    "idx_task": 205,
    "task_name": "cpu_intensive",
    "duration_into_wraps": 1.64,
    "data": {
        "ppid": 314913,
        "voluntary_ctxt_switches": 1,
        "nonvoluntary_ctxt_switches": 22,
        "delta_jiffies": 64,
        "delta_time": 1.6379000000000001,
        "cpu_load": 39.07,
        "memory_mib": 0.0
    },
    "timestamp": 1775736828.2350056
}
{
    "idx_task": 209,
    "task_name": "cpu_intensive",
    "duration_into_wraps": 1.74,
    "data": {
        "ppid": 314913,
        "voluntary_ctxt_switches": 1,
        "nonvoluntary_ctxt_switches": 28,
        "delta_jiffies": 74,
        "delta_time": 1.7394,
        "cpu_load": 42.54,
        "memory_mib": 0.0
    },
    "timestamp": 1775736829.9783332
}
{
    "idx_task": 213,
    "task_name": "cpu_intensive",
    "duration_into_wraps": 1.61,
    "data": {
        "ppid": 314913,
        "voluntary_ctxt_switches": 1,
        "nonvoluntary_ctxt_switches": 16,
        "delta_jiffies": 61,
        "delta_time": 1.6047,
        "cpu_load": 38.01,
        "memory_mib": 0.0
    },
    "timestamp": 1775736831.5879686
}
{
    "idx_task": 217,
    "task_name": "cpu_intensive",
    "duration_into_wraps": 1.6,
    "data": {
        "ppid": 314913,
        "voluntary_ctxt_switches": 1,
        "nonvoluntary_ctxt_switches": 2,
        "delta_jiffies": 60,
        "delta_time": 1.5978,
        "cpu_load": 37.55,
        "memory_mib": 0.0
    },
    "timestamp": 1775736833.1901376
}
{
    "idx_task": 221,
    "task_name": "cpu_intensive",
    "duration_into_wraps": 1.61,
    "data": {
        "ppid": 314913,
        "voluntary_ctxt_switches": 1,
        "nonvoluntary_ctxt_switches": 13,
        "delta_jiffies": 61,
        "delta_time": 1.6093,
        "cpu_load": 37.9,
        "memory_mib": 0.0
    },
    "timestamp": 1775736834.8040667
}
{
    "idx_task": 225,
    "task_name": "cpu_intensive",
    "duration_into_wraps": 1.61,
    "data": {
        "ppid": 314913,
        "voluntary_ctxt_switches": 1,
        "nonvoluntary_ctxt_switches": 48,
        "delta_jiffies": 61,
        "delta_time": 1.6048,
        "cpu_load": 38.01,
        "memory_mib": 0.0
    },
    "timestamp": 1775736836.41344
}
{
    "idx_task": 229,
    "task_name": "cpu_intensive",
    "duration_into_wraps": 1.64,
    "data": {
        "ppid": 314913,
        "voluntary_ctxt_switches": 1,
        "nonvoluntary_ctxt_switches": 32,
        "delta_jiffies": 64,
        "delta_time": 1.6379,
        "cpu_load": 39.07,
        "memory_mib": 0.0
    },
    "timestamp": 1775736838.0549479
}
{
    "idx_task": 233,
    "task_name": "cpu_intensive",
    "duration_into_wraps": 1.64,
    "data": {
        "ppid": 314913,
        "voluntary_ctxt_switches": 1,
        "nonvoluntary_ctxt_switches": 36,
        "delta_jiffies": 63,
        "delta_time": 1.6335,
        "cpu_load": 38.57,
        "memory_mib": 0.0
    },
    "timestamp": 1775736839.6931796
}
{
    "idx_task": 237,
    "task_name": "cpu_intensive",
    "duration_into_wraps": 1.6,
    "data": {
        "ppid": 314913,
        "voluntary_ctxt_switches": 1,
        "nonvoluntary_ctxt_switches": 26,
        "delta_jiffies": 59,
        "delta_time": 1.6,
        "cpu_load": 36.88,
        "memory_mib": 0.0
    },
    "timestamp": 1775736841.298296
}
{
    "idx_task": 241,
    "task_name": "cpu_intensive",
    "duration_into_wraps": 1.6,
    "data": {
        "ppid": 314913,
        "voluntary_ctxt_switches": 1,
        "nonvoluntary_ctxt_switches": 43,
        "delta_jiffies": 60,
        "delta_time": 1.5989,
        "cpu_load": 37.53,
        "memory_mib": 0.0
    },
    "timestamp": 1775736842.9012816
}
{
    "idx_task": 245,
    "task_name": "cpu_intensive",
    "duration_into_wraps": 1.6,
    "data": {
        "ppid": 314913,
        "voluntary_ctxt_switches": 1,
        "nonvoluntary_ctxt_switches": 0,
        "delta_jiffies": 59,
        "delta_time": 1.5926,
        "cpu_load": 37.05,
        "memory_mib": 0.0
    },
    "timestamp": 1775736844.4990478
}
{
    "idx_task": 249,
    "task_name": "cpu_intensive",
    "duration_into_wraps": 1.6,
    "data": {
        "ppid": 314913,
        "voluntary_ctxt_switches": 1,
        "nonvoluntary_ctxt_switches": 24,
        "delta_jiffies": 59,
        "delta_time": 1.5968,
        "cpu_load": 36.95,
        "memory_mib": 0.0
    },
    "timestamp": 1775736846.1012163
}
{
    "idx_task": 253,
    "task_name": "cpu_intensive",
    "duration_into_wraps": 1.76,
    "data": {
        "ppid": 314913,
        "voluntary_ctxt_switches": 1,
        "nonvoluntary_ctxt_switches": 4,
        "delta_jiffies": 76,
        "delta_time": 1.7573,
        "cpu_load": 43.25,
        "memory_mib": 0.0
    },
    "timestamp": 1775736847.8624976
}
{
    "idx_task": 257,
    "task_name": "cpu_intensive",
    "duration_into_wraps": 1.79,
    "data": {
        "ppid": 314913,
        "voluntary_ctxt_switches": 1,
        "nonvoluntary_ctxt_switches": 26,
        "delta_jiffies": 79,
        "delta_time": 1.792,
        "cpu_load": 44.08,
        "memory_mib": 0.0
    },
    "timestamp": 1775736849.6602755
}
{
    "idx_task": 261,
    "task_name": "cpu_intensive",
    "duration_into_wraps": 2.11,
    "data": {
        "ppid": 314913,
        "voluntary_ctxt_switches": 1,
        "nonvoluntary_ctxt_switches": 982,
        "delta_jiffies": 108,
        "delta_time": 2.1112,
        "cpu_load": 51.16,
        "memory_mib": 0.0
    },
    "timestamp": 1775736851.776518
}
{
    "idx_task": 265,
    "task_name": "cpu_intensive",
    "duration_into_wraps": 1.64,
    "data": {
        "ppid": 314913,
        "voluntary_ctxt_switches": 1,
        "nonvoluntary_ctxt_switches": 47,
        "delta_jiffies": 64,
        "delta_time": 1.6377000000000002,
        "cpu_load": 39.08,
        "memory_mib": 0.0
    },
    "timestamp": 1775736853.4192145
}
{
    "idx_task": 269,
    "task_name": "cpu_intensive",
    "duration_into_wraps": 1.69,
    "data": {
        "ppid": 314913,
        "voluntary_ctxt_switches": 1,
        "nonvoluntary_ctxt_switches": 25,
        "delta_jiffies": 69,
        "delta_time": 1.6903,
        "cpu_load": 40.82,
        "memory_mib": 0.0
    },
    "timestamp": 1775736855.1133282
}
{
    "idx_task": 273,
    "task_name": "cpu_intensive",
    "duration_into_wraps": 1.78,
    "data": {
        "ppid": 314913,
        "voluntary_ctxt_switches": 1,
        "nonvoluntary_ctxt_switches": 36,
        "delta_jiffies": 79,
        "delta_time": 1.7810000000000001,
        "cpu_load": 44.36,
        "memory_mib": 0.0
    },
    "timestamp": 1775736856.8993478
}
{
    "idx_task": 277,
    "task_name": "cpu_intensive",
    "duration_into_wraps": 2.08,
    "data": {
        "ppid": 314913,
        "voluntary_ctxt_switches": 1,
        "nonvoluntary_ctxt_switches": 44,
        "delta_jiffies": 107,
        "delta_time": 2.0809,
        "cpu_load": 51.42,
        "memory_mib": 0.0
    },
    "timestamp": 1775736858.9868073
}
{
    "idx_task": 281,
    "task_name": "cpu_intensive",
    "duration_into_wraps": 1.61,
    "data": {
        "ppid": 314913,
        "voluntary_ctxt_switches": 1,
        "nonvoluntary_ctxt_switches": 2,
        "delta_jiffies": 61,
        "delta_time": 1.608,
        "cpu_load": 37.94,
        "memory_mib": 0.0
    },
    "timestamp": 1775736860.5997427
}
{
    "idx_task": 285,
    "task_name": "cpu_intensive",
    "duration_into_wraps": 1.62,
    "data": {
        "ppid": 314913,
        "voluntary_ctxt_switches": 1,
        "nonvoluntary_ctxt_switches": 30,
        "delta_jiffies": 62,
        "delta_time": 1.6195,
        "cpu_load": 38.28,
        "memory_mib": 0.0
    },
    "timestamp": 1775736862.2230601
}
{
    "idx_task": 289,
    "task_name": "cpu_intensive",
    "duration_into_wraps": 1.93,
    "data": {
        "ppid": 314913,
        "voluntary_ctxt_switches": 1,
        "nonvoluntary_ctxt_switches": 56,
        "delta_jiffies": 93,
        "delta_time": 1.9254,
        "cpu_load": 48.3,
        "memory_mib": 0.0
    },
    "timestamp": 1775736864.153418
}
{
    "idx_task": 293,
    "task_name": "cpu_intensive",
    "duration_into_wraps": 1.61,
    "data": {
        "ppid": 314913,
        "voluntary_ctxt_switches": 1,
        "nonvoluntary_ctxt_switches": 1,
        "delta_jiffies": 61,
        "delta_time": 1.6119,
        "cpu_load": 37.84,
        "memory_mib": 0.0
    },
    "timestamp": 1775736865.7699437
}
{
    "idx_task": 297,
    "task_name": "cpu_intensive",
    "duration_into_wraps": 1.77,
    "data": {
        "ppid": 314913,
        "voluntary_ctxt_switches": 1,
        "nonvoluntary_ctxt_switches": 6,
        "delta_jiffies": 77,
        "delta_time": 1.7714,
        "cpu_load": 43.47,
        "memory_mib": 0.0
    },
    "timestamp": 1775736867.545592
}
