{
    "active_periods": [
        {
            "start": 1778770296.385257,
            "end": 1778770599.078396,
            "duration_sec": 302.6931390762329,
            "tasks_completed": 545,
            "throughput_tps": 1.8005033138948763
        }
    ],
    "history": [
        {
            "timestamp": 1778770296.385257,
            "messages": 0,
            "ack": 4624
        },
        {
            "timestamp": 1778770301.392448,
            "messages": 0,
            "ack": 4624
        },
        {
            "timestamp": 1778770306.397448,
            "messages": 26,
            "ack": 4632
        },
        {
            "timestamp": 1778770311.401947,
            "messages": 45,
            "ack": 4638
        },
        {
            "timestamp": 1778770316.406607,
            "messages": 57,
            "ack": 4652
        },
        {
            "timestamp": 1778770321.411035,
            "messages": 81,
            "ack": 4662
        },
        {
            "timestamp": 1778770326.41533,
            "messages": 95,
            "ack": 4670
        },
        {
            "timestamp": 1778770331.419874,
            "messages": 104,
            "ack": 4680
        },
        {
            "timestamp": 1778770336.424476,
            "messages": 128,
            "ack": 4688
        },
        {
            "timestamp": 1778770341.429624,
            "messages": 142,
            "ack": 4698
        },
        {
            "timestamp": 1778770346.435301,
            "messages": 142,
            "ack": 4706
        },
        {
            "timestamp": 1778770351.439671,
            "messages": 166,
            "ack": 4716
        },
        {
            "timestamp": 1778770356.445058,
            "messages": 180,
            "ack": 4724
        },
        {
            "timestamp": 1778770361.450214,
            "messages": 196,
            "ack": 4734
        },
        {
            "timestamp": 1778770366.455474,
            "messages": 207,
            "ack": 4742
        },
        {
            "timestamp": 1778770371.461142,
            "messages": 231,
            "ack": 4752
        },
        {
            "timestamp": 1778770376.465536,
            "messages": 245,
            "ack": 4760
        },
        {
            "timestamp": 1778770381.471271,
            "messages": 269,
            "ack": 4770
        },
        {
            "timestamp": 1778770386.476744,
            "messages": 283,
            "ack": 4778
        },
        {
            "timestamp": 1778770391.485557,
            "messages": 292,
            "ack": 4788
        },
        {
            "timestamp": 1778770396.490192,
            "messages": 308,
            "ack": 4796
        },
        {
            "timestamp": 1778770401.496152,
            "messages": 330,
            "ack": 4806
        },
        {
            "timestamp": 1778770406.500689,
            "messages": 346,
            "ack": 4814
        },
        {
            "timestamp": 1778770411.506131,
            "messages": 346,
            "ack": 4824
        },
        {
            "timestamp": 1778770416.5109,
            "messages": 368,
            "ack": 4832
        },
        {
            "timestamp": 1778770421.515177,
            "messages": 384,
            "ack": 4842
        },
        {
            "timestamp": 1778770426.520294,
            "messages": 395,
            "ack": 4850
        },
        {
            "timestamp": 1778770431.525315,
            "messages": 419,
            "ack": 4860
        },
        {
            "timestamp": 1778770436.529639,
            "messages": 433,
            "ack": 4868
        },
        {
            "timestamp": 1778770441.533531,
            "messages": 457,
            "ack": 4878
        },
        {
            "timestamp": 1778770446.537959,
            "messages": 471,
            "ack": 4886
        },
        {
            "timestamp": 1778770451.543055,
            "messages": 487,
            "ack": 4896
        },
        {
            "timestamp": 1778770456.546739,
            "messages": 501,
            "ack": 4904
        },
        {
            "timestamp": 1778770461.550844,
            "messages": 510,
            "ack": 4914
        },
        {
            "timestamp": 1778770466.556139,
            "messages": 527,
            "ack": 4921
        },
        {
            "timestamp": 1778770471.561004,
            "messages": 548,
            "ack": 4932
        },
        {
            "timestamp": 1778770476.565725,
            "messages": 564,
            "ack": 4940
        },
        {
            "timestamp": 1778770481.570029,
            "messages": 564,
            "ack": 4950
        },
        {
            "timestamp": 1778770486.573946,
            "messages": 586,
            "ack": 4958
        },
        {
            "timestamp": 1778770491.577738,
            "messages": 602,
            "ack": 4968
        },
        {
            "timestamp": 1778770496.582313,
            "messages": 613,
            "ack": 4976
        },
        {
            "timestamp": 1778770501.586805,
            "messages": 637,
            "ack": 4986
        },
        {
            "timestamp": 1778770506.59115,
            "messages": 651,
            "ack": 4994
        },
        {
            "timestamp": 1778770511.594803,
            "messages": 675,
            "ack": 5004
        },
        {
            "timestamp": 1778770516.600762,
            "messages": 689,
            "ack": 5012
        },
        {
            "timestamp": 1778770521.606009,
            "messages": 698,
            "ack": 5022
        },
        {
            "timestamp": 1778770526.609648,
            "messages": 715,
            "ack": 5029
        },
        {
            "timestamp": 1778770531.614128,
            "messages": 736,
            "ack": 5040
        },
        {
            "timestamp": 1778770536.618342,
            "messages": 752,
            "ack": 5048
        },
        {
            "timestamp": 1778770541.623135,
            "messages": 771,
            "ack": 5058
        },
        {
            "timestamp": 1778770546.628287,
            "messages": 771,
            "ack": 5066
        },
        {
            "timestamp": 1778770551.634416,
            "messages": 790,
            "ack": 5076
        },
        {
            "timestamp": 1778770556.639076,
            "messages": 801,
            "ack": 5084
        },
        {
            "timestamp": 1778770561.643805,
            "messages": 825,
            "ack": 5094
        },
        {
            "timestamp": 1778770566.646968,
            "messages": 839,
            "ack": 5102
        },
        {
            "timestamp": 1778770571.651552,
            "messages": 863,
            "ack": 5115
        },
        {
            "timestamp": 1778770576.65657,
            "messages": 872,
            "ack": 5120
        },
        {
            "timestamp": 1778770581.662672,
            "messages": 886,
            "ack": 5133
        },
        {
            "timestamp": 1778770586.667259,
            "messages": 910,
            "ack": 5138
        },
        {
            "timestamp": 1778770591.671259,
            "messages": 924,
            "ack": 5151
        },
        {
            "timestamp": 1778770596.676693,
            "messages": 940,
            "ack": 5159
        },
        {
            "timestamp": 1778770599.072987,
            "messages": 951,
            "ack": 5169
        }
    ]
}