Процесс: 115021
УПРАВЛЯЮЩИЙ ПРОЦЕСС
Родитель: 13546
Создан: 2026-04-26T21:25:42.370000
Последний замер: 2026-04-26T21:30:46.246558
Время жизни: 303.876558 сек
voluntary_ctxt_switches: 3490
nonvoluntary_ctxt_switches: 45
jiffies: 128.0
avg_cpu_load: 0.3 %
avg_memory_mb: 42.8 MB


Процесс: 115028
Родитель: 115021
Создан: 2026-04-26T21:25:42.800000
Последний замер: 2026-04-26T21:30:46.246789
Время жизни: 303.446789 сек
voluntary_ctxt_switches: 960
nonvoluntary_ctxt_switches: 3824
jiffies: 8099.0
avg_cpu_load: 26.7 %
avg_memory_mb: 119.2 MB

Среднее latency: 7.57
Средний runtime: 1.66
Всего задач: 181
Задач по типам: memory_intensive - 59; cpu_intensive - 122

Процесс: 115029
Родитель: 115021
Создан: 2026-04-26T21:25:42.820000
Последний замер: 2026-04-26T21:30:46.246994
Время жизни: 303.426994 сек
voluntary_ctxt_switches: 977
nonvoluntary_ctxt_switches: 2955
jiffies: 8045.0
avg_cpu_load: 26.7 %
avg_memory_mb: 116.4 MB

Среднее latency: 7.38
Средний runtime: 1.66
Всего задач: 182
Задач по типам: cpu_intensive - 121; memory_intensive - 61

Процесс: 115030
Родитель: 115021
Создан: 2026-04-26T21:25:42.840000
Последний замер: 2026-04-26T21:30:46.247197
Время жизни: 303.407197 сек
voluntary_ctxt_switches: 961
nonvoluntary_ctxt_switches: 3475
jiffies: 8045.0
avg_cpu_load: 26.7 %
avg_memory_mb: 119.1 MB

Среднее latency: 7.55
Средний runtime: 1.65
Всего задач: 182
Задач по типам: cpu_intensive - 123; memory_intensive - 59

Процесс: 115031
Родитель: 115021
Создан: 2026-04-26T21:25:42.870000
Последний замер: 2026-04-26T21:30:46.247399
Время жизни: 303.377399 сек
voluntary_ctxt_switches: 998
nonvoluntary_ctxt_switches: 3088
jiffies: 7818.0
avg_cpu_load: 25.8 %
avg_memory_mb: 115.5 MB

Среднее latency: 7.01
Средний runtime: 1.66
Всего задач: 182
Задач по типам: cpu_intensive - 119; memory_intensive - 63

