{
    "active_periods": [
        {
            "start": 1778812777.228095,
            "end": 1778813081.138919,
            "duration_sec": 303.91082406044006,
            "tasks_completed": 224,
            "throughput_tps": 0.7370583153545467
        }
    ],
    "history": [
        {
            "timestamp": 1778812777.228095,
            "messages": 0,
            "ack": 50298
        },
        {
            "timestamp": 1778812782.235177,
            "messages": 0,
            "ack": 50298
        },
        {
            "timestamp": 1778812787.242051,
            "messages": 2,
            "ack": 50303
        },
        {
            "timestamp": 1778812792.248324,
            "messages": 7,
            "ack": 50306
        },
        {
            "timestamp": 1778812797.254719,
            "messages": 9,
            "ack": 50310
        },
        {
            "timestamp": 1778812802.25986,
            "messages": 12,
            "ack": 50313
        },
        {
            "timestamp": 1778812807.266849,
            "messages": 15,
            "ack": 50318
        },
        {
            "timestamp": 1778812812.272718,
            "messages": 17,
            "ack": 50321
        },
        {
            "timestamp": 1778812817.277483,
            "messages": 17,
            "ack": 50325
        },
        {
            "timestamp": 1778812822.283372,
            "messages": 20,
            "ack": 50328
        },
        {
            "timestamp": 1778812827.289309,
            "messages": 23,
            "ack": 50333
        },
        {
            "timestamp": 1778812832.294098,
            "messages": 28,
            "ack": 50336
        },
        {
            "timestamp": 1778812837.299453,
            "messages": 31,
            "ack": 50340
        },
        {
            "timestamp": 1778812842.304892,
            "messages": 33,
            "ack": 50343
        },
        {
            "timestamp": 1778812847.311134,
            "messages": 36,
            "ack": 50348
        },
        {
            "timestamp": 1778812852.316826,
            "messages": 39,
            "ack": 50351
        },
        {
            "timestamp": 1778812857.321576,
            "messages": 41,
            "ack": 50355
        },
        {
            "timestamp": 1778812862.328074,
            "messages": 44,
            "ack": 50358
        },
        {
            "timestamp": 1778812867.334047,
            "messages": 47,
            "ack": 50363
        },
        {
            "timestamp": 1778812872.340719,
            "messages": 49,
            "ack": 50366
        },
        {
            "timestamp": 1778812877.347775,
            "messages": 49,
            "ack": 50369
        },
        {
            "timestamp": 1778812882.352147,
            "messages": 52,
            "ack": 50373
        },
        {
            "timestamp": 1778812887.357565,
            "messages": 55,
            "ack": 50376
        },
        {
            "timestamp": 1778812892.363641,
            "messages": 57,
            "ack": 50381
        },
        {
            "timestamp": 1778812897.368319,
            "messages": 60,
            "ack": 50384
        },
        {
            "timestamp": 1778812902.373774,
            "messages": 63,
            "ack": 50388
        },
        {
            "timestamp": 1778812907.37931,
            "messages": 65,
            "ack": 50391
        },
        {
            "timestamp": 1778812912.384997,
            "messages": 68,
            "ack": 50396
        },
        {
            "timestamp": 1778812917.391003,
            "messages": 71,
            "ack": 50399
        },
        {
            "timestamp": 1778812922.3958,
            "messages": 73,
            "ack": 50403
        },
        {
            "timestamp": 1778812927.400777,
            "messages": 76,
            "ack": 50406
        },
        {
            "timestamp": 1778812932.405893,
            "messages": 79,
            "ack": 50411
        },
        {
            "timestamp": 1778812937.411621,
            "messages": 81,
            "ack": 50414
        },
        {
            "timestamp": 1778812942.417004,
            "messages": 81,
            "ack": 50418
        },
        {
            "timestamp": 1778812947.42242,
            "messages": 84,
            "ack": 50421
        },
        {
            "timestamp": 1778812952.427836,
            "messages": 87,
            "ack": 50426
        },
        {
            "timestamp": 1778812957.434972,
            "messages": 89,
            "ack": 50429
        },
        {
            "timestamp": 1778812962.441019,
            "messages": 92,
            "ack": 50433
        },
        {
            "timestamp": 1778812967.446349,
            "messages": 95,
            "ack": 50436
        },
        {
            "timestamp": 1778812972.451828,
            "messages": 97,
            "ack": 50441
        },
        {
            "timestamp": 1778812977.457239,
            "messages": 100,
            "ack": 50444
        },
        {
            "timestamp": 1778812982.463203,
            "messages": 103,
            "ack": 50447
        },
        {
            "timestamp": 1778812987.46908,
            "messages": 105,
            "ack": 50451
        },
        {
            "timestamp": 1778812992.475993,
            "messages": 108,
            "ack": 50454
        },
        {
            "timestamp": 1778812997.481883,
            "messages": 111,
            "ack": 50459
        },
        {
            "timestamp": 1778813002.488437,
            "messages": 113,
            "ack": 50462
        },
        {
            "timestamp": 1778813007.494469,
            "messages": 116,
            "ack": 50466
        },
        {
            "timestamp": 1778813012.501814,
            "messages": 116,
            "ack": 50469
        },
        {
            "timestamp": 1778813017.507701,
            "messages": 119,
            "ack": 50474
        },
        {
            "timestamp": 1778813022.512816,
            "messages": 121,
            "ack": 50477
        },
        {
            "timestamp": 1778813027.518359,
            "messages": 124,
            "ack": 50481
        },
        {
            "timestamp": 1778813032.52548,
            "messages": 126,
            "ack": 50484
        },
        {
            "timestamp": 1778813037.531097,
            "messages": 129,
            "ack": 50489
        },
        {
            "timestamp": 1778813042.537956,
            "messages": 132,
            "ack": 50492
        },
        {
            "timestamp": 1778813047.544099,
            "messages": 134,
            "ack": 50496
        },
        {
            "timestamp": 1778813052.549348,
            "messages": 137,
            "ack": 50499
        },
        {
            "timestamp": 1778813057.554528,
            "messages": 140,
            "ack": 50504
        },
        {
            "timestamp": 1778813062.56002,
            "messages": 142,
            "ack": 50507
        },
        {
            "timestamp": 1778813067.566123,
            "messages": 145,
            "ack": 50511
        },
        {
            "timestamp": 1778813072.571708,
            "messages": 148,
            "ack": 50514
        },
        {
            "timestamp": 1778813077.576304,
            "messages": 150,
            "ack": 50517
        },
        {
            "timestamp": 1778813081.13195,
            "messages": 150,
            "ack": 50522
        }
    ]
}