Процесс: 42513
УПРАВЛЯЮЩИЙ ПРОЦЕСС
Родитель: 13546
Создан: 2026-04-26T07:03:11.090000
Последний замер: 2026-04-26T07:08:13.647423
Время жизни: 302.557423 сек
voluntary_ctxt_switches: 1650
nonvoluntary_ctxt_switches: 65
jiffies: 86.0
avg_cpu_load: 0.1 %
avg_memory_mb: 42.8 MB


Процесс: 42520
Родитель: 42513
Создан: 2026-04-26T07:03:11.490000
Последний замер: 2026-04-26T07:08:13.647656
Время жизни: 302.157656 сек
voluntary_ctxt_switches: 164
nonvoluntary_ctxt_switches: 2197
jiffies: 1325.0
avg_cpu_load: 4.4 %
avg_memory_mb: 109.1 MB

Среднее latency: 1.89
Средний runtime: 1.87
Всего задач: 30
Задач по типам: cpu_intensive - 20; memory_intensive - 10

Процесс: 42521
Родитель: 42513
Создан: 2026-04-26T07:03:11.510000
Последний замер: 2026-04-26T07:08:13.647860
Время жизни: 302.13786 сек
voluntary_ctxt_switches: 170
nonvoluntary_ctxt_switches: 1411
jiffies: 1342.0
avg_cpu_load: 4.5 %
avg_memory_mb: 112.7 MB

Среднее latency: 1.82
Средний runtime: 1.8
Всего задач: 30
Задач по типам: memory_intensive - 10; cpu_intensive - 20

Процесс: 42522
Родитель: 42513
Создан: 2026-04-26T07:03:11.540000
Последний замер: 2026-04-26T07:08:13.648062
Время жизни: 302.108062 сек
voluntary_ctxt_switches: 167
nonvoluntary_ctxt_switches: 1102
jiffies: 1323.0
avg_cpu_load: 4.4 %
avg_memory_mb: 111.4 MB

Среднее latency: 1.78
Средний runtime: 1.76
Всего задач: 30
Задач по типам: cpu_intensive - 20; memory_intensive - 10

Процесс: 42523
Родитель: 42513
Создан: 2026-04-26T07:03:11.560000
Последний замер: 2026-04-26T07:08:13.648263
Время жизни: 302.088263 сек
voluntary_ctxt_switches: 164
nonvoluntary_ctxt_switches: 1347
jiffies: 1344.0
avg_cpu_load: 4.5 %
avg_memory_mb: 109.1 MB

Среднее latency: 1.8
Средний runtime: 1.78
Всего задач: 30
Задач по типам: cpu_intensive - 20; memory_intensive - 10

Процесс: 42524
Родитель: 42513
Создан: 2026-04-26T07:03:11.580000
Последний замер: 2026-04-26T07:08:13.648464
Время жизни: 302.068464 сек
voluntary_ctxt_switches: 166
nonvoluntary_ctxt_switches: 1255
jiffies: 1311.0
avg_cpu_load: 4.3 %
avg_memory_mb: 112.7 MB

Среднее latency: 1.79
Средний runtime: 1.77
Всего задач: 30
Задач по типам: memory_intensive - 10; cpu_intensive - 20

Процесс: 42531
Родитель: 42513
Создан: 2026-04-26T07:03:11.610000
Последний замер: 2026-04-26T07:08:13.648785
Время жизни: 302.038785 сек
voluntary_ctxt_switches: 164
nonvoluntary_ctxt_switches: 2096
jiffies: 1362.0
avg_cpu_load: 4.5 %
avg_memory_mb: 111.4 MB

Среднее latency: 1.89
Средний runtime: 1.87
Всего задач: 30
Задач по типам: cpu_intensive - 20; memory_intensive - 10

Процесс: 42532
Родитель: 42513
Создан: 2026-04-26T07:03:11.630000
Последний замер: 2026-04-26T07:08:13.648988
Время жизни: 302.018988 сек
voluntary_ctxt_switches: 162
nonvoluntary_ctxt_switches: 1977
jiffies: 1315.0
avg_cpu_load: 4.4 %
avg_memory_mb: 109.1 MB

Среднее latency: 1.87
Средний runtime: 1.85
Всего задач: 30
Задач по типам: cpu_intensive - 20; memory_intensive - 10

Процесс: 42533
Родитель: 42513
Создан: 2026-04-26T07:03:11.650000
Последний замер: 2026-04-26T07:08:13.649189
Время жизни: 301.999189 сек
voluntary_ctxt_switches: 161
nonvoluntary_ctxt_switches: 2376
jiffies: 1338.0
avg_cpu_load: 4.4 %
avg_memory_mb: 111.4 MB

Среднее latency: 1.91
Средний runtime: 1.89
Всего задач: 30
Задач по типам: cpu_intensive - 20; memory_intensive - 10

