{
    "364912": {
        "ppid": "254983",
        "name": "celery",
        "cmdline": "/home/experimenter/projects/celery-autoscale/.venv/bin/python3 /home/experimenter/projects/celery-autoscale/.venv/bin/celery -A celery_app worker --loglevel=INFO --concurrency=2 --pool=eventlet",
        "create_time": "2026-05-15T11:22:33.100000",
        "last_update": "2026-05-15T11:27:34.832732",
        "voluntary_ctxt_switches": 2228,
        "nonvoluntary_ctxt_switches": 517,
        "jiffies": 5970,
        "stats": [
            {
                "memory_mb": 52.234375,
                "cpu_percent": 0.0,
                "timestamp": 1778833354.1685436
            },
            {
                "memory_mb": 52.70703125,
                "cpu_percent": 24.8,
                "timestamp": 1778833355.2169964
            },
            {
                "memory_mb": 52.74609375,
                "cpu_percent": 38.0,
                "timestamp": 1778833356.2687495
            },
            {
                "memory_mb": 52.75,
                "cpu_percent": 66.8,
                "timestamp": 1778833357.3159254
            },
            {
                "memory_mb": 52.7578125,
                "cpu_percent": 0.0,
                "timestamp": 1778833358.3675108
            },
            {
                "memory_mb": 52.7578125,
                "cpu_percent": 0.0,
                "timestamp": 1778833359.419911
            },
            {
                "memory_mb": 126.57421875,
                "cpu_percent": 9.5,
                "timestamp": 1778833360.4727068
            },
            {
                "memory_mb": 144.99609375,
                "cpu_percent": 64.7,
                "timestamp": 1778833361.524161
            },
            {
                "memory_mb": 135.29296875,
                "cpu_percent": 3.8,
                "timestamp": 1778833362.575784
            },
            {
                "memory_mb": 135.29296875,
                "cpu_percent": 0.0,
                "timestamp": 1778833363.627276
            },
            {
                "memory_mb": 135.296875,
                "cpu_percent": 6.7,
                "timestamp": 1778833364.6739514
            },
            {
                "memory_mb": 135.30078125,
                "cpu_percent": 61.8,
                "timestamp": 1778833365.7254503
            },
            {
                "memory_mb": 144.84375,
                "cpu_percent": 3.8,
                "timestamp": 1778833366.777163
            },
            {
                "memory_mb": 107.22265625,
                "cpu_percent": 2.9,
                "timestamp": 1778833367.8289733
            },
            {
                "memory_mb": 107.22265625,
                "cpu_percent": 0.0,
                "timestamp": 1778833368.8807275
            },
            {
                "memory_mb": 107.2265625,
                "cpu_percent": 30.6,
                "timestamp": 1778833369.927413
            },
            {
                "memory_mb": 107.23046875,
                "cpu_percent": 35.2,
                "timestamp": 1778833370.978211
            },
            {
                "memory_mb": 107.2265625,
                "cpu_percent": 68.7,
                "timestamp": 1778833372.0266619
            },
            {
                "memory_mb": 107.2265625,
                "cpu_percent": 0.0,
                "timestamp": 1778833373.0780954
            },
            {
                "memory_mb": 107.2265625,
                "cpu_percent": 0.0,
                "timestamp": 1778833374.1322064
            },
            {
                "memory_mb": 107.99609375,
                "cpu_percent": 2.9,
                "timestamp": 1778833375.1840296
            },
            {
                "memory_mb": 144.8515625,
                "cpu_percent": 63.0,
                "timestamp": 1778833376.23102
            },
            {
                "memory_mb": 135.140625,
                "cpu_percent": 10.5,
                "timestamp": 1778833377.2826846
            },
            {
                "memory_mb": 135.140625,
                "cpu_percent": 0.0,
                "timestamp": 1778833378.333971
            },
            {
                "memory_mb": 135.140625,
                "cpu_percent": 0.0,
                "timestamp": 1778833379.384923
            },
            {
                "memory_mb": 135.1484375,
                "cpu_percent": 65.6,
                "timestamp": 1778833380.4366622
            },
            {
                "memory_mb": 144.84375,
                "cpu_percent": 4.8,
                "timestamp": 1778833381.4883358
            },
            {
                "memory_mb": 107.703125,
                "cpu_percent": 2.9,
                "timestamp": 1778833382.5403185
            },
            {
                "memory_mb": 107.703125,
                "cpu_percent": 0.0,
                "timestamp": 1778833383.5916884
            },
            {
                "memory_mb": 107.70703125,
                "cpu_percent": 3.8,
                "timestamp": 1778833384.6463475
            },
            {
                "memory_mb": 107.7109375,
                "cpu_percent": 62.8,
                "timestamp": 1778833385.6977365
            },
            {
                "memory_mb": 107.70703125,
                "cpu_percent": 41.1,
                "timestamp": 1778833386.7448084
            },
            {
                "memory_mb": 107.703125,
                "cpu_percent": 28.5,
                "timestamp": 1778833387.7965693
            },
            {
                "memory_mb": 107.703125,
                "cpu_percent": 0.0,
                "timestamp": 1778833388.848747
            },
            {
                "memory_mb": 107.7109375,
                "cpu_percent": 1.9,
                "timestamp": 1778833389.8991354
            },
            {
                "memory_mb": 144.84765625,
                "cpu_percent": 35.3,
                "timestamp": 1778833390.9461076
            },
            {
                "memory_mb": 135.140625,
                "cpu_percent": 40.1,
                "timestamp": 1778833391.9946177
            },
            {
                "memory_mb": 135.140625,
                "cpu_percent": 0.0,
                "timestamp": 1778833393.0461977
            },
            {
                "memory_mb": 135.140625,
                "cpu_percent": 0.0,
                "timestamp": 1778833394.0977743
            },
            {
                "memory_mb": 135.14453125,
                "cpu_percent": 49.6,
                "timestamp": 1778833395.1456993
            },
            {
                "memory_mb": 135.1484375,
                "cpu_percent": 19.0,
                "timestamp": 1778833396.1964624
            },
            {
                "memory_mb": 135.140625,
                "cpu_percent": 4.8,
                "timestamp": 1778833397.2482488
            },
            {
                "memory_mb": 135.140625,
                "cpu_percent": 0.0,
                "timestamp": 1778833398.2997017
            },
            {
                "memory_mb": 135.140625,
                "cpu_percent": 0.0,
                "timestamp": 1778833399.3509862
            },
            {
                "memory_mb": 135.1484375,
                "cpu_percent": 66.7,
                "timestamp": 1778833400.4009528
            },
            {
                "memory_mb": 135.14453125,
                "cpu_percent": 10.5,
                "timestamp": 1778833401.447704
            },
            {
                "memory_mb": 135.140625,
                "cpu_percent": 62.8,
                "timestamp": 1778833402.4993334
            },
            {
                "memory_mb": 135.140625,
                "cpu_percent": 0.0,
                "timestamp": 1778833403.550905
            },
            {
                "memory_mb": 135.140625,
                "cpu_percent": 0.0,
                "timestamp": 1778833404.6032505
            },
            {
                "memory_mb": 144.8515625,
                "cpu_percent": 6.7,
                "timestamp": 1778833405.6540966
            },
            {
                "memory_mb": 144.84765625,
                "cpu_percent": 63.7,
                "timestamp": 1778833406.7056494
            },
            {
                "memory_mb": 135.140625,
                "cpu_percent": 2.9,
                "timestamp": 1778833407.7573195
            },
            {
                "memory_mb": 135.140625,
                "cpu_percent": 0.0,
                "timestamp": 1778833408.8088932
            },
            {
                "memory_mb": 135.14453125,
                "cpu_percent": 21.0,
                "timestamp": 1778833409.8557758
            },
            {
                "memory_mb": 135.1484375,
                "cpu_percent": 48.5,
                "timestamp": 1778833410.9073124
            },
            {
                "memory_mb": 144.84375,
                "cpu_percent": 2.9,
                "timestamp": 1778833411.9586732
            },
            {
                "memory_mb": 135.140625,
                "cpu_percent": 2.9,
                "timestamp": 1778833413.0108864
            },
            {
                "memory_mb": 135.140625,
                "cpu_percent": 0.0,
                "timestamp": 1778833414.0624142
            },
            {
                "memory_mb": 135.14453125,
                "cpu_percent": 44.9,
                "timestamp": 1778833415.109312
            },
            {
                "memory_mb": 135.1484375,
                "cpu_percent": 20.9,
                "timestamp": 1778833416.160383
            },
            {
                "memory_mb": 135.140625,
                "cpu_percent": 67.5,
                "timestamp": 1778833417.2120736
            },
            {
                "memory_mb": 135.140625,
                "cpu_percent": 0.0,
                "timestamp": 1778833418.2637765
            },
            {
                "memory_mb": 135.140625,
                "cpu_percent": 0.0,
                "timestamp": 1778833419.3151488
            },
            {
                "memory_mb": 135.1484375,
                "cpu_percent": 3.8,
                "timestamp": 1778833420.366474
            },
            {
                "memory_mb": 144.84375,
                "cpu_percent": 66.5,
                "timestamp": 1778833421.4183493
            },
            {
                "memory_mb": 135.140625,
                "cpu_percent": 2.9,
                "timestamp": 1778833422.4700081
            },
            {
                "memory_mb": 135.140625,
                "cpu_percent": 0.0,
                "timestamp": 1778833423.5217245
            },
            {
                "memory_mb": 135.140625,
                "cpu_percent": 0.0,
                "timestamp": 1778833424.5729487
            },
            {
                "memory_mb": 135.1484375,
                "cpu_percent": 67.5,
                "timestamp": 1778833425.624998
            },
            {
                "memory_mb": 144.84375,
                "cpu_percent": 3.8,
                "timestamp": 1778833426.6767857
            },
            {
                "memory_mb": 135.140625,
                "cpu_percent": 3.8,
                "timestamp": 1778833427.7278535
            },
            {
                "memory_mb": 135.140625,
                "cpu_percent": 0.0,
                "timestamp": 1778833428.7793627
            },
            {
                "memory_mb": 135.14453125,
                "cpu_percent": 18.1,
                "timestamp": 1778833429.8262284
            },
            {
                "memory_mb": 135.1484375,
                "cpu_percent": 47.5,
                "timestamp": 1778833430.8781273
            },
            {
                "memory_mb": 135.14453125,
                "cpu_percent": 56.4,
                "timestamp": 1778833431.925096
            },
            {
                "memory_mb": 135.140625,
                "cpu_percent": 10.5,
                "timestamp": 1778833432.9769807
            },
            {
                "memory_mb": 135.140625,
                "cpu_percent": 0.0,
                "timestamp": 1778833434.0284748
            },
            {
                "memory_mb": 135.1484375,
                "cpu_percent": 1.9,
                "timestamp": 1778833435.07975
            },
            {
                "memory_mb": 144.84765625,
                "cpu_percent": 47.7,
                "timestamp": 1778833436.1275167
            },
            {
                "memory_mb": 135.14453125,
                "cpu_percent": 23.8,
                "timestamp": 1778833437.1790333
            },
            {
                "memory_mb": 135.14453125,
                "cpu_percent": 0.0,
                "timestamp": 1778833438.2308187
            },
            {
                "memory_mb": 135.14453125,
                "cpu_percent": 0.0,
                "timestamp": 1778833439.2816563
            },
            {
                "memory_mb": 135.1484375,
                "cpu_percent": 64.9,
                "timestamp": 1778833440.329032
            },
            {
                "memory_mb": 144.8515625,
                "cpu_percent": 10.5,
                "timestamp": 1778833441.3776004
            },
            {
                "memory_mb": 107.87890625,
                "cpu_percent": 2.9,
                "timestamp": 1778833442.428447
            },
            {
                "memory_mb": 107.87890625,
                "cpu_percent": 0.0,
                "timestamp": 1778833443.4800303
            },
            {
                "memory_mb": 107.87890625,
                "cpu_percent": 1.0,
                "timestamp": 1778833444.5314112
            },
            {
                "memory_mb": 107.88671875,
                "cpu_percent": 66.6,
                "timestamp": 1778833445.5832489
            },
            {
                "memory_mb": 107.8828125,
                "cpu_percent": 25.8,
                "timestamp": 1778833446.631334
            },
            {
                "memory_mb": 107.87890625,
                "cpu_percent": 39.9,
                "timestamp": 1778833447.6830018
            },
            {
                "memory_mb": 107.87890625,
                "cpu_percent": 0.0,
                "timestamp": 1778833448.7346475
            },
            {
                "memory_mb": 107.88671875,
                "cpu_percent": 1.0,
                "timestamp": 1778833449.7859893
            },
            {
                "memory_mb": 144.85546875,
                "cpu_percent": 22.0,
                "timestamp": 1778833450.8329744
            },
            {
                "memory_mb": 144.8515625,
                "cpu_percent": 49.5,
                "timestamp": 1778833451.8843937
            },
            {
                "memory_mb": 135.1484375,
                "cpu_percent": 2.9,
                "timestamp": 1778833452.9356165
            },
            {
                "memory_mb": 135.1484375,
                "cpu_percent": 0.0,
                "timestamp": 1778833453.9872856
            },
            {
                "memory_mb": 135.15234375,
                "cpu_percent": 35.4,
                "timestamp": 1778833455.0336041
            },
            {
                "memory_mb": 135.15625,
                "cpu_percent": 34.2,
                "timestamp": 1778833456.0851
            },
            {
                "memory_mb": 135.15234375,
                "cpu_percent": 5.7,
                "timestamp": 1778833457.1365767
            },
            {
                "memory_mb": 135.15234375,
                "cpu_percent": 0.0,
                "timestamp": 1778833458.1887712
            },
            {
                "memory_mb": 135.15234375,
                "cpu_percent": 0.0,
                "timestamp": 1778833459.2425723
            },
            {
                "memory_mb": 135.15625,
                "cpu_percent": 60.2,
                "timestamp": 1778833460.2896235
            },
            {
                "memory_mb": 135.16015625,
                "cpu_percent": 5.7,
                "timestamp": 1778833461.3410695
            },
            {
                "memory_mb": 135.15234375,
                "cpu_percent": 65.6,
                "timestamp": 1778833462.392303
            },
            {
                "memory_mb": 135.15234375,
                "cpu_percent": 0.0,
                "timestamp": 1778833463.4442582
            },
            {
                "memory_mb": 135.15234375,
                "cpu_percent": 0.0,
                "timestamp": 1778833464.4959705
            },
            {
                "memory_mb": 135.16015625,
                "cpu_percent": 4.7,
                "timestamp": 1778833465.548776
            },
            {
                "memory_mb": 144.85546875,
                "cpu_percent": 65.6,
                "timestamp": 1778833466.6003695
            },
            {
                "memory_mb": 135.15234375,
                "cpu_percent": 3.8,
                "timestamp": 1778833467.6518939
            },
            {
                "memory_mb": 135.15234375,
                "cpu_percent": 0.0,
                "timestamp": 1778833468.7034574
            },
            {
                "memory_mb": 135.15625,
                "cpu_percent": 6.7,
                "timestamp": 1778833469.750823
            },
            {
                "memory_mb": 135.16015625,
                "cpu_percent": 62.8,
                "timestamp": 1778833470.802199
            },
            {
                "memory_mb": 144.85546875,
                "cpu_percent": 3.8,
                "timestamp": 1778833471.853893
            },
            {
                "memory_mb": 107.9765625,
                "cpu_percent": 2.9,
                "timestamp": 1778833472.9055662
            },
            {
                "memory_mb": 107.9765625,
                "cpu_percent": 0.0,
                "timestamp": 1778833473.9571898
            },
            {
                "memory_mb": 107.98046875,
                "cpu_percent": 31.5,
                "timestamp": 1778833475.0054197
            },
            {
                "memory_mb": 107.984375,
                "cpu_percent": 34.2,
                "timestamp": 1778833476.0572913
            },
            {
                "memory_mb": 107.9765625,
                "cpu_percent": 68.8,
                "timestamp": 1778833477.1041527
            },
            {
                "memory_mb": 107.9765625,
                "cpu_percent": 0.0,
                "timestamp": 1778833478.155849
            },
            {
                "memory_mb": 107.9765625,
                "cpu_percent": 1.0,
                "timestamp": 1778833479.2075338
            },
            {
                "memory_mb": 108.3203125,
                "cpu_percent": 2.9,
                "timestamp": 1778833480.2600164
            },
            {
                "memory_mb": 144.859375,
                "cpu_percent": 63.0,
                "timestamp": 1778833481.3072503
            },
            {
                "memory_mb": 135.15234375,
                "cpu_percent": 9.5,
                "timestamp": 1778833482.358743
            },
            {
                "memory_mb": 135.15234375,
                "cpu_percent": 0.0,
                "timestamp": 1778833483.4108057
            },
            {
                "memory_mb": 135.15234375,
                "cpu_percent": 0.0,
                "timestamp": 1778833484.4623415
            },
            {
                "memory_mb": 135.16015625,
                "cpu_percent": 67.5,
                "timestamp": 1778833485.5144064
            },
            {
                "memory_mb": 144.859375,
                "cpu_percent": 4.8,
                "timestamp": 1778833486.5659382
            },
            {
                "memory_mb": 108.02734375,
                "cpu_percent": 2.9,
                "timestamp": 1778833487.617791
            },
            {
                "memory_mb": 108.02734375,
                "cpu_percent": 0.0,
                "timestamp": 1778833488.669377
            },
            {
                "memory_mb": 108.03125,
                "cpu_percent": 2.8,
                "timestamp": 1778833489.722985
            },
            {
                "memory_mb": 108.03515625,
                "cpu_percent": 62.8,
                "timestamp": 1778833490.7747428
            },
            {
                "memory_mb": 108.03125,
                "cpu_percent": 42.0,
                "timestamp": 1778833491.822133
            },
            {
                "memory_mb": 108.02734375,
                "cpu_percent": 24.7,
                "timestamp": 1778833492.8737187
            },
            {
                "memory_mb": 108.02734375,
                "cpu_percent": 0.0,
                "timestamp": 1778833493.9255438
            },
            {
                "memory_mb": 108.03515625,
                "cpu_percent": 1.9,
                "timestamp": 1778833494.9763677
            },
            {
                "memory_mb": 144.86328125,
                "cpu_percent": 37.2,
                "timestamp": 1778833496.0237982
            },
            {
                "memory_mb": 135.15625,
                "cpu_percent": 35.2,
                "timestamp": 1778833497.0756853
            },
            {
                "memory_mb": 135.15625,
                "cpu_percent": 0.0,
                "timestamp": 1778833498.1273787
            },
            {
                "memory_mb": 135.15625,
                "cpu_percent": 0.0,
                "timestamp": 1778833499.178794
            },
            {
                "memory_mb": 135.16015625,
                "cpu_percent": 50.6,
                "timestamp": 1778833500.2259395
            },
            {
                "memory_mb": 135.1640625,
                "cpu_percent": 20.9,
                "timestamp": 1778833501.277552
            },
            {
                "memory_mb": 108.0703125,
                "cpu_percent": 4.8,
                "timestamp": 1778833502.3292558
            },
            {
                "memory_mb": 108.0703125,
                "cpu_percent": 0.0,
                "timestamp": 1778833503.3808036
            },
            {
                "memory_mb": 108.0703125,
                "cpu_percent": 0.0,
                "timestamp": 1778833504.4321141
            },
            {
                "memory_mb": 108.078125,
                "cpu_percent": 62.7,
                "timestamp": 1778833505.4840517
            },
            {
                "memory_mb": 108.07421875,
                "cpu_percent": 16.2,
                "timestamp": 1778833506.5316806
            },
            {
                "memory_mb": 108.0703125,
                "cpu_percent": 49.5,
                "timestamp": 1778833507.5832462
            },
            {
                "memory_mb": 108.0703125,
                "cpu_percent": 0.0,
                "timestamp": 1778833508.635116
            },
            {
                "memory_mb": 108.0703125,
                "cpu_percent": 0.0,
                "timestamp": 1778833509.68619
            },
            {
                "memory_mb": 144.8671875,
                "cpu_percent": 9.5,
                "timestamp": 1778833510.737281
            },
            {
                "memory_mb": 144.86328125,
                "cpu_percent": 62.8,
                "timestamp": 1778833511.789012
            },
            {
                "memory_mb": 135.16015625,
                "cpu_percent": 1.9,
                "timestamp": 1778833512.8405216
            },
            {
                "memory_mb": 135.16015625,
                "cpu_percent": 1.0,
                "timestamp": 1778833513.8922944
            },
            {
                "memory_mb": 135.1640625,
                "cpu_percent": 22.0,
                "timestamp": 1778833514.9392607
            },
            {
                "memory_mb": 135.16796875,
                "cpu_percent": 47.6,
                "timestamp": 1778833515.9892142
            },
            {
                "memory_mb": 144.86328125,
                "cpu_percent": 2.9,
                "timestamp": 1778833517.040903
            },
            {
                "memory_mb": 108.12109375,
                "cpu_percent": 3.8,
                "timestamp": 1778833518.0922544
            },
            {
                "memory_mb": 108.12109375,
                "cpu_percent": 0.0,
                "timestamp": 1778833519.143821
            },
            {
                "memory_mb": 108.125,
                "cpu_percent": 45.9,
                "timestamp": 1778833520.190388
            },
            {
                "memory_mb": 108.12890625,
                "cpu_percent": 21.9,
                "timestamp": 1778833521.2419913
            },
            {
                "memory_mb": 108.12109375,
                "cpu_percent": 66.6,
                "timestamp": 1778833522.2936263
            },
            {
                "memory_mb": 108.12109375,
                "cpu_percent": 0.0,
                "timestamp": 1778833523.345233
            },
            {
                "memory_mb": 108.12109375,
                "cpu_percent": 0.0,
                "timestamp": 1778833524.3961408
            },
            {
                "memory_mb": 117.2265625,
                "cpu_percent": 4.7,
                "timestamp": 1778833525.449076
            },
            {
                "memory_mb": 144.86328125,
                "cpu_percent": 68.4,
                "timestamp": 1778833526.50114
            },
            {
                "memory_mb": 135.16015625,
                "cpu_percent": 2.9,
                "timestamp": 1778833527.552965
            },
            {
                "memory_mb": 135.16015625,
                "cpu_percent": 0.0,
                "timestamp": 1778833528.6048768
            },
            {
                "memory_mb": 135.16015625,
                "cpu_percent": 0.0,
                "timestamp": 1778833529.6571288
            },
            {
                "memory_mb": 135.16796875,
                "cpu_percent": 67.4,
                "timestamp": 1778833530.710121
            },
            {
                "memory_mb": 144.86328125,
                "cpu_percent": 4.8,
                "timestamp": 1778833531.7619717
            },
            {
                "memory_mb": 108.1640625,
                "cpu_percent": 2.9,
                "timestamp": 1778833532.81369
            },
            {
                "memory_mb": 108.1640625,
                "cpu_percent": 1.0,
                "timestamp": 1778833533.8653166
            },
            {
                "memory_mb": 108.16796875,
                "cpu_percent": 19.1,
                "timestamp": 1778833534.9124377
            },
            {
                "memory_mb": 108.171875,
                "cpu_percent": 45.6,
                "timestamp": 1778833535.9642708
            },
            {
                "memory_mb": 108.16796875,
                "cpu_percent": 59.2,
                "timestamp": 1778833537.0112395
            },
            {
                "memory_mb": 108.1640625,
                "cpu_percent": 10.5,
                "timestamp": 1778833538.0632014
            },
            {
                "memory_mb": 108.1640625,
                "cpu_percent": 0.0,
                "timestamp": 1778833539.1148615
            },
            {
                "memory_mb": 108.171875,
                "cpu_percent": 2.9,
                "timestamp": 1778833540.1667218
            },
            {
                "memory_mb": 144.8671875,
                "cpu_percent": 52.5,
                "timestamp": 1778833541.2140265
            },
            {
                "memory_mb": 135.16015625,
                "cpu_percent": 20.9,
                "timestamp": 1778833542.2657897
            },
            {
                "memory_mb": 135.16015625,
                "cpu_percent": 0.0,
                "timestamp": 1778833543.317533
            },
            {
                "memory_mb": 135.16015625,
                "cpu_percent": 0.0,
                "timestamp": 1778833544.3688285
            },
            {
                "memory_mb": 135.1640625,
                "cpu_percent": 66.8,
                "timestamp": 1778833545.4161754
            },
            {
                "memory_mb": 144.86328125,
                "cpu_percent": 7.6,
                "timestamp": 1778833546.46787
            },
            {
                "memory_mb": 144.859375,
                "cpu_percent": 2.9,
                "timestamp": 1778833547.5196528
            },
            {
                "memory_mb": 144.859375,
                "cpu_percent": 0.0,
                "timestamp": 1778833548.5715427
            },
            {
                "memory_mb": 144.859375,
                "cpu_percent": 0.9,
                "timestamp": 1778833549.6248493
            },
            {
                "memory_mb": 144.8671875,
                "cpu_percent": 65.6,
                "timestamp": 1778833550.6770165
            },
            {
                "memory_mb": 144.86328125,
                "cpu_percent": 28.6,
                "timestamp": 1778833551.7247474
            },
            {
                "memory_mb": 144.859375,
                "cpu_percent": 40.9,
                "timestamp": 1778833552.7766573
            },
            {
                "memory_mb": 144.859375,
                "cpu_percent": 0.0,
                "timestamp": 1778833553.8285267
            },
            {
                "memory_mb": 144.8671875,
                "cpu_percent": 1.0,
                "timestamp": 1778833554.879923
            },
            {
                "memory_mb": 144.8671875,
                "cpu_percent": 22.0,
                "timestamp": 1778833555.9277074
            },
            {
                "memory_mb": 144.86328125,
                "cpu_percent": 44.7,
                "timestamp": 1778833556.9793994
            },
            {
                "memory_mb": 135.20703125,
                "cpu_percent": 2.9,
                "timestamp": 1778833558.031342
            },
            {
                "memory_mb": 135.20703125,
                "cpu_percent": 0.0,
                "timestamp": 1778833559.0832727
            },
            {
                "memory_mb": 135.2109375,
                "cpu_percent": 38.2,
                "timestamp": 1778833560.1309376
            },
            {
                "memory_mb": 135.21484375,
                "cpu_percent": 31.4,
                "timestamp": 1778833561.1825085
            },
            {
                "memory_mb": 135.20703125,
                "cpu_percent": 5.7,
                "timestamp": 1778833562.234286
            },
            {
                "memory_mb": 135.20703125,
                "cpu_percent": 0.0,
                "timestamp": 1778833563.2859006
            },
            {
                "memory_mb": 135.20703125,
                "cpu_percent": 0.0,
                "timestamp": 1778833564.3396807
            },
            {
                "memory_mb": 135.2109375,
                "cpu_percent": 62.0,
                "timestamp": 1778833565.3875668
            },
            {
                "memory_mb": 135.2109375,
                "cpu_percent": 4.8,
                "timestamp": 1778833566.4392445
            },
            {
                "memory_mb": 135.20703125,
                "cpu_percent": 64.6,
                "timestamp": 1778833567.4911015
            },
            {
                "memory_mb": 135.20703125,
                "cpu_percent": 0.0,
                "timestamp": 1778833568.5431774
            },
            {
                "memory_mb": 135.20703125,
                "cpu_percent": 0.0,
                "timestamp": 1778833569.594181
            },
            {
                "memory_mb": 135.21875,
                "cpu_percent": 3.8,
                "timestamp": 1778833570.6460054
            },
            {
                "memory_mb": 144.875,
                "cpu_percent": 64.7,
                "timestamp": 1778833571.6977398
            },
            {
                "memory_mb": 135.2109375,
                "cpu_percent": 1.9,
                "timestamp": 1778833572.7495034
            },
            {
                "memory_mb": 135.2109375,
                "cpu_percent": 1.0,
                "timestamp": 1778833573.8010986
            },
            {
                "memory_mb": 135.21484375,
                "cpu_percent": 10.5,
                "timestamp": 1778833574.8473735
            },
            {
                "memory_mb": 135.21875,
                "cpu_percent": 57.1,
                "timestamp": 1778833575.8979852
            },
            {
                "memory_mb": 144.87109375,
                "cpu_percent": 3.8,
                "timestamp": 1778833576.94962
            },
            {
                "memory_mb": 135.2109375,
                "cpu_percent": 2.9,
                "timestamp": 1778833578.0014722
            },
            {
                "memory_mb": 135.2109375,
                "cpu_percent": 0.0,
                "timestamp": 1778833579.0523605
            },
            {
                "memory_mb": 135.21484375,
                "cpu_percent": 35.3,
                "timestamp": 1778833580.0993185
            },
            {
                "memory_mb": 135.21875,
                "cpu_percent": 30.4,
                "timestamp": 1778833581.15131
            },
            {
                "memory_mb": 135.2109375,
                "cpu_percent": 67.6,
                "timestamp": 1778833582.201477
            },
            {
                "memory_mb": 135.2109375,
                "cpu_percent": 0.0,
                "timestamp": 1778833583.252901
            },
            {
                "memory_mb": 135.2109375,
                "cpu_percent": 0.0,
                "timestamp": 1778833584.3047514
            },
            {
                "memory_mb": 135.22265625,
                "cpu_percent": 3.8,
                "timestamp": 1778833585.3567042
            },
            {
                "memory_mb": 144.8828125,
                "cpu_percent": 64.9,
                "timestamp": 1778833586.4041138
            },
            {
                "memory_mb": 136.46484375,
                "cpu_percent": 2.9,
                "timestamp": 1778833587.4559293
            },
            {
                "memory_mb": 136.46484375,
                "cpu_percent": 0.0,
                "timestamp": 1778833588.5078018
            },
            {
                "memory_mb": 136.46484375,
                "cpu_percent": 0.0,
                "timestamp": 1778833589.5596163
            },
            {
                "memory_mb": 136.47265625,
                "cpu_percent": 67.5,
                "timestamp": 1778833590.6118674
            },
            {
                "memory_mb": 144.875,
                "cpu_percent": 4.8,
                "timestamp": 1778833591.663711
            },
            {
                "memory_mb": 136.46484375,
                "cpu_percent": 2.9,
                "timestamp": 1778833592.7151833
            },
            {
                "memory_mb": 136.46484375,
                "cpu_percent": 0.0,
                "timestamp": 1778833593.7668464
            },
            {
                "memory_mb": 136.46875,
                "cpu_percent": 6.7,
                "timestamp": 1778833594.8142042
            },
            {
                "memory_mb": 136.47265625,
                "cpu_percent": 58.0,
                "timestamp": 1778833595.8659282
            },
            {
                "memory_mb": 136.46875,
                "cpu_percent": 46.8,
                "timestamp": 1778833596.9131315
            },
            {
                "memory_mb": 136.46484375,
                "cpu_percent": 21.9,
                "timestamp": 1778833597.9649165
            },
            {
                "memory_mb": 136.46484375,
                "cpu_percent": 0.0,
                "timestamp": 1778833599.0167367
            },
            {
                "memory_mb": 136.47265625,
                "cpu_percent": 1.0,
                "timestamp": 1778833600.0678115
            },
            {
                "memory_mb": 144.87890625,
                "cpu_percent": 37.2,
                "timestamp": 1778833601.1150331
            },
            {
                "memory_mb": 136.46484375,
                "cpu_percent": 35.2,
                "timestamp": 1778833602.1664584
            },
            {
                "memory_mb": 136.46484375,
                "cpu_percent": 1.0,
                "timestamp": 1778833603.2182503
            },
            {
                "memory_mb": 136.46484375,
                "cpu_percent": 0.0,
                "timestamp": 1778833604.2695413
            },
            {
                "memory_mb": 136.46875,
                "cpu_percent": 52.5,
                "timestamp": 1778833605.316856
            },
            {
                "memory_mb": 140.65625,
                "cpu_percent": 14.3,
                "timestamp": 1778833606.368833
            },
            {
                "memory_mb": 136.46484375,
                "cpu_percent": 3.8,
                "timestamp": 1778833607.4206855
            },
            {
                "memory_mb": 136.46484375,
                "cpu_percent": 0.0,
                "timestamp": 1778833608.472392
            },
            {
                "memory_mb": 136.46484375,
                "cpu_percent": 0.0,
                "timestamp": 1778833609.522695
            },
            {
                "memory_mb": 136.47265625,
                "cpu_percent": 62.7,
                "timestamp": 1778833610.5749066
            },
            {
                "memory_mb": 136.46875,
                "cpu_percent": 19.1,
                "timestamp": 1778833611.622338
            },
            {
                "memory_mb": 136.46484375,
                "cpu_percent": 48.5,
                "timestamp": 1778833612.674084
            },
            {
                "memory_mb": 136.46484375,
                "cpu_percent": 0.0,
                "timestamp": 1778833613.7256107
            },
            {
                "memory_mb": 136.47265625,
                "cpu_percent": 0.0,
                "timestamp": 1778833614.7800972
            },
            {
                "memory_mb": 144.87890625,
                "cpu_percent": 10.5,
                "timestamp": 1778833615.8288424
            },
            {
                "memory_mb": 144.875,
                "cpu_percent": 58.0,
                "timestamp": 1778833616.8806295
            },
            {
                "memory_mb": 136.46484375,
                "cpu_percent": 2.9,
                "timestamp": 1778833617.9321866
            },
            {
                "memory_mb": 136.46484375,
                "cpu_percent": 0.0,
                "timestamp": 1778833618.984016
            },
            {
                "memory_mb": 136.46875,
                "cpu_percent": 25.7,
                "timestamp": 1778833620.032945
            },
            {
                "memory_mb": 136.47265625,
                "cpu_percent": 42.8,
                "timestamp": 1778833621.0846853
            },
            {
                "memory_mb": 136.46875,
                "cpu_percent": 4.8,
                "timestamp": 1778833622.136679
            },
            {
                "memory_mb": 136.46484375,
                "cpu_percent": 1.0,
                "timestamp": 1778833623.1884694
            },
            {
                "memory_mb": 136.46484375,
                "cpu_percent": 0.0,
                "timestamp": 1778833624.2400832
            },
            {
                "memory_mb": 136.46875,
                "cpu_percent": 48.7,
                "timestamp": 1778833625.2881927
            },
            {
                "memory_mb": 136.47265625,
                "cpu_percent": 14.3,
                "timestamp": 1778833626.3399596
            },
            {
                "memory_mb": 136.46484375,
                "cpu_percent": 69.4,
                "timestamp": 1778833627.3919137
            },
            {
                "memory_mb": 136.46484375,
                "cpu_percent": 0.0,
                "timestamp": 1778833628.4436698
            },
            {
                "memory_mb": 136.46484375,
                "cpu_percent": 0.0,
                "timestamp": 1778833629.494772
            },
            {
                "memory_mb": 136.4765625,
                "cpu_percent": 2.9,
                "timestamp": 1778833630.5469713
            },
            {
                "memory_mb": 144.87890625,
                "cpu_percent": 64.6,
                "timestamp": 1778833631.5988574
            },
            {
                "memory_mb": 136.46875,
                "cpu_percent": 2.9,
                "timestamp": 1778833632.6507063
            },
            {
                "memory_mb": 136.46875,
                "cpu_percent": 1.0,
                "timestamp": 1778833633.7023456
            },
            {
                "memory_mb": 136.46875,
                "cpu_percent": 0.0,
                "timestamp": 1778833634.7541544
            },
            {
                "memory_mb": 136.4765625,
                "cpu_percent": 67.5,
                "timestamp": 1778833635.8062212
            },
            {
                "memory_mb": 144.8828125,
                "cpu_percent": 3.8,
                "timestamp": 1778833636.8578186
            },
            {
                "memory_mb": 136.46875,
                "cpu_percent": 2.9,
                "timestamp": 1778833637.909501
            },
            {
                "memory_mb": 136.46875,
                "cpu_percent": 0.0,
                "timestamp": 1778833638.9614024
            },
            {
                "memory_mb": 136.47265625,
                "cpu_percent": 21.0,
                "timestamp": 1778833640.0082283
            },
            {
                "memory_mb": 136.4765625,
                "cpu_percent": 41.8,
                "timestamp": 1778833641.059965
            },
            {
                "memory_mb": 136.47265625,
                "cpu_percent": 63.0,
                "timestamp": 1778833642.107307
            },
            {
                "memory_mb": 136.46875,
                "cpu_percent": 3.8,
                "timestamp": 1778833643.159204
            },
            {
                "memory_mb": 136.46875,
                "cpu_percent": 1.0,
                "timestamp": 1778833644.2106977
            },
            {
                "memory_mb": 136.4765625,
                "cpu_percent": 1.9,
                "timestamp": 1778833645.2621357
            },
            {
                "memory_mb": 144.8828125,
                "cpu_percent": 52.5,
                "timestamp": 1778833646.309043
            },
            {
                "memory_mb": 136.46875,
                "cpu_percent": 17.1,
                "timestamp": 1778833647.3608546
            },
            {
                "memory_mb": 136.46875,
                "cpu_percent": 0.0,
                "timestamp": 1778833648.4124095
            },
            {
                "memory_mb": 136.46875,
                "cpu_percent": 0.0,
                "timestamp": 1778833649.4660134
            },
            {
                "memory_mb": 136.4765625,
                "cpu_percent": 64.9,
                "timestamp": 1778833650.5132976
            },
            {
                "memory_mb": 144.8828125,
                "cpu_percent": 5.7,
                "timestamp": 1778833651.5658975
            },
            {
                "memory_mb": 136.46875,
                "cpu_percent": 2.9,
                "timestamp": 1778833652.617525
            },
            {
                "memory_mb": 136.46875,
                "cpu_percent": 0.0,
                "timestamp": 1778833653.6695848
            },
            {
                "memory_mb": 136.46875,
                "cpu_percent": 0.0,
                "timestamp": 1778833654.7208648
            },
            {
                "memory_mb": 136.46875,
                "cpu_percent": 0.0,
                "timestamp": 1778833654.832732
            }
        ]
    }
}
