{
    "active_periods": [
        {
            "start": 1777178484.712608,
            "end": 1777178788.827681,
            "duration_sec": 304.11507296562195,
            "tasks_completed": 728,
            "throughput_tps": 2.3938307065835414
        }
    ],
    "history": [
        {
            "timestamp": 1777178484.712608,
            "messages": 0,
            "ack": 36857
        },
        {
            "timestamp": 1777178489.721055,
            "messages": 0,
            "ack": 36857
        },
        {
            "timestamp": 1777178494.727179,
            "messages": 4,
            "ack": 36869
        },
        {
            "timestamp": 1777178499.732743,
            "messages": 8,
            "ack": 36881
        },
        {
            "timestamp": 1777178504.737346,
            "messages": 7,
            "ack": 36893
        },
        {
            "timestamp": 1777178509.743303,
            "messages": 6,
            "ack": 36905
        },
        {
            "timestamp": 1777178514.748795,
            "messages": 5,
            "ack": 36917
        },
        {
            "timestamp": 1777178519.75627,
            "messages": 4,
            "ack": 36929
        },
        {
            "timestamp": 1777178524.761795,
            "messages": 4,
            "ack": 36941
        },
        {
            "timestamp": 1777178529.766706,
            "messages": 8,
            "ack": 36953
        },
        {
            "timestamp": 1777178534.773652,
            "messages": 8,
            "ack": 36965
        },
        {
            "timestamp": 1777178539.779197,
            "messages": 6,
            "ack": 36977
        },
        {
            "timestamp": 1777178544.787131,
            "messages": 9,
            "ack": 36989
        },
        {
            "timestamp": 1777178549.792652,
            "messages": 8,
            "ack": 37001
        },
        {
            "timestamp": 1777178554.798646,
            "messages": 8,
            "ack": 37013
        },
        {
            "timestamp": 1777178559.80429,
            "messages": 12,
            "ack": 37025
        },
        {
            "timestamp": 1777178564.809804,
            "messages": 10,
            "ack": 37037
        },
        {
            "timestamp": 1777178569.81458,
            "messages": 9,
            "ack": 37049
        },
        {
            "timestamp": 1777178574.821208,
            "messages": 8,
            "ack": 37061
        },
        {
            "timestamp": 1777178579.828759,
            "messages": 12,
            "ack": 37073
        },
        {
            "timestamp": 1777178584.834764,
            "messages": 12,
            "ack": 37085
        },
        {
            "timestamp": 1777178589.839892,
            "messages": 12,
            "ack": 37099
        },
        {
            "timestamp": 1777178594.845152,
            "messages": 10,
            "ack": 37111
        },
        {
            "timestamp": 1777178599.850844,
            "messages": 14,
            "ack": 37123
        },
        {
            "timestamp": 1777178604.856826,
            "messages": 13,
            "ack": 37135
        },
        {
            "timestamp": 1777178609.862884,
            "messages": 12,
            "ack": 37147
        },
        {
            "timestamp": 1777178614.868307,
            "messages": 12,
            "ack": 37159
        },
        {
            "timestamp": 1777178619.873219,
            "messages": 14,
            "ack": 37171
        },
        {
            "timestamp": 1777178624.877045,
            "messages": 14,
            "ack": 37183
        },
        {
            "timestamp": 1777178629.882986,
            "messages": 12,
            "ack": 37197
        },
        {
            "timestamp": 1777178634.888842,
            "messages": 12,
            "ack": 37209
        },
        {
            "timestamp": 1777178639.896861,
            "messages": 16,
            "ack": 37221
        },
        {
            "timestamp": 1777178644.904022,
            "messages": 16,
            "ack": 37233
        },
        {
            "timestamp": 1777178649.908413,
            "messages": 14,
            "ack": 37245
        },
        {
            "timestamp": 1777178654.913799,
            "messages": 14,
            "ack": 37257
        },
        {
            "timestamp": 1777178659.918248,
            "messages": 16,
            "ack": 37269
        },
        {
            "timestamp": 1777178664.924157,
            "messages": 16,
            "ack": 37281
        },
        {
            "timestamp": 1777178669.929053,
            "messages": 14,
            "ack": 37293
        },
        {
            "timestamp": 1777178674.934619,
            "messages": 18,
            "ack": 37305
        },
        {
            "timestamp": 1777178679.939842,
            "messages": 18,
            "ack": 37317
        },
        {
            "timestamp": 1777178684.945128,
            "messages": 17,
            "ack": 37330
        },
        {
            "timestamp": 1777178689.949457,
            "messages": 16,
            "ack": 37343
        },
        {
            "timestamp": 1777178694.953055,
            "messages": 16,
            "ack": 37355
        },
        {
            "timestamp": 1777178699.958812,
            "messages": 20,
            "ack": 37367
        },
        {
            "timestamp": 1777178704.965201,
            "messages": 19,
            "ack": 37379
        },
        {
            "timestamp": 1777178709.970837,
            "messages": 18,
            "ack": 37391
        },
        {
            "timestamp": 1777178714.976438,
            "messages": 18,
            "ack": 37403
        },
        {
            "timestamp": 1777178719.980879,
            "messages": 18,
            "ack": 37415
        },
        {
            "timestamp": 1777178724.987288,
            "messages": 19,
            "ack": 37427
        },
        {
            "timestamp": 1777178729.991927,
            "messages": 20,
            "ack": 37439
        },
        {
            "timestamp": 1777178734.997478,
            "messages": 20,
            "ack": 37451
        },
        {
            "timestamp": 1777178740.002054,
            "messages": 18,
            "ack": 37465
        },
        {
            "timestamp": 1777178745.005985,
            "messages": 22,
            "ack": 37477
        },
        {
            "timestamp": 1777178750.010101,
            "messages": 22,
            "ack": 37489
        },
        {
            "timestamp": 1777178755.015572,
            "messages": 20,
            "ack": 37501
        },
        {
            "timestamp": 1777178760.020196,
            "messages": 20,
            "ack": 37513
        },
        {
            "timestamp": 1777178765.025415,
            "messages": 22,
            "ack": 37525
        },
        {
            "timestamp": 1777178770.030428,
            "messages": 22,
            "ack": 37537
        },
        {
            "timestamp": 1777178775.036118,
            "messages": 20,
            "ack": 37549
        },
        {
            "timestamp": 1777178780.041212,
            "messages": 24,
            "ack": 37561
        },
        {
            "timestamp": 1777178785.046329,
            "messages": 24,
            "ack": 37573
        },
        {
            "timestamp": 1777178788.811523,
            "messages": 22,
            "ack": 37585
        }
    ]
}