{
    "active_periods": [
        {
            "start": 1776537105.25025,
            "end": 1776537409.889595,
            "duration_sec": 304.6393449306488,
            "tasks_completed": 944,
            "throughput_tps": 3.098746159052114
        }
    ],
    "history": [
        {
            "timestamp": 1776537105.25025,
            "messages": 6,
            "ack": 140006
        },
        {
            "timestamp": 1776537110.25815,
            "messages": 0,
            "ack": 140006
        },
        {
            "timestamp": 1776537115.263439,
            "messages": 2,
            "ack": 140022
        },
        {
            "timestamp": 1776537120.268347,
            "messages": 3,
            "ack": 140038
        },
        {
            "timestamp": 1776537125.274269,
            "messages": 3,
            "ack": 140054
        },
        {
            "timestamp": 1776537130.279492,
            "messages": 6,
            "ack": 140070
        },
        {
            "timestamp": 1776537135.284522,
            "messages": 6,
            "ack": 140086
        },
        {
            "timestamp": 1776537140.288595,
            "messages": 3,
            "ack": 140102
        },
        {
            "timestamp": 1776537145.292872,
            "messages": 6,
            "ack": 140118
        },
        {
            "timestamp": 1776537150.297042,
            "messages": 3,
            "ack": 140134
        },
        {
            "timestamp": 1776537155.301575,
            "messages": 3,
            "ack": 140147
        },
        {
            "timestamp": 1776537160.306191,
            "messages": 6,
            "ack": 140163
        },
        {
            "timestamp": 1776537165.312847,
            "messages": 6,
            "ack": 140174
        },
        {
            "timestamp": 1776537170.316565,
            "messages": 3,
            "ack": 140190
        },
        {
            "timestamp": 1776537175.323077,
            "messages": 6,
            "ack": 140206
        },
        {
            "timestamp": 1776537180.327375,
            "messages": 3,
            "ack": 140222
        },
        {
            "timestamp": 1776537185.33236,
            "messages": 3,
            "ack": 140238
        },
        {
            "timestamp": 1776537190.336798,
            "messages": 6,
            "ack": 140254
        },
        {
            "timestamp": 1776537195.341544,
            "messages": 6,
            "ack": 140270
        },
        {
            "timestamp": 1776537200.345576,
            "messages": 3,
            "ack": 140286
        },
        {
            "timestamp": 1776537205.352685,
            "messages": 6,
            "ack": 140302
        },
        {
            "timestamp": 1776537210.358302,
            "messages": 3,
            "ack": 140318
        },
        {
            "timestamp": 1776537215.364873,
            "messages": 3,
            "ack": 140334
        },
        {
            "timestamp": 1776537220.370912,
            "messages": 6,
            "ack": 140350
        },
        {
            "timestamp": 1776537225.377741,
            "messages": 3,
            "ack": 140366
        },
        {
            "timestamp": 1776537230.384154,
            "messages": 6,
            "ack": 140382
        },
        {
            "timestamp": 1776537235.38828,
            "messages": 6,
            "ack": 140394
        },
        {
            "timestamp": 1776537240.393572,
            "messages": 3,
            "ack": 140411
        },
        {
            "timestamp": 1776537245.398865,
            "messages": 3,
            "ack": 140438
        },
        {
            "timestamp": 1776537250.403093,
            "messages": 6,
            "ack": 140454
        },
        {
            "timestamp": 1776537255.407584,
            "messages": 3,
            "ack": 140470
        },
        {
            "timestamp": 1776537260.411988,
            "messages": 3,
            "ack": 140486
        },
        {
            "timestamp": 1776537265.416011,
            "messages": 6,
            "ack": 140502
        },
        {
            "timestamp": 1776537270.421834,
            "messages": 6,
            "ack": 140518
        },
        {
            "timestamp": 1776537275.428076,
            "messages": 3,
            "ack": 140534
        },
        {
            "timestamp": 1776537280.433092,
            "messages": 6,
            "ack": 140550
        },
        {
            "timestamp": 1776537285.438993,
            "messages": 3,
            "ack": 140566
        },
        {
            "timestamp": 1776537290.445779,
            "messages": 3,
            "ack": 140582
        },
        {
            "timestamp": 1776537295.45331,
            "messages": 6,
            "ack": 140598
        },
        {
            "timestamp": 1776537300.459306,
            "messages": 6,
            "ack": 140614
        },
        {
            "timestamp": 1776537305.464417,
            "messages": 3,
            "ack": 140630
        },
        {
            "timestamp": 1776537310.469584,
            "messages": 6,
            "ack": 140646
        },
        {
            "timestamp": 1776537315.473709,
            "messages": 3,
            "ack": 140656
        },
        {
            "timestamp": 1776537320.477919,
            "messages": 3,
            "ack": 140675
        },
        {
            "timestamp": 1776537325.483963,
            "messages": 6,
            "ack": 140686
        },
        {
            "timestamp": 1776537330.489624,
            "messages": 6,
            "ack": 140702
        },
        {
            "timestamp": 1776537335.494651,
            "messages": 3,
            "ack": 140718
        },
        {
            "timestamp": 1776537340.500912,
            "messages": 6,
            "ack": 140734
        },
        {
            "timestamp": 1776537345.507655,
            "messages": 3,
            "ack": 140750
        },
        {
            "timestamp": 1776537350.512375,
            "messages": 3,
            "ack": 140766
        },
        {
            "timestamp": 1776537355.517539,
            "messages": 6,
            "ack": 140782
        },
        {
            "timestamp": 1776537360.522558,
            "messages": 6,
            "ack": 140798
        },
        {
            "timestamp": 1776537365.527988,
            "messages": 3,
            "ack": 140814
        },
        {
            "timestamp": 1776537370.533538,
            "messages": 6,
            "ack": 140830
        },
        {
            "timestamp": 1776537375.538355,
            "messages": 3,
            "ack": 140846
        },
        {
            "timestamp": 1776537380.543124,
            "messages": 3,
            "ack": 140862
        },
        {
            "timestamp": 1776537385.547954,
            "messages": 6,
            "ack": 140878
        },
        {
            "timestamp": 1776537390.5543,
            "messages": 6,
            "ack": 140894
        },
        {
            "timestamp": 1776537395.563934,
            "messages": 3,
            "ack": 140907
        },
        {
            "timestamp": 1776537400.569226,
            "messages": 3,
            "ack": 140920
        },
        {
            "timestamp": 1776537405.575972,
            "messages": 6,
            "ack": 140934
        },
        {
            "timestamp": 1776537409.885987,
            "messages": 6,
            "ack": 140950
        }
    ]
}