Процесс: 58905
УПРАВЛЯЮЩИЙ ПРОЦЕСС
Родитель: 13546
Создан: 2026-04-26T10:25:02.670000
Последний замер: 2026-04-26T10:30:06.433277
Время жизни: 303.763277 сек
voluntary_ctxt_switches: 2467
nonvoluntary_ctxt_switches: 7
jiffies: 88.0
avg_cpu_load: 0.2 %
avg_memory_mb: 42.7 MB


Процесс: 58912
Родитель: 58905
Создан: 2026-04-26T10:25:03.080000
Последний замер: 2026-04-26T10:30:06.433495
Время жизни: 303.353495 сек
voluntary_ctxt_switches: 992
nonvoluntary_ctxt_switches: 1149
jiffies: 7962.0
avg_cpu_load: 26.3 %
avg_memory_mb: 114.5 MB

Среднее latency: 5.07
Средний runtime: 1.64
Всего задач: 184
Задач по типам: cpu_intensive - 122; memory_intensive - 62

Процесс: 58913
Родитель: 58905
Создан: 2026-04-26T10:25:03.100000
Последний замер: 2026-04-26T10:30:06.433707
Время жизни: 303.333707 сек
voluntary_ctxt_switches: 969
nonvoluntary_ctxt_switches: 826
jiffies: 8071.0
avg_cpu_load: 26.7 %
avg_memory_mb: 115.4 MB

Среднее latency: 5.04
Средний runtime: 1.64
Всего задач: 184
Задач по типам: cpu_intensive - 124; memory_intensive - 60

