{
    "active_periods": [
        {
            "start": 1777194854.147633,
            "end": 1777195156.799252,
            "duration_sec": 302.65161895751953,
            "tasks_completed": 60,
            "throughput_tps": 0.19824774176549723
        }
    ],
    "history": [
        {
            "timestamp": 1777194854.147633,
            "messages": 0,
            "ack": 59518
        },
        {
            "timestamp": 1777194859.155171,
            "messages": 2,
            "ack": 59520
        },
        {
            "timestamp": 1777194864.161575,
            "messages": 0,
            "ack": 59520
        },
        {
            "timestamp": 1777194869.169234,
            "messages": 0,
            "ack": 59522
        },
        {
            "timestamp": 1777194874.174143,
            "messages": 0,
            "ack": 59522
        },
        {
            "timestamp": 1777194879.180658,
            "messages": 0,
            "ack": 59524
        },
        {
            "timestamp": 1777194884.187576,
            "messages": 0,
            "ack": 59524
        },
        {
            "timestamp": 1777194889.194406,
            "messages": 0,
            "ack": 59526
        },
        {
            "timestamp": 1777194894.199523,
            "messages": 0,
            "ack": 59526
        },
        {
            "timestamp": 1777194899.20583,
            "messages": 0,
            "ack": 59528
        },
        {
            "timestamp": 1777194904.212105,
            "messages": 0,
            "ack": 59528
        },
        {
            "timestamp": 1777194909.218251,
            "messages": 0,
            "ack": 59530
        },
        {
            "timestamp": 1777194914.223893,
            "messages": 0,
            "ack": 59530
        },
        {
            "timestamp": 1777194919.229049,
            "messages": 2,
            "ack": 59532
        },
        {
            "timestamp": 1777194924.236107,
            "messages": 0,
            "ack": 59532
        },
        {
            "timestamp": 1777194929.242843,
            "messages": 0,
            "ack": 59534
        },
        {
            "timestamp": 1777194934.248193,
            "messages": 0,
            "ack": 59534
        },
        {
            "timestamp": 1777194939.254839,
            "messages": 0,
            "ack": 59536
        },
        {
            "timestamp": 1777194944.260773,
            "messages": 0,
            "ack": 59536
        },
        {
            "timestamp": 1777194949.267413,
            "messages": 0,
            "ack": 59538
        },
        {
            "timestamp": 1777194954.27318,
            "messages": 0,
            "ack": 59538
        },
        {
            "timestamp": 1777194959.279126,
            "messages": 0,
            "ack": 59540
        },
        {
            "timestamp": 1777194964.285102,
            "messages": 0,
            "ack": 59540
        },
        {
            "timestamp": 1777194969.291671,
            "messages": 0,
            "ack": 59542
        },
        {
            "timestamp": 1777194974.298308,
            "messages": 0,
            "ack": 59542
        },
        {
            "timestamp": 1777194979.304897,
            "messages": 0,
            "ack": 59544
        },
        {
            "timestamp": 1777194984.311069,
            "messages": 0,
            "ack": 59544
        },
        {
            "timestamp": 1777194989.317817,
            "messages": 0,
            "ack": 59546
        },
        {
            "timestamp": 1777194994.323376,
            "messages": 0,
            "ack": 59546
        },
        {
            "timestamp": 1777194999.329754,
            "messages": 0,
            "ack": 59548
        },
        {
            "timestamp": 1777195004.335602,
            "messages": 0,
            "ack": 59548
        },
        {
            "timestamp": 1777195009.340226,
            "messages": 0,
            "ack": 59550
        },
        {
            "timestamp": 1777195014.346418,
            "messages": 0,
            "ack": 59550
        },
        {
            "timestamp": 1777195019.352703,
            "messages": 0,
            "ack": 59552
        },
        {
            "timestamp": 1777195024.359028,
            "messages": 0,
            "ack": 59552
        },
        {
            "timestamp": 1777195029.364897,
            "messages": 0,
            "ack": 59554
        },
        {
            "timestamp": 1777195034.370305,
            "messages": 0,
            "ack": 59554
        },
        {
            "timestamp": 1777195039.375899,
            "messages": 2,
            "ack": 59556
        },
        {
            "timestamp": 1777195044.381919,
            "messages": 0,
            "ack": 59556
        },
        {
            "timestamp": 1777195049.387487,
            "messages": 0,
            "ack": 59558
        },
        {
            "timestamp": 1777195054.394126,
            "messages": 0,
            "ack": 59558
        },
        {
            "timestamp": 1777195059.400567,
            "messages": 0,
            "ack": 59560
        },
        {
            "timestamp": 1777195064.406454,
            "messages": 0,
            "ack": 59560
        },
        {
            "timestamp": 1777195069.412685,
            "messages": 0,
            "ack": 59562
        },
        {
            "timestamp": 1777195074.4188,
            "messages": 0,
            "ack": 59562
        },
        {
            "timestamp": 1777195079.426252,
            "messages": 0,
            "ack": 59564
        },
        {
            "timestamp": 1777195084.431849,
            "messages": 0,
            "ack": 59564
        },
        {
            "timestamp": 1777195089.438027,
            "messages": 0,
            "ack": 59566
        },
        {
            "timestamp": 1777195094.443041,
            "messages": 0,
            "ack": 59566
        },
        {
            "timestamp": 1777195099.448111,
            "messages": 0,
            "ack": 59568
        },
        {
            "timestamp": 1777195104.454352,
            "messages": 0,
            "ack": 59568
        },
        {
            "timestamp": 1777195109.460508,
            "messages": 0,
            "ack": 59570
        },
        {
            "timestamp": 1777195114.466489,
            "messages": 0,
            "ack": 59570
        },
        {
            "timestamp": 1777195119.471504,
            "messages": 0,
            "ack": 59572
        },
        {
            "timestamp": 1777195124.475877,
            "messages": 0,
            "ack": 59572
        },
        {
            "timestamp": 1777195129.482228,
            "messages": 0,
            "ack": 59574
        },
        {
            "timestamp": 1777195134.488385,
            "messages": 0,
            "ack": 59574
        },
        {
            "timestamp": 1777195139.494441,
            "messages": 0,
            "ack": 59576
        },
        {
            "timestamp": 1777195144.499201,
            "messages": 0,
            "ack": 59576
        },
        {
            "timestamp": 1777195149.505961,
            "messages": 0,
            "ack": 59578
        },
        {
            "timestamp": 1777195154.511498,
            "messages": 0,
            "ack": 59578
        },
        {
            "timestamp": 1777195156.786995,
            "messages": 0,
            "ack": 59578
        }
    ]
}