{
    "active_periods": [
        {
            "start": 1776535569.881953,
            "end": 1776535874.537044,
            "duration_sec": 304.655091047287,
            "tasks_completed": 944,
            "throughput_tps": 3.098586000171181
        }
    ],
    "history": [
        {
            "timestamp": 1776535569.881953,
            "messages": 6,
            "ack": 135286
        },
        {
            "timestamp": 1776535574.889759,
            "messages": 0,
            "ack": 135286
        },
        {
            "timestamp": 1776535579.895181,
            "messages": 1,
            "ack": 135302
        },
        {
            "timestamp": 1776535584.899661,
            "messages": 3,
            "ack": 135318
        },
        {
            "timestamp": 1776535589.904114,
            "messages": 3,
            "ack": 135334
        },
        {
            "timestamp": 1776535594.908522,
            "messages": 6,
            "ack": 135350
        },
        {
            "timestamp": 1776535599.912567,
            "messages": 6,
            "ack": 135366
        },
        {
            "timestamp": 1776535604.918981,
            "messages": 3,
            "ack": 135382
        },
        {
            "timestamp": 1776535609.92244,
            "messages": 6,
            "ack": 135398
        },
        {
            "timestamp": 1776535614.925916,
            "messages": 3,
            "ack": 135414
        },
        {
            "timestamp": 1776535619.932726,
            "messages": 3,
            "ack": 135428
        },
        {
            "timestamp": 1776535624.938711,
            "messages": 6,
            "ack": 135443
        },
        {
            "timestamp": 1776535629.944822,
            "messages": 6,
            "ack": 135456
        },
        {
            "timestamp": 1776535634.949603,
            "messages": 3,
            "ack": 135470
        },
        {
            "timestamp": 1776535639.954935,
            "messages": 6,
            "ack": 135486
        },
        {
            "timestamp": 1776535644.960223,
            "messages": 3,
            "ack": 135502
        },
        {
            "timestamp": 1776535649.967987,
            "messages": 3,
            "ack": 135518
        },
        {
            "timestamp": 1776535654.973349,
            "messages": 6,
            "ack": 135534
        },
        {
            "timestamp": 1776535659.977577,
            "messages": 6,
            "ack": 135550
        },
        {
            "timestamp": 1776535664.981587,
            "messages": 3,
            "ack": 135566
        },
        {
            "timestamp": 1776535669.986733,
            "messages": 6,
            "ack": 135582
        },
        {
            "timestamp": 1776535674.992135,
            "messages": 3,
            "ack": 135598
        },
        {
            "timestamp": 1776535679.997315,
            "messages": 3,
            "ack": 135614
        },
        {
            "timestamp": 1776535685.002044,
            "messages": 6,
            "ack": 135630
        },
        {
            "timestamp": 1776535690.007361,
            "messages": 3,
            "ack": 135646
        },
        {
            "timestamp": 1776535695.012381,
            "messages": 3,
            "ack": 135662
        },
        {
            "timestamp": 1776535700.017061,
            "messages": 6,
            "ack": 135678
        },
        {
            "timestamp": 1776535705.022832,
            "messages": 6,
            "ack": 135691
        },
        {
            "timestamp": 1776535710.028897,
            "messages": 3,
            "ack": 135718
        },
        {
            "timestamp": 1776535715.035578,
            "messages": 6,
            "ack": 135734
        },
        {
            "timestamp": 1776535720.039777,
            "messages": 3,
            "ack": 135750
        },
        {
            "timestamp": 1776535725.045248,
            "messages": 3,
            "ack": 135766
        },
        {
            "timestamp": 1776535730.050063,
            "messages": 6,
            "ack": 135782
        },
        {
            "timestamp": 1776535735.055935,
            "messages": 6,
            "ack": 135798
        },
        {
            "timestamp": 1776535740.060353,
            "messages": 3,
            "ack": 135814
        },
        {
            "timestamp": 1776535745.06588,
            "messages": 6,
            "ack": 135830
        },
        {
            "timestamp": 1776535750.070525,
            "messages": 3,
            "ack": 135846
        },
        {
            "timestamp": 1776535755.076568,
            "messages": 3,
            "ack": 135862
        },
        {
            "timestamp": 1776535760.084197,
            "messages": 6,
            "ack": 135878
        },
        {
            "timestamp": 1776535765.088545,
            "messages": 6,
            "ack": 135894
        },
        {
            "timestamp": 1776535770.093233,
            "messages": 3,
            "ack": 135910
        },
        {
            "timestamp": 1776535775.097526,
            "messages": 6,
            "ack": 135926
        },
        {
            "timestamp": 1776535780.101241,
            "messages": 3,
            "ack": 135936
        },
        {
            "timestamp": 1776535785.105585,
            "messages": 3,
            "ack": 135955
        },
        {
            "timestamp": 1776535790.113496,
            "messages": 6,
            "ack": 135966
        },
        {
            "timestamp": 1776535795.117694,
            "messages": 6,
            "ack": 135982
        },
        {
            "timestamp": 1776535800.123162,
            "messages": 3,
            "ack": 135998
        },
        {
            "timestamp": 1776535805.128691,
            "messages": 6,
            "ack": 136014
        },
        {
            "timestamp": 1776535810.135112,
            "messages": 3,
            "ack": 136030
        },
        {
            "timestamp": 1776535815.141021,
            "messages": 3,
            "ack": 136046
        },
        {
            "timestamp": 1776535820.145694,
            "messages": 6,
            "ack": 136062
        },
        {
            "timestamp": 1776535825.153679,
            "messages": 6,
            "ack": 136078
        },
        {
            "timestamp": 1776535830.161727,
            "messages": 3,
            "ack": 136094
        },
        {
            "timestamp": 1776535835.165798,
            "messages": 6,
            "ack": 136110
        },
        {
            "timestamp": 1776535840.171151,
            "messages": 3,
            "ack": 136126
        },
        {
            "timestamp": 1776535845.175334,
            "messages": 3,
            "ack": 136142
        },
        {
            "timestamp": 1776535850.179355,
            "messages": 6,
            "ack": 136158
        },
        {
            "timestamp": 1776535855.184265,
            "messages": 6,
            "ack": 136173
        },
        {
            "timestamp": 1776535860.18829,
            "messages": 3,
            "ack": 136187
        },
        {
            "timestamp": 1776535865.192707,
            "messages": 3,
            "ack": 136200
        },
        {
            "timestamp": 1776535870.196692,
            "messages": 6,
            "ack": 136214
        },
        {
            "timestamp": 1776535874.532617,
            "messages": 6,
            "ack": 136230
        }
    ]
}