Процесс: 434083
УПРАВЛЯЮЩИЙ ПРОЦЕСС
Родитель: 434065
Создан: 2026-04-18T20:50:45.810000
Последний замер: 2026-04-18T21:11:14.577293
Время жизни: 1228.767293 сек
voluntary_ctxt_switches: 6270
nonvoluntary_ctxt_switches: 273
jiffies: 504.0
avg_cpu_load: 0.4 %
avg_memory_mb: 43.1 MB


Процесс: 434091
Родитель: 434083
Создан: 2026-04-18T20:50:46.030000
Последний замер: 2026-04-18T21:11:14.577493
Время жизни: 1228.547493 сек
voluntary_ctxt_switches: 2511
nonvoluntary_ctxt_switches: 5034
jiffies: 21994.0
avg_cpu_load: 17.9 %
avg_memory_mb: 119.5 MB

Среднее latency: 1.91
Всего задач: 118
Задач по типам: cpu_intensive - 79; memory_intensive - 39

Процесс: 434092
Родитель: 434083
Создан: 2026-04-18T20:50:46.050000
Последний замер: 2026-04-18T21:11:14.577672
Время жизни: 1228.527672 сек
voluntary_ctxt_switches: 2582
nonvoluntary_ctxt_switches: 4321
jiffies: 21313.0
avg_cpu_load: 17.3 %
avg_memory_mb: 119.6 MB

Среднее latency: 1.81
Всего задач: 118
Задач по типам: memory_intensive - 40; cpu_intensive - 78

Процесс: 434093
Родитель: 434083
Создан: 2026-04-18T20:50:46.070000
Последний замер: 2026-04-18T21:11:14.577850
Время жизни: 1228.50785 сек
voluntary_ctxt_switches: 2517
nonvoluntary_ctxt_switches: 4255
jiffies: 21419.0
avg_cpu_load: 17.5 %
avg_memory_mb: 119.6 MB

Среднее latency: 1.81
Всего задач: 118
Задач по типам: cpu_intensive - 79; memory_intensive - 39

Процесс: 434094
Родитель: 434083
Создан: 2026-04-18T20:50:46.100000
Последний замер: 2026-04-18T21:11:14.578025
Время жизни: 1228.478025 сек
voluntary_ctxt_switches: 2529
nonvoluntary_ctxt_switches: 4321
jiffies: 21468.0
avg_cpu_load: 17.4 %
avg_memory_mb: 119.5 MB

Среднее latency: 1.79
Всего задач: 118
Задач по типам: cpu_intensive - 79; memory_intensive - 39

Процесс: 434095
Родитель: 434083
Создан: 2026-04-18T20:50:46.120000
Последний замер: 2026-04-18T21:11:14.578200
Время жизни: 1228.4582 сек
voluntary_ctxt_switches: 2625
nonvoluntary_ctxt_switches: 4064
jiffies: 21131.0
avg_cpu_load: 17.2 %
avg_memory_mb: 119.6 MB

Среднее latency: 1.8
Всего задач: 118
Задач по типам: memory_intensive - 40; cpu_intensive - 78

Процесс: 434096
Родитель: 434083
Создан: 2026-04-18T20:50:46.150000
Последний замер: 2026-04-18T21:11:14.578376
Время жизни: 1228.428376 сек
voluntary_ctxt_switches: 2515
nonvoluntary_ctxt_switches: 5227
jiffies: 22550.0
avg_cpu_load: 18.4 %
avg_memory_mb: 119.7 MB

Среднее latency: 1.93
Всего задач: 118
Задач по типам: cpu_intensive - 79; memory_intensive - 39

Процесс: 434097
Родитель: 434083
Создан: 2026-04-18T20:50:46.170000
Последний замер: 2026-04-18T21:11:14.578560
Время жизни: 1228.40856 сек
voluntary_ctxt_switches: 2519
nonvoluntary_ctxt_switches: 5121
jiffies: 21965.0
avg_cpu_load: 17.8 %
avg_memory_mb: 119.6 MB

Среднее latency: 1.91
Всего задач: 118
Задач по типам: cpu_intensive - 79; memory_intensive - 39

Процесс: 434098
Родитель: 434083
Создан: 2026-04-18T20:50:46.190000
Последний замер: 2026-04-18T21:11:14.578737
Время жизни: 1228.388737 сек
voluntary_ctxt_switches: 2509
nonvoluntary_ctxt_switches: 5003
jiffies: 22436.0
avg_cpu_load: 18.3 %
avg_memory_mb: 119.7 MB

Среднее latency: 1.93
Всего задач: 118
Задач по типам: cpu_intensive - 79; memory_intensive - 39

