{
    "idx_task": 19,
    "task_name": "cpu_intensive",
    "duration_into_wraps": 1.6114065647125244,
    "data": {
        "ppid": 170708,
        "voluntary_ctxt_switches": 1,
        "nonvoluntary_ctxt_switches": 44,
        "delta_jiffies": 61,
        "delta_time": 1.6114,
        "cpu_load": 37.86,
        "memory_mib": 0.28125
    },
    "timestamp": 1775640076.4815457
}
{
    "idx_task": 23,
    "task_name": "cpu_intensive",
    "duration_into_wraps": 1.5913875102996826,
    "data": {
        "ppid": 170708,
        "voluntary_ctxt_switches": 1,
        "nonvoluntary_ctxt_switches": 2,
        "delta_jiffies": 59,
        "delta_time": -6.7286,
        "cpu_load": -8.77,
        "memory_mib": 0.00390625
    },
    "timestamp": 1775640086.3928556
}
{
    "idx_task": 24,
    "task_name": "cpu_intensive",
    "duration_into_wraps": 16.105552673339844,
    "data": {
        "ppid": 170708,
        "voluntary_ctxt_switches": 1,
        "nonvoluntary_ctxt_switches": 243,
        "delta_jiffies": 610,
        "delta_time": 16.1035,
        "cpu_load": 37.88,
        "memory_mib": 0.0
    },
    "timestamp": 1775640102.5005372
}
{
    "idx_task": 30,
    "task_name": "cpu_intensive",
    "duration_into_wraps": 16.09073543548584,
    "data": {
        "ppid": 170708,
        "voluntary_ctxt_switches": 1,
        "nonvoluntary_ctxt_switches": 149,
        "delta_jiffies": 607,
        "delta_time": 13.709799999999998,
        "cpu_load": 44.27,
        "memory_mib": 0.0
    },
    "timestamp": 1775640120.972197
}
{
    "idx_task": 38,
    "task_name": "cpu_intensive",
    "duration_into_wraps": 1.6043226718902588,
    "data": {
        "ppid": 170708,
        "voluntary_ctxt_switches": 1,
        "nonvoluntary_ctxt_switches": 8,
        "delta_jiffies": 61,
        "delta_time": -2.3105,
        "cpu_load": -26.4,
        "memory_mib": 0.00390625
    },
    "timestamp": 1775640126.4913511
}
{
    "idx_task": 40,
    "task_name": "cpu_intensive",
    "duration_into_wraps": 1.6122820377349854,
    "data": {
        "ppid": 170708,
        "voluntary_ctxt_switches": 1,
        "nonvoluntary_ctxt_switches": 44,
        "delta_jiffies": 61,
        "delta_time": 1.6097000000000001,
        "cpu_load": 37.9,
        "memory_mib": 0.0
    },
    "timestamp": 1775640128.1059692
}
