{
    "idx_task": 67,
    "task_name": "cpu_intensive",
    "duration_into_wraps": 1.6168067455291748,
    "data": {
        "ppid": 170708,
        "voluntary_ctxt_switches": 1,
        "nonvoluntary_ctxt_switches": 2,
        "delta_jiffies": 61,
        "delta_time": 1.6168,
        "cpu_load": 37.73,
        "memory_mib": 0.28125
    },
    "timestamp": 1775640196.7416732
}
{
    "idx_task": 69,
    "task_name": "cpu_intensive",
    "duration_into_wraps": 16.04918932914734,
    "data": {
        "ppid": 170708,
        "voluntary_ctxt_switches": 1,
        "nonvoluntary_ctxt_switches": 254,
        "delta_jiffies": 605,
        "delta_time": 7.739799999999999,
        "cpu_load": 78.17,
        "memory_mib": 0.00390625
    },
    "timestamp": 1775640221.100165
}
{
    "idx_task": 77,
    "task_name": "cpu_intensive",
    "duration_into_wraps": 1.6209583282470703,
    "data": {
        "ppid": 170708,
        "voluntary_ctxt_switches": 1,
        "nonvoluntary_ctxt_switches": 3,
        "delta_jiffies": 62,
        "delta_time": -2.3716,
        "cpu_load": -26.14,
        "memory_mib": 0.0
    },
    "timestamp": 1775640226.7136357
}
{
    "idx_task": 80,
    "task_name": "cpu_intensive",
    "duration_into_wraps": 1.613842487335205,
    "data": {
        "ppid": 170708,
        "voluntary_ctxt_switches": 1,
        "nonvoluntary_ctxt_switches": 2,
        "delta_jiffies": 61,
        "delta_time": 1.6109,
        "cpu_load": 37.87,
        "memory_mib": 0.00390625
    },
    "timestamp": 1775640228.3303378
}
{
    "idx_task": 81,
    "task_name": "cpu_intensive",
    "duration_into_wraps": 16.276801586151123,
    "data": {
        "ppid": 170708,
        "voluntary_ctxt_switches": 1,
        "nonvoluntary_ctxt_switches": 81,
        "delta_jiffies": 627,
        "delta_time": 9.490900000000002,
        "cpu_load": 66.06,
        "memory_mib": 0.0
    },
    "timestamp": 1775640251.3930466
}
