{
    "idx_task": 55,
    "task_name": "cpu_intensive",
    "duration_into_wraps": 1.623849868774414,
    "data": {
        "ppid": 170708,
        "voluntary_ctxt_switches": 1,
        "nonvoluntary_ctxt_switches": 43,
        "delta_jiffies": 62,
        "delta_time": 1.6237,
        "cpu_load": 38.18,
        "memory_mib": 0.28515625
    },
    "timestamp": 1775640166.653927
}
{
    "idx_task": 58,
    "task_name": "cpu_intensive",
    "duration_into_wraps": 1.5882787704467773,
    "data": {
        "ppid": 170708,
        "voluntary_ctxt_switches": 1,
        "nonvoluntary_ctxt_switches": 5,
        "delta_jiffies": 59,
        "delta_time": -6.7494,
        "cpu_load": -8.74,
        "memory_mib": 0.00390625
    },
    "timestamp": 1775640176.5796783
}
{
    "idx_task": 60,
    "task_name": "cpu_intensive",
    "duration_into_wraps": 16.1517653465271,
    "data": {
        "ppid": 170708,
        "voluntary_ctxt_switches": 1,
        "nonvoluntary_ctxt_switches": 208,
        "delta_jiffies": 615,
        "delta_time": 16.1492,
        "cpu_load": 38.08,
        "memory_mib": 0.00390625
    },
    "timestamp": 1775640192.7340877
}
{
    "idx_task": 65,
    "task_name": "cpu_intensive",
    "duration_into_wraps": 1.6087696552276611,
    "data": {
        "ppid": 170708,
        "voluntary_ctxt_switches": 1,
        "nonvoluntary_ctxt_switches": 3,
        "delta_jiffies": 61,
        "delta_time": -0.7781,
        "cpu_load": -78.4,
        "memory_mib": 0.0
    },
    "timestamp": 1775640196.7297447
}
{
    "idx_task": 68,
    "task_name": "cpu_intensive",
    "duration_into_wraps": 1.5848793983459473,
    "data": {
        "ppid": 170708,
        "voluntary_ctxt_switches": 1,
        "nonvoluntary_ctxt_switches": 3,
        "delta_jiffies": 59,
        "delta_time": 1.5818,
        "cpu_load": 37.3,
        "memory_mib": 0.0
    },
    "timestamp": 1775640198.3176866
}
{
    "idx_task": 70,
    "task_name": "cpu_intensive",
    "duration_into_wraps": 1.613593339920044,
    "data": {
        "ppid": 170708,
        "voluntary_ctxt_switches": 1,
        "nonvoluntary_ctxt_switches": 20,
        "delta_jiffies": 61,
        "delta_time": -5.1251,
        "cpu_load": -11.9,
        "memory_mib": 0.00390625
    },
    "timestamp": 1775640206.6699107
}
{
    "idx_task": 74,
    "task_name": "cpu_intensive",
    "duration_into_wraps": 1.62888503074646,
    "data": {
        "ppid": 170708,
        "voluntary_ctxt_switches": 1,
        "nonvoluntary_ctxt_switches": 3,
        "delta_jiffies": 63,
        "delta_time": -6.780200000000001,
        "cpu_load": -9.29,
        "memory_mib": 0.00390625
    },
    "timestamp": 1775640216.7078004
}
{
    "idx_task": 76,
    "task_name": "cpu_intensive",
    "duration_into_wraps": 1.6013154983520508,
    "data": {
        "ppid": 170708,
        "voluntary_ctxt_switches": 1,
        "nonvoluntary_ctxt_switches": 8,
        "delta_jiffies": 60,
        "delta_time": 1.5984,
        "cpu_load": 37.54,
        "memory_mib": 0.0
    },
    "timestamp": 1775640218.3118339
}
{
    "idx_task": 78,
    "task_name": "cpu_intensive",
    "duration_into_wraps": 15.931281566619873,
    "data": {
        "ppid": 170708,
        "voluntary_ctxt_switches": 1,
        "nonvoluntary_ctxt_switches": 61,
        "delta_jiffies": 592,
        "delta_time": 9.1466,
        "cpu_load": 64.72,
        "memory_mib": 0.0
    },
    "timestamp": 1775640241.027771
}
{
    "idx_task": 85,
    "task_name": "cpu_intensive",
    "duration_into_wraps": 1.601722240447998,
    "data": {
        "ppid": 170708,
        "voluntary_ctxt_switches": 1,
        "nonvoluntary_ctxt_switches": 42,
        "delta_jiffies": 60,
        "delta_time": -2.5076,
        "cpu_load": -23.93,
        "memory_mib": 0.0
    },
    "timestamp": 1775640246.7389507
}
{
    "idx_task": 87,
    "task_name": "cpu_intensive",
    "duration_into_wraps": 16.076684951782227,
    "data": {
        "ppid": 170708,
        "voluntary_ctxt_switches": 1,
        "nonvoluntary_ctxt_switches": 285,
        "delta_jiffies": 608,
        "delta_time": 16.0735,
        "cpu_load": 37.83,
        "memory_mib": 0.0
    },
    "timestamp": 1775640262.819007
}
{
    "idx_task": 94,
    "task_name": "cpu_intensive",
    "duration_into_wraps": 1.6142785549163818,
    "data": {
        "ppid": 170708,
        "voluntary_ctxt_switches": 1,
        "nonvoluntary_ctxt_switches": 1,
        "delta_jiffies": 61,
        "delta_time": -0.7522999999999997,
        "cpu_load": -81.08,
        "memory_mib": 0.0
    },
    "timestamp": 1775640266.7996953
}
{
    "idx_task": 98,
    "task_name": "cpu_intensive",
    "duration_into_wraps": 1.6113576889038086,
    "data": {
        "ppid": 170708,
        "voluntary_ctxt_switches": 1,
        "nonvoluntary_ctxt_switches": 2,
        "delta_jiffies": 61,
        "delta_time": -6.8004,
        "cpu_load": -8.97,
        "memory_mib": 0.00390625
    },
    "timestamp": 1775640276.822666
}
{
    "idx_task": 100,
    "task_name": "cpu_intensive",
    "duration_into_wraps": 1.6016240119934082,
    "data": {
        "ppid": 170708,
        "voluntary_ctxt_switches": 1,
        "nonvoluntary_ctxt_switches": 1,
        "delta_jiffies": 61,
        "delta_time": 1.5977,
        "cpu_load": 38.18,
        "memory_mib": 0.0
    },
    "timestamp": 1775640278.4280126
}
