{
    "idx_task": 90,
    "task_name": "cpu_intensive",
    "duration_into_wraps": 15.88750410079956,
    "data": {
        "ppid": 170708,
        "voluntary_ctxt_switches": 1,
        "nonvoluntary_ctxt_switches": 167,
        "delta_jiffies": 588,
        "delta_time": 15.8877,
        "cpu_load": 37.01,
        "memory_mib": 0.28125
    },
    "timestamp": 1775640271.1378121
}
{
    "idx_task": 97,
    "task_name": "cpu_intensive",
    "duration_into_wraps": 1.5960726737976074,
    "data": {
        "ppid": 170708,
        "voluntary_ctxt_switches": 1,
        "nonvoluntary_ctxt_switches": 32,
        "delta_jiffies": 60,
        "delta_time": -2.4684,
        "cpu_load": -24.31,
        "memory_mib": 0.0
    },
    "timestamp": 1775640276.7981584
}
{
    "idx_task": 99,
    "task_name": "cpu_intensive",
    "duration_into_wraps": 16.164016485214233,
    "data": {
        "ppid": 170708,
        "voluntary_ctxt_switches": 1,
        "nonvoluntary_ctxt_switches": 161,
        "delta_jiffies": 616,
        "delta_time": 16.160700000000002,
        "cpu_load": 38.12,
        "memory_mib": 0.0
    },
    "timestamp": 1775640292.965235
}
{
    "idx_task": 106,
    "task_name": "cpu_intensive",
    "duration_into_wraps": 1.6315672397613525,
    "data": {
        "ppid": 170708,
        "voluntary_ctxt_switches": 1,
        "nonvoluntary_ctxt_switches": 45,
        "delta_jiffies": 63,
        "delta_time": -0.6554,
        "cpu_load": -96.12,
        "memory_mib": 0.0
    },
    "timestamp": 1775640296.8834686
}
{
    "idx_task": 108,
    "task_name": "cpu_intensive",
    "duration_into_wraps": 15.92438793182373,
    "data": {
        "ppid": 170708,
        "voluntary_ctxt_switches": 1,
        "nonvoluntary_ctxt_switches": 280,
        "delta_jiffies": 593,
        "delta_time": 15.9213,
        "cpu_load": 37.25,
        "memory_mib": 0.0
    },
    "timestamp": 1775640312.8104975
}
