{
    "idx_task": 2,
    "task_name": "cpu_intensive",
    "duration_into_wraps": 1.612248420715332,
    "data": {
        "ppid": 170708,
        "voluntary_ctxt_switches": 1,
        "nonvoluntary_ctxt_switches": 2,
        "delta_jiffies": 61,
        "delta_time": 1.6122,
        "cpu_load": 37.84,
        "memory_mib": 0.28125
    },
    "timestamp": 1775640036.392787
}
{
    "idx_task": 5,
    "task_name": "cpu_intensive",
    "duration_into_wraps": 1.5940215587615967,
    "data": {
        "ppid": 170708,
        "voluntary_ctxt_switches": 1,
        "nonvoluntary_ctxt_switches": 3,
        "delta_jiffies": 60,
        "delta_time": -6.717499999999999,
        "cpu_load": -8.93,
        "memory_mib": 0.00390625
    },
    "timestamp": 1775640046.2980263
}
{
    "idx_task": 8,
    "task_name": "cpu_intensive",
    "duration_into_wraps": 1.6127350330352783,
    "data": {
        "ppid": 170708,
        "voluntary_ctxt_switches": 1,
        "nonvoluntary_ctxt_switches": 2,
        "delta_jiffies": 61,
        "delta_time": 1.6099,
        "cpu_load": 37.89,
        "memory_mib": 0.0
    },
    "timestamp": 1775640047.9131505
}
{
    "idx_task": 9,
    "task_name": "cpu_intensive",
    "duration_into_wraps": 16.207904815673828,
    "data": {
        "ppid": 170708,
        "voluntary_ctxt_switches": 1,
        "nonvoluntary_ctxt_switches": 33,
        "delta_jiffies": 621,
        "delta_time": 9.394699999999998,
        "cpu_load": 66.1,
        "memory_mib": 0.0
    },
    "timestamp": 1775640070.933963
}
{
    "idx_task": 17,
    "task_name": "cpu_intensive",
    "duration_into_wraps": 1.6122403144836426,
    "data": {
        "ppid": 170708,
        "voluntary_ctxt_switches": 1,
        "nonvoluntary_ctxt_switches": 17,
        "delta_jiffies": 61,
        "delta_time": -2.2199,
        "cpu_load": -27.48,
        "memory_mib": 0.0
    },
    "timestamp": 1775640076.378325
}
{
    "idx_task": 20,
    "task_name": "cpu_intensive",
    "duration_into_wraps": 1.5873870849609375,
    "data": {
        "ppid": 170708,
        "voluntary_ctxt_switches": 1,
        "nonvoluntary_ctxt_switches": 53,
        "delta_jiffies": 58,
        "delta_time": 1.5845,
        "cpu_load": 36.6,
        "memory_mib": 0.0
    },
    "timestamp": 1775640077.9682808
}
{
    "idx_task": 21,
    "task_name": "cpu_intensive",
    "duration_into_wraps": 15.8969087600708,
    "data": {
        "ppid": 170708,
        "voluntary_ctxt_switches": 1,
        "nonvoluntary_ctxt_switches": 132,
        "delta_jiffies": 588,
        "delta_time": 9.080200000000001,
        "cpu_load": 64.76,
        "memory_mib": 0.0
    },
    "timestamp": 1775640100.6816485
}
{
    "idx_task": 29,
    "task_name": "cpu_intensive",
    "duration_into_wraps": 1.6162428855895996,
    "data": {
        "ppid": 170708,
        "voluntary_ctxt_switches": 1,
        "nonvoluntary_ctxt_switches": 44,
        "delta_jiffies": 61,
        "delta_time": -2.5359,
        "cpu_load": -24.05,
        "memory_mib": 0.0
    },
    "timestamp": 1775640106.4497604
}
{
    "idx_task": 32,
    "task_name": "cpu_intensive",
    "duration_into_wraps": 1.5861151218414307,
    "data": {
        "ppid": 170708,
        "voluntary_ctxt_switches": 1,
        "nonvoluntary_ctxt_switches": 1,
        "delta_jiffies": 57,
        "delta_time": 1.5830000000000002,
        "cpu_load": 36.01,
        "memory_mib": 0.0
    },
    "timestamp": 1775640108.03864
}
{
    "idx_task": 33,
    "task_name": "cpu_intensive",
    "duration_into_wraps": 16.12182092666626,
    "data": {
        "ppid": 170708,
        "voluntary_ctxt_switches": 1,
        "nonvoluntary_ctxt_switches": 111,
        "delta_jiffies": 612,
        "delta_time": 9.3038,
        "cpu_load": 65.78,
        "memory_mib": 0.0
    },
    "timestamp": 1775640130.9784307
}
