{
    "active_periods": [
        {
            "start": 1778823883.269166,
            "end": 1778824186.149352,
            "duration_sec": 302.8801860809326,
            "tasks_completed": 480,
            "throughput_tps": 1.584785080235454
        }
    ],
    "history": [
        {
            "timestamp": 1778823883.269166,
            "messages": 0,
            "ack": 61515
        },
        {
            "timestamp": 1778823888.275915,
            "messages": 8,
            "ack": 61518
        },
        {
            "timestamp": 1778823893.283165,
            "messages": 8,
            "ack": 61528
        },
        {
            "timestamp": 1778823898.289642,
            "messages": 8,
            "ack": 61532
        },
        {
            "timestamp": 1778823903.293887,
            "messages": 7,
            "ack": 61539
        },
        {
            "timestamp": 1778823908.299125,
            "messages": 8,
            "ack": 61549
        },
        {
            "timestamp": 1778823913.306082,
            "messages": 3,
            "ack": 61556
        },
        {
            "timestamp": 1778823918.311221,
            "messages": 3,
            "ack": 61563
        },
        {
            "timestamp": 1778823923.316405,
            "messages": 2,
            "ack": 61573
        },
        {
            "timestamp": 1778823928.32317,
            "messages": 3,
            "ack": 61579
        },
        {
            "timestamp": 1778823933.328688,
            "messages": 3,
            "ack": 61587
        },
        {
            "timestamp": 1778823938.333846,
            "messages": 2,
            "ack": 61597
        },
        {
            "timestamp": 1778823943.339644,
            "messages": 2,
            "ack": 61604
        },
        {
            "timestamp": 1778823948.343851,
            "messages": 3,
            "ack": 61611
        },
        {
            "timestamp": 1778823953.349096,
            "messages": 2,
            "ack": 61621
        },
        {
            "timestamp": 1778823958.35508,
            "messages": 3,
            "ack": 61628
        },
        {
            "timestamp": 1778823963.360409,
            "messages": 3,
            "ack": 61635
        },
        {
            "timestamp": 1778823968.365523,
            "messages": 2,
            "ack": 61645
        },
        {
            "timestamp": 1778823973.370759,
            "messages": 2,
            "ack": 61652
        },
        {
            "timestamp": 1778823978.377553,
            "messages": 3,
            "ack": 61659
        },
        {
            "timestamp": 1778823983.383715,
            "messages": 2,
            "ack": 61669
        },
        {
            "timestamp": 1778823988.390112,
            "messages": 3,
            "ack": 61676
        },
        {
            "timestamp": 1778823993.397109,
            "messages": 3,
            "ack": 61683
        },
        {
            "timestamp": 1778823998.402983,
            "messages": 2,
            "ack": 61693
        },
        {
            "timestamp": 1778824003.408218,
            "messages": 2,
            "ack": 61700
        },
        {
            "timestamp": 1778824008.414406,
            "messages": 3,
            "ack": 61707
        },
        {
            "timestamp": 1778824013.419796,
            "messages": 2,
            "ack": 61717
        },
        {
            "timestamp": 1778824018.425774,
            "messages": 3,
            "ack": 61724
        },
        {
            "timestamp": 1778824023.431734,
            "messages": 3,
            "ack": 61731
        },
        {
            "timestamp": 1778824028.436863,
            "messages": 2,
            "ack": 61741
        },
        {
            "timestamp": 1778824033.442807,
            "messages": 2,
            "ack": 61748
        },
        {
            "timestamp": 1778824038.450389,
            "messages": 3,
            "ack": 61755
        },
        {
            "timestamp": 1778824043.456358,
            "messages": 2,
            "ack": 61765
        },
        {
            "timestamp": 1778824048.461847,
            "messages": 3,
            "ack": 61772
        },
        {
            "timestamp": 1778824053.46762,
            "messages": 3,
            "ack": 61779
        },
        {
            "timestamp": 1778824058.472692,
            "messages": 2,
            "ack": 61785
        },
        {
            "timestamp": 1778824063.478383,
            "messages": 2,
            "ack": 61796
        },
        {
            "timestamp": 1778824068.485344,
            "messages": 3,
            "ack": 61803
        },
        {
            "timestamp": 1778824073.490586,
            "messages": 2,
            "ack": 61809
        },
        {
            "timestamp": 1778824078.496413,
            "messages": 3,
            "ack": 61818
        },
        {
            "timestamp": 1778824083.502705,
            "messages": 3,
            "ack": 61827
        },
        {
            "timestamp": 1778824088.50814,
            "messages": 2,
            "ack": 61833
        },
        {
            "timestamp": 1778824093.513196,
            "messages": 2,
            "ack": 61842
        },
        {
            "timestamp": 1778824098.518329,
            "messages": 3,
            "ack": 61851
        },
        {
            "timestamp": 1778824103.525217,
            "messages": 2,
            "ack": 61857
        },
        {
            "timestamp": 1778824108.53159,
            "messages": 3,
            "ack": 61866
        },
        {
            "timestamp": 1778824113.538281,
            "messages": 3,
            "ack": 61875
        },
        {
            "timestamp": 1778824118.543787,
            "messages": 2,
            "ack": 61881
        },
        {
            "timestamp": 1778824123.549453,
            "messages": 2,
            "ack": 61891
        },
        {
            "timestamp": 1778824128.555885,
            "messages": 3,
            "ack": 61898
        },
        {
            "timestamp": 1778824133.561601,
            "messages": 3,
            "ack": 61907
        },
        {
            "timestamp": 1778824138.567081,
            "messages": 3,
            "ack": 61912
        },
        {
            "timestamp": 1778824143.572638,
            "messages": 3,
            "ack": 61922
        },
        {
            "timestamp": 1778824148.578634,
            "messages": 9,
            "ack": 61931
        },
        {
            "timestamp": 1778824153.58514,
            "messages": 6,
            "ack": 61936
        },
        {
            "timestamp": 1778824158.591266,
            "messages": 3,
            "ack": 61947
        },
        {
            "timestamp": 1778824163.596675,
            "messages": 3,
            "ack": 61955
        },
        {
            "timestamp": 1778824168.60168,
            "messages": 3,
            "ack": 61960
        },
        {
            "timestamp": 1778824173.60755,
            "messages": 3,
            "ack": 61970
        },
        {
            "timestamp": 1778824178.613143,
            "messages": 3,
            "ack": 61979
        },
        {
            "timestamp": 1778824183.619745,
            "messages": 3,
            "ack": 61984
        },
        {
            "timestamp": 1778824186.14147,
            "messages": 3,
            "ack": 61995
        }
    ]
}