Процесс: 60197
УПРАВЛЯЮЩИЙ ПРОЦЕСС
Родитель: 13546
Создан: 2026-04-26T10:41:26.330000
Последний замер: 2026-04-26T10:46:28.876105
Время жизни: 302.546105 сек
voluntary_ctxt_switches: 1775
nonvoluntary_ctxt_switches: 148
jiffies: 178.0
avg_cpu_load: 0.5 %
avg_memory_mb: 42.8 MB


Процесс: 60206
Родитель: 60197
Создан: 2026-04-26T10:41:26.730000
Последний замер: 2026-04-26T10:42:08.055646
Время жизни: 41.325646 сек
voluntary_ctxt_switches: 19
nonvoluntary_ctxt_switches: 291
jiffies: 196.0
avg_cpu_load: 4.8 %
avg_memory_mb: 75.0 MB

Среднее latency: 1.96
Средний runtime: 1.86
Всего задач: 4
Задач по типам: cpu_intensive - 3; memory_intensive - 1

Процесс: 60207
Родитель: 60197
Создан: 2026-04-26T10:41:26.760000
Последний замер: 2026-04-26T10:42:08.055851
Время жизни: 41.295851 сек
voluntary_ctxt_switches: 20
nonvoluntary_ctxt_switches: 312
jiffies: 201.0
avg_cpu_load: 4.9 %
avg_memory_mb: 95.1 MB

Среднее latency: 2.0
Средний runtime: 1.89
Всего задач: 4
Задач по типам: cpu_intensive - 3; memory_intensive - 1

Процесс: 60208
Родитель: 60197
Создан: 2026-04-26T10:41:26.780000
Последний замер: 2026-04-26T10:42:08.056054
Время жизни: 41.276054 сек
voluntary_ctxt_switches: 20
nonvoluntary_ctxt_switches: 267
jiffies: 200.0
avg_cpu_load: 4.9 %
avg_memory_mb: 75.0 MB

Среднее latency: 1.96
Средний runtime: 1.86
Всего задач: 4
Задач по типам: cpu_intensive - 3; memory_intensive - 1

Процесс: 60209
Родитель: 60197
Создан: 2026-04-26T10:41:26.800000
Последний замер: 2026-04-26T10:42:08.056254
Время жизни: 41.256254 сек
voluntary_ctxt_switches: 20
nonvoluntary_ctxt_switches: 380
jiffies: 200.0
avg_cpu_load: 4.9 %
avg_memory_mb: 95.2 MB

Среднее latency: 2.06
Средний runtime: 1.95
Всего задач: 4
Задач по типам: cpu_intensive - 3; memory_intensive - 1

Процесс: 60218
Родитель: 60197
Создан: 2026-04-26T10:41:27.880000
Последний замер: 2026-04-26T10:42:38.468986
Время жизни: 70.588986 сек
voluntary_ctxt_switches: 35
nonvoluntary_ctxt_switches: 695
jiffies: 340.0
avg_cpu_load: 4.6 %
avg_memory_mb: 107.0 MB

Среднее latency: 2.03
Средний runtime: 1.96
Всего задач: 7
Задач по типам: cpu_intensive - 5; memory_intensive - 2

Процесс: 60219
Родитель: 60197
Создан: 2026-04-26T10:41:27.900000
Последний замер: 2026-04-26T10:42:38.469188
Время жизни: 70.569188 сек
voluntary_ctxt_switches: 45
nonvoluntary_ctxt_switches: 315
jiffies: 281.0
avg_cpu_load: 4.0 %
avg_memory_mb: 118.4 MB

Среднее latency: 1.86
Средний runtime: 1.8
Всего задач: 7
Задач по типам: memory_intensive - 3; cpu_intensive - 4

Процесс: 60220
Родитель: 60197
Создан: 2026-04-26T10:41:27.930000
Последний замер: 2026-04-26T10:42:38.469392
Время жизни: 70.539392 сек
voluntary_ctxt_switches: 45
nonvoluntary_ctxt_switches: 242
jiffies: 280.0
avg_cpu_load: 4.0 %
avg_memory_mb: 118.4 MB

Среднее latency: 1.83
Средний runtime: 1.77
Всего задач: 7
Задач по типам: memory_intensive - 3; cpu_intensive - 4

Процесс: 60221
Родитель: 60197
Создан: 2026-04-26T10:41:27.950000
Последний замер: 2026-04-26T10:42:38.469607
Время жизни: 70.519607 сек
voluntary_ctxt_switches: 35
nonvoluntary_ctxt_switches: 448
jiffies: 340.0
avg_cpu_load: 4.8 %
avg_memory_mb: 95.1 MB

Среднее latency: 1.91
Средний runtime: 1.84
Всего задач: 7
Задач по типам: cpu_intensive - 5; memory_intensive - 2

Процесс: 60287
Родитель: 60197
Создан: 2026-04-26T10:42:07.770000
Последний замер: 2026-04-26T10:43:07.825497
Время жизни: 60.055497 сек
voluntary_ctxt_switches: 44
nonvoluntary_ctxt_switches: 440
jiffies: 230.0
avg_cpu_load: 3.8 %
avg_memory_mb: 118.6 MB

Среднее latency: 1.93
Средний runtime: 1.9
Всего задач: 6
Задач по типам: memory_intensive - 3; cpu_intensive - 3

Процесс: 60288
Родитель: 60197
Создан: 2026-04-26T10:42:07.790000
Последний замер: 2026-04-26T10:43:07.825711
Время жизни: 60.035711 сек
voluntary_ctxt_switches: 25
nonvoluntary_ctxt_switches: 340
jiffies: 328.0
avg_cpu_load: 5.1 %
avg_memory_mb: 76.6 MB

Среднее latency: 1.83
Средний runtime: 1.8
Всего задач: 6
Задач по типам: cpu_intensive - 5; memory_intensive - 1

Процесс: 60289
Родитель: 60197
Создан: 2026-04-26T10:42:07.820000
Последний замер: 2026-04-26T10:43:07.825917
Время жизни: 60.005917 сек
voluntary_ctxt_switches: 44
nonvoluntary_ctxt_switches: 188
jiffies: 225.0
avg_cpu_load: 3.8 %
avg_memory_mb: 118.4 MB

Среднее latency: 1.81
Средний runtime: 1.77
Всего задач: 6
Задач по типам: memory_intensive - 3; cpu_intensive - 3

Процесс: 60290
Родитель: 60197
Создан: 2026-04-26T10:42:07.850000
Последний замер: 2026-04-26T10:43:07.826119
Время жизни: 59.976119 сек
voluntary_ctxt_switches: 23
nonvoluntary_ctxt_switches: 586
jiffies: 320.0
avg_cpu_load: 5.4 %
avg_memory_mb: 76.6 MB

Среднее latency: 1.95
Средний runtime: 1.91
Всего задач: 6
Задач по типам: cpu_intensive - 5; memory_intensive - 1

Процесс: 60295
Родитель: 60197
Создан: 2026-04-26T10:42:37.800000
Последний замер: 2026-04-26T10:43:38.229534
Время жизни: 60.429534 сек
voluntary_ctxt_switches: 33
nonvoluntary_ctxt_switches: 248
jiffies: 260.0
avg_cpu_load: 4.4 %
avg_memory_mb: 105.3 MB

Среднее latency: 1.79
Средний runtime: 1.75
Всего задач: 6
Задач по типам: cpu_intensive - 4; memory_intensive - 2

Процесс: 60296
Родитель: 60197
Создан: 2026-04-26T10:42:37.830000
Последний замер: 2026-04-26T10:43:38.229750
Время жизни: 60.39975 сек
voluntary_ctxt_switches: 23
nonvoluntary_ctxt_switches: 625
jiffies: 324.0
avg_cpu_load: 5.4 %
avg_memory_mb: 77.4 MB

Среднее latency: 1.98
Средний runtime: 1.94
Всего задач: 6
Задач по типам: cpu_intensive - 5; memory_intensive - 1

Процесс: 60297
Родитель: 60197
Создан: 2026-04-26T10:42:37.860000
Последний замер: 2026-04-26T10:43:38.229954
Время жизни: 60.369954 сек
voluntary_ctxt_switches: 33
nonvoluntary_ctxt_switches: 379
jiffies: 272.0
avg_cpu_load: 3.6 %
avg_memory_mb: 91.4 MB

Среднее latency: 1.89
Средний runtime: 1.85
Всего задач: 6
Задач по типам: cpu_intensive - 4; memory_intensive - 2

Процесс: 60298
Родитель: 60197
Создан: 2026-04-26T10:42:37.890000
Последний замер: 2026-04-26T10:43:38.230162
Время жизни: 60.340162 сек
voluntary_ctxt_switches: 45
nonvoluntary_ctxt_switches: 276
jiffies: 210.0
avg_cpu_load: 3.5 %
avg_memory_mb: 119.3 MB

Среднее latency: 1.83
Средний runtime: 1.79
Всего задач: 6
Задач по типам: memory_intensive - 3; cpu_intensive - 3

Процесс: 60362
Родитель: 60197
Создан: 2026-04-26T10:43:07.820000
Последний замер: 2026-04-26T10:44:08.643734
Время жизни: 60.823734 сек
voluntary_ctxt_switches: 46
nonvoluntary_ctxt_switches: 256
jiffies: 203.0
avg_cpu_load: 3.3 %
avg_memory_mb: 118.2 MB

Среднее latency: 1.81
Средний runtime: 1.77
Всего задач: 6
Задач по типам: memory_intensive - 3; cpu_intensive - 3

Процесс: 60363
Родитель: 60197
Создан: 2026-04-26T10:43:07.850000
Последний замер: 2026-04-26T10:44:08.643938
Время жизни: 60.793938 сек
voluntary_ctxt_switches: 25
nonvoluntary_ctxt_switches: 426
jiffies: 320.0
avg_cpu_load: 5.4 %
avg_memory_mb: 77.9 MB

Среднее latency: 1.86
Средний runtime: 1.82
Всего задач: 6
Задач по типам: cpu_intensive - 5; memory_intensive - 1

Процесс: 60364
Родитель: 60197
Создан: 2026-04-26T10:43:07.880000
Последний замер: 2026-04-26T10:44:08.644140
Время жизни: 60.76414 сек
voluntary_ctxt_switches: 43
nonvoluntary_ctxt_switches: 182
jiffies: 204.0
avg_cpu_load: 3.3 %
avg_memory_mb: 119.5 MB

Среднее latency: 1.77
Средний runtime: 1.73
Всего задач: 6
Задач по типам: memory_intensive - 3; cpu_intensive - 3

Процесс: 60365
Родитель: 60197
Создан: 2026-04-26T10:43:07.910000
Последний замер: 2026-04-26T10:44:08.644342
Время жизни: 60.734342 сек
voluntary_ctxt_switches: 23
nonvoluntary_ctxt_switches: 609
jiffies: 330.0
avg_cpu_load: 5.5 %
avg_memory_mb: 77.9 MB

Среднее latency: 1.98
Средний runtime: 1.94
Всего задач: 6
Задач по типам: cpu_intensive - 5; memory_intensive - 1

Процесс: 60370
Родитель: 60197
Создан: 2026-04-26T10:43:37.820000
Последний замер: 2026-04-26T10:44:38.006305
Время жизни: 60.186305 сек
voluntary_ctxt_switches: 25
nonvoluntary_ctxt_switches: 557
jiffies: 328.0
avg_cpu_load: 5.5 %
avg_memory_mb: 76.9 MB

Среднее latency: 1.95
Средний runtime: 1.92
Всего задач: 6
Задач по типам: cpu_intensive - 5; memory_intensive - 1

Процесс: 60371
Родитель: 60197
Создан: 2026-04-26T10:43:37.850000
Последний замер: 2026-04-26T10:44:38.006511
Время жизни: 60.156511 сек
voluntary_ctxt_switches: 35
nonvoluntary_ctxt_switches: 332
jiffies: 270.0
avg_cpu_load: 3.9 %
avg_memory_mb: 90.8 MB

Среднее latency: 1.85
Средний runtime: 1.81
Всего задач: 6
Задач по типам: cpu_intensive - 4; memory_intensive - 2

Процесс: 60372
Родитель: 60197
Создан: 2026-04-26T10:43:37.870000
Последний замер: 2026-04-26T10:44:38.006726
Время жизни: 60.136726 сек
voluntary_ctxt_switches: 34
nonvoluntary_ctxt_switches: 337
jiffies: 263.0
avg_cpu_load: 3.9 %
avg_memory_mb: 104.7 MB

Среднее latency: 1.84
Средний runtime: 1.81
Всего задач: 6
Задач по типам: cpu_intensive - 4; memory_intensive - 2

Процесс: 60373
Родитель: 60197
Создан: 2026-04-26T10:43:37.900000
Последний замер: 2026-04-26T10:44:38.006928
Время жизни: 60.106928 сек
voluntary_ctxt_switches: 43
nonvoluntary_ctxt_switches: 350
jiffies: 209.0
avg_cpu_load: 3.5 %
avg_memory_mb: 119.0 MB

Среднее latency: 1.86
Средний runtime: 1.82
Всего задач: 6
Задач по типам: memory_intensive - 3; cpu_intensive - 3

Процесс: 60439
Родитель: 60197
Создан: 2026-04-26T10:44:07.860000
Последний замер: 2026-04-26T10:45:08.424206
Время жизни: 60.564206 сек
voluntary_ctxt_switches: 44
nonvoluntary_ctxt_switches: 428
jiffies: 213.0
avg_cpu_load: 3.5 %
avg_memory_mb: 119.3 MB

Среднее latency: 1.9
Средний runtime: 1.86
Всего задач: 6
Задач по типам: memory_intensive - 3; cpu_intensive - 3

Процесс: 60440
Родитель: 60197
Создан: 2026-04-26T10:44:07.900000
Последний замер: 2026-04-26T10:45:08.424410
Время жизни: 60.52441 сек
voluntary_ctxt_switches: 25
nonvoluntary_ctxt_switches: 267
jiffies: 322.0
avg_cpu_load: 5.4 %
avg_memory_mb: 77.6 MB

Среднее latency: 1.8
Средний runtime: 1.76
Всего задач: 6
Задач по типам: cpu_intensive - 5; memory_intensive - 1

Процесс: 60441
Родитель: 60197
Создан: 2026-04-26T10:44:07.930000
Последний замер: 2026-04-26T10:45:08.424625
Время жизни: 60.494625 сек
voluntary_ctxt_switches: 43
nonvoluntary_ctxt_switches: 353
jiffies: 215.0
avg_cpu_load: 3.5 %
avg_memory_mb: 119.0 MB

Среднее latency: 1.88
Средний runtime: 1.84
Всего задач: 6
Задач по типам: memory_intensive - 3; cpu_intensive - 3

Процесс: 60442
Родитель: 60197
Создан: 2026-04-26T10:44:07.960000
Последний замер: 2026-04-26T10:45:08.424828
Время жизни: 60.464828 сек
voluntary_ctxt_switches: 32
nonvoluntary_ctxt_switches: 424
jiffies: 268.0
avg_cpu_load: 4.5 %
avg_memory_mb: 77.9 MB

Среднее latency: 1.9
Средний runtime: 1.85
Всего задач: 6
Задач по типам: cpu_intensive - 4; memory_intensive - 2

Процесс: 60447
Родитель: 60197
Создан: 2026-04-26T10:44:37.860000
Последний замер: 2026-04-26T10:45:37.793918
Время жизни: 59.933918 сек
voluntary_ctxt_switches: 33
nonvoluntary_ctxt_switches: 453
jiffies: 269.0
avg_cpu_load: 4.3 %
avg_memory_mb: 104.4 MB

Среднее latency: 1.91
Средний runtime: 1.87
Всего задач: 6
Задач по типам: cpu_intensive - 4; memory_intensive - 2

Процесс: 60448
Родитель: 60197
Создан: 2026-04-26T10:44:37.880000
Последний замер: 2026-04-26T10:45:37.794121
Время жизни: 59.914121 сек
voluntary_ctxt_switches: 24
nonvoluntary_ctxt_switches: 533
jiffies: 329.0
avg_cpu_load: 5.5 %
avg_memory_mb: 76.7 MB

Среднее latency: 1.93
Средний runtime: 1.9
Всего задач: 6
Задач по типам: cpu_intensive - 5; memory_intensive - 1

Процесс: 60449
Родитель: 60197
Создан: 2026-04-26T10:44:37.910000
Последний замер: 2026-04-26T10:45:37.794324
Время жизни: 59.884324 сек
voluntary_ctxt_switches: 36
nonvoluntary_ctxt_switches: 339
jiffies: 270.0
avg_cpu_load: 4.4 %
avg_memory_mb: 90.7 MB

Среднее latency: 1.84
Средний runtime: 1.81
Всего задач: 6
Задач по типам: cpu_intensive - 4; memory_intensive - 2

Процесс: 60450
Родитель: 60197
Создан: 2026-04-26T10:44:37.940000
Последний замер: 2026-04-26T10:45:37.794529
Время жизни: 59.854529 сек
voluntary_ctxt_switches: 34
nonvoluntary_ctxt_switches: 513
jiffies: 271.0
avg_cpu_load: 4.5 %
avg_memory_mb: 117.9 MB

Среднее latency: 1.95
Средний runtime: 1.91
Всего задач: 6
Задач по типам: memory_intensive - 2; cpu_intensive - 4

Процесс: 60535
Родитель: 60197
Создан: 2026-04-26T10:45:07.880000
Последний замер: 2026-04-26T10:46:08.220109
Время жизни: 60.340109 сек
voluntary_ctxt_switches: 34
nonvoluntary_ctxt_switches: 530
jiffies: 271.0
avg_cpu_load: 4.5 %
avg_memory_mb: 105.1 MB

Среднее latency: 1.94
Средний runtime: 1.9
Всего задач: 6
Задач по типам: cpu_intensive - 4; memory_intensive - 2

Процесс: 60536
Родитель: 60197
Создан: 2026-04-26T10:45:07.910000
Последний замер: 2026-04-26T10:46:08.220316
Время жизни: 60.310316 сек
voluntary_ctxt_switches: 26
nonvoluntary_ctxt_switches: 269
jiffies: 324.0
avg_cpu_load: 4.7 %
avg_memory_mb: 77.3 MB

Среднее latency: 1.79
Средний runtime: 1.76
Всего задач: 6
Задач по типам: cpu_intensive - 5; memory_intensive - 1

Процесс: 60537
Родитель: 60197
Создан: 2026-04-26T10:45:07.940000
Последний замер: 2026-04-26T10:46:08.220519
Время жизни: 60.280519 сек
voluntary_ctxt_switches: 44
nonvoluntary_ctxt_switches: 284
jiffies: 213.0
avg_cpu_load: 3.5 %
avg_memory_mb: 119.2 MB

Среднее latency: 1.83
Средний runtime: 1.79
Всего задач: 6
Задач по типам: memory_intensive - 3; cpu_intensive - 3

Процесс: 60538
Родитель: 60197
Создан: 2026-04-26T10:45:07.970000
Последний замер: 2026-04-26T10:46:08.220741
Время жизни: 60.250741 сек
voluntary_ctxt_switches: 33
nonvoluntary_ctxt_switches: 265
jiffies: 265.0
avg_cpu_load: 4.4 %
avg_memory_mb: 91.4 MB

Среднее latency: 1.82
Средний runtime: 1.78
Всего задач: 6
Задач по типам: cpu_intensive - 4; memory_intensive - 2

Процесс: 60543
Родитель: 60197
Создан: 2026-04-26T10:45:37.880000
Последний замер: 2026-04-26T10:46:28.877000
Время жизни: 50.997 сек
voluntary_ctxt_switches: 23
nonvoluntary_ctxt_switches: 433
jiffies: 262.0
avg_cpu_load: 5.2 %
avg_memory_mb: 70.1 MB

Среднее latency: 1.94
Средний runtime: 1.9
Всего задач: 5
Задач по типам: cpu_intensive - 4; memory_intensive - 1

Процесс: 60544
Родитель: 60197
Создан: 2026-04-26T10:45:37.910000
Последний замер: 2026-04-26T10:46:28.877205
Время жизни: 50.967205 сек
voluntary_ctxt_switches: 32
nonvoluntary_ctxt_switches: 188
jiffies: 208.0
avg_cpu_load: 4.0 %
avg_memory_mb: 119.4 MB

Среднее latency: 1.82
Средний runtime: 1.78
Всего задач: 5
Задач по типам: memory_intensive - 2; cpu_intensive - 3

Процесс: 60545
Родитель: 60197
Создан: 2026-04-26T10:45:37.940000
Последний замер: 2026-04-26T10:46:28.877407
Время жизни: 50.937407 сек
voluntary_ctxt_switches: 22
nonvoluntary_ctxt_switches: 509
jiffies: 266.0
avg_cpu_load: 4.0 %
avg_memory_mb: 70.1 MB

Среднее latency: 2.0
Средний runtime: 1.96
Всего задач: 5
Задач по типам: cpu_intensive - 4; memory_intensive - 1

Процесс: 60546
Родитель: 60197
Создан: 2026-04-26T10:45:37.970000
Последний замер: 2026-04-26T10:46:28.877618
Время жизни: 50.907618 сек
voluntary_ctxt_switches: 41
nonvoluntary_ctxt_switches: 204
jiffies: 145.0
avg_cpu_load: 2.8 %
avg_memory_mb: 119.5 MB

Среднее latency: 1.83
Средний runtime: 1.79
Всего задач: 5
Задач по типам: memory_intensive - 3; cpu_intensive - 2

Процесс: 60610
Родитель: 60197
Создан: 2026-04-26T10:46:07.910000
Последний замер: 2026-04-26T10:46:28.877821
Время жизни: 20.967821 сек
voluntary_ctxt_switches: 15
nonvoluntary_ctxt_switches: 153
jiffies: 72.0
avg_cpu_load: 3.4 %
avg_memory_mb: 77.3 MB

Среднее latency: 1.98
Средний runtime: 1.89
Всего задач: 2
Задач по типам: cpu_intensive - 1; memory_intensive - 1

Процесс: 60611
Родитель: 60197
Создан: 2026-04-26T10:46:07.930000
Последний замер: 2026-04-26T10:46:28.878022
Время жизни: 20.948022 сек
voluntary_ctxt_switches: 5
nonvoluntary_ctxt_switches: 75
jiffies: 126.0
avg_cpu_load: 4.9 %
avg_memory_mb: 36.6 MB

Среднее latency: 1.81
Средний runtime: 1.71
Всего задач: 2
Задач по типам: cpu_intensive - 2

Процесс: 60612
Родитель: 60197
Создан: 2026-04-26T10:46:07.960000
Последний замер: 2026-04-26T10:46:28.878223
Время жизни: 20.918223 сек
voluntary_ctxt_switches: 26
nonvoluntary_ctxt_switches: 27
jiffies: 14.0
avg_cpu_load: 0.6 %
avg_memory_mb: 116.8 MB

Среднее latency: 1.82
Средний runtime: 1.73
Всего задач: 2
Задач по типам: memory_intensive - 2

Процесс: 60613
Родитель: 60197
Создан: 2026-04-26T10:46:07.990000
Последний замер: 2026-04-26T10:46:28.878424
Время жизни: 20.888424 сек
voluntary_ctxt_switches: 4
nonvoluntary_ctxt_switches: 63
jiffies: 123.0
avg_cpu_load: 5.9 %
avg_memory_mb: 36.6 MB

Среднее latency: 1.8
Средний runtime: 1.71
Всего задач: 2
Задач по типам: cpu_intensive - 2

