{
    "active_periods": [
        {
            "start": 1777212548.101318,
            "end": 1777212852.016944,
            "duration_sec": 303.91562604904175,
            "tasks_completed": 364,
            "throughput_tps": 1.1977008379992369
        }
    ],
    "history": [
        {
            "timestamp": 1777212548.101318,
            "messages": 0,
            "ack": 83080
        },
        {
            "timestamp": 1777212553.108583,
            "messages": 0,
            "ack": 83084
        },
        {
            "timestamp": 1777212558.115276,
            "messages": 4,
            "ack": 83090
        },
        {
            "timestamp": 1777212563.121085,
            "messages": 3,
            "ack": 83096
        },
        {
            "timestamp": 1777212568.127001,
            "messages": 2,
            "ack": 83102
        },
        {
            "timestamp": 1777212573.13343,
            "messages": 2,
            "ack": 83108
        },
        {
            "timestamp": 1777212578.138999,
            "messages": 4,
            "ack": 83114
        },
        {
            "timestamp": 1777212583.14417,
            "messages": 4,
            "ack": 83120
        },
        {
            "timestamp": 1777212588.149835,
            "messages": 2,
            "ack": 83126
        },
        {
            "timestamp": 1777212593.154705,
            "messages": 2,
            "ack": 83132
        },
        {
            "timestamp": 1777212598.160683,
            "messages": 4,
            "ack": 83138
        },
        {
            "timestamp": 1777212603.166113,
            "messages": 4,
            "ack": 83144
        },
        {
            "timestamp": 1777212608.17125,
            "messages": 2,
            "ack": 83150
        },
        {
            "timestamp": 1777212613.176084,
            "messages": 4,
            "ack": 83157
        },
        {
            "timestamp": 1777212618.181622,
            "messages": 4,
            "ack": 83164
        },
        {
            "timestamp": 1777212623.187323,
            "messages": 4,
            "ack": 83170
        },
        {
            "timestamp": 1777212628.1934,
            "messages": 4,
            "ack": 83176
        },
        {
            "timestamp": 1777212633.199027,
            "messages": 4,
            "ack": 83182
        },
        {
            "timestamp": 1777212638.204039,
            "messages": 6,
            "ack": 83188
        },
        {
            "timestamp": 1777212643.210295,
            "messages": 4,
            "ack": 83194
        },
        {
            "timestamp": 1777212648.214108,
            "messages": 4,
            "ack": 83200
        },
        {
            "timestamp": 1777212653.219549,
            "messages": 6,
            "ack": 83206
        },
        {
            "timestamp": 1777212658.224388,
            "messages": 6,
            "ack": 83212
        },
        {
            "timestamp": 1777212663.229296,
            "messages": 4,
            "ack": 83218
        },
        {
            "timestamp": 1777212668.23495,
            "messages": 4,
            "ack": 83224
        },
        {
            "timestamp": 1777212673.239754,
            "messages": 6,
            "ack": 83230
        },
        {
            "timestamp": 1777212678.245299,
            "messages": 6,
            "ack": 83236
        },
        {
            "timestamp": 1777212683.2501,
            "messages": 4,
            "ack": 83242
        },
        {
            "timestamp": 1777212688.255046,
            "messages": 6,
            "ack": 83248
        },
        {
            "timestamp": 1777212693.260863,
            "messages": 6,
            "ack": 83254
        },
        {
            "timestamp": 1777212698.266195,
            "messages": 6,
            "ack": 83261
        },
        {
            "timestamp": 1777212703.271896,
            "messages": 6,
            "ack": 83268
        },
        {
            "timestamp": 1777212708.277436,
            "messages": 6,
            "ack": 83274
        },
        {
            "timestamp": 1777212713.284653,
            "messages": 8,
            "ack": 83280
        },
        {
            "timestamp": 1777212718.292457,
            "messages": 6,
            "ack": 83286
        },
        {
            "timestamp": 1777212723.298268,
            "messages": 6,
            "ack": 83292
        },
        {
            "timestamp": 1777212728.303516,
            "messages": 8,
            "ack": 83298
        },
        {
            "timestamp": 1777212733.308253,
            "messages": 8,
            "ack": 83304
        },
        {
            "timestamp": 1777212738.314142,
            "messages": 6,
            "ack": 83310
        },
        {
            "timestamp": 1777212743.32055,
            "messages": 6,
            "ack": 83316
        },
        {
            "timestamp": 1777212748.326329,
            "messages": 8,
            "ack": 83322
        },
        {
            "timestamp": 1777212753.331341,
            "messages": 8,
            "ack": 83328
        },
        {
            "timestamp": 1777212758.336372,
            "messages": 6,
            "ack": 83334
        },
        {
            "timestamp": 1777212763.341824,
            "messages": 8,
            "ack": 83340
        },
        {
            "timestamp": 1777212768.346845,
            "messages": 8,
            "ack": 83346
        },
        {
            "timestamp": 1777212773.351454,
            "messages": 8,
            "ack": 83352
        },
        {
            "timestamp": 1777212778.357022,
            "messages": 8,
            "ack": 83358
        },
        {
            "timestamp": 1777212783.362827,
            "messages": 8,
            "ack": 83364
        },
        {
            "timestamp": 1777212788.368058,
            "messages": 10,
            "ack": 83371
        },
        {
            "timestamp": 1777212793.373656,
            "messages": 8,
            "ack": 83378
        },
        {
            "timestamp": 1777212798.379373,
            "messages": 8,
            "ack": 83384
        },
        {
            "timestamp": 1777212803.385695,
            "messages": 10,
            "ack": 83390
        },
        {
            "timestamp": 1777212808.392171,
            "messages": 10,
            "ack": 83396
        },
        {
            "timestamp": 1777212813.397794,
            "messages": 8,
            "ack": 83402
        },
        {
            "timestamp": 1777212818.403478,
            "messages": 8,
            "ack": 83408
        },
        {
            "timestamp": 1777212823.408842,
            "messages": 10,
            "ack": 83414
        },
        {
            "timestamp": 1777212828.414067,
            "messages": 10,
            "ack": 83420
        },
        {
            "timestamp": 1777212833.419387,
            "messages": 8,
            "ack": 83426
        },
        {
            "timestamp": 1777212838.424579,
            "messages": 10,
            "ack": 83432
        },
        {
            "timestamp": 1777212843.42988,
            "messages": 10,
            "ack": 83438
        },
        {
            "timestamp": 1777212848.43353,
            "messages": 10,
            "ack": 83444
        },
        {
            "timestamp": 1777212852.006365,
            "messages": 10,
            "ack": 83444
        }
    ]
}