{
    "active_periods": [
        {
            "start": 1778785321.774426,
            "end": 1778785624.466744,
            "duration_sec": 302.6923179626465,
            "tasks_completed": 545,
            "throughput_tps": 1.8005081981210218
        }
    ],
    "history": [
        {
            "timestamp": 1778785321.774426,
            "messages": 0,
            "ack": 19950
        },
        {
            "timestamp": 1778785326.781089,
            "messages": 0,
            "ack": 19950
        },
        {
            "timestamp": 1778785331.786669,
            "messages": 16,
            "ack": 19961
        },
        {
            "timestamp": 1778785336.791277,
            "messages": 40,
            "ack": 19972
        },
        {
            "timestamp": 1778785341.795865,
            "messages": 51,
            "ack": 19978
        },
        {
            "timestamp": 1778785346.800621,
            "messages": 68,
            "ack": 19988
        },
        {
            "timestamp": 1778785351.806054,
            "messages": 90,
            "ack": 19996
        },
        {
            "timestamp": 1778785356.810969,
            "messages": 106,
            "ack": 20006
        },
        {
            "timestamp": 1778785361.815337,
            "messages": 117,
            "ack": 20014
        },
        {
            "timestamp": 1778785366.820866,
            "messages": 117,
            "ack": 20024
        },
        {
            "timestamp": 1778785371.826462,
            "messages": 141,
            "ack": 20032
        },
        {
            "timestamp": 1778785376.832276,
            "messages": 155,
            "ack": 20042
        },
        {
            "timestamp": 1778785381.836861,
            "messages": 179,
            "ack": 20050
        },
        {
            "timestamp": 1778785386.841641,
            "messages": 193,
            "ack": 20063
        },
        {
            "timestamp": 1778785391.84624,
            "messages": 202,
            "ack": 20068
        },
        {
            "timestamp": 1778785396.851105,
            "messages": 218,
            "ack": 20081
        },
        {
            "timestamp": 1778785401.85656,
            "messages": 240,
            "ack": 20086
        },
        {
            "timestamp": 1778785406.861888,
            "messages": 256,
            "ack": 20099
        },
        {
            "timestamp": 1778785411.867788,
            "messages": 275,
            "ack": 20104
        },
        {
            "timestamp": 1778785416.873793,
            "messages": 294,
            "ack": 20117
        },
        {
            "timestamp": 1778785421.878787,
            "messages": 305,
            "ack": 20122
        },
        {
            "timestamp": 1778785426.882954,
            "messages": 329,
            "ack": 20135
        },
        {
            "timestamp": 1778785431.887761,
            "messages": 343,
            "ack": 20139
        },
        {
            "timestamp": 1778785436.893271,
            "messages": 359,
            "ack": 20153
        },
        {
            "timestamp": 1778785441.898304,
            "messages": 381,
            "ack": 20161
        },
        {
            "timestamp": 1778785446.903678,
            "messages": 397,
            "ack": 20171
        },
        {
            "timestamp": 1778785451.907557,
            "messages": 411,
            "ack": 20179
        },
        {
            "timestamp": 1778785456.913653,
            "messages": 420,
            "ack": 20189
        },
        {
            "timestamp": 1778785461.918359,
            "messages": 436,
            "ack": 20197
        },
        {
            "timestamp": 1778785466.92336,
            "messages": 458,
            "ack": 20207
        },
        {
            "timestamp": 1778785471.928279,
            "messages": 474,
            "ack": 20215
        },
        {
            "timestamp": 1778785476.933775,
            "messages": 496,
            "ack": 20225
        },
        {
            "timestamp": 1778785481.939073,
            "messages": 512,
            "ack": 20233
        },
        {
            "timestamp": 1778785486.94506,
            "messages": 525,
            "ack": 20241
        },
        {
            "timestamp": 1778785491.949634,
            "messages": 547,
            "ack": 20247
        },
        {
            "timestamp": 1778785496.953836,
            "messages": 561,
            "ack": 20261
        },
        {
            "timestamp": 1778785501.958734,
            "messages": 561,
            "ack": 20269
        },
        {
            "timestamp": 1778785506.963998,
            "messages": 585,
            "ack": 20279
        },
        {
            "timestamp": 1778785511.96829,
            "messages": 599,
            "ack": 20287
        },
        {
            "timestamp": 1778785516.972212,
            "messages": 608,
            "ack": 20297
        },
        {
            "timestamp": 1778785521.976849,
            "messages": 624,
            "ack": 20305
        },
        {
            "timestamp": 1778785526.982344,
            "messages": 638,
            "ack": 20315
        },
        {
            "timestamp": 1778785531.986834,
            "messages": 662,
            "ack": 20323
        },
        {
            "timestamp": 1778785536.991266,
            "messages": 676,
            "ack": 20333
        },
        {
            "timestamp": 1778785541.996439,
            "messages": 700,
            "ack": 20341
        },
        {
            "timestamp": 1778785547.001892,
            "messages": 711,
            "ack": 20351
        },
        {
            "timestamp": 1778785552.006395,
            "messages": 730,
            "ack": 20359
        },
        {
            "timestamp": 1778785557.010765,
            "messages": 741,
            "ack": 20369
        },
        {
            "timestamp": 1778785562.0161,
            "messages": 765,
            "ack": 20377
        },
        {
            "timestamp": 1778785567.021124,
            "messages": 779,
            "ack": 20387
        },
        {
            "timestamp": 1778785572.026418,
            "messages": 779,
            "ack": 20395
        },
        {
            "timestamp": 1778785577.031979,
            "messages": 803,
            "ack": 20405
        },
        {
            "timestamp": 1778785582.036419,
            "messages": 817,
            "ack": 20413
        },
        {
            "timestamp": 1778785587.04269,
            "messages": 826,
            "ack": 20424
        },
        {
            "timestamp": 1778785592.047507,
            "messages": 842,
            "ack": 20431
        },
        {
            "timestamp": 1778785597.05211,
            "messages": 856,
            "ack": 20441
        },
        {
            "timestamp": 1778785602.058166,
            "messages": 880,
            "ack": 20449
        },
        {
            "timestamp": 1778785607.06284,
            "messages": 894,
            "ack": 20459
        },
        {
            "timestamp": 1778785612.067927,
            "messages": 918,
            "ack": 20467
        },
        {
            "timestamp": 1778785617.073703,
            "messages": 929,
            "ack": 20477
        },
        {
            "timestamp": 1778785622.07882,
            "messages": 953,
            "ack": 20485
        },
        {
            "timestamp": 1778785624.461478,
            "messages": 953,
            "ack": 20495
        }
    ]
}