{
    "active_periods": [
        {
            "start": 1777187977.706298,
            "end": 1777188280.380896,
            "duration_sec": 302.6745979785919,
            "tasks_completed": 120,
            "throughput_tps": 0.3964653816389559
        }
    ],
    "history": [
        {
            "timestamp": 1777187977.706298,
            "messages": 0,
            "ack": 52224
        },
        {
            "timestamp": 1777187982.712245,
            "messages": 0,
            "ack": 52224
        },
        {
            "timestamp": 1777187987.718768,
            "messages": 4,
            "ack": 52228
        },
        {
            "timestamp": 1777187992.723783,
            "messages": 0,
            "ack": 52228
        },
        {
            "timestamp": 1777187997.729723,
            "messages": 0,
            "ack": 52232
        },
        {
            "timestamp": 1777188002.736737,
            "messages": 0,
            "ack": 52232
        },
        {
            "timestamp": 1777188007.743429,
            "messages": 0,
            "ack": 52236
        },
        {
            "timestamp": 1777188012.748778,
            "messages": 0,
            "ack": 52236
        },
        {
            "timestamp": 1777188017.755225,
            "messages": 0,
            "ack": 52240
        },
        {
            "timestamp": 1777188022.762884,
            "messages": 0,
            "ack": 52240
        },
        {
            "timestamp": 1777188027.769845,
            "messages": 0,
            "ack": 52244
        },
        {
            "timestamp": 1777188032.775957,
            "messages": 0,
            "ack": 52244
        },
        {
            "timestamp": 1777188037.781316,
            "messages": 0,
            "ack": 52248
        },
        {
            "timestamp": 1777188042.786269,
            "messages": 0,
            "ack": 52252
        },
        {
            "timestamp": 1777188047.791922,
            "messages": 0,
            "ack": 52252
        },
        {
            "timestamp": 1777188052.797806,
            "messages": 0,
            "ack": 52256
        },
        {
            "timestamp": 1777188057.803713,
            "messages": 0,
            "ack": 52256
        },
        {
            "timestamp": 1777188062.810567,
            "messages": 0,
            "ack": 52260
        },
        {
            "timestamp": 1777188067.81841,
            "messages": 0,
            "ack": 52260
        },
        {
            "timestamp": 1777188072.824705,
            "messages": 0,
            "ack": 52264
        },
        {
            "timestamp": 1777188077.831085,
            "messages": 0,
            "ack": 52264
        },
        {
            "timestamp": 1777188082.836554,
            "messages": 0,
            "ack": 52268
        },
        {
            "timestamp": 1777188087.842174,
            "messages": 0,
            "ack": 52268
        },
        {
            "timestamp": 1777188092.84779,
            "messages": 0,
            "ack": 52272
        },
        {
            "timestamp": 1777188097.854646,
            "messages": 0,
            "ack": 52272
        },
        {
            "timestamp": 1777188102.861134,
            "messages": 0,
            "ack": 52276
        },
        {
            "timestamp": 1777188107.866808,
            "messages": 0,
            "ack": 52276
        },
        {
            "timestamp": 1777188112.873028,
            "messages": 0,
            "ack": 52280
        },
        {
            "timestamp": 1777188117.879297,
            "messages": 0,
            "ack": 52280
        },
        {
            "timestamp": 1777188122.885373,
            "messages": 0,
            "ack": 52284
        },
        {
            "timestamp": 1777188127.890799,
            "messages": 0,
            "ack": 52284
        },
        {
            "timestamp": 1777188132.896128,
            "messages": 0,
            "ack": 52288
        },
        {
            "timestamp": 1777188137.901888,
            "messages": 0,
            "ack": 52288
        },
        {
            "timestamp": 1777188142.908138,
            "messages": 0,
            "ack": 52292
        },
        {
            "timestamp": 1777188147.913139,
            "messages": 0,
            "ack": 52292
        },
        {
            "timestamp": 1777188152.918314,
            "messages": 0,
            "ack": 52296
        },
        {
            "timestamp": 1777188157.924753,
            "messages": 0,
            "ack": 52296
        },
        {
            "timestamp": 1777188162.930928,
            "messages": 0,
            "ack": 52300
        },
        {
            "timestamp": 1777188167.936962,
            "messages": 0,
            "ack": 52300
        },
        {
            "timestamp": 1777188172.942721,
            "messages": 0,
            "ack": 52304
        },
        {
            "timestamp": 1777188177.948291,
            "messages": 0,
            "ack": 52304
        },
        {
            "timestamp": 1777188182.954246,
            "messages": 0,
            "ack": 52308
        },
        {
            "timestamp": 1777188187.960417,
            "messages": 0,
            "ack": 52308
        },
        {
            "timestamp": 1777188192.965664,
            "messages": 0,
            "ack": 52312
        },
        {
            "timestamp": 1777188197.970513,
            "messages": 0,
            "ack": 52312
        },
        {
            "timestamp": 1777188202.9761,
            "messages": 0,
            "ack": 52316
        },
        {
            "timestamp": 1777188207.981718,
            "messages": 0,
            "ack": 52316
        },
        {
            "timestamp": 1777188212.987518,
            "messages": 0,
            "ack": 52320
        },
        {
            "timestamp": 1777188217.993024,
            "messages": 0,
            "ack": 52320
        },
        {
            "timestamp": 1777188222.999326,
            "messages": 0,
            "ack": 52324
        },
        {
            "timestamp": 1777188228.004416,
            "messages": 0,
            "ack": 52324
        },
        {
            "timestamp": 1777188233.009848,
            "messages": 0,
            "ack": 52328
        },
        {
            "timestamp": 1777188238.014387,
            "messages": 0,
            "ack": 52328
        },
        {
            "timestamp": 1777188243.018948,
            "messages": 0,
            "ack": 52332
        },
        {
            "timestamp": 1777188248.024424,
            "messages": 0,
            "ack": 52332
        },
        {
            "timestamp": 1777188253.030165,
            "messages": 0,
            "ack": 52336
        },
        {
            "timestamp": 1777188258.036646,
            "messages": 0,
            "ack": 52336
        },
        {
            "timestamp": 1777188263.041732,
            "messages": 0,
            "ack": 52340
        },
        {
            "timestamp": 1777188268.048988,
            "messages": 0,
            "ack": 52340
        },
        {
            "timestamp": 1777188273.054793,
            "messages": 0,
            "ack": 52344
        },
        {
            "timestamp": 1777188278.060042,
            "messages": 0,
            "ack": 52344
        },
        {
            "timestamp": 1777188280.365933,
            "messages": 0,
            "ack": 52344
        }
    ]
}