{
    "264951": {
        "ppid": "254983",
        "name": "celery",
        "cmdline": "/home/experimenter/projects/celery-autoscale/.venv/bin/python3 /home/experimenter/projects/celery-autoscale/.venv/bin/celery -A celery_app worker --loglevel=INFO --concurrency=4 --pool=gevent",
        "create_time": "2026-05-14T17:24:17.570000",
        "last_update": "2026-05-14T17:29:19.375968",
        "voluntary_ctxt_switches": 2179,
        "nonvoluntary_ctxt_switches": 2291,
        "jiffies": 11892,
        "stats": [
            {
                "memory_mb": 48.17578125,
                "cpu_percent": 0.0,
                "timestamp": 1778768658.6436975
            },
            {
                "memory_mb": 48.53125,
                "cpu_percent": 37.1,
                "timestamp": 1778768659.6954381
            },
            {
                "memory_mb": 112.734375,
                "cpu_percent": 34.2,
                "timestamp": 1778768660.7491906
            },
            {
                "memory_mb": 140.15234375,
                "cpu_percent": 80.1,
                "timestamp": 1778768661.7981272
            },
            {
                "memory_mb": 140.15234375,
                "cpu_percent": 58.8,
                "timestamp": 1778768662.8524444
            },
            {
                "memory_mb": 139.3828125,
                "cpu_percent": 2.8,
                "timestamp": 1778768663.9058497
            },
            {
                "memory_mb": 139.38671875,
                "cpu_percent": 83.8,
                "timestamp": 1778768664.9565537
            },
            {
                "memory_mb": 139.38671875,
                "cpu_percent": 58.0,
                "timestamp": 1778768666.0086427
            },
            {
                "memory_mb": 140.79296875,
                "cpu_percent": 51.5,
                "timestamp": 1778768667.058038
            },
            {
                "memory_mb": 130.48828125,
                "cpu_percent": 24.7,
                "timestamp": 1778768668.1115584
            },
            {
                "memory_mb": 130.5,
                "cpu_percent": 6.7,
                "timestamp": 1778768669.1608238
            },
            {
                "memory_mb": 130.50390625,
                "cpu_percent": 73.4,
                "timestamp": 1778768670.2102132
            },
            {
                "memory_mb": 204.1328125,
                "cpu_percent": 63.6,
                "timestamp": 1778768671.2643454
            },
            {
                "memory_mb": 230.16796875,
                "cpu_percent": 8.5,
                "timestamp": 1778768672.3179724
            },
            {
                "memory_mb": 230.16796875,
                "cpu_percent": 0.0,
                "timestamp": 1778768673.3717031
            },
            {
                "memory_mb": 230.171875,
                "cpu_percent": 32.4,
                "timestamp": 1778768674.4197905
            },
            {
                "memory_mb": 230.18359375,
                "cpu_percent": 37.0,
                "timestamp": 1778768675.4732661
            },
            {
                "memory_mb": 230.17578125,
                "cpu_percent": 72.4,
                "timestamp": 1778768676.5234985
            },
            {
                "memory_mb": 230.171875,
                "cpu_percent": 65.5,
                "timestamp": 1778768677.57686
            },
            {
                "memory_mb": 204.3203125,
                "cpu_percent": 2.9,
                "timestamp": 1778768678.6294813
            },
            {
                "memory_mb": 204.32421875,
                "cpu_percent": 55.2,
                "timestamp": 1778768679.679301
            },
            {
                "memory_mb": 204.3359375,
                "cpu_percent": 77.8,
                "timestamp": 1778768680.7326646
            },
            {
                "memory_mb": 204.328125,
                "cpu_percent": 31.4,
                "timestamp": 1778768681.7821233
            },
            {
                "memory_mb": 204.3203125,
                "cpu_percent": 40.8,
                "timestamp": 1778768682.8357115
            },
            {
                "memory_mb": 204.3203125,
                "cpu_percent": 0.0,
                "timestamp": 1778768683.888619
            },
            {
                "memory_mb": 204.3359375,
                "cpu_percent": 68.4,
                "timestamp": 1778768684.9413931
            },
            {
                "memory_mb": 204.328125,
                "cpu_percent": 68.4,
                "timestamp": 1778768685.9939852
            },
            {
                "memory_mb": 232.23046875,
                "cpu_percent": 6.6,
                "timestamp": 1778768687.047546
            },
            {
                "memory_mb": 230.16796875,
                "cpu_percent": 3.8,
                "timestamp": 1778768688.1010683
            },
            {
                "memory_mb": 230.171875,
                "cpu_percent": 5.7,
                "timestamp": 1778768689.1513534
            },
            {
                "memory_mb": 230.18359375,
                "cpu_percent": 62.7,
                "timestamp": 1778768690.2047632
            },
            {
                "memory_mb": 230.1796875,
                "cpu_percent": 46.7,
                "timestamp": 1778768691.2537446
            },
            {
                "memory_mb": 230.171875,
                "cpu_percent": 94.4,
                "timestamp": 1778768692.3022153
            },
            {
                "memory_mb": 204.3203125,
                "cpu_percent": 2.8,
                "timestamp": 1778768693.3558033
            },
            {
                "memory_mb": 204.32421875,
                "cpu_percent": 28.6,
                "timestamp": 1778768694.404303
            },
            {
                "memory_mb": 204.33203125,
                "cpu_percent": 100.1,
                "timestamp": 1778768695.452748
            },
            {
                "memory_mb": 204.328125,
                "cpu_percent": 9.5,
                "timestamp": 1778768696.5061893
            },
            {
                "memory_mb": 204.3203125,
                "cpu_percent": 69.3,
                "timestamp": 1778768697.5592995
            },
            {
                "memory_mb": 204.3203125,
                "cpu_percent": 0.0,
                "timestamp": 1778768698.6155486
            },
            {
                "memory_mb": 204.33203125,
                "cpu_percent": 52.4,
                "timestamp": 1778768699.664389
            },
            {
                "memory_mb": 204.3359375,
                "cpu_percent": 73.4,
                "timestamp": 1778768700.7132573
            },
            {
                "memory_mb": 232.23828125,
                "cpu_percent": 15.2,
                "timestamp": 1778768701.7654493
            },
            {
                "memory_mb": 230.17578125,
                "cpu_percent": 4.7,
                "timestamp": 1778768702.8187413
            },
            {
                "memory_mb": 230.17578125,
                "cpu_percent": 0.0,
                "timestamp": 1778768703.8719084
            },
            {
                "memory_mb": 230.19140625,
                "cpu_percent": 65.5,
                "timestamp": 1778768704.9256322
            },
            {
                "memory_mb": 230.1875,
                "cpu_percent": 21.9,
                "timestamp": 1778768705.975049
            },
            {
                "memory_mb": 230.18359375,
                "cpu_percent": 100.1,
                "timestamp": 1778768707.0243695
            },
            {
                "memory_mb": 204.3203125,
                "cpu_percent": 13.3,
                "timestamp": 1778768708.0778944
            },
            {
                "memory_mb": 204.32421875,
                "cpu_percent": 2.8,
                "timestamp": 1778768709.1356075
            },
            {
                "memory_mb": 204.33203125,
                "cpu_percent": 100.1,
                "timestamp": 1778768710.1849864
            },
            {
                "memory_mb": 204.33203125,
                "cpu_percent": 29.4,
                "timestamp": 1778768711.2391415
            },
            {
                "memory_mb": 204.3203125,
                "cpu_percent": 72.2,
                "timestamp": 1778768712.2921338
            },
            {
                "memory_mb": 204.3203125,
                "cpu_percent": 0.0,
                "timestamp": 1778768713.345866
            },
            {
                "memory_mb": 204.33203125,
                "cpu_percent": 26.7,
                "timestamp": 1778768714.394743
            },
            {
                "memory_mb": 204.3359375,
                "cpu_percent": 71.5,
                "timestamp": 1778768715.443669
            },
            {
                "memory_mb": 232.2421875,
                "cpu_percent": 46.5,
                "timestamp": 1778768716.496829
            },
            {
                "memory_mb": 230.17578125,
                "cpu_percent": 4.7,
                "timestamp": 1778768717.551407
            },
            {
                "memory_mb": 230.17578125,
                "cpu_percent": 0.0,
                "timestamp": 1778768718.5998294
            },
            {
                "memory_mb": 230.1796875,
                "cpu_percent": 50.5,
                "timestamp": 1778768719.649673
            },
            {
                "memory_mb": 230.19140625,
                "cpu_percent": 23.7,
                "timestamp": 1778768720.7040765
            },
            {
                "memory_mb": 230.18359375,
                "cpu_percent": 85.8,
                "timestamp": 1778768721.753412
            },
            {
                "memory_mb": 230.18359375,
                "cpu_percent": 52.2,
                "timestamp": 1778768722.8074465
            },
            {
                "memory_mb": 204.33203125,
                "cpu_percent": 2.8,
                "timestamp": 1778768723.861457
            },
            {
                "memory_mb": 204.34375,
                "cpu_percent": 74.3,
                "timestamp": 1778768724.9109712
            },
            {
                "memory_mb": 204.34375,
                "cpu_percent": 59.0,
                "timestamp": 1778768725.961161
            },
            {
                "memory_mb": 204.33984375,
                "cpu_percent": 49.5,
                "timestamp": 1778768727.0115511
            },
            {
                "memory_mb": 204.33203125,
                "cpu_percent": 26.6,
                "timestamp": 1778768728.0652487
            },
            {
                "memory_mb": 204.33203125,
                "cpu_percent": 0.0,
                "timestamp": 1778768729.117901
            },
            {
                "memory_mb": 204.34765625,
                "cpu_percent": 71.2,
                "timestamp": 1778768730.1717865
            },
            {
                "memory_mb": 204.34375,
                "cpu_percent": 71.2,
                "timestamp": 1778768731.225543
            },
            {
                "memory_mb": 230.1875,
                "cpu_percent": 7.6,
                "timestamp": 1778768732.2794032
            },
            {
                "memory_mb": 230.1875,
                "cpu_percent": 0.0,
                "timestamp": 1778768733.3339086
            },
            {
                "memory_mb": 230.19140625,
                "cpu_percent": 24.7,
                "timestamp": 1778768734.3886724
            },
            {
                "memory_mb": 230.203125,
                "cpu_percent": 49.3,
                "timestamp": 1778768735.4432101
            },
            {
                "memory_mb": 230.19921875,
                "cpu_percent": 60.0,
                "timestamp": 1778768736.4929755
            },
            {
                "memory_mb": 230.19140625,
                "cpu_percent": 75.8,
                "timestamp": 1778768737.5613475
            },
            {
                "memory_mb": 204.3359375,
                "cpu_percent": 2.9,
                "timestamp": 1778768738.6098409
            },
            {
                "memory_mb": 204.33984375,
                "cpu_percent": 49.5,
                "timestamp": 1778768739.6608658
            },
            {
                "memory_mb": 204.3515625,
                "cpu_percent": 82.5,
                "timestamp": 1778768740.7154012
            },
            {
                "memory_mb": 204.34375,
                "cpu_percent": 26.7,
                "timestamp": 1778768741.765318
            },
            {
                "memory_mb": 204.3359375,
                "cpu_percent": 51.3,
                "timestamp": 1778768742.8184216
            },
            {
                "memory_mb": 204.3359375,
                "cpu_percent": 0.0,
                "timestamp": 1778768743.8701642
            },
            {
                "memory_mb": 204.3515625,
                "cpu_percent": 68.6,
                "timestamp": 1778768744.9197721
            },
            {
                "memory_mb": 204.34375,
                "cpu_percent": 70.4,
                "timestamp": 1778768745.9711585
            },
            {
                "memory_mb": 232.2578125,
                "cpu_percent": 5.7,
                "timestamp": 1778768747.0247667
            },
            {
                "memory_mb": 230.19140625,
                "cpu_percent": 4.8,
                "timestamp": 1778768748.0759976
            },
            {
                "memory_mb": 230.19140625,
                "cpu_percent": 0.0,
                "timestamp": 1778768749.129521
            },
            {
                "memory_mb": 230.20703125,
                "cpu_percent": 66.2,
                "timestamp": 1778768750.1870914
            },
            {
                "memory_mb": 230.203125,
                "cpu_percent": 42.8,
                "timestamp": 1778768751.2379599
            },
            {
                "memory_mb": 230.19921875,
                "cpu_percent": 96.3,
                "timestamp": 1778768752.286985
            },
            {
                "memory_mb": 204.33984375,
                "cpu_percent": 2.8,
                "timestamp": 1778768753.3398452
            },
            {
                "memory_mb": 204.34375,
                "cpu_percent": 22.8,
                "timestamp": 1778768754.3942544
            },
            {
                "memory_mb": 204.3515625,
                "cpu_percent": 100.0,
                "timestamp": 1778768755.444453
            },
            {
                "memory_mb": 204.3515625,
                "cpu_percent": 13.3,
                "timestamp": 1778768756.4979746
            },
            {
                "memory_mb": 204.33984375,
                "cpu_percent": 74.1,
                "timestamp": 1778768757.5507774
            },
            {
                "memory_mb": 204.33984375,
                "cpu_percent": 0.0,
                "timestamp": 1778768758.6051743
            },
            {
                "memory_mb": 204.3515625,
                "cpu_percent": 47.6,
                "timestamp": 1778768759.6557863
            },
            {
                "memory_mb": 204.35546875,
                "cpu_percent": 72.1,
                "timestamp": 1778768760.7095432
            },
            {
                "memory_mb": 232.265625,
                "cpu_percent": 20.8,
                "timestamp": 1778768761.7658567
            },
            {
                "memory_mb": 230.19921875,
                "cpu_percent": 4.8,
                "timestamp": 1778768762.8180974
            },
            {
                "memory_mb": 230.19921875,
                "cpu_percent": 0.0,
                "timestamp": 1778768763.8724716
            },
            {
                "memory_mb": 230.21484375,
                "cpu_percent": 67.6,
                "timestamp": 1778768764.9232569
            },
            {
                "memory_mb": 230.2109375,
                "cpu_percent": 15.2,
                "timestamp": 1778768765.9728878
            },
            {
                "memory_mb": 230.20703125,
                "cpu_percent": 99.0,
                "timestamp": 1778768767.0231147
            },
            {
                "memory_mb": 222.69140625,
                "cpu_percent": 31.4,
                "timestamp": 1778768768.0743773
            },
            {
                "memory_mb": 222.69140625,
                "cpu_percent": 0.0,
                "timestamp": 1778768769.1295319
            },
            {
                "memory_mb": 222.703125,
                "cpu_percent": 96.9,
                "timestamp": 1778768770.1827042
            },
            {
                "memory_mb": 222.703125,
                "cpu_percent": 37.0,
                "timestamp": 1778768771.2360852
            },
            {
                "memory_mb": 222.69921875,
                "cpu_percent": 72.3,
                "timestamp": 1778768772.287517
            },
            {
                "memory_mb": 222.69140625,
                "cpu_percent": 4.7,
                "timestamp": 1778768773.3407524
            },
            {
                "memory_mb": 222.703125,
                "cpu_percent": 21.0,
                "timestamp": 1778768774.390768
            },
            {
                "memory_mb": 222.7109375,
                "cpu_percent": 71.4,
                "timestamp": 1778768775.441223
            },
            {
                "memory_mb": 232.28515625,
                "cpu_percent": 51.2,
                "timestamp": 1778768776.4961147
            },
            {
                "memory_mb": 230.22265625,
                "cpu_percent": 4.7,
                "timestamp": 1778768777.550663
            },
            {
                "memory_mb": 230.22265625,
                "cpu_percent": 0.0,
                "timestamp": 1778768778.6049128
            },
            {
                "memory_mb": 230.2265625,
                "cpu_percent": 46.7,
                "timestamp": 1778768779.6547654
            },
            {
                "memory_mb": 230.328125,
                "cpu_percent": 21.8,
                "timestamp": 1778768780.7089572
            },
            {
                "memory_mb": 230.3203125,
                "cpu_percent": 87.5,
                "timestamp": 1778768781.7599561
            },
            {
                "memory_mb": 230.31640625,
                "cpu_percent": 48.4,
                "timestamp": 1778768782.8147326
            },
            {
                "memory_mb": 230.3125,
                "cpu_percent": 1.9,
                "timestamp": 1778768783.8667238
            },
            {
                "memory_mb": 230.32421875,
                "cpu_percent": 70.3,
                "timestamp": 1778768784.9189098
            },
            {
                "memory_mb": 230.32421875,
                "cpu_percent": 61.9,
                "timestamp": 1778768785.9695156
            },
            {
                "memory_mb": 230.3203125,
                "cpu_percent": 46.6,
                "timestamp": 1778768787.019986
            },
            {
                "memory_mb": 222.7890625,
                "cpu_percent": 24.7,
                "timestamp": 1778768788.072878
            },
            {
                "memory_mb": 222.7890625,
                "cpu_percent": 0.0,
                "timestamp": 1778768789.1267624
            },
            {
                "memory_mb": 222.8046875,
                "cpu_percent": 67.1,
                "timestamp": 1778768790.1845548
            },
            {
                "memory_mb": 222.796875,
                "cpu_percent": 73.0,
                "timestamp": 1778768791.2395465
            },
            {
                "memory_mb": 230.2265625,
                "cpu_percent": 8.6,
                "timestamp": 1778768792.291014
            },
            {
                "memory_mb": 230.2265625,
                "cpu_percent": 0.0,
                "timestamp": 1778768793.344507
            },
            {
                "memory_mb": 230.23046875,
                "cpu_percent": 20.0,
                "timestamp": 1778768794.3934126
            },
            {
                "memory_mb": 230.33203125,
                "cpu_percent": 49.3,
                "timestamp": 1778768795.4482956
            },
            {
                "memory_mb": 230.328125,
                "cpu_percent": 60.8,
                "timestamp": 1778768796.5017505
            },
            {
                "memory_mb": 230.32421875,
                "cpu_percent": 76.8,
                "timestamp": 1778768797.5567815
            },
            {
                "memory_mb": 222.79296875,
                "cpu_percent": 2.8,
                "timestamp": 1778768798.6119819
            },
            {
                "memory_mb": 222.796875,
                "cpu_percent": 44.7,
                "timestamp": 1778768799.662317
            },
            {
                "memory_mb": 222.80859375,
                "cpu_percent": 83.5,
                "timestamp": 1778768800.7168174
            },
            {
                "memory_mb": 222.80078125,
                "cpu_percent": 26.6,
                "timestamp": 1778768801.7687643
            },
            {
                "memory_mb": 222.79296875,
                "cpu_percent": 52.2,
                "timestamp": 1778768802.8227396
            },
            {
                "memory_mb": 222.79296875,
                "cpu_percent": 0.0,
                "timestamp": 1778768803.8772836
            },
            {
                "memory_mb": 222.80859375,
                "cpu_percent": 64.7,
                "timestamp": 1778768804.9288607
            },
            {
                "memory_mb": 222.8046875,
                "cpu_percent": 75.1,
                "timestamp": 1778768805.9806085
            },
            {
                "memory_mb": 232.296875,
                "cpu_percent": 4.7,
                "timestamp": 1778768807.0350811
            },
            {
                "memory_mb": 230.234375,
                "cpu_percent": 4.8,
                "timestamp": 1778768808.087349
            },
            {
                "memory_mb": 230.234375,
                "cpu_percent": 0.0,
                "timestamp": 1778768809.1419377
            },
            {
                "memory_mb": 230.25,
                "cpu_percent": 67.2,
                "timestamp": 1778768810.1982167
            },
            {
                "memory_mb": 230.3359375,
                "cpu_percent": 38.1,
                "timestamp": 1778768811.2484262
            },
            {
                "memory_mb": 230.33203125,
                "cpu_percent": 100.0,
                "timestamp": 1778768812.2986777
            },
            {
                "memory_mb": 225.25390625,
                "cpu_percent": 10.4,
                "timestamp": 1778768813.3532596
            },
            {
                "memory_mb": 225.2578125,
                "cpu_percent": 19.0,
                "timestamp": 1778768814.4036689
            },
            {
                "memory_mb": 225.265625,
                "cpu_percent": 100.0,
                "timestamp": 1778768815.453814
            },
            {
                "memory_mb": 225.265625,
                "cpu_percent": 14.2,
                "timestamp": 1778768816.5081298
            },
            {
                "memory_mb": 225.2578125,
                "cpu_percent": 73.0,
                "timestamp": 1778768817.5634294
            },
            {
                "memory_mb": 225.2578125,
                "cpu_percent": 0.0,
                "timestamp": 1778768818.6181107
            },
            {
                "memory_mb": 225.26953125,
                "cpu_percent": 42.8,
                "timestamp": 1778768819.6694534
            },
            {
                "memory_mb": 225.2734375,
                "cpu_percent": 72.4,
                "timestamp": 1778768820.7195575
            },
            {
                "memory_mb": 232.39453125,
                "cpu_percent": 29.4,
                "timestamp": 1778768821.7742097
            },
            {
                "memory_mb": 230.33203125,
                "cpu_percent": 5.7,
                "timestamp": 1778768822.8289218
            },
            {
                "memory_mb": 230.33203125,
                "cpu_percent": 0.0,
                "timestamp": 1778768823.8831532
            },
            {
                "memory_mb": 230.34765625,
                "cpu_percent": 63.8,
                "timestamp": 1778768824.9331524
            },
            {
                "memory_mb": 230.34375,
                "cpu_percent": 14.3,
                "timestamp": 1778768825.9835274
            },
            {
                "memory_mb": 230.33984375,
                "cpu_percent": 99.9,
                "timestamp": 1778768827.03424
            },
            {
                "memory_mb": 222.8046875,
                "cpu_percent": 30.3,
                "timestamp": 1778768828.0889204
            },
            {
                "memory_mb": 222.8046875,
                "cpu_percent": 0.0,
                "timestamp": 1778768829.1429353
            },
            {
                "memory_mb": 222.81640625,
                "cpu_percent": 92.4,
                "timestamp": 1778768830.1929636
            },
            {
                "memory_mb": 222.81640625,
                "cpu_percent": 39.9,
                "timestamp": 1778768831.2469113
            },
            {
                "memory_mb": 222.8046875,
                "cpu_percent": 66.6,
                "timestamp": 1778768832.2972057
            },
            {
                "memory_mb": 222.8046875,
                "cpu_percent": 0.0,
                "timestamp": 1778768833.3520794
            },
            {
                "memory_mb": 222.81640625,
                "cpu_percent": 18.1,
                "timestamp": 1778768834.4021502
            },
            {
                "memory_mb": 222.8203125,
                "cpu_percent": 71.4,
                "timestamp": 1778768835.4524047
            },
            {
                "memory_mb": 232.30859375,
                "cpu_percent": 54.1,
                "timestamp": 1778768836.505879
            },
            {
                "memory_mb": 230.2421875,
                "cpu_percent": 4.7,
                "timestamp": 1778768837.5610092
            },
            {
                "memory_mb": 230.2421875,
                "cpu_percent": 0.0,
                "timestamp": 1778768838.6157072
            },
            {
                "memory_mb": 230.24609375,
                "cpu_percent": 42.8,
                "timestamp": 1778768839.6662626
            },
            {
                "memory_mb": 230.34765625,
                "cpu_percent": 28.5,
                "timestamp": 1778768840.7193768
            },
            {
                "memory_mb": 230.34375,
                "cpu_percent": 81.0,
                "timestamp": 1778768841.7693172
            },
            {
                "memory_mb": 230.33984375,
                "cpu_percent": 55.0,
                "timestamp": 1778768842.8240235
            },
            {
                "memory_mb": 222.80859375,
                "cpu_percent": 2.8,
                "timestamp": 1778768843.878008
            },
            {
                "memory_mb": 222.8125,
                "cpu_percent": 65.7,
                "timestamp": 1778768844.9282134
            },
            {
                "memory_mb": 222.8203125,
                "cpu_percent": 67.3,
                "timestamp": 1778768845.9836614
            },
            {
                "memory_mb": 222.81640625,
                "cpu_percent": 42.9,
                "timestamp": 1778768847.032956
            },
            {
                "memory_mb": 222.80859375,
                "cpu_percent": 29.4,
                "timestamp": 1778768848.0879645
            },
            {
                "memory_mb": 222.80859375,
                "cpu_percent": 0.0,
                "timestamp": 1778768849.1422844
            },
            {
                "memory_mb": 222.82421875,
                "cpu_percent": 69.3,
                "timestamp": 1778768850.1963322
            },
            {
                "memory_mb": 222.81640625,
                "cpu_percent": 70.2,
                "timestamp": 1778768851.2509367
            },
            {
                "memory_mb": 232.3046875,
                "cpu_percent": 5.7,
                "timestamp": 1778768852.3025246
            },
            {
                "memory_mb": 230.24609375,
                "cpu_percent": 2.8,
                "timestamp": 1778768853.3573105
            },
            {
                "memory_mb": 230.25,
                "cpu_percent": 16.2,
                "timestamp": 1778768854.4071221
            },
            {
                "memory_mb": 230.26171875,
                "cpu_percent": 52.1,
                "timestamp": 1778768855.4623327
            },
            {
                "memory_mb": 230.34765625,
                "cpu_percent": 56.1,
                "timestamp": 1778768856.5134218
            },
            {
                "memory_mb": 230.33984375,
                "cpu_percent": 82.7,
                "timestamp": 1778768857.5647767
            },
            {
                "memory_mb": 222.80859375,
                "cpu_percent": 3.8,
                "timestamp": 1778768858.6176794
            },
            {
                "memory_mb": 222.8125,
                "cpu_percent": 40.0,
                "timestamp": 1778768859.6682868
            },
            {
                "memory_mb": 222.82421875,
                "cpu_percent": 89.5,
                "timestamp": 1778768860.7188618
            },
            {
                "memory_mb": 222.81640625,
                "cpu_percent": 20.0,
                "timestamp": 1778768861.7691453
            },
            {
                "memory_mb": 222.8125,
                "cpu_percent": 53.1,
                "timestamp": 1778768862.823617
            },
            {
                "memory_mb": 222.8125,
                "cpu_percent": 0.0,
                "timestamp": 1778768863.8791935
            },
            {
                "memory_mb": 222.82421875,
                "cpu_percent": 65.7,
                "timestamp": 1778768864.929086
            },
            {
                "memory_mb": 222.828125,
                "cpu_percent": 72.3,
                "timestamp": 1778768865.9806902
            },
            {
                "memory_mb": 232.31640625,
                "cpu_percent": 7.6,
                "timestamp": 1778768867.0365899
            },
            {
                "memory_mb": 230.25,
                "cpu_percent": 4.7,
                "timestamp": 1778768868.091447
            },
            {
                "memory_mb": 230.25,
                "cpu_percent": 0.0,
                "timestamp": 1778768869.1454666
            },
            {
                "memory_mb": 230.265625,
                "cpu_percent": 66.6,
                "timestamp": 1778768870.1966646
            },
            {
                "memory_mb": 230.35546875,
                "cpu_percent": 33.3,
                "timestamp": 1778768871.247966
            },
            {
                "memory_mb": 230.3515625,
                "cpu_percent": 100.0,
                "timestamp": 1778768872.2979453
            },
            {
                "memory_mb": 222.81640625,
                "cpu_percent": 3.8,
                "timestamp": 1778768873.353169
            },
            {
                "memory_mb": 222.8203125,
                "cpu_percent": 14.3,
                "timestamp": 1778768874.4028687
            },
            {
                "memory_mb": 222.828125,
                "cpu_percent": 99.9,
                "timestamp": 1778768875.4541762
            },
            {
                "memory_mb": 222.828125,
                "cpu_percent": 20.9,
                "timestamp": 1778768876.507213
            },
            {
                "memory_mb": 222.81640625,
                "cpu_percent": 72.1,
                "timestamp": 1778768877.5617616
            },
            {
                "memory_mb": 222.81640625,
                "cpu_percent": 0.0,
                "timestamp": 1778768878.6163135
            },
            {
                "memory_mb": 222.828125,
                "cpu_percent": 38.1,
                "timestamp": 1778768879.666962
            },
            {
                "memory_mb": 222.83203125,
                "cpu_percent": 72.3,
                "timestamp": 1778768880.7175915
            },
            {
                "memory_mb": 232.32421875,
                "cpu_percent": 28.5,
                "timestamp": 1778768881.7699206
            },
            {
                "memory_mb": 230.2578125,
                "cpu_percent": 5.7,
                "timestamp": 1778768882.8243618
            },
            {
                "memory_mb": 230.2578125,
                "cpu_percent": 0.0,
                "timestamp": 1778768883.8764997
            },
            {
                "memory_mb": 230.26171875,
                "cpu_percent": 64.7,
                "timestamp": 1778768884.9276912
            },
            {
                "memory_mb": 230.359375,
                "cpu_percent": 8.5,
                "timestamp": 1778768885.9803731
            },
            {
                "memory_mb": 230.35546875,
                "cpu_percent": 99.9,
                "timestamp": 1778768887.0309815
            },
            {
                "memory_mb": 230.34765625,
                "cpu_percent": 34.1,
                "timestamp": 1778768888.0856059
            },
            {
                "memory_mb": 230.34765625,
                "cpu_percent": 0.9,
                "timestamp": 1778768889.1399832
            },
            {
                "memory_mb": 230.359375,
                "cpu_percent": 87.6,
                "timestamp": 1778768890.1903336
            },
            {
                "memory_mb": 230.359375,
                "cpu_percent": 42.7,
                "timestamp": 1778768891.2448852
            },
            {
                "memory_mb": 230.35546875,
                "cpu_percent": 66.6,
                "timestamp": 1778768892.29525
            },
            {
                "memory_mb": 226.39453125,
                "cpu_percent": 9.5,
                "timestamp": 1778768893.3497818
            },
            {
                "memory_mb": 226.40625,
                "cpu_percent": 12.4,
                "timestamp": 1778768894.4000738
            },
            {
                "memory_mb": 226.41015625,
                "cpu_percent": 72.4,
                "timestamp": 1778768895.450295
            },
            {
                "memory_mb": 226.40234375,
                "cpu_percent": 59.6,
                "timestamp": 1778768896.5070245
            },
            {
                "memory_mb": 230.3515625,
                "cpu_percent": 5.7,
                "timestamp": 1778768897.5615675
            },
            {
                "memory_mb": 230.3515625,
                "cpu_percent": 0.0,
                "timestamp": 1778768898.6134357
            },
            {
                "memory_mb": 230.35546875,
                "cpu_percent": 37.2,
                "timestamp": 1778768899.6629655
            },
            {
                "memory_mb": 230.3671875,
                "cpu_percent": 30.4,
                "timestamp": 1778768900.714995
            },
            {
                "memory_mb": 230.359375,
                "cpu_percent": 78.8,
                "timestamp": 1778768901.768175
            },
            {
                "memory_mb": 230.35546875,
                "cpu_percent": 60.7,
                "timestamp": 1778768902.8228045
            },
            {
                "memory_mb": 230.3515625,
                "cpu_percent": 2.8,
                "timestamp": 1778768903.8766205
            },
            {
                "memory_mb": 230.35546875,
                "cpu_percent": 61.9,
                "timestamp": 1778768904.9270864
            },
            {
                "memory_mb": 230.36328125,
                "cpu_percent": 69.5,
                "timestamp": 1778768905.9771364
            },
            {
                "memory_mb": 230.359375,
                "cpu_percent": 38.1,
                "timestamp": 1778768907.0275989
            },
            {
                "memory_mb": 222.81640625,
                "cpu_percent": 29.4,
                "timestamp": 1778768908.083303
            },
            {
                "memory_mb": 222.81640625,
                "cpu_percent": 0.0,
                "timestamp": 1778768909.1386664
            },
            {
                "memory_mb": 222.83203125,
                "cpu_percent": 67.5,
                "timestamp": 1778768910.1911898
            },
            {
                "memory_mb": 222.82421875,
                "cpu_percent": 66.7,
                "timestamp": 1778768911.2412975
            },
            {
                "memory_mb": 230.26171875,
                "cpu_percent": 7.6,
                "timestamp": 1778768912.2955422
            },
            {
                "memory_mb": 230.26171875,
                "cpu_percent": 0.0,
                "timestamp": 1778768913.3597317
            },
            {
                "memory_mb": 230.265625,
                "cpu_percent": 11.4,
                "timestamp": 1778768914.4097943
            },
            {
                "memory_mb": 230.27734375,
                "cpu_percent": 56.2,
                "timestamp": 1778768915.4589727
            },
            {
                "memory_mb": 230.36328125,
                "cpu_percent": 53.4,
                "timestamp": 1778768916.5085828
            },
            {
                "memory_mb": 230.35546875,
                "cpu_percent": 82.8,
                "timestamp": 1778768917.5590186
            },
            {
                "memory_mb": 227.3671875,
                "cpu_percent": 3.8,
                "timestamp": 1778768918.6133542
            },
            {
                "memory_mb": 227.37109375,
                "cpu_percent": 35.2,
                "timestamp": 1778768919.6639812
            },
            {
                "memory_mb": 227.3828125,
                "cpu_percent": 93.1,
                "timestamp": 1778768920.716134
            },
            {
                "memory_mb": 227.375,
                "cpu_percent": 16.2,
                "timestamp": 1778768921.7667403
            },
            {
                "memory_mb": 222.81640625,
                "cpu_percent": 56.9,
                "timestamp": 1778768922.8216314
            },
            {
                "memory_mb": 222.81640625,
                "cpu_percent": 0.0,
                "timestamp": 1778768923.8789449
            },
            {
                "memory_mb": 222.828125,
                "cpu_percent": 60.9,
                "timestamp": 1778768924.9304762
            },
            {
                "memory_mb": 222.83203125,
                "cpu_percent": 71.5,
                "timestamp": 1778768925.9798121
            },
            {
                "memory_mb": 232.328125,
                "cpu_percent": 10.4,
                "timestamp": 1778768927.0347111
            },
            {
                "memory_mb": 230.265625,
                "cpu_percent": 4.7,
                "timestamp": 1778768928.089342
            },
            {
                "memory_mb": 230.265625,
                "cpu_percent": 0.0,
                "timestamp": 1778768929.1432626
            },
            {
                "memory_mb": 230.28125,
                "cpu_percent": 64.5,
                "timestamp": 1778768930.1983414
            },
            {
                "memory_mb": 230.3671875,
                "cpu_percent": 29.5,
                "timestamp": 1778768931.2488747
            },
            {
                "memory_mb": 230.3671875,
                "cpu_percent": 100.0,
                "timestamp": 1778768932.2992406
            },
            {
                "memory_mb": 224.97265625,
                "cpu_percent": 14.2,
                "timestamp": 1778768933.354197
            },
            {
                "memory_mb": 224.9765625,
                "cpu_percent": 9.5,
                "timestamp": 1778768934.4036975
            },
            {
                "memory_mb": 224.984375,
                "cpu_percent": 99.8,
                "timestamp": 1778768935.4559846
            },
            {
                "memory_mb": 224.98828125,
                "cpu_percent": 23.7,
                "timestamp": 1778768936.5116053
            },
            {
                "memory_mb": 224.98046875,
                "cpu_percent": 72.1,
                "timestamp": 1778768937.5662496
            },
            {
                "memory_mb": 224.98046875,
                "cpu_percent": 0.9,
                "timestamp": 1778768938.620955
            },
            {
                "memory_mb": 224.9921875,
                "cpu_percent": 34.3,
                "timestamp": 1778768939.6712198
            },
            {
                "memory_mb": 224.99609375,
                "cpu_percent": 71.4,
                "timestamp": 1778768940.721022
            },
            {
                "memory_mb": 232.4296875,
                "cpu_percent": 38.9,
                "timestamp": 1778768941.776355
            },
            {
                "memory_mb": 230.3671875,
                "cpu_percent": 4.7,
                "timestamp": 1778768942.8312047
            },
            {
                "memory_mb": 230.3671875,
                "cpu_percent": 0.0,
                "timestamp": 1778768943.8884654
            },
            {
                "memory_mb": 230.37109375,
                "cpu_percent": 60.0,
                "timestamp": 1778768944.9378266
            },
            {
                "memory_mb": 230.37890625,
                "cpu_percent": 10.4,
                "timestamp": 1778768945.991331
            },
            {
                "memory_mb": 230.375,
                "cpu_percent": 100.0,
                "timestamp": 1778768947.0409892
            },
            {
                "memory_mb": 226.6328125,
                "cpu_percent": 34.1,
                "timestamp": 1778768948.0957282
            },
            {
                "memory_mb": 226.6328125,
                "cpu_percent": 0.0,
                "timestamp": 1778768949.1495008
            },
            {
                "memory_mb": 226.64453125,
                "cpu_percent": 84.7,
                "timestamp": 1778768950.1997795
            },
            {
                "memory_mb": 226.64453125,
                "cpu_percent": 45.5,
                "timestamp": 1778768951.2542417
            },
            {
                "memory_mb": 226.640625,
                "cpu_percent": 63.6,
                "timestamp": 1778768952.3071764
            },
            {
                "memory_mb": 224.73828125,
                "cpu_percent": 7.6,
                "timestamp": 1778768953.3640075
            },
            {
                "memory_mb": 224.75,
                "cpu_percent": 8.6,
                "timestamp": 1778768954.4139287
            },
            {
                "memory_mb": 224.75390625,
                "cpu_percent": 72.4,
                "timestamp": 1778768955.4637642
            },
            {
                "memory_mb": 224.74609375,
                "cpu_percent": 59.0,
                "timestamp": 1778768956.5145884
            },
            {
                "memory_mb": 230.3671875,
                "cpu_percent": 6.7,
                "timestamp": 1778768957.5655396
            },
            {
                "memory_mb": 230.3671875,
                "cpu_percent": 0.0,
                "timestamp": 1778768958.615963
            },
            {
                "memory_mb": 230.3671875,
                "cpu_percent": 0.0,
                "timestamp": 1778768959.3759677
            }
        ]
    }
}
