{
    "active_periods": [
        {
            "start": 1778772907.575517,
            "end": 1778773210.292915,
            "duration_sec": 302.7173981666565,
            "tasks_completed": 120,
            "throughput_tps": 0.39640932674089585
        }
    ],
    "history": [
        {
            "timestamp": 1778772907.575517,
            "messages": 0,
            "ack": 7688
        },
        {
            "timestamp": 1778772912.583435,
            "messages": 0,
            "ack": 7688
        },
        {
            "timestamp": 1778772917.588686,
            "messages": 2,
            "ack": 7690
        },
        {
            "timestamp": 1778772922.594523,
            "messages": 0,
            "ack": 7692
        },
        {
            "timestamp": 1778772927.60073,
            "messages": 0,
            "ack": 7694
        },
        {
            "timestamp": 1778772932.606424,
            "messages": 0,
            "ack": 7696
        },
        {
            "timestamp": 1778772937.61078,
            "messages": 0,
            "ack": 7698
        },
        {
            "timestamp": 1778772942.61775,
            "messages": 0,
            "ack": 7700
        },
        {
            "timestamp": 1778772947.624235,
            "messages": 0,
            "ack": 7702
        },
        {
            "timestamp": 1778772952.629589,
            "messages": 0,
            "ack": 7704
        },
        {
            "timestamp": 1778772957.634576,
            "messages": 0,
            "ack": 7706
        },
        {
            "timestamp": 1778772962.639622,
            "messages": 0,
            "ack": 7708
        },
        {
            "timestamp": 1778772967.643753,
            "messages": 0,
            "ack": 7710
        },
        {
            "timestamp": 1778772972.649457,
            "messages": 0,
            "ack": 7712
        },
        {
            "timestamp": 1778772977.654374,
            "messages": 0,
            "ack": 7714
        },
        {
            "timestamp": 1778772982.659314,
            "messages": 0,
            "ack": 7716
        },
        {
            "timestamp": 1778772987.66365,
            "messages": 0,
            "ack": 7718
        },
        {
            "timestamp": 1778772992.668957,
            "messages": 0,
            "ack": 7720
        },
        {
            "timestamp": 1778772997.673667,
            "messages": 0,
            "ack": 7722
        },
        {
            "timestamp": 1778773002.678654,
            "messages": 0,
            "ack": 7724
        },
        {
            "timestamp": 1778773007.683382,
            "messages": 0,
            "ack": 7726
        },
        {
            "timestamp": 1778773012.68921,
            "messages": 0,
            "ack": 7728
        },
        {
            "timestamp": 1778773017.694113,
            "messages": 0,
            "ack": 7730
        },
        {
            "timestamp": 1778773022.699578,
            "messages": 0,
            "ack": 7732
        },
        {
            "timestamp": 1778773027.705767,
            "messages": 0,
            "ack": 7734
        },
        {
            "timestamp": 1778773032.711265,
            "messages": 0,
            "ack": 7736
        },
        {
            "timestamp": 1778773037.715658,
            "messages": 2,
            "ack": 7738
        },
        {
            "timestamp": 1778773042.719381,
            "messages": 0,
            "ack": 7740
        },
        {
            "timestamp": 1778773047.72515,
            "messages": 0,
            "ack": 7742
        },
        {
            "timestamp": 1778773052.730992,
            "messages": 0,
            "ack": 7744
        },
        {
            "timestamp": 1778773057.735763,
            "messages": 0,
            "ack": 7746
        },
        {
            "timestamp": 1778773062.741215,
            "messages": 0,
            "ack": 7748
        },
        {
            "timestamp": 1778773067.74632,
            "messages": 0,
            "ack": 7750
        },
        {
            "timestamp": 1778773072.750818,
            "messages": 0,
            "ack": 7752
        },
        {
            "timestamp": 1778773077.755737,
            "messages": 0,
            "ack": 7754
        },
        {
            "timestamp": 1778773082.759673,
            "messages": 0,
            "ack": 7756
        },
        {
            "timestamp": 1778773087.765824,
            "messages": 0,
            "ack": 7758
        },
        {
            "timestamp": 1778773092.773234,
            "messages": 0,
            "ack": 7760
        },
        {
            "timestamp": 1778773097.777663,
            "messages": 0,
            "ack": 7762
        },
        {
            "timestamp": 1778773102.782125,
            "messages": 0,
            "ack": 7764
        },
        {
            "timestamp": 1778773107.788713,
            "messages": 0,
            "ack": 7766
        },
        {
            "timestamp": 1778773112.793735,
            "messages": 0,
            "ack": 7768
        },
        {
            "timestamp": 1778773117.799069,
            "messages": 0,
            "ack": 7770
        },
        {
            "timestamp": 1778773122.803953,
            "messages": 0,
            "ack": 7772
        },
        {
            "timestamp": 1778773127.809701,
            "messages": 0,
            "ack": 7774
        },
        {
            "timestamp": 1778773132.815628,
            "messages": 0,
            "ack": 7776
        },
        {
            "timestamp": 1778773137.820337,
            "messages": 0,
            "ack": 7780
        },
        {
            "timestamp": 1778773142.825464,
            "messages": 0,
            "ack": 7782
        },
        {
            "timestamp": 1778773147.8309,
            "messages": 0,
            "ack": 7784
        },
        {
            "timestamp": 1778773152.836784,
            "messages": 0,
            "ack": 7786
        },
        {
            "timestamp": 1778773157.841718,
            "messages": 0,
            "ack": 7788
        },
        {
            "timestamp": 1778773162.846558,
            "messages": 0,
            "ack": 7790
        },
        {
            "timestamp": 1778773167.852801,
            "messages": 0,
            "ack": 7792
        },
        {
            "timestamp": 1778773172.85774,
            "messages": 0,
            "ack": 7794
        },
        {
            "timestamp": 1778773177.861748,
            "messages": 0,
            "ack": 7796
        },
        {
            "timestamp": 1778773182.865404,
            "messages": 0,
            "ack": 7798
        },
        {
            "timestamp": 1778773187.870732,
            "messages": 0,
            "ack": 7800
        },
        {
            "timestamp": 1778773192.874647,
            "messages": 0,
            "ack": 7802
        },
        {
            "timestamp": 1778773197.87939,
            "messages": 0,
            "ack": 7804
        },
        {
            "timestamp": 1778773202.884343,
            "messages": 0,
            "ack": 7806
        },
        {
            "timestamp": 1778773207.889746,
            "messages": 0,
            "ack": 7808
        },
        {
            "timestamp": 1778773210.286399,
            "messages": 0,
            "ack": 7808
        }
    ]
}