{
    "289055": {
        "ppid": "254983",
        "name": "celery",
        "cmdline": "/home/experimenter/projects/celery-autoscale/.venv/bin/python3 /home/experimenter/projects/celery-autoscale/.venv/bin/celery -A celery_app worker --loglevel=INFO --concurrency=2 --pool=gevent",
        "create_time": "2026-05-14T20:29:34.660000",
        "last_update": "2026-05-14T20:34:36.404268",
        "voluntary_ctxt_switches": 2105,
        "nonvoluntary_ctxt_switches": 477,
        "jiffies": 5954,
        "stats": [
            {
                "memory_mb": 48.2578125,
                "cpu_percent": 0.0,
                "timestamp": 1778779775.7339542
            },
            {
                "memory_mb": 48.73828125,
                "cpu_percent": 37.1,
                "timestamp": 1778779776.786299
            },
            {
                "memory_mb": 48.75,
                "cpu_percent": 30.4,
                "timestamp": 1778779777.839744
            },
            {
                "memory_mb": 48.75390625,
                "cpu_percent": 65.5,
                "timestamp": 1778779778.8933644
            },
            {
                "memory_mb": 48.75390625,
                "cpu_percent": 0.0,
                "timestamp": 1778779779.9468822
            },
            {
                "memory_mb": 48.75390625,
                "cpu_percent": 0.0,
                "timestamp": 1778779781.0007439
            },
            {
                "memory_mb": 121.91796875,
                "cpu_percent": 9.5,
                "timestamp": 1778779782.0548193
            },
            {
                "memory_mb": 140.19140625,
                "cpu_percent": 68.4,
                "timestamp": 1778779783.108195
            },
            {
                "memory_mb": 139.421875,
                "cpu_percent": 1.9,
                "timestamp": 1778779784.1616452
            },
            {
                "memory_mb": 139.421875,
                "cpu_percent": 0.9,
                "timestamp": 1778779785.2149215
            },
            {
                "memory_mb": 139.42578125,
                "cpu_percent": 8.6,
                "timestamp": 1778779786.2632387
            },
            {
                "memory_mb": 139.43359375,
                "cpu_percent": 57.9,
                "timestamp": 1778779787.317042
            },
            {
                "memory_mb": 140.83984375,
                "cpu_percent": 2.8,
                "timestamp": 1778779788.370662
            },
            {
                "memory_mb": 138.78125,
                "cpu_percent": 2.8,
                "timestamp": 1778779789.4238224
            },
            {
                "memory_mb": 138.78125,
                "cpu_percent": 0.0,
                "timestamp": 1778779790.477427
            },
            {
                "memory_mb": 138.78515625,
                "cpu_percent": 33.4,
                "timestamp": 1778779791.5262506
            },
            {
                "memory_mb": 138.7890625,
                "cpu_percent": 37.0,
                "timestamp": 1778779792.579702
            },
            {
                "memory_mb": 138.78515625,
                "cpu_percent": 67.6,
                "timestamp": 1778779793.6292999
            },
            {
                "memory_mb": 138.78125,
                "cpu_percent": 2.9,
                "timestamp": 1778779794.6818047
            },
            {
                "memory_mb": 138.78125,
                "cpu_percent": 0.9,
                "timestamp": 1778779795.7352304
            },
            {
                "memory_mb": 138.7890625,
                "cpu_percent": 2.8,
                "timestamp": 1778779796.7890475
            },
            {
                "memory_mb": 140.83984375,
                "cpu_percent": 63.9,
                "timestamp": 1778779797.8377955
            },
            {
                "memory_mb": 138.77734375,
                "cpu_percent": 7.6,
                "timestamp": 1778779798.8912845
            },
            {
                "memory_mb": 138.77734375,
                "cpu_percent": 0.0,
                "timestamp": 1778779799.9455194
            },
            {
                "memory_mb": 138.77734375,
                "cpu_percent": 0.0,
                "timestamp": 1778779800.9983506
            },
            {
                "memory_mb": 138.78515625,
                "cpu_percent": 67.3,
                "timestamp": 1778779802.052833
            },
            {
                "memory_mb": 140.84375,
                "cpu_percent": 3.8,
                "timestamp": 1778779803.1071804
            },
            {
                "memory_mb": 138.8515625,
                "cpu_percent": 2.8,
                "timestamp": 1778779804.1614764
            },
            {
                "memory_mb": 138.8515625,
                "cpu_percent": 0.0,
                "timestamp": 1778779805.2151656
            },
            {
                "memory_mb": 138.85546875,
                "cpu_percent": 7.6,
                "timestamp": 1778779806.2641058
            },
            {
                "memory_mb": 138.859375,
                "cpu_percent": 58.9,
                "timestamp": 1778779807.3176343
            },
            {
                "memory_mb": 138.85546875,
                "cpu_percent": 44.8,
                "timestamp": 1778779808.3663626
            },
            {
                "memory_mb": 138.8515625,
                "cpu_percent": 26.6,
                "timestamp": 1778779809.4201474
            },
            {
                "memory_mb": 138.8515625,
                "cpu_percent": 0.0,
                "timestamp": 1778779810.4737315
            },
            {
                "memory_mb": 138.859375,
                "cpu_percent": 2.8,
                "timestamp": 1778779811.527264
            },
            {
                "memory_mb": 140.83984375,
                "cpu_percent": 39.1,
                "timestamp": 1778779812.5760176
            },
            {
                "memory_mb": 138.77734375,
                "cpu_percent": 34.2,
                "timestamp": 1778779813.6292858
            },
            {
                "memory_mb": 138.77734375,
                "cpu_percent": 0.0,
                "timestamp": 1778779814.6822796
            },
            {
                "memory_mb": 138.77734375,
                "cpu_percent": 0.0,
                "timestamp": 1778779815.7357485
            },
            {
                "memory_mb": 138.78125,
                "cpu_percent": 57.1,
                "timestamp": 1778779816.7856402
            },
            {
                "memory_mb": 140.84765625,
                "cpu_percent": 14.2,
                "timestamp": 1778779817.8383853
            },
            {
                "memory_mb": 138.8515625,
                "cpu_percent": 2.8,
                "timestamp": 1778779818.8928797
            },
            {
                "memory_mb": 138.8515625,
                "cpu_percent": 0.0,
                "timestamp": 1778779819.9463327
            },
            {
                "memory_mb": 138.8515625,
                "cpu_percent": 0.0,
                "timestamp": 1778779820.9993918
            },
            {
                "memory_mb": 138.859375,
                "cpu_percent": 65.5,
                "timestamp": 1778779822.0528684
            },
            {
                "memory_mb": 138.85546875,
                "cpu_percent": 21.9,
                "timestamp": 1778779823.1018424
            },
            {
                "memory_mb": 138.8515625,
                "cpu_percent": 43.7,
                "timestamp": 1778779824.1549346
            },
            {
                "memory_mb": 138.8515625,
                "cpu_percent": 0.0,
                "timestamp": 1778779825.2093983
            },
            {
                "memory_mb": 138.859375,
                "cpu_percent": 1.0,
                "timestamp": 1778779826.2607834
            },
            {
                "memory_mb": 140.83984375,
                "cpu_percent": 14.3,
                "timestamp": 1778779827.3091755
            },
            {
                "memory_mb": 140.8359375,
                "cpu_percent": 54.1,
                "timestamp": 1778779828.362322
            },
            {
                "memory_mb": 138.77734375,
                "cpu_percent": 2.8,
                "timestamp": 1778779829.416286
            },
            {
                "memory_mb": 138.77734375,
                "cpu_percent": 0.9,
                "timestamp": 1778779830.4695244
            },
            {
                "memory_mb": 138.78125,
                "cpu_percent": 30.5,
                "timestamp": 1778779831.5182376
            },
            {
                "memory_mb": 138.78515625,
                "cpu_percent": 36.1,
                "timestamp": 1778779832.5713813
            },
            {
                "memory_mb": 138.8515625,
                "cpu_percent": 3.8,
                "timestamp": 1778779833.6249812
            },
            {
                "memory_mb": 138.8515625,
                "cpu_percent": 0.0,
                "timestamp": 1778779834.6785324
            },
            {
                "memory_mb": 138.8515625,
                "cpu_percent": 0.0,
                "timestamp": 1778779835.7339535
            },
            {
                "memory_mb": 138.85546875,
                "cpu_percent": 56.2,
                "timestamp": 1778779836.7842975
            },
            {
                "memory_mb": 138.859375,
                "cpu_percent": 6.6,
                "timestamp": 1778779837.8377976
            },
            {
                "memory_mb": 138.8515625,
                "cpu_percent": 66.4,
                "timestamp": 1778779838.8912327
            },
            {
                "memory_mb": 138.8515625,
                "cpu_percent": 0.0,
                "timestamp": 1778779839.9445662
            },
            {
                "memory_mb": 138.8515625,
                "cpu_percent": 0.0,
                "timestamp": 1778779840.997411
            },
            {
                "memory_mb": 138.859375,
                "cpu_percent": 4.7,
                "timestamp": 1778779842.0516536
            },
            {
                "memory_mb": 140.8359375,
                "cpu_percent": 65.5,
                "timestamp": 1778779843.1050797
            },
            {
                "memory_mb": 138.77734375,
                "cpu_percent": 2.8,
                "timestamp": 1778779844.1581297
            },
            {
                "memory_mb": 138.77734375,
                "cpu_percent": 0.0,
                "timestamp": 1778779845.2105048
            },
            {
                "memory_mb": 138.78125,
                "cpu_percent": 5.7,
                "timestamp": 1778779846.2610593
            },
            {
                "memory_mb": 138.78515625,
                "cpu_percent": 60.8,
                "timestamp": 1778779847.313503
            },
            {
                "memory_mb": 140.84375,
                "cpu_percent": 2.8,
                "timestamp": 1778779848.3669977
            },
            {
                "memory_mb": 138.8515625,
                "cpu_percent": 1.9,
                "timestamp": 1778779849.4209986
            },
            {
                "memory_mb": 138.8515625,
                "cpu_percent": 0.0,
                "timestamp": 1778779850.4743493
            },
            {
                "memory_mb": 138.85546875,
                "cpu_percent": 30.5,
                "timestamp": 1778779851.5226343
            },
            {
                "memory_mb": 138.859375,
                "cpu_percent": 33.2,
                "timestamp": 1778779852.5759227
            },
            {
                "memory_mb": 138.8515625,
                "cpu_percent": 63.7,
                "timestamp": 1778779853.6285381
            },
            {
                "memory_mb": 138.8515625,
                "cpu_percent": 0.0,
                "timestamp": 1778779854.6810682
            },
            {
                "memory_mb": 138.8515625,
                "cpu_percent": 0.0,
                "timestamp": 1778779855.7364593
            },
            {
                "memory_mb": 138.859375,
                "cpu_percent": 2.8,
                "timestamp": 1778779856.7902331
            },
            {
                "memory_mb": 140.83984375,
                "cpu_percent": 61.0,
                "timestamp": 1778779857.8391385
            },
            {
                "memory_mb": 138.77734375,
                "cpu_percent": 10.4,
                "timestamp": 1778779858.8927956
            },
            {
                "memory_mb": 138.77734375,
                "cpu_percent": 0.0,
                "timestamp": 1778779859.9460933
            },
            {
                "memory_mb": 138.77734375,
                "cpu_percent": 0.0,
                "timestamp": 1778779860.9991324
            },
            {
                "memory_mb": 138.78515625,
                "cpu_percent": 67.4,
                "timestamp": 1778779862.0525792
            },
            {
                "memory_mb": 140.84375,
                "cpu_percent": 3.8,
                "timestamp": 1778779863.106441
            },
            {
                "memory_mb": 138.8515625,
                "cpu_percent": 1.9,
                "timestamp": 1778779864.1598983
            },
            {
                "memory_mb": 138.8515625,
                "cpu_percent": 0.9,
                "timestamp": 1778779865.2132149
            },
            {
                "memory_mb": 138.85546875,
                "cpu_percent": 4.7,
                "timestamp": 1778779866.2696953
            },
            {
                "memory_mb": 138.859375,
                "cpu_percent": 57.9,
                "timestamp": 1778779867.323765
            },
            {
                "memory_mb": 138.85546875,
                "cpu_percent": 46.7,
                "timestamp": 1778779868.3727262
            },
            {
                "memory_mb": 138.8515625,
                "cpu_percent": 18.0,
                "timestamp": 1778779869.4260437
            },
            {
                "memory_mb": 138.8515625,
                "cpu_percent": 0.0,
                "timestamp": 1778779870.4795444
            },
            {
                "memory_mb": 138.859375,
                "cpu_percent": 1.9,
                "timestamp": 1778779871.5327964
            },
            {
                "memory_mb": 140.83984375,
                "cpu_percent": 36.2,
                "timestamp": 1778779872.5817924
            },
            {
                "memory_mb": 138.77734375,
                "cpu_percent": 35.1,
                "timestamp": 1778779873.6352932
            },
            {
                "memory_mb": 138.77734375,
                "cpu_percent": 0.0,
                "timestamp": 1778779874.6886632
            },
            {
                "memory_mb": 138.77734375,
                "cpu_percent": 0.0,
                "timestamp": 1778779875.7417984
            },
            {
                "memory_mb": 138.78125,
                "cpu_percent": 53.4,
                "timestamp": 1778779876.7902863
            },
            {
                "memory_mb": 138.78515625,
                "cpu_percent": 16.1,
                "timestamp": 1778779877.8437934
            },
            {
                "memory_mb": 138.8515625,
                "cpu_percent": 3.8,
                "timestamp": 1778779878.8974462
            },
            {
                "memory_mb": 138.8515625,
                "cpu_percent": 0.0,
                "timestamp": 1778779879.9512718
            },
            {
                "memory_mb": 138.8515625,
                "cpu_percent": 0.9,
                "timestamp": 1778779881.004651
            },
            {
                "memory_mb": 138.859375,
                "cpu_percent": 65.5,
                "timestamp": 1778779882.058302
            },
            {
                "memory_mb": 138.85546875,
                "cpu_percent": 16.2,
                "timestamp": 1778779883.1078954
            },
            {
                "memory_mb": 138.8515625,
                "cpu_percent": 50.3,
                "timestamp": 1778779884.1613863
            },
            {
                "memory_mb": 138.8515625,
                "cpu_percent": 0.0,
                "timestamp": 1778779885.2153196
            },
            {
                "memory_mb": 138.859375,
                "cpu_percent": 0.9,
                "timestamp": 1778779886.270693
            },
            {
                "memory_mb": 140.84375,
                "cpu_percent": 11.4,
                "timestamp": 1778779887.3194976
            },
            {
                "memory_mb": 140.83984375,
                "cpu_percent": 59.8,
                "timestamp": 1778779888.3730412
            },
            {
                "memory_mb": 138.78125,
                "cpu_percent": 1.9,
                "timestamp": 1778779889.4266248
            },
            {
                "memory_mb": 138.78125,
                "cpu_percent": 0.0,
                "timestamp": 1778779890.4800441
            },
            {
                "memory_mb": 138.78515625,
                "cpu_percent": 27.6,
                "timestamp": 1778779891.5296452
            },
            {
                "memory_mb": 138.7890625,
                "cpu_percent": 41.7,
                "timestamp": 1778779892.5835366
            },
            {
                "memory_mb": 138.8515625,
                "cpu_percent": 4.8,
                "timestamp": 1778779893.6361222
            },
            {
                "memory_mb": 138.8515625,
                "cpu_percent": 0.0,
                "timestamp": 1778779894.6895418
            },
            {
                "memory_mb": 138.8515625,
                "cpu_percent": 0.0,
                "timestamp": 1778779895.7430933
            },
            {
                "memory_mb": 138.85546875,
                "cpu_percent": 52.4,
                "timestamp": 1778779896.7918808
            },
            {
                "memory_mb": 138.859375,
                "cpu_percent": 14.2,
                "timestamp": 1778779897.8452396
            },
            {
                "memory_mb": 138.8515625,
                "cpu_percent": 66.5,
                "timestamp": 1778779898.8986664
            },
            {
                "memory_mb": 138.8515625,
                "cpu_percent": 0.0,
                "timestamp": 1778779899.95059
            },
            {
                "memory_mb": 138.8515625,
                "cpu_percent": 0.0,
                "timestamp": 1778779901.003179
            },
            {
                "memory_mb": 138.859375,
                "cpu_percent": 3.8,
                "timestamp": 1778779902.056308
            },
            {
                "memory_mb": 140.84375,
                "cpu_percent": 67.4,
                "timestamp": 1778779903.1096704
            },
            {
                "memory_mb": 138.78125,
                "cpu_percent": 2.8,
                "timestamp": 1778779904.1632066
            },
            {
                "memory_mb": 138.78125,
                "cpu_percent": 0.0,
                "timestamp": 1778779905.216641
            },
            {
                "memory_mb": 138.78515625,
                "cpu_percent": 1.9,
                "timestamp": 1778779906.2715225
            },
            {
                "memory_mb": 138.7890625,
                "cpu_percent": 65.5,
                "timestamp": 1778779907.3248281
            },
            {
                "memory_mb": 140.84765625,
                "cpu_percent": 3.8,
                "timestamp": 1778779908.3781266
            },
            {
                "memory_mb": 138.8515625,
                "cpu_percent": 2.8,
                "timestamp": 1778779909.4317954
            },
            {
                "memory_mb": 138.8515625,
                "cpu_percent": 0.0,
                "timestamp": 1778779910.4851294
            },
            {
                "memory_mb": 138.85546875,
                "cpu_percent": 26.7,
                "timestamp": 1778779911.5346882
            },
            {
                "memory_mb": 138.859375,
                "cpu_percent": 38.9,
                "timestamp": 1778779912.5883145
            },
            {
                "memory_mb": 138.85546875,
                "cpu_percent": 66.7,
                "timestamp": 1778779913.6379085
            },
            {
                "memory_mb": 138.8515625,
                "cpu_percent": 0.9,
                "timestamp": 1778779914.6919348
            },
            {
                "memory_mb": 138.8515625,
                "cpu_percent": 0.0,
                "timestamp": 1778779915.745308
            },
            {
                "memory_mb": 138.859375,
                "cpu_percent": 1.9,
                "timestamp": 1778779916.7994528
            },
            {
                "memory_mb": 140.84765625,
                "cpu_percent": 58.1,
                "timestamp": 1778779917.8490505
            },
            {
                "memory_mb": 138.78515625,
                "cpu_percent": 12.3,
                "timestamp": 1778779918.9026303
            },
            {
                "memory_mb": 138.78515625,
                "cpu_percent": 0.9,
                "timestamp": 1778779919.9564407
            },
            {
                "memory_mb": 138.78515625,
                "cpu_percent": 0.0,
                "timestamp": 1778779921.0098116
            },
            {
                "memory_mb": 138.79296875,
                "cpu_percent": 67.4,
                "timestamp": 1778779922.0639033
            },
            {
                "memory_mb": 140.84765625,
                "cpu_percent": 3.8,
                "timestamp": 1778779923.11751
            },
            {
                "memory_mb": 138.85546875,
                "cpu_percent": 1.9,
                "timestamp": 1778779924.1711237
            },
            {
                "memory_mb": 138.85546875,
                "cpu_percent": 0.0,
                "timestamp": 1778779925.2247198
            },
            {
                "memory_mb": 138.859375,
                "cpu_percent": 1.9,
                "timestamp": 1778779926.2803876
            },
            {
                "memory_mb": 138.86328125,
                "cpu_percent": 64.6,
                "timestamp": 1778779927.3332076
            },
            {
                "memory_mb": 138.859375,
                "cpu_percent": 40.0,
                "timestamp": 1778779928.3821115
            },
            {
                "memory_mb": 138.85546875,
                "cpu_percent": 26.6,
                "timestamp": 1778779929.4356031
            },
            {
                "memory_mb": 138.85546875,
                "cpu_percent": 0.0,
                "timestamp": 1778779930.4893498
            },
            {
                "memory_mb": 138.86328125,
                "cpu_percent": 1.9,
                "timestamp": 1778779931.5420115
            },
            {
                "memory_mb": 140.84765625,
                "cpu_percent": 33.4,
                "timestamp": 1778779932.5905554
            },
            {
                "memory_mb": 138.7890625,
                "cpu_percent": 39.1,
                "timestamp": 1778779933.6398325
            },
            {
                "memory_mb": 138.7890625,
                "cpu_percent": 0.0,
                "timestamp": 1778779934.693479
            },
            {
                "memory_mb": 138.7890625,
                "cpu_percent": 0.0,
                "timestamp": 1778779935.7470717
            },
            {
                "memory_mb": 138.79296875,
                "cpu_percent": 50.5,
                "timestamp": 1778779936.7972047
            },
            {
                "memory_mb": 138.796875,
                "cpu_percent": 20.9,
                "timestamp": 1778779937.8518476
            },
            {
                "memory_mb": 138.859375,
                "cpu_percent": 2.8,
                "timestamp": 1778779938.90556
            },
            {
                "memory_mb": 138.859375,
                "cpu_percent": 0.0,
                "timestamp": 1778779939.9591804
            },
            {
                "memory_mb": 138.859375,
                "cpu_percent": 0.0,
                "timestamp": 1778779941.0127172
            },
            {
                "memory_mb": 138.8671875,
                "cpu_percent": 66.4,
                "timestamp": 1778779942.0664985
            },
            {
                "memory_mb": 138.86328125,
                "cpu_percent": 13.3,
                "timestamp": 1778779943.1154687
            },
            {
                "memory_mb": 138.859375,
                "cpu_percent": 54.1,
                "timestamp": 1778779944.1688948
            },
            {
                "memory_mb": 138.859375,
                "cpu_percent": 0.0,
                "timestamp": 1778779945.222499
            },
            {
                "memory_mb": 138.8671875,
                "cpu_percent": 0.9,
                "timestamp": 1778779946.2779593
            },
            {
                "memory_mb": 140.85546875,
                "cpu_percent": 8.6,
                "timestamp": 1778779947.3294663
            },
            {
                "memory_mb": 140.8515625,
                "cpu_percent": 61.7,
                "timestamp": 1778779948.3821332
            },
            {
                "memory_mb": 137.28515625,
                "cpu_percent": 2.8,
                "timestamp": 1778779949.435816
            },
            {
                "memory_mb": 137.28515625,
                "cpu_percent": 0.0,
                "timestamp": 1778779950.4893253
            },
            {
                "memory_mb": 137.2890625,
                "cpu_percent": 24.8,
                "timestamp": 1778779951.5370505
            },
            {
                "memory_mb": 137.29296875,
                "cpu_percent": 44.6,
                "timestamp": 1778779952.5907364
            },
            {
                "memory_mb": 138.796875,
                "cpu_percent": 4.7,
                "timestamp": 1778779953.6441007
            },
            {
                "memory_mb": 138.79296875,
                "cpu_percent": 0.0,
                "timestamp": 1778779954.6977184
            },
            {
                "memory_mb": 138.79296875,
                "cpu_percent": 0.0,
                "timestamp": 1778779955.7516391
            },
            {
                "memory_mb": 138.796875,
                "cpu_percent": 50.5,
                "timestamp": 1778779956.8009155
            },
            {
                "memory_mb": 138.80078125,
                "cpu_percent": 16.1,
                "timestamp": 1778779957.8549068
            },
            {
                "memory_mb": 138.79296875,
                "cpu_percent": 67.4,
                "timestamp": 1778779958.9087143
            },
            {
                "memory_mb": 138.79296875,
                "cpu_percent": 0.0,
                "timestamp": 1778779959.9633374
            },
            {
                "memory_mb": 138.79296875,
                "cpu_percent": 0.0,
                "timestamp": 1778779961.0163848
            },
            {
                "memory_mb": 138.80078125,
                "cpu_percent": 3.8,
                "timestamp": 1778779962.0703022
            },
            {
                "memory_mb": 140.8515625,
                "cpu_percent": 68.3,
                "timestamp": 1778779963.1237893
            },
            {
                "memory_mb": 137.28515625,
                "cpu_percent": 2.8,
                "timestamp": 1778779964.1774297
            },
            {
                "memory_mb": 137.28515625,
                "cpu_percent": 0.0,
                "timestamp": 1778779965.231436
            },
            {
                "memory_mb": 137.2890625,
                "cpu_percent": 0.0,
                "timestamp": 1778779966.287582
            },
            {
                "memory_mb": 137.29296875,
                "cpu_percent": 67.4,
                "timestamp": 1778779967.341434
            },
            {
                "memory_mb": 140.8515625,
                "cpu_percent": 2.8,
                "timestamp": 1778779968.3948162
            },
            {
                "memory_mb": 138.79296875,
                "cpu_percent": 2.8,
                "timestamp": 1778779969.4483805
            },
            {
                "memory_mb": 138.79296875,
                "cpu_percent": 0.0,
                "timestamp": 1778779970.5021894
            },
            {
                "memory_mb": 138.796875,
                "cpu_percent": 25.7,
                "timestamp": 1778779971.5511274
            },
            {
                "memory_mb": 138.80078125,
                "cpu_percent": 40.8,
                "timestamp": 1778779972.6050527
            },
            {
                "memory_mb": 138.796875,
                "cpu_percent": 64.8,
                "timestamp": 1778779973.6547005
            },
            {
                "memory_mb": 138.79296875,
                "cpu_percent": 2.8,
                "timestamp": 1778779974.7082882
            },
            {
                "memory_mb": 138.79296875,
                "cpu_percent": 0.9,
                "timestamp": 1778779975.7618248
            },
            {
                "memory_mb": 138.80078125,
                "cpu_percent": 1.9,
                "timestamp": 1778779976.8164039
            },
            {
                "memory_mb": 140.85546875,
                "cpu_percent": 56.3,
                "timestamp": 1778779977.865241
            },
            {
                "memory_mb": 138.8671875,
                "cpu_percent": 14.2,
                "timestamp": 1778779978.920148
            },
            {
                "memory_mb": 138.8671875,
                "cpu_percent": 0.9,
                "timestamp": 1778779979.9738946
            },
            {
                "memory_mb": 138.8671875,
                "cpu_percent": 0.0,
                "timestamp": 1778779981.0274537
            },
            {
                "memory_mb": 138.875,
                "cpu_percent": 66.4,
                "timestamp": 1778779982.0814717
            },
            {
                "memory_mb": 140.85546875,
                "cpu_percent": 4.7,
                "timestamp": 1778779983.135006
            },
            {
                "memory_mb": 122.81640625,
                "cpu_percent": 2.8,
                "timestamp": 1778779984.1885624
            },
            {
                "memory_mb": 122.81640625,
                "cpu_percent": 0.0,
                "timestamp": 1778779985.2414367
            },
            {
                "memory_mb": 122.8203125,
                "cpu_percent": 0.0,
                "timestamp": 1778779986.2964964
            },
            {
                "memory_mb": 122.82421875,
                "cpu_percent": 66.4,
                "timestamp": 1778779987.350132
            },
            {
                "memory_mb": 122.8203125,
                "cpu_percent": 39.1,
                "timestamp": 1778779988.399633
            },
            {
                "memory_mb": 122.81640625,
                "cpu_percent": 27.5,
                "timestamp": 1778779989.4532797
            },
            {
                "memory_mb": 122.81640625,
                "cpu_percent": 0.0,
                "timestamp": 1778779990.5066705
            },
            {
                "memory_mb": 122.82421875,
                "cpu_percent": 0.9,
                "timestamp": 1778779991.5603669
            },
            {
                "memory_mb": 140.86328125,
                "cpu_percent": 33.4,
                "timestamp": 1778779992.6097858
            },
            {
                "memory_mb": 138.796875,
                "cpu_percent": 40.8,
                "timestamp": 1778779993.6628773
            },
            {
                "memory_mb": 138.796875,
                "cpu_percent": 0.0,
                "timestamp": 1778779994.716535
            },
            {
                "memory_mb": 138.796875,
                "cpu_percent": 0.0,
                "timestamp": 1778779995.7698302
            },
            {
                "memory_mb": 138.80078125,
                "cpu_percent": 48.6,
                "timestamp": 1778779996.8188694
            },
            {
                "memory_mb": 138.8046875,
                "cpu_percent": 21.9,
                "timestamp": 1778779997.8710613
            },
            {
                "memory_mb": 122.81640625,
                "cpu_percent": 3.8,
                "timestamp": 1778779998.9248383
            },
            {
                "memory_mb": 122.81640625,
                "cpu_percent": 0.0,
                "timestamp": 1778779999.978895
            },
            {
                "memory_mb": 122.81640625,
                "cpu_percent": 0.9,
                "timestamp": 1778780001.0339208
            },
            {
                "memory_mb": 122.82421875,
                "cpu_percent": 65.5,
                "timestamp": 1778780002.0876412
            },
            {
                "memory_mb": 122.8203125,
                "cpu_percent": 12.4,
                "timestamp": 1778780003.1371484
            },
            {
                "memory_mb": 122.81640625,
                "cpu_percent": 55.0,
                "timestamp": 1778780004.1909535
            },
            {
                "memory_mb": 122.81640625,
                "cpu_percent": 0.0,
                "timestamp": 1778780005.2450087
            },
            {
                "memory_mb": 122.81640625,
                "cpu_percent": 0.0,
                "timestamp": 1778780006.2999394
            },
            {
                "memory_mb": 140.859375,
                "cpu_percent": 9.5,
                "timestamp": 1778780007.354125
            },
            {
                "memory_mb": 140.859375,
                "cpu_percent": 63.6,
                "timestamp": 1778780008.4082875
            },
            {
                "memory_mb": 132.44921875,
                "cpu_percent": 1.9,
                "timestamp": 1778780009.4619145
            },
            {
                "memory_mb": 132.44921875,
                "cpu_percent": 0.9,
                "timestamp": 1778780010.5158303
            },
            {
                "memory_mb": 132.453125,
                "cpu_percent": 23.8,
                "timestamp": 1778780011.5652597
            },
            {
                "memory_mb": 132.45703125,
                "cpu_percent": 45.6,
                "timestamp": 1778780012.6189842
            },
            {
                "memory_mb": 140.859375,
                "cpu_percent": 2.8,
                "timestamp": 1778780013.67256
            },
            {
                "memory_mb": 138.80078125,
                "cpu_percent": 0.9,
                "timestamp": 1778780014.7264202
            },
            {
                "memory_mb": 138.80078125,
                "cpu_percent": 0.9,
                "timestamp": 1778780015.7803795
            },
            {
                "memory_mb": 138.8046875,
                "cpu_percent": 49.5,
                "timestamp": 1778780016.8299847
            },
            {
                "memory_mb": 138.80859375,
                "cpu_percent": 18.0,
                "timestamp": 1778780017.8838606
            },
            {
                "memory_mb": 138.80078125,
                "cpu_percent": 66.4,
                "timestamp": 1778780018.9384258
            },
            {
                "memory_mb": 138.80078125,
                "cpu_percent": 0.0,
                "timestamp": 1778780019.991874
            },
            {
                "memory_mb": 138.80078125,
                "cpu_percent": 0.0,
                "timestamp": 1778780021.0449102
            },
            {
                "memory_mb": 138.80859375,
                "cpu_percent": 3.8,
                "timestamp": 1778780022.1000106
            },
            {
                "memory_mb": 140.86328125,
                "cpu_percent": 67.4,
                "timestamp": 1778780023.153697
            },
            {
                "memory_mb": 138.87109375,
                "cpu_percent": 1.9,
                "timestamp": 1778780024.206434
            },
            {
                "memory_mb": 138.87109375,
                "cpu_percent": 0.9,
                "timestamp": 1778780025.260271
            },
            {
                "memory_mb": 138.87109375,
                "cpu_percent": 0.0,
                "timestamp": 1778780026.3140695
            },
            {
                "memory_mb": 138.87890625,
                "cpu_percent": 67.3,
                "timestamp": 1778780027.368411
            },
            {
                "memory_mb": 140.86328125,
                "cpu_percent": 2.8,
                "timestamp": 1778780028.4219882
            },
            {
                "memory_mb": 138.87109375,
                "cpu_percent": 2.8,
                "timestamp": 1778780029.475817
            },
            {
                "memory_mb": 138.87109375,
                "cpu_percent": 0.0,
                "timestamp": 1778780030.5294967
            },
            {
                "memory_mb": 138.875,
                "cpu_percent": 23.8,
                "timestamp": 1778780031.5779016
            },
            {
                "memory_mb": 138.87890625,
                "cpu_percent": 41.8,
                "timestamp": 1778780032.631692
            },
            {
                "memory_mb": 138.875,
                "cpu_percent": 62.9,
                "timestamp": 1778780033.6805415
            },
            {
                "memory_mb": 138.87109375,
                "cpu_percent": 3.8,
                "timestamp": 1778780034.7342935
            },
            {
                "memory_mb": 138.87109375,
                "cpu_percent": 0.0,
                "timestamp": 1778780035.7873971
            },
            {
                "memory_mb": 138.87890625,
                "cpu_percent": 2.8,
                "timestamp": 1778780036.8412335
            },
            {
                "memory_mb": 140.8671875,
                "cpu_percent": 54.3,
                "timestamp": 1778780037.8906848
            },
            {
                "memory_mb": 138.87109375,
                "cpu_percent": 17.1,
                "timestamp": 1778780038.9451194
            },
            {
                "memory_mb": 138.87109375,
                "cpu_percent": 0.0,
                "timestamp": 1778780039.9981656
            },
            {
                "memory_mb": 138.87109375,
                "cpu_percent": 0.0,
                "timestamp": 1778780041.0517113
            },
            {
                "memory_mb": 138.87890625,
                "cpu_percent": 66.6,
                "timestamp": 1778780042.1027884
            },
            {
                "memory_mb": 140.86328125,
                "cpu_percent": 4.7,
                "timestamp": 1778780043.157239
            },
            {
                "memory_mb": 138.87109375,
                "cpu_percent": 2.8,
                "timestamp": 1778780044.2109268
            },
            {
                "memory_mb": 138.87109375,
                "cpu_percent": 0.0,
                "timestamp": 1778780045.2646444
            },
            {
                "memory_mb": 138.87109375,
                "cpu_percent": 0.0,
                "timestamp": 1778780046.3188822
            },
            {
                "memory_mb": 138.87890625,
                "cpu_percent": 65.4,
                "timestamp": 1778780047.373739
            },
            {
                "memory_mb": 138.875,
                "cpu_percent": 38.1,
                "timestamp": 1778780048.422805
            },
            {
                "memory_mb": 138.87109375,
                "cpu_percent": 28.5,
                "timestamp": 1778780049.4765902
            },
            {
                "memory_mb": 138.87109375,
                "cpu_percent": 0.0,
                "timestamp": 1778780050.5305986
            },
            {
                "memory_mb": 138.87890625,
                "cpu_percent": 1.9,
                "timestamp": 1778780051.5852506
            },
            {
                "memory_mb": 140.8671875,
                "cpu_percent": 30.5,
                "timestamp": 1778780052.6340342
            },
            {
                "memory_mb": 138.875,
                "cpu_percent": 41.8,
                "timestamp": 1778780053.6878471
            },
            {
                "memory_mb": 138.875,
                "cpu_percent": 0.0,
                "timestamp": 1778780054.7416978
            },
            {
                "memory_mb": 138.875,
                "cpu_percent": 0.0,
                "timestamp": 1778780055.7955341
            },
            {
                "memory_mb": 138.87890625,
                "cpu_percent": 48.6,
                "timestamp": 1778780056.8451874
            },
            {
                "memory_mb": 138.8828125,
                "cpu_percent": 23.7,
                "timestamp": 1778780057.8995388
            },
            {
                "memory_mb": 138.875,
                "cpu_percent": 3.8,
                "timestamp": 1778780058.9535005
            },
            {
                "memory_mb": 138.875,
                "cpu_percent": 0.0,
                "timestamp": 1778780060.0074134
            },
            {
                "memory_mb": 138.875,
                "cpu_percent": 0.0,
                "timestamp": 1778780061.0611594
            },
            {
                "memory_mb": 138.8828125,
                "cpu_percent": 66.4,
                "timestamp": 1778780062.1145935
            },
            {
                "memory_mb": 138.87890625,
                "cpu_percent": 11.4,
                "timestamp": 1778780063.163681
            },
            {
                "memory_mb": 138.875,
                "cpu_percent": 56.9,
                "timestamp": 1778780064.217997
            },
            {
                "memory_mb": 138.875,
                "cpu_percent": 0.0,
                "timestamp": 1778780065.2718637
            },
            {
                "memory_mb": 138.875,
                "cpu_percent": 0.0,
                "timestamp": 1778780066.325094
            },
            {
                "memory_mb": 140.87109375,
                "cpu_percent": 7.6,
                "timestamp": 1778780067.3786817
            },
            {
                "memory_mb": 140.8671875,
                "cpu_percent": 63.6,
                "timestamp": 1778780068.4325287
            },
            {
                "memory_mb": 138.875,
                "cpu_percent": 1.9,
                "timestamp": 1778780069.487012
            },
            {
                "memory_mb": 138.875,
                "cpu_percent": 0.0,
                "timestamp": 1778780070.5409093
            },
            {
                "memory_mb": 138.87890625,
                "cpu_percent": 22.9,
                "timestamp": 1778780071.58938
            },
            {
                "memory_mb": 138.8828125,
                "cpu_percent": 46.5,
                "timestamp": 1778780072.6432495
            },
            {
                "memory_mb": 140.8671875,
                "cpu_percent": 2.8,
                "timestamp": 1778780073.6975725
            },
            {
                "memory_mb": 138.875,
                "cpu_percent": 1.9,
                "timestamp": 1778780074.7514355
            },
            {
                "memory_mb": 138.875,
                "cpu_percent": 0.0,
                "timestamp": 1778780075.8050966
            },
            {
                "memory_mb": 138.875,
                "cpu_percent": 0.0,
                "timestamp": 1778780076.4042675
            }
        ]
    }
}
