{
    "active_periods": [
        {
            "start": 1778779775.631531,
            "end": 1778780078.363463,
            "duration_sec": 302.73193192481995,
            "tasks_completed": 120,
            "throughput_tps": 0.3963902956553676
        }
    ],
    "history": [
        {
            "timestamp": 1778779775.631531,
            "messages": 0,
            "ack": 14386
        },
        {
            "timestamp": 1778779780.639598,
            "messages": 0,
            "ack": 14388
        },
        {
            "timestamp": 1778779785.646296,
            "messages": 0,
            "ack": 14389
        },
        {
            "timestamp": 1778779790.653727,
            "messages": 0,
            "ack": 14392
        },
        {
            "timestamp": 1778779795.659635,
            "messages": 0,
            "ack": 14392
        },
        {
            "timestamp": 1778779800.666169,
            "messages": 2,
            "ack": 14396
        },
        {
            "timestamp": 1778779805.671587,
            "messages": 0,
            "ack": 14397
        },
        {
            "timestamp": 1778779810.676855,
            "messages": 0,
            "ack": 14400
        },
        {
            "timestamp": 1778779815.682953,
            "messages": 0,
            "ack": 14401
        },
        {
            "timestamp": 1778779820.689013,
            "messages": 0,
            "ack": 14404
        },
        {
            "timestamp": 1778779825.694811,
            "messages": 0,
            "ack": 14406
        },
        {
            "timestamp": 1778779830.699795,
            "messages": 0,
            "ack": 14407
        },
        {
            "timestamp": 1778779835.704678,
            "messages": 0,
            "ack": 14410
        },
        {
            "timestamp": 1778779840.710216,
            "messages": 0,
            "ack": 14412
        },
        {
            "timestamp": 1778779845.715955,
            "messages": 0,
            "ack": 14413
        },
        {
            "timestamp": 1778779850.721575,
            "messages": 0,
            "ack": 14416
        },
        {
            "timestamp": 1778779855.726233,
            "messages": 0,
            "ack": 14418
        },
        {
            "timestamp": 1778779860.731784,
            "messages": 0,
            "ack": 14419
        },
        {
            "timestamp": 1778779865.737735,
            "messages": 0,
            "ack": 14420
        },
        {
            "timestamp": 1778779870.742766,
            "messages": 0,
            "ack": 14424
        },
        {
            "timestamp": 1778779875.747703,
            "messages": 0,
            "ack": 14425
        },
        {
            "timestamp": 1778779880.752952,
            "messages": 0,
            "ack": 14426
        },
        {
            "timestamp": 1778779885.758785,
            "messages": 0,
            "ack": 14428
        },
        {
            "timestamp": 1778779890.764233,
            "messages": 0,
            "ack": 14430
        },
        {
            "timestamp": 1778779895.769048,
            "messages": 0,
            "ack": 14433
        },
        {
            "timestamp": 1778779900.776323,
            "messages": 0,
            "ack": 14434
        },
        {
            "timestamp": 1778779905.782135,
            "messages": 0,
            "ack": 14437
        },
        {
            "timestamp": 1778779910.787373,
            "messages": 0,
            "ack": 14438
        },
        {
            "timestamp": 1778779915.792419,
            "messages": 0,
            "ack": 14440
        },
        {
            "timestamp": 1778779920.798259,
            "messages": 0,
            "ack": 14443
        },
        {
            "timestamp": 1778779925.804202,
            "messages": 0,
            "ack": 14444
        },
        {
            "timestamp": 1778779930.809639,
            "messages": 0,
            "ack": 14446
        },
        {
            "timestamp": 1778779935.816067,
            "messages": 0,
            "ack": 14449
        },
        {
            "timestamp": 1778779940.822971,
            "messages": 0,
            "ack": 14450
        },
        {
            "timestamp": 1778779945.82898,
            "messages": 0,
            "ack": 14452
        },
        {
            "timestamp": 1778779950.834635,
            "messages": 0,
            "ack": 14455
        },
        {
            "timestamp": 1778779955.840777,
            "messages": 0,
            "ack": 14456
        },
        {
            "timestamp": 1778779960.846273,
            "messages": 0,
            "ack": 14458
        },
        {
            "timestamp": 1778779965.852093,
            "messages": 0,
            "ack": 14460
        },
        {
            "timestamp": 1778779970.857614,
            "messages": 0,
            "ack": 14462
        },
        {
            "timestamp": 1778779975.862953,
            "messages": 0,
            "ack": 14464
        },
        {
            "timestamp": 1778779980.868825,
            "messages": 0,
            "ack": 14466
        },
        {
            "timestamp": 1778779985.874118,
            "messages": 0,
            "ack": 14468
        },
        {
            "timestamp": 1778779990.879069,
            "messages": 0,
            "ack": 14470
        },
        {
            "timestamp": 1778779995.883985,
            "messages": 0,
            "ack": 14472
        },
        {
            "timestamp": 1778780000.889791,
            "messages": 0,
            "ack": 14474
        },
        {
            "timestamp": 1778780005.894776,
            "messages": 0,
            "ack": 14476
        },
        {
            "timestamp": 1778780010.900251,
            "messages": 0,
            "ack": 14478
        },
        {
            "timestamp": 1778780015.905581,
            "messages": 0,
            "ack": 14480
        },
        {
            "timestamp": 1778780020.911811,
            "messages": 0,
            "ack": 14482
        },
        {
            "timestamp": 1778780025.916953,
            "messages": 0,
            "ack": 14484
        },
        {
            "timestamp": 1778780030.92296,
            "messages": 0,
            "ack": 14486
        },
        {
            "timestamp": 1778780035.928384,
            "messages": 0,
            "ack": 14488
        },
        {
            "timestamp": 1778780040.934052,
            "messages": 0,
            "ack": 14490
        },
        {
            "timestamp": 1778780045.940142,
            "messages": 0,
            "ack": 14492
        },
        {
            "timestamp": 1778780050.946103,
            "messages": 0,
            "ack": 14494
        },
        {
            "timestamp": 1778780055.951687,
            "messages": 0,
            "ack": 14496
        },
        {
            "timestamp": 1778780060.958403,
            "messages": 0,
            "ack": 14498
        },
        {
            "timestamp": 1778780065.964616,
            "messages": 0,
            "ack": 14500
        },
        {
            "timestamp": 1778780070.970023,
            "messages": 0,
            "ack": 14502
        },
        {
            "timestamp": 1778780075.975328,
            "messages": 0,
            "ack": 14504
        },
        {
            "timestamp": 1778780078.35643,
            "messages": 0,
            "ack": 14506
        }
    ]
}