{
    "active_periods": [
        {
            "start": 1778777814.493811,
            "end": 1778778117.364835,
            "duration_sec": 302.8710241317749,
            "tasks_completed": 477,
            "throughput_tps": 1.574927814132738
        }
    ],
    "history": [
        {
            "timestamp": 1778777814.493811,
            "messages": 0,
            "ack": 13079
        },
        {
            "timestamp": 1778777819.501461,
            "messages": 8,
            "ack": 13079
        },
        {
            "timestamp": 1778777824.508388,
            "messages": 8,
            "ack": 13087
        },
        {
            "timestamp": 1778777829.513163,
            "messages": 8,
            "ack": 13096
        },
        {
            "timestamp": 1778777834.518547,
            "messages": 3,
            "ack": 13103
        },
        {
            "timestamp": 1778777839.523987,
            "messages": 3,
            "ack": 13113
        },
        {
            "timestamp": 1778777844.529015,
            "messages": 3,
            "ack": 13120
        },
        {
            "timestamp": 1778777849.534712,
            "messages": 3,
            "ack": 13127
        },
        {
            "timestamp": 1778777854.539777,
            "messages": 2,
            "ack": 13137
        },
        {
            "timestamp": 1778777859.545793,
            "messages": 2,
            "ack": 13144
        },
        {
            "timestamp": 1778777864.551259,
            "messages": 3,
            "ack": 13151
        },
        {
            "timestamp": 1778777869.556551,
            "messages": 2,
            "ack": 13161
        },
        {
            "timestamp": 1778777874.561548,
            "messages": 3,
            "ack": 13168
        },
        {
            "timestamp": 1778777879.567251,
            "messages": 3,
            "ack": 13175
        },
        {
            "timestamp": 1778777884.572985,
            "messages": 2,
            "ack": 13185
        },
        {
            "timestamp": 1778777889.578791,
            "messages": 2,
            "ack": 13192
        },
        {
            "timestamp": 1778777894.584822,
            "messages": 3,
            "ack": 13199
        },
        {
            "timestamp": 1778777899.590436,
            "messages": 2,
            "ack": 13209
        },
        {
            "timestamp": 1778777904.596633,
            "messages": 3,
            "ack": 13216
        },
        {
            "timestamp": 1778777909.602081,
            "messages": 3,
            "ack": 13223
        },
        {
            "timestamp": 1778777914.607621,
            "messages": 2,
            "ack": 13229
        },
        {
            "timestamp": 1778777919.61235,
            "messages": 2,
            "ack": 13238
        },
        {
            "timestamp": 1778777924.618265,
            "messages": 3,
            "ack": 13247
        },
        {
            "timestamp": 1778777929.624789,
            "messages": 2,
            "ack": 13253
        },
        {
            "timestamp": 1778777934.630687,
            "messages": 3,
            "ack": 13262
        },
        {
            "timestamp": 1778777939.635243,
            "messages": 3,
            "ack": 13271
        },
        {
            "timestamp": 1778777944.641871,
            "messages": 2,
            "ack": 13277
        },
        {
            "timestamp": 1778777949.648128,
            "messages": 2,
            "ack": 13286
        },
        {
            "timestamp": 1778777954.65403,
            "messages": 3,
            "ack": 13295
        },
        {
            "timestamp": 1778777959.659999,
            "messages": 2,
            "ack": 13301
        },
        {
            "timestamp": 1778777964.666714,
            "messages": 3,
            "ack": 13310
        },
        {
            "timestamp": 1778777969.673071,
            "messages": 3,
            "ack": 13319
        },
        {
            "timestamp": 1778777974.677978,
            "messages": 2,
            "ack": 13325
        },
        {
            "timestamp": 1778777979.683789,
            "messages": 2,
            "ack": 13334
        },
        {
            "timestamp": 1778777984.689001,
            "messages": 3,
            "ack": 13340
        },
        {
            "timestamp": 1778777989.694864,
            "messages": 2,
            "ack": 13349
        },
        {
            "timestamp": 1778777994.700444,
            "messages": 3,
            "ack": 13358
        },
        {
            "timestamp": 1778777999.706554,
            "messages": 3,
            "ack": 13364
        },
        {
            "timestamp": 1778778004.711894,
            "messages": 2,
            "ack": 13373
        },
        {
            "timestamp": 1778778009.717371,
            "messages": 2,
            "ack": 13382
        },
        {
            "timestamp": 1778778014.724541,
            "messages": 3,
            "ack": 13388
        },
        {
            "timestamp": 1778778019.729704,
            "messages": 2,
            "ack": 13397
        },
        {
            "timestamp": 1778778024.735178,
            "messages": 3,
            "ack": 13407
        },
        {
            "timestamp": 1778778029.740383,
            "messages": 3,
            "ack": 13414
        },
        {
            "timestamp": 1778778034.747177,
            "messages": 3,
            "ack": 13423
        },
        {
            "timestamp": 1778778039.75262,
            "messages": 3,
            "ack": 13428
        },
        {
            "timestamp": 1778778044.759471,
            "messages": 3,
            "ack": 13438
        },
        {
            "timestamp": 1778778049.766324,
            "messages": 3,
            "ack": 13447
        },
        {
            "timestamp": 1778778054.771142,
            "messages": 3,
            "ack": 13452
        },
        {
            "timestamp": 1778778059.777342,
            "messages": 3,
            "ack": 13463
        },
        {
            "timestamp": 1778778064.78328,
            "messages": 2,
            "ack": 13469
        },
        {
            "timestamp": 1778778069.78866,
            "messages": 2,
            "ack": 13477
        },
        {
            "timestamp": 1778778074.794875,
            "messages": 3,
            "ack": 13485
        },
        {
            "timestamp": 1778778079.800913,
            "messages": 2,
            "ack": 13493
        },
        {
            "timestamp": 1778778084.806396,
            "messages": 3,
            "ack": 13502
        },
        {
            "timestamp": 1778778089.811154,
            "messages": 3,
            "ack": 13508
        },
        {
            "timestamp": 1778778094.817863,
            "messages": 2,
            "ack": 13517
        },
        {
            "timestamp": 1778778099.824456,
            "messages": 2,
            "ack": 13526
        },
        {
            "timestamp": 1778778104.829991,
            "messages": 3,
            "ack": 13532
        },
        {
            "timestamp": 1778778109.835529,
            "messages": 2,
            "ack": 13541
        },
        {
            "timestamp": 1778778114.840762,
            "messages": 3,
            "ack": 13550
        },
        {
            "timestamp": 1778778117.357754,
            "messages": 3,
            "ack": 13556
        }
    ]
}