Процесс: 113623
УПРАВЛЯЮЩИЙ ПРОЦЕСС
Родитель: 13546
Создан: 2026-04-26T21:14:48.510000
Последний замер: 2026-04-26T21:19:51.074431
Время жизни: 302.564431 сек
voluntary_ctxt_switches: 1787
nonvoluntary_ctxt_switches: 242
jiffies: 182.0
avg_cpu_load: 0.5 %
avg_memory_mb: 42.8 MB


Процесс: 113630
Родитель: 113623
Создан: 2026-04-26T21:14:48.950000
Последний замер: 2026-04-26T21:15:30.356781
Время жизни: 41.406781 сек
voluntary_ctxt_switches: 20
nonvoluntary_ctxt_switches: 327
jiffies: 208.0
avg_cpu_load: 5.1 %
avg_memory_mb: 75.1 MB

Среднее latency: 2.05
Средний runtime: 1.94
Всего задач: 4
Задач по типам: cpu_intensive - 3; memory_intensive - 1

Процесс: 113631
Родитель: 113623
Создан: 2026-04-26T21:14:48.980000
Последний замер: 2026-04-26T21:15:30.356988
Время жизни: 41.376988 сек
voluntary_ctxt_switches: 19
nonvoluntary_ctxt_switches: 312
jiffies: 191.0
avg_cpu_load: 4.7 %
avg_memory_mb: 95.2 MB

Среднее latency: 2.01
Средний runtime: 1.89
Всего задач: 4
Задач по типам: cpu_intensive - 3; memory_intensive - 1

Процесс: 113632
Родитель: 113623
Создан: 2026-04-26T21:14:49
Последний замер: 2026-04-26T21:15:30.357192
Время жизни: 41.357192 сек
voluntary_ctxt_switches: 21
nonvoluntary_ctxt_switches: 299
jiffies: 192.0
avg_cpu_load: 4.7 %
avg_memory_mb: 75.1 MB

Среднее latency: 2.01
Средний runtime: 1.89
Всего задач: 4
Задач по типам: cpu_intensive - 3; memory_intensive - 1

Процесс: 113639
Родитель: 113623
Создан: 2026-04-26T21:14:49.020000
Последний замер: 2026-04-26T21:15:30.357504
Время жизни: 41.337504 сек
voluntary_ctxt_switches: 20
nonvoluntary_ctxt_switches: 419
jiffies: 204.0
avg_cpu_load: 5.0 %
avg_memory_mb: 95.2 MB

Среднее latency: 2.13
Средний runtime: 2.01
Всего задач: 4
Задач по типам: cpu_intensive - 3; memory_intensive - 1

Процесс: 113642
Родитель: 113623
Создан: 2026-04-26T21:14:50.090000
Последний замер: 2026-04-26T21:15:59.829448
Время жизни: 69.739448 сек
voluntary_ctxt_switches: 36
nonvoluntary_ctxt_switches: 619
jiffies: 353.0
avg_cpu_load: 4.9 %
avg_memory_mb: 106.9 MB

Среднее latency: 2.03
Средний runtime: 1.96
Всего задач: 7
Задач по типам: cpu_intensive - 5; memory_intensive - 2

Процесс: 113643
Родитель: 113623
Создан: 2026-04-26T21:14:50.130000
Последний замер: 2026-04-26T21:15:59.829668
Время жизни: 69.699668 сек
voluntary_ctxt_switches: 46
nonvoluntary_ctxt_switches: 458
jiffies: 282.0
avg_cpu_load: 4.0 %
avg_memory_mb: 118.5 MB

Среднее latency: 1.96
Средний runtime: 1.89
Всего задач: 7
Задач по типам: memory_intensive - 3; cpu_intensive - 4

Процесс: 113644
Родитель: 113623
Создан: 2026-04-26T21:14:50.150000
Последний замер: 2026-04-26T21:15:59.829875
Время жизни: 69.679875 сек
voluntary_ctxt_switches: 45
nonvoluntary_ctxt_switches: 402
jiffies: 277.0
avg_cpu_load: 4.0 %
avg_memory_mb: 118.5 MB

Среднее latency: 1.93
Средний runtime: 1.85
Всего задач: 7
Задач по типам: memory_intensive - 3; cpu_intensive - 4

Процесс: 113645
Родитель: 113623
Создан: 2026-04-26T21:14:50.180000
Последний замер: 2026-04-26T21:16:00.886228
Время жизни: 70.706228 сек
voluntary_ctxt_switches: 37
nonvoluntary_ctxt_switches: 506
jiffies: 334.0
avg_cpu_load: 4.7 %
avg_memory_mb: 95.3 MB

Среднее latency: 1.95
Средний runtime: 1.88
Всего задач: 7
Задач по типам: cpu_intensive - 5; memory_intensive - 2

Процесс: 113791
Родитель: 113623
Создан: 2026-04-26T21:15:29.950000
Последний замер: 2026-04-26T21:16:30.335291
Время жизни: 60.385291 сек
voluntary_ctxt_switches: 46
nonvoluntary_ctxt_switches: 252
jiffies: 212.0
avg_cpu_load: 3.5 %
avg_memory_mb: 119.0 MB

Среднее latency: 1.82
Средний runtime: 1.79
Всего задач: 6
Задач по типам: memory_intensive - 3; cpu_intensive - 3

Процесс: 113792
Родитель: 113623
Создан: 2026-04-26T21:15:29.970000
Последний замер: 2026-04-26T21:16:30.335509
Время жизни: 60.365509 сек
voluntary_ctxt_switches: 24
nonvoluntary_ctxt_switches: 226
jiffies: 329.0
avg_cpu_load: 4.9 %
avg_memory_mb: 77.1 MB

Среднее latency: 1.8
Средний runtime: 1.76
Всего задач: 6
Задач по типам: cpu_intensive - 5; memory_intensive - 1

Процесс: 113793
Родитель: 113623
Создан: 2026-04-26T21:15:30
Последний замер: 2026-04-26T21:16:30.335727
Время жизни: 60.335727 сек
voluntary_ctxt_switches: 45
nonvoluntary_ctxt_switches: 126
jiffies: 208.0
avg_cpu_load: 3.4 %
avg_memory_mb: 119.0 MB

Среднее latency: 1.74
Средний runtime: 1.71
Всего задач: 6
Задач по типам: memory_intensive - 3; cpu_intensive - 3

Процесс: 113794
Родитель: 113623
Создан: 2026-04-26T21:15:30.030000
Последний замер: 2026-04-26T21:16:30.335931
Время жизни: 60.305931 сек
voluntary_ctxt_switches: 23
nonvoluntary_ctxt_switches: 520
jiffies: 318.0
avg_cpu_load: 5.3 %
avg_memory_mb: 77.1 MB

Среднее latency: 1.93
Средний runtime: 1.89
Всего задач: 6
Задач по типам: cpu_intensive - 5; memory_intensive - 1

Процесс: 113867
Родитель: 113623
Создан: 2026-04-26T21:15:59.970000
Последний замер: 2026-04-26T21:17:10.312932
Время жизни: 70.342932 сек
voluntary_ctxt_switches: 36
nonvoluntary_ctxt_switches: 506
jiffies: 329.0
avg_cpu_load: 4.7 %
avg_memory_mb: 107.5 MB

Среднее latency: 1.93
Средний runtime: 1.86
Всего задач: 7
Задач по типам: cpu_intensive - 5; memory_intensive - 2

Процесс: 113868
Родитель: 113623
Создан: 2026-04-26T21:16:00
Последний замер: 2026-04-26T21:17:10.313231
Время жизни: 70.313231 сек
voluntary_ctxt_switches: 38
nonvoluntary_ctxt_switches: 486
jiffies: 327.0
avg_cpu_load: 4.7 %
avg_memory_mb: 83.7 MB

Среднее latency: 1.88
Средний runtime: 1.85
Всего задач: 7
Задач по типам: cpu_intensive - 5; memory_intensive - 2

Процесс: 113869
Родитель: 113623
Создан: 2026-04-26T21:16:00.030000
Последний замер: 2026-04-26T21:17:10.313442
Время жизни: 70.283442 сек
voluntary_ctxt_switches: 38
nonvoluntary_ctxt_switches: 465
jiffies: 336.0
avg_cpu_load: 3.9 %
avg_memory_mb: 95.4 MB

Среднее latency: 1.87
Средний runtime: 1.83
Всего задач: 7
Задач по типам: cpu_intensive - 5; memory_intensive - 2

Процесс: 113870
Родитель: 113623
Создан: 2026-04-26T21:16:00.060000
Последний замер: 2026-04-26T21:17:10.313665
Время жизни: 70.253665 сек
voluntary_ctxt_switches: 46
nonvoluntary_ctxt_switches: 272
jiffies: 274.0
avg_cpu_load: 3.9 %
avg_memory_mb: 119.5 MB

Среднее latency: 1.81
Средний runtime: 1.77
Всего задач: 7
Задач по типам: memory_intensive - 3; cpu_intensive - 4

Процесс: 113888
Родитель: 113623
Создан: 2026-04-26T21:16:29.990000
Последний замер: 2026-04-26T21:17:40.804148
Время жизни: 70.814148 сек
voluntary_ctxt_switches: 46
nonvoluntary_ctxt_switches: 553
jiffies: 272.0
avg_cpu_load: 3.9 %
avg_memory_mb: 118.7 MB

Среднее latency: 1.94
Средний runtime: 1.89
Всего задач: 7
Задач по типам: memory_intensive - 3; cpu_intensive - 4

Процесс: 113889
Родитель: 113623
Создан: 2026-04-26T21:16:30.030000
Последний замер: 2026-04-26T21:17:40.804358
Время жизни: 70.774358 сек
voluntary_ctxt_switches: 35
nonvoluntary_ctxt_switches: 581
jiffies: 323.0
avg_cpu_load: 4.6 %
avg_memory_mb: 106.9 MB

Среднее latency: 1.92
Средний runtime: 1.89
Всего задач: 7
Задач по типам: cpu_intensive - 5; memory_intensive - 2

Процесс: 113890
Родитель: 113623
Создан: 2026-04-26T21:16:30.080000
Последний замер: 2026-04-26T21:17:40.804564
Время жизни: 70.724564 сек
voluntary_ctxt_switches: 45
nonvoluntary_ctxt_switches: 343
jiffies: 268.0
avg_cpu_load: 3.8 %
avg_memory_mb: 118.7 MB

Среднее latency: 1.84
Средний runtime: 1.8
Всего задач: 7
Задач по типам: memory_intensive - 3; cpu_intensive - 4

Процесс: 113891
Родитель: 113623
Создан: 2026-04-26T21:16:30.130000
Последний замер: 2026-04-26T21:17:40.804783
Время жизни: 70.674783 сек
voluntary_ctxt_switches: 35
nonvoluntary_ctxt_switches: 341
jiffies: 321.0
avg_cpu_load: 4.6 %
avg_memory_mb: 95.1 MB

Среднее latency: 1.82
Средний runtime: 1.77
Всего задач: 7
Задач по типам: cpu_intensive - 5; memory_intensive - 2

Процесс: 113978
Родитель: 113623
Создан: 2026-04-26T21:17:09.970000
Последний замер: 2026-04-26T21:18:10.259499
Время жизни: 60.289499 сек
voluntary_ctxt_switches: 33
nonvoluntary_ctxt_switches: 400
jiffies: 268.0
avg_cpu_load: 4.1 %
avg_memory_mb: 90.8 MB

Среднее latency: 1.86
Средний runtime: 1.83
Всего задач: 6
Задач по типам: cpu_intensive - 4; memory_intensive - 2

Процесс: 113979
Родитель: 113623
Создан: 2026-04-26T21:17:10.010000
Последний замер: 2026-04-26T21:18:10.259718
Время жизни: 60.249718 сек
voluntary_ctxt_switches: 34
nonvoluntary_ctxt_switches: 326
jiffies: 269.0
avg_cpu_load: 4.5 %
avg_memory_mb: 118.3 MB

Среднее latency: 1.85
Средний runtime: 1.82
Всего задач: 6
Задач по типам: memory_intensive - 2; cpu_intensive - 4

Процесс: 113980
Родитель: 113623
Создан: 2026-04-26T21:17:10.040000
Последний замер: 2026-04-26T21:18:10.259924
Время жизни: 60.219924 сек
voluntary_ctxt_switches: 33
nonvoluntary_ctxt_switches: 466
jiffies: 261.0
avg_cpu_load: 4.3 %
avg_memory_mb: 118.3 MB

Среднее latency: 1.91
Средний runtime: 1.88
Всего задач: 6
Задач по типам: memory_intensive - 2; cpu_intensive - 4

Процесс: 113981
Родитель: 113623
Создан: 2026-04-26T21:17:10.070000
Последний замер: 2026-04-26T21:18:10.260129
Время жизни: 60.190129 сек
voluntary_ctxt_switches: 34
nonvoluntary_ctxt_switches: 346
jiffies: 262.0
avg_cpu_load: 4.2 %
avg_memory_mb: 104.7 MB

Среднее latency: 1.86
Средний runtime: 1.82
Всего задач: 6
Задач по типам: cpu_intensive - 4; memory_intensive - 2

Процесс: 114058
Родитель: 113623
Создан: 2026-04-26T21:17:40.030000
Последний замер: 2026-04-26T21:18:40.796097
Время жизни: 60.766097 сек
voluntary_ctxt_switches: 24
nonvoluntary_ctxt_switches: 558
jiffies: 317.0
avg_cpu_load: 4.7 %
avg_memory_mb: 77.6 MB

Среднее latency: 1.96
Средний runtime: 1.91
Всего задач: 6
Задач по типам: cpu_intensive - 5; memory_intensive - 1

Процесс: 114059
Родитель: 113623
Создан: 2026-04-26T21:17:40.070000
Последний замер: 2026-04-26T21:18:40.796304
Время жизни: 60.726304 сек
voluntary_ctxt_switches: 36
nonvoluntary_ctxt_switches: 333
jiffies: 264.0
avg_cpu_load: 4.4 %
avg_memory_mb: 91.5 MB

Среднее latency: 1.86
Средний runtime: 1.82
Всего задач: 6
Задач по типам: cpu_intensive - 4; memory_intensive - 2

Процесс: 114060
Родитель: 113623
Создан: 2026-04-26T21:17:40.120000
Последний замер: 2026-04-26T21:18:40.796509
Время жизни: 60.676509 сек
voluntary_ctxt_switches: 33
nonvoluntary_ctxt_switches: 251
jiffies: 264.0
avg_cpu_load: 4.4 %
avg_memory_mb: 105.4 MB

Среднее latency: 1.82
Средний runtime: 1.77
Всего задач: 6
Задач по типам: cpu_intensive - 4; memory_intensive - 2

Процесс: 114061
Родитель: 113623
Создан: 2026-04-26T21:17:40.180000
Последний замер: 2026-04-26T21:18:40.796725
Время жизни: 60.616725 сек
voluntary_ctxt_switches: 44
nonvoluntary_ctxt_switches: 359
jiffies: 212.0
avg_cpu_load: 3.5 %
avg_memory_mb: 119.1 MB

Среднее latency: 1.89
Средний runtime: 1.84
Всего задач: 6
Задач по типам: memory_intensive - 3; cpu_intensive - 3

Процесс: 114074
Родитель: 113623
Создан: 2026-04-26T21:18:10.050000
Последний замер: 2026-04-26T21:19:10.248460
Время жизни: 60.19846 сек
voluntary_ctxt_switches: 44
nonvoluntary_ctxt_switches: 364
jiffies: 206.0
avg_cpu_load: 3.4 %
avg_memory_mb: 118.4 MB

Среднее latency: 1.89
Средний runtime: 1.85
Всего задач: 6
Задач по типам: memory_intensive - 3; cpu_intensive - 3

Процесс: 114075
Родитель: 113623
Создан: 2026-04-26T21:18:10.070000
Последний замер: 2026-04-26T21:19:10.248677
Время жизни: 60.178677 сек
voluntary_ctxt_switches: 49
nonvoluntary_ctxt_switches: 177
jiffies: 211.0
avg_cpu_load: 3.5 %
avg_memory_mb: 118.5 MB

Среднее latency: 1.79
Средний runtime: 1.75
Всего задач: 6
Задач по типам: memory_intensive - 3; cpu_intensive - 3

Процесс: 114076
Родитель: 113623
Создан: 2026-04-26T21:18:10.110000
Последний замер: 2026-04-26T21:19:10.248884
Время жизни: 60.138884 сек
voluntary_ctxt_switches: 26
nonvoluntary_ctxt_switches: 375
jiffies: 328.0
avg_cpu_load: 5.3 %
avg_memory_mb: 76.7 MB

Среднее latency: 1.87
Средний runtime: 1.83
Всего задач: 6
Задач по типам: cpu_intensive - 5; memory_intensive - 1

Процесс: 114077
Родитель: 113623
Создан: 2026-04-26T21:18:10.140000
Последний замер: 2026-04-26T21:19:10.249088
Время жизни: 60.109088 сек
voluntary_ctxt_switches: 26
nonvoluntary_ctxt_switches: 550
jiffies: 323.0
avg_cpu_load: 5.2 %
avg_memory_mb: 76.7 MB

Среднее latency: 1.98
Средний runtime: 1.94
Всего задач: 6
Задач по типам: cpu_intensive - 5; memory_intensive - 1

Процесс: 114165
Родитель: 113623
Создан: 2026-04-26T21:18:40.100000
Последний замер: 2026-04-26T21:19:40.752988
Время жизни: 60.652988 сек
voluntary_ctxt_switches: 24
nonvoluntary_ctxt_switches: 546
jiffies: 329.0
avg_cpu_load: 5.0 %
avg_memory_mb: 77.6 MB

Среднее latency: 1.98
Средний runtime: 1.93
Всего задач: 6
Задач по типам: cpu_intensive - 5; memory_intensive - 1

Процесс: 114166
Родитель: 113623
Создан: 2026-04-26T21:18:40.160000
Последний замер: 2026-04-26T21:19:40.753195
Время жизни: 60.593195 сек
voluntary_ctxt_switches: 34
nonvoluntary_ctxt_switches: 341
jiffies: 269.0
avg_cpu_load: 4.5 %
avg_memory_mb: 91.5 MB

Среднее latency: 1.87
Средний runtime: 1.82
Всего задач: 6
Задач по типам: cpu_intensive - 4; memory_intensive - 2

Процесс: 114167
Родитель: 113623
Создан: 2026-04-26T21:18:40.220000
Последний замер: 2026-04-26T21:19:40.753403
Время жизни: 60.533403 сек
voluntary_ctxt_switches: 33
nonvoluntary_ctxt_switches: 244
jiffies: 266.0
avg_cpu_load: 4.4 %
avg_memory_mb: 105.2 MB

Среднее latency: 1.83
Средний runtime: 1.78
Всего задач: 6
Задач по типам: cpu_intensive - 4; memory_intensive - 2

Процесс: 114168
Родитель: 113623
Создан: 2026-04-26T21:18:40.250000
Последний замер: 2026-04-26T21:19:40.753619
Время жизни: 60.503619 сек
voluntary_ctxt_switches: 43
nonvoluntary_ctxt_switches: 443
jiffies: 211.0
avg_cpu_load: 3.5 %
avg_memory_mb: 118.9 MB

Среднее latency: 1.95
Средний runtime: 1.9
Всего задач: 6
Задач по типам: memory_intensive - 3; cpu_intensive - 3

Процесс: 114189
Родитель: 113623
Создан: 2026-04-26T21:19:10.100000
Последний замер: 2026-04-26T21:19:51.076231
Время жизни: 40.976231 сек
voluntary_ctxt_switches: 30
nonvoluntary_ctxt_switches: 317
jiffies: 140.0
avg_cpu_load: 3.4 %
avg_memory_mb: 117.7 MB

Среднее latency: 1.97
Средний runtime: 1.92
Всего задач: 4
Задач по типам: memory_intensive - 2; cpu_intensive - 2

Процесс: 114190
Родитель: 113623
Создан: 2026-04-26T21:19:10.120000
Последний замер: 2026-04-26T21:19:51.076441
Время жизни: 40.956441 сек
voluntary_ctxt_switches: 30
nonvoluntary_ctxt_switches: 178
jiffies: 140.0
avg_cpu_load: 3.4 %
avg_memory_mb: 117.6 MB

Среднее latency: 1.86
Средний runtime: 1.81
Всего задач: 4
Задач по типам: memory_intensive - 2; cpu_intensive - 2

Процесс: 114191
Родитель: 113623
Создан: 2026-04-26T21:19:10.150000
Последний замер: 2026-04-26T21:19:51.076661
Время жизни: 40.926661 сек
voluntary_ctxt_switches: 20
nonvoluntary_ctxt_switches: 283
jiffies: 204.0
avg_cpu_load: 4.8 %
avg_memory_mb: 57.2 MB

Среднее latency: 1.96
Средний runtime: 1.9
Всего задач: 4
Задач по типам: cpu_intensive - 3; memory_intensive - 1

Процесс: 114192
Родитель: 113623
Создан: 2026-04-26T21:19:10.180000
Последний замер: 2026-04-26T21:19:51.076867
Время жизни: 40.896867 сек
voluntary_ctxt_switches: 19
nonvoluntary_ctxt_switches: 153
jiffies: 204.0
avg_cpu_load: 4.8 %
avg_memory_mb: 57.5 MB

Среднее latency: 1.85
Средний runtime: 1.79
Всего задач: 4
Задач по типам: cpu_intensive - 3; memory_intensive - 1

Процесс: 114279
Родитель: 113623
Создан: 2026-04-26T21:19:40.150000
Последний замер: 2026-04-26T21:19:51.077071
Время жизни: 10.927071 сек
voluntary_ctxt_switches: 3
nonvoluntary_ctxt_switches: 74
jiffies: 65.0
avg_cpu_load: 2.9 %
avg_memory_mb: 36.6 MB

Среднее latency: 2.18
Средний runtime: 1.86
Всего задач: 1
Задач по типам: cpu_intensive - 1

Процесс: 114280
Родитель: 113623
Создан: 2026-04-26T21:19:40.220000
Последний замер: 2026-04-26T21:19:51.077281
Время жизни: 10.857281 сек
voluntary_ctxt_switches: 3
nonvoluntary_ctxt_switches: 8
jiffies: 64.0
avg_cpu_load: 6.1 %
avg_memory_mb: 36.6 MB

Среднее latency: 1.98
Средний runtime: 1.66
Всего задач: 1
Задач по типам: cpu_intensive - 1

Процесс: 114281
Родитель: 113623
Создан: 2026-04-26T21:19:40.270000
Последний замер: 2026-04-26T21:19:51.077485
Время жизни: 10.807485 сек
voluntary_ctxt_switches: 3
nonvoluntary_ctxt_switches: 17
jiffies: 67.0
avg_cpu_load: 6.4 %
avg_memory_mb: 36.6 MB

Среднее latency: 2.03
Средний runtime: 1.71
Всего задач: 1
Задач по типам: cpu_intensive - 1

Процесс: 114282
Родитель: 113623
Создан: 2026-04-26T21:19:40.330000
Последний замер: 2026-04-26T21:19:51.077702
Время жизни: 10.747702 сек
voluntary_ctxt_switches: 12
nonvoluntary_ctxt_switches: 18
jiffies: 10.0
avg_cpu_load: 0.7 %
avg_memory_mb: 115.8 MB

Среднее latency: 2.08
Средний runtime: 1.76
Всего задач: 1
Задач по типам: memory_intensive - 1

