{
    "active_periods": [
        {
            "start": 1777183726.697431,
            "end": 1777184029.387677,
            "duration_sec": 302.6902458667755,
            "tasks_completed": 120,
            "throughput_tps": 0.3964448859472537
        }
    ],
    "history": [
        {
            "timestamp": 1777183726.697431,
            "messages": 0,
            "ack": 47148
        },
        {
            "timestamp": 1777183731.705843,
            "messages": 0,
            "ack": 47148
        },
        {
            "timestamp": 1777183736.711913,
            "messages": 0,
            "ack": 47152
        },
        {
            "timestamp": 1777183741.717252,
            "messages": 0,
            "ack": 47152
        },
        {
            "timestamp": 1777183746.722185,
            "messages": 0,
            "ack": 47156
        },
        {
            "timestamp": 1777183751.728903,
            "messages": 0,
            "ack": 47156
        },
        {
            "timestamp": 1777183756.734304,
            "messages": 0,
            "ack": 47160
        },
        {
            "timestamp": 1777183761.739251,
            "messages": 0,
            "ack": 47160
        },
        {
            "timestamp": 1777183766.745102,
            "messages": 0,
            "ack": 47164
        },
        {
            "timestamp": 1777183771.751499,
            "messages": 0,
            "ack": 47164
        },
        {
            "timestamp": 1777183776.758128,
            "messages": 0,
            "ack": 47168
        },
        {
            "timestamp": 1777183781.76352,
            "messages": 0,
            "ack": 47168
        },
        {
            "timestamp": 1777183786.768352,
            "messages": 0,
            "ack": 47172
        },
        {
            "timestamp": 1777183791.773138,
            "messages": 0,
            "ack": 47172
        },
        {
            "timestamp": 1777183796.778869,
            "messages": 0,
            "ack": 47176
        },
        {
            "timestamp": 1777183801.784085,
            "messages": 0,
            "ack": 47176
        },
        {
            "timestamp": 1777183806.789855,
            "messages": 0,
            "ack": 47180
        },
        {
            "timestamp": 1777183811.795381,
            "messages": 0,
            "ack": 47180
        },
        {
            "timestamp": 1777183816.801979,
            "messages": 0,
            "ack": 47184
        },
        {
            "timestamp": 1777183821.808142,
            "messages": 0,
            "ack": 47184
        },
        {
            "timestamp": 1777183826.814458,
            "messages": 0,
            "ack": 47188
        },
        {
            "timestamp": 1777183831.81972,
            "messages": 0,
            "ack": 47188
        },
        {
            "timestamp": 1777183836.825047,
            "messages": 0,
            "ack": 47192
        },
        {
            "timestamp": 1777183841.831285,
            "messages": 0,
            "ack": 47192
        },
        {
            "timestamp": 1777183846.836883,
            "messages": 0,
            "ack": 47196
        },
        {
            "timestamp": 1777183851.842584,
            "messages": 0,
            "ack": 47196
        },
        {
            "timestamp": 1777183856.848017,
            "messages": 0,
            "ack": 47200
        },
        {
            "timestamp": 1777183861.854037,
            "messages": 0,
            "ack": 47200
        },
        {
            "timestamp": 1777183866.85931,
            "messages": 0,
            "ack": 47204
        },
        {
            "timestamp": 1777183871.864578,
            "messages": 0,
            "ack": 47204
        },
        {
            "timestamp": 1777183876.869958,
            "messages": 0,
            "ack": 47208
        },
        {
            "timestamp": 1777183881.875358,
            "messages": 0,
            "ack": 47208
        },
        {
            "timestamp": 1777183886.88082,
            "messages": 0,
            "ack": 47212
        },
        {
            "timestamp": 1777183891.886566,
            "messages": 0,
            "ack": 47212
        },
        {
            "timestamp": 1777183896.891972,
            "messages": 0,
            "ack": 47216
        },
        {
            "timestamp": 1777183901.897129,
            "messages": 0,
            "ack": 47216
        },
        {
            "timestamp": 1777183906.903361,
            "messages": 0,
            "ack": 47220
        },
        {
            "timestamp": 1777183911.909065,
            "messages": 0,
            "ack": 47220
        },
        {
            "timestamp": 1777183916.9152,
            "messages": 0,
            "ack": 47224
        },
        {
            "timestamp": 1777183921.920661,
            "messages": 0,
            "ack": 47224
        },
        {
            "timestamp": 1777183926.925095,
            "messages": 0,
            "ack": 47228
        },
        {
            "timestamp": 1777183931.931419,
            "messages": 0,
            "ack": 47228
        },
        {
            "timestamp": 1777183936.937078,
            "messages": 0,
            "ack": 47232
        },
        {
            "timestamp": 1777183941.942509,
            "messages": 0,
            "ack": 47232
        },
        {
            "timestamp": 1777183946.947671,
            "messages": 0,
            "ack": 47236
        },
        {
            "timestamp": 1777183951.953725,
            "messages": 0,
            "ack": 47236
        },
        {
            "timestamp": 1777183956.960022,
            "messages": 0,
            "ack": 47240
        },
        {
            "timestamp": 1777183961.965903,
            "messages": 0,
            "ack": 47244
        },
        {
            "timestamp": 1777183966.971005,
            "messages": 0,
            "ack": 47244
        },
        {
            "timestamp": 1777183971.976825,
            "messages": 0,
            "ack": 47248
        },
        {
            "timestamp": 1777183976.982171,
            "messages": 0,
            "ack": 47248
        },
        {
            "timestamp": 1777183981.988936,
            "messages": 0,
            "ack": 47252
        },
        {
            "timestamp": 1777183986.994019,
            "messages": 0,
            "ack": 47252
        },
        {
            "timestamp": 1777183991.99909,
            "messages": 0,
            "ack": 47256
        },
        {
            "timestamp": 1777183997.004832,
            "messages": 0,
            "ack": 47256
        },
        {
            "timestamp": 1777184002.010123,
            "messages": 0,
            "ack": 47260
        },
        {
            "timestamp": 1777184007.01557,
            "messages": 0,
            "ack": 47260
        },
        {
            "timestamp": 1777184012.020429,
            "messages": 0,
            "ack": 47264
        },
        {
            "timestamp": 1777184017.025084,
            "messages": 0,
            "ack": 47264
        },
        {
            "timestamp": 1777184022.031417,
            "messages": 0,
            "ack": 47268
        },
        {
            "timestamp": 1777184027.037082,
            "messages": 0,
            "ack": 47268
        },
        {
            "timestamp": 1777184029.372483,
            "messages": 0,
            "ack": 47268
        }
    ]
}