Процесс: 52696
УПРАВЛЯЮЩИЙ ПРОЦЕСС
Родитель: 13546
Создан: 2026-04-26T09:08:44.910000
Последний замер: 2026-04-26T09:13:47.403101
Время жизни: 302.493101 сек
voluntary_ctxt_switches: 1518
nonvoluntary_ctxt_switches: 5
jiffies: 69.0
avg_cpu_load: 0.1 %
avg_memory_mb: 42.8 MB


Процесс: 52703
Родитель: 52696
Создан: 2026-04-26T09:08:45.330000
Последний замер: 2026-04-26T09:13:47.403319
Время жизни: 302.073319 сек
voluntary_ctxt_switches: 161
nonvoluntary_ctxt_switches: 225
jiffies: 1339.0
avg_cpu_load: 4.4 %
avg_memory_mb: 115.5 MB

Среднее latency: 1.67
Средний runtime: 1.65
Всего задач: 30
Задач по типам: memory_intensive - 10; cpu_intensive - 20

Процесс: 52704
Родитель: 52696
Создан: 2026-04-26T09:08:45.350000
Последний замер: 2026-04-26T09:13:47.403524
Время жизни: 302.053524 сек
voluntary_ctxt_switches: 161
nonvoluntary_ctxt_switches: 189
jiffies: 1327.0
avg_cpu_load: 4.4 %
avg_memory_mb: 107.3 MB

Среднее latency: 1.67
Средний runtime: 1.65
Всего задач: 30
Задач по типам: cpu_intensive - 20; memory_intensive - 10

Процесс: 52705
Родитель: 52696
Создан: 2026-04-26T09:08:45.380000
Последний замер: 2026-04-26T09:13:47.403739
Время жизни: 302.023739 сек
voluntary_ctxt_switches: 161
nonvoluntary_ctxt_switches: 159
jiffies: 1310.0
avg_cpu_load: 4.3 %
avg_memory_mb: 112.9 MB

Среднее latency: 1.66
Средний runtime: 1.64
Всего задач: 30
Задач по типам: cpu_intensive - 20; memory_intensive - 10

Процесс: 52706
Родитель: 52696
Создан: 2026-04-26T09:08:45.400000
Последний замер: 2026-04-26T09:13:47.403942
Время жизни: 302.003942 сек
voluntary_ctxt_switches: 161
nonvoluntary_ctxt_switches: 208
jiffies: 1319.0
avg_cpu_load: 4.4 %
avg_memory_mb: 107.3 MB

Среднее latency: 1.66
Средний runtime: 1.64
Всего задач: 30
Задач по типам: cpu_intensive - 20; memory_intensive - 10

