{
    "active_periods": [
        {
            "start": 1777168000.149063,
            "end": 1777168302.847341,
            "duration_sec": 302.69827795028687,
            "tasks_completed": 1291,
            "throughput_tps": 4.26497305746822
        }
    ],
    "history": [
        {
            "timestamp": 1777168000.149063,
            "messages": 0,
            "ack": 24566
        },
        {
            "timestamp": 1777168005.156815,
            "messages": 8,
            "ack": 24574
        },
        {
            "timestamp": 1777168010.16199,
            "messages": 16,
            "ack": 24596
        },
        {
            "timestamp": 1777168015.166507,
            "messages": 19,
            "ack": 24615
        },
        {
            "timestamp": 1777168020.171472,
            "messages": 22,
            "ack": 24637
        },
        {
            "timestamp": 1777168025.176445,
            "messages": 24,
            "ack": 24660
        },
        {
            "timestamp": 1777168030.182155,
            "messages": 25,
            "ack": 24682
        },
        {
            "timestamp": 1777168035.187529,
            "messages": 35,
            "ack": 24704
        },
        {
            "timestamp": 1777168040.191509,
            "messages": 35,
            "ack": 24725
        },
        {
            "timestamp": 1777168045.197106,
            "messages": 37,
            "ack": 24747
        },
        {
            "timestamp": 1777168050.202204,
            "messages": 38,
            "ack": 24769
        },
        {
            "timestamp": 1777168055.207075,
            "messages": 40,
            "ack": 24791
        },
        {
            "timestamp": 1777168060.211963,
            "messages": 50,
            "ack": 24813
        },
        {
            "timestamp": 1777168065.216454,
            "messages": 53,
            "ack": 24833
        },
        {
            "timestamp": 1777168070.221812,
            "messages": 53,
            "ack": 24855
        },
        {
            "timestamp": 1777168075.22609,
            "messages": 55,
            "ack": 24878
        },
        {
            "timestamp": 1777168080.230971,
            "messages": 56,
            "ack": 24899
        },
        {
            "timestamp": 1777168085.235605,
            "messages": 56,
            "ack": 24921
        },
        {
            "timestamp": 1777168090.240795,
            "messages": 67,
            "ack": 24942
        },
        {
            "timestamp": 1777168095.245441,
            "messages": 68,
            "ack": 24965
        },
        {
            "timestamp": 1777168100.25006,
            "messages": 70,
            "ack": 24987
        },
        {
            "timestamp": 1777168105.255041,
            "messages": 72,
            "ack": 25010
        },
        {
            "timestamp": 1777168110.259764,
            "messages": 74,
            "ack": 25031
        },
        {
            "timestamp": 1777168115.265357,
            "messages": 83,
            "ack": 25051
        },
        {
            "timestamp": 1777168120.270824,
            "messages": 84,
            "ack": 25075
        },
        {
            "timestamp": 1777168125.275137,
            "messages": 86,
            "ack": 25097
        },
        {
            "timestamp": 1777168130.281103,
            "messages": 88,
            "ack": 25118
        },
        {
            "timestamp": 1777168135.287355,
            "messages": 92,
            "ack": 25139
        },
        {
            "timestamp": 1777168140.291447,
            "messages": 93,
            "ack": 25161
        },
        {
            "timestamp": 1777168145.297051,
            "messages": 101,
            "ack": 25182
        },
        {
            "timestamp": 1777168150.301924,
            "messages": 104,
            "ack": 25205
        },
        {
            "timestamp": 1777168155.307107,
            "messages": 105,
            "ack": 25227
        },
        {
            "timestamp": 1777168160.312432,
            "messages": 106,
            "ack": 25247
        },
        {
            "timestamp": 1777168165.316809,
            "messages": 108,
            "ack": 25269
        },
        {
            "timestamp": 1777168170.32224,
            "messages": 110,
            "ack": 25292
        },
        {
            "timestamp": 1777168175.327933,
            "messages": 121,
            "ack": 25314
        },
        {
            "timestamp": 1777168180.333721,
            "messages": 122,
            "ack": 25337
        },
        {
            "timestamp": 1777168185.33856,
            "messages": 123,
            "ack": 25355
        },
        {
            "timestamp": 1777168190.343191,
            "messages": 123,
            "ack": 25379
        },
        {
            "timestamp": 1777168195.348207,
            "messages": 134,
            "ack": 25401
        },
        {
            "timestamp": 1777168200.353349,
            "messages": 138,
            "ack": 25423
        },
        {
            "timestamp": 1777168205.359872,
            "messages": 138,
            "ack": 25443
        },
        {
            "timestamp": 1777168210.364998,
            "messages": 140,
            "ack": 25466
        },
        {
            "timestamp": 1777168215.370071,
            "messages": 141,
            "ack": 25488
        },
        {
            "timestamp": 1777168220.376104,
            "messages": 152,
            "ack": 25509
        },
        {
            "timestamp": 1777168225.381767,
            "messages": 154,
            "ack": 25532
        },
        {
            "timestamp": 1777168230.386866,
            "messages": 155,
            "ack": 25554
        },
        {
            "timestamp": 1777168235.39193,
            "messages": 156,
            "ack": 25576
        },
        {
            "timestamp": 1777168240.397316,
            "messages": 158,
            "ack": 25596
        },
        {
            "timestamp": 1777168245.40296,
            "messages": 160,
            "ack": 25619
        },
        {
            "timestamp": 1777168250.40835,
            "messages": 169,
            "ack": 25640
        },
        {
            "timestamp": 1777168255.413488,
            "messages": 171,
            "ack": 25663
        },
        {
            "timestamp": 1777168260.418102,
            "messages": 172,
            "ack": 25683
        },
        {
            "timestamp": 1777168265.424137,
            "messages": 173,
            "ack": 25706
        },
        {
            "timestamp": 1777168270.429895,
            "messages": 176,
            "ack": 25727
        },
        {
            "timestamp": 1777168275.434955,
            "messages": 186,
            "ack": 25749
        },
        {
            "timestamp": 1777168280.440639,
            "messages": 189,
            "ack": 25769
        },
        {
            "timestamp": 1777168285.446864,
            "messages": 189,
            "ack": 25793
        },
        {
            "timestamp": 1777168290.452308,
            "messages": 189,
            "ack": 25815
        },
        {
            "timestamp": 1777168295.457513,
            "messages": 191,
            "ack": 25835
        },
        {
            "timestamp": 1777168300.462097,
            "messages": 192,
            "ack": 25857
        },
        {
            "timestamp": 1777168302.824148,
            "messages": 192,
            "ack": 25857
        }
    ]
}