{
    "292758": {
        "ppid": "254983",
        "name": "celery",
        "cmdline": "/home/experimenter/projects/celery-autoscale/.venv/bin/python3 /home/experimenter/projects/celery-autoscale/.venv/bin/celery -A celery_app worker --loglevel=INFO --concurrency=4 --pool=gevent",
        "create_time": "2026-05-14T21:13:06.890000",
        "last_update": "2026-05-14T21:18:08.685328",
        "voluntary_ctxt_switches": 2208,
        "nonvoluntary_ctxt_switches": 1080,
        "jiffies": 11900,
        "stats": [
            {
                "memory_mb": 48.3203125,
                "cpu_percent": 0.0,
                "timestamp": 1778782387.9601638
            },
            {
                "memory_mb": 48.74609375,
                "cpu_percent": 39.1,
                "timestamp": 1778782389.008782
            },
            {
                "memory_mb": 113.00390625,
                "cpu_percent": 33.3,
                "timestamp": 1778782390.0603864
            },
            {
                "memory_mb": 140.24609375,
                "cpu_percent": 80.2,
                "timestamp": 1778782391.107798
            },
            {
                "memory_mb": 140.2421875,
                "cpu_percent": 51.3,
                "timestamp": 1778782392.1595385
            },
            {
                "memory_mb": 139.47265625,
                "cpu_percent": 2.8,
                "timestamp": 1778782393.2124414
            },
            {
                "memory_mb": 139.4765625,
                "cpu_percent": 83.0,
                "timestamp": 1778782394.2611148
            },
            {
                "memory_mb": 139.48046875,
                "cpu_percent": 52.3,
                "timestamp": 1778782395.31305
            },
            {
                "memory_mb": 140.8828125,
                "cpu_percent": 55.4,
                "timestamp": 1778782396.3604312
            },
            {
                "memory_mb": 130.58203125,
                "cpu_percent": 20.9,
                "timestamp": 1778782397.412315
            },
            {
                "memory_mb": 130.59375,
                "cpu_percent": 5.7,
                "timestamp": 1778782398.459614
            },
            {
                "memory_mb": 131.45703125,
                "cpu_percent": 71.6,
                "timestamp": 1778782399.5077753
            },
            {
                "memory_mb": 204.22265625,
                "cpu_percent": 67.5,
                "timestamp": 1778782400.5591414
            },
            {
                "memory_mb": 230.2578125,
                "cpu_percent": 7.6,
                "timestamp": 1778782401.6111186
            },
            {
                "memory_mb": 230.2578125,
                "cpu_percent": 0.0,
                "timestamp": 1778782402.662795
            },
            {
                "memory_mb": 230.26171875,
                "cpu_percent": 29.6,
                "timestamp": 1778782403.71045
            },
            {
                "memory_mb": 230.2734375,
                "cpu_percent": 39.9,
                "timestamp": 1778782404.7619328
            },
            {
                "memory_mb": 230.36328125,
                "cpu_percent": 69.7,
                "timestamp": 1778782405.8094275
            },
            {
                "memory_mb": 230.359375,
                "cpu_percent": 69.4,
                "timestamp": 1778782406.8614333
            },
            {
                "memory_mb": 226.04296875,
                "cpu_percent": 2.8,
                "timestamp": 1778782407.9162304
            },
            {
                "memory_mb": 226.046875,
                "cpu_percent": 52.5,
                "timestamp": 1778782408.9636
            },
            {
                "memory_mb": 226.05859375,
                "cpu_percent": 80.8,
                "timestamp": 1778782410.0155773
            },
            {
                "memory_mb": 226.05078125,
                "cpu_percent": 28.6,
                "timestamp": 1778782411.0643008
            },
            {
                "memory_mb": 218.4453125,
                "cpu_percent": 43.7,
                "timestamp": 1778782412.1161418
            },
            {
                "memory_mb": 218.4453125,
                "cpu_percent": 0.0,
                "timestamp": 1778782413.1671202
            },
            {
                "memory_mb": 218.4609375,
                "cpu_percent": 67.5,
                "timestamp": 1778782414.2190928
            },
            {
                "memory_mb": 218.453125,
                "cpu_percent": 69.5,
                "timestamp": 1778782415.2701528
            },
            {
                "memory_mb": 232.328125,
                "cpu_percent": 4.8,
                "timestamp": 1778782416.3221052
            },
            {
                "memory_mb": 230.265625,
                "cpu_percent": 4.8,
                "timestamp": 1778782417.373955
            },
            {
                "memory_mb": 230.26953125,
                "cpu_percent": 1.9,
                "timestamp": 1778782418.4289446
            },
            {
                "memory_mb": 230.28125,
                "cpu_percent": 65.6,
                "timestamp": 1778782419.4807408
            },
            {
                "memory_mb": 230.37109375,
                "cpu_percent": 43.0,
                "timestamp": 1778782420.5281715
            },
            {
                "memory_mb": 230.36328125,
                "cpu_percent": 96.4,
                "timestamp": 1778782421.5760467
            },
            {
                "memory_mb": 227.17578125,
                "cpu_percent": 2.9,
                "timestamp": 1778782422.6272566
            },
            {
                "memory_mb": 227.1796875,
                "cpu_percent": 23.9,
                "timestamp": 1778782423.674163
            },
            {
                "memory_mb": 227.1875,
                "cpu_percent": 99.3,
                "timestamp": 1778782424.7219152
            },
            {
                "memory_mb": 227.1875,
                "cpu_percent": 15.2,
                "timestamp": 1778782425.7735693
            },
            {
                "memory_mb": 221.82421875,
                "cpu_percent": 69.4,
                "timestamp": 1778782426.8255832
            },
            {
                "memory_mb": 221.82421875,
                "cpu_percent": 0.0,
                "timestamp": 1778782427.8775933
            },
            {
                "memory_mb": 221.8359375,
                "cpu_percent": 47.7,
                "timestamp": 1778782428.925069
            },
            {
                "memory_mb": 221.83984375,
                "cpu_percent": 72.5,
                "timestamp": 1778782429.972857
            },
            {
                "memory_mb": 232.3359375,
                "cpu_percent": 23.8,
                "timestamp": 1778782431.024637
            },
            {
                "memory_mb": 230.26953125,
                "cpu_percent": 4.8,
                "timestamp": 1778782432.0765169
            },
            {
                "memory_mb": 230.26953125,
                "cpu_percent": 0.0,
                "timestamp": 1778782433.1286335
            },
            {
                "memory_mb": 230.28515625,
                "cpu_percent": 66.8,
                "timestamp": 1778782434.1770437
            },
            {
                "memory_mb": 230.375,
                "cpu_percent": 14.3,
                "timestamp": 1778782435.2247078
            },
            {
                "memory_mb": 230.37109375,
                "cpu_percent": 99.3,
                "timestamp": 1778782436.272503
            },
            {
                "memory_mb": 228.6015625,
                "cpu_percent": 32.3,
                "timestamp": 1778782437.3249543
            },
            {
                "memory_mb": 228.6015625,
                "cpu_percent": 1.0,
                "timestamp": 1778782438.3773115
            },
            {
                "memory_mb": 228.61328125,
                "cpu_percent": 93.5,
                "timestamp": 1778782439.4259546
            },
            {
                "memory_mb": 228.61328125,
                "cpu_percent": 41.8,
                "timestamp": 1778782440.477993
            },
            {
                "memory_mb": 228.609375,
                "cpu_percent": 66.8,
                "timestamp": 1778782441.525606
            },
            {
                "memory_mb": 218.44140625,
                "cpu_percent": 7.6,
                "timestamp": 1778782442.5777755
            },
            {
                "memory_mb": 218.453125,
                "cpu_percent": 17.2,
                "timestamp": 1778782443.624726
            },
            {
                "memory_mb": 218.45703125,
                "cpu_percent": 73.5,
                "timestamp": 1778782444.672417
            },
            {
                "memory_mb": 223.19921875,
                "cpu_percent": 48.5,
                "timestamp": 1778782445.7239153
            },
            {
                "memory_mb": 230.27734375,
                "cpu_percent": 6.7,
                "timestamp": 1778782446.7760775
            },
            {
                "memory_mb": 230.27734375,
                "cpu_percent": 0.0,
                "timestamp": 1778782447.8282812
            },
            {
                "memory_mb": 230.28125,
                "cpu_percent": 42.0,
                "timestamp": 1778782448.875504
            },
            {
                "memory_mb": 230.29296875,
                "cpu_percent": 25.7,
                "timestamp": 1778782449.9275959
            },
            {
                "memory_mb": 230.375,
                "cpu_percent": 83.0,
                "timestamp": 1778782450.975434
            },
            {
                "memory_mb": 230.375,
                "cpu_percent": 55.1,
                "timestamp": 1778782452.0272732
            },
            {
                "memory_mb": 224.72265625,
                "cpu_percent": 2.9,
                "timestamp": 1778782453.0790014
            },
            {
                "memory_mb": 224.7265625,
                "cpu_percent": 64.0,
                "timestamp": 1778782454.1266654
            },
            {
                "memory_mb": 224.734375,
                "cpu_percent": 67.5,
                "timestamp": 1778782455.1782098
            },
            {
                "memory_mb": 224.73046875,
                "cpu_percent": 41.0,
                "timestamp": 1778782456.226219
            },
            {
                "memory_mb": 218.4453125,
                "cpu_percent": 35.2,
                "timestamp": 1778782457.2781436
            },
            {
                "memory_mb": 218.4453125,
                "cpu_percent": 0.0,
                "timestamp": 1778782458.3302238
            },
            {
                "memory_mb": 218.4609375,
                "cpu_percent": 66.6,
                "timestamp": 1778782459.3812191
            },
            {
                "memory_mb": 218.45703125,
                "cpu_percent": 72.2,
                "timestamp": 1778782460.4331734
            },
            {
                "memory_mb": 230.28125,
                "cpu_percent": 8.6,
                "timestamp": 1778782461.4836895
            },
            {
                "memory_mb": 230.28125,
                "cpu_percent": 0.0,
                "timestamp": 1778782462.5357268
            },
            {
                "memory_mb": 230.28515625,
                "cpu_percent": 12.4,
                "timestamp": 1778782463.582294
            },
            {
                "memory_mb": 230.296875,
                "cpu_percent": 53.2,
                "timestamp": 1778782464.6344016
            },
            {
                "memory_mb": 230.38671875,
                "cpu_percent": 55.4,
                "timestamp": 1778782465.682101
            },
            {
                "memory_mb": 230.37890625,
                "cpu_percent": 81.8,
                "timestamp": 1778782466.7340848
            },
            {
                "memory_mb": 227.1875,
                "cpu_percent": 2.9,
                "timestamp": 1778782467.7862148
            },
            {
                "memory_mb": 227.19140625,
                "cpu_percent": 35.3,
                "timestamp": 1778782468.83341
            },
            {
                "memory_mb": 227.203125,
                "cpu_percent": 94.1,
                "timestamp": 1778782469.8850803
            },
            {
                "memory_mb": 227.1953125,
                "cpu_percent": 15.3,
                "timestamp": 1778782470.9326735
            },
            {
                "memory_mb": 218.91015625,
                "cpu_percent": 60.8,
                "timestamp": 1778782471.9848208
            },
            {
                "memory_mb": 218.91015625,
                "cpu_percent": 0.0,
                "timestamp": 1778782473.0372584
            },
            {
                "memory_mb": 218.921875,
                "cpu_percent": 59.2,
                "timestamp": 1778782474.0850842
            },
            {
                "memory_mb": 218.92578125,
                "cpu_percent": 71.6,
                "timestamp": 1778782475.1328597
            },
            {
                "memory_mb": 232.359375,
                "cpu_percent": 14.3,
                "timestamp": 1778782476.1848047
            },
            {
                "memory_mb": 230.29296875,
                "cpu_percent": 4.8,
                "timestamp": 1778782477.2366567
            },
            {
                "memory_mb": 230.29296875,
                "cpu_percent": 0.0,
                "timestamp": 1778782478.2895658
            },
            {
                "memory_mb": 230.30859375,
                "cpu_percent": 64.6,
                "timestamp": 1778782479.342715
            },
            {
                "memory_mb": 230.3046875,
                "cpu_percent": 27.7,
                "timestamp": 1778782480.3900402
            },
            {
                "memory_mb": 230.30078125,
                "cpu_percent": 100.2,
                "timestamp": 1778782481.437481
            },
            {
                "memory_mb": 219.91796875,
                "cpu_percent": 17.1,
                "timestamp": 1778782482.489369
            },
            {
                "memory_mb": 219.921875,
                "cpu_percent": 5.7,
                "timestamp": 1778782483.536461
            },
            {
                "memory_mb": 219.9296875,
                "cpu_percent": 100.2,
                "timestamp": 1778782484.5840468
            },
            {
                "memory_mb": 219.9296875,
                "cpu_percent": 26.6,
                "timestamp": 1778782485.6365454
            },
            {
                "memory_mb": 218.32421875,
                "cpu_percent": 75.1,
                "timestamp": 1778782486.6881518
            },
            {
                "memory_mb": 218.32421875,
                "cpu_percent": 0.0,
                "timestamp": 1778782487.7402105
            },
            {
                "memory_mb": 218.3359375,
                "cpu_percent": 28.6,
                "timestamp": 1778782488.7878551
            },
            {
                "memory_mb": 218.33984375,
                "cpu_percent": 72.5,
                "timestamp": 1778782489.8355756
            },
            {
                "memory_mb": 232.36328125,
                "cpu_percent": 40.9,
                "timestamp": 1778782490.8875856
            },
            {
                "memory_mb": 230.296875,
                "cpu_percent": 4.8,
                "timestamp": 1778782491.939179
            },
            {
                "memory_mb": 230.296875,
                "cpu_percent": 0.0,
                "timestamp": 1778782492.9937887
            },
            {
                "memory_mb": 230.30078125,
                "cpu_percent": 55.4,
                "timestamp": 1778782494.0413318
            },
            {
                "memory_mb": 230.40234375,
                "cpu_percent": 15.2,
                "timestamp": 1778782495.0933201
            },
            {
                "memory_mb": 230.39453125,
                "cpu_percent": 93.6,
                "timestamp": 1778782496.1406581
            },
            {
                "memory_mb": 230.390625,
                "cpu_percent": 45.6,
                "timestamp": 1778782497.1930168
            },
            {
                "memory_mb": 227.12109375,
                "cpu_percent": 1.9,
                "timestamp": 1778782498.2449725
            },
            {
                "memory_mb": 227.1328125,
                "cpu_percent": 76.4,
                "timestamp": 1778782499.2924025
            },
            {
                "memory_mb": 227.13671875,
                "cpu_percent": 57.1,
                "timestamp": 1778782500.3433442
            },
            {
                "memory_mb": 227.13671875,
                "cpu_percent": 51.6,
                "timestamp": 1778782501.3908637
            },
            {
                "memory_mb": 218.125,
                "cpu_percent": 23.8,
                "timestamp": 1778782502.44311
            },
            {
                "memory_mb": 218.12890625,
                "cpu_percent": 0.0,
                "timestamp": 1778782503.4968355
            },
            {
                "memory_mb": 218.140625,
                "cpu_percent": 72.4,
                "timestamp": 1778782504.546321
            },
            {
                "memory_mb": 218.1328125,
                "cpu_percent": 70.3,
                "timestamp": 1778782505.5987496
            },
            {
                "memory_mb": 230.30078125,
                "cpu_percent": 6.7,
                "timestamp": 1778782506.6507266
            },
            {
                "memory_mb": 230.30078125,
                "cpu_percent": 0.0,
                "timestamp": 1778782507.7027535
            },
            {
                "memory_mb": 230.3046875,
                "cpu_percent": 25.8,
                "timestamp": 1778782508.750446
            },
            {
                "memory_mb": 230.31640625,
                "cpu_percent": 41.8,
                "timestamp": 1778782509.8024788
            },
            {
                "memory_mb": 230.40234375,
                "cpu_percent": 66.8,
                "timestamp": 1778782510.8500936
            },
            {
                "memory_mb": 230.3984375,
                "cpu_percent": 69.4,
                "timestamp": 1778782511.9020984
            },
            {
                "memory_mb": 224.5078125,
                "cpu_percent": 2.9,
                "timestamp": 1778782512.9545534
            },
            {
                "memory_mb": 224.51171875,
                "cpu_percent": 46.8,
                "timestamp": 1778782514.002268
            },
            {
                "memory_mb": 224.5234375,
                "cpu_percent": 89.4,
                "timestamp": 1778782515.0541523
            },
            {
                "memory_mb": 224.515625,
                "cpu_percent": 21.0,
                "timestamp": 1778782516.102002
            },
            {
                "memory_mb": 218.125,
                "cpu_percent": 49.4,
                "timestamp": 1778782517.1540787
            },
            {
                "memory_mb": 218.125,
                "cpu_percent": 1.0,
                "timestamp": 1778782518.2058117
            },
            {
                "memory_mb": 218.140625,
                "cpu_percent": 64.7,
                "timestamp": 1778782519.2564821
            },
            {
                "memory_mb": 218.1328125,
                "cpu_percent": 73.4,
                "timestamp": 1778782520.3055642
            },
            {
                "memory_mb": 232.3671875,
                "cpu_percent": 5.7,
                "timestamp": 1778782521.3574038
            },
            {
                "memory_mb": 230.3046875,
                "cpu_percent": 4.8,
                "timestamp": 1778782522.409122
            },
            {
                "memory_mb": 230.3046875,
                "cpu_percent": 0.0,
                "timestamp": 1778782523.460526
            },
            {
                "memory_mb": 230.3203125,
                "cpu_percent": 65.6,
                "timestamp": 1778782524.5126245
            },
            {
                "memory_mb": 230.40625,
                "cpu_percent": 40.0,
                "timestamp": 1778782525.5614402
            },
            {
                "memory_mb": 230.40234375,
                "cpu_percent": 99.3,
                "timestamp": 1778782526.6088793
            },
            {
                "memory_mb": 221.87890625,
                "cpu_percent": 5.7,
                "timestamp": 1778782527.6611185
            },
            {
                "memory_mb": 221.8828125,
                "cpu_percent": 19.1,
                "timestamp": 1778782528.7091315
            },
            {
                "memory_mb": 221.890625,
                "cpu_percent": 99.3,
                "timestamp": 1778782529.756615
            },
            {
                "memory_mb": 221.89453125,
                "cpu_percent": 21.9,
                "timestamp": 1778782530.8088143
            },
            {
                "memory_mb": 218.1328125,
                "cpu_percent": 66.5,
                "timestamp": 1778782531.8612366
            },
            {
                "memory_mb": 218.1328125,
                "cpu_percent": 0.0,
                "timestamp": 1778782532.913501
            },
            {
                "memory_mb": 218.14453125,
                "cpu_percent": 42.0,
                "timestamp": 1778782533.9614787
            },
            {
                "memory_mb": 218.1484375,
                "cpu_percent": 77.2,
                "timestamp": 1778782535.0101104
            },
            {
                "memory_mb": 232.375,
                "cpu_percent": 25.7,
                "timestamp": 1778782536.0624006
            },
            {
                "memory_mb": 230.3125,
                "cpu_percent": 4.8,
                "timestamp": 1778782537.1144469
            },
            {
                "memory_mb": 230.3125,
                "cpu_percent": 0.0,
                "timestamp": 1778782538.1654723
            },
            {
                "memory_mb": 230.31640625,
                "cpu_percent": 65.9,
                "timestamp": 1778782539.213266
            },
            {
                "memory_mb": 230.421875,
                "cpu_percent": 9.5,
                "timestamp": 1778782540.264137
            },
            {
                "memory_mb": 230.4140625,
                "cpu_percent": 100.3,
                "timestamp": 1778782541.3115137
            },
            {
                "memory_mb": 230.40625,
                "cpu_percent": 40.9,
                "timestamp": 1778782542.3624122
            },
            {
                "memory_mb": 230.40625,
                "cpu_percent": 0.0,
                "timestamp": 1778782543.414195
            },
            {
                "memory_mb": 230.41796875,
                "cpu_percent": 88.8,
                "timestamp": 1778782544.4620132
            },
            {
                "memory_mb": 230.41796875,
                "cpu_percent": 45.6,
                "timestamp": 1778782545.5137663
            },
            {
                "memory_mb": 230.4140625,
                "cpu_percent": 64.0,
                "timestamp": 1778782546.5612905
            },
            {
                "memory_mb": 217.99609375,
                "cpu_percent": 10.5,
                "timestamp": 1778782547.6131043
            },
            {
                "memory_mb": 218.0078125,
                "cpu_percent": 12.4,
                "timestamp": 1778782548.6601677
            },
            {
                "memory_mb": 218.01171875,
                "cpu_percent": 71.6,
                "timestamp": 1778782549.70803
            },
            {
                "memory_mb": 223.2421875,
                "cpu_percent": 58.1,
                "timestamp": 1778782550.757553
            },
            {
                "memory_mb": 230.3203125,
                "cpu_percent": 6.7,
                "timestamp": 1778782551.8096254
            },
            {
                "memory_mb": 230.3203125,
                "cpu_percent": 0.0,
                "timestamp": 1778782552.8615324
            },
            {
                "memory_mb": 230.32421875,
                "cpu_percent": 36.3,
                "timestamp": 1778782553.908864
            },
            {
                "memory_mb": 230.3359375,
                "cpu_percent": 34.2,
                "timestamp": 1778782554.960704
            },
            {
                "memory_mb": 230.328125,
                "cpu_percent": 75.4,
                "timestamp": 1778782556.0086362
            },
            {
                "memory_mb": 230.32421875,
                "cpu_percent": 65.6,
                "timestamp": 1778782557.0604334
            },
            {
                "memory_mb": 217.99609375,
                "cpu_percent": 2.9,
                "timestamp": 1778782558.1108923
            },
            {
                "memory_mb": 218.0,
                "cpu_percent": 58.2,
                "timestamp": 1778782559.158239
            },
            {
                "memory_mb": 218.01171875,
                "cpu_percent": 74.2,
                "timestamp": 1778782560.2099457
            },
            {
                "memory_mb": 218.00390625,
                "cpu_percent": 35.3,
                "timestamp": 1778782561.256983
            },
            {
                "memory_mb": 217.99609375,
                "cpu_percent": 35.2,
                "timestamp": 1778782562.30889
            },
            {
                "memory_mb": 217.99609375,
                "cpu_percent": 0.0,
                "timestamp": 1778782563.3608804
            },
            {
                "memory_mb": 218.01171875,
                "cpu_percent": 65.6,
                "timestamp": 1778782564.4134939
            },
            {
                "memory_mb": 218.00390625,
                "cpu_percent": 71.3,
                "timestamp": 1778782565.465362
            },
            {
                "memory_mb": 232.375,
                "cpu_percent": 8.6,
                "timestamp": 1778782566.517129
            },
            {
                "memory_mb": 230.31640625,
                "cpu_percent": 1.0,
                "timestamp": 1778782567.5689435
            },
            {
                "memory_mb": 230.3203125,
                "cpu_percent": 7.6,
                "timestamp": 1778782568.6158757
            },
            {
                "memory_mb": 230.33203125,
                "cpu_percent": 61.1,
                "timestamp": 1778782569.6635256
            },
            {
                "memory_mb": 230.421875,
                "cpu_percent": 47.7,
                "timestamp": 1778782570.7115192
            },
            {
                "memory_mb": 230.4140625,
                "cpu_percent": 92.3,
                "timestamp": 1778782571.7627366
            },
            {
                "memory_mb": 224.03515625,
                "cpu_percent": 1.9,
                "timestamp": 1778782572.8148317
            },
            {
                "memory_mb": 224.0390625,
                "cpu_percent": 29.6,
                "timestamp": 1778782573.8624644
            },
            {
                "memory_mb": 224.046875,
                "cpu_percent": 100.3,
                "timestamp": 1778782574.909562
            },
            {
                "memory_mb": 224.04296875,
                "cpu_percent": 8.6,
                "timestamp": 1778782575.9615788
            },
            {
                "memory_mb": 218.0,
                "cpu_percent": 65.6,
                "timestamp": 1778782577.0141025
            },
            {
                "memory_mb": 218.0,
                "cpu_percent": 0.0,
                "timestamp": 1778782578.0661483
            },
            {
                "memory_mb": 218.01171875,
                "cpu_percent": 53.4,
                "timestamp": 1778782579.1153147
            },
            {
                "memory_mb": 218.015625,
                "cpu_percent": 72.6,
                "timestamp": 1778782580.1627538
            },
            {
                "memory_mb": 232.390625,
                "cpu_percent": 14.3,
                "timestamp": 1778782581.2146254
            },
            {
                "memory_mb": 230.32421875,
                "cpu_percent": 5.7,
                "timestamp": 1778782582.2672844
            },
            {
                "memory_mb": 230.32421875,
                "cpu_percent": 0.0,
                "timestamp": 1778782583.3187454
            },
            {
                "memory_mb": 230.33984375,
                "cpu_percent": 64.6,
                "timestamp": 1778782584.3707216
            },
            {
                "memory_mb": 230.3359375,
                "cpu_percent": 22.0,
                "timestamp": 1778782585.4177423
            },
            {
                "memory_mb": 230.33203125,
                "cpu_percent": 100.2,
                "timestamp": 1778782586.46542
            },
            {
                "memory_mb": 218.6875,
                "cpu_percent": 17.1,
                "timestamp": 1778782587.5173771
            },
            {
                "memory_mb": 218.69140625,
                "cpu_percent": 0.9,
                "timestamp": 1778782588.57126
            },
            {
                "memory_mb": 218.69921875,
                "cpu_percent": 100.2,
                "timestamp": 1778782589.6191049
            },
            {
                "memory_mb": 218.69921875,
                "cpu_percent": 33.3,
                "timestamp": 1778782590.6711059
            },
            {
                "memory_mb": 218.6875,
                "cpu_percent": 69.4,
                "timestamp": 1778782591.7223616
            },
            {
                "memory_mb": 218.6875,
                "cpu_percent": 0.0,
                "timestamp": 1778782592.77491
            },
            {
                "memory_mb": 218.69921875,
                "cpu_percent": 23.9,
                "timestamp": 1778782593.8219316
            },
            {
                "memory_mb": 218.703125,
                "cpu_percent": 75.4,
                "timestamp": 1778782594.8691337
            },
            {
                "memory_mb": 226.20703125,
                "cpu_percent": 44.7,
                "timestamp": 1778782595.9210725
            },
            {
                "memory_mb": 230.328125,
                "cpu_percent": 5.7,
                "timestamp": 1778782596.9732294
            },
            {
                "memory_mb": 230.328125,
                "cpu_percent": 0.0,
                "timestamp": 1778782598.0251122
            },
            {
                "memory_mb": 230.33203125,
                "cpu_percent": 48.7,
                "timestamp": 1778782599.072795
            },
            {
                "memory_mb": 230.34375,
                "cpu_percent": 22.8,
                "timestamp": 1778782600.1247644
            },
            {
                "memory_mb": 230.33984375,
                "cpu_percent": 86.0,
                "timestamp": 1778782601.1718256
            },
            {
                "memory_mb": 230.3359375,
                "cpu_percent": 51.3,
                "timestamp": 1778782602.2237346
            },
            {
                "memory_mb": 218.0078125,
                "cpu_percent": 1.9,
                "timestamp": 1778782603.2757375
            },
            {
                "memory_mb": 218.01953125,
                "cpu_percent": 71.6,
                "timestamp": 1778782604.3238962
            },
            {
                "memory_mb": 218.01953125,
                "cpu_percent": 62.8,
                "timestamp": 1778782605.3756475
            },
            {
                "memory_mb": 218.015625,
                "cpu_percent": 46.8,
                "timestamp": 1778782606.4233546
            },
            {
                "memory_mb": 218.0078125,
                "cpu_percent": 25.7,
                "timestamp": 1778782607.4752562
            },
            {
                "memory_mb": 218.0078125,
                "cpu_percent": 0.0,
                "timestamp": 1778782608.527646
            },
            {
                "memory_mb": 218.0234375,
                "cpu_percent": 69.3,
                "timestamp": 1778782609.580457
            },
            {
                "memory_mb": 218.015625,
                "cpu_percent": 66.7,
                "timestamp": 1778782610.6304264
            },
            {
                "memory_mb": 230.33984375,
                "cpu_percent": 9.6,
                "timestamp": 1778782611.677482
            },
            {
                "memory_mb": 230.33984375,
                "cpu_percent": 0.0,
                "timestamp": 1778782612.7292905
            },
            {
                "memory_mb": 230.34375,
                "cpu_percent": 19.1,
                "timestamp": 1778782613.7769678
            },
            {
                "memory_mb": 230.35546875,
                "cpu_percent": 50.4,
                "timestamp": 1778782614.8290088
            },
            {
                "memory_mb": 230.3515625,
                "cpu_percent": 59.2,
                "timestamp": 1778782615.8770845
            },
            {
                "memory_mb": 230.34375,
                "cpu_percent": 80.8,
                "timestamp": 1778782616.9292226
            },
            {
                "memory_mb": 218.0078125,
                "cpu_percent": 2.9,
                "timestamp": 1778782617.9815032
            },
            {
                "memory_mb": 218.01171875,
                "cpu_percent": 42.0,
                "timestamp": 1778782619.0286484
            },
            {
                "memory_mb": 218.0234375,
                "cpu_percent": 88.4,
                "timestamp": 1778782620.080082
            },
            {
                "memory_mb": 218.01953125,
                "cpu_percent": 21.0,
                "timestamp": 1778782621.1275623
            },
            {
                "memory_mb": 218.01171875,
                "cpu_percent": 53.2,
                "timestamp": 1778782622.1795812
            },
            {
                "memory_mb": 218.01171875,
                "cpu_percent": 0.0,
                "timestamp": 1778782623.2313745
            },
            {
                "memory_mb": 218.0234375,
                "cpu_percent": 64.9,
                "timestamp": 1778782624.2787392
            },
            {
                "memory_mb": 218.01953125,
                "cpu_percent": 69.7,
                "timestamp": 1778782625.3261404
            },
            {
                "memory_mb": 232.40234375,
                "cpu_percent": 5.7,
                "timestamp": 1778782626.3783352
            },
            {
                "memory_mb": 230.33984375,
                "cpu_percent": 4.8,
                "timestamp": 1778782627.4302666
            },
            {
                "memory_mb": 230.33984375,
                "cpu_percent": 0.0,
                "timestamp": 1778782628.4818056
            },
            {
                "memory_mb": 230.35546875,
                "cpu_percent": 68.4,
                "timestamp": 1778782629.534286
            },
            {
                "memory_mb": 230.3515625,
                "cpu_percent": 30.6,
                "timestamp": 1778782630.581593
            },
            {
                "memory_mb": 230.34765625,
                "cpu_percent": 100.2,
                "timestamp": 1778782631.6289883
            },
            {
                "memory_mb": 218.01171875,
                "cpu_percent": 10.5,
                "timestamp": 1778782632.6809464
            },
            {
                "memory_mb": 218.015625,
                "cpu_percent": 11.5,
                "timestamp": 1778782633.7281156
            },
            {
                "memory_mb": 218.0234375,
                "cpu_percent": 100.2,
                "timestamp": 1778782634.7759418
            },
            {
                "memory_mb": 218.0234375,
                "cpu_percent": 20.9,
                "timestamp": 1778782635.827998
            },
            {
                "memory_mb": 218.01171875,
                "cpu_percent": 68.4,
                "timestamp": 1778782636.880042
            },
            {
                "memory_mb": 218.01171875,
                "cpu_percent": 0.0,
                "timestamp": 1778782637.9319105
            },
            {
                "memory_mb": 218.0234375,
                "cpu_percent": 35.3,
                "timestamp": 1778782638.9786675
            },
            {
                "memory_mb": 218.02734375,
                "cpu_percent": 74.5,
                "timestamp": 1778782640.0262108
            },
            {
                "memory_mb": 232.40625,
                "cpu_percent": 35.2,
                "timestamp": 1778782641.0784519
            },
            {
                "memory_mb": 230.34375,
                "cpu_percent": 5.7,
                "timestamp": 1778782642.1306207
            },
            {
                "memory_mb": 230.34375,
                "cpu_percent": 0.0,
                "timestamp": 1778782643.1842625
            },
            {
                "memory_mb": 230.34765625,
                "cpu_percent": 60.1,
                "timestamp": 1778782644.2318485
            },
            {
                "memory_mb": 230.359375,
                "cpu_percent": 11.4,
                "timestamp": 1778782645.2839541
            },
            {
                "memory_mb": 230.3515625,
                "cpu_percent": 98.3,
                "timestamp": 1778782646.3318808
            },
            {
                "memory_mb": 218.01171875,
                "cpu_percent": 41.8,
                "timestamp": 1778782647.3835762
            },
            {
                "memory_mb": 218.01171875,
                "cpu_percent": 1.0,
                "timestamp": 1778782648.4345853
            },
            {
                "memory_mb": 218.0234375,
                "cpu_percent": 82.0,
                "timestamp": 1778782649.4835594
            },
            {
                "memory_mb": 218.0234375,
                "cpu_percent": 54.2,
                "timestamp": 1778782650.535352
            },
            {
                "memory_mb": 218.01953125,
                "cpu_percent": 55.4,
                "timestamp": 1778782651.582879
            },
            {
                "memory_mb": 218.015625,
                "cpu_percent": 20.0,
                "timestamp": 1778782652.6349149
            },
            {
                "memory_mb": 218.02734375,
                "cpu_percent": 5.7,
                "timestamp": 1778782653.681252
            },
            {
                "memory_mb": 218.03125,
                "cpu_percent": 74.5,
                "timestamp": 1778782654.7288108
            },
            {
                "memory_mb": 218.0234375,
                "cpu_percent": 58.1,
                "timestamp": 1778782655.7780268
            },
            {
                "memory_mb": 230.33984375,
                "cpu_percent": 7.6,
                "timestamp": 1778782656.8297572
            },
            {
                "memory_mb": 230.33984375,
                "cpu_percent": 0.0,
                "timestamp": 1778782657.8817117
            },
            {
                "memory_mb": 230.34375,
                "cpu_percent": 29.6,
                "timestamp": 1778782658.9296353
            },
            {
                "memory_mb": 230.35546875,
                "cpu_percent": 40.9,
                "timestamp": 1778782659.9822564
            },
            {
                "memory_mb": 230.35546875,
                "cpu_percent": 68.8,
                "timestamp": 1778782661.029457
            },
            {
                "memory_mb": 230.34765625,
                "cpu_percent": 69.4,
                "timestamp": 1778782662.0812624
            },
            {
                "memory_mb": 218.01953125,
                "cpu_percent": 1.9,
                "timestamp": 1778782663.1331162
            },
            {
                "memory_mb": 218.0234375,
                "cpu_percent": 52.5,
                "timestamp": 1778782664.179976
            },
            {
                "memory_mb": 218.0390625,
                "cpu_percent": 80.8,
                "timestamp": 1778782665.2321463
            },
            {
                "memory_mb": 218.03125,
                "cpu_percent": 29.6,
                "timestamp": 1778782666.2792778
            },
            {
                "memory_mb": 218.0234375,
                "cpu_percent": 46.6,
                "timestamp": 1778782667.331124
            },
            {
                "memory_mb": 218.0234375,
                "cpu_percent": 0.0,
                "timestamp": 1778782668.382375
            },
            {
                "memory_mb": 218.0390625,
                "cpu_percent": 67.5,
                "timestamp": 1778782669.4346437
            },
            {
                "memory_mb": 218.03125,
                "cpu_percent": 67.8,
                "timestamp": 1778782670.4821224
            },
            {
                "memory_mb": 232.4140625,
                "cpu_percent": 4.8,
                "timestamp": 1778782671.5342844
            },
            {
                "memory_mb": 230.34765625,
                "cpu_percent": 4.8,
                "timestamp": 1778782672.5863037
            },
            {
                "memory_mb": 230.3515625,
                "cpu_percent": 0.9,
                "timestamp": 1778782673.641072
            },
            {
                "memory_mb": 230.36328125,
                "cpu_percent": 66.6,
                "timestamp": 1778782674.6923594
            },
            {
                "memory_mb": 230.453125,
                "cpu_percent": 43.9,
                "timestamp": 1778782675.7400765
            },
            {
                "memory_mb": 230.4453125,
                "cpu_percent": 98.4,
                "timestamp": 1778782676.787261
            },
            {
                "memory_mb": 228.41796875,
                "cpu_percent": 1.9,
                "timestamp": 1778782677.839342
            },
            {
                "memory_mb": 228.421875,
                "cpu_percent": 23.9,
                "timestamp": 1778782678.8869405
            },
            {
                "memory_mb": 228.4296875,
                "cpu_percent": 100.3,
                "timestamp": 1778782679.934008
            },
            {
                "memory_mb": 228.4296875,
                "cpu_percent": 14.3,
                "timestamp": 1778782680.986115
            },
            {
                "memory_mb": 218.02734375,
                "cpu_percent": 69.4,
                "timestamp": 1778782682.0375643
            },
            {
                "memory_mb": 218.02734375,
                "cpu_percent": 0.0,
                "timestamp": 1778782683.0891926
            },
            {
                "memory_mb": 218.0390625,
                "cpu_percent": 46.8,
                "timestamp": 1778782684.136732
            },
            {
                "memory_mb": 218.04296875,
                "cpu_percent": 74.5,
                "timestamp": 1778782685.1841288
            },
            {
                "memory_mb": 232.41796875,
                "cpu_percent": 23.8,
                "timestamp": 1778782686.236354
            },
            {
                "memory_mb": 230.35546875,
                "cpu_percent": 5.7,
                "timestamp": 1778782687.2884936
            },
            {
                "memory_mb": 230.35546875,
                "cpu_percent": 0.0,
                "timestamp": 1778782688.34101
            },
            {
                "memory_mb": 230.35546875,
                "cpu_percent": 0.0,
                "timestamp": 1778782688.6853285
            }
        ]
    }
}
