Процесс: 16252
УПРАВЛЯЮЩИЙ ПРОЦЕСС
Родитель: 13546
Создан: 2026-04-26T01:35:26.130000
Последний замер: 2026-04-26T01:40:28.608515
Время жизни: 302.478515 сек
voluntary_ctxt_switches: 1600
nonvoluntary_ctxt_switches: 58
jiffies: 113.0
avg_cpu_load: 0.3 %
avg_memory_mb: 42.8 MB


Процесс: 16259
Родитель: 16252
Создан: 2026-04-26T01:35:26.560000
Последний замер: 2026-04-26T01:36:07.815576
Время жизни: 41.255576 сек
voluntary_ctxt_switches: 19
nonvoluntary_ctxt_switches: 41
jiffies: 191.0
avg_cpu_load: 4.7 %
avg_memory_mb: 75.1 MB

Среднее latency: 1.72
Средний runtime: 1.63
Всего задач: 4
Задач по типам: cpu_intensive - 3; memory_intensive - 1

Процесс: 16260
Родитель: 16252
Создан: 2026-04-26T01:35:26.580000
Последний замер: 2026-04-26T01:36:07.815791
Время жизни: 41.235791 сек
voluntary_ctxt_switches: 19
nonvoluntary_ctxt_switches: 50
jiffies: 195.0
avg_cpu_load: 4.8 %
avg_memory_mb: 75.0 MB

Среднее latency: 1.75
Средний runtime: 1.66
Всего задач: 4
Задач по типам: cpu_intensive - 3; memory_intensive - 1

Процесс: 16329
Родитель: 16252
Создан: 2026-04-26T01:35:27.650000
Последний замер: 2026-04-26T01:36:38.187521
Время жизни: 70.537521 сек
voluntary_ctxt_switches: 35
nonvoluntary_ctxt_switches: 87
jiffies: 328.0
avg_cpu_load: 4.7 %
avg_memory_mb: 107.0 MB

Среднее latency: 1.7
Средний runtime: 1.65
Всего задач: 7
Задач по типам: cpu_intensive - 5; memory_intensive - 2

Процесс: 16330
Родитель: 16252
Создан: 2026-04-26T01:35:27.680000
Последний замер: 2026-04-26T01:36:38.187735
Время жизни: 70.507735 сек
voluntary_ctxt_switches: 45
nonvoluntary_ctxt_switches: 37
jiffies: 273.0
avg_cpu_load: 3.9 %
avg_memory_mb: 118.5 MB

Среднее latency: 1.71
Средний runtime: 1.66
Всего задач: 7
Задач по типам: memory_intensive - 3; cpu_intensive - 4

Процесс: 16335
Родитель: 16252
Создан: 2026-04-26T01:36:07.510000
Последний замер: 2026-04-26T01:37:07.499833
Время жизни: 59.989833 сек
voluntary_ctxt_switches: 33
nonvoluntary_ctxt_switches: 52
jiffies: 273.0
avg_cpu_load: 4.6 %
avg_memory_mb: 104.4 MB

Среднее latency: 1.68
Средний runtime: 1.66
Всего задач: 6
Задач по типам: cpu_intensive - 4; memory_intensive - 2

Процесс: 16336
Родитель: 16252
Создан: 2026-04-26T01:36:07.540000
Последний замер: 2026-04-26T01:37:07.500036
Время жизни: 59.960036 сек
voluntary_ctxt_switches: 32
nonvoluntary_ctxt_switches: 75
jiffies: 267.0
avg_cpu_load: 4.0 %
avg_memory_mb: 104.4 MB

Среднее latency: 1.67
Средний runtime: 1.66
Всего задач: 6
Задач по типам: cpu_intensive - 4; memory_intensive - 2

Процесс: 16401
Родитель: 16252
Создан: 2026-04-26T01:36:37.540000
Последний замер: 2026-04-26T01:37:37.863723
Время жизни: 60.323723 сек
voluntary_ctxt_switches: 34
nonvoluntary_ctxt_switches: 54
jiffies: 264.0
avg_cpu_load: 3.4 %
avg_memory_mb: 91.2 MB

Среднее latency: 1.67
Средний runtime: 1.65
Всего задач: 6
Задач по типам: cpu_intensive - 4; memory_intensive - 2

Процесс: 16402
Родитель: 16252
Создан: 2026-04-26T01:36:37.570000
Последний замер: 2026-04-26T01:37:37.863926
Время жизни: 60.293926 сек
voluntary_ctxt_switches: 32
nonvoluntary_ctxt_switches: 71
jiffies: 266.0
avg_cpu_load: 4.4 %
avg_memory_mb: 118.8 MB

Среднее latency: 1.67
Средний runtime: 1.65
Всего задач: 6
Задач по типам: memory_intensive - 2; cpu_intensive - 4

Процесс: 16406
Родитель: 16252
Создан: 2026-04-26T01:37:07.560000
Последний замер: 2026-04-26T01:38:08.234415
Время жизни: 60.674415 сек
voluntary_ctxt_switches: 34
nonvoluntary_ctxt_switches: 58
jiffies: 271.0
avg_cpu_load: 4.6 %
avg_memory_mb: 105.4 MB

Среднее latency: 1.68
Средний runtime: 1.66
Всего задач: 6
Задач по типам: cpu_intensive - 4; memory_intensive - 2

Процесс: 16407
Родитель: 16252
Создан: 2026-04-26T01:37:07.580000
Последний замер: 2026-04-26T01:38:08.234629
Время жизни: 60.654629 сек
voluntary_ctxt_switches: 32
nonvoluntary_ctxt_switches: 86
jiffies: 273.0
avg_cpu_load: 3.5 %
avg_memory_mb: 105.5 MB

Среднее latency: 1.68
Средний runtime: 1.66
Всего задач: 6
Задач по типам: cpu_intensive - 4; memory_intensive - 2

Процесс: 16472
Родитель: 16252
Создан: 2026-04-26T01:37:37.560000
Последний замер: 2026-04-26T01:38:37.550405
Время жизни: 59.990405 сек
voluntary_ctxt_switches: 34
nonvoluntary_ctxt_switches: 49
jiffies: 272.0
avg_cpu_load: 4.1 %
avg_memory_mb: 104.5 MB

Среднее latency: 1.68
Средний runtime: 1.66
Всего задач: 6
Задач по типам: cpu_intensive - 4; memory_intensive - 2

Процесс: 16473
Родитель: 16252
Создан: 2026-04-26T01:37:37.580000
Последний замер: 2026-04-26T01:38:37.550623
Время жизни: 59.970623 сек
voluntary_ctxt_switches: 32
nonvoluntary_ctxt_switches: 102
jiffies: 273.0
avg_cpu_load: 4.6 %
avg_memory_mb: 118.1 MB

Среднее latency: 1.68
Средний runtime: 1.67
Всего задач: 6
Задач по типам: memory_intensive - 2; cpu_intensive - 4

Процесс: 16477
Родитель: 16252
Создан: 2026-04-26T01:38:07.570000
Последний замер: 2026-04-26T01:39:07.924849
Время жизни: 60.354849 сек
voluntary_ctxt_switches: 23
nonvoluntary_ctxt_switches: 70
jiffies: 339.0
avg_cpu_load: 4.6 %
avg_memory_mb: 104.7 MB

Среднее latency: 1.7
Средний runtime: 1.68
Всего задач: 6
Задач по типам: cpu_intensive - 5; memory_intensive - 1

Процесс: 16478
Родитель: 16252
Создан: 2026-04-26T01:38:07.600000
Последний замер: 2026-04-26T01:39:07.925054
Время жизни: 60.325054 сек
voluntary_ctxt_switches: 33
nonvoluntary_ctxt_switches: 68
jiffies: 268.0
avg_cpu_load: 3.5 %
avg_memory_mb: 91.4 MB

Среднее latency: 1.68
Средний runtime: 1.66
Всего задач: 6
Задач по типам: cpu_intensive - 4; memory_intensive - 2

Процесс: 16543
Родитель: 16252
Создан: 2026-04-26T01:38:37.590000
Последний замер: 2026-04-26T01:39:38.293752
Время жизни: 60.703752 сек
voluntary_ctxt_switches: 33
nonvoluntary_ctxt_switches: 53
jiffies: 271.0
avg_cpu_load: 4.5 %
avg_memory_mb: 91.7 MB

Среднее latency: 1.68
Средний runtime: 1.66
Всего задач: 6
Задач по типам: cpu_intensive - 4; memory_intensive - 2

Процесс: 16544
Родитель: 16252
Создан: 2026-04-26T01:38:37.620000
Последний замер: 2026-04-26T01:39:38.293955
Время жизни: 60.673955 сек
voluntary_ctxt_switches: 42
nonvoluntary_ctxt_switches: 80
jiffies: 216.0
avg_cpu_load: 3.5 %
avg_memory_mb: 119.5 MB

Среднее latency: 1.7
Средний runtime: 1.68
Всего задач: 6
Задач по типам: memory_intensive - 3; cpu_intensive - 3

Процесс: 16553
Родитель: 16252
Создан: 2026-04-26T01:39:07.610000
Последний замер: 2026-04-26T01:40:07.611841
Время жизни: 60.001841 сек
voluntary_ctxt_switches: 23
nonvoluntary_ctxt_switches: 106
jiffies: 315.0
avg_cpu_load: 5.3 %
avg_memory_mb: 76.6 MB

Среднее latency: 1.66
Средний runtime: 1.63
Всего задач: 6
Задач по типам: cpu_intensive - 5; memory_intensive - 1

Процесс: 16554
Родитель: 16252
Создан: 2026-04-26T01:39:07.660000
Последний замер: 2026-04-26T01:40:07.612044
Время жизни: 59.952044 сек
voluntary_ctxt_switches: 44
nonvoluntary_ctxt_switches: 65
jiffies: 220.0
avg_cpu_load: 3.7 %
avg_memory_mb: 118.4 MB

Среднее latency: 1.7
Средний runtime: 1.68
Всего задач: 6
Задач по типам: memory_intensive - 3; cpu_intensive - 3

Процесс: 16619
Родитель: 16252
Создан: 2026-04-26T01:39:37.610000
Последний замер: 2026-04-26T01:40:28.609009
Время жизни: 50.999009 сек
voluntary_ctxt_switches: 31
nonvoluntary_ctxt_switches: 80
jiffies: 213.0
avg_cpu_load: 3.0 %
avg_memory_mb: 102.8 MB

Среднее latency: 1.72
Средний runtime: 1.7
Всего задач: 5
Задач по типам: cpu_intensive - 3; memory_intensive - 2

Процесс: 16620
Родитель: 16252
Создан: 2026-04-26T01:39:37.630000
Последний замер: 2026-04-26T01:40:28.609213
Время жизни: 50.979213 сек
voluntary_ctxt_switches: 21
nonvoluntary_ctxt_switches: 26
jiffies: 263.0
avg_cpu_load: 3.9 %
avg_memory_mb: 86.6 MB

Среднее latency: 1.68
Средний runtime: 1.65
Всего задач: 5
Задач по типам: cpu_intensive - 4; memory_intensive - 1

Процесс: 16624
Родитель: 16252
Создан: 2026-04-26T01:40:07.650000
Последний замер: 2026-04-26T01:40:28.609414
Время жизни: 20.959414 сек
voluntary_ctxt_switches: 5
nonvoluntary_ctxt_switches: 40
jiffies: 121.0
avg_cpu_load: 5.8 %
avg_memory_mb: 36.6 MB

Среднее latency: 1.68
Средний runtime: 1.6
Всего задач: 2
Задач по типам: cpu_intensive - 2

Процесс: 16625
Родитель: 16252
Создан: 2026-04-26T01:40:07.700000
Последний замер: 2026-04-26T01:40:28.609626
Время жизни: 20.909626 сек
voluntary_ctxt_switches: 25
nonvoluntary_ctxt_switches: 16
jiffies: 18.0
avg_cpu_load: 0.5 %
avg_memory_mb: 119.5 MB

Среднее latency: 1.8
Средний runtime: 1.72
Всего задач: 2
Задач по типам: memory_intensive - 2

