{
    "active_periods": [
        {
            "start": 1777230892.529635,
            "end": 1777231195.26237,
            "duration_sec": 302.73273515701294,
            "tasks_completed": 1280,
            "throughput_tps": 4.228151935191698
        }
    ],
    "history": [
        {
            "timestamp": 1777230892.529635,
            "messages": 0,
            "ack": 112988
        },
        {
            "timestamp": 1777230897.536761,
            "messages": 8,
            "ack": 112996
        },
        {
            "timestamp": 1777230902.542439,
            "messages": 18,
            "ack": 113019
        },
        {
            "timestamp": 1777230907.547432,
            "messages": 21,
            "ack": 113039
        },
        {
            "timestamp": 1777230912.552557,
            "messages": 24,
            "ack": 113060
        },
        {
            "timestamp": 1777230917.557695,
            "messages": 25,
            "ack": 113083
        },
        {
            "timestamp": 1777230922.562667,
            "messages": 25,
            "ack": 113105
        },
        {
            "timestamp": 1777230927.568125,
            "messages": 33,
            "ack": 113126
        },
        {
            "timestamp": 1777230932.572117,
            "messages": 36,
            "ack": 113147
        },
        {
            "timestamp": 1777230937.576629,
            "messages": 38,
            "ack": 113170
        },
        {
            "timestamp": 1777230942.581816,
            "messages": 39,
            "ack": 113192
        },
        {
            "timestamp": 1777230947.58686,
            "messages": 49,
            "ack": 113212
        },
        {
            "timestamp": 1777230952.591369,
            "messages": 51,
            "ack": 113234
        },
        {
            "timestamp": 1777230957.595446,
            "messages": 53,
            "ack": 113256
        },
        {
            "timestamp": 1777230962.600195,
            "messages": 55,
            "ack": 113277
        },
        {
            "timestamp": 1777230967.605376,
            "messages": 55,
            "ack": 113298
        },
        {
            "timestamp": 1777230972.609952,
            "messages": 57,
            "ack": 113321
        },
        {
            "timestamp": 1777230977.614658,
            "messages": 59,
            "ack": 113343
        },
        {
            "timestamp": 1777230982.619034,
            "messages": 69,
            "ack": 113364
        },
        {
            "timestamp": 1777230987.623331,
            "messages": 70,
            "ack": 113387
        },
        {
            "timestamp": 1777230992.627446,
            "messages": 72,
            "ack": 113408
        },
        {
            "timestamp": 1777230997.631381,
            "messages": 73,
            "ack": 113431
        },
        {
            "timestamp": 1777231002.636008,
            "messages": 75,
            "ack": 113453
        },
        {
            "timestamp": 1777231007.640179,
            "messages": 77,
            "ack": 113474
        },
        {
            "timestamp": 1777231012.645449,
            "messages": 86,
            "ack": 113497
        },
        {
            "timestamp": 1777231017.651045,
            "messages": 89,
            "ack": 113519
        },
        {
            "timestamp": 1777231022.655204,
            "messages": 90,
            "ack": 113540
        },
        {
            "timestamp": 1777231027.660611,
            "messages": 92,
            "ack": 113562
        },
        {
            "timestamp": 1777231032.665022,
            "messages": 93,
            "ack": 113583
        },
        {
            "timestamp": 1777231037.670949,
            "messages": 95,
            "ack": 113606
        },
        {
            "timestamp": 1777231042.6761,
            "messages": 105,
            "ack": 113627
        },
        {
            "timestamp": 1777231047.681147,
            "messages": 106,
            "ack": 113649
        },
        {
            "timestamp": 1777231052.687073,
            "messages": 107,
            "ack": 113671
        },
        {
            "timestamp": 1777231057.691461,
            "messages": 109,
            "ack": 113691
        },
        {
            "timestamp": 1777231062.697058,
            "messages": 112,
            "ack": 113713
        },
        {
            "timestamp": 1777231067.702002,
            "messages": 122,
            "ack": 113735
        },
        {
            "timestamp": 1777231072.707111,
            "messages": 124,
            "ack": 113756
        },
        {
            "timestamp": 1777231077.712727,
            "messages": 126,
            "ack": 113777
        },
        {
            "timestamp": 1777231082.717059,
            "messages": 129,
            "ack": 113800
        },
        {
            "timestamp": 1777231087.721442,
            "messages": 131,
            "ack": 113819
        },
        {
            "timestamp": 1777231092.726078,
            "messages": 141,
            "ack": 113841
        },
        {
            "timestamp": 1777231097.731427,
            "messages": 141,
            "ack": 113864
        },
        {
            "timestamp": 1777231102.736525,
            "messages": 145,
            "ack": 113885
        },
        {
            "timestamp": 1777231107.742287,
            "messages": 147,
            "ack": 113906
        },
        {
            "timestamp": 1777231112.747102,
            "messages": 149,
            "ack": 113927
        },
        {
            "timestamp": 1777231117.752856,
            "messages": 159,
            "ack": 113948
        },
        {
            "timestamp": 1777231122.757087,
            "messages": 161,
            "ack": 113969
        },
        {
            "timestamp": 1777231127.76153,
            "messages": 162,
            "ack": 113990
        },
        {
            "timestamp": 1777231132.766364,
            "messages": 164,
            "ack": 114012
        },
        {
            "timestamp": 1777231137.771992,
            "messages": 175,
            "ack": 114032
        },
        {
            "timestamp": 1777231142.777089,
            "messages": 178,
            "ack": 114054
        },
        {
            "timestamp": 1777231147.78198,
            "messages": 180,
            "ack": 114076
        },
        {
            "timestamp": 1777231152.787318,
            "messages": 183,
            "ack": 114096
        },
        {
            "timestamp": 1777231157.793134,
            "messages": 184,
            "ack": 114118
        },
        {
            "timestamp": 1777231162.798186,
            "messages": 186,
            "ack": 114140
        },
        {
            "timestamp": 1777231167.802203,
            "messages": 196,
            "ack": 114161
        },
        {
            "timestamp": 1777231172.806509,
            "messages": 198,
            "ack": 114183
        },
        {
            "timestamp": 1777231177.810785,
            "messages": 200,
            "ack": 114204
        },
        {
            "timestamp": 1777231182.816054,
            "messages": 200,
            "ack": 114224
        },
        {
            "timestamp": 1777231187.820278,
            "messages": 202,
            "ack": 114247
        },
        {
            "timestamp": 1777231192.825177,
            "messages": 205,
            "ack": 114268
        },
        {
            "timestamp": 1777231195.24008,
            "messages": 205,
            "ack": 114268
        }
    ]
}