{
    "idx_task": 35,
    "task_name": "cpu_intensive",
    "duration_into_wraps": 16.376843214035034,
    "data": {
        "ppid": 170708,
        "voluntary_ctxt_switches": 1,
        "nonvoluntary_ctxt_switches": 41,
        "delta_jiffies": 637,
        "delta_time": 16.3767,
        "cpu_load": 38.9,
        "memory_mib": 0.28125
    },
    "timestamp": 1775638590.2409232
}
{
    "idx_task": 38,
    "task_name": "cpu_intensive",
    "duration_into_wraps": 16.356347799301147,
    "data": {
        "ppid": 170708,
        "voluntary_ctxt_switches": 1,
        "nonvoluntary_ctxt_switches": 223,
        "delta_jiffies": 634,
        "delta_time": 15.845600000000001,
        "cpu_load": 40.01,
        "memory_mib": 0.00390625
    },
    "timestamp": 1775638607.107641
}
