{
    "idx_task": 44,
    "task_name": "cpu_intensive",
    "duration_into_wraps": 16.871231079101562,
    "data": {
        "ppid": 170708,
        "voluntary_ctxt_switches": 1,
        "nonvoluntary_ctxt_switches": 157,
        "delta_jiffies": 686,
        "delta_time": 16.8712,
        "cpu_load": 40.66,
        "memory_mib": 0.28515625
    },
    "timestamp": 1775638624.791036
}
{
    "idx_task": 48,
    "task_name": "cpu_intensive",
    "duration_into_wraps": 17.188436031341553,
    "data": {
        "ppid": 170708,
        "voluntary_ctxt_switches": 1,
        "nonvoluntary_ctxt_switches": 70,
        "delta_jiffies": 717,
        "delta_time": 17.1663,
        "cpu_load": 41.77,
        "memory_mib": 0.00390625
    },
    "timestamp": 1775638642.0015996
}
{
    "idx_task": 51,
    "task_name": "cpu_intensive",
    "duration_into_wraps": 17.164870262145996,
    "data": {
        "ppid": 170708,
        "voluntary_ctxt_switches": 1,
        "nonvoluntary_ctxt_switches": 223,
        "delta_jiffies": 716,
        "delta_time": 17.1615,
        "cpu_load": 41.72,
        "memory_mib": 0.0
    },
    "timestamp": 1775638659.169889
}
{
    "idx_task": 56,
    "task_name": "cpu_intensive",
    "duration_into_wraps": 17.64858365058899,
    "data": {
        "ppid": 170708,
        "voluntary_ctxt_switches": 1,
        "nonvoluntary_ctxt_switches": 224,
        "delta_jiffies": 766,
        "delta_time": 17.646199999999997,
        "cpu_load": 43.41,
        "memory_mib": 0.00390625
    },
    "timestamp": 1775638676.820749
}
{
    "idx_task": 60,
    "task_name": "cpu_intensive",
    "duration_into_wraps": 17.030786514282227,
    "data": {
        "ppid": 170708,
        "voluntary_ctxt_switches": 1,
        "nonvoluntary_ctxt_switches": 120,
        "delta_jiffies": 703,
        "delta_time": 17.028299999999998,
        "cpu_load": 41.28,
        "memory_mib": 0.0
    },
    "timestamp": 1775638693.8538089
}
