{
    "active_periods": [
        {
            "start": 1777181761.35651,
            "end": 1777182064.020876,
            "duration_sec": 302.6643660068512,
            "tasks_completed": 1295,
            "throughput_tps": 4.278666884659577
        }
    ],
    "history": [
        {
            "timestamp": 1777181761.35651,
            "messages": 0,
            "ack": 42106
        },
        {
            "timestamp": 1777181766.363106,
            "messages": 0,
            "ack": 42106
        },
        {
            "timestamp": 1777181771.369838,
            "messages": 8,
            "ack": 42122
        },
        {
            "timestamp": 1777181776.374153,
            "messages": 16,
            "ack": 42141
        },
        {
            "timestamp": 1777181781.379156,
            "messages": 19,
            "ack": 42163
        },
        {
            "timestamp": 1777181786.385014,
            "messages": 22,
            "ack": 42185
        },
        {
            "timestamp": 1777181791.389096,
            "messages": 25,
            "ack": 42206
        },
        {
            "timestamp": 1777181796.394363,
            "messages": 25,
            "ack": 42227
        },
        {
            "timestamp": 1777181801.398679,
            "messages": 35,
            "ack": 42249
        },
        {
            "timestamp": 1777181806.404844,
            "messages": 37,
            "ack": 42271
        },
        {
            "timestamp": 1777181811.410527,
            "messages": 40,
            "ack": 42292
        },
        {
            "timestamp": 1777181816.417344,
            "messages": 43,
            "ack": 42313
        },
        {
            "timestamp": 1777181821.422779,
            "messages": 44,
            "ack": 42335
        },
        {
            "timestamp": 1777181826.427204,
            "messages": 45,
            "ack": 42358
        },
        {
            "timestamp": 1777181831.432988,
            "messages": 56,
            "ack": 42380
        },
        {
            "timestamp": 1777181836.438904,
            "messages": 57,
            "ack": 42401
        },
        {
            "timestamp": 1777181841.444795,
            "messages": 59,
            "ack": 42423
        },
        {
            "timestamp": 1777181846.450186,
            "messages": 61,
            "ack": 42445
        },
        {
            "timestamp": 1777181851.456842,
            "messages": 61,
            "ack": 42467
        },
        {
            "timestamp": 1777181856.462402,
            "messages": 71,
            "ack": 42489
        },
        {
            "timestamp": 1777181861.467514,
            "messages": 73,
            "ack": 42510
        },
        {
            "timestamp": 1777181866.47264,
            "messages": 76,
            "ack": 42532
        },
        {
            "timestamp": 1777181871.477006,
            "messages": 77,
            "ack": 42555
        },
        {
            "timestamp": 1777181876.482398,
            "messages": 79,
            "ack": 42577
        },
        {
            "timestamp": 1777181881.48782,
            "messages": 81,
            "ack": 42598
        },
        {
            "timestamp": 1777181886.492503,
            "messages": 89,
            "ack": 42618
        },
        {
            "timestamp": 1777181891.49678,
            "messages": 91,
            "ack": 42641
        },
        {
            "timestamp": 1777181896.503162,
            "messages": 93,
            "ack": 42663
        },
        {
            "timestamp": 1777181901.507839,
            "messages": 96,
            "ack": 42685
        },
        {
            "timestamp": 1777181906.511506,
            "messages": 96,
            "ack": 42706
        },
        {
            "timestamp": 1777181911.517842,
            "messages": 107,
            "ack": 42727
        },
        {
            "timestamp": 1777181916.521272,
            "messages": 107,
            "ack": 42751
        },
        {
            "timestamp": 1777181921.526477,
            "messages": 107,
            "ack": 42772
        },
        {
            "timestamp": 1777181926.531758,
            "messages": 110,
            "ack": 42794
        },
        {
            "timestamp": 1777181931.536828,
            "messages": 111,
            "ack": 42815
        },
        {
            "timestamp": 1777181936.541661,
            "messages": 113,
            "ack": 42838
        },
        {
            "timestamp": 1777181941.546395,
            "messages": 114,
            "ack": 42861
        },
        {
            "timestamp": 1777181946.55166,
            "messages": 124,
            "ack": 42882
        },
        {
            "timestamp": 1777181951.5559,
            "messages": 127,
            "ack": 42925
        },
        {
            "timestamp": 1777181956.560208,
            "messages": 130,
            "ack": 42947
        },
        {
            "timestamp": 1777181961.564689,
            "messages": 132,
            "ack": 42968
        },
        {
            "timestamp": 1777181966.570931,
            "messages": 141,
            "ack": 42990
        },
        {
            "timestamp": 1777181971.575824,
            "messages": 143,
            "ack": 43012
        },
        {
            "timestamp": 1777181976.580285,
            "messages": 144,
            "ack": 43034
        },
        {
            "timestamp": 1777181981.585781,
            "messages": 147,
            "ack": 43056
        },
        {
            "timestamp": 1777181986.59101,
            "messages": 148,
            "ack": 43078
        },
        {
            "timestamp": 1777181991.595812,
            "messages": 150,
            "ack": 43099
        },
        {
            "timestamp": 1777181996.60074,
            "messages": 160,
            "ack": 43120
        },
        {
            "timestamp": 1777182001.606002,
            "messages": 162,
            "ack": 43143
        },
        {
            "timestamp": 1777182006.610227,
            "messages": 163,
            "ack": 43163
        },
        {
            "timestamp": 1777182011.614633,
            "messages": 166,
            "ack": 43183
        },
        {
            "timestamp": 1777182016.620217,
            "messages": 168,
            "ack": 43207
        },
        {
            "timestamp": 1777182021.626029,
            "messages": 171,
            "ack": 43228
        },
        {
            "timestamp": 1777182026.630447,
            "messages": 181,
            "ack": 43249
        },
        {
            "timestamp": 1777182031.635944,
            "messages": 183,
            "ack": 43270
        },
        {
            "timestamp": 1777182036.641021,
            "messages": 185,
            "ack": 43293
        },
        {
            "timestamp": 1777182041.645953,
            "messages": 188,
            "ack": 43314
        },
        {
            "timestamp": 1777182046.650352,
            "messages": 189,
            "ack": 43336
        },
        {
            "timestamp": 1777182051.654798,
            "messages": 199,
            "ack": 43357
        },
        {
            "timestamp": 1777182056.658742,
            "messages": 201,
            "ack": 43379
        },
        {
            "timestamp": 1777182061.66414,
            "messages": 204,
            "ack": 43401
        },
        {
            "timestamp": 1777182063.998282,
            "messages": 204,
            "ack": 43401
        }
    ]
}