{
    "325297": {
        "ppid": "254983",
        "name": "celery",
        "cmdline": "/home/experimenter/projects/celery-autoscale/.venv/bin/python3 /home/experimenter/projects/celery-autoscale/.venv/bin/celery -A celery_app worker --loglevel=INFO --concurrency=8 --pool=gevent",
        "create_time": "2026-05-15T02:56:09.650000",
        "last_update": "2026-05-15T03:01:11.311270",
        "voluntary_ctxt_switches": 1914,
        "nonvoluntary_ctxt_switches": 3070,
        "jiffies": 26578,
        "stats": [
            {
                "memory_mb": 48.30078125,
                "cpu_percent": 0.0,
                "timestamp": 1778802970.7242785
            },
            {
                "memory_mb": 48.7890625,
                "cpu_percent": 35.2,
                "timestamp": 1778802971.7748454
            },
            {
                "memory_mb": 67.19921875,
                "cpu_percent": 100.8,
                "timestamp": 1778802972.8261452
            },
            {
                "memory_mb": 85.67578125,
                "cpu_percent": 99.3,
                "timestamp": 1778802973.8739853
            },
            {
                "memory_mb": 104.0078125,
                "cpu_percent": 101.2,
                "timestamp": 1778802974.9214935
            },
            {
                "memory_mb": 131.26953125,
                "cpu_percent": 98.8,
                "timestamp": 1778802975.9746218
            },
            {
                "memory_mb": 177.2109375,
                "cpu_percent": 100.1,
                "timestamp": 1778802977.023081
            },
            {
                "memory_mb": 314.4375,
                "cpu_percent": 83.1,
                "timestamp": 1778802978.070342
            },
            {
                "memory_mb": 360.1875,
                "cpu_percent": 97.3,
                "timestamp": 1778802979.1183236
            },
            {
                "memory_mb": 460.453125,
                "cpu_percent": 76.4,
                "timestamp": 1778802980.166103
            },
            {
                "memory_mb": 495.71875,
                "cpu_percent": 80.8,
                "timestamp": 1778802981.2176247
            },
            {
                "memory_mb": 493.4140625,
                "cpu_percent": 14.3,
                "timestamp": 1778802982.2695923
            },
            {
                "memory_mb": 493.41015625,
                "cpu_percent": 72.6,
                "timestamp": 1778802983.3170333
            },
            {
                "memory_mb": 493.40625,
                "cpu_percent": 99.2,
                "timestamp": 1778802984.3651216
            },
            {
                "memory_mb": 465.765625,
                "cpu_percent": 99.3,
                "timestamp": 1778802985.4128704
            },
            {
                "memory_mb": 465.78515625,
                "cpu_percent": 100.1,
                "timestamp": 1778802986.4620066
            },
            {
                "memory_mb": 465.78125,
                "cpu_percent": 100.3,
                "timestamp": 1778802987.509027
            },
            {
                "memory_mb": 465.78125,
                "cpu_percent": 99.2,
                "timestamp": 1778802988.557125
            },
            {
                "memory_mb": 465.78515625,
                "cpu_percent": 76.4,
                "timestamp": 1778802989.6048126
            },
            {
                "memory_mb": 465.78125,
                "cpu_percent": 100.1,
                "timestamp": 1778802990.6539001
            },
            {
                "memory_mb": 488.67578125,
                "cpu_percent": 80.2,
                "timestamp": 1778802991.7018862
            },
            {
                "memory_mb": 580.1015625,
                "cpu_percent": 49.6,
                "timestamp": 1778802992.7498145
            },
            {
                "memory_mb": 580.09765625,
                "cpu_percent": 100.3,
                "timestamp": 1778802993.7970927
            },
            {
                "memory_mb": 580.11328125,
                "cpu_percent": 100.2,
                "timestamp": 1778802994.8449836
            },
            {
                "memory_mb": 580.109375,
                "cpu_percent": 99.3,
                "timestamp": 1778802995.8928177
            },
            {
                "memory_mb": 580.11328125,
                "cpu_percent": 100.3,
                "timestamp": 1778802996.9399786
            },
            {
                "memory_mb": 580.11328125,
                "cpu_percent": 100.2,
                "timestamp": 1778802997.9879744
            },
            {
                "memory_mb": 580.1171875,
                "cpu_percent": 74.4,
                "timestamp": 1778802999.0358691
            },
            {
                "memory_mb": 580.11328125,
                "cpu_percent": 100.7,
                "timestamp": 1778803000.0880275
            },
            {
                "memory_mb": 580.1171875,
                "cpu_percent": 93.1,
                "timestamp": 1778803001.1403954
            },
            {
                "memory_mb": 578.81640625,
                "cpu_percent": 28.6,
                "timestamp": 1778803002.1878972
            },
            {
                "memory_mb": 578.8125,
                "cpu_percent": 100.2,
                "timestamp": 1778803003.2358654
            },
            {
                "memory_mb": 578.828125,
                "cpu_percent": 100.2,
                "timestamp": 1778803004.2841365
            },
            {
                "memory_mb": 578.82421875,
                "cpu_percent": 99.3,
                "timestamp": 1778803005.3318164
            },
            {
                "memory_mb": 578.828125,
                "cpu_percent": 100.2,
                "timestamp": 1778803006.3793337
            },
            {
                "memory_mb": 578.82421875,
                "cpu_percent": 100.2,
                "timestamp": 1778803007.4276605
            },
            {
                "memory_mb": 578.83203125,
                "cpu_percent": 81.7,
                "timestamp": 1778803008.479833
            },
            {
                "memory_mb": 578.828125,
                "cpu_percent": 92.6,
                "timestamp": 1778803009.5271578
            },
            {
                "memory_mb": 578.82421875,
                "cpu_percent": 100.2,
                "timestamp": 1778803010.5755885
            },
            {
                "memory_mb": 562.04296875,
                "cpu_percent": 24.7,
                "timestamp": 1778803011.6276355
            },
            {
                "memory_mb": 562.03515625,
                "cpu_percent": 98.3,
                "timestamp": 1778803012.6751063
            },
            {
                "memory_mb": 562.05078125,
                "cpu_percent": 99.2,
                "timestamp": 1778803013.7235146
            },
            {
                "memory_mb": 557.265625,
                "cpu_percent": 101.2,
                "timestamp": 1778803014.7713318
            },
            {
                "memory_mb": 557.26953125,
                "cpu_percent": 100.2,
                "timestamp": 1778803015.8192532
            },
            {
                "memory_mb": 557.265625,
                "cpu_percent": 99.2,
                "timestamp": 1778803016.867233
            },
            {
                "memory_mb": 557.2734375,
                "cpu_percent": 89.3,
                "timestamp": 1778803017.9193385
            },
            {
                "memory_mb": 557.26953125,
                "cpu_percent": 84.9,
                "timestamp": 1778803018.9672983
            },
            {
                "memory_mb": 557.265625,
                "cpu_percent": 100.2,
                "timestamp": 1778803020.015517
            },
            {
                "memory_mb": 562.0078125,
                "cpu_percent": 27.5,
                "timestamp": 1778803021.0686092
            },
            {
                "memory_mb": 561.99609375,
                "cpu_percent": 94.5,
                "timestamp": 1778803022.1161907
            },
            {
                "memory_mb": 562.00390625,
                "cpu_percent": 100.2,
                "timestamp": 1778803023.1645534
            },
            {
                "memory_mb": 562.0078125,
                "cpu_percent": 100.2,
                "timestamp": 1778803024.2119684
            },
            {
                "memory_mb": 562.015625,
                "cpu_percent": 100.2,
                "timestamp": 1778803025.259959
            },
            {
                "memory_mb": 562.0078125,
                "cpu_percent": 99.3,
                "timestamp": 1778803026.3075497
            },
            {
                "memory_mb": 562.015625,
                "cpu_percent": 97.0,
                "timestamp": 1778803027.3595986
            },
            {
                "memory_mb": 562.015625,
                "cpu_percent": 77.3,
                "timestamp": 1778803028.407277
            },
            {
                "memory_mb": 562.01171875,
                "cpu_percent": 101.0,
                "timestamp": 1778803029.4568162
            },
            {
                "memory_mb": 562.0234375,
                "cpu_percent": 37.2,
                "timestamp": 1778803030.5042
            },
            {
                "memory_mb": 562.01171875,
                "cpu_percent": 85.9,
                "timestamp": 1778803031.5520303
            },
            {
                "memory_mb": 562.01953125,
                "cpu_percent": 99.3,
                "timestamp": 1778803032.5991397
            },
            {
                "memory_mb": 552.828125,
                "cpu_percent": 99.3,
                "timestamp": 1778803033.6469946
            },
            {
                "memory_mb": 552.8359375,
                "cpu_percent": 100.2,
                "timestamp": 1778803034.6949873
            },
            {
                "memory_mb": 552.828125,
                "cpu_percent": 99.3,
                "timestamp": 1778803035.7419176
            },
            {
                "memory_mb": 552.83203125,
                "cpu_percent": 100.2,
                "timestamp": 1778803036.7896929
            },
            {
                "memory_mb": 552.8359375,
                "cpu_percent": 75.2,
                "timestamp": 1778803037.839671
            },
            {
                "memory_mb": 552.828125,
                "cpu_percent": 98.3,
                "timestamp": 1778803038.8871202
            },
            {
                "memory_mb": 561.9453125,
                "cpu_percent": 47.7,
                "timestamp": 1778803039.9353802
            },
            {
                "memory_mb": 561.9296875,
                "cpu_percent": 76.4,
                "timestamp": 1778803040.9829178
            },
            {
                "memory_mb": 561.9375,
                "cpu_percent": 100.1,
                "timestamp": 1778803042.0315776
            },
            {
                "memory_mb": 561.94140625,
                "cpu_percent": 100.2,
                "timestamp": 1778803043.0797017
            },
            {
                "memory_mb": 561.94921875,
                "cpu_percent": 100.1,
                "timestamp": 1778803044.12884
            },
            {
                "memory_mb": 561.94140625,
                "cpu_percent": 98.3,
                "timestamp": 1778803045.1765826
            },
            {
                "memory_mb": 561.9453125,
                "cpu_percent": 100.2,
                "timestamp": 1778803046.2243435
            },
            {
                "memory_mb": 561.94921875,
                "cpu_percent": 75.3,
                "timestamp": 1778803047.2728012
            },
            {
                "memory_mb": 561.94140625,
                "cpu_percent": 99.3,
                "timestamp": 1778803048.3206017
            },
            {
                "memory_mb": 562.046875,
                "cpu_percent": 53.2,
                "timestamp": 1778803049.372878
            },
            {
                "memory_mb": 562.03125,
                "cpu_percent": 70.6,
                "timestamp": 1778803050.42168
            },
            {
                "memory_mb": 562.03515625,
                "cpu_percent": 99.4,
                "timestamp": 1778803051.4684515
            },
            {
                "memory_mb": 560.01171875,
                "cpu_percent": 100.1,
                "timestamp": 1778803052.5169802
            },
            {
                "memory_mb": 560.015625,
                "cpu_percent": 100.2,
                "timestamp": 1778803053.5653157
            },
            {
                "memory_mb": 560.01171875,
                "cpu_percent": 98.9,
                "timestamp": 1778803054.616364
            },
            {
                "memory_mb": 560.015625,
                "cpu_percent": 100.2,
                "timestamp": 1778803055.664118
            },
            {
                "memory_mb": 560.01953125,
                "cpu_percent": 74.5,
                "timestamp": 1778803056.7114348
            },
            {
                "memory_mb": 560.015625,
                "cpu_percent": 100.2,
                "timestamp": 1778803057.7593026
            },
            {
                "memory_mb": 560.0234375,
                "cpu_percent": 62.7,
                "timestamp": 1778803058.812364
            },
            {
                "memory_mb": 562.0390625,
                "cpu_percent": 60.1,
                "timestamp": 1778803059.860075
            },
            {
                "memory_mb": 562.04296875,
                "cpu_percent": 99.3,
                "timestamp": 1778803060.9078498
            },
            {
                "memory_mb": 562.05078125,
                "cpu_percent": 100.1,
                "timestamp": 1778803061.9563296
            },
            {
                "memory_mb": 562.0546875,
                "cpu_percent": 99.2,
                "timestamp": 1778803063.004207
            },
            {
                "memory_mb": 562.05078125,
                "cpu_percent": 100.2,
                "timestamp": 1778803064.052162
            },
            {
                "memory_mb": 562.05078125,
                "cpu_percent": 100.2,
                "timestamp": 1778803065.1002257
            },
            {
                "memory_mb": 562.0546875,
                "cpu_percent": 74.4,
                "timestamp": 1778803066.1482472
            },
            {
                "memory_mb": 562.046875,
                "cpu_percent": 99.2,
                "timestamp": 1778803067.1961472
            },
            {
                "memory_mb": 562.0546875,
                "cpu_percent": 68.4,
                "timestamp": 1778803068.2487297
            },
            {
                "memory_mb": 562.0390625,
                "cpu_percent": 54.4,
                "timestamp": 1778803069.296211
            },
            {
                "memory_mb": 562.04296875,
                "cpu_percent": 101.2,
                "timestamp": 1778803070.3440304
            },
            {
                "memory_mb": 562.05078125,
                "cpu_percent": 99.3,
                "timestamp": 1778803071.3918881
            },
            {
                "memory_mb": 562.0546875,
                "cpu_percent": 99.3,
                "timestamp": 1778803072.439129
            },
            {
                "memory_mb": 562.05078125,
                "cpu_percent": 100.2,
                "timestamp": 1778803073.4870439
            },
            {
                "memory_mb": 562.05078125,
                "cpu_percent": 100.2,
                "timestamp": 1778803074.5351043
            },
            {
                "memory_mb": 562.0546875,
                "cpu_percent": 73.4,
                "timestamp": 1778803075.5835338
            },
            {
                "memory_mb": 562.05078125,
                "cpu_percent": 100.1,
                "timestamp": 1778803076.63195
            },
            {
                "memory_mb": 562.0546875,
                "cpu_percent": 75.1,
                "timestamp": 1778803077.6831975
            },
            {
                "memory_mb": 562.0546875,
                "cpu_percent": 46.8,
                "timestamp": 1778803078.7307394
            },
            {
                "memory_mb": 562.05078125,
                "cpu_percent": 101.2,
                "timestamp": 1778803079.7785962
            },
            {
                "memory_mb": 550.921875,
                "cpu_percent": 99.3,
                "timestamp": 1778803080.825712
            },
            {
                "memory_mb": 550.92578125,
                "cpu_percent": 100.2,
                "timestamp": 1778803081.8737013
            },
            {
                "memory_mb": 550.921875,
                "cpu_percent": 99.2,
                "timestamp": 1778803082.9219213
            },
            {
                "memory_mb": 550.921875,
                "cpu_percent": 99.3,
                "timestamp": 1778803083.9695933
            },
            {
                "memory_mb": 550.92578125,
                "cpu_percent": 75.4,
                "timestamp": 1778803085.0176728
            },
            {
                "memory_mb": 550.921875,
                "cpu_percent": 100.3,
                "timestamp": 1778803086.0649805
            },
            {
                "memory_mb": 550.92578125,
                "cpu_percent": 80.8,
                "timestamp": 1778803087.1166275
            },
            {
                "memory_mb": 561.95703125,
                "cpu_percent": 42.0,
                "timestamp": 1778803088.164744
            },
            {
                "memory_mb": 561.953125,
                "cpu_percent": 99.2,
                "timestamp": 1778803089.2134624
            },
            {
                "memory_mb": 561.96875,
                "cpu_percent": 101.2,
                "timestamp": 1778803090.2607605
            },
            {
                "memory_mb": 561.96484375,
                "cpu_percent": 99.3,
                "timestamp": 1778803091.3084939
            },
            {
                "memory_mb": 561.96875,
                "cpu_percent": 100.2,
                "timestamp": 1778803092.3567276
            },
            {
                "memory_mb": 561.96875,
                "cpu_percent": 99.3,
                "timestamp": 1778803093.404561
            },
            {
                "memory_mb": 561.97265625,
                "cpu_percent": 73.5,
                "timestamp": 1778803094.4524188
            },
            {
                "memory_mb": 561.96875,
                "cpu_percent": 100.2,
                "timestamp": 1778803095.5008445
            },
            {
                "memory_mb": 561.9765625,
                "cpu_percent": 82.7,
                "timestamp": 1778803096.5531054
            },
            {
                "memory_mb": 562.05859375,
                "cpu_percent": 39.1,
                "timestamp": 1778803097.601429
            },
            {
                "memory_mb": 562.0546875,
                "cpu_percent": 100.1,
                "timestamp": 1778803098.6499481
            },
            {
                "memory_mb": 562.0703125,
                "cpu_percent": 100.2,
                "timestamp": 1778803099.697495
            },
            {
                "memory_mb": 562.06640625,
                "cpu_percent": 99.2,
                "timestamp": 1778803100.7453701
            },
            {
                "memory_mb": 562.0703125,
                "cpu_percent": 100.2,
                "timestamp": 1778803101.793112
            },
            {
                "memory_mb": 562.0703125,
                "cpu_percent": 100.3,
                "timestamp": 1778803102.8403082
            },
            {
                "memory_mb": 562.07421875,
                "cpu_percent": 74.4,
                "timestamp": 1778803103.888623
            },
            {
                "memory_mb": 562.0703125,
                "cpu_percent": 100.2,
                "timestamp": 1778803104.9363663
            },
            {
                "memory_mb": 562.07421875,
                "cpu_percent": 91.0,
                "timestamp": 1778803105.9915497
            },
            {
                "memory_mb": 562.05859375,
                "cpu_percent": 30.5,
                "timestamp": 1778803107.0394595
            },
            {
                "memory_mb": 562.0546875,
                "cpu_percent": 100.0,
                "timestamp": 1778803108.0890176
            },
            {
                "memory_mb": 554.03125,
                "cpu_percent": 101.1,
                "timestamp": 1778803109.1370625
            },
            {
                "memory_mb": 554.02734375,
                "cpu_percent": 98.3,
                "timestamp": 1778803110.1850736
            },
            {
                "memory_mb": 554.03125,
                "cpu_percent": 100.2,
                "timestamp": 1778803111.2333045
            },
            {
                "memory_mb": 554.02734375,
                "cpu_percent": 100.2,
                "timestamp": 1778803112.281079
            },
            {
                "memory_mb": 554.03515625,
                "cpu_percent": 74.1,
                "timestamp": 1778803113.333925
            },
            {
                "memory_mb": 554.03515625,
                "cpu_percent": 100.2,
                "timestamp": 1778803114.3820999
            },
            {
                "memory_mb": 554.04296875,
                "cpu_percent": 97.3,
                "timestamp": 1778803115.4302108
            },
            {
                "memory_mb": 562.06640625,
                "cpu_percent": 24.8,
                "timestamp": 1778803116.4781542
            },
            {
                "memory_mb": 562.0625,
                "cpu_percent": 100.2,
                "timestamp": 1778803117.525751
            },
            {
                "memory_mb": 562.078125,
                "cpu_percent": 99.2,
                "timestamp": 1778803118.5739715
            },
            {
                "memory_mb": 562.07421875,
                "cpu_percent": 101.1,
                "timestamp": 1778803119.6219983
            },
            {
                "memory_mb": 562.078125,
                "cpu_percent": 99.3,
                "timestamp": 1778803120.669727
            },
            {
                "memory_mb": 562.07421875,
                "cpu_percent": 100.1,
                "timestamp": 1778803121.718698
            },
            {
                "memory_mb": 562.08203125,
                "cpu_percent": 91.2,
                "timestamp": 1778803122.7717745
            },
            {
                "memory_mb": 562.078125,
                "cpu_percent": 83.1,
                "timestamp": 1778803123.8189116
            },
            {
                "memory_mb": 562.078125,
                "cpu_percent": 99.3,
                "timestamp": 1778803124.8667161
            },
            {
                "memory_mb": 562.078125,
                "cpu_percent": 35.2,
                "timestamp": 1778803125.9184623
            },
            {
                "memory_mb": 562.06640625,
                "cpu_percent": 87.8,
                "timestamp": 1778803126.966078
            },
            {
                "memory_mb": 562.07421875,
                "cpu_percent": 100.2,
                "timestamp": 1778803128.013788
            },
            {
                "memory_mb": 557.34765625,
                "cpu_percent": 100.2,
                "timestamp": 1778803129.0621765
            },
            {
                "memory_mb": 557.35546875,
                "cpu_percent": 100.2,
                "timestamp": 1778803130.109798
            },
            {
                "memory_mb": 557.34765625,
                "cpu_percent": 99.3,
                "timestamp": 1778803131.1575568
            },
            {
                "memory_mb": 557.3515625,
                "cpu_percent": 100.2,
                "timestamp": 1778803132.205808
            },
            {
                "memory_mb": 557.35546875,
                "cpu_percent": 74.1,
                "timestamp": 1778803133.2577822
            },
            {
                "memory_mb": 557.34765625,
                "cpu_percent": 100.2,
                "timestamp": 1778803134.30576
            },
            {
                "memory_mb": 562.015625,
                "cpu_percent": 49.5,
                "timestamp": 1778803135.357293
            },
            {
                "memory_mb": 562.078125,
                "cpu_percent": 72.6,
                "timestamp": 1778803136.4046738
            },
            {
                "memory_mb": 547.1640625,
                "cpu_percent": 100.1,
                "timestamp": 1778803137.4538202
            },
            {
                "memory_mb": 547.1796875,
                "cpu_percent": 99.3,
                "timestamp": 1778803138.501364
            },
            {
                "memory_mb": 547.16796875,
                "cpu_percent": 100.2,
                "timestamp": 1778803139.5495477
            },
            {
                "memory_mb": 547.1640625,
                "cpu_percent": 100.2,
                "timestamp": 1778803140.5973637
            },
            {
                "memory_mb": 547.1796875,
                "cpu_percent": 99.2,
                "timestamp": 1778803141.6458278
            },
            {
                "memory_mb": 547.1796875,
                "cpu_percent": 73.5,
                "timestamp": 1778803142.6937149
            },
            {
                "memory_mb": 547.171875,
                "cpu_percent": 100.1,
                "timestamp": 1778803143.7426984
            },
            {
                "memory_mb": 547.1796875,
                "cpu_percent": 71.6,
                "timestamp": 1778803144.7902296
            },
            {
                "memory_mb": 547.1640625,
                "cpu_percent": 29.5,
                "timestamp": 1778803145.8405674
            },
            {
                "memory_mb": 547.1640625,
                "cpu_percent": 99.2,
                "timestamp": 1778803146.8885272
            },
            {
                "memory_mb": 547.1796875,
                "cpu_percent": 101.2,
                "timestamp": 1778803147.9363966
            },
            {
                "memory_mb": 547.17578125,
                "cpu_percent": 100.2,
                "timestamp": 1778803148.984524
            },
            {
                "memory_mb": 547.1796875,
                "cpu_percent": 100.2,
                "timestamp": 1778803150.0325067
            },
            {
                "memory_mb": 547.17578125,
                "cpu_percent": 99.3,
                "timestamp": 1778803151.080295
            },
            {
                "memory_mb": 547.18359375,
                "cpu_percent": 84.6,
                "timestamp": 1778803152.1325502
            },
            {
                "memory_mb": 547.1796875,
                "cpu_percent": 88.7,
                "timestamp": 1778803153.181116
            },
            {
                "memory_mb": 547.17578125,
                "cpu_percent": 100.2,
                "timestamp": 1778803154.2292778
            },
            {
                "memory_mb": 562.00390625,
                "cpu_percent": 27.6,
                "timestamp": 1778803155.2805834
            },
            {
                "memory_mb": 561.9921875,
                "cpu_percent": 96.4,
                "timestamp": 1778803156.3283415
            },
            {
                "memory_mb": 562.0,
                "cpu_percent": 100.3,
                "timestamp": 1778803157.375185
            },
            {
                "memory_mb": 562.00390625,
                "cpu_percent": 99.2,
                "timestamp": 1778803158.4232166
            },
            {
                "memory_mb": 562.01171875,
                "cpu_percent": 100.2,
                "timestamp": 1778803159.4711742
            },
            {
                "memory_mb": 562.00390625,
                "cpu_percent": 99.2,
                "timestamp": 1778803160.5192144
            },
            {
                "memory_mb": 562.01171875,
                "cpu_percent": 101.1,
                "timestamp": 1778803161.5673566
            },
            {
                "memory_mb": 562.01171875,
                "cpu_percent": 74.4,
                "timestamp": 1778803162.6151094
            },
            {
                "memory_mb": 562.0078125,
                "cpu_percent": 99.3,
                "timestamp": 1778803163.6628964
            },
            {
                "memory_mb": 562.0234375,
                "cpu_percent": 42.9,
                "timestamp": 1778803164.7117376
            },
            {
                "memory_mb": 562.00390625,
                "cpu_percent": 79.2,
                "timestamp": 1778803165.759928
            },
            {
                "memory_mb": 562.015625,
                "cpu_percent": 99.2,
                "timestamp": 1778803166.8081727
            },
            {
                "memory_mb": 547.18359375,
                "cpu_percent": 101.1,
                "timestamp": 1778803167.857004
            },
            {
                "memory_mb": 547.19140625,
                "cpu_percent": 100.2,
                "timestamp": 1778803168.9053059
            },
            {
                "memory_mb": 547.18359375,
                "cpu_percent": 99.3,
                "timestamp": 1778803169.953076
            },
            {
                "memory_mb": 547.1875,
                "cpu_percent": 100.2,
                "timestamp": 1778803171.0009768
            },
            {
                "memory_mb": 547.19140625,
                "cpu_percent": 74.4,
                "timestamp": 1778803172.0488493
            },
            {
                "memory_mb": 547.18359375,
                "cpu_percent": 99.2,
                "timestamp": 1778803173.0968146
            },
            {
                "memory_mb": 553.1171875,
                "cpu_percent": 61.9,
                "timestamp": 1778803174.146049
            },
            {
                "memory_mb": 562.0078125,
                "cpu_percent": 62.0,
                "timestamp": 1778803175.1938214
            },
            {
                "memory_mb": 562.01171875,
                "cpu_percent": 100.1,
                "timestamp": 1778803176.2427976
            },
            {
                "memory_mb": 557.29296875,
                "cpu_percent": 100.1,
                "timestamp": 1778803177.2916918
            },
            {
                "memory_mb": 557.296875,
                "cpu_percent": 100.2,
                "timestamp": 1778803178.339704
            },
            {
                "memory_mb": 557.29296875,
                "cpu_percent": 99.3,
                "timestamp": 1778803179.3869612
            },
            {
                "memory_mb": 557.29296875,
                "cpu_percent": 99.2,
                "timestamp": 1778803180.4355512
            },
            {
                "memory_mb": 557.296875,
                "cpu_percent": 74.4,
                "timestamp": 1778803181.4834478
            },
            {
                "memory_mb": 557.29296875,
                "cpu_percent": 100.2,
                "timestamp": 1778803182.531264
            },
            {
                "memory_mb": 557.38671875,
                "cpu_percent": 74.1,
                "timestamp": 1778803183.584152
            },
            {
                "memory_mb": 562.109375,
                "cpu_percent": 49.4,
                "timestamp": 1778803184.636866
            },
            {
                "memory_mb": 562.11328125,
                "cpu_percent": 99.2,
                "timestamp": 1778803185.6852005
            },
            {
                "memory_mb": 553.7109375,
                "cpu_percent": 99.3,
                "timestamp": 1778803186.7327766
            },
            {
                "memory_mb": 553.71484375,
                "cpu_percent": 100.2,
                "timestamp": 1778803187.780578
            },
            {
                "memory_mb": 553.7109375,
                "cpu_percent": 100.1,
                "timestamp": 1778803188.8293874
            },
            {
                "memory_mb": 553.7109375,
                "cpu_percent": 100.1,
                "timestamp": 1778803189.8779886
            },
            {
                "memory_mb": 553.71484375,
                "cpu_percent": 73.5,
                "timestamp": 1778803190.9253309
            },
            {
                "memory_mb": 553.7109375,
                "cpu_percent": 100.1,
                "timestamp": 1778803191.9737751
            },
            {
                "memory_mb": 553.71484375,
                "cpu_percent": 81.7,
                "timestamp": 1778803193.025824
            },
            {
                "memory_mb": 562.109375,
                "cpu_percent": 42.0,
                "timestamp": 1778803194.0735247
            },
            {
                "memory_mb": 562.10546875,
                "cpu_percent": 99.3,
                "timestamp": 1778803195.1213071
            },
            {
                "memory_mb": 557.38671875,
                "cpu_percent": 100.3,
                "timestamp": 1778803196.1684754
            },
            {
                "memory_mb": 557.3828125,
                "cpu_percent": 99.2,
                "timestamp": 1778803197.2163968
            },
            {
                "memory_mb": 557.37890625,
                "cpu_percent": 100.1,
                "timestamp": 1778803198.2650208
            },
            {
                "memory_mb": 557.37890625,
                "cpu_percent": 100.2,
                "timestamp": 1778803199.3128698
            },
            {
                "memory_mb": 557.390625,
                "cpu_percent": 78.9,
                "timestamp": 1778803200.3654656
            },
            {
                "memory_mb": 557.3828125,
                "cpu_percent": 94.5,
                "timestamp": 1778803201.4130814
            },
            {
                "memory_mb": 557.3828125,
                "cpu_percent": 100.2,
                "timestamp": 1778803202.4612544
            },
            {
                "memory_mb": 555.79296875,
                "cpu_percent": 23.9,
                "timestamp": 1778803203.509311
            },
            {
                "memory_mb": 555.78515625,
                "cpu_percent": 100.1,
                "timestamp": 1778803204.5580862
            },
            {
                "memory_mb": 551.30859375,
                "cpu_percent": 100.2,
                "timestamp": 1778803205.606385
            },
            {
                "memory_mb": 551.3046875,
                "cpu_percent": 100.2,
                "timestamp": 1778803206.654675
            },
            {
                "memory_mb": 551.30859375,
                "cpu_percent": 99.3,
                "timestamp": 1778803207.7022948
            },
            {
                "memory_mb": 551.3046875,
                "cpu_percent": 100.2,
                "timestamp": 1778803208.7499673
            },
            {
                "memory_mb": 551.3125,
                "cpu_percent": 87.5,
                "timestamp": 1778803209.8014936
            },
            {
                "memory_mb": 551.30859375,
                "cpu_percent": 90.7,
                "timestamp": 1778803210.8492377
            },
            {
                "memory_mb": 551.3046875,
                "cpu_percent": 99.7,
                "timestamp": 1778803211.902242
            },
            {
                "memory_mb": 571.18359375,
                "cpu_percent": 36.1,
                "timestamp": 1778803212.9545922
            },
            {
                "memory_mb": 571.171875,
                "cpu_percent": 86.9,
                "timestamp": 1778803214.002028
            },
            {
                "memory_mb": 571.1796875,
                "cpu_percent": 100.2,
                "timestamp": 1778803215.050022
            },
            {
                "memory_mb": 554.26953125,
                "cpu_percent": 100.2,
                "timestamp": 1778803216.0977857
            },
            {
                "memory_mb": 554.27734375,
                "cpu_percent": 100.3,
                "timestamp": 1778803217.145072
            },
            {
                "memory_mb": 554.26953125,
                "cpu_percent": 99.2,
                "timestamp": 1778803218.1930358
            },
            {
                "memory_mb": 554.2734375,
                "cpu_percent": 99.1,
                "timestamp": 1778803219.2425013
            },
            {
                "memory_mb": 554.27734375,
                "cpu_percent": 74.4,
                "timestamp": 1778803220.2906008
            },
            {
                "memory_mb": 554.2734375,
                "cpu_percent": 100.2,
                "timestamp": 1778803221.338648
            },
            {
                "memory_mb": 562.0625,
                "cpu_percent": 51.3,
                "timestamp": 1778803222.3920496
            },
            {
                "memory_mb": 562.125,
                "cpu_percent": 72.5,
                "timestamp": 1778803223.440361
            },
            {
                "memory_mb": 562.12890625,
                "cpu_percent": 100.1,
                "timestamp": 1778803224.4890542
            },
            {
                "memory_mb": 562.13671875,
                "cpu_percent": 100.1,
                "timestamp": 1778803225.5376537
            },
            {
                "memory_mb": 562.140625,
                "cpu_percent": 99.3,
                "timestamp": 1778803226.5853877
            },
            {
                "memory_mb": 562.1328125,
                "cpu_percent": 100.2,
                "timestamp": 1778803227.6333785
            },
            {
                "memory_mb": 562.13671875,
                "cpu_percent": 100.2,
                "timestamp": 1778803228.6809084
            },
            {
                "memory_mb": 562.140625,
                "cpu_percent": 74.5,
                "timestamp": 1778803229.7285845
            },
            {
                "memory_mb": 562.1328125,
                "cpu_percent": 99.2,
                "timestamp": 1778803230.7772746
            },
            {
                "memory_mb": 562.14453125,
                "cpu_percent": 66.5,
                "timestamp": 1778803231.8301356
            },
            {
                "memory_mb": 562.1328125,
                "cpu_percent": 56.3,
                "timestamp": 1778803232.8774946
            },
            {
                "memory_mb": 562.13671875,
                "cpu_percent": 100.2,
                "timestamp": 1778803233.9254613
            },
            {
                "memory_mb": 547.20703125,
                "cpu_percent": 100.2,
                "timestamp": 1778803234.9732404
            },
            {
                "memory_mb": 547.20703125,
                "cpu_percent": 99.3,
                "timestamp": 1778803236.0202136
            },
            {
                "memory_mb": 547.20703125,
                "cpu_percent": 100.2,
                "timestamp": 1778803237.0684977
            },
            {
                "memory_mb": 547.21484375,
                "cpu_percent": 99.2,
                "timestamp": 1778803238.1172287
            },
            {
                "memory_mb": 547.2109375,
                "cpu_percent": 75.1,
                "timestamp": 1778803239.1696787
            },
            {
                "memory_mb": 547.20703125,
                "cpu_percent": 100.2,
                "timestamp": 1778803240.21762
            },
            {
                "memory_mb": 547.2109375,
                "cpu_percent": 91.2,
                "timestamp": 1778803241.2699816
            },
            {
                "memory_mb": 547.19921875,
                "cpu_percent": 31.5,
                "timestamp": 1778803242.3178077
            },
            {
                "memory_mb": 547.1953125,
                "cpu_percent": 100.0,
                "timestamp": 1778803243.367522
            },
            {
                "memory_mb": 547.2109375,
                "cpu_percent": 100.1,
                "timestamp": 1778803244.4161031
            },
            {
                "memory_mb": 547.20703125,
                "cpu_percent": 100.2,
                "timestamp": 1778803245.4643726
            },
            {
                "memory_mb": 547.21484375,
                "cpu_percent": 100.2,
                "timestamp": 1778803246.5119305
            },
            {
                "memory_mb": 547.2109375,
                "cpu_percent": 99.2,
                "timestamp": 1778803247.5599813
            },
            {
                "memory_mb": 547.21875,
                "cpu_percent": 83.6,
                "timestamp": 1778803248.612097
            },
            {
                "memory_mb": 547.21875,
                "cpu_percent": 90.4,
                "timestamp": 1778803249.6624508
            },
            {
                "memory_mb": 547.21484375,
                "cpu_percent": 100.2,
                "timestamp": 1778803250.7101734
            },
            {
                "memory_mb": 562.08203125,
                "cpu_percent": 28.5,
                "timestamp": 1778803251.7621424
            },
            {
                "memory_mb": 562.0703125,
                "cpu_percent": 95.3,
                "timestamp": 1778803252.8110735
            },
            {
                "memory_mb": 562.078125,
                "cpu_percent": 100.3,
                "timestamp": 1778803253.857618
            },
            {
                "memory_mb": 562.08203125,
                "cpu_percent": 100.2,
                "timestamp": 1778803254.9054177
            },
            {
                "memory_mb": 562.08984375,
                "cpu_percent": 99.8,
                "timestamp": 1778803255.9572275
            },
            {
                "memory_mb": 562.08203125,
                "cpu_percent": 99.2,
                "timestamp": 1778803257.0057771
            },
            {
                "memory_mb": 562.0859375,
                "cpu_percent": 100.2,
                "timestamp": 1778803258.053911
            },
            {
                "memory_mb": 562.08984375,
                "cpu_percent": 74.4,
                "timestamp": 1778803259.1021378
            },
            {
                "memory_mb": 562.08203125,
                "cpu_percent": 100.2,
                "timestamp": 1778803260.1500242
            },
            {
                "memory_mb": 562.12109375,
                "cpu_percent": 48.5,
                "timestamp": 1778803261.2018871
            },
            {
                "memory_mb": 562.109375,
                "cpu_percent": 74.4,
                "timestamp": 1778803262.2505765
            },
            {
                "memory_mb": 562.11328125,
                "cpu_percent": 99.3,
                "timestamp": 1778803263.2978568
            },
            {
                "memory_mb": 557.38671875,
                "cpu_percent": 99.3,
                "timestamp": 1778803264.345278
            },
            {
                "memory_mb": 557.390625,
                "cpu_percent": 100.2,
                "timestamp": 1778803265.3929615
            },
            {
                "memory_mb": 557.38671875,
                "cpu_percent": 99.2,
                "timestamp": 1778803266.440975
            },
            {
                "memory_mb": 557.38671875,
                "cpu_percent": 100.3,
                "timestamp": 1778803267.4876606
            },
            {
                "memory_mb": 557.390625,
                "cpu_percent": 73.5,
                "timestamp": 1778803268.5351806
            },
            {
                "memory_mb": 557.38671875,
                "cpu_percent": 100.2,
                "timestamp": 1778803269.5831366
            },
            {
                "memory_mb": 557.453125,
                "cpu_percent": 71.2,
                "timestamp": 1778803270.63591
            },
            {
                "memory_mb": 562.14453125,
                "cpu_percent": 26.7,
                "timestamp": 1778803271.31127
            }
        ]
    }
}
