{
    "active_periods": [
        {
            "start": 1778802970.625514,
            "end": 1778803273.279216,
            "duration_sec": 302.65370202064514,
            "tasks_completed": 553,
            "throughput_tps": 1.827170777386618
        }
    ],
    "history": [
        {
            "timestamp": 1778802970.625514,
            "messages": 0,
            "ack": 39701
        },
        {
            "timestamp": 1778802975.632891,
            "messages": 0,
            "ack": 39701
        },
        {
            "timestamp": 1778802980.638263,
            "messages": 16,
            "ack": 39709
        },
        {
            "timestamp": 1778802985.641713,
            "messages": 51,
            "ack": 39715
        },
        {
            "timestamp": 1778802990.646101,
            "messages": 68,
            "ack": 39724
        },
        {
            "timestamp": 1778802995.650335,
            "messages": 87,
            "ack": 39732
        },
        {
            "timestamp": 1778803000.655175,
            "messages": 87,
            "ack": 39742
        },
        {
            "timestamp": 1778803005.659669,
            "messages": 103,
            "ack": 39750
        },
        {
            "timestamp": 1778803010.664238,
            "messages": 117,
            "ack": 39765
        },
        {
            "timestamp": 1778803015.669825,
            "messages": 141,
            "ack": 39775
        },
        {
            "timestamp": 1778803020.675011,
            "messages": 155,
            "ack": 39783
        },
        {
            "timestamp": 1778803025.680034,
            "messages": 164,
            "ack": 39793
        },
        {
            "timestamp": 1778803030.687054,
            "messages": 180,
            "ack": 39801
        },
        {
            "timestamp": 1778803035.693192,
            "messages": 202,
            "ack": 39811
        },
        {
            "timestamp": 1778803040.697773,
            "messages": 218,
            "ack": 39819
        },
        {
            "timestamp": 1778803045.702699,
            "messages": 237,
            "ack": 39829
        },
        {
            "timestamp": 1778803050.708669,
            "messages": 253,
            "ack": 39837
        },
        {
            "timestamp": 1778803055.712798,
            "messages": 275,
            "ack": 39847
        },
        {
            "timestamp": 1778803060.71767,
            "messages": 275,
            "ack": 39855
        },
        {
            "timestamp": 1778803065.7229,
            "messages": 291,
            "ack": 39865
        },
        {
            "timestamp": 1778803070.727415,
            "messages": 300,
            "ack": 39873
        },
        {
            "timestamp": 1778803075.731338,
            "messages": 322,
            "ack": 39886
        },
        {
            "timestamp": 1778803080.736985,
            "messages": 338,
            "ack": 39894
        },
        {
            "timestamp": 1778803085.742561,
            "messages": 349,
            "ack": 39904
        },
        {
            "timestamp": 1778803090.747971,
            "messages": 373,
            "ack": 39912
        },
        {
            "timestamp": 1778803095.753769,
            "messages": 387,
            "ack": 39922
        },
        {
            "timestamp": 1778803100.760049,
            "messages": 404,
            "ack": 39930
        },
        {
            "timestamp": 1778803105.766926,
            "messages": 420,
            "ack": 39940
        },
        {
            "timestamp": 1778803110.772401,
            "messages": 442,
            "ack": 39948
        },
        {
            "timestamp": 1778803115.779341,
            "messages": 442,
            "ack": 39958
        },
        {
            "timestamp": 1778803120.784454,
            "messages": 458,
            "ack": 39966
        },
        {
            "timestamp": 1778803125.790024,
            "messages": 469,
            "ack": 39976
        },
        {
            "timestamp": 1778803130.796153,
            "messages": 493,
            "ack": 39984
        },
        {
            "timestamp": 1778803135.801432,
            "messages": 507,
            "ack": 39994
        },
        {
            "timestamp": 1778803140.807184,
            "messages": 524,
            "ack": 40002
        },
        {
            "timestamp": 1778803145.811158,
            "messages": 541,
            "ack": 40016
        },
        {
            "timestamp": 1778803150.81597,
            "messages": 562,
            "ack": 40020
        },
        {
            "timestamp": 1778803155.82025,
            "messages": 578,
            "ack": 40035
        },
        {
            "timestamp": 1778803160.824951,
            "messages": 589,
            "ack": 40045
        },
        {
            "timestamp": 1778803165.829735,
            "messages": 613,
            "ack": 40053
        },
        {
            "timestamp": 1778803170.834869,
            "messages": 613,
            "ack": 40063
        },
        {
            "timestamp": 1778803175.840216,
            "messages": 627,
            "ack": 40071
        },
        {
            "timestamp": 1778803180.844637,
            "messages": 651,
            "ack": 40081
        },
        {
            "timestamp": 1778803185.849003,
            "messages": 660,
            "ack": 40089
        },
        {
            "timestamp": 1778803190.854757,
            "messages": 674,
            "ack": 40099
        },
        {
            "timestamp": 1778803195.859441,
            "messages": 698,
            "ack": 40117
        },
        {
            "timestamp": 1778803200.864098,
            "messages": 712,
            "ack": 40124
        },
        {
            "timestamp": 1778803205.869385,
            "messages": 729,
            "ack": 40135
        },
        {
            "timestamp": 1778803210.872926,
            "messages": 739,
            "ack": 40143
        },
        {
            "timestamp": 1778803215.878274,
            "messages": 763,
            "ack": 40153
        },
        {
            "timestamp": 1778803220.883862,
            "messages": 777,
            "ack": 40161
        },
        {
            "timestamp": 1778803225.890923,
            "messages": 801,
            "ack": 40171
        },
        {
            "timestamp": 1778803230.897161,
            "messages": 801,
            "ack": 40179
        },
        {
            "timestamp": 1778803235.902902,
            "messages": 810,
            "ack": 40192
        },
        {
            "timestamp": 1778803240.908472,
            "messages": 824,
            "ack": 40196
        },
        {
            "timestamp": 1778803245.913134,
            "messages": 849,
            "ack": 40210
        },
        {
            "timestamp": 1778803250.919154,
            "messages": 862,
            "ack": 40218
        },
        {
            "timestamp": 1778803255.924238,
            "messages": 878,
            "ack": 40228
        },
        {
            "timestamp": 1778803260.929772,
            "messages": 889,
            "ack": 40236
        },
        {
            "timestamp": 1778803265.934718,
            "messages": 913,
            "ack": 40246
        },
        {
            "timestamp": 1778803270.939126,
            "messages": 927,
            "ack": 40254
        },
        {
            "timestamp": 1778803273.271944,
            "messages": 8,
            "ack": 40254
        }
    ]
}