{
    "active_periods": [
        {
            "start": 1778808198.584409,
            "end": 1778808501.259354,
            "duration_sec": 302.6749451160431,
            "tasks_completed": 544,
            "throughput_tps": 1.7973076687647036
        }
    ],
    "history": [
        {
            "timestamp": 1778808198.584409,
            "messages": 0,
            "ack": 45689
        },
        {
            "timestamp": 1778808203.592281,
            "messages": 0,
            "ack": 45692
        },
        {
            "timestamp": 1778808208.598612,
            "messages": 24,
            "ack": 45700
        },
        {
            "timestamp": 1778808213.603216,
            "messages": 40,
            "ack": 45710
        },
        {
            "timestamp": 1778808218.608086,
            "messages": 51,
            "ack": 45715
        },
        {
            "timestamp": 1778808223.614209,
            "messages": 71,
            "ack": 45729
        },
        {
            "timestamp": 1778808228.619482,
            "messages": 88,
            "ack": 45739
        },
        {
            "timestamp": 1778808233.624704,
            "messages": 107,
            "ack": 45747
        },
        {
            "timestamp": 1778808238.629929,
            "messages": 126,
            "ack": 45757
        },
        {
            "timestamp": 1778808243.634164,
            "messages": 139,
            "ack": 45764
        },
        {
            "timestamp": 1778808248.63963,
            "messages": 139,
            "ack": 45775
        },
        {
            "timestamp": 1778808253.644684,
            "messages": 161,
            "ack": 45783
        },
        {
            "timestamp": 1778808258.651167,
            "messages": 175,
            "ack": 45793
        },
        {
            "timestamp": 1778808263.656071,
            "messages": 199,
            "ack": 45801
        },
        {
            "timestamp": 1778808268.662297,
            "messages": 208,
            "ack": 45811
        },
        {
            "timestamp": 1778808273.66797,
            "messages": 222,
            "ack": 45819
        },
        {
            "timestamp": 1778808278.672404,
            "messages": 246,
            "ack": 45829
        },
        {
            "timestamp": 1778808283.676652,
            "messages": 260,
            "ack": 45837
        },
        {
            "timestamp": 1778808288.681591,
            "messages": 276,
            "ack": 45847
        },
        {
            "timestamp": 1778808293.687109,
            "messages": 295,
            "ack": 45855
        },
        {
            "timestamp": 1778808298.692412,
            "messages": 311,
            "ack": 45865
        },
        {
            "timestamp": 1778808303.697555,
            "messages": 311,
            "ack": 45873
        },
        {
            "timestamp": 1778808308.703538,
            "messages": 333,
            "ack": 45883
        },
        {
            "timestamp": 1778808313.708817,
            "messages": 349,
            "ack": 45891
        },
        {
            "timestamp": 1778808318.713473,
            "messages": 363,
            "ack": 45901
        },
        {
            "timestamp": 1778808323.71845,
            "messages": 380,
            "ack": 45909
        },
        {
            "timestamp": 1778808328.722822,
            "messages": 396,
            "ack": 45919
        },
        {
            "timestamp": 1778808333.729436,
            "messages": 418,
            "ack": 45927
        },
        {
            "timestamp": 1778808338.733826,
            "messages": 434,
            "ack": 45937
        },
        {
            "timestamp": 1778808343.740537,
            "messages": 445,
            "ack": 45945
        },
        {
            "timestamp": 1778808348.745321,
            "messages": 469,
            "ack": 45955
        },
        {
            "timestamp": 1778808353.751199,
            "messages": 483,
            "ack": 45963
        },
        {
            "timestamp": 1778808358.756934,
            "messages": 483,
            "ack": 45973
        },
        {
            "timestamp": 1778808363.762032,
            "messages": 507,
            "ack": 45981
        },
        {
            "timestamp": 1778808368.76733,
            "messages": 521,
            "ack": 45992
        },
        {
            "timestamp": 1778808373.772115,
            "messages": 530,
            "ack": 45998
        },
        {
            "timestamp": 1778808378.777805,
            "messages": 547,
            "ack": 46009
        },
        {
            "timestamp": 1778808383.782647,
            "messages": 568,
            "ack": 46017
        },
        {
            "timestamp": 1778808388.78778,
            "messages": 584,
            "ack": 46027
        },
        {
            "timestamp": 1778808393.792836,
            "messages": 606,
            "ack": 46035
        },
        {
            "timestamp": 1778808398.798807,
            "messages": 622,
            "ack": 46045
        },
        {
            "timestamp": 1778808403.804008,
            "messages": 633,
            "ack": 46053
        },
        {
            "timestamp": 1778808408.808541,
            "messages": 657,
            "ack": 46063
        },
        {
            "timestamp": 1778808413.814078,
            "messages": 671,
            "ack": 46071
        },
        {
            "timestamp": 1778808418.820135,
            "messages": 671,
            "ack": 46081
        },
        {
            "timestamp": 1778808423.825287,
            "messages": 695,
            "ack": 46089
        },
        {
            "timestamp": 1778808428.830682,
            "messages": 709,
            "ack": 46100
        },
        {
            "timestamp": 1778808433.834805,
            "messages": 725,
            "ack": 46106
        },
        {
            "timestamp": 1778808438.839968,
            "messages": 735,
            "ack": 46117
        },
        {
            "timestamp": 1778808443.845074,
            "messages": 756,
            "ack": 46125
        },
        {
            "timestamp": 1778808448.851152,
            "messages": 794,
            "ack": 46135
        },
        {
            "timestamp": 1778808453.855394,
            "messages": 810,
            "ack": 46143
        },
        {
            "timestamp": 1778808458.860514,
            "messages": 821,
            "ack": 46153
        },
        {
            "timestamp": 1778808463.865755,
            "messages": 845,
            "ack": 46161
        },
        {
            "timestamp": 1778808468.87062,
            "messages": 859,
            "ack": 46171
        },
        {
            "timestamp": 1778808473.87515,
            "messages": 859,
            "ack": 46179
        },
        {
            "timestamp": 1778808478.880361,
            "messages": 883,
            "ack": 46189
        },
        {
            "timestamp": 1778808483.885353,
            "messages": 897,
            "ack": 46197
        },
        {
            "timestamp": 1778808488.889624,
            "messages": 906,
            "ack": 46207
        },
        {
            "timestamp": 1778808493.89431,
            "messages": 922,
            "ack": 46215
        },
        {
            "timestamp": 1778808498.899207,
            "messages": 944,
            "ack": 46225
        },
        {
            "timestamp": 1778808501.253197,
            "messages": 944,
            "ack": 46233
        }
    ]
}