{
    "active_periods": [
        {
            "start": 1777212219.092804,
            "end": 1777212523.028236,
            "duration_sec": 303.9354319572449,
            "tasks_completed": 368,
            "throughput_tps": 1.2107834799983677
        }
    ],
    "history": [
        {
            "timestamp": 1777212219.092804,
            "messages": 0,
            "ack": 82712
        },
        {
            "timestamp": 1777212224.099691,
            "messages": 2,
            "ack": 82714
        },
        {
            "timestamp": 1777212229.106821,
            "messages": 4,
            "ack": 82720
        },
        {
            "timestamp": 1777212234.111056,
            "messages": 3,
            "ack": 82726
        },
        {
            "timestamp": 1777212239.116904,
            "messages": 2,
            "ack": 82732
        },
        {
            "timestamp": 1777212244.122654,
            "messages": 2,
            "ack": 82738
        },
        {
            "timestamp": 1777212249.128433,
            "messages": 4,
            "ack": 82744
        },
        {
            "timestamp": 1777212254.133832,
            "messages": 4,
            "ack": 82750
        },
        {
            "timestamp": 1777212259.139289,
            "messages": 4,
            "ack": 82757
        },
        {
            "timestamp": 1777212264.146119,
            "messages": 2,
            "ack": 82764
        },
        {
            "timestamp": 1777212269.152269,
            "messages": 4,
            "ack": 82770
        },
        {
            "timestamp": 1777212274.156625,
            "messages": 4,
            "ack": 82776
        },
        {
            "timestamp": 1777212279.161833,
            "messages": 2,
            "ack": 82782
        },
        {
            "timestamp": 1777212284.16716,
            "messages": 4,
            "ack": 82788
        },
        {
            "timestamp": 1777212289.172384,
            "messages": 4,
            "ack": 82794
        },
        {
            "timestamp": 1777212294.177574,
            "messages": 6,
            "ack": 82800
        },
        {
            "timestamp": 1777212299.183399,
            "messages": 4,
            "ack": 82806
        },
        {
            "timestamp": 1777212304.188796,
            "messages": 4,
            "ack": 82812
        },
        {
            "timestamp": 1777212309.193681,
            "messages": 6,
            "ack": 82818
        },
        {
            "timestamp": 1777212314.200106,
            "messages": 6,
            "ack": 82824
        },
        {
            "timestamp": 1777212319.205123,
            "messages": 4,
            "ack": 82830
        },
        {
            "timestamp": 1777212324.211285,
            "messages": 4,
            "ack": 82836
        },
        {
            "timestamp": 1777212329.216848,
            "messages": 6,
            "ack": 82842
        },
        {
            "timestamp": 1777212334.221507,
            "messages": 6,
            "ack": 82848
        },
        {
            "timestamp": 1777212339.226847,
            "messages": 6,
            "ack": 82854
        },
        {
            "timestamp": 1777212344.232624,
            "messages": 4,
            "ack": 82860
        },
        {
            "timestamp": 1777212349.238028,
            "messages": 6,
            "ack": 82866
        },
        {
            "timestamp": 1777212354.242548,
            "messages": 6,
            "ack": 82874
        },
        {
            "timestamp": 1777212359.247898,
            "messages": 6,
            "ack": 82880
        },
        {
            "timestamp": 1777212364.255047,
            "messages": 6,
            "ack": 82886
        },
        {
            "timestamp": 1777212369.260793,
            "messages": 8,
            "ack": 82892
        },
        {
            "timestamp": 1777212374.268062,
            "messages": 6,
            "ack": 82898
        },
        {
            "timestamp": 1777212379.273986,
            "messages": 6,
            "ack": 82904
        },
        {
            "timestamp": 1777212384.279166,
            "messages": 8,
            "ack": 82910
        },
        {
            "timestamp": 1777212389.285229,
            "messages": 8,
            "ack": 82916
        },
        {
            "timestamp": 1777212394.291353,
            "messages": 6,
            "ack": 82922
        },
        {
            "timestamp": 1777212399.297031,
            "messages": 6,
            "ack": 82928
        },
        {
            "timestamp": 1777212404.301473,
            "messages": 8,
            "ack": 82934
        },
        {
            "timestamp": 1777212409.307485,
            "messages": 8,
            "ack": 82940
        },
        {
            "timestamp": 1777212414.313068,
            "messages": 8,
            "ack": 82946
        },
        {
            "timestamp": 1777212419.318795,
            "messages": 6,
            "ack": 82952
        },
        {
            "timestamp": 1777212424.323818,
            "messages": 8,
            "ack": 82958
        },
        {
            "timestamp": 1777212429.328513,
            "messages": 8,
            "ack": 82964
        },
        {
            "timestamp": 1777212434.334219,
            "messages": 8,
            "ack": 82970
        },
        {
            "timestamp": 1777212439.339027,
            "messages": 8,
            "ack": 82976
        },
        {
            "timestamp": 1777212444.345619,
            "messages": 10,
            "ack": 82982
        },
        {
            "timestamp": 1777212449.350225,
            "messages": 8,
            "ack": 82988
        },
        {
            "timestamp": 1777212454.354675,
            "messages": 8,
            "ack": 82995
        },
        {
            "timestamp": 1777212459.360278,
            "messages": 10,
            "ack": 83002
        },
        {
            "timestamp": 1777212464.365206,
            "messages": 10,
            "ack": 83008
        },
        {
            "timestamp": 1777212469.370353,
            "messages": 9,
            "ack": 83014
        },
        {
            "timestamp": 1777212474.37674,
            "messages": 8,
            "ack": 83020
        },
        {
            "timestamp": 1777212479.381796,
            "messages": 8,
            "ack": 83026
        },
        {
            "timestamp": 1777212484.386321,
            "messages": 8,
            "ack": 83032
        },
        {
            "timestamp": 1777212489.392225,
            "messages": 10,
            "ack": 83038
        },
        {
            "timestamp": 1777212494.397933,
            "messages": 10,
            "ack": 83044
        },
        {
            "timestamp": 1777212499.403465,
            "messages": 8,
            "ack": 83050
        },
        {
            "timestamp": 1777212504.409626,
            "messages": 10,
            "ack": 83056
        },
        {
            "timestamp": 1777212509.416425,
            "messages": 10,
            "ack": 83062
        },
        {
            "timestamp": 1777212514.422853,
            "messages": 12,
            "ack": 83068
        },
        {
            "timestamp": 1777212519.428462,
            "messages": 10,
            "ack": 83074
        },
        {
            "timestamp": 1777212523.016653,
            "messages": 10,
            "ack": 83080
        }
    ]
}