{
    "idx_task": 195,
    "task_name": "cpu_intensive",
    "duration": 1.626763105392456,
    "data": {
        "ppid": 655844,
        "voluntary_ctxt_switches": 1,
        "nonvoluntary_ctxt_switches": 10,
        "wchan": "Before: 0. After: 0",
        "delta_jiffies": null,
        "delta_time": null,
        "cpu_load": 0.0,
        "memory_mib": 0.27734375,
        "threads_before": [
            {
                "tid": 656066,
                "state": "R",
                "wchan": "0",
                "stack": null
            }
        ],
        "threads_after": [
            {
                "tid": 656066,
                "state": "R",
                "wchan": "0",
                "stack": null
            }
        ]
    },
    "timestamp": 1775326953.8941703
}
{
    "idx_task": 198,
    "task_name": "cpu_intensive",
    "duration": 1.72212815284729,
    "data": {
        "ppid": 655844,
        "voluntary_ctxt_switches": 1,
        "nonvoluntary_ctxt_switches": 18,
        "wchan": "Before: 0. After: 0",
        "delta_jiffies": null,
        "delta_time": 1.4615895460010506,
        "cpu_load": 0.0,
        "memory_mib": 0.0,
        "threads_before": [
            {
                "tid": 656066,
                "state": "R",
                "wchan": "0",
                "stack": null
            }
        ],
        "threads_after": [
            {
                "tid": 656066,
                "state": "R",
                "wchan": "0",
                "stack": null
            }
        ]
    },
    "timestamp": 1775326955.8767407
}
{
    "idx_task": 202,
    "task_name": "cpu_intensive",
    "duration": 1.6228961944580078,
    "data": {
        "ppid": 655844,
        "voluntary_ctxt_switches": 1,
        "nonvoluntary_ctxt_switches": 7,
        "wchan": "Before: 0. After: 0",
        "delta_jiffies": null,
        "delta_time": 1.3267326749919448,
        "cpu_load": 0.0,
        "memory_mib": 0.0,
        "threads_before": [
            {
                "tid": 656066,
                "state": "R",
                "wchan": "0",
                "stack": null
            }
        ],
        "threads_after": [
            {
                "tid": 656066,
                "state": "R",
                "wchan": "0",
                "stack": null
            }
        ]
    },
    "timestamp": 1775326957.7955844
}
{
    "idx_task": 206,
    "task_name": "cpu_intensive",
    "duration": 1.62727689743042,
    "data": {
        "ppid": 655844,
        "voluntary_ctxt_switches": 1,
        "nonvoluntary_ctxt_switches": 5,
        "wchan": "Before: 0. After: 0",
        "delta_jiffies": null,
        "delta_time": 1.2271129310247488,
        "cpu_load": 0.0,
        "memory_mib": 0.0,
        "threads_before": [
            {
                "tid": 656066,
                "state": "R",
                "wchan": "0",
                "stack": null
            }
        ],
        "threads_after": [
            {
                "tid": 656066,
                "state": "R",
                "wchan": "0",
                "stack": null
            }
        ]
    },
    "timestamp": 1775326959.8228953
}
{
    "idx_task": 210,
    "task_name": "cpu_intensive",
    "duration": 1.6100428104400635,
    "data": {
        "ppid": 655844,
        "voluntary_ctxt_switches": 1,
        "nonvoluntary_ctxt_switches": 5,
        "wchan": "Before: 0. After: 0",
        "delta_jiffies": null,
        "delta_time": 1.2023457989853341,
        "cpu_load": 0.0,
        "memory_mib": 0.00390625,
        "threads_before": [
            {
                "tid": 656066,
                "state": "R",
                "wchan": "0",
                "stack": null
            }
        ],
        "threads_after": [
            {
                "tid": 656066,
                "state": "R",
                "wchan": "0",
                "stack": null
            }
        ]
    },
    "timestamp": 1775326961.8403966
}
{
    "idx_task": 214,
    "task_name": "cpu_intensive",
    "duration": 1.599287509918213,
    "data": {
        "ppid": 655844,
        "voluntary_ctxt_switches": 1,
        "nonvoluntary_ctxt_switches": 13,
        "wchan": "Before: 0. After: 0",
        "delta_jiffies": null,
        "delta_time": 1.184839522029506,
        "cpu_load": 0.0,
        "memory_mib": 0.0,
        "threads_before": [
            {
                "tid": 656066,
                "state": "R",
                "wchan": "0",
                "stack": null
            }
        ],
        "threads_after": [
            {
                "tid": 656066,
                "state": "R",
                "wchan": "0",
                "stack": null
            }
        ]
    },
    "timestamp": 1775326963.853816
}
{
    "idx_task": 218,
    "task_name": "cpu_intensive",
    "duration": 1.6059885025024414,
    "data": {
        "ppid": 655844,
        "voluntary_ctxt_switches": 1,
        "nonvoluntary_ctxt_switches": 1,
        "wchan": "Before: 0. After: 0",
        "delta_jiffies": null,
        "delta_time": 1.1705953210184816,
        "cpu_load": 0.0,
        "memory_mib": 0.0,
        "threads_before": [
            {
                "tid": 656066,
                "state": "R",
                "wchan": "0",
                "stack": null
            }
        ],
        "threads_after": [
            {
                "tid": 656066,
                "state": "R",
                "wchan": "0",
                "stack": null
            }
        ]
    },
    "timestamp": 1775326965.8953345
}
{
    "idx_task": 222,
    "task_name": "cpu_intensive",
    "duration": 1.5968523025512695,
    "data": {
        "ppid": 655844,
        "voluntary_ctxt_switches": 1,
        "nonvoluntary_ctxt_switches": 1,
        "wchan": "Before: 0. After: 0",
        "delta_jiffies": null,
        "delta_time": 1.1717296190327033,
        "cpu_load": 0.0,
        "memory_mib": 0.0,
        "threads_before": [
            {
                "tid": 656066,
                "state": "R",
                "wchan": "0",
                "stack": null
            }
        ],
        "threads_after": [
            {
                "tid": 656066,
                "state": "R",
                "wchan": "0",
                "stack": null
            }
        ]
    },
    "timestamp": 1775326967.9172983
}
{
    "idx_task": 226,
    "task_name": "cpu_intensive",
    "duration": 1.6215758323669434,
    "data": {
        "ppid": 655844,
        "voluntary_ctxt_switches": 1,
        "nonvoluntary_ctxt_switches": 23,
        "wchan": "Before: 0. After: 0",
        "delta_jiffies": null,
        "delta_time": 1.192780106997816,
        "cpu_load": 0.0,
        "memory_mib": 0.0,
        "threads_before": [
            {
                "tid": 656066,
                "state": "R",
                "wchan": "0",
                "stack": null
            }
        ],
        "threads_after": [
            {
                "tid": 656066,
                "state": "R",
                "wchan": "0",
                "stack": null
            }
        ]
    },
    "timestamp": 1775326969.967592
}
{
    "idx_task": 230,
    "task_name": "cpu_intensive",
    "duration": 1.617598295211792,
    "data": {
        "ppid": 655844,
        "voluntary_ctxt_switches": 1,
        "nonvoluntary_ctxt_switches": 4,
        "wchan": "Before: 0. After: 0",
        "delta_jiffies": null,
        "delta_time": 1.2068418069684412,
        "cpu_load": 0.0,
        "memory_mib": 0.0,
        "threads_before": [
            {
                "tid": 656066,
                "state": "R",
                "wchan": "0",
                "stack": null
            }
        ],
        "threads_after": [
            {
                "tid": 656066,
                "state": "R",
                "wchan": "0",
                "stack": null
            }
        ]
    },
    "timestamp": 1775326971.9959118
}
{
    "idx_task": 234,
    "task_name": "cpu_intensive",
    "duration": 1.6059370040893555,
    "data": {
        "ppid": 655844,
        "voluntary_ctxt_switches": 1,
        "nonvoluntary_ctxt_switches": 3,
        "wchan": "Before: 0. After: 0",
        "delta_jiffies": null,
        "delta_time": 1.185820357000921,
        "cpu_load": 0.0,
        "memory_mib": 0.00390625,
        "threads_before": [
            {
                "tid": 656066,
                "state": "R",
                "wchan": "0",
                "stack": null
            }
        ],
        "threads_after": [
            {
                "tid": 656066,
                "state": "R",
                "wchan": "0",
                "stack": null
            }
        ]
    },
    "timestamp": 1775326974.0217762
}
{
    "idx_task": 238,
    "task_name": "cpu_intensive",
    "duration": 1.6198787689208984,
    "data": {
        "ppid": 655844,
        "voluntary_ctxt_switches": 1,
        "nonvoluntary_ctxt_switches": 10,
        "wchan": "Before: 0. After: 0",
        "delta_jiffies": null,
        "delta_time": 1.205391155963298,
        "cpu_load": 0.0,
        "memory_mib": 0.0,
        "threads_before": [
            {
                "tid": 656066,
                "state": "R",
                "wchan": "0",
                "stack": null
            }
        ],
        "threads_after": [
            {
                "tid": 656066,
                "state": "R",
                "wchan": "0",
                "stack": null
            }
        ]
    },
    "timestamp": 1775326976.0558577
}
{
    "idx_task": 242,
    "task_name": "cpu_intensive",
    "duration": 1.6363372802734375,
    "data": {
        "ppid": 655844,
        "voluntary_ctxt_switches": 1,
        "nonvoluntary_ctxt_switches": 5,
        "wchan": "Before: 0. After: 0",
        "delta_jiffies": null,
        "delta_time": 1.2249152989825234,
        "cpu_load": 0.0,
        "memory_mib": 0.0,
        "threads_before": [
            {
                "tid": 656066,
                "state": "R",
                "wchan": "0",
                "stack": null
            }
        ],
        "threads_after": [
            {
                "tid": 656066,
                "state": "R",
                "wchan": "0",
                "stack": null
            }
        ]
    },
    "timestamp": 1775326978.1033185
}
{
    "idx_task": 246,
    "task_name": "cpu_intensive",
    "duration": 1.6547064781188965,
    "data": {
        "ppid": 655844,
        "voluntary_ctxt_switches": 1,
        "nonvoluntary_ctxt_switches": 7,
        "wchan": "Before: 0. After: 0",
        "delta_jiffies": null,
        "delta_time": 1.2589335729717277,
        "cpu_load": 0.0,
        "memory_mib": 0.0,
        "threads_before": [
            {
                "tid": 656066,
                "state": "R",
                "wchan": "0",
                "stack": null
            }
        ],
        "threads_after": [
            {
                "tid": 656066,
                "state": "R",
                "wchan": "0",
                "stack": null
            }
        ]
    },
    "timestamp": 1775326980.1538198
}
{
    "idx_task": 250,
    "task_name": "cpu_intensive",
    "duration": 1.6637353897094727,
    "data": {
        "ppid": 655844,
        "voluntary_ctxt_switches": 1,
        "nonvoluntary_ctxt_switches": 15,
        "wchan": "Before: 0. After: 0",
        "delta_jiffies": null,
        "delta_time": 1.2988100909860805,
        "cpu_load": 0.0,
        "memory_mib": 0.0,
        "threads_before": [
            {
                "tid": 656066,
                "state": "R",
                "wchan": "0",
                "stack": null
            }
        ],
        "threads_after": [
            {
                "tid": 656066,
                "state": "R",
                "wchan": "0",
                "stack": null
            }
        ]
    },
    "timestamp": 1775326982.182326
}
{
    "idx_task": 254,
    "task_name": "cpu_intensive",
    "duration": 1.6547143459320068,
    "data": {
        "ppid": 655844,
        "voluntary_ctxt_switches": 1,
        "nonvoluntary_ctxt_switches": 5,
        "wchan": "Before: 0. After: 0",
        "delta_jiffies": null,
        "delta_time": 1.2848568260087632,
        "cpu_load": 0.0,
        "memory_mib": 0.0,
        "threads_before": [
            {
                "tid": 656066,
                "state": "R",
                "wchan": "0",
                "stack": null
            }
        ],
        "threads_after": [
            {
                "tid": 656066,
                "state": "R",
                "wchan": "0",
                "stack": null
            }
        ]
    },
    "timestamp": 1775326984.2065306
}
