{
    "idx_task": 323,
    "task_name": "cpu_intensive",
    "duration": 1.6440050601959229,
    "data": {
        "ppid": 655844,
        "voluntary_ctxt_switches": 1,
        "nonvoluntary_ctxt_switches": 1,
        "wchan": "Before: 0. After: 0",
        "delta_jiffies": null,
        "delta_time": null,
        "cpu_load": 0.0,
        "memory_mib": 0.18359375,
        "threads_before": [
            {
                "tid": 656348,
                "state": "R",
                "wchan": "0",
                "stack": null
            }
        ],
        "threads_after": [
            {
                "tid": 656348,
                "state": "R",
                "wchan": "0",
                "stack": null
            }
        ]
    },
    "timestamp": 1775327018.796825
}
{
    "idx_task": 326,
    "task_name": "cpu_intensive",
    "duration": 1.6106576919555664,
    "data": {
        "ppid": 655844,
        "voluntary_ctxt_switches": 1,
        "nonvoluntary_ctxt_switches": 25,
        "wchan": "Before: 0. After: 0",
        "delta_jiffies": null,
        "delta_time": 1.3639723020023666,
        "cpu_load": 0.0,
        "memory_mib": 0.0,
        "threads_before": [
            {
                "tid": 656348,
                "state": "R",
                "wchan": "0",
                "stack": null
            }
        ],
        "threads_after": [
            {
                "tid": 656348,
                "state": "R",
                "wchan": "0",
                "stack": null
            }
        ]
    },
    "timestamp": 1775327020.6536748
}
{
    "idx_task": 330,
    "task_name": "cpu_intensive",
    "duration": 1.7050693035125732,
    "data": {
        "ppid": 655844,
        "voluntary_ctxt_switches": 1,
        "nonvoluntary_ctxt_switches": 9,
        "wchan": "Before: 0. After: 0",
        "delta_jiffies": null,
        "delta_time": 1.288013929995941,
        "cpu_load": 0.0,
        "memory_mib": 0.0,
        "threads_before": [
            {
                "tid": 656348,
                "state": "R",
                "wchan": "0",
                "stack": null
            }
        ],
        "threads_after": [
            {
                "tid": 656348,
                "state": "R",
                "wchan": "0",
                "stack": null
            }
        ]
    },
    "timestamp": 1775327022.7755394
}
{
    "idx_task": 334,
    "task_name": "cpu_intensive",
    "duration": 1.6358551979064941,
    "data": {
        "ppid": 655844,
        "voluntary_ctxt_switches": 1,
        "nonvoluntary_ctxt_switches": 0,
        "wchan": "Before: 0. After: 0",
        "delta_jiffies": null,
        "delta_time": 1.3161453739739954,
        "cpu_load": 0.0,
        "memory_mib": 0.0,
        "threads_before": [
            {
                "tid": 656348,
                "state": "R",
                "wchan": "0",
                "stack": null
            }
        ],
        "threads_after": [
            {
                "tid": 656348,
                "state": "R",
                "wchan": "0",
                "stack": null
            }
        ]
    },
    "timestamp": 1775327024.7306974
}
{
    "idx_task": 338,
    "task_name": "cpu_intensive",
    "duration": 1.6298589706420898,
    "data": {
        "ppid": 655844,
        "voluntary_ctxt_switches": 1,
        "nonvoluntary_ctxt_switches": 11,
        "wchan": "Before: 0. After: 0",
        "delta_jiffies": 62,
        "delta_time": 1.2314524649700616,
        "cpu_load": 50.35,
        "memory_mib": 0.0,
        "threads_before": [
            {
                "tid": 656348,
                "state": "R",
                "wchan": "0",
                "stack": null
            }
        ],
        "threads_after": [
            {
                "tid": 656348,
                "state": "R",
                "wchan": "0",
                "stack": null
            }
        ]
    },
    "timestamp": 1775327026.7587335
}
{
    "idx_task": 342,
    "task_name": "cpu_intensive",
    "duration": 1.6651971340179443,
    "data": {
        "ppid": 655844,
        "voluntary_ctxt_switches": 1,
        "nonvoluntary_ctxt_switches": 4,
        "wchan": "Before: 0. After: 0",
        "delta_jiffies": null,
        "delta_time": 1.2698417569627054,
        "cpu_load": 0.0,
        "memory_mib": 0.0,
        "threads_before": [
            {
                "tid": 656348,
                "state": "R",
                "wchan": "0",
                "stack": null
            }
        ],
        "threads_after": [
            {
                "tid": 656348,
                "state": "R",
                "wchan": "0",
                "stack": null
            }
        ]
    },
    "timestamp": 1775327028.819214
}
{
    "idx_task": 346,
    "task_name": "cpu_intensive",
    "duration": 1.6514527797698975,
    "data": {
        "ppid": 655844,
        "voluntary_ctxt_switches": 1,
        "nonvoluntary_ctxt_switches": 2,
        "wchan": "Before: 0. After: 0",
        "delta_jiffies": null,
        "delta_time": 1.2971187889634166,
        "cpu_load": 0.0,
        "memory_mib": 0.0,
        "threads_before": [
            {
                "tid": 656348,
                "state": "R",
                "wchan": "0",
                "stack": null
            }
        ],
        "threads_after": [
            {
                "tid": 656348,
                "state": "R",
                "wchan": "0",
                "stack": null
            }
        ]
    },
    "timestamp": 1775327030.824691
}
{
    "idx_task": 350,
    "task_name": "cpu_intensive",
    "duration": 1.6366045475006104,
    "data": {
        "ppid": 655844,
        "voluntary_ctxt_switches": 1,
        "nonvoluntary_ctxt_switches": 9,
        "wchan": "Before: 0. After: 0",
        "delta_jiffies": null,
        "delta_time": 1.251289980020374,
        "cpu_load": 0.0,
        "memory_mib": 0.0,
        "threads_before": [
            {
                "tid": 656348,
                "state": "R",
                "wchan": "0",
                "stack": null
            }
        ],
        "threads_after": [
            {
                "tid": 656348,
                "state": "R",
                "wchan": "0",
                "stack": null
            }
        ]
    },
    "timestamp": 1775327032.8462348
}
{
    "idx_task": 354,
    "task_name": "cpu_intensive",
    "duration": 1.6328542232513428,
    "data": {
        "ppid": 655844,
        "voluntary_ctxt_switches": 1,
        "nonvoluntary_ctxt_switches": 2,
        "wchan": "Before: 0. After: 0",
        "delta_jiffies": null,
        "delta_time": 1.2456810340227094,
        "cpu_load": 0.0,
        "memory_mib": 0.0,
        "threads_before": [
            {
                "tid": 656348,
                "state": "R",
                "wchan": "0",
                "stack": null
            }
        ],
        "threads_after": [
            {
                "tid": 656348,
                "state": "R",
                "wchan": "0",
                "stack": null
            }
        ]
    },
    "timestamp": 1775327034.865968
}
{
    "idx_task": 358,
    "task_name": "cpu_intensive",
    "duration": 1.6642131805419922,
    "data": {
        "ppid": 655844,
        "voluntary_ctxt_switches": 1,
        "nonvoluntary_ctxt_switches": 1,
        "wchan": "Before: 0. After: 0",
        "delta_jiffies": null,
        "delta_time": 1.2596398250025231,
        "cpu_load": 0.0,
        "memory_mib": 0.00390625,
        "threads_before": [
            {
                "tid": 656348,
                "state": "R",
                "wchan": "0",
                "stack": null
            }
        ],
        "threads_after": [
            {
                "tid": 656348,
                "state": "R",
                "wchan": "0",
                "stack": null
            }
        ]
    },
    "timestamp": 1775327036.934459
}
{
    "idx_task": 362,
    "task_name": "cpu_intensive",
    "duration": 1.6427037715911865,
    "data": {
        "ppid": 655844,
        "voluntary_ctxt_switches": 1,
        "nonvoluntary_ctxt_switches": 21,
        "wchan": "Before: 0. After: 0",
        "delta_jiffies": null,
        "delta_time": 1.2780375099973753,
        "cpu_load": 0.0,
        "memory_mib": 0.0,
        "threads_before": [
            {
                "tid": 656348,
                "state": "R",
                "wchan": "0",
                "stack": null
            }
        ],
        "threads_after": [
            {
                "tid": 656348,
                "state": "R",
                "wchan": "0",
                "stack": null
            }
        ]
    },
    "timestamp": 1775327038.9415455
}
{
    "idx_task": 366,
    "task_name": "cpu_intensive",
    "duration": 1.6590368747711182,
    "data": {
        "ppid": 655844,
        "voluntary_ctxt_switches": 1,
        "nonvoluntary_ctxt_switches": 56,
        "wchan": "Before: 0. After: 0",
        "delta_jiffies": null,
        "delta_time": 1.2823319039889611,
        "cpu_load": 0.0,
        "memory_mib": 0.0,
        "threads_before": [
            {
                "tid": 656348,
                "state": "R",
                "wchan": "0",
                "stack": null
            }
        ],
        "threads_after": [
            {
                "tid": 656348,
                "state": "R",
                "wchan": "0",
                "stack": null
            }
        ]
    },
    "timestamp": 1775327040.9771602
}
{
    "idx_task": 370,
    "task_name": "cpu_intensive",
    "duration": 1.6534271240234375,
    "data": {
        "ppid": 655844,
        "voluntary_ctxt_switches": 1,
        "nonvoluntary_ctxt_switches": 22,
        "wchan": "Before: 0. After: 0",
        "delta_jiffies": null,
        "delta_time": 1.2785442380118184,
        "cpu_load": 0.0,
        "memory_mib": 0.0,
        "threads_before": [
            {
                "tid": 656348,
                "state": "R",
                "wchan": "0",
                "stack": null
            }
        ],
        "threads_after": [
            {
                "tid": 656348,
                "state": "R",
                "wchan": "0",
                "stack": null
            }
        ]
    },
    "timestamp": 1775327043.005308
}
{
    "idx_task": 374,
    "task_name": "cpu_intensive",
    "duration": 1.6775257587432861,
    "data": {
        "ppid": 655844,
        "voluntary_ctxt_switches": 1,
        "nonvoluntary_ctxt_switches": 4,
        "wchan": "Before: 0. After: 0",
        "delta_jiffies": null,
        "delta_time": 1.3081619129807223,
        "cpu_load": 0.0,
        "memory_mib": 0.00390625,
        "threads_before": [
            {
                "tid": 656348,
                "state": "R",
                "wchan": "0",
                "stack": null
            }
        ],
        "threads_after": [
            {
                "tid": 656348,
                "state": "R",
                "wchan": "0",
                "stack": null
            }
        ]
    },
    "timestamp": 1775327045.051785
}
{
    "idx_task": 378,
    "task_name": "cpu_intensive",
    "duration": 1.6315557956695557,
    "data": {
        "ppid": 655844,
        "voluntary_ctxt_switches": 1,
        "nonvoluntary_ctxt_switches": 19,
        "wchan": "Before: 0. After: 0",
        "delta_jiffies": null,
        "delta_time": 1.2790453549823724,
        "cpu_load": 0.0,
        "memory_mib": 0.0,
        "threads_before": [
            {
                "tid": 656348,
                "state": "R",
                "wchan": "0",
                "stack": null
            }
        ],
        "threads_after": [
            {
                "tid": 656348,
                "state": "R",
                "wchan": "0",
                "stack": null
            }
        ]
    },
    "timestamp": 1775327047.0354924
}
{
    "idx_task": 382,
    "task_name": "cpu_intensive",
    "duration": 1.6247742176055908,
    "data": {
        "ppid": 655844,
        "voluntary_ctxt_switches": 1,
        "nonvoluntary_ctxt_switches": 1,
        "wchan": "Before: 0. After: 0",
        "delta_jiffies": null,
        "delta_time": 1.2241137830133084,
        "cpu_load": 0.0,
        "memory_mib": 0.0,
        "threads_before": [
            {
                "tid": 656348,
                "state": "R",
                "wchan": "0",
                "stack": null
            }
        ],
        "threads_after": [
            {
                "tid": 656348,
                "state": "R",
                "wchan": "0",
                "stack": null
            }
        ]
    },
    "timestamp": 1775327049.0607135
}
