{
    "idx_task": 132,
    "task_name": "cpu_intensive",
    "duration": 1.6132144927978516,
    "data": {
        "ppid": 655844,
        "voluntary_ctxt_switches": 1,
        "nonvoluntary_ctxt_switches": 1,
        "wchan": "Before: 0. After: 0",
        "delta_jiffies": null,
        "delta_time": null,
        "cpu_load": 0.0,
        "memory_mib": 0.28125,
        "threads_before": [
            {
                "tid": 656052,
                "state": "R",
                "wchan": "0",
                "stack": null
            }
        ],
        "threads_after": [
            {
                "tid": 656052,
                "state": "R",
                "wchan": "0",
                "stack": null
            }
        ]
    },
    "timestamp": 1775326921.445539
}
{
    "idx_task": 136,
    "task_name": "cpu_intensive",
    "duration": 1.6264874935150146,
    "data": {
        "ppid": 655844,
        "voluntary_ctxt_switches": 1,
        "nonvoluntary_ctxt_switches": 3,
        "wchan": "Before: 0. After: 0",
        "delta_jiffies": null,
        "delta_time": 1.3459883570321836,
        "cpu_load": 0.0,
        "memory_mib": 0.0,
        "threads_before": [
            {
                "tid": 656052,
                "state": "R",
                "wchan": "0",
                "stack": null
            }
        ],
        "threads_after": [
            {
                "tid": 656052,
                "state": "R",
                "wchan": "0",
                "stack": null
            }
        ]
    },
    "timestamp": 1775326923.3521516
}
{
    "idx_task": 140,
    "task_name": "cpu_intensive",
    "duration": 1.606344223022461,
    "data": {
        "ppid": 655844,
        "voluntary_ctxt_switches": 1,
        "nonvoluntary_ctxt_switches": 9,
        "wchan": "Before: 0. After: 0",
        "delta_jiffies": null,
        "delta_time": 1.200086119963089,
        "cpu_load": 0.0,
        "memory_mib": 0.0,
        "threads_before": [
            {
                "tid": 656052,
                "state": "R",
                "wchan": "0",
                "stack": null
            }
        ],
        "threads_after": [
            {
                "tid": 656052,
                "state": "R",
                "wchan": "0",
                "stack": null
            }
        ]
    },
    "timestamp": 1775326925.364429
}
{
    "idx_task": 144,
    "task_name": "cpu_intensive",
    "duration": 1.6565101146697998,
    "data": {
        "ppid": 655844,
        "voluntary_ctxt_switches": 1,
        "nonvoluntary_ctxt_switches": 1,
        "wchan": "Before: 0. After: 0",
        "delta_jiffies": null,
        "delta_time": 1.243211460969178,
        "cpu_load": 0.0,
        "memory_mib": 0.0,
        "threads_before": [
            {
                "tid": 656052,
                "state": "R",
                "wchan": "0",
                "stack": null
            }
        ],
        "threads_after": [
            {
                "tid": 656052,
                "state": "R",
                "wchan": "0",
                "stack": null
            }
        ]
    },
    "timestamp": 1775326927.4340506
}
{
    "idx_task": 148,
    "task_name": "cpu_intensive",
    "duration": 1.664252758026123,
    "data": {
        "ppid": 655844,
        "voluntary_ctxt_switches": 1,
        "nonvoluntary_ctxt_switches": 2,
        "wchan": "Before: 0. After: 0",
        "delta_jiffies": null,
        "delta_time": 1.299696039990522,
        "cpu_load": 0.0,
        "memory_mib": 0.0,
        "threads_before": [
            {
                "tid": 656052,
                "state": "R",
                "wchan": "0",
                "stack": null
            }
        ],
        "threads_after": [
            {
                "tid": 656052,
                "state": "R",
                "wchan": "0",
                "stack": null
            }
        ]
    },
    "timestamp": 1775326929.4627516
}
{
    "idx_task": 152,
    "task_name": "cpu_intensive",
    "duration": 1.6299149990081787,
    "data": {
        "ppid": 655844,
        "voluntary_ctxt_switches": 1,
        "nonvoluntary_ctxt_switches": 1,
        "wchan": "Before: 0. After: 0",
        "delta_jiffies": 61,
        "delta_time": 1.2611102250230033,
        "cpu_load": 48.37,
        "memory_mib": 0.0,
        "threads_before": [
            {
                "tid": 656052,
                "state": "R",
                "wchan": "0",
                "stack": null
            }
        ],
        "threads_after": [
            {
                "tid": 656052,
                "state": "R",
                "wchan": "0",
                "stack": null
            }
        ]
    },
    "timestamp": 1775326931.4612567
}
{
    "idx_task": 156,
    "task_name": "cpu_intensive",
    "duration": 1.6177823543548584,
    "data": {
        "ppid": 655844,
        "voluntary_ctxt_switches": 1,
        "nonvoluntary_ctxt_switches": 14,
        "wchan": "Before: 0. After: 0",
        "delta_jiffies": 60,
        "delta_time": 1.2306580700096674,
        "cpu_load": 48.75,
        "memory_mib": 0.0,
        "threads_before": [
            {
                "tid": 656052,
                "state": "R",
                "wchan": "0",
                "stack": null
            }
        ],
        "threads_after": [
            {
                "tid": 656052,
                "state": "R",
                "wchan": "0",
                "stack": null
            }
        ]
    },
    "timestamp": 1775326933.4658341
}
{
    "idx_task": 160,
    "task_name": "cpu_intensive",
    "duration": 1.6703097820281982,
    "data": {
        "ppid": 655844,
        "voluntary_ctxt_switches": 1,
        "nonvoluntary_ctxt_switches": 0,
        "wchan": "Before: 0. After: 0",
        "delta_jiffies": null,
        "delta_time": 1.254494414984947,
        "cpu_load": 0.0,
        "memory_mib": 0.00390625,
        "threads_before": [
            {
                "tid": 656052,
                "state": "R",
                "wchan": "0",
                "stack": null
            }
        ],
        "threads_after": [
            {
                "tid": 656052,
                "state": "R",
                "wchan": "0",
                "stack": null
            }
        ]
    },
    "timestamp": 1775326935.551649
}
{
    "idx_task": 164,
    "task_name": "cpu_intensive",
    "duration": 1.5977721214294434,
    "data": {
        "ppid": 655844,
        "voluntary_ctxt_switches": 1,
        "nonvoluntary_ctxt_switches": 6,
        "wchan": "Before: 0. After: 0",
        "delta_jiffies": null,
        "delta_time": 1.23281467196648,
        "cpu_load": 0.0,
        "memory_mib": 0.0,
        "threads_before": [
            {
                "tid": 656052,
                "state": "R",
                "wchan": "0",
                "stack": null
            }
        ],
        "threads_after": [
            {
                "tid": 656052,
                "state": "R",
                "wchan": "0",
                "stack": null
            }
        ]
    },
    "timestamp": 1775326937.514075
}
{
    "idx_task": 168,
    "task_name": "cpu_intensive",
    "duration": 1.5968377590179443,
    "data": {
        "ppid": 655844,
        "voluntary_ctxt_switches": 1,
        "nonvoluntary_ctxt_switches": 5,
        "wchan": "Before: 0. After: 0",
        "delta_jiffies": 59,
        "delta_time": 1.1699923189880792,
        "cpu_load": 50.43,
        "memory_mib": 0.0,
        "threads_before": [
            {
                "tid": 656052,
                "state": "R",
                "wchan": "0",
                "stack": null
            }
        ],
        "threads_after": [
            {
                "tid": 656052,
                "state": "R",
                "wchan": "0",
                "stack": null
            }
        ]
    },
    "timestamp": 1775326939.5375752
}
{
    "idx_task": 172,
    "task_name": "cpu_intensive",
    "duration": 1.6356027126312256,
    "data": {
        "ppid": 655844,
        "voluntary_ctxt_switches": 1,
        "nonvoluntary_ctxt_switches": 1,
        "wchan": "Before: 0. After: 0",
        "delta_jiffies": null,
        "delta_time": 1.1991945700137876,
        "cpu_load": 0.0,
        "memory_mib": 0.0,
        "threads_before": [
            {
                "tid": 656052,
                "state": "R",
                "wchan": "0",
                "stack": null
            }
        ],
        "threads_after": [
            {
                "tid": 656052,
                "state": "R",
                "wchan": "0",
                "stack": null
            }
        ]
    },
    "timestamp": 1775326941.609353
}
{
    "idx_task": 176,
    "task_name": "cpu_intensive",
    "duration": 1.5900378227233887,
    "data": {
        "ppid": 655844,
        "voluntary_ctxt_switches": 1,
        "nonvoluntary_ctxt_switches": 7,
        "wchan": "Before: 0. After: 0",
        "delta_jiffies": null,
        "delta_time": 1.1870969559822697,
        "cpu_load": 0.0,
        "memory_mib": 0.0,
        "threads_before": [
            {
                "tid": 656052,
                "state": "R",
                "wchan": "0",
                "stack": null
            }
        ],
        "threads_after": [
            {
                "tid": 656052,
                "state": "R",
                "wchan": "0",
                "stack": null
            }
        ]
    },
    "timestamp": 1775326943.6019156
}
{
    "idx_task": 180,
    "task_name": "cpu_intensive",
    "duration": 1.604088544845581,
    "data": {
        "ppid": 655844,
        "voluntary_ctxt_switches": 1,
        "nonvoluntary_ctxt_switches": 3,
        "wchan": "Before: 0. After: 0",
        "delta_jiffies": null,
        "delta_time": 1.1700179140025284,
        "cpu_load": 0.0,
        "memory_mib": 0.0,
        "threads_before": [
            {
                "tid": 656052,
                "state": "R",
                "wchan": "0",
                "stack": null
            }
        ],
        "threads_after": [
            {
                "tid": 656052,
                "state": "R",
                "wchan": "0",
                "stack": null
            }
        ]
    },
    "timestamp": 1775326945.639679
}
{
    "idx_task": 184,
    "task_name": "cpu_intensive",
    "duration": 1.6369099617004395,
    "data": {
        "ppid": 655844,
        "voluntary_ctxt_switches": 1,
        "nonvoluntary_ctxt_switches": 2,
        "wchan": "Before: 0. After: 0",
        "delta_jiffies": null,
        "delta_time": 1.2086224270169623,
        "cpu_load": 0.0,
        "memory_mib": 0.0,
        "threads_before": [
            {
                "tid": 656052,
                "state": "R",
                "wchan": "0",
                "stack": null
            }
        ],
        "threads_after": [
            {
                "tid": 656052,
                "state": "R",
                "wchan": "0",
                "stack": null
            }
        ]
    },
    "timestamp": 1775326947.7044432
}
{
    "idx_task": 188,
    "task_name": "cpu_intensive",
    "duration": 1.614328145980835,
    "data": {
        "ppid": 655844,
        "voluntary_ctxt_switches": 1,
        "nonvoluntary_ctxt_switches": 1,
        "wchan": "Before: 0. After: 0",
        "delta_jiffies": null,
        "delta_time": 1.221776476042578,
        "cpu_load": 0.0,
        "memory_mib": 0.0,
        "threads_before": [
            {
                "tid": 656052,
                "state": "R",
                "wchan": "0",
                "stack": null
            }
        ],
        "threads_after": [
            {
                "tid": 656052,
                "state": "R",
                "wchan": "0",
                "stack": null
            }
        ]
    },
    "timestamp": 1775326949.7110648
}
{
    "idx_task": 192,
    "task_name": "cpu_intensive",
    "duration": 1.6006824970245361,
    "data": {
        "ppid": 655844,
        "voluntary_ctxt_switches": 1,
        "nonvoluntary_ctxt_switches": 3,
        "wchan": "Before: 0. After: 0",
        "delta_jiffies": null,
        "delta_time": 1.1901942960103042,
        "cpu_load": 0.0,
        "memory_mib": 0.0,
        "threads_before": [
            {
                "tid": 656052,
                "state": "R",
                "wchan": "0",
                "stack": null
            }
        ],
        "threads_after": [
            {
                "tid": 656052,
                "state": "R",
                "wchan": "0",
                "stack": null
            }
        ]
    },
    "timestamp": 1775326951.722038
}
{
    "idx_task": 193,
    "task_name": "cpu_intensive",
    "duration": 1.5991311073303223,
    "data": {
        "ppid": 655844,
        "voluntary_ctxt_switches": 1,
        "nonvoluntary_ctxt_switches": 15,
        "wchan": "Before: 0. After: 0",
        "delta_jiffies": null,
        "delta_time": 1.0542522339674179,
        "cpu_load": 0.0,
        "memory_mib": 0.0,
        "threads_before": [
            {
                "tid": 656052,
                "state": "R",
                "wchan": "0",
                "stack": null
            }
        ],
        "threads_after": [
            {
                "tid": 656052,
                "state": "R",
                "wchan": "0",
                "stack": null
            }
        ]
    },
    "timestamp": 1775326953.8658621
}
{
    "idx_task": 200,
    "task_name": "cpu_intensive",
    "duration": 1.7902309894561768,
    "data": {
        "ppid": 655844,
        "voluntary_ctxt_switches": 1,
        "nonvoluntary_ctxt_switches": 11,
        "wchan": "Before: 0. After: 0",
        "delta_jiffies": null,
        "delta_time": 1.4921942079963628,
        "cpu_load": 0.0,
        "memory_mib": 0.0,
        "threads_before": [
            {
                "tid": 656052,
                "state": "R",
                "wchan": "0",
                "stack": null
            }
        ],
        "threads_after": [
            {
                "tid": 656052,
                "state": "R",
                "wchan": "0",
                "stack": null
            }
        ]
    },
    "timestamp": 1775326955.953937
}
{
    "idx_task": 204,
    "task_name": "cpu_intensive",
    "duration": 1.6215898990631104,
    "data": {
        "ppid": 655844,
        "voluntary_ctxt_switches": 1,
        "nonvoluntary_ctxt_switches": 6,
        "wchan": "Before: 0. After: 0",
        "delta_jiffies": null,
        "delta_time": 1.391545103979297,
        "cpu_load": 0.0,
        "memory_mib": 0.0,
        "threads_before": [
            {
                "tid": 656052,
                "state": "R",
                "wchan": "0",
                "stack": null
            }
        ],
        "threads_after": [
            {
                "tid": 656052,
                "state": "R",
                "wchan": "0",
                "stack": null
            }
        ]
    },
    "timestamp": 1775326957.8053138
}
{
    "idx_task": 208,
    "task_name": "cpu_intensive",
    "duration": 1.5939886569976807,
    "data": {
        "ppid": 655844,
        "voluntary_ctxt_switches": 1,
        "nonvoluntary_ctxt_switches": 5,
        "wchan": "Before: 0. After: 0",
        "delta_jiffies": null,
        "delta_time": 1.192003491014475,
        "cpu_load": 0.0,
        "memory_mib": 0.0,
        "threads_before": [
            {
                "tid": 656052,
                "state": "R",
                "wchan": "0",
                "stack": null
            }
        ],
        "threads_after": [
            {
                "tid": 656052,
                "state": "R",
                "wchan": "0",
                "stack": null
            }
        ]
    },
    "timestamp": 1775326959.80101
}
{
    "idx_task": 212,
    "task_name": "cpu_intensive",
    "duration": 1.6323826313018799,
    "data": {
        "ppid": 655844,
        "voluntary_ctxt_switches": 1,
        "nonvoluntary_ctxt_switches": 3,
        "wchan": "Before: 0. After: 0",
        "delta_jiffies": 62,
        "delta_time": 1.1914260820194613,
        "cpu_load": 52.04,
        "memory_mib": 0.00390625,
        "threads_before": [
            {
                "tid": 656052,
                "state": "R",
                "wchan": "0",
                "stack": null
            }
        ],
        "threads_after": [
            {
                "tid": 656052,
                "state": "R",
                "wchan": "0",
                "stack": null
            }
        ]
    },
    "timestamp": 1775326961.8741627
}
{
    "idx_task": 216,
    "task_name": "cpu_intensive",
    "duration": 1.614720344543457,
    "data": {
        "ppid": 655844,
        "voluntary_ctxt_switches": 1,
        "nonvoluntary_ctxt_switches": 9,
        "wchan": "Before: 0. After: 0",
        "delta_jiffies": null,
        "delta_time": 1.222296461026417,
        "cpu_load": 0.0,
        "memory_mib": 0.0,
        "threads_before": [
            {
                "tid": 656052,
                "state": "R",
                "wchan": "0",
                "stack": null
            }
        ],
        "threads_after": [
            {
                "tid": 656052,
                "state": "R",
                "wchan": "0",
                "stack": null
            }
        ]
    },
    "timestamp": 1775326963.880987
}
{
    "idx_task": 220,
    "task_name": "cpu_intensive",
    "duration": 1.6407732963562012,
    "data": {
        "ppid": 655844,
        "voluntary_ctxt_switches": 1,
        "nonvoluntary_ctxt_switches": 4,
        "wchan": "Before: 0. After: 0",
        "delta_jiffies": null,
        "delta_time": 1.224256123037776,
        "cpu_load": 0.0,
        "memory_mib": 0.0,
        "threads_before": [
            {
                "tid": 656052,
                "state": "R",
                "wchan": "0",
                "stack": null
            }
        ],
        "threads_after": [
            {
                "tid": 656052,
                "state": "R",
                "wchan": "0",
                "stack": null
            }
        ]
    },
    "timestamp": 1775326965.9381022
}
{
    "idx_task": 224,
    "task_name": "cpu_intensive",
    "duration": 1.6076881885528564,
    "data": {
        "ppid": 655844,
        "voluntary_ctxt_switches": 1,
        "nonvoluntary_ctxt_switches": 4,
        "wchan": "Before: 0. After: 0",
        "delta_jiffies": null,
        "delta_time": 1.212794743012637,
        "cpu_load": 0.0,
        "memory_mib": 0.0,
        "threads_before": [
            {
                "tid": 656052,
                "state": "R",
                "wchan": "0",
                "stack": null
            }
        ],
        "threads_after": [
            {
                "tid": 656052,
                "state": "R",
                "wchan": "0",
                "stack": null
            }
        ]
    },
    "timestamp": 1775326967.9405565
}
{
    "idx_task": 228,
    "task_name": "cpu_intensive",
    "duration": 1.6079251766204834,
    "data": {
        "ppid": 655844,
        "voluntary_ctxt_switches": 1,
        "nonvoluntary_ctxt_switches": 4,
        "wchan": "Before: 0. After: 0",
        "delta_jiffies": null,
        "delta_time": 1.1827761380118318,
        "cpu_load": 0.0,
        "memory_mib": 0.0,
        "threads_before": [
            {
                "tid": 656052,
                "state": "R",
                "wchan": "0",
                "stack": null
            }
        ],
        "threads_after": [
            {
                "tid": 656052,
                "state": "R",
                "wchan": "0",
                "stack": null
            }
        ]
    },
    "timestamp": 1775326969.973518
}
{
    "idx_task": 232,
    "task_name": "cpu_intensive",
    "duration": 1.6321501731872559,
    "data": {
        "ppid": 655844,
        "voluntary_ctxt_switches": 1,
        "nonvoluntary_ctxt_switches": 8,
        "wchan": "Before: 0. After: 0",
        "delta_jiffies": 62,
        "delta_time": 1.2068659809592646,
        "cpu_load": 51.37,
        "memory_mib": 0.0,
        "threads_before": [
            {
                "tid": 656052,
                "state": "R",
                "wchan": "0",
                "stack": null
            }
        ],
        "threads_after": [
            {
                "tid": 656052,
                "state": "R",
                "wchan": "0",
                "stack": null
            }
        ]
    },
    "timestamp": 1775326972.0307102
}
{
    "idx_task": 236,
    "task_name": "cpu_intensive",
    "duration": 1.5938832759857178,
    "data": {
        "ppid": 655844,
        "voluntary_ctxt_switches": 1,
        "nonvoluntary_ctxt_switches": 2,
        "wchan": "Before: 0. After: 0",
        "delta_jiffies": null,
        "delta_time": 1.2004478729795665,
        "cpu_load": 0.0,
        "memory_mib": 0.0,
        "threads_before": [
            {
                "tid": 656052,
                "state": "R",
                "wchan": "0",
                "stack": null
            }
        ],
        "threads_after": [
            {
                "tid": 656052,
                "state": "R",
                "wchan": "0",
                "stack": null
            }
        ]
    },
    "timestamp": 1775326974.0176644
}
{
    "idx_task": 240,
    "task_name": "cpu_intensive",
    "duration": 1.6379947662353516,
    "data": {
        "ppid": 655844,
        "voluntary_ctxt_switches": 1,
        "nonvoluntary_ctxt_switches": 2,
        "wchan": "Before: 0. After: 0",
        "delta_jiffies": 62,
        "delta_time": 1.1997096089762636,
        "cpu_load": 51.68,
        "memory_mib": 0.0,
        "threads_before": [
            {
                "tid": 656052,
                "state": "R",
                "wchan": "0",
                "stack": null
            }
        ],
        "threads_after": [
            {
                "tid": 656052,
                "state": "R",
                "wchan": "0",
                "stack": null
            }
        ]
    },
    "timestamp": 1775326976.0937433
}
{
    "idx_task": 244,
    "task_name": "cpu_intensive",
    "duration": 1.6100232601165771,
    "data": {
        "ppid": 655844,
        "voluntary_ctxt_switches": 1,
        "nonvoluntary_ctxt_switches": 2,
        "wchan": "Before: 0. After: 0",
        "delta_jiffies": null,
        "delta_time": 1.2171911750047002,
        "cpu_load": 0.0,
        "memory_mib": 0.0,
        "threads_before": [
            {
                "tid": 656052,
                "state": "R",
                "wchan": "0",
                "stack": null
            }
        ],
        "threads_after": [
            {
                "tid": 656052,
                "state": "R",
                "wchan": "0",
                "stack": null
            }
        ]
    },
    "timestamp": 1775326978.0965097
}
{
    "idx_task": 248,
    "task_name": "cpu_intensive",
    "duration": 1.6284148693084717,
    "data": {
        "ppid": 655844,
        "voluntary_ctxt_switches": 1,
        "nonvoluntary_ctxt_switches": 3,
        "wchan": "Before: 0. After: 0",
        "delta_jiffies": null,
        "delta_time": 1.2180144999874756,
        "cpu_load": 0.0,
        "memory_mib": 0.0,
        "threads_before": [
            {
                "tid": 656052,
                "state": "R",
                "wchan": "0",
                "stack": null
            }
        ],
        "threads_after": [
            {
                "tid": 656052,
                "state": "R",
                "wchan": "0",
                "stack": null
            }
        ]
    },
    "timestamp": 1775326980.135163
}
{
    "idx_task": 252,
    "task_name": "cpu_intensive",
    "duration": 1.6360886096954346,
    "data": {
        "ppid": 655844,
        "voluntary_ctxt_switches": 1,
        "nonvoluntary_ctxt_switches": 6,
        "wchan": "Before: 0. After: 0",
        "delta_jiffies": null,
        "delta_time": 1.2318959870026447,
        "cpu_load": 0.0,
        "memory_mib": 0.0078125,
        "threads_before": [
            {
                "tid": 656052,
                "state": "R",
                "wchan": "0",
                "stack": null
            }
        ],
        "threads_after": [
            {
                "tid": 656052,
                "state": "R",
                "wchan": "0",
                "stack": null
            }
        ]
    },
    "timestamp": 1775326982.1751423
}
{
    "idx_task": 256,
    "task_name": "cpu_intensive",
    "duration": 1.7199335098266602,
    "data": {
        "ppid": 655844,
        "voluntary_ctxt_switches": 1,
        "nonvoluntary_ctxt_switches": 2,
        "wchan": "Before: 0. After: 0",
        "delta_jiffies": null,
        "delta_time": 1.3229676979826763,
        "cpu_load": 0.0,
        "memory_mib": 0.0,
        "threads_before": [
            {
                "tid": 656052,
                "state": "R",
                "wchan": "0",
                "stack": null
            }
        ],
        "threads_after": [
            {
                "tid": 656052,
                "state": "R",
                "wchan": "0",
                "stack": null
            }
        ]
    },
    "timestamp": 1775326984.2916913
}
