{
    "idx_task": 386,
    "task_name": "cpu_intensive",
    "duration": 1.9070672988891602,
    "data": {
        "ppid": 655844,
        "voluntary_ctxt_switches": 1,
        "nonvoluntary_ctxt_switches": 1,
        "wchan": "Before: 0. After: 0",
        "delta_jiffies": null,
        "delta_time": null,
        "cpu_load": 0.0,
        "memory_mib": 0.28125,
        "threads_before": [
            {
                "tid": 656491,
                "state": "R",
                "wchan": "0",
                "stack": null
            }
        ],
        "threads_after": [
            {
                "tid": 656491,
                "state": "R",
                "wchan": "0",
                "stack": null
            }
        ]
    },
    "timestamp": 1775327051.5072436
}
{
    "idx_task": 391,
    "task_name": "cpu_intensive",
    "duration": 1.6989948749542236,
    "data": {
        "ppid": 655844,
        "voluntary_ctxt_switches": 1,
        "nonvoluntary_ctxt_switches": 18,
        "wchan": "Before: 0. After: 0",
        "delta_jiffies": null,
        "delta_time": 1.6955815300170798,
        "cpu_load": 0.0,
        "memory_mib": 0.0,
        "threads_before": [
            {
                "tid": 656491,
                "state": "R",
                "wchan": "0",
                "stack": null
            }
        ],
        "threads_after": [
            {
                "tid": 656491,
                "state": "R",
                "wchan": "0",
                "stack": null
            }
        ]
    },
    "timestamp": 1775327053.2095153
}
{
    "idx_task": 395,
    "task_name": "cpu_intensive",
    "duration": 1.6596431732177734,
    "data": {
        "ppid": 655844,
        "voluntary_ctxt_switches": 1,
        "nonvoluntary_ctxt_switches": 1,
        "wchan": "Before: 0. After: 0",
        "delta_jiffies": null,
        "delta_time": 1.3663381920487154,
        "cpu_load": 0.0,
        "memory_mib": 0.0,
        "threads_before": [
            {
                "tid": 656491,
                "state": "R",
                "wchan": "0",
                "stack": null
            }
        ],
        "threads_after": [
            {
                "tid": 656491,
                "state": "R",
                "wchan": "0",
                "stack": null
            }
        ]
    },
    "timestamp": 1775327055.1621344
}
{
    "idx_task": 399,
    "task_name": "cpu_intensive",
    "duration": 1.686704397201538,
    "data": {
        "ppid": 655844,
        "voluntary_ctxt_switches": 1,
        "nonvoluntary_ctxt_switches": 37,
        "wchan": "Before: 0. After: 0",
        "delta_jiffies": null,
        "delta_time": 1.3269610439892858,
        "cpu_load": 0.0,
        "memory_mib": 0.0,
        "threads_before": [
            {
                "tid": 656491,
                "state": "R",
                "wchan": "0",
                "stack": null
            }
        ],
        "threads_after": [
            {
                "tid": 656491,
                "state": "R",
                "wchan": "0",
                "stack": null
            }
        ]
    },
    "timestamp": 1775327057.208255
}
{
    "idx_task": 403,
    "task_name": "cpu_intensive",
    "duration": 1.7884283065795898,
    "data": {
        "ppid": 655844,
        "voluntary_ctxt_switches": 1,
        "nonvoluntary_ctxt_switches": 31,
        "wchan": "Before: 0. After: 0",
        "delta_jiffies": null,
        "delta_time": 1.4527240819879808,
        "cpu_load": 0.0,
        "memory_mib": 0.0,
        "threads_before": [
            {
                "tid": 656491,
                "state": "R",
                "wchan": "0",
                "stack": null
            }
        ],
        "threads_after": [
            {
                "tid": 656491,
                "state": "R",
                "wchan": "0",
                "stack": null
            }
        ]
    },
    "timestamp": 1775327059.3320236
}
{
    "idx_task": 407,
    "task_name": "cpu_intensive",
    "duration": 1.680321216583252,
    "data": {
        "ppid": 655844,
        "voluntary_ctxt_switches": 1,
        "nonvoluntary_ctxt_switches": 25,
        "wchan": "Before: 0. After: 0",
        "delta_jiffies": 67,
        "delta_time": 1.4433698799984995,
        "cpu_load": 46.42,
        "memory_mib": 0.0,
        "threads_before": [
            {
                "tid": 656491,
                "state": "R",
                "wchan": "0",
                "stack": null
            }
        ],
        "threads_after": [
            {
                "tid": 656491,
                "state": "R",
                "wchan": "0",
                "stack": null
            }
        ]
    },
    "timestamp": 1775327061.2490284
}
{
    "idx_task": 411,
    "task_name": "cpu_intensive",
    "duration": 1.6043014526367188,
    "data": {
        "ppid": 655844,
        "voluntary_ctxt_switches": 1,
        "nonvoluntary_ctxt_switches": 25,
        "wchan": "Before: 0. After: 0",
        "delta_jiffies": null,
        "delta_time": 1.257918814982986,
        "cpu_load": 0.0,
        "memory_mib": 0.0,
        "threads_before": [
            {
                "tid": 656491,
                "state": "R",
                "wchan": "0",
                "stack": null
            }
        ],
        "threads_after": [
            {
                "tid": 656491,
                "state": "R",
                "wchan": "0",
                "stack": null
            }
        ]
    },
    "timestamp": 1775327063.1996038
}
{
    "idx_task": 415,
    "task_name": "cpu_intensive",
    "duration": 1.6264064311981201,
    "data": {
        "ppid": 655844,
        "voluntary_ctxt_switches": 1,
        "nonvoluntary_ctxt_switches": 5,
        "wchan": "Before: 0. After: 0",
        "delta_jiffies": null,
        "delta_time": 1.2036716950242408,
        "cpu_load": 0.0,
        "memory_mib": 0.0,
        "threads_before": [
            {
                "tid": 656491,
                "state": "R",
                "wchan": "0",
                "stack": null
            }
        ],
        "threads_after": [
            {
                "tid": 656491,
                "state": "R",
                "wchan": "0",
                "stack": null
            }
        ]
    },
    "timestamp": 1775327065.2487822
}
{
    "idx_task": 419,
    "task_name": "cpu_intensive",
    "duration": 1.6553919315338135,
    "data": {
        "ppid": 655844,
        "voluntary_ctxt_switches": 1,
        "nonvoluntary_ctxt_switches": 17,
        "wchan": "Before: 0. After: 0",
        "delta_jiffies": 64,
        "delta_time": 1.2515027279732749,
        "cpu_load": 51.14,
        "memory_mib": 0.0,
        "threads_before": [
            {
                "tid": 656491,
                "state": "R",
                "wchan": "0",
                "stack": null
            }
        ],
        "threads_after": [
            {
                "tid": 656491,
                "state": "R",
                "wchan": "0",
                "stack": null
            }
        ]
    },
    "timestamp": 1775327067.3079174
}
{
    "idx_task": 423,
    "task_name": "cpu_intensive",
    "duration": 1.6747796535491943,
    "data": {
        "ppid": 655844,
        "voluntary_ctxt_switches": 1,
        "nonvoluntary_ctxt_switches": 6,
        "wchan": "Before: 0. After: 0",
        "delta_jiffies": null,
        "delta_time": 1.3068959950178396,
        "cpu_load": 0.0,
        "memory_mib": 0.0,
        "threads_before": [
            {
                "tid": 656491,
                "state": "R",
                "wchan": "0",
                "stack": null
            }
        ],
        "threads_after": [
            {
                "tid": 656491,
                "state": "R",
                "wchan": "0",
                "stack": null
            }
        ]
    },
    "timestamp": 1775327069.350358
}
{
    "idx_task": 427,
    "task_name": "cpu_intensive",
    "duration": 1.6415178775787354,
    "data": {
        "ppid": 655844,
        "voluntary_ctxt_switches": 1,
        "nonvoluntary_ctxt_switches": 1,
        "wchan": "Before: 0. After: 0",
        "delta_jiffies": null,
        "delta_time": 1.296210147003876,
        "cpu_load": 0.0,
        "memory_mib": 0.0,
        "threads_before": [
            {
                "tid": 656491,
                "state": "R",
                "wchan": "0",
                "stack": null
            }
        ],
        "threads_after": [
            {
                "tid": 656491,
                "state": "R",
                "wchan": "0",
                "stack": null
            }
        ]
    },
    "timestamp": 1775327071.3370633
}
{
    "idx_task": 431,
    "task_name": "cpu_intensive",
    "duration": 1.611915111541748,
    "data": {
        "ppid": 655844,
        "voluntary_ctxt_switches": 1,
        "nonvoluntary_ctxt_switches": 2,
        "wchan": "Before: 0. After: 0",
        "delta_jiffies": null,
        "delta_time": 1.2299941360251978,
        "cpu_load": 0.0,
        "memory_mib": 0.0,
        "threads_before": [
            {
                "tid": 656491,
                "state": "R",
                "wchan": "0",
                "stack": null
            }
        ],
        "threads_after": [
            {
                "tid": 656491,
                "state": "R",
                "wchan": "0",
                "stack": null
            }
        ]
    },
    "timestamp": 1775327073.3307564
}
{
    "idx_task": 435,
    "task_name": "cpu_intensive",
    "duration": 1.6226212978363037,
    "data": {
        "ppid": 655844,
        "voluntary_ctxt_switches": 1,
        "nonvoluntary_ctxt_switches": 1,
        "wchan": "Before: 0. After: 0",
        "delta_jiffies": null,
        "delta_time": 1.2117204050300643,
        "cpu_load": 0.0,
        "memory_mib": 0.00390625,
        "threads_before": [
            {
                "tid": 656491,
                "state": "R",
                "wchan": "0",
                "stack": null
            }
        ],
        "threads_after": [
            {
                "tid": 656491,
                "state": "R",
                "wchan": "0",
                "stack": null
            }
        ]
    },
    "timestamp": 1775327075.3640544
}
{
    "idx_task": 439,
    "task_name": "cpu_intensive",
    "duration": 1.646296739578247,
    "data": {
        "ppid": 655844,
        "voluntary_ctxt_switches": 1,
        "nonvoluntary_ctxt_switches": 53,
        "wchan": "Before: 0. After: 0",
        "delta_jiffies": null,
        "delta_time": 1.2477722449984867,
        "cpu_load": 0.0,
        "memory_mib": 0.0,
        "threads_before": [
            {
                "tid": 656491,
                "state": "R",
                "wchan": "0",
                "stack": null
            }
        ],
        "threads_after": [
            {
                "tid": 656491,
                "state": "R",
                "wchan": "0",
                "stack": null
            }
        ]
    },
    "timestamp": 1775327077.408749
}
{
    "idx_task": 443,
    "task_name": "cpu_intensive",
    "duration": 1.790215015411377,
    "data": {
        "ppid": 655844,
        "voluntary_ctxt_switches": 1,
        "nonvoluntary_ctxt_switches": 14,
        "wchan": "Before: 0. After: 0",
        "delta_jiffies": null,
        "delta_time": 1.4126778339559678,
        "cpu_load": 0.0,
        "memory_mib": 0.0,
        "threads_before": [
            {
                "tid": 656491,
                "state": "R",
                "wchan": "0",
                "stack": null
            }
        ],
        "threads_after": [
            {
                "tid": 656491,
                "state": "R",
                "wchan": "0",
                "stack": null
            }
        ]
    },
    "timestamp": 1775327079.5767791
}
{
    "idx_task": 447,
    "task_name": "cpu_intensive",
    "duration": 1.6940059661865234,
    "data": {
        "ppid": 655844,
        "voluntary_ctxt_switches": 1,
        "nonvoluntary_ctxt_switches": 6,
        "wchan": "Before: 0. After: 0",
        "delta_jiffies": null,
        "delta_time": 1.4671400449879002,
        "cpu_load": 0.0,
        "memory_mib": 0.0,
        "threads_before": [
            {
                "tid": 656491,
                "state": "R",
                "wchan": "0",
                "stack": null
            }
        ],
        "threads_after": [
            {
                "tid": 656491,
                "state": "R",
                "wchan": "0",
                "stack": null
            }
        ]
    },
    "timestamp": 1775327081.4974205
}
