{
    "active_periods": [
        {
            "start": 1778794143.855306,
            "end": 1778794447.801761,
            "duration_sec": 303.94645500183105,
            "tasks_completed": 222,
            "throughput_tps": 0.7303918053548696
        }
    ],
    "history": [
        {
            "timestamp": 1778794143.855306,
            "messages": 0,
            "ack": 28924
        },
        {
            "timestamp": 1778794148.861591,
            "messages": 0,
            "ack": 28926
        },
        {
            "timestamp": 1778794153.867018,
            "messages": 2,
            "ack": 28930
        },
        {
            "timestamp": 1778794158.872743,
            "messages": 7,
            "ack": 28933
        },
        {
            "timestamp": 1778794163.878952,
            "messages": 10,
            "ack": 28936
        },
        {
            "timestamp": 1778794168.886255,
            "messages": 12,
            "ack": 28938
        },
        {
            "timestamp": 1778794173.893238,
            "messages": 17,
            "ack": 28942
        },
        {
            "timestamp": 1778794178.898518,
            "messages": 20,
            "ack": 28944
        },
        {
            "timestamp": 1778794183.904701,
            "messages": 25,
            "ack": 28948
        },
        {
            "timestamp": 1778794188.911225,
            "messages": 26,
            "ack": 28951
        },
        {
            "timestamp": 1778794193.917161,
            "messages": 30,
            "ack": 28956
        },
        {
            "timestamp": 1778794198.920799,
            "messages": 33,
            "ack": 28959
        },
        {
            "timestamp": 1778794203.926406,
            "messages": 34,
            "ack": 28963
        },
        {
            "timestamp": 1778794208.93194,
            "messages": 38,
            "ack": 28966
        },
        {
            "timestamp": 1778794213.937163,
            "messages": 41,
            "ack": 28971
        },
        {
            "timestamp": 1778794218.942895,
            "messages": 42,
            "ack": 28974
        },
        {
            "timestamp": 1778794223.94834,
            "messages": 46,
            "ack": 28978
        },
        {
            "timestamp": 1778794228.953657,
            "messages": 49,
            "ack": 28981
        },
        {
            "timestamp": 1778794233.958286,
            "messages": 50,
            "ack": 28986
        },
        {
            "timestamp": 1778794238.964062,
            "messages": 50,
            "ack": 28989
        },
        {
            "timestamp": 1778794243.968792,
            "messages": 54,
            "ack": 28993
        },
        {
            "timestamp": 1778794248.974801,
            "messages": 55,
            "ack": 28996
        },
        {
            "timestamp": 1778794253.980638,
            "messages": 58,
            "ack": 29001
        },
        {
            "timestamp": 1778794258.985086,
            "messages": 62,
            "ack": 29004
        },
        {
            "timestamp": 1778794263.99058,
            "messages": 63,
            "ack": 29008
        },
        {
            "timestamp": 1778794268.996244,
            "messages": 66,
            "ack": 29011
        },
        {
            "timestamp": 1778794274.001331,
            "messages": 70,
            "ack": 29016
        },
        {
            "timestamp": 1778794279.006521,
            "messages": 71,
            "ack": 29019
        },
        {
            "timestamp": 1778794284.012781,
            "messages": 74,
            "ack": 29023
        },
        {
            "timestamp": 1778794289.01793,
            "messages": 78,
            "ack": 29026
        },
        {
            "timestamp": 1778794294.023721,
            "messages": 79,
            "ack": 29031
        },
        {
            "timestamp": 1778794299.030428,
            "messages": 82,
            "ack": 29034
        },
        {
            "timestamp": 1778794304.037106,
            "messages": 82,
            "ack": 29038
        },
        {
            "timestamp": 1778794309.043386,
            "messages": 86,
            "ack": 29041
        },
        {
            "timestamp": 1778794314.048453,
            "messages": 87,
            "ack": 29046
        },
        {
            "timestamp": 1778794319.053624,
            "messages": 90,
            "ack": 29049
        },
        {
            "timestamp": 1778794324.058844,
            "messages": 94,
            "ack": 29053
        },
        {
            "timestamp": 1778794329.064439,
            "messages": 95,
            "ack": 29056
        },
        {
            "timestamp": 1778794334.069194,
            "messages": 98,
            "ack": 29059
        },
        {
            "timestamp": 1778794339.076172,
            "messages": 102,
            "ack": 29064
        },
        {
            "timestamp": 1778794344.081615,
            "messages": 103,
            "ack": 29067
        },
        {
            "timestamp": 1778794349.086639,
            "messages": 106,
            "ack": 29071
        },
        {
            "timestamp": 1778794354.091769,
            "messages": 110,
            "ack": 29074
        },
        {
            "timestamp": 1778794359.098034,
            "messages": 111,
            "ack": 29079
        },
        {
            "timestamp": 1778794364.103609,
            "messages": 114,
            "ack": 29082
        },
        {
            "timestamp": 1778794369.109946,
            "messages": 114,
            "ack": 29086
        },
        {
            "timestamp": 1778794374.115941,
            "messages": 118,
            "ack": 29089
        },
        {
            "timestamp": 1778794379.122172,
            "messages": 119,
            "ack": 29094
        },
        {
            "timestamp": 1778794384.129943,
            "messages": 122,
            "ack": 29097
        },
        {
            "timestamp": 1778794389.134935,
            "messages": 126,
            "ack": 29101
        },
        {
            "timestamp": 1778794394.139957,
            "messages": 127,
            "ack": 29104
        },
        {
            "timestamp": 1778794399.145788,
            "messages": 130,
            "ack": 29109
        },
        {
            "timestamp": 1778794404.151839,
            "messages": 132,
            "ack": 29112
        },
        {
            "timestamp": 1778794409.158816,
            "messages": 137,
            "ack": 29116
        },
        {
            "timestamp": 1778794414.16399,
            "messages": 138,
            "ack": 29119
        },
        {
            "timestamp": 1778794419.168886,
            "messages": 140,
            "ack": 29124
        },
        {
            "timestamp": 1778794424.176547,
            "messages": 145,
            "ack": 29127
        },
        {
            "timestamp": 1778794429.18256,
            "messages": 146,
            "ack": 29131
        },
        {
            "timestamp": 1778794434.187887,
            "messages": 148,
            "ack": 29134
        },
        {
            "timestamp": 1778794439.194793,
            "messages": 153,
            "ack": 29139
        },
        {
            "timestamp": 1778794444.200355,
            "messages": 154,
            "ack": 29142
        },
        {
            "timestamp": 1778794447.794655,
            "messages": 154,
            "ack": 29146
        }
    ]
}