{
    "idx_task": 111,
    "task_name": "memory_intensive",
    "duration_into_wraps": 6.12,
    "data": {
        "ppid": 176011,
        "voluntary_ctxt_switches": 11,
        "nonvoluntary_ctxt_switches": 3,
        "delta_jiffies": 12,
        "delta_time": 6.1217,
        "cpu_load": 1.96,
        "memory_mib": 82.76171875
    },
    "timestamp": 1775642981.6485908
}
{
    "idx_task": 116,
    "task_name": "memory_intensive",
    "duration_into_wraps": 6.07,
    "data": {
        "ppid": 176011,
        "voluntary_ctxt_switches": 11,
        "nonvoluntary_ctxt_switches": 0,
        "delta_jiffies": 7,
        "delta_time": 6.0673,
        "cpu_load": 1.15,
        "memory_mib": 0.69140625
    },
    "timestamp": 1775642987.7214723
}
{
    "idx_task": 120,
    "task_name": "memory_intensive",
    "duration_into_wraps": 6.07,
    "data": {
        "ppid": 176011,
        "voluntary_ctxt_switches": 11,
        "nonvoluntary_ctxt_switches": 0,
        "delta_jiffies": 7,
        "delta_time": 6.0651,
        "cpu_load": 1.15,
        "memory_mib": 0.00390625
    },
    "timestamp": 1775642993.7911348
}
{
    "idx_task": 124,
    "task_name": "memory_intensive",
    "duration_into_wraps": 6.07,
    "data": {
        "ppid": 176011,
        "voluntary_ctxt_switches": 11,
        "nonvoluntary_ctxt_switches": 0,
        "delta_jiffies": 6,
        "delta_time": 6.0653,
        "cpu_load": 0.99,
        "memory_mib": -7.05078125
    },
    "timestamp": 1775642999.8609552
}
{
    "idx_task": 128,
    "task_name": "memory_intensive",
    "duration_into_wraps": 6.07,
    "data": {
        "ppid": 176011,
        "voluntary_ctxt_switches": 11,
        "nonvoluntary_ctxt_switches": 0,
        "delta_jiffies": 7,
        "delta_time": 6.072,
        "cpu_load": 1.15,
        "memory_mib": 7.0546875
    },
    "timestamp": 1775643005.937849
}
{
    "idx_task": 132,
    "task_name": "memory_intensive",
    "duration_into_wraps": 6.07,
    "data": {
        "ppid": 176011,
        "voluntary_ctxt_switches": 11,
        "nonvoluntary_ctxt_switches": 2,
        "delta_jiffies": 5,
        "delta_time": 6.0686,
        "cpu_load": 0.82,
        "memory_mib": 0.00390625
    },
    "timestamp": 1775643012.0099208
}
{
    "idx_task": 136,
    "task_name": "memory_intensive",
    "duration_into_wraps": 6.07,
    "data": {
        "ppid": 176011,
        "voluntary_ctxt_switches": 11,
        "nonvoluntary_ctxt_switches": 0,
        "delta_jiffies": 8,
        "delta_time": 6.0699000000000005,
        "cpu_load": 1.32,
        "memory_mib": -7.63671875
    },
    "timestamp": 1775643018.0851552
}
{
    "idx_task": 139,
    "task_name": "memory_intensive",
    "duration_into_wraps": 6.08,
    "data": {
        "ppid": 176011,
        "voluntary_ctxt_switches": 11,
        "nonvoluntary_ctxt_switches": 0,
        "delta_jiffies": 7,
        "delta_time": 6.073799999999999,
        "cpu_load": 1.15,
        "memory_mib": 7.64453125
    },
    "timestamp": 1775643024.164727
}
{
    "idx_task": 143,
    "task_name": "memory_intensive",
    "duration_into_wraps": 6.07,
    "data": {
        "ppid": 176011,
        "voluntary_ctxt_switches": 11,
        "nonvoluntary_ctxt_switches": 0,
        "delta_jiffies": 7,
        "delta_time": 6.068099999999999,
        "cpu_load": 1.15,
        "memory_mib": 0.0
    },
    "timestamp": 1775643030.2377832
}
{
    "idx_task": 147,
    "task_name": "memory_intensive",
    "duration_into_wraps": 6.07,
    "data": {
        "ppid": 176011,
        "voluntary_ctxt_switches": 11,
        "nonvoluntary_ctxt_switches": 0,
        "delta_jiffies": 4,
        "delta_time": 6.0656,
        "cpu_load": 0.66,
        "memory_mib": 0.00390625
    },
    "timestamp": 1775643036.3071067
}
{
    "idx_task": 151,
    "task_name": "memory_intensive",
    "duration_into_wraps": 6.07,
    "data": {
        "ppid": 176011,
        "voluntary_ctxt_switches": 11,
        "nonvoluntary_ctxt_switches": 3,
        "delta_jiffies": 7,
        "delta_time": 6.0684,
        "cpu_load": 1.15,
        "memory_mib": 0.0
    },
    "timestamp": 1775643042.3793533
}
{
    "idx_task": 155,
    "task_name": "memory_intensive",
    "duration_into_wraps": 6.07,
    "data": {
        "ppid": 176011,
        "voluntary_ctxt_switches": 11,
        "nonvoluntary_ctxt_switches": 2,
        "delta_jiffies": 8,
        "delta_time": 6.0661,
        "cpu_load": 1.32,
        "memory_mib": -0.01171875
    },
    "timestamp": 1775643048.4496865
}
{
    "idx_task": 159,
    "task_name": "memory_intensive",
    "duration_into_wraps": 6.07,
    "data": {
        "ppid": 176011,
        "voluntary_ctxt_switches": 11,
        "nonvoluntary_ctxt_switches": 2,
        "delta_jiffies": 7,
        "delta_time": 6.0699,
        "cpu_load": 1.15,
        "memory_mib": 0.0078125
    },
    "timestamp": 1775643054.524067
}
{
    "idx_task": 163,
    "task_name": "memory_intensive",
    "duration_into_wraps": 6.07,
    "data": {
        "ppid": 176011,
        "voluntary_ctxt_switches": 11,
        "nonvoluntary_ctxt_switches": 0,
        "delta_jiffies": 7,
        "delta_time": 6.067900000000001,
        "cpu_load": 1.15,
        "memory_mib": 0.00390625
    },
    "timestamp": 1775643060.5975616
}
{
    "idx_task": 167,
    "task_name": "memory_intensive",
    "duration_into_wraps": 6.07,
    "data": {
        "ppid": 176011,
        "voluntary_ctxt_switches": 11,
        "nonvoluntary_ctxt_switches": 1,
        "delta_jiffies": 6,
        "delta_time": 6.0694,
        "cpu_load": 0.99,
        "memory_mib": 0.00390625
    },
    "timestamp": 1775643066.6725662
}
{
    "idx_task": 171,
    "task_name": "memory_intensive",
    "duration_into_wraps": 6.07,
    "data": {
        "ppid": 176011,
        "voluntary_ctxt_switches": 11,
        "nonvoluntary_ctxt_switches": 0,
        "delta_jiffies": 8,
        "delta_time": 6.0713,
        "cpu_load": 1.32,
        "memory_mib": -0.015625
    },
    "timestamp": 1775643072.748268
}
{
    "idx_task": 175,
    "task_name": "memory_intensive",
    "duration_into_wraps": 6.08,
    "data": {
        "ppid": 176011,
        "voluntary_ctxt_switches": 11,
        "nonvoluntary_ctxt_switches": 2,
        "delta_jiffies": 8,
        "delta_time": 6.0728,
        "cpu_load": 1.32,
        "memory_mib": 0.015625
    },
    "timestamp": 1775643078.8258133
}
{
    "idx_task": 179,
    "task_name": "memory_intensive",
    "duration_into_wraps": 6.08,
    "data": {
        "ppid": 176011,
        "voluntary_ctxt_switches": 11,
        "nonvoluntary_ctxt_switches": 1,
        "delta_jiffies": 8,
        "delta_time": 6.081,
        "cpu_load": 1.32,
        "memory_mib": -0.015625
    },
    "timestamp": 1775643084.9113975
}
{
    "idx_task": 182,
    "task_name": "memory_intensive",
    "duration_into_wraps": 6.07,
    "data": {
        "ppid": 176011,
        "voluntary_ctxt_switches": 11,
        "nonvoluntary_ctxt_switches": 2,
        "delta_jiffies": 7,
        "delta_time": 6.0667,
        "cpu_load": 1.15,
        "memory_mib": 0.01171875
    },
    "timestamp": 1775643090.9836643
}
{
    "idx_task": 186,
    "task_name": "memory_intensive",
    "duration_into_wraps": 6.07,
    "data": {
        "ppid": 176011,
        "voluntary_ctxt_switches": 11,
        "nonvoluntary_ctxt_switches": 2,
        "delta_jiffies": 7,
        "delta_time": 6.0679,
        "cpu_load": 1.15,
        "memory_mib": 0.00390625
    },
    "timestamp": 1775643097.057625
}
{
    "idx_task": 190,
    "task_name": "memory_intensive",
    "duration_into_wraps": 6.07,
    "data": {
        "ppid": 176011,
        "voluntary_ctxt_switches": 11,
        "nonvoluntary_ctxt_switches": 0,
        "delta_jiffies": 7,
        "delta_time": 6.0687999999999995,
        "cpu_load": 1.15,
        "memory_mib": -0.015625
    },
    "timestamp": 1775643103.1314511
}
{
    "idx_task": 194,
    "task_name": "memory_intensive",
    "duration_into_wraps": 6.07,
    "data": {
        "ppid": 176011,
        "voluntary_ctxt_switches": 11,
        "nonvoluntary_ctxt_switches": 4,
        "delta_jiffies": 6,
        "delta_time": 6.068,
        "cpu_load": 0.99,
        "memory_mib": 0.01171875
    },
    "timestamp": 1775643109.2045882
}
{
    "idx_task": 198,
    "task_name": "memory_intensive",
    "duration_into_wraps": 6.07,
    "data": {
        "ppid": 176011,
        "voluntary_ctxt_switches": 11,
        "nonvoluntary_ctxt_switches": 3,
        "delta_jiffies": 8,
        "delta_time": 6.0676000000000005,
        "cpu_load": 1.32,
        "memory_mib": 0.00390625
    },
    "timestamp": 1775643115.2769506
}
