{
    "active_periods": [
        {
            "start": 1777185688.475447,
            "end": 1777185991.163702,
            "duration_sec": 302.68825507164,
            "tasks_completed": 1277,
            "throughput_tps": 4.21886207543058
        }
    ],
    "history": [
        {
            "timestamp": 1777185688.475447,
            "messages": 0,
            "ack": 50153
        },
        {
            "timestamp": 1777185693.480923,
            "messages": 8,
            "ack": 50161
        },
        {
            "timestamp": 1777185698.487375,
            "messages": 17,
            "ack": 50184
        },
        {
            "timestamp": 1777185703.491943,
            "messages": 21,
            "ack": 50203
        },
        {
            "timestamp": 1777185708.496678,
            "messages": 24,
            "ack": 50225
        },
        {
            "timestamp": 1777185713.501671,
            "messages": 25,
            "ack": 50246
        },
        {
            "timestamp": 1777185718.506544,
            "messages": 27,
            "ack": 50268
        },
        {
            "timestamp": 1777185723.510946,
            "messages": 28,
            "ack": 50289
        },
        {
            "timestamp": 1777185728.515386,
            "messages": 39,
            "ack": 50312
        },
        {
            "timestamp": 1777185733.521128,
            "messages": 41,
            "ack": 50334
        },
        {
            "timestamp": 1777185738.5276,
            "messages": 42,
            "ack": 50355
        },
        {
            "timestamp": 1777185743.532054,
            "messages": 43,
            "ack": 50377
        },
        {
            "timestamp": 1777185748.536394,
            "messages": 45,
            "ack": 50399
        },
        {
            "timestamp": 1777185753.541704,
            "messages": 55,
            "ack": 50421
        },
        {
            "timestamp": 1777185758.546628,
            "messages": 56,
            "ack": 50442
        },
        {
            "timestamp": 1777185763.552798,
            "messages": 58,
            "ack": 50465
        },
        {
            "timestamp": 1777185768.558644,
            "messages": 59,
            "ack": 50486
        },
        {
            "timestamp": 1777185773.563825,
            "messages": 59,
            "ack": 50508
        },
        {
            "timestamp": 1777185778.568355,
            "messages": 60,
            "ack": 50530
        },
        {
            "timestamp": 1777185783.573569,
            "messages": 70,
            "ack": 50554
        },
        {
            "timestamp": 1777185788.577995,
            "messages": 71,
            "ack": 50574
        },
        {
            "timestamp": 1777185793.582735,
            "messages": 73,
            "ack": 50595
        },
        {
            "timestamp": 1777185798.588623,
            "messages": 76,
            "ack": 50616
        },
        {
            "timestamp": 1777185803.593242,
            "messages": 79,
            "ack": 50639
        },
        {
            "timestamp": 1777185808.597781,
            "messages": 89,
            "ack": 50658
        },
        {
            "timestamp": 1777185813.603226,
            "messages": 89,
            "ack": 50680
        },
        {
            "timestamp": 1777185818.607808,
            "messages": 92,
            "ack": 50702
        },
        {
            "timestamp": 1777185823.61192,
            "messages": 94,
            "ack": 50725
        },
        {
            "timestamp": 1777185828.616107,
            "messages": 96,
            "ack": 50747
        },
        {
            "timestamp": 1777185833.62036,
            "messages": 97,
            "ack": 50766
        },
        {
            "timestamp": 1777185838.625968,
            "messages": 108,
            "ack": 50789
        },
        {
            "timestamp": 1777185843.631644,
            "messages": 110,
            "ack": 50809
        },
        {
            "timestamp": 1777185848.635664,
            "messages": 114,
            "ack": 50831
        },
        {
            "timestamp": 1777185853.639924,
            "messages": 116,
            "ack": 50852
        },
        {
            "timestamp": 1777185858.644293,
            "messages": 117,
            "ack": 50872
        },
        {
            "timestamp": 1777185863.648945,
            "messages": 128,
            "ack": 50894
        },
        {
            "timestamp": 1777185868.653964,
            "messages": 130,
            "ack": 50916
        },
        {
            "timestamp": 1777185873.658961,
            "messages": 131,
            "ack": 50939
        },
        {
            "timestamp": 1777185878.663597,
            "messages": 133,
            "ack": 50959
        },
        {
            "timestamp": 1777185883.668565,
            "messages": 135,
            "ack": 50981
        },
        {
            "timestamp": 1777185888.674104,
            "messages": 144,
            "ack": 51002
        },
        {
            "timestamp": 1777185893.678692,
            "messages": 147,
            "ack": 51023
        },
        {
            "timestamp": 1777185898.682412,
            "messages": 148,
            "ack": 51045
        },
        {
            "timestamp": 1777185903.688544,
            "messages": 151,
            "ack": 51066
        },
        {
            "timestamp": 1777185908.694184,
            "messages": 153,
            "ack": 51088
        },
        {
            "timestamp": 1777185913.699433,
            "messages": 163,
            "ack": 51110
        },
        {
            "timestamp": 1777185918.704898,
            "messages": 164,
            "ack": 51131
        },
        {
            "timestamp": 1777185923.70926,
            "messages": 167,
            "ack": 51152
        },
        {
            "timestamp": 1777185928.71545,
            "messages": 169,
            "ack": 51174
        },
        {
            "timestamp": 1777185933.720774,
            "messages": 170,
            "ack": 51195
        },
        {
            "timestamp": 1777185938.725432,
            "messages": 180,
            "ack": 51217
        },
        {
            "timestamp": 1777185943.729886,
            "messages": 184,
            "ack": 51238
        },
        {
            "timestamp": 1777185948.734617,
            "messages": 185,
            "ack": 51260
        },
        {
            "timestamp": 1777185953.740173,
            "messages": 187,
            "ack": 51281
        },
        {
            "timestamp": 1777185958.744026,
            "messages": 197,
            "ack": 51302
        },
        {
            "timestamp": 1777185963.748995,
            "messages": 199,
            "ack": 51323
        },
        {
            "timestamp": 1777185968.754606,
            "messages": 201,
            "ack": 51344
        },
        {
            "timestamp": 1777185973.759776,
            "messages": 201,
            "ack": 51365
        },
        {
            "timestamp": 1777185978.764557,
            "messages": 204,
            "ack": 51386
        },
        {
            "timestamp": 1777185983.769173,
            "messages": 206,
            "ack": 51408
        },
        {
            "timestamp": 1777185988.773944,
            "messages": 208,
            "ack": 51430
        },
        {
            "timestamp": 1777185991.141761,
            "messages": 208,
            "ack": 51430
        }
    ]
}