{
    "active_periods": [
        {
            "start": 1777177502.104321,
            "end": 1777177806.016951,
            "duration_sec": 303.91263008117676,
            "tasks_completed": 370,
            "throughput_tps": 1.2174551610479991
        }
    ],
    "history": [
        {
            "timestamp": 1777177502.104321,
            "messages": 0,
            "ack": 35075
        },
        {
            "timestamp": 1777177507.111523,
            "messages": 2,
            "ack": 35077
        },
        {
            "timestamp": 1777177512.118301,
            "messages": 4,
            "ack": 35083
        },
        {
            "timestamp": 1777177517.123046,
            "messages": 4,
            "ack": 35089
        },
        {
            "timestamp": 1777177522.128899,
            "messages": 3,
            "ack": 35095
        },
        {
            "timestamp": 1777177527.134331,
            "messages": 2,
            "ack": 35101
        },
        {
            "timestamp": 1777177532.140357,
            "messages": 2,
            "ack": 35107
        },
        {
            "timestamp": 1777177537.145236,
            "messages": 4,
            "ack": 35113
        },
        {
            "timestamp": 1777177542.151045,
            "messages": 4,
            "ack": 35121
        },
        {
            "timestamp": 1777177547.156194,
            "messages": 2,
            "ack": 35127
        },
        {
            "timestamp": 1777177552.160853,
            "messages": 2,
            "ack": 35133
        },
        {
            "timestamp": 1777177557.165219,
            "messages": 4,
            "ack": 35139
        },
        {
            "timestamp": 1777177562.170607,
            "messages": 4,
            "ack": 35145
        },
        {
            "timestamp": 1777177567.175369,
            "messages": 4,
            "ack": 35151
        },
        {
            "timestamp": 1777177572.180497,
            "messages": 4,
            "ack": 35157
        },
        {
            "timestamp": 1777177577.185878,
            "messages": 5,
            "ack": 35163
        },
        {
            "timestamp": 1777177582.191427,
            "messages": 4,
            "ack": 35169
        },
        {
            "timestamp": 1777177587.197113,
            "messages": 4,
            "ack": 35175
        },
        {
            "timestamp": 1777177592.202934,
            "messages": 6,
            "ack": 35181
        },
        {
            "timestamp": 1777177597.208896,
            "messages": 6,
            "ack": 35187
        },
        {
            "timestamp": 1777177602.214144,
            "messages": 4,
            "ack": 35193
        },
        {
            "timestamp": 1777177607.218788,
            "messages": 4,
            "ack": 35199
        },
        {
            "timestamp": 1777177612.224067,
            "messages": 6,
            "ack": 35205
        },
        {
            "timestamp": 1777177617.229976,
            "messages": 6,
            "ack": 35211
        },
        {
            "timestamp": 1777177622.235676,
            "messages": 6,
            "ack": 35217
        },
        {
            "timestamp": 1777177627.240424,
            "messages": 4,
            "ack": 35224
        },
        {
            "timestamp": 1777177632.245772,
            "messages": 4,
            "ack": 35231
        },
        {
            "timestamp": 1777177637.250833,
            "messages": 6,
            "ack": 35237
        },
        {
            "timestamp": 1777177642.256386,
            "messages": 6,
            "ack": 35243
        },
        {
            "timestamp": 1777177647.261937,
            "messages": 4,
            "ack": 35249
        },
        {
            "timestamp": 1777177652.267178,
            "messages": 6,
            "ack": 35255
        },
        {
            "timestamp": 1777177657.272711,
            "messages": 6,
            "ack": 35261
        },
        {
            "timestamp": 1777177662.279161,
            "messages": 8,
            "ack": 35267
        },
        {
            "timestamp": 1777177667.286731,
            "messages": 6,
            "ack": 35273
        },
        {
            "timestamp": 1777177672.292307,
            "messages": 6,
            "ack": 35279
        },
        {
            "timestamp": 1777177677.29779,
            "messages": 8,
            "ack": 35285
        },
        {
            "timestamp": 1777177682.303333,
            "messages": 8,
            "ack": 35291
        },
        {
            "timestamp": 1777177687.308306,
            "messages": 6,
            "ack": 35297
        },
        {
            "timestamp": 1777177692.313817,
            "messages": 6,
            "ack": 35303
        },
        {
            "timestamp": 1777177697.320047,
            "messages": 8,
            "ack": 35309
        },
        {
            "timestamp": 1777177702.324945,
            "messages": 8,
            "ack": 35315
        },
        {
            "timestamp": 1777177707.32994,
            "messages": 8,
            "ack": 35321
        },
        {
            "timestamp": 1777177712.334969,
            "messages": 6,
            "ack": 35327
        },
        {
            "timestamp": 1777177717.339778,
            "messages": 8,
            "ack": 35335
        },
        {
            "timestamp": 1777177722.344148,
            "messages": 8,
            "ack": 35341
        },
        {
            "timestamp": 1777177727.349089,
            "messages": 8,
            "ack": 35347
        },
        {
            "timestamp": 1777177732.354316,
            "messages": 8,
            "ack": 35353
        },
        {
            "timestamp": 1777177737.359623,
            "messages": 9,
            "ack": 35359
        },
        {
            "timestamp": 1777177742.365316,
            "messages": 8,
            "ack": 35365
        },
        {
            "timestamp": 1777177747.369918,
            "messages": 8,
            "ack": 35371
        },
        {
            "timestamp": 1777177752.374869,
            "messages": 10,
            "ack": 35377
        },
        {
            "timestamp": 1777177757.380562,
            "messages": 9,
            "ack": 35383
        },
        {
            "timestamp": 1777177762.386504,
            "messages": 8,
            "ack": 35389
        },
        {
            "timestamp": 1777177767.39186,
            "messages": 8,
            "ack": 35395
        },
        {
            "timestamp": 1777177772.398521,
            "messages": 10,
            "ack": 35401
        },
        {
            "timestamp": 1777177777.403793,
            "messages": 10,
            "ack": 35407
        },
        {
            "timestamp": 1777177782.409059,
            "messages": 10,
            "ack": 35413
        },
        {
            "timestamp": 1777177787.415238,
            "messages": 8,
            "ack": 35419
        },
        {
            "timestamp": 1777177792.42168,
            "messages": 8,
            "ack": 35425
        },
        {
            "timestamp": 1777177797.427099,
            "messages": 10,
            "ack": 35431
        },
        {
            "timestamp": 1777177802.432373,
            "messages": 10,
            "ack": 35439
        },
        {
            "timestamp": 1777177806.005854,
            "messages": 8,
            "ack": 35445
        }
    ]
}