Процесс: 44244
УПРАВЛЯЮЩИЙ ПРОЦЕСС
Родитель: 13546
Создан: 2026-04-26T07:25:00.310000
Последний замер: 2026-04-26T07:30:04.047791
Время жизни: 303.737791 сек
voluntary_ctxt_switches: 2489
nonvoluntary_ctxt_switches: 15
jiffies: 91.0
avg_cpu_load: 0.2 %
avg_memory_mb: 42.9 MB


Процесс: 44255
Родитель: 44244
Создан: 2026-04-26T07:25:00.730000
Последний замер: 2026-04-26T07:30:04.048005
Время жизни: 303.318005 сек
voluntary_ctxt_switches: 983
nonvoluntary_ctxt_switches: 949
jiffies: 7994.0
avg_cpu_load: 26.4 %
avg_memory_mb: 117.5 MB

Среднее latency: 5.02
Средний runtime: 1.63
Всего задач: 185
Задач по типам: cpu_intensive - 123; memory_intensive - 62

Процесс: 44264
Родитель: 44244
Создан: 2026-04-26T07:25:01.800000
Последний замер: 2026-04-26T07:30:04.048318
Время жизни: 302.248318 сек
voluntary_ctxt_switches: 983
nonvoluntary_ctxt_switches: 952
jiffies: 7996.0
avg_cpu_load: 26.6 %
avg_memory_mb: 120.1 MB

Среднее latency: 5.01
Средний runtime: 1.63
Всего задач: 185
Задач по типам: cpu_intensive - 124; memory_intensive - 61

