{
    "active_periods": [
        {
            "start": 1778838910.833591,
            "end": 1778839213.536194,
            "duration_sec": 302.70260310173035,
            "tasks_completed": 120,
            "throughput_tps": 0.39642870186904594
        }
    ],
    "history": [
        {
            "timestamp": 1778838910.833591,
            "messages": 0,
            "ack": 76082
        },
        {
            "timestamp": 1778838915.841007,
            "messages": 0,
            "ack": 76084
        },
        {
            "timestamp": 1778838920.846225,
            "messages": 0,
            "ack": 76086
        },
        {
            "timestamp": 1778838925.851902,
            "messages": 0,
            "ack": 76088
        },
        {
            "timestamp": 1778838930.856762,
            "messages": 0,
            "ack": 76090
        },
        {
            "timestamp": 1778838935.860627,
            "messages": 0,
            "ack": 76092
        },
        {
            "timestamp": 1778838940.865192,
            "messages": 2,
            "ack": 76094
        },
        {
            "timestamp": 1778838945.871383,
            "messages": 0,
            "ack": 76096
        },
        {
            "timestamp": 1778838950.877106,
            "messages": 0,
            "ack": 76098
        },
        {
            "timestamp": 1778838955.883377,
            "messages": 0,
            "ack": 76100
        },
        {
            "timestamp": 1778838960.889543,
            "messages": 0,
            "ack": 76102
        },
        {
            "timestamp": 1778838965.894237,
            "messages": 0,
            "ack": 76104
        },
        {
            "timestamp": 1778838970.898963,
            "messages": 0,
            "ack": 76106
        },
        {
            "timestamp": 1778838975.903898,
            "messages": 0,
            "ack": 76108
        },
        {
            "timestamp": 1778838980.90904,
            "messages": 0,
            "ack": 76110
        },
        {
            "timestamp": 1778838985.914715,
            "messages": 0,
            "ack": 76112
        },
        {
            "timestamp": 1778838990.920356,
            "messages": 0,
            "ack": 76114
        },
        {
            "timestamp": 1778838995.926272,
            "messages": 0,
            "ack": 76115
        },
        {
            "timestamp": 1778839000.931693,
            "messages": 0,
            "ack": 76118
        },
        {
            "timestamp": 1778839005.936929,
            "messages": 0,
            "ack": 76120
        },
        {
            "timestamp": 1778839010.942025,
            "messages": 0,
            "ack": 76121
        },
        {
            "timestamp": 1778839015.946653,
            "messages": 0,
            "ack": 76124
        },
        {
            "timestamp": 1778839020.951028,
            "messages": 0,
            "ack": 76126
        },
        {
            "timestamp": 1778839025.95536,
            "messages": 0,
            "ack": 76127
        },
        {
            "timestamp": 1778839030.95976,
            "messages": 0,
            "ack": 76130
        },
        {
            "timestamp": 1778839035.964089,
            "messages": 0,
            "ack": 76132
        },
        {
            "timestamp": 1778839040.969639,
            "messages": 0,
            "ack": 76133
        },
        {
            "timestamp": 1778839045.974586,
            "messages": 0,
            "ack": 76136
        },
        {
            "timestamp": 1778839050.979798,
            "messages": 0,
            "ack": 76138
        },
        {
            "timestamp": 1778839055.984893,
            "messages": 0,
            "ack": 76139
        },
        {
            "timestamp": 1778839060.990997,
            "messages": 0,
            "ack": 76142
        },
        {
            "timestamp": 1778839065.996568,
            "messages": 0,
            "ack": 76142
        },
        {
            "timestamp": 1778839071.000657,
            "messages": 0,
            "ack": 76146
        },
        {
            "timestamp": 1778839076.006404,
            "messages": 0,
            "ack": 76146
        },
        {
            "timestamp": 1778839081.012298,
            "messages": 0,
            "ack": 76150
        },
        {
            "timestamp": 1778839086.016779,
            "messages": 0,
            "ack": 76151
        },
        {
            "timestamp": 1778839091.021193,
            "messages": 0,
            "ack": 76152
        },
        {
            "timestamp": 1778839096.026782,
            "messages": 0,
            "ack": 76156
        },
        {
            "timestamp": 1778839101.032205,
            "messages": 0,
            "ack": 76157
        },
        {
            "timestamp": 1778839106.037794,
            "messages": 0,
            "ack": 76158
        },
        {
            "timestamp": 1778839111.043677,
            "messages": 0,
            "ack": 76162
        },
        {
            "timestamp": 1778839116.050174,
            "messages": 0,
            "ack": 76163
        },
        {
            "timestamp": 1778839121.056612,
            "messages": 0,
            "ack": 76164
        },
        {
            "timestamp": 1778839126.061848,
            "messages": 0,
            "ack": 76166
        },
        {
            "timestamp": 1778839131.067221,
            "messages": 0,
            "ack": 76168
        },
        {
            "timestamp": 1778839136.072093,
            "messages": 0,
            "ack": 76171
        },
        {
            "timestamp": 1778839141.078724,
            "messages": 0,
            "ack": 76172
        },
        {
            "timestamp": 1778839146.083637,
            "messages": 0,
            "ack": 76175
        },
        {
            "timestamp": 1778839151.088719,
            "messages": 0,
            "ack": 76176
        },
        {
            "timestamp": 1778839156.094125,
            "messages": 0,
            "ack": 76178
        },
        {
            "timestamp": 1778839161.100246,
            "messages": 0,
            "ack": 76180
        },
        {
            "timestamp": 1778839166.10618,
            "messages": 0,
            "ack": 76183
        },
        {
            "timestamp": 1778839171.111742,
            "messages": 0,
            "ack": 76184
        },
        {
            "timestamp": 1778839176.117666,
            "messages": 0,
            "ack": 76187
        },
        {
            "timestamp": 1778839181.122102,
            "messages": 0,
            "ack": 76188
        },
        {
            "timestamp": 1778839186.127894,
            "messages": 0,
            "ack": 76190
        },
        {
            "timestamp": 1778839191.132033,
            "messages": 0,
            "ack": 76192
        },
        {
            "timestamp": 1778839196.137697,
            "messages": 0,
            "ack": 76194
        },
        {
            "timestamp": 1778839201.142372,
            "messages": 0,
            "ack": 76196
        },
        {
            "timestamp": 1778839206.147209,
            "messages": 0,
            "ack": 76198
        },
        {
            "timestamp": 1778839211.151713,
            "messages": 0,
            "ack": 76200
        },
        {
            "timestamp": 1778839213.528433,
            "messages": 0,
            "ack": 76202
        }
    ]
}