{
    "293600": {
        "ppid": "254983",
        "name": "celery",
        "cmdline": "/home/experimenter/projects/celery-autoscale/.venv/bin/python3 /home/experimenter/projects/celery-autoscale/.venv/bin/celery -A celery_app worker --loglevel=INFO --concurrency=8 --pool=eventlet",
        "create_time": "2026-05-14T21:23:58.560000",
        "last_update": "2026-05-14T21:29:00.432676",
        "voluntary_ctxt_switches": 2216,
        "nonvoluntary_ctxt_switches": 2356,
        "jiffies": 23461,
        "stats": [
            {
                "memory_mb": 52.30078125,
                "cpu_percent": 0.0,
                "timestamp": 1778783039.6330621
            },
            {
                "memory_mb": 52.7734375,
                "cpu_percent": 27.6,
                "timestamp": 1778783040.6819654
            },
            {
                "memory_mb": 61.9609375,
                "cpu_percent": 100.3,
                "timestamp": 1778783041.7290957
            },
            {
                "memory_mb": 89.67578125,
                "cpu_percent": 100.2,
                "timestamp": 1778783042.7767692
            },
            {
                "memory_mb": 89.671875,
                "cpu_percent": 99.3,
                "timestamp": 1778783043.8239064
            },
            {
                "memory_mb": 163.03125,
                "cpu_percent": 79.1,
                "timestamp": 1778783044.8734105
            },
            {
                "memory_mb": 217.59765625,
                "cpu_percent": 86.8,
                "timestamp": 1778783045.9218147
            },
            {
                "memory_mb": 254.3125,
                "cpu_percent": 99.3,
                "timestamp": 1778783046.9689083
            },
            {
                "memory_mb": 354.9765625,
                "cpu_percent": 81.1,
                "timestamp": 1778783048.0167754
            },
            {
                "memory_mb": 382.6171875,
                "cpu_percent": 86.7,
                "timestamp": 1778783049.0661163
            },
            {
                "memory_mb": 382.70703125,
                "cpu_percent": 14.2,
                "timestamp": 1778783050.1195977
            },
            {
                "memory_mb": 382.71484375,
                "cpu_percent": 100.2,
                "timestamp": 1778783051.167002
            },
            {
                "memory_mb": 382.7265625,
                "cpu_percent": 91.3,
                "timestamp": 1778783052.2185278
            },
            {
                "memory_mb": 382.71875,
                "cpu_percent": 81.2,
                "timestamp": 1778783053.2655187
            },
            {
                "memory_mb": 382.7109375,
                "cpu_percent": 63.7,
                "timestamp": 1778783054.3172626
            },
            {
                "memory_mb": 382.7109375,
                "cpu_percent": 31.5,
                "timestamp": 1778783055.363802
            },
            {
                "memory_mb": 382.73046875,
                "cpu_percent": 100.2,
                "timestamp": 1778783056.4116595
            },
            {
                "memory_mb": 382.7265625,
                "cpu_percent": 99.3,
                "timestamp": 1778783057.4593203
            },
            {
                "memory_mb": 382.72265625,
                "cpu_percent": 100.3,
                "timestamp": 1778783058.5066772
            },
            {
                "memory_mb": 382.70703125,
                "cpu_percent": 78.2,
                "timestamp": 1778783059.5554967
            },
            {
                "memory_mb": 382.71875,
                "cpu_percent": 52.5,
                "timestamp": 1778783060.6041045
            },
            {
                "memory_mb": 370.90625,
                "cpu_percent": 99.3,
                "timestamp": 1778783061.6516047
            },
            {
                "memory_mb": 370.90234375,
                "cpu_percent": 82.2,
                "timestamp": 1778783062.6984046
            },
            {
                "memory_mb": 370.8984375,
                "cpu_percent": 96.4,
                "timestamp": 1778783063.7458613
            },
            {
                "memory_mb": 370.89453125,
                "cpu_percent": 27.6,
                "timestamp": 1778783064.7972102
            },
            {
                "memory_mb": 370.8984375,
                "cpu_percent": 78.3,
                "timestamp": 1778783065.8442085
            },
            {
                "memory_mb": 370.9140625,
                "cpu_percent": 100.2,
                "timestamp": 1778783066.8916337
            },
            {
                "memory_mb": 370.90625,
                "cpu_percent": 73.5,
                "timestamp": 1778783067.9389684
            },
            {
                "memory_mb": 370.89453125,
                "cpu_percent": 88.4,
                "timestamp": 1778783068.9906807
            },
            {
                "memory_mb": 370.89453125,
                "cpu_percent": 5.7,
                "timestamp": 1778783070.0423353
            },
            {
                "memory_mb": 370.90625,
                "cpu_percent": 96.3,
                "timestamp": 1778783071.091229
            },
            {
                "memory_mb": 370.91015625,
                "cpu_percent": 100.2,
                "timestamp": 1778783072.1389048
            },
            {
                "memory_mb": 370.90625,
                "cpu_percent": 99.3,
                "timestamp": 1778783073.1866746
            },
            {
                "memory_mb": 370.89453125,
                "cpu_percent": 100.2,
                "timestamp": 1778783074.2341583
            },
            {
                "memory_mb": 370.90625,
                "cpu_percent": 27.7,
                "timestamp": 1778783075.282336
            },
            {
                "memory_mb": 370.9140625,
                "cpu_percent": 100.2,
                "timestamp": 1778783076.329949
            },
            {
                "memory_mb": 368.52734375,
                "cpu_percent": 87.5,
                "timestamp": 1778783077.3814158
            },
            {
                "memory_mb": 368.51953125,
                "cpu_percent": 89.7,
                "timestamp": 1778783078.4289405
            },
            {
                "memory_mb": 368.515625,
                "cpu_percent": 57.0,
                "timestamp": 1778783079.4809804
            },
            {
                "memory_mb": 368.51171875,
                "cpu_percent": 46.8,
                "timestamp": 1778783080.5279114
            },
            {
                "memory_mb": 368.53515625,
                "cpu_percent": 100.3,
                "timestamp": 1778783081.5749283
            },
            {
                "memory_mb": 368.52734375,
                "cpu_percent": 75.5,
                "timestamp": 1778783082.6218016
            },
            {
                "memory_mb": 368.5234375,
                "cpu_percent": 99.3,
                "timestamp": 1778783083.6689649
            },
            {
                "memory_mb": 368.515625,
                "cpu_percent": 27.6,
                "timestamp": 1778783084.7198608
            },
            {
                "memory_mb": 368.51171875,
                "cpu_percent": 63.0,
                "timestamp": 1778783085.767159
            },
            {
                "memory_mb": 368.53125,
                "cpu_percent": 99.3,
                "timestamp": 1778783086.8147516
            },
            {
                "memory_mb": 368.53515625,
                "cpu_percent": 99.3,
                "timestamp": 1778783087.8619862
            },
            {
                "memory_mb": 368.51953125,
                "cpu_percent": 100.2,
                "timestamp": 1778783088.9096713
            },
            {
                "memory_mb": 368.515625,
                "cpu_percent": 41.8,
                "timestamp": 1778783089.9626346
            },
            {
                "memory_mb": 368.53515625,
                "cpu_percent": 85.0,
                "timestamp": 1778783091.0101137
            },
            {
                "memory_mb": 368.53515625,
                "cpu_percent": 100.2,
                "timestamp": 1778783092.057619
            },
            {
                "memory_mb": 368.53125,
                "cpu_percent": 79.2,
                "timestamp": 1778783093.1049337
            },
            {
                "memory_mb": 368.5234375,
                "cpu_percent": 78.9,
                "timestamp": 1778783094.1565013
            },
            {
                "memory_mb": 368.51953125,
                "cpu_percent": 17.2,
                "timestamp": 1778783095.2036433
            },
            {
                "memory_mb": 368.52734375,
                "cpu_percent": 100.2,
                "timestamp": 1778783096.2517147
            },
            {
                "memory_mb": 368.5390625,
                "cpu_percent": 91.3,
                "timestamp": 1778783097.3033733
            },
            {
                "memory_mb": 368.53125,
                "cpu_percent": 85.0,
                "timestamp": 1778783098.3506815
            },
            {
                "memory_mb": 368.5234375,
                "cpu_percent": 59.0,
                "timestamp": 1778783099.4020293
            },
            {
                "memory_mb": 368.52734375,
                "cpu_percent": 31.5,
                "timestamp": 1778783100.4495041
            },
            {
                "memory_mb": 368.5390625,
                "cpu_percent": 100.3,
                "timestamp": 1778783101.4965413
            },
            {
                "memory_mb": 368.5390625,
                "cpu_percent": 99.3,
                "timestamp": 1778783102.5442975
            },
            {
                "memory_mb": 368.53515625,
                "cpu_percent": 99.3,
                "timestamp": 1778783103.5917382
            },
            {
                "memory_mb": 368.51953125,
                "cpu_percent": 81.6,
                "timestamp": 1778783104.64528
            },
            {
                "memory_mb": 368.53125,
                "cpu_percent": 57.3,
                "timestamp": 1778783105.6926153
            },
            {
                "memory_mb": 368.54296875,
                "cpu_percent": 100.2,
                "timestamp": 1778783106.740257
            },
            {
                "memory_mb": 368.53515625,
                "cpu_percent": 81.1,
                "timestamp": 1778783107.7883666
            },
            {
                "memory_mb": 368.53125,
                "cpu_percent": 91.6,
                "timestamp": 1778783108.8360462
            },
            {
                "memory_mb": 368.52734375,
                "cpu_percent": 21.9,
                "timestamp": 1778783109.8873675
            },
            {
                "memory_mb": 368.53125,
                "cpu_percent": 81.1,
                "timestamp": 1778783110.935223
            },
            {
                "memory_mb": 368.546875,
                "cpu_percent": 100.2,
                "timestamp": 1778783111.983046
            },
            {
                "memory_mb": 368.5390625,
                "cpu_percent": 76.4,
                "timestamp": 1778783113.0305269
            },
            {
                "memory_mb": 368.52734375,
                "cpu_percent": 87.5,
                "timestamp": 1778783114.0823414
            },
            {
                "memory_mb": 368.52734375,
                "cpu_percent": 5.7,
                "timestamp": 1778783115.134023
            },
            {
                "memory_mb": 368.546875,
                "cpu_percent": 98.2,
                "timestamp": 1778783116.1830926
            },
            {
                "memory_mb": 368.54296875,
                "cpu_percent": 100.2,
                "timestamp": 1778783117.231478
            },
            {
                "memory_mb": 368.5390625,
                "cpu_percent": 100.2,
                "timestamp": 1778783118.2790902
            },
            {
                "memory_mb": 368.52734375,
                "cpu_percent": 98.3,
                "timestamp": 1778783119.3267274
            },
            {
                "memory_mb": 368.53515625,
                "cpu_percent": 37.2,
                "timestamp": 1778783120.3747966
            },
            {
                "memory_mb": 368.546875,
                "cpu_percent": 100.2,
                "timestamp": 1778783121.4222574
            },
            {
                "memory_mb": 368.54296875,
                "cpu_percent": 94.6,
                "timestamp": 1778783122.469262
            },
            {
                "memory_mb": 368.53515625,
                "cpu_percent": 79.2,
                "timestamp": 1778783123.5169914
            },
            {
                "memory_mb": 368.53125,
                "cpu_percent": 59.9,
                "timestamp": 1778783124.569033
            },
            {
                "memory_mb": 368.52734375,
                "cpu_percent": 49.6,
                "timestamp": 1778783125.6174202
            },
            {
                "memory_mb": 368.55078125,
                "cpu_percent": 100.2,
                "timestamp": 1778783126.6653118
            },
            {
                "memory_mb": 368.54296875,
                "cpu_percent": 76.4,
                "timestamp": 1778783127.7126894
            },
            {
                "memory_mb": 368.5390625,
                "cpu_percent": 100.2,
                "timestamp": 1778783128.7600753
            },
            {
                "memory_mb": 368.53125,
                "cpu_percent": 31.4,
                "timestamp": 1778783129.811441
            },
            {
                "memory_mb": 368.55078125,
                "cpu_percent": 65.9,
                "timestamp": 1778783130.8586664
            },
            {
                "memory_mb": 368.546875,
                "cpu_percent": 100.2,
                "timestamp": 1778783131.90681
            },
            {
                "memory_mb": 368.546875,
                "cpu_percent": 100.2,
                "timestamp": 1778783132.9544656
            },
            {
                "memory_mb": 368.53125,
                "cpu_percent": 100.3,
                "timestamp": 1778783134.0017982
            },
            {
                "memory_mb": 368.52734375,
                "cpu_percent": 48.5,
                "timestamp": 1778783135.0526297
            },
            {
                "memory_mb": 368.54296875,
                "cpu_percent": 90.7,
                "timestamp": 1778783136.1003885
            },
            {
                "memory_mb": 368.546875,
                "cpu_percent": 100.3,
                "timestamp": 1778783137.1474216
            },
            {
                "memory_mb": 368.5390625,
                "cpu_percent": 76.4,
                "timestamp": 1778783138.1951406
            },
            {
                "memory_mb": 368.53125,
                "cpu_percent": 71.3,
                "timestamp": 1778783139.2474394
            },
            {
                "memory_mb": 328.375,
                "cpu_percent": 22.0,
                "timestamp": 1778783140.29458
            },
            {
                "memory_mb": 328.3828125,
                "cpu_percent": 100.2,
                "timestamp": 1778783141.342104
            },
            {
                "memory_mb": 328.3984375,
                "cpu_percent": 86.8,
                "timestamp": 1778783142.3902519
            },
            {
                "memory_mb": 328.390625,
                "cpu_percent": 86.9,
                "timestamp": 1778783143.4375546
            },
            {
                "memory_mb": 328.3828125,
                "cpu_percent": 55.1,
                "timestamp": 1778783144.489981
            },
            {
                "memory_mb": 328.38671875,
                "cpu_percent": 35.3,
                "timestamp": 1778783145.5375388
            },
            {
                "memory_mb": 336.7109375,
                "cpu_percent": 100.3,
                "timestamp": 1778783146.584894
            },
            {
                "memory_mb": 336.71875,
                "cpu_percent": 99.3,
                "timestamp": 1778783147.632549
            },
            {
                "memory_mb": 336.71484375,
                "cpu_percent": 100.2,
                "timestamp": 1778783148.6800432
            },
            {
                "memory_mb": 336.69921875,
                "cpu_percent": 75.2,
                "timestamp": 1778783149.730309
            },
            {
                "memory_mb": 336.7109375,
                "cpu_percent": 61.1,
                "timestamp": 1778783150.7779927
            },
            {
                "memory_mb": 336.72265625,
                "cpu_percent": 99.3,
                "timestamp": 1778783151.8257377
            },
            {
                "memory_mb": 336.71484375,
                "cpu_percent": 82.1,
                "timestamp": 1778783152.8735013
            },
            {
                "memory_mb": 336.7109375,
                "cpu_percent": 92.6,
                "timestamp": 1778783153.92101
            },
            {
                "memory_mb": 336.70703125,
                "cpu_percent": 16.2,
                "timestamp": 1778783154.9726963
            },
            {
                "memory_mb": 336.7109375,
                "cpu_percent": 85.8,
                "timestamp": 1778783156.0210774
            },
            {
                "memory_mb": 336.72265625,
                "cpu_percent": 100.2,
                "timestamp": 1778783157.0686395
            },
            {
                "memory_mb": 336.71875,
                "cpu_percent": 77.3,
                "timestamp": 1778783158.1162
            },
            {
                "memory_mb": 336.70703125,
                "cpu_percent": 80.8,
                "timestamp": 1778783159.1681972
            },
            {
                "memory_mb": 336.703125,
                "cpu_percent": 12.3,
                "timestamp": 1778783160.2231193
            },
            {
                "memory_mb": 336.71875,
                "cpu_percent": 99.3,
                "timestamp": 1778783161.2708857
            },
            {
                "memory_mb": 336.71875,
                "cpu_percent": 99.3,
                "timestamp": 1778783162.3187313
            },
            {
                "memory_mb": 336.71484375,
                "cpu_percent": 100.2,
                "timestamp": 1778783163.366745
            },
            {
                "memory_mb": 336.70703125,
                "cpu_percent": 36.1,
                "timestamp": 1778783164.4185479
            },
            {
                "memory_mb": 334.45703125,
                "cpu_percent": 74.5,
                "timestamp": 1778783165.4651496
            },
            {
                "memory_mb": 334.46484375,
                "cpu_percent": 99.3,
                "timestamp": 1778783166.5129278
            },
            {
                "memory_mb": 334.46875,
                "cpu_percent": 96.5,
                "timestamp": 1778783167.5597978
            },
            {
                "memory_mb": 334.4609375,
                "cpu_percent": 80.2,
                "timestamp": 1778783168.6075048
            },
            {
                "memory_mb": 334.45703125,
                "cpu_percent": 61.8,
                "timestamp": 1778783169.659466
            },
            {
                "memory_mb": 334.4609375,
                "cpu_percent": 48.7,
                "timestamp": 1778783170.7074492
            },
            {
                "memory_mb": 345.953125,
                "cpu_percent": 100.2,
                "timestamp": 1778783171.7555187
            },
            {
                "memory_mb": 346.015625,
                "cpu_percent": 81.1,
                "timestamp": 1778783172.803541
            },
            {
                "memory_mb": 346.01171875,
                "cpu_percent": 100.2,
                "timestamp": 1778783173.851442
            },
            {
                "memory_mb": 346.00390625,
                "cpu_percent": 21.9,
                "timestamp": 1778783174.9037828
            },
            {
                "memory_mb": 346.015625,
                "cpu_percent": 77.2,
                "timestamp": 1778783175.9525259
            },
            {
                "memory_mb": 346.0234375,
                "cpu_percent": 99.2,
                "timestamp": 1778783177.0006113
            },
            {
                "memory_mb": 340.58984375,
                "cpu_percent": 100.2,
                "timestamp": 1778783178.0484498
            },
            {
                "memory_mb": 340.58203125,
                "cpu_percent": 66.5,
                "timestamp": 1778783179.100386
            },
            {
                "memory_mb": 340.58203125,
                "cpu_percent": 44.9,
                "timestamp": 1778783180.1478531
            },
            {
                "memory_mb": 340.59375,
                "cpu_percent": 99.2,
                "timestamp": 1778783181.1962032
            },
            {
                "memory_mb": 340.59765625,
                "cpu_percent": 100.2,
                "timestamp": 1778783182.244457
            },
            {
                "memory_mb": 340.59375,
                "cpu_percent": 76.3,
                "timestamp": 1778783183.292348
            },
            {
                "memory_mb": 340.5859375,
                "cpu_percent": 90.3,
                "timestamp": 1778783184.3445003
            },
            {
                "memory_mb": 340.58984375,
                "cpu_percent": 21.0,
                "timestamp": 1778783185.3915608
            },
            {
                "memory_mb": 340.59765625,
                "cpu_percent": 100.3,
                "timestamp": 1778783186.4382517
            },
            {
                "memory_mb": 346.02734375,
                "cpu_percent": 91.2,
                "timestamp": 1778783187.4905155
            },
            {
                "memory_mb": 346.01953125,
                "cpu_percent": 91.6,
                "timestamp": 1778783188.5382104
            },
            {
                "memory_mb": 346.01171875,
                "cpu_percent": 50.5,
                "timestamp": 1778783189.5882423
            },
            {
                "memory_mb": 346.01171875,
                "cpu_percent": 43.0,
                "timestamp": 1778783190.6354122
            },
            {
                "memory_mb": 346.02734375,
                "cpu_percent": 100.2,
                "timestamp": 1778783191.683064
            },
            {
                "memory_mb": 346.02734375,
                "cpu_percent": 100.1,
                "timestamp": 1778783192.731553
            },
            {
                "memory_mb": 346.01171875,
                "cpu_percent": 99.3,
                "timestamp": 1778783193.779281
            },
            {
                "memory_mb": 346.0078125,
                "cpu_percent": 68.5,
                "timestamp": 1778783194.83075
            },
            {
                "memory_mb": 346.01953125,
                "cpu_percent": 64.0,
                "timestamp": 1778783195.8781152
            },
            {
                "memory_mb": 340.60546875,
                "cpu_percent": 101.1,
                "timestamp": 1778783196.9260957
            },
            {
                "memory_mb": 340.6015625,
                "cpu_percent": 82.1,
                "timestamp": 1778783197.9738455
            },
            {
                "memory_mb": 340.59765625,
                "cpu_percent": 93.5,
                "timestamp": 1778783199.0216937
            },
            {
                "memory_mb": 340.59375,
                "cpu_percent": 17.1,
                "timestamp": 1778783200.0736947
            },
            {
                "memory_mb": 340.59765625,
                "cpu_percent": 90.6,
                "timestamp": 1778783201.1220238
            },
            {
                "memory_mb": 340.61328125,
                "cpu_percent": 100.1,
                "timestamp": 1778783202.170627
            },
            {
                "memory_mb": 340.60546875,
                "cpu_percent": 74.5,
                "timestamp": 1778783203.2181141
            },
            {
                "memory_mb": 340.59375,
                "cpu_percent": 85.6,
                "timestamp": 1778783204.269723
            },
            {
                "memory_mb": 340.59765625,
                "cpu_percent": 12.4,
                "timestamp": 1778783205.3170788
            },
            {
                "memory_mb": 340.61328125,
                "cpu_percent": 100.2,
                "timestamp": 1778783206.364891
            },
            {
                "memory_mb": 340.609375,
                "cpu_percent": 99.3,
                "timestamp": 1778783207.4126558
            },
            {
                "memory_mb": 340.60546875,
                "cpu_percent": 100.2,
                "timestamp": 1778783208.4608705
            },
            {
                "memory_mb": 340.59375,
                "cpu_percent": 99.3,
                "timestamp": 1778783209.5085804
            },
            {
                "memory_mb": 340.60546875,
                "cpu_percent": 39.1,
                "timestamp": 1778783210.5565102
            },
            {
                "memory_mb": 340.61328125,
                "cpu_percent": 100.2,
                "timestamp": 1778783211.604656
            },
            {
                "memory_mb": 340.60546875,
                "cpu_percent": 78.9,
                "timestamp": 1778783212.6567342
            },
            {
                "memory_mb": 340.6015625,
                "cpu_percent": 98.3,
                "timestamp": 1778783213.7048445
            },
            {
                "memory_mb": 340.59765625,
                "cpu_percent": 43.6,
                "timestamp": 1778783214.7594278
            },
            {
                "memory_mb": 340.59375,
                "cpu_percent": 58.2,
                "timestamp": 1778783215.8069043
            },
            {
                "memory_mb": 340.6171875,
                "cpu_percent": 100.2,
                "timestamp": 1778783216.854788
            },
            {
                "memory_mb": 340.609375,
                "cpu_percent": 73.5,
                "timestamp": 1778783217.9027889
            },
            {
                "memory_mb": 340.60546875,
                "cpu_percent": 100.2,
                "timestamp": 1778783218.9507482
            },
            {
                "memory_mb": 340.59765625,
                "cpu_percent": 23.9,
                "timestamp": 1778783219.9987597
            },
            {
                "memory_mb": 340.6171875,
                "cpu_percent": 75.4,
                "timestamp": 1778783221.0467792
            },
            {
                "memory_mb": 340.61328125,
                "cpu_percent": 100.2,
                "timestamp": 1778783222.094778
            },
            {
                "memory_mb": 340.61328125,
                "cpu_percent": 100.2,
                "timestamp": 1778783223.1429265
            },
            {
                "memory_mb": 340.59765625,
                "cpu_percent": 99.3,
                "timestamp": 1778783224.1907287
            },
            {
                "memory_mb": 340.59375,
                "cpu_percent": 47.5,
                "timestamp": 1778783225.2429028
            },
            {
                "memory_mb": 340.6171875,
                "cpu_percent": 97.3,
                "timestamp": 1778783226.2909708
            },
            {
                "memory_mb": 340.62109375,
                "cpu_percent": 100.2,
                "timestamp": 1778783227.338973
            },
            {
                "memory_mb": 340.609375,
                "cpu_percent": 79.2,
                "timestamp": 1778783228.3872154
            },
            {
                "memory_mb": 340.60546875,
                "cpu_percent": 75.1,
                "timestamp": 1778783229.438938
            },
            {
                "memory_mb": 340.6015625,
                "cpu_percent": 28.6,
                "timestamp": 1778783230.4865966
            },
            {
                "memory_mb": 340.609375,
                "cpu_percent": 100.2,
                "timestamp": 1778783231.5342615
            },
            {
                "memory_mb": 340.62109375,
                "cpu_percent": 78.2,
                "timestamp": 1778783232.5830836
            },
            {
                "memory_mb": 340.61328125,
                "cpu_percent": 95.4,
                "timestamp": 1778783233.6316216
            },
            {
                "memory_mb": 340.60546875,
                "cpu_percent": 55.2,
                "timestamp": 1778783234.6824715
            },
            {
                "memory_mb": 340.609375,
                "cpu_percent": 42.9,
                "timestamp": 1778783235.730312
            },
            {
                "memory_mb": 340.62109375,
                "cpu_percent": 99.3,
                "timestamp": 1778783236.7779598
            },
            {
                "memory_mb": 340.62109375,
                "cpu_percent": 100.2,
                "timestamp": 1778783237.8255363
            },
            {
                "memory_mb": 340.60546875,
                "cpu_percent": 99.3,
                "timestamp": 1778783238.8733082
            },
            {
                "memory_mb": 340.6015625,
                "cpu_percent": 63.6,
                "timestamp": 1778783239.9274998
            },
            {
                "memory_mb": 340.61328125,
                "cpu_percent": 67.7,
                "timestamp": 1778783240.9759183
            },
            {
                "memory_mb": 340.62109375,
                "cpu_percent": 100.2,
                "timestamp": 1778783242.0236638
            },
            {
                "memory_mb": 340.6171875,
                "cpu_percent": 84.0,
                "timestamp": 1778783243.071421
            },
            {
                "memory_mb": 340.61328125,
                "cpu_percent": 93.5,
                "timestamp": 1778783244.1192782
            },
            {
                "memory_mb": 340.609375,
                "cpu_percent": 6.7,
                "timestamp": 1778783245.1713834
            },
            {
                "memory_mb": 340.61328125,
                "cpu_percent": 92.5,
                "timestamp": 1778783246.2195072
            },
            {
                "memory_mb": 340.62890625,
                "cpu_percent": 99.3,
                "timestamp": 1778783247.2673361
            },
            {
                "memory_mb": 340.62109375,
                "cpu_percent": 74.4,
                "timestamp": 1778783248.3154988
            },
            {
                "memory_mb": 340.609375,
                "cpu_percent": 86.7,
                "timestamp": 1778783249.364536
            },
            {
                "memory_mb": 340.61328125,
                "cpu_percent": 16.2,
                "timestamp": 1778783250.4125755
            },
            {
                "memory_mb": 340.62890625,
                "cpu_percent": 100.2,
                "timestamp": 1778783251.4603176
            },
            {
                "memory_mb": 340.625,
                "cpu_percent": 100.2,
                "timestamp": 1778783252.5079021
            },
            {
                "memory_mb": 340.62109375,
                "cpu_percent": 100.2,
                "timestamp": 1778783253.5562036
            },
            {
                "memory_mb": 340.609375,
                "cpu_percent": 99.3,
                "timestamp": 1778783254.6038988
            },
            {
                "memory_mb": 340.6171875,
                "cpu_percent": 44.9,
                "timestamp": 1778783255.6515224
            },
            {
                "memory_mb": 340.6328125,
                "cpu_percent": 99.3,
                "timestamp": 1778783256.6989248
            },
            {
                "memory_mb": 340.62109375,
                "cpu_percent": 80.1,
                "timestamp": 1778783257.7481813
            },
            {
                "memory_mb": 340.6171875,
                "cpu_percent": 100.2,
                "timestamp": 1778783258.7960162
            },
            {
                "memory_mb": 340.61328125,
                "cpu_percent": 44.7,
                "timestamp": 1778783259.8466222
            },
            {
                "memory_mb": 340.609375,
                "cpu_percent": 62.0,
                "timestamp": 1778783260.8956084
            },
            {
                "memory_mb": 340.6328125,
                "cpu_percent": 100.2,
                "timestamp": 1778783261.9436688
            },
            {
                "memory_mb": 340.625,
                "cpu_percent": 74.4,
                "timestamp": 1778783262.9916635
            },
            {
                "memory_mb": 340.62109375,
                "cpu_percent": 99.3,
                "timestamp": 1778783264.039037
            },
            {
                "memory_mb": 340.61328125,
                "cpu_percent": 11.4,
                "timestamp": 1778783265.091669
            },
            {
                "memory_mb": 340.62890625,
                "cpu_percent": 79.2,
                "timestamp": 1778783266.1397552
            },
            {
                "memory_mb": 340.62890625,
                "cpu_percent": 100.2,
                "timestamp": 1778783267.1878319
            },
            {
                "memory_mb": 340.62890625,
                "cpu_percent": 99.2,
                "timestamp": 1778783268.235946
            },
            {
                "memory_mb": 340.6171875,
                "cpu_percent": 100.2,
                "timestamp": 1778783269.2837222
            },
            {
                "memory_mb": 340.625,
                "cpu_percent": 46.3,
                "timestamp": 1778783270.3418376
            },
            {
                "memory_mb": 340.6328125,
                "cpu_percent": 100.2,
                "timestamp": 1778783271.3898118
            },
            {
                "memory_mb": 340.64453125,
                "cpu_percent": 97.3,
                "timestamp": 1778783272.437847
            },
            {
                "memory_mb": 346.4453125,
                "cpu_percent": 24.8,
                "timestamp": 1778783273.4860477
            },
            {
                "memory_mb": 346.44140625,
                "cpu_percent": 100.2,
                "timestamp": 1778783274.533913
            },
            {
                "memory_mb": 346.43359375,
                "cpu_percent": 61.1,
                "timestamp": 1778783275.5813246
            },
            {
                "memory_mb": 346.44140625,
                "cpu_percent": 100.2,
                "timestamp": 1778783276.6296313
            },
            {
                "memory_mb": 346.44921875,
                "cpu_percent": 75.1,
                "timestamp": 1778783277.681708
            },
            {
                "memory_mb": 346.4453125,
                "cpu_percent": 99.3,
                "timestamp": 1778783278.729268
            },
            {
                "memory_mb": 346.4375,
                "cpu_percent": 41.8,
                "timestamp": 1778783279.7807193
            },
            {
                "memory_mb": 346.43359375,
                "cpu_percent": 48.7,
                "timestamp": 1778783280.8280904
            },
            {
                "memory_mb": 346.453125,
                "cpu_percent": 99.2,
                "timestamp": 1778783281.8768406
            },
            {
                "memory_mb": 346.453125,
                "cpu_percent": 101.2,
                "timestamp": 1778783282.9242642
            },
            {
                "memory_mb": 346.4375,
                "cpu_percent": 99.2,
                "timestamp": 1778783283.9723127
            },
            {
                "memory_mb": 346.43359375,
                "cpu_percent": 72.2,
                "timestamp": 1778783285.0242765
            },
            {
                "memory_mb": 346.453125,
                "cpu_percent": 73.4,
                "timestamp": 1778783286.0729945
            },
            {
                "memory_mb": 346.45703125,
                "cpu_percent": 100.2,
                "timestamp": 1778783287.1204634
            },
            {
                "memory_mb": 346.44921875,
                "cpu_percent": 83.0,
                "timestamp": 1778783288.1680586
            },
            {
                "memory_mb": 346.44140625,
                "cpu_percent": 98.3,
                "timestamp": 1778783289.215724
            },
            {
                "memory_mb": 346.4375,
                "cpu_percent": 9.5,
                "timestamp": 1778783290.268095
            },
            {
                "memory_mb": 346.44140625,
                "cpu_percent": 99.2,
                "timestamp": 1778783291.316323
            },
            {
                "memory_mb": 346.45703125,
                "cpu_percent": 99.2,
                "timestamp": 1778783292.364388
            },
            {
                "memory_mb": 344.11328125,
                "cpu_percent": 74.4,
                "timestamp": 1778783293.4122217
            },
            {
                "memory_mb": 344.1015625,
                "cpu_percent": 72.2,
                "timestamp": 1778783294.4642413
            },
            {
                "memory_mb": 344.10546875,
                "cpu_percent": 20.0,
                "timestamp": 1778783295.5116775
            },
            {
                "memory_mb": 344.12109375,
                "cpu_percent": 100.2,
                "timestamp": 1778783296.5599043
            },
            {
                "memory_mb": 341.5,
                "cpu_percent": 99.3,
                "timestamp": 1778783297.6077302
            },
            {
                "memory_mb": 341.49609375,
                "cpu_percent": 100.2,
                "timestamp": 1778783298.6554484
            },
            {
                "memory_mb": 341.48046875,
                "cpu_percent": 92.1,
                "timestamp": 1778783299.7081504
            },
            {
                "memory_mb": 341.4921875,
                "cpu_percent": 42.9,
                "timestamp": 1778783300.7566004
            },
            {
                "memory_mb": 341.5,
                "cpu_percent": 100.2,
                "timestamp": 1778783301.8041546
            },
            {
                "memory_mb": 341.4921875,
                "cpu_percent": 82.1,
                "timestamp": 1778783302.8521018
            },
            {
                "memory_mb": 341.48828125,
                "cpu_percent": 97.4,
                "timestamp": 1778783303.8997395
            },
            {
                "memory_mb": 341.484375,
                "cpu_percent": 37.1,
                "timestamp": 1778783304.9515023
            },
            {
                "memory_mb": 341.48046875,
                "cpu_percent": 66.8,
                "timestamp": 1778783305.9987476
            },
            {
                "memory_mb": 341.50390625,
                "cpu_percent": 100.2,
                "timestamp": 1778783307.046595
            },
            {
                "memory_mb": 341.5,
                "cpu_percent": 74.4,
                "timestamp": 1778783308.09471
            },
            {
                "memory_mb": 341.48828125,
                "cpu_percent": 99.2,
                "timestamp": 1778783309.1425936
            },
            {
                "memory_mb": 341.48828125,
                "cpu_percent": 6.7,
                "timestamp": 1778783310.1940084
            },
            {
                "memory_mb": 341.5,
                "cpu_percent": 84.9,
                "timestamp": 1778783311.2420106
            },
            {
                "memory_mb": 341.50390625,
                "cpu_percent": 100.2,
                "timestamp": 1778783312.2899392
            },
            {
                "memory_mb": 341.50390625,
                "cpu_percent": 99.3,
                "timestamp": 1778783313.337114
            },
            {
                "memory_mb": 341.4921875,
                "cpu_percent": 100.2,
                "timestamp": 1778783314.384583
            },
            {
                "memory_mb": 341.5,
                "cpu_percent": 43.0,
                "timestamp": 1778783315.4320147
            },
            {
                "memory_mb": 341.5078125,
                "cpu_percent": 100.2,
                "timestamp": 1778783316.4798348
            },
            {
                "memory_mb": 341.50390625,
                "cpu_percent": 98.3,
                "timestamp": 1778783317.5274718
            },
            {
                "memory_mb": 341.49609375,
                "cpu_percent": 80.2,
                "timestamp": 1778783318.5753086
            },
            {
                "memory_mb": 341.4921875,
                "cpu_percent": 66.6,
                "timestamp": 1778783319.6269376
            },
            {
                "memory_mb": 341.48828125,
                "cpu_percent": 37.2,
                "timestamp": 1778783320.6754174
            },
            {
                "memory_mb": 341.51171875,
                "cpu_percent": 100.2,
                "timestamp": 1778783321.723169
            },
            {
                "memory_mb": 341.50390625,
                "cpu_percent": 73.3,
                "timestamp": 1778783322.7733002
            },
            {
                "memory_mb": 341.5,
                "cpu_percent": 100.2,
                "timestamp": 1778783323.8211114
            },
            {
                "memory_mb": 341.4921875,
                "cpu_percent": 36.0,
                "timestamp": 1778783324.8752713
            },
            {
                "memory_mb": 341.48828125,
                "cpu_percent": 54.4,
                "timestamp": 1778783325.9228117
            },
            {
                "memory_mb": 341.5078125,
                "cpu_percent": 100.2,
                "timestamp": 1778783326.9709857
            },
            {
                "memory_mb": 341.5078125,
                "cpu_percent": 98.3,
                "timestamp": 1778783328.0190072
            },
            {
                "memory_mb": 341.4921875,
                "cpu_percent": 100.2,
                "timestamp": 1778783329.0668905
            },
            {
                "memory_mb": 341.48828125,
                "cpu_percent": 56.1,
                "timestamp": 1778783330.118684
            },
            {
                "memory_mb": 341.5078125,
                "cpu_percent": 76.4,
                "timestamp": 1778783331.1661696
            },
            {
                "memory_mb": 341.5078125,
                "cpu_percent": 101.2,
                "timestamp": 1778783332.2139847
            },
            {
                "memory_mb": 341.50390625,
                "cpu_percent": 80.2,
                "timestamp": 1778783333.2619941
            },
            {
                "memory_mb": 341.49609375,
                "cpu_percent": 94.4,
                "timestamp": 1778783334.310202
            },
            {
                "memory_mb": 341.4921875,
                "cpu_percent": 10.5,
                "timestamp": 1778783335.3592458
            },
            {
                "memory_mb": 341.5,
                "cpu_percent": 98.2,
                "timestamp": 1778783336.4080148
            },
            {
                "memory_mb": 341.51171875,
                "cpu_percent": 98.3,
                "timestamp": 1778783337.4561293
            },
            {
                "memory_mb": 341.50390625,
                "cpu_percent": 75.3,
                "timestamp": 1778783338.504613
            },
            {
                "memory_mb": 341.49609375,
                "cpu_percent": 64.6,
                "timestamp": 1778783339.5567253
            },
            {
                "memory_mb": 341.48828125,
                "cpu_percent": 10.3,
                "timestamp": 1778783340.4326763
            }
        ]
    }
}
