{
    "258244": {
        "ppid": "254983",
        "name": "celery",
        "cmdline": "/home/experimenter/projects/celery-autoscale/.venv/bin/python3 /home/experimenter/projects/celery-autoscale/.venv/bin/celery -A celery_app worker --loglevel=INFO --concurrency=8 --pool=eventlet",
        "create_time": "2026-05-14T16:40:45.240000",
        "last_update": "2026-05-14T16:45:46.990237",
        "voluntary_ctxt_switches": 2074,
        "nonvoluntary_ctxt_switches": 5333,
        "jiffies": 26788,
        "stats": [
            {
                "memory_mb": 52.328125,
                "cpu_percent": 0.0,
                "timestamp": 1778766046.3191235
            },
            {
                "memory_mb": 52.8671875,
                "cpu_percent": 26.6,
                "timestamp": 1778766047.3723178
            },
            {
                "memory_mb": 62.13671875,
                "cpu_percent": 99.8,
                "timestamp": 1778766048.424655
            },
            {
                "memory_mb": 89.84375,
                "cpu_percent": 99.8,
                "timestamp": 1778766049.47688
            },
            {
                "memory_mb": 89.84375,
                "cpu_percent": 99.8,
                "timestamp": 1778766050.5292108
            },
            {
                "memory_mb": 135.4375,
                "cpu_percent": 100.3,
                "timestamp": 1778766051.5862334
            },
            {
                "memory_mb": 144.67578125,
                "cpu_percent": 99.9,
                "timestamp": 1778766052.6370795
            },
            {
                "memory_mb": 318.6171875,
                "cpu_percent": 86.3,
                "timestamp": 1778766053.691945
            },
            {
                "memory_mb": 364.36328125,
                "cpu_percent": 97.9,
                "timestamp": 1778766054.7443867
            },
            {
                "memory_mb": 465.08984375,
                "cpu_percent": 82.6,
                "timestamp": 1778766055.7973664
            },
            {
                "memory_mb": 501.82421875,
                "cpu_percent": 99.8,
                "timestamp": 1778766056.84915
            },
            {
                "memory_mb": 501.97265625,
                "cpu_percent": 19.9,
                "timestamp": 1778766057.9046876
            },
            {
                "memory_mb": 502.06640625,
                "cpu_percent": 52.3,
                "timestamp": 1778766058.9565606
            },
            {
                "memory_mb": 502.05859375,
                "cpu_percent": 100.9,
                "timestamp": 1778766060.0074089
            },
            {
                "memory_mb": 468.51171875,
                "cpu_percent": 98.9,
                "timestamp": 1778766061.0586746
            },
            {
                "memory_mb": 468.53125,
                "cpu_percent": 100.6,
                "timestamp": 1778766062.1125169
            },
            {
                "memory_mb": 468.52734375,
                "cpu_percent": 99.9,
                "timestamp": 1778766063.1633282
            },
            {
                "memory_mb": 468.52734375,
                "cpu_percent": 99.9,
                "timestamp": 1778766064.2146242
            },
            {
                "memory_mb": 468.625,
                "cpu_percent": 76.0,
                "timestamp": 1778766065.2673817
            },
            {
                "memory_mb": 468.62109375,
                "cpu_percent": 99.8,
                "timestamp": 1778766066.3194203
            },
            {
                "memory_mb": 468.625,
                "cpu_percent": 86.5,
                "timestamp": 1778766067.3709111
            },
            {
                "memory_mb": 584.16015625,
                "cpu_percent": 44.7,
                "timestamp": 1778766068.4221873
            },
            {
                "memory_mb": 584.15625,
                "cpu_percent": 100.9,
                "timestamp": 1778766069.473113
            },
            {
                "memory_mb": 584.17578125,
                "cpu_percent": 99.9,
                "timestamp": 1778766070.5242562
            },
            {
                "memory_mb": 578.2109375,
                "cpu_percent": 99.8,
                "timestamp": 1778766071.5768461
            },
            {
                "memory_mb": 578.21484375,
                "cpu_percent": 99.8,
                "timestamp": 1778766072.6294343
            },
            {
                "memory_mb": 578.2109375,
                "cpu_percent": 99.8,
                "timestamp": 1778766073.6818914
            },
            {
                "memory_mb": 578.21875,
                "cpu_percent": 91.7,
                "timestamp": 1778766074.7395046
            },
            {
                "memory_mb": 578.21484375,
                "cpu_percent": 83.6,
                "timestamp": 1778766075.7918074
            },
            {
                "memory_mb": 578.2109375,
                "cpu_percent": 99.6,
                "timestamp": 1778766076.8459516
            },
            {
                "memory_mb": 578.4921875,
                "cpu_percent": 35.1,
                "timestamp": 1778766077.9001997
            },
            {
                "memory_mb": 578.484375,
                "cpu_percent": 88.5,
                "timestamp": 1778766078.9506452
            },
            {
                "memory_mb": 578.4921875,
                "cpu_percent": 99.9,
                "timestamp": 1778766080.0019224
            },
            {
                "memory_mb": 574.6796875,
                "cpu_percent": 99.8,
                "timestamp": 1778766081.0541682
            },
            {
                "memory_mb": 574.6875,
                "cpu_percent": 99.8,
                "timestamp": 1778766082.1059763
            },
            {
                "memory_mb": 574.6796875,
                "cpu_percent": 99.9,
                "timestamp": 1778766083.1571257
            },
            {
                "memory_mb": 574.68359375,
                "cpu_percent": 99.8,
                "timestamp": 1778766084.2093992
            },
            {
                "memory_mb": 574.6875,
                "cpu_percent": 75.8,
                "timestamp": 1778766085.2653666
            },
            {
                "memory_mb": 574.68359375,
                "cpu_percent": 99.9,
                "timestamp": 1778766086.3164802
            },
            {
                "memory_mb": 574.69140625,
                "cpu_percent": 61.8,
                "timestamp": 1778766087.368423
            },
            {
                "memory_mb": 575.21875,
                "cpu_percent": 60.9,
                "timestamp": 1778766088.4196286
            },
            {
                "memory_mb": 575.21875,
                "cpu_percent": 101.2,
                "timestamp": 1778766089.4771504
            },
            {
                "memory_mb": 575.2265625,
                "cpu_percent": 99.7,
                "timestamp": 1778766090.530099
            },
            {
                "memory_mb": 575.23046875,
                "cpu_percent": 99.9,
                "timestamp": 1778766091.580898
            },
            {
                "memory_mb": 575.2265625,
                "cpu_percent": 99.6,
                "timestamp": 1778766092.6347764
            },
            {
                "memory_mb": 575.2265625,
                "cpu_percent": 99.9,
                "timestamp": 1778766093.6859856
            },
            {
                "memory_mb": 575.23046875,
                "cpu_percent": 75.1,
                "timestamp": 1778766094.7374625
            },
            {
                "memory_mb": 575.2265625,
                "cpu_percent": 100.4,
                "timestamp": 1778766095.7931206
            },
            {
                "memory_mb": 575.234375,
                "cpu_percent": 88.4,
                "timestamp": 1778766096.8453028
            },
            {
                "memory_mb": 575.22265625,
                "cpu_percent": 35.2,
                "timestamp": 1778766097.8971765
            },
            {
                "memory_mb": 575.21484375,
                "cpu_percent": 99.6,
                "timestamp": 1778766098.951282
            },
            {
                "memory_mb": 575.23046875,
                "cpu_percent": 100.4,
                "timestamp": 1778766100.0171425
            },
            {
                "memory_mb": 575.2265625,
                "cpu_percent": 99.3,
                "timestamp": 1778766101.0748465
            },
            {
                "memory_mb": 575.23046875,
                "cpu_percent": 100.7,
                "timestamp": 1778766102.1279275
            },
            {
                "memory_mb": 575.2265625,
                "cpu_percent": 99.9,
                "timestamp": 1778766103.1792305
            },
            {
                "memory_mb": 575.234375,
                "cpu_percent": 91.2,
                "timestamp": 1778766104.231816
            },
            {
                "memory_mb": 575.234375,
                "cpu_percent": 84.2,
                "timestamp": 1778766105.2891445
            },
            {
                "memory_mb": 575.23046875,
                "cpu_percent": 98.9,
                "timestamp": 1778766106.3411586
            },
            {
                "memory_mb": 575.23828125,
                "cpu_percent": 37.0,
                "timestamp": 1778766107.3955293
            },
            {
                "memory_mb": 575.2265625,
                "cpu_percent": 86.3,
                "timestamp": 1778766108.4493818
            },
            {
                "memory_mb": 575.234375,
                "cpu_percent": 99.8,
                "timestamp": 1778766109.5010986
            },
            {
                "memory_mb": 575.23828125,
                "cpu_percent": 99.9,
                "timestamp": 1778766110.5526085
            },
            {
                "memory_mb": 575.24609375,
                "cpu_percent": 99.9,
                "timestamp": 1778766111.6038287
            },
            {
                "memory_mb": 575.23828125,
                "cpu_percent": 100.3,
                "timestamp": 1778766112.6603692
            },
            {
                "memory_mb": 575.2421875,
                "cpu_percent": 99.5,
                "timestamp": 1778766113.7161527
            },
            {
                "memory_mb": 575.24609375,
                "cpu_percent": 76.0,
                "timestamp": 1778766114.7693417
            },
            {
                "memory_mb": 575.23828125,
                "cpu_percent": 100.0,
                "timestamp": 1778766115.8198755
            },
            {
                "memory_mb": 575.25,
                "cpu_percent": 66.2,
                "timestamp": 1778766116.8769772
            },
            {
                "memory_mb": 575.23828125,
                "cpu_percent": 57.1,
                "timestamp": 1778766117.9272995
            },
            {
                "memory_mb": 575.23828125,
                "cpu_percent": 100.2,
                "timestamp": 1778766118.98546
            },
            {
                "memory_mb": 575.24609375,
                "cpu_percent": 99.8,
                "timestamp": 1778766120.037507
            },
            {
                "memory_mb": 575.25,
                "cpu_percent": 99.7,
                "timestamp": 1778766121.090517
            },
            {
                "memory_mb": 575.24609375,
                "cpu_percent": 99.7,
                "timestamp": 1778766122.1434166
            },
            {
                "memory_mb": 575.24609375,
                "cpu_percent": 100.7,
                "timestamp": 1778766123.1965773
            },
            {
                "memory_mb": 575.25,
                "cpu_percent": 75.1,
                "timestamp": 1778766124.2478943
            },
            {
                "memory_mb": 575.24609375,
                "cpu_percent": 99.8,
                "timestamp": 1778766125.3004022
            },
            {
                "memory_mb": 575.25,
                "cpu_percent": 85.6,
                "timestamp": 1778766126.3519406
            },
            {
                "memory_mb": 575.2421875,
                "cpu_percent": 37.1,
                "timestamp": 1778766127.403015
            },
            {
                "memory_mb": 575.234375,
                "cpu_percent": 99.6,
                "timestamp": 1778766128.4574163
            },
            {
                "memory_mb": 554.05859375,
                "cpu_percent": 99.7,
                "timestamp": 1778766129.5105236
            },
            {
                "memory_mb": 554.0546875,
                "cpu_percent": 100.8,
                "timestamp": 1778766130.5617087
            },
            {
                "memory_mb": 554.05859375,
                "cpu_percent": 100.0,
                "timestamp": 1778766131.6121101
            },
            {
                "memory_mb": 554.0546875,
                "cpu_percent": 99.8,
                "timestamp": 1778766132.6637623
            },
            {
                "memory_mb": 554.0625,
                "cpu_percent": 85.8,
                "timestamp": 1778766133.7130427
            },
            {
                "memory_mb": 554.0625,
                "cpu_percent": 89.4,
                "timestamp": 1778766134.7641344
            },
            {
                "memory_mb": 554.0625,
                "cpu_percent": 100.4,
                "timestamp": 1778766135.8194642
            },
            {
                "memory_mb": 575.1484375,
                "cpu_percent": 29.4,
                "timestamp": 1778766136.8743749
            },
            {
                "memory_mb": 575.13671875,
                "cpu_percent": 94.0,
                "timestamp": 1778766137.9275343
            },
            {
                "memory_mb": 575.14453125,
                "cpu_percent": 99.7,
                "timestamp": 1778766138.980093
            },
            {
                "memory_mb": 569.34375,
                "cpu_percent": 99.8,
                "timestamp": 1778766140.0318406
            },
            {
                "memory_mb": 569.3515625,
                "cpu_percent": 101.0,
                "timestamp": 1778766141.0916066
            },
            {
                "memory_mb": 569.34375,
                "cpu_percent": 99.8,
                "timestamp": 1778766142.1432126
            },
            {
                "memory_mb": 569.34765625,
                "cpu_percent": 99.6,
                "timestamp": 1778766143.2071702
            },
            {
                "memory_mb": 569.3515625,
                "cpu_percent": 77.0,
                "timestamp": 1778766144.2591722
            },
            {
                "memory_mb": 569.34375,
                "cpu_percent": 99.9,
                "timestamp": 1778766145.310717
            },
            {
                "memory_mb": 569.4453125,
                "cpu_percent": 64.6,
                "timestamp": 1778766146.3627996
            },
            {
                "memory_mb": 575.25390625,
                "cpu_percent": 58.0,
                "timestamp": 1778766147.4143758
            },
            {
                "memory_mb": 575.25390625,
                "cpu_percent": 99.8,
                "timestamp": 1778766148.4664426
            },
            {
                "memory_mb": 564.42578125,
                "cpu_percent": 99.9,
                "timestamp": 1778766149.5176718
            },
            {
                "memory_mb": 564.41796875,
                "cpu_percent": 99.8,
                "timestamp": 1778766150.5692663
            },
            {
                "memory_mb": 564.4140625,
                "cpu_percent": 99.9,
                "timestamp": 1778766151.6205409
            },
            {
                "memory_mb": 564.41796875,
                "cpu_percent": 99.9,
                "timestamp": 1778766152.671761
            },
            {
                "memory_mb": 564.42578125,
                "cpu_percent": 76.7,
                "timestamp": 1778766153.7279398
            },
            {
                "memory_mb": 564.421875,
                "cpu_percent": 99.7,
                "timestamp": 1778766154.7810938
            },
            {
                "memory_mb": 564.421875,
                "cpu_percent": 100.8,
                "timestamp": 1778766155.8323205
            },
            {
                "memory_mb": 564.41796875,
                "cpu_percent": 23.6,
                "timestamp": 1778766156.891317
            },
            {
                "memory_mb": 564.41015625,
                "cpu_percent": 100.2,
                "timestamp": 1778766157.9492033
            },
            {
                "memory_mb": 564.41796875,
                "cpu_percent": 99.9,
                "timestamp": 1778766159.0007296
            },
            {
                "memory_mb": 564.421875,
                "cpu_percent": 99.8,
                "timestamp": 1778766160.0532517
            },
            {
                "memory_mb": 564.42578125,
                "cpu_percent": 99.8,
                "timestamp": 1778766161.1052554
            },
            {
                "memory_mb": 564.421875,
                "cpu_percent": 100.8,
                "timestamp": 1778766162.1563888
            },
            {
                "memory_mb": 564.42578125,
                "cpu_percent": 99.9,
                "timestamp": 1778766163.2078097
            },
            {
                "memory_mb": 564.4296875,
                "cpu_percent": 75.1,
                "timestamp": 1778766164.2593436
            },
            {
                "memory_mb": 564.42578125,
                "cpu_percent": 98.9,
                "timestamp": 1778766165.3108716
            },
            {
                "memory_mb": 575.27734375,
                "cpu_percent": 44.5,
                "timestamp": 1778766166.3675332
            },
            {
                "memory_mb": 575.2578125,
                "cpu_percent": 78.9,
                "timestamp": 1778766167.4192648
            },
            {
                "memory_mb": 575.265625,
                "cpu_percent": 99.9,
                "timestamp": 1778766168.4705162
            },
            {
                "memory_mb": 569.46875,
                "cpu_percent": 100.9,
                "timestamp": 1778766169.5211587
            },
            {
                "memory_mb": 569.47265625,
                "cpu_percent": 99.9,
                "timestamp": 1778766170.5718887
            },
            {
                "memory_mb": 569.46875,
                "cpu_percent": 99.9,
                "timestamp": 1778766171.623282
            },
            {
                "memory_mb": 569.46875,
                "cpu_percent": 99.3,
                "timestamp": 1778766172.6805973
            },
            {
                "memory_mb": 569.47265625,
                "cpu_percent": 75.1,
                "timestamp": 1778766173.7325919
            },
            {
                "memory_mb": 569.47265625,
                "cpu_percent": 99.8,
                "timestamp": 1778766174.784397
            },
            {
                "memory_mb": 569.4765625,
                "cpu_percent": 80.8,
                "timestamp": 1778766175.8369126
            },
            {
                "memory_mb": 575.26953125,
                "cpu_percent": 45.7,
                "timestamp": 1778766176.8867824
            },
            {
                "memory_mb": 575.265625,
                "cpu_percent": 99.8,
                "timestamp": 1778766177.9384162
            },
            {
                "memory_mb": 575.28125,
                "cpu_percent": 99.7,
                "timestamp": 1778766178.99168
            },
            {
                "memory_mb": 575.27734375,
                "cpu_percent": 99.9,
                "timestamp": 1778766180.0429072
            },
            {
                "memory_mb": 575.28125,
                "cpu_percent": 99.8,
                "timestamp": 1778766181.0945263
            },
            {
                "memory_mb": 575.27734375,
                "cpu_percent": 99.9,
                "timestamp": 1778766182.1458313
            },
            {
                "memory_mb": 575.28515625,
                "cpu_percent": 91.3,
                "timestamp": 1778766183.2080688
            },
            {
                "memory_mb": 575.28515625,
                "cpu_percent": 83.7,
                "timestamp": 1778766184.2593114
            },
            {
                "memory_mb": 575.28125,
                "cpu_percent": 99.8,
                "timestamp": 1778766185.3116276
            },
            {
                "memory_mb": 575.28515625,
                "cpu_percent": 31.3,
                "timestamp": 1778766186.3645303
            },
            {
                "memory_mb": 575.2734375,
                "cpu_percent": 92.3,
                "timestamp": 1778766187.4159498
            },
            {
                "memory_mb": 575.28125,
                "cpu_percent": 100.9,
                "timestamp": 1778766188.4668956
            },
            {
                "memory_mb": 575.28515625,
                "cpu_percent": 99.0,
                "timestamp": 1778766189.5178897
            },
            {
                "memory_mb": 575.29296875,
                "cpu_percent": 99.8,
                "timestamp": 1778766190.570474
            },
            {
                "memory_mb": 575.28515625,
                "cpu_percent": 99.8,
                "timestamp": 1778766191.623079
            },
            {
                "memory_mb": 575.2890625,
                "cpu_percent": 100.9,
                "timestamp": 1778766192.6739035
            },
            {
                "memory_mb": 575.29296875,
                "cpu_percent": 76.1,
                "timestamp": 1778766193.7252774
            },
            {
                "memory_mb": 575.28515625,
                "cpu_percent": 99.8,
                "timestamp": 1778766194.777466
            },
            {
                "memory_mb": 575.29296875,
                "cpu_percent": 57.8,
                "timestamp": 1778766195.8321702
            },
            {
                "memory_mb": 575.28125,
                "cpu_percent": 66.1,
                "timestamp": 1778766196.8912308
            },
            {
                "memory_mb": 575.28125,
                "cpu_percent": 99.0,
                "timestamp": 1778766197.9413178
            },
            {
                "memory_mb": 575.2890625,
                "cpu_percent": 99.9,
                "timestamp": 1778766198.992393
            },
            {
                "memory_mb": 575.29296875,
                "cpu_percent": 100.4,
                "timestamp": 1778766200.0480258
            },
            {
                "memory_mb": 575.2890625,
                "cpu_percent": 99.9,
                "timestamp": 1778766201.0990834
            },
            {
                "memory_mb": 575.28125,
                "cpu_percent": 99.5,
                "timestamp": 1778766202.1545088
            },
            {
                "memory_mb": 575.29296875,
                "cpu_percent": 76.9,
                "timestamp": 1778766203.2084615
            },
            {
                "memory_mb": 575.2890625,
                "cpu_percent": 100.4,
                "timestamp": 1778766204.264008
            },
            {
                "memory_mb": 575.296875,
                "cpu_percent": 99.8,
                "timestamp": 1778766205.3161519
            },
            {
                "memory_mb": 575.28515625,
                "cpu_percent": 23.7,
                "timestamp": 1778766206.3702397
            },
            {
                "memory_mb": 575.27734375,
                "cpu_percent": 99.6,
                "timestamp": 1778766207.4243114
            },
            {
                "memory_mb": 575.28515625,
                "cpu_percent": 100.0,
                "timestamp": 1778766208.4747872
            },
            {
                "memory_mb": 571.9453125,
                "cpu_percent": 100.5,
                "timestamp": 1778766209.5296452
            },
            {
                "memory_mb": 571.953125,
                "cpu_percent": 99.6,
                "timestamp": 1778766210.5839906
            },
            {
                "memory_mb": 571.94921875,
                "cpu_percent": 99.7,
                "timestamp": 1778766211.6367443
            },
            {
                "memory_mb": 571.953125,
                "cpu_percent": 100.9,
                "timestamp": 1778766212.6873014
            },
            {
                "memory_mb": 571.95703125,
                "cpu_percent": 75.2,
                "timestamp": 1778766213.7372234
            },
            {
                "memory_mb": 571.953125,
                "cpu_percent": 99.8,
                "timestamp": 1778766214.7891462
            },
            {
                "memory_mb": 571.9609375,
                "cpu_percent": 51.2,
                "timestamp": 1778766215.8446236
            },
            {
                "memory_mb": 575.2890625,
                "cpu_percent": 72.6,
                "timestamp": 1778766216.905248
            },
            {
                "memory_mb": 575.2890625,
                "cpu_percent": 99.9,
                "timestamp": 1778766217.9563522
            },
            {
                "memory_mb": 575.296875,
                "cpu_percent": 99.7,
                "timestamp": 1778766219.0098047
            },
            {
                "memory_mb": 575.30078125,
                "cpu_percent": 100.8,
                "timestamp": 1778766220.0614228
            },
            {
                "memory_mb": 575.296875,
                "cpu_percent": 99.9,
                "timestamp": 1778766221.112546
            },
            {
                "memory_mb": 575.296875,
                "cpu_percent": 99.8,
                "timestamp": 1778766222.1651535
            },
            {
                "memory_mb": 575.30078125,
                "cpu_percent": 75.1,
                "timestamp": 1778766223.2170575
            },
            {
                "memory_mb": 575.296875,
                "cpu_percent": 100.6,
                "timestamp": 1778766224.2710078
            },
            {
                "memory_mb": 575.30078125,
                "cpu_percent": 83.6,
                "timestamp": 1778766225.3234825
            },
            {
                "memory_mb": 575.30078125,
                "cpu_percent": 40.0,
                "timestamp": 1778766226.373788
            },
            {
                "memory_mb": 575.29296875,
                "cpu_percent": 99.9,
                "timestamp": 1778766227.4251053
            },
            {
                "memory_mb": 575.30859375,
                "cpu_percent": 99.9,
                "timestamp": 1778766228.4761715
            },
            {
                "memory_mb": 575.3046875,
                "cpu_percent": 99.9,
                "timestamp": 1778766229.5267346
            },
            {
                "memory_mb": 575.30859375,
                "cpu_percent": 100.6,
                "timestamp": 1778766230.5808766
            },
            {
                "memory_mb": 575.3046875,
                "cpu_percent": 99.5,
                "timestamp": 1778766231.6360269
            },
            {
                "memory_mb": 575.30859375,
                "cpu_percent": 99.5,
                "timestamp": 1778766232.6909254
            },
            {
                "memory_mb": 575.30859375,
                "cpu_percent": 77.8,
                "timestamp": 1778766233.744965
            },
            {
                "memory_mb": 575.3046875,
                "cpu_percent": 99.7,
                "timestamp": 1778766234.7978609
            },
            {
                "memory_mb": 575.31640625,
                "cpu_percent": 44.6,
                "timestamp": 1778766235.850894
            },
            {
                "memory_mb": 575.30078125,
                "cpu_percent": 78.8,
                "timestamp": 1778766236.904219
            },
            {
                "memory_mb": 575.3046875,
                "cpu_percent": 99.9,
                "timestamp": 1778766237.9557457
            },
            {
                "memory_mb": 575.3125,
                "cpu_percent": 100.1,
                "timestamp": 1778766239.0148256
            },
            {
                "memory_mb": 575.31640625,
                "cpu_percent": 99.9,
                "timestamp": 1778766240.0663714
            },
            {
                "memory_mb": 575.3125,
                "cpu_percent": 99.8,
                "timestamp": 1778766241.11867
            },
            {
                "memory_mb": 575.3125,
                "cpu_percent": 100.7,
                "timestamp": 1778766242.1715715
            },
            {
                "memory_mb": 575.31640625,
                "cpu_percent": 76.1,
                "timestamp": 1778766243.222979
            },
            {
                "memory_mb": 575.31640625,
                "cpu_percent": 99.9,
                "timestamp": 1778766244.2736368
            },
            {
                "memory_mb": 575.3203125,
                "cpu_percent": 82.4,
                "timestamp": 1778766245.3291273
            },
            {
                "memory_mb": 575.3125,
                "cpu_percent": 40.9,
                "timestamp": 1778766246.3805704
            },
            {
                "memory_mb": 575.3046875,
                "cpu_percent": 99.4,
                "timestamp": 1778766247.436532
            },
            {
                "memory_mb": 567.34765625,
                "cpu_percent": 99.9,
                "timestamp": 1778766248.487617
            },
            {
                "memory_mb": 567.34375,
                "cpu_percent": 99.9,
                "timestamp": 1778766249.5381963
            },
            {
                "memory_mb": 567.34765625,
                "cpu_percent": 100.3,
                "timestamp": 1778766250.6046884
            },
            {
                "memory_mb": 567.34375,
                "cpu_percent": 99.8,
                "timestamp": 1778766251.657165
            },
            {
                "memory_mb": 567.3515625,
                "cpu_percent": 95.0,
                "timestamp": 1778766252.7097523
            },
            {
                "memory_mb": 567.34765625,
                "cpu_percent": 81.4,
                "timestamp": 1778766253.7782073
            },
            {
                "memory_mb": 567.34375,
                "cpu_percent": 99.9,
                "timestamp": 1778766254.829626
            },
            {
                "memory_mb": 575.3203125,
                "cpu_percent": 37.1,
                "timestamp": 1778766255.8816357
            },
            {
                "memory_mb": 575.30859375,
                "cpu_percent": 87.5,
                "timestamp": 1778766256.9327734
            },
            {
                "memory_mb": 575.31640625,
                "cpu_percent": 99.9,
                "timestamp": 1778766257.9837909
            },
            {
                "memory_mb": 562.16796875,
                "cpu_percent": 100.8,
                "timestamp": 1778766259.035195
            },
            {
                "memory_mb": 562.17578125,
                "cpu_percent": 99.9,
                "timestamp": 1778766260.0866847
            },
            {
                "memory_mb": 562.16796875,
                "cpu_percent": 98.9,
                "timestamp": 1778766261.1385777
            },
            {
                "memory_mb": 562.171875,
                "cpu_percent": 99.9,
                "timestamp": 1778766262.1897044
            },
            {
                "memory_mb": 562.17578125,
                "cpu_percent": 76.1,
                "timestamp": 1778766263.2407389
            },
            {
                "memory_mb": 562.16796875,
                "cpu_percent": 99.8,
                "timestamp": 1778766264.2926476
            },
            {
                "memory_mb": 562.17578125,
                "cpu_percent": 71.3,
                "timestamp": 1778766265.3445835
            },
            {
                "memory_mb": 575.22265625,
                "cpu_percent": 50.4,
                "timestamp": 1778766266.396279
            },
            {
                "memory_mb": 575.21484375,
                "cpu_percent": 100.8,
                "timestamp": 1778766267.4474332
            },
            {
                "memory_mb": 566.734375,
                "cpu_percent": 99.8,
                "timestamp": 1778766268.4991732
            },
            {
                "memory_mb": 566.73046875,
                "cpu_percent": 99.9,
                "timestamp": 1778766269.5498102
            },
            {
                "memory_mb": 566.734375,
                "cpu_percent": 99.9,
                "timestamp": 1778766270.6010432
            },
            {
                "memory_mb": 566.73046875,
                "cpu_percent": 100.0,
                "timestamp": 1778766271.651062
            },
            {
                "memory_mb": 566.73828125,
                "cpu_percent": 83.4,
                "timestamp": 1778766272.7057421
            },
            {
                "memory_mb": 566.73828125,
                "cpu_percent": 91.4,
                "timestamp": 1778766273.7562122
            },
            {
                "memory_mb": 566.828125,
                "cpu_percent": 99.9,
                "timestamp": 1778766274.8067565
            },
            {
                "memory_mb": 575.31640625,
                "cpu_percent": 25.5,
                "timestamp": 1778766275.8649
            },
            {
                "memory_mb": 575.30859375,
                "cpu_percent": 99.8,
                "timestamp": 1778766276.9171658
            },
            {
                "memory_mb": 575.31640625,
                "cpu_percent": 99.8,
                "timestamp": 1778766277.9689991
            },
            {
                "memory_mb": 569.515625,
                "cpu_percent": 100.0,
                "timestamp": 1778766279.0194428
            },
            {
                "memory_mb": 569.5234375,
                "cpu_percent": 99.9,
                "timestamp": 1778766280.0704594
            },
            {
                "memory_mb": 569.515625,
                "cpu_percent": 99.4,
                "timestamp": 1778766281.1271422
            },
            {
                "memory_mb": 569.51953125,
                "cpu_percent": 101.2,
                "timestamp": 1778766282.1845152
            },
            {
                "memory_mb": 569.5234375,
                "cpu_percent": 76.1,
                "timestamp": 1778766283.2357767
            },
            {
                "memory_mb": 569.51953125,
                "cpu_percent": 99.9,
                "timestamp": 1778766284.28638
            },
            {
                "memory_mb": 569.53125,
                "cpu_percent": 61.7,
                "timestamp": 1778766285.3406658
            },
            {
                "memory_mb": 575.32421875,
                "cpu_percent": 62.6,
                "timestamp": 1778766286.394518
            },
            {
                "memory_mb": 575.32421875,
                "cpu_percent": 99.7,
                "timestamp": 1778766287.4473176
            },
            {
                "memory_mb": 567.24609375,
                "cpu_percent": 99.9,
                "timestamp": 1778766288.4979076
            },
            {
                "memory_mb": 567.2421875,
                "cpu_percent": 99.9,
                "timestamp": 1778766289.548801
            },
            {
                "memory_mb": 567.24609375,
                "cpu_percent": 99.9,
                "timestamp": 1778766290.6001503
            },
            {
                "memory_mb": 567.2421875,
                "cpu_percent": 99.9,
                "timestamp": 1778766291.6514199
            },
            {
                "memory_mb": 567.25,
                "cpu_percent": 81.5,
                "timestamp": 1778766292.7070103
            },
            {
                "memory_mb": 567.24609375,
                "cpu_percent": 93.2,
                "timestamp": 1778766293.7588937
            },
            {
                "memory_mb": 567.2421875,
                "cpu_percent": 99.8,
                "timestamp": 1778766294.8108146
            },
            {
                "memory_mb": 575.33203125,
                "cpu_percent": 26.5,
                "timestamp": 1778766295.866311
            },
            {
                "memory_mb": 575.3203125,
                "cpu_percent": 97.1,
                "timestamp": 1778766296.9173381
            },
            {
                "memory_mb": 575.328125,
                "cpu_percent": 99.9,
                "timestamp": 1778766297.968792
            },
            {
                "memory_mb": 569.5234375,
                "cpu_percent": 99.9,
                "timestamp": 1778766299.019972
            },
            {
                "memory_mb": 569.53125,
                "cpu_percent": 99.9,
                "timestamp": 1778766300.0712638
            },
            {
                "memory_mb": 569.5234375,
                "cpu_percent": 99.7,
                "timestamp": 1778766301.1239398
            },
            {
                "memory_mb": 569.52734375,
                "cpu_percent": 99.9,
                "timestamp": 1778766302.1750207
            },
            {
                "memory_mb": 569.53125,
                "cpu_percent": 75.2,
                "timestamp": 1778766303.2253556
            },
            {
                "memory_mb": 569.52734375,
                "cpu_percent": 99.8,
                "timestamp": 1778766304.2775857
            },
            {
                "memory_mb": 569.5390625,
                "cpu_percent": 62.9,
                "timestamp": 1778766305.3275974
            },
            {
                "memory_mb": 575.33203125,
                "cpu_percent": 60.9,
                "timestamp": 1778766306.3785965
            },
            {
                "memory_mb": 575.33203125,
                "cpu_percent": 100.8,
                "timestamp": 1778766307.4299955
            },
            {
                "memory_mb": 569.53515625,
                "cpu_percent": 99.0,
                "timestamp": 1778766308.480115
            },
            {
                "memory_mb": 569.5390625,
                "cpu_percent": 99.9,
                "timestamp": 1778766309.5316074
            },
            {
                "memory_mb": 569.53515625,
                "cpu_percent": 100.0,
                "timestamp": 1778766310.582103
            },
            {
                "memory_mb": 569.53125,
                "cpu_percent": 100.4,
                "timestamp": 1778766311.6375856
            },
            {
                "memory_mb": 569.5390625,
                "cpu_percent": 74.9,
                "timestamp": 1778766312.6929522
            },
            {
                "memory_mb": 569.53515625,
                "cpu_percent": 98.9,
                "timestamp": 1778766313.7449381
            },
            {
                "memory_mb": 569.5390625,
                "cpu_percent": 99.9,
                "timestamp": 1778766314.7964606
            },
            {
                "memory_mb": 575.33984375,
                "cpu_percent": 24.7,
                "timestamp": 1778766315.8477778
            },
            {
                "memory_mb": 575.33203125,
                "cpu_percent": 99.0,
                "timestamp": 1778766316.8980427
            },
            {
                "memory_mb": 560.87890625,
                "cpu_percent": 99.9,
                "timestamp": 1778766317.9495075
            },
            {
                "memory_mb": 560.88671875,
                "cpu_percent": 99.9,
                "timestamp": 1778766319.000974
            },
            {
                "memory_mb": 560.89453125,
                "cpu_percent": 99.9,
                "timestamp": 1778766320.0524435
            },
            {
                "memory_mb": 560.88671875,
                "cpu_percent": 100.0,
                "timestamp": 1778766321.102883
            },
            {
                "memory_mb": 560.890625,
                "cpu_percent": 100.9,
                "timestamp": 1778766322.1538076
            },
            {
                "memory_mb": 560.890625,
                "cpu_percent": 76.1,
                "timestamp": 1778766323.2053998
            },
            {
                "memory_mb": 560.88671875,
                "cpu_percent": 99.9,
                "timestamp": 1778766324.2563448
            },
            {
                "memory_mb": 575.25390625,
                "cpu_percent": 42.7,
                "timestamp": 1778766325.3109593
            },
            {
                "memory_mb": 575.24609375,
                "cpu_percent": 79.9,
                "timestamp": 1778766326.3616478
            },
            {
                "memory_mb": 575.24609375,
                "cpu_percent": 99.9,
                "timestamp": 1778766327.412851
            },
            {
                "memory_mb": 569.44921875,
                "cpu_percent": 99.8,
                "timestamp": 1778766328.4651132
            },
            {
                "memory_mb": 569.453125,
                "cpu_percent": 99.9,
                "timestamp": 1778766329.516125
            },
            {
                "memory_mb": 569.44921875,
                "cpu_percent": 99.8,
                "timestamp": 1778766330.5678244
            },
            {
                "memory_mb": 569.44921875,
                "cpu_percent": 99.8,
                "timestamp": 1778766331.6195078
            },
            {
                "memory_mb": 569.453125,
                "cpu_percent": 77.1,
                "timestamp": 1778766332.6700678
            },
            {
                "memory_mb": 569.453125,
                "cpu_percent": 99.8,
                "timestamp": 1778766333.7216659
            },
            {
                "memory_mb": 569.55078125,
                "cpu_percent": 75.7,
                "timestamp": 1778766334.7779255
            },
            {
                "memory_mb": 575.34765625,
                "cpu_percent": 47.6,
                "timestamp": 1778766335.8289628
            },
            {
                "memory_mb": 575.33984375,
                "cpu_percent": 99.8,
                "timestamp": 1778766336.8807695
            },
            {
                "memory_mb": 569.58203125,
                "cpu_percent": 100.8,
                "timestamp": 1778766337.9319906
            },
            {
                "memory_mb": 569.578125,
                "cpu_percent": 99.0,
                "timestamp": 1778766338.9829068
            },
            {
                "memory_mb": 569.58203125,
                "cpu_percent": 99.9,
                "timestamp": 1778766340.0340552
            },
            {
                "memory_mb": 569.578125,
                "cpu_percent": 100.8,
                "timestamp": 1778766341.0854955
            },
            {
                "memory_mb": 569.5859375,
                "cpu_percent": 85.1,
                "timestamp": 1778766342.1436665
            },
            {
                "memory_mb": 569.58203125,
                "cpu_percent": 89.5,
                "timestamp": 1778766343.1942117
            },
            {
                "memory_mb": 569.578125,
                "cpu_percent": 99.9,
                "timestamp": 1778766344.2455215
            },
            {
                "memory_mb": 575.3515625,
                "cpu_percent": 25.6,
                "timestamp": 1778766345.3011193
            },
            {
                "memory_mb": 575.33984375,
                "cpu_percent": 98.8,
                "timestamp": 1778766346.3533592
            },
            {
                "memory_mb": 575.34765625,
                "cpu_percent": 98.9,
                "timestamp": 1778766346.9902368
            }
        ]
    }
}
