Процесс: 106392
УПРАВЛЯЮЩИЙ ПРОЦЕСС
Родитель: 13546
Создан: 2026-04-26T19:53:01.950000
Последний замер: 2026-04-26T19:58:04.489946
Время жизни: 302.539946 сек
voluntary_ctxt_switches: 1659
nonvoluntary_ctxt_switches: 77
jiffies: 86.0
avg_cpu_load: 0.1 %
avg_memory_mb: 42.9 MB


Процесс: 106399
Родитель: 106392
Создан: 2026-04-26T19:53:02.360000
Последний замер: 2026-04-26T19:58:04.490166
Время жизни: 302.130166 сек
voluntary_ctxt_switches: 167
nonvoluntary_ctxt_switches: 1761
jiffies: 1304.0
avg_cpu_load: 4.3 %
avg_memory_mb: 112.7 MB

Среднее latency: 1.84
Средний runtime: 1.83
Всего задач: 30
Задач по типам: cpu_intensive - 20; memory_intensive - 10

Процесс: 106400
Родитель: 106392
Создан: 2026-04-26T19:53:02.380000
Последний замер: 2026-04-26T19:58:04.490369
Время жизни: 302.110369 сек
voluntary_ctxt_switches: 174
nonvoluntary_ctxt_switches: 1257
jiffies: 1336.0
avg_cpu_load: 4.4 %
avg_memory_mb: 118.3 MB

Среднее latency: 1.8
Средний runtime: 1.78
Всего задач: 30
Задач по типам: memory_intensive - 10; cpu_intensive - 20

Процесс: 106401
Родитель: 106392
Создан: 2026-04-26T19:53:02.400000
Последний замер: 2026-04-26T19:58:04.490572
Время жизни: 302.090572 сек
voluntary_ctxt_switches: 164
nonvoluntary_ctxt_switches: 1297
jiffies: 1319.0
avg_cpu_load: 4.4 %
avg_memory_mb: 115.6 MB

Среднее latency: 1.8
Средний runtime: 1.78
Всего задач: 30
Задач по типам: cpu_intensive - 20; memory_intensive - 10

Процесс: 106402
Родитель: 106392
Создан: 2026-04-26T19:53:02.430000
Последний замер: 2026-04-26T19:58:04.490787
Время жизни: 302.060787 сек
voluntary_ctxt_switches: 166
nonvoluntary_ctxt_switches: 1162
jiffies: 1345.0
avg_cpu_load: 4.5 %
avg_memory_mb: 112.9 MB

Среднее latency: 1.79
Средний runtime: 1.77
Всего задач: 30
Задач по типам: cpu_intensive - 20; memory_intensive - 10

Процесс: 106403
Родитель: 106392
Создан: 2026-04-26T19:53:02.450000
Последний замер: 2026-04-26T19:58:04.490990
Время жизни: 302.04099 сек
voluntary_ctxt_switches: 164
nonvoluntary_ctxt_switches: 1146
jiffies: 1317.0
avg_cpu_load: 4.4 %
avg_memory_mb: 115.6 MB

Среднее latency: 1.78
Средний runtime: 1.76
Всего задач: 30
Задач по типам: memory_intensive - 10; cpu_intensive - 20

Процесс: 106410
Родитель: 106392
Создан: 2026-04-26T19:53:02.470000
Последний замер: 2026-04-26T19:58:04.491301
Время жизни: 302.021301 сек
voluntary_ctxt_switches: 162
nonvoluntary_ctxt_switches: 2181
jiffies: 1335.0
avg_cpu_load: 4.4 %
avg_memory_mb: 115.5 MB

Среднее latency: 1.9
Средний runtime: 1.87
Всего задач: 30
Задач по типам: cpu_intensive - 20; memory_intensive - 10

Процесс: 106411
Родитель: 106392
Создан: 2026-04-26T19:53:02.500000
Последний замер: 2026-04-26T19:58:04.491504
Время жизни: 301.991504 сек
voluntary_ctxt_switches: 167
nonvoluntary_ctxt_switches: 1852
jiffies: 1313.0
avg_cpu_load: 4.4 %
avg_memory_mb: 112.9 MB

Среднее latency: 1.86
Средний runtime: 1.84
Всего задач: 30
Задач по типам: cpu_intensive - 20; memory_intensive - 10

Процесс: 106412
Родитель: 106392
Создан: 2026-04-26T19:53:02.520000
Последний замер: 2026-04-26T19:58:04.491716
Время жизни: 301.971716 сек
voluntary_ctxt_switches: 161
nonvoluntary_ctxt_switches: 2106
jiffies: 1340.0
avg_cpu_load: 4.5 %
avg_memory_mb: 115.6 MB

Среднее latency: 1.89
Средний runtime: 1.87
Всего задач: 30
Задач по типам: cpu_intensive - 20; memory_intensive - 10

