Процесс: 74070
УПРАВЛЯЮЩИЙ ПРОЦЕСС
Родитель: 13546
Создан: 2026-04-26T13:19:45.370000
Последний замер: 2026-04-26T13:24:47.913791
Время жизни: 302.543791 сек
voluntary_ctxt_switches: 1777
nonvoluntary_ctxt_switches: 161
jiffies: 178.0
avg_cpu_load: 0.5 %
avg_memory_mb: 42.8 MB


Процесс: 74077
Родитель: 74070
Создан: 2026-04-26T13:19:45.770000
Последний замер: 2026-04-26T13:20:27.062617
Время жизни: 41.292617 сек
voluntary_ctxt_switches: 19
nonvoluntary_ctxt_switches: 271
jiffies: 192.0
avg_cpu_load: 4.7 %
avg_memory_mb: 75.0 MB

Среднее latency: 1.94
Средний runtime: 1.83
Всего задач: 4
Задач по типам: cpu_intensive - 3; memory_intensive - 1

Процесс: 74078
Родитель: 74070
Создан: 2026-04-26T13:19:45.790000
Последний замер: 2026-04-26T13:20:27.062820
Время жизни: 41.27282 сек
voluntary_ctxt_switches: 19
nonvoluntary_ctxt_switches: 259
jiffies: 194.0
avg_cpu_load: 4.8 %
avg_memory_mb: 95.2 MB

Среднее latency: 1.94
Средний runtime: 1.83
Всего задач: 4
Задач по типам: cpu_intensive - 3; memory_intensive - 1

Процесс: 74079
Родитель: 74070
Создан: 2026-04-26T13:19:45.820000
Последний замер: 2026-04-26T13:20:27.063020
Время жизни: 41.24302 сек
voluntary_ctxt_switches: 19
nonvoluntary_ctxt_switches: 203
jiffies: 194.0
avg_cpu_load: 4.8 %
avg_memory_mb: 74.9 MB

Среднее latency: 1.91
Средний runtime: 1.8
Всего задач: 4
Задач по типам: cpu_intensive - 3; memory_intensive - 1

Процесс: 74080
Родитель: 74070
Создан: 2026-04-26T13:19:45.840000
Последний замер: 2026-04-26T13:20:27.063229
Время жизни: 41.223229 сек
voluntary_ctxt_switches: 20
nonvoluntary_ctxt_switches: 367
jiffies: 196.0
avg_cpu_load: 4.8 %
avg_memory_mb: 95.1 MB

Среднее latency: 2.02
Средний runtime: 1.91
Всего задач: 4
Задач по типам: cpu_intensive - 3; memory_intensive - 1

Процесс: 74089
Родитель: 74070
Создан: 2026-04-26T13:19:46.920000
Последний замер: 2026-04-26T13:20:57.451359
Время жизни: 70.531359 сек
voluntary_ctxt_switches: 35
nonvoluntary_ctxt_switches: 705
jiffies: 331.0
avg_cpu_load: 4.6 %
avg_memory_mb: 107.0 MB

Среднее latency: 2.02
Средний runtime: 1.95
Всего задач: 7
Задач по типам: cpu_intensive - 5; memory_intensive - 2

Процесс: 74090
Родитель: 74070
Создан: 2026-04-26T13:19:46.940000
Последний замер: 2026-04-26T13:20:57.451562
Время жизни: 70.511562 сек
voluntary_ctxt_switches: 48
nonvoluntary_ctxt_switches: 240
jiffies: 272.0
avg_cpu_load: 3.9 %
avg_memory_mb: 118.4 MB

Среднее latency: 1.81
Средний runtime: 1.75
Всего задач: 7
Задач по типам: memory_intensive - 3; cpu_intensive - 4

Процесс: 74091
Родитель: 74070
Создан: 2026-04-26T13:19:46.970000
Последний замер: 2026-04-26T13:20:57.451775
Время жизни: 70.481775 сек
voluntary_ctxt_switches: 45
nonvoluntary_ctxt_switches: 228
jiffies: 268.0
avg_cpu_load: 3.8 %
avg_memory_mb: 118.3 MB

Среднее latency: 1.81
Средний runtime: 1.75
Всего задач: 7
Задач по типам: memory_intensive - 3; cpu_intensive - 4

Процесс: 74092
Родитель: 74070
Создан: 2026-04-26T13:19:46.990000
Последний замер: 2026-04-26T13:20:57.451975
Время жизни: 70.461975 сек
voluntary_ctxt_switches: 35
nonvoluntary_ctxt_switches: 572
jiffies: 326.0
avg_cpu_load: 4.6 %
avg_memory_mb: 95.1 MB

Среднее latency: 1.96
Средний runtime: 1.89
Всего задач: 7
Задач по типам: cpu_intensive - 5; memory_intensive - 2

Процесс: 74158
Родитель: 74070
Создан: 2026-04-26T13:20:26.810000
Последний замер: 2026-04-26T13:21:26.786120
Время жизни: 59.97612 сек
voluntary_ctxt_switches: 46
nonvoluntary_ctxt_switches: 242
jiffies: 213.0
avg_cpu_load: 3.6 %
avg_memory_mb: 118.5 MB

Среднее latency: 1.82
Средний runtime: 1.78
Всего задач: 6
Задач по типам: memory_intensive - 3; cpu_intensive - 3

Процесс: 74159
Родитель: 74070
Создан: 2026-04-26T13:20:26.840000
Последний замер: 2026-04-26T13:21:26.786322
Время жизни: 59.946322 сек
voluntary_ctxt_switches: 25
nonvoluntary_ctxt_switches: 326
jiffies: 322.0
avg_cpu_load: 5.1 %
avg_memory_mb: 76.6 MB

Среднее latency: 1.83
Средний runtime: 1.79
Всего задач: 6
Задач по типам: cpu_intensive - 5; memory_intensive - 1

Процесс: 74160
Родитель: 74070
Создан: 2026-04-26T13:20:26.860000
Последний замер: 2026-04-26T13:21:26.786522
Время жизни: 59.926522 сек
voluntary_ctxt_switches: 44
nonvoluntary_ctxt_switches: 140
jiffies: 219.0
avg_cpu_load: 3.7 %
avg_memory_mb: 118.5 MB

Среднее latency: 1.78
Средний runtime: 1.74
Всего задач: 6
Задач по типам: memory_intensive - 3; cpu_intensive - 3

Процесс: 74161
Родитель: 74070
Создан: 2026-04-26T13:20:26.890000
Последний замер: 2026-04-26T13:21:26.786734
Время жизни: 59.896734 сек
voluntary_ctxt_switches: 23
nonvoluntary_ctxt_switches: 531
jiffies: 327.0
avg_cpu_load: 5.5 %
avg_memory_mb: 76.6 MB

Среднее latency: 1.95
Средний runtime: 1.91
Всего задач: 6
Задач по типам: cpu_intensive - 5; memory_intensive - 1

Процесс: 74166
Родитель: 74070
Создан: 2026-04-26T13:20:56.840000
Последний замер: 2026-04-26T13:21:57.166600
Время жизни: 60.3266 сек
voluntary_ctxt_switches: 33
nonvoluntary_ctxt_switches: 319
jiffies: 265.0
avg_cpu_load: 4.4 %
avg_memory_mb: 105.2 MB

Среднее latency: 1.84
Средний runtime: 1.79
Всего задач: 6
Задач по типам: cpu_intensive - 4; memory_intensive - 2

Процесс: 74167
Родитель: 74070
Создан: 2026-04-26T13:20:56.870000
Последний замер: 2026-04-26T13:21:57.166804
Время жизни: 60.296804 сек
voluntary_ctxt_switches: 23
nonvoluntary_ctxt_switches: 666
jiffies: 322.0
avg_cpu_load: 5.4 %
avg_memory_mb: 77.2 MB

Среднее latency: 2.01
Средний runtime: 1.97
Всего задач: 6
Задач по типам: cpu_intensive - 5; memory_intensive - 1

Процесс: 74168
Родитель: 74070
Создан: 2026-04-26T13:20:56.900000
Последний замер: 2026-04-26T13:21:57.167007
Время жизни: 60.267007 сек
voluntary_ctxt_switches: 34
nonvoluntary_ctxt_switches: 309
jiffies: 270.0
avg_cpu_load: 3.7 %
avg_memory_mb: 91.3 MB

Среднее latency: 1.83
Средний runtime: 1.79
Всего задач: 6
Задач по типам: cpu_intensive - 4; memory_intensive - 2

Процесс: 74169
Родитель: 74070
Создан: 2026-04-26T13:20:56.930000
Последний замер: 2026-04-26T13:21:57.167207
Время жизни: 60.237207 сек
voluntary_ctxt_switches: 43
nonvoluntary_ctxt_switches: 300
jiffies: 217.0
avg_cpu_load: 3.6 %
avg_memory_mb: 119.1 MB

Среднее latency: 1.86
Средний runtime: 1.82
Всего задач: 6
Задач по типам: memory_intensive - 3; cpu_intensive - 3

Процесс: 74233
Родитель: 74070
Создан: 2026-04-26T13:21:26.860000
Последний замер: 2026-04-26T13:22:27.555866
Время жизни: 60.695866 сек
voluntary_ctxt_switches: 44
nonvoluntary_ctxt_switches: 351
jiffies: 208.0
avg_cpu_load: 3.4 %
avg_memory_mb: 119.3 MB

Среднее latency: 1.87
Средний runtime: 1.82
Всего задач: 6
Задач по типам: memory_intensive - 3; cpu_intensive - 3

Процесс: 74234
Родитель: 74070
Создан: 2026-04-26T13:21:26.910000
Последний замер: 2026-04-26T13:22:27.556069
Время жизни: 60.646069 сек
voluntary_ctxt_switches: 33
nonvoluntary_ctxt_switches: 366
jiffies: 261.0
avg_cpu_load: 4.4 %
avg_memory_mb: 78.0 MB

Среднее latency: 1.87
Средний runtime: 1.82
Всего задач: 6
Задач по типам: cpu_intensive - 4; memory_intensive - 2

Процесс: 74235
Родитель: 74070
Создан: 2026-04-26T13:21:26.960000
Последний замер: 2026-04-26T13:22:27.556270
Время жизни: 60.59627 сек
voluntary_ctxt_switches: 43
nonvoluntary_ctxt_switches: 250
jiffies: 208.0
avg_cpu_load: 3.4 %
avg_memory_mb: 119.2 MB

Среднее latency: 1.82
Средний runtime: 1.78
Всего задач: 6
Задач по типам: memory_intensive - 3; cpu_intensive - 3

Процесс: 74236
Родитель: 74070
Создан: 2026-04-26T13:21:26.990000
Последний замер: 2026-04-26T13:22:27.556469
Время жизни: 60.566469 сек
voluntary_ctxt_switches: 32
nonvoluntary_ctxt_switches: 349
jiffies: 260.0
avg_cpu_load: 4.4 %
avg_memory_mb: 78.1 MB

Среднее latency: 1.86
Средний runtime: 1.81
Всего задач: 6
Задач по типам: cpu_intensive - 4; memory_intensive - 2

Процесс: 74247
Родитель: 74070
Создан: 2026-04-26T13:21:56.860000
Последний замер: 2026-04-26T13:22:56.888139
Время жизни: 60.028139 сек
voluntary_ctxt_switches: 24
nonvoluntary_ctxt_switches: 445
jiffies: 322.0
avg_cpu_load: 5.0 %
avg_memory_mb: 76.6 MB

Среднее latency: 1.89
Средний runtime: 1.85
Всего задач: 6
Задач по типам: cpu_intensive - 5; memory_intensive - 1

Процесс: 74248
Родитель: 74070
Создан: 2026-04-26T13:21:56.880000
Последний замер: 2026-04-26T13:22:56.888345
Время жизни: 60.008345 сек
voluntary_ctxt_switches: 23
nonvoluntary_ctxt_switches: 676
jiffies: 323.0
avg_cpu_load: 5.4 %
avg_memory_mb: 76.6 MB

Среднее latency: 2.02
Средний runtime: 1.99
Всего задач: 6
Задач по типам: cpu_intensive - 5; memory_intensive - 1

Процесс: 74249
Родитель: 74070
Создан: 2026-04-26T13:21:56.910000
Последний замер: 2026-04-26T13:22:56.888546
Время жизни: 59.978546 сек
voluntary_ctxt_switches: 24
nonvoluntary_ctxt_switches: 274
jiffies: 319.0
avg_cpu_load: 5.0 %
avg_memory_mb: 76.6 MB

Среднее latency: 1.79
Средний runtime: 1.76
Всего задач: 6
Задач по типам: cpu_intensive - 5; memory_intensive - 1

Процесс: 74250
Родитель: 74070
Создан: 2026-04-26T13:21:56.940000
Последний замер: 2026-04-26T13:22:56.888767
Время жизни: 59.948767 сек
voluntary_ctxt_switches: 43
nonvoluntary_ctxt_switches: 247
jiffies: 205.0
avg_cpu_load: 3.4 %
avg_memory_mb: 118.7 MB

Среднее latency: 1.83
Средний runtime: 1.79
Всего задач: 6
Задач по типам: memory_intensive - 3; cpu_intensive - 3

Процесс: 74317
Родитель: 74070
Создан: 2026-04-26T13:22:26.890000
Последний замер: 2026-04-26T13:23:27.277942
Время жизни: 60.387942 сек
voluntary_ctxt_switches: 34
nonvoluntary_ctxt_switches: 450
jiffies: 264.0
avg_cpu_load: 4.4 %
avg_memory_mb: 105.2 MB

Среднее latency: 1.91
Средний runtime: 1.87
Всего задач: 6
Задач по типам: cpu_intensive - 4; memory_intensive - 2

Процесс: 74318
Родитель: 74070
Создан: 2026-04-26T13:22:26.910000
Последний замер: 2026-04-26T13:23:27.278144
Время жизни: 60.368144 сек
voluntary_ctxt_switches: 35
nonvoluntary_ctxt_switches: 290
jiffies: 265.0
avg_cpu_load: 3.5 %
avg_memory_mb: 91.3 MB

Среднее latency: 1.83
Средний runtime: 1.8
Всего задач: 6
Задач по типам: cpu_intensive - 4; memory_intensive - 2

Процесс: 74319
Родитель: 74070
Создан: 2026-04-26T13:22:26.940000
Последний замер: 2026-04-26T13:23:27.278344
Время жизни: 60.338344 сек
voluntary_ctxt_switches: 33
nonvoluntary_ctxt_switches: 309
jiffies: 263.0
avg_cpu_load: 3.5 %
avg_memory_mb: 105.2 MB

Среднее latency: 1.84
Средний runtime: 1.8
Всего задач: 6
Задач по типам: cpu_intensive - 4; memory_intensive - 2

Процесс: 74320
Родитель: 74070
Создан: 2026-04-26T13:22:26.970000
Последний замер: 2026-04-26T13:23:27.278545
Время жизни: 60.308545 сек
voluntary_ctxt_switches: 33
nonvoluntary_ctxt_switches: 218
jiffies: 261.0
avg_cpu_load: 4.4 %
avg_memory_mb: 91.5 MB

Среднее latency: 1.79
Средний runtime: 1.75
Всего задач: 6
Задач по типам: cpu_intensive - 4; memory_intensive - 2

Процесс: 74325
Родитель: 74070
Создан: 2026-04-26T13:22:56.920000
Последний замер: 2026-04-26T13:23:57.666450
Время жизни: 60.74645 сек
voluntary_ctxt_switches: 23
nonvoluntary_ctxt_switches: 572
jiffies: 320.0
avg_cpu_load: 5.4 %
avg_memory_mb: 78.0 MB

Среднее latency: 1.96
Средний runtime: 1.92
Всего задач: 6
Задач по типам: cpu_intensive - 5; memory_intensive - 1

Процесс: 74326
Родитель: 74070
Создан: 2026-04-26T13:22:56.970000
Последний замер: 2026-04-26T13:23:57.666664
Время жизни: 60.696664 сек
voluntary_ctxt_switches: 33
nonvoluntary_ctxt_switches: 195
jiffies: 259.0
avg_cpu_load: 4.2 %
avg_memory_mb: 119.3 MB

Среднее latency: 1.78
Средний runtime: 1.74
Всего задач: 6
Задач по типам: memory_intensive - 2; cpu_intensive - 4

Процесс: 74327
Родитель: 74070
Создан: 2026-04-26T13:22:57
Последний замер: 2026-04-26T13:23:57.666866
Время жизни: 60.666866 сек
voluntary_ctxt_switches: 33
nonvoluntary_ctxt_switches: 448
jiffies: 264.0
avg_cpu_load: 4.3 %
avg_memory_mb: 119.2 MB

Среднее latency: 1.92
Средний runtime: 1.87
Всего задач: 6
Задач по типам: memory_intensive - 2; cpu_intensive - 4

Процесс: 74328
Родитель: 74070
Создан: 2026-04-26T13:22:57.020000
Последний замер: 2026-04-26T13:23:57.667067
Время жизни: 60.647067 сек
voluntary_ctxt_switches: 43
nonvoluntary_ctxt_switches: 292
jiffies: 208.0
avg_cpu_load: 3.4 %
avg_memory_mb: 119.4 MB

Среднее latency: 1.85
Средний runtime: 1.8
Всего задач: 6
Задач по типам: memory_intensive - 3; cpu_intensive - 3

Процесс: 74392
Родитель: 74070
Создан: 2026-04-26T13:23:26.910000
Последний замер: 2026-04-26T13:24:27.002257
Время жизни: 60.092257 сек
voluntary_ctxt_switches: 33
nonvoluntary_ctxt_switches: 403
jiffies: 265.0
avg_cpu_load: 4.4 %
avg_memory_mb: 104.7 MB

Среднее latency: 1.89
Средний runtime: 1.85
Всего задач: 6
Задач по типам: cpu_intensive - 4; memory_intensive - 2

Процесс: 74393
Родитель: 74070
Создан: 2026-04-26T13:23:26.930000
Последний замер: 2026-04-26T13:24:27.002460
Время жизни: 60.07246 сек
voluntary_ctxt_switches: 34
nonvoluntary_ctxt_switches: 316
jiffies: 265.0
avg_cpu_load: 3.9 %
avg_memory_mb: 90.8 MB

Среднее latency: 1.84
Средний runtime: 1.81
Всего задач: 6
Задач по типам: cpu_intensive - 4; memory_intensive - 2

Процесс: 74394
Родитель: 74070
Создан: 2026-04-26T13:23:26.960000
Последний замер: 2026-04-26T13:24:27.002672
Время жизни: 60.042672 сек
voluntary_ctxt_switches: 33
nonvoluntary_ctxt_switches: 258
jiffies: 270.0
avg_cpu_load: 4.0 %
avg_memory_mb: 104.7 MB

Среднее latency: 1.82
Средний runtime: 1.79
Всего задач: 6
Задач по типам: cpu_intensive - 4; memory_intensive - 2

Процесс: 74395
Родитель: 74070
Создан: 2026-04-26T13:23:26.990000
Последний замер: 2026-04-26T13:24:27.002874
Время жизни: 60.012874 сек
voluntary_ctxt_switches: 34
nonvoluntary_ctxt_switches: 285
jiffies: 254.0
avg_cpu_load: 4.3 %
avg_memory_mb: 90.8 MB

Среднее latency: 1.8
Средний runtime: 1.77
Всего задач: 6
Задач по типам: cpu_intensive - 4; memory_intensive - 2

Процесс: 74423
Родитель: 74070
Создан: 2026-04-26T13:23:56.960000
Последний замер: 2026-04-26T13:24:47.914518
Время жизни: 50.954518 сек
voluntary_ctxt_switches: 22
nonvoluntary_ctxt_switches: 303
jiffies: 261.0
avg_cpu_load: 5.2 %
avg_memory_mb: 69.7 MB

Среднее latency: 1.87
Средний runtime: 1.82
Всего задач: 5
Задач по типам: cpu_intensive - 4; memory_intensive - 1

Процесс: 74424
Родитель: 74070
Создан: 2026-04-26T13:23:57.010000
Последний замер: 2026-04-26T13:24:47.914734
Время жизни: 50.904734 сек
voluntary_ctxt_switches: 32
nonvoluntary_ctxt_switches: 176
jiffies: 197.0
avg_cpu_load: 3.8 %
avg_memory_mb: 118.9 MB

Среднее latency: 1.8
Средний runtime: 1.75
Всего задач: 5
Задач по типам: memory_intensive - 2; cpu_intensive - 3

Процесс: 74425
Родитель: 74070
Создан: 2026-04-26T13:23:57.040000
Последний замер: 2026-04-26T13:24:47.914937
Время жизни: 50.874937 сек
voluntary_ctxt_switches: 32
nonvoluntary_ctxt_switches: 370
jiffies: 205.0
avg_cpu_load: 4.0 %
avg_memory_mb: 118.9 MB

Среднее latency: 1.93
Средний runtime: 1.88
Всего задач: 5
Задач по типам: memory_intensive - 2; cpu_intensive - 3

Процесс: 74426
Родитель: 74070
Создан: 2026-04-26T13:23:57.070000
Последний замер: 2026-04-26T13:24:47.915141
Время жизни: 50.845141 сек
voluntary_ctxt_switches: 41
nonvoluntary_ctxt_switches: 183
jiffies: 140.0
avg_cpu_load: 2.7 %
avg_memory_mb: 119.3 MB

Среднее latency: 1.83
Средний runtime: 1.77
Всего задач: 5
Задач по типам: memory_intensive - 3; cpu_intensive - 2

Процесс: 74491
Родитель: 74070
Создан: 2026-04-26T13:24:26.950000
Последний замер: 2026-04-26T13:24:47.915343
Время жизни: 20.965343 сек
voluntary_ctxt_switches: 16
nonvoluntary_ctxt_switches: 110
jiffies: 70.0
avg_cpu_load: 3.3 %
avg_memory_mb: 76.8 MB

Среднее latency: 1.92
Средний runtime: 1.83
Всего задач: 2
Задач по типам: cpu_intensive - 1; memory_intensive - 1

Процесс: 74492
Родитель: 74070
Создан: 2026-04-26T13:24:26.980000
Последний замер: 2026-04-26T13:24:47.915547
Время жизни: 20.935547 сек
voluntary_ctxt_switches: 5
nonvoluntary_ctxt_switches: 165
jiffies: 125.0
avg_cpu_load: 5.9 %
avg_memory_mb: 36.6 MB

Среднее latency: 1.96
Средний runtime: 1.87
Всего задач: 2
Задач по типам: cpu_intensive - 2

Процесс: 74493
Родитель: 74070
Создан: 2026-04-26T13:24:27.010000
Последний замер: 2026-04-26T13:24:47.915759
Время жизни: 20.905759 сек
voluntary_ctxt_switches: 15
nonvoluntary_ctxt_switches: 44
jiffies: 70.0
avg_cpu_load: 0.5 %
avg_memory_mb: 78.9 MB

Среднее latency: 1.83
Средний runtime: 1.73
Всего задач: 2
Задач по типам: cpu_intensive - 1; memory_intensive - 1

Процесс: 74494
Родитель: 74070
Создан: 2026-04-26T13:24:27.030000
Последний замер: 2026-04-26T13:24:47.915962
Время жизни: 20.885962 сек
voluntary_ctxt_switches: 5
nonvoluntary_ctxt_switches: 104
jiffies: 120.0
avg_cpu_load: 5.9 %
avg_memory_mb: 36.7 MB

Среднее latency: 1.84
Средний runtime: 1.75
Всего задач: 2
Задач по типам: cpu_intensive - 2

