Процесс: 50930
УПРАВЛЯЮЩИЙ ПРОЦЕСС
Родитель: 13546
Создан: 2026-04-26T08:46:53.250000
Последний замер: 2026-04-26T08:51:55.732249
Время жизни: 302.482249 сек
voluntary_ctxt_switches: 1448
nonvoluntary_ctxt_switches: 6
jiffies: 60.0
avg_cpu_load: 0.1 %
avg_memory_mb: 42.6 MB


Процесс: 50937
Родитель: 50930
Создан: 2026-04-26T08:46:53.650000
Последний замер: 2026-04-26T08:51:55.732466
Время жизни: 302.082466 сек
voluntary_ctxt_switches: 162
nonvoluntary_ctxt_switches: 134
jiffies: 1297.0
avg_cpu_load: 4.3 %
avg_memory_mb: 112.9 MB

Среднее latency: 1.64
Средний runtime: 1.63
Всего задач: 30
Задач по типам: cpu_intensive - 20; memory_intensive - 10

Процесс: 50938
Родитель: 50930
Создан: 2026-04-26T08:46:53.680000
Последний замер: 2026-04-26T08:51:55.732680
Время жизни: 302.05268 сек
voluntary_ctxt_switches: 162
nonvoluntary_ctxt_switches: 124
jiffies: 1334.0
avg_cpu_load: 4.4 %
avg_memory_mb: 115.7 MB

Среднее latency: 1.66
Средний runtime: 1.65
Всего задач: 30
Задач по типам: cpu_intensive - 20; memory_intensive - 10

