{
    "active_periods": [
        {
            "start": 1777229254.332657,
            "end": 1777229557.074545,
            "duration_sec": 302.74188780784607,
            "tasks_completed": 240,
            "throughput_tps": 0.7927545201552383
        }
    ],
    "history": [
        {
            "timestamp": 1777229254.332657,
            "messages": 0,
            "ack": 110211
        },
        {
            "timestamp": 1777229259.34158,
            "messages": 8,
            "ack": 110211
        },
        {
            "timestamp": 1777229264.34669,
            "messages": 8,
            "ack": 110219
        },
        {
            "timestamp": 1777229269.353749,
            "messages": 0,
            "ack": 110219
        },
        {
            "timestamp": 1777229274.359657,
            "messages": 0,
            "ack": 110227
        },
        {
            "timestamp": 1777229279.367846,
            "messages": 0,
            "ack": 110227
        },
        {
            "timestamp": 1777229284.376064,
            "messages": 0,
            "ack": 110235
        },
        {
            "timestamp": 1777229289.381239,
            "messages": 0,
            "ack": 110235
        },
        {
            "timestamp": 1777229294.387901,
            "messages": 0,
            "ack": 110243
        },
        {
            "timestamp": 1777229299.399905,
            "messages": 0,
            "ack": 110243
        },
        {
            "timestamp": 1777229304.405376,
            "messages": 0,
            "ack": 110251
        },
        {
            "timestamp": 1777229309.411813,
            "messages": 0,
            "ack": 110251
        },
        {
            "timestamp": 1777229314.419892,
            "messages": 0,
            "ack": 110259
        },
        {
            "timestamp": 1777229319.426816,
            "messages": 0,
            "ack": 110259
        },
        {
            "timestamp": 1777229324.43484,
            "messages": 0,
            "ack": 110267
        },
        {
            "timestamp": 1777229329.445819,
            "messages": 0,
            "ack": 110267
        },
        {
            "timestamp": 1777229334.451418,
            "messages": 0,
            "ack": 110275
        },
        {
            "timestamp": 1777229339.457837,
            "messages": 0,
            "ack": 110275
        },
        {
            "timestamp": 1777229344.464852,
            "messages": 0,
            "ack": 110283
        },
        {
            "timestamp": 1777229349.469928,
            "messages": 0,
            "ack": 110283
        },
        {
            "timestamp": 1777229354.475832,
            "messages": 0,
            "ack": 110291
        },
        {
            "timestamp": 1777229359.486788,
            "messages": 0,
            "ack": 110291
        },
        {
            "timestamp": 1777229364.492828,
            "messages": 8,
            "ack": 110299
        },
        {
            "timestamp": 1777229369.500841,
            "messages": 0,
            "ack": 110299
        },
        {
            "timestamp": 1777229374.508862,
            "messages": 0,
            "ack": 110307
        },
        {
            "timestamp": 1777229379.513488,
            "messages": 0,
            "ack": 110307
        },
        {
            "timestamp": 1777229384.517836,
            "messages": 0,
            "ack": 110315
        },
        {
            "timestamp": 1777229389.529284,
            "messages": 0,
            "ack": 110315
        },
        {
            "timestamp": 1777229394.535306,
            "messages": 0,
            "ack": 110323
        },
        {
            "timestamp": 1777229399.53998,
            "messages": 0,
            "ack": 110323
        },
        {
            "timestamp": 1777229404.54771,
            "messages": 0,
            "ack": 110331
        },
        {
            "timestamp": 1777229409.551751,
            "messages": 0,
            "ack": 110331
        },
        {
            "timestamp": 1777229414.555827,
            "messages": 0,
            "ack": 110339
        },
        {
            "timestamp": 1777229419.566146,
            "messages": 0,
            "ack": 110339
        },
        {
            "timestamp": 1777229424.573127,
            "messages": 0,
            "ack": 110347
        },
        {
            "timestamp": 1777229429.579194,
            "messages": 0,
            "ack": 110347
        },
        {
            "timestamp": 1777229434.584101,
            "messages": 0,
            "ack": 110355
        },
        {
            "timestamp": 1777229439.588322,
            "messages": 0,
            "ack": 110355
        },
        {
            "timestamp": 1777229444.593706,
            "messages": 0,
            "ack": 110363
        },
        {
            "timestamp": 1777229449.601861,
            "messages": 0,
            "ack": 110363
        },
        {
            "timestamp": 1777229454.607631,
            "messages": 0,
            "ack": 110371
        },
        {
            "timestamp": 1777229459.612389,
            "messages": 0,
            "ack": 110371
        },
        {
            "timestamp": 1777229464.61913,
            "messages": 0,
            "ack": 110379
        },
        {
            "timestamp": 1777229469.623755,
            "messages": 0,
            "ack": 110379
        },
        {
            "timestamp": 1777229474.628539,
            "messages": 0,
            "ack": 110387
        },
        {
            "timestamp": 1777229479.634189,
            "messages": 0,
            "ack": 110387
        },
        {
            "timestamp": 1777229484.639254,
            "messages": 8,
            "ack": 110395
        },
        {
            "timestamp": 1777229489.644617,
            "messages": 0,
            "ack": 110395
        },
        {
            "timestamp": 1777229494.65071,
            "messages": 0,
            "ack": 110403
        },
        {
            "timestamp": 1777229499.6557,
            "messages": 0,
            "ack": 110403
        },
        {
            "timestamp": 1777229504.660879,
            "messages": 0,
            "ack": 110411
        },
        {
            "timestamp": 1777229509.666479,
            "messages": 0,
            "ack": 110411
        },
        {
            "timestamp": 1777229514.672418,
            "messages": 0,
            "ack": 110419
        },
        {
            "timestamp": 1777229519.678046,
            "messages": 0,
            "ack": 110419
        },
        {
            "timestamp": 1777229524.683421,
            "messages": 0,
            "ack": 110427
        },
        {
            "timestamp": 1777229529.689819,
            "messages": 0,
            "ack": 110427
        },
        {
            "timestamp": 1777229534.695581,
            "messages": 0,
            "ack": 110435
        },
        {
            "timestamp": 1777229539.700502,
            "messages": 0,
            "ack": 110435
        },
        {
            "timestamp": 1777229544.706188,
            "messages": 0,
            "ack": 110443
        },
        {
            "timestamp": 1777229549.710219,
            "messages": 0,
            "ack": 110443
        },
        {
            "timestamp": 1777229554.715711,
            "messages": 0,
            "ack": 110451
        },
        {
            "timestamp": 1777229557.057516,
            "messages": 0,
            "ack": 110451
        }
    ]
}