Процесс: 378623
УПРАВЛЯЮЩИЙ ПРОЦЕСС
УПРАВЛЯЮЩИЙ ПРОЦЕСС
Родитель: 378603
Создан: 2026-04-18T12:32:42.940000
Последний замер: 2026-04-18T12:48:01.569676
Время жизни: 918.629676 сек
voluntary_ctxt_switches: 3581
nonvoluntary_ctxt_switches: 21
jiffies: 271.0
avg_cpu_load: 0.3 %
avg_memory_mb: 42.8 MB


Процесс: 379516
Родитель: 378623
Создан: 2026-04-18T12:41:57.020000
Последний замер: 2026-04-18T12:42:57.935370
Время жизни: 60.91537 сек
voluntary_ctxt_switches: 167
nonvoluntary_ctxt_switches: 100
jiffies: 1491.0
avg_cpu_load: 0.0 %
avg_memory_mb: 119.4 MB


Процесс: 379602
Родитель: 378623
Создан: 2026-04-18T12:42:27.680000
Последний замер: 2026-04-18T12:43:28.253380
Время жизни: 60.57338 сек
voluntary_ctxt_switches: 186
nonvoluntary_ctxt_switches: 81
jiffies: 1397.0
avg_cpu_load: 25.2 %
avg_memory_mb: 115.5 MB

Среднее latency: 1.64
Всего задач: 18
Задач по типам: cpu_intensive - 12; memory_intensive - 6

Процесс: 379620
Родитель: 378623
Создан: 2026-04-18T12:42:57.840000
Последний замер: 2026-04-18T12:43:59.626373
Время жизни: 61.786373 сек
voluntary_ctxt_switches: 182
nonvoluntary_ctxt_switches: 101
jiffies: 1612.0
avg_cpu_load: 26.1 %
avg_memory_mb: 110.0 MB

Среднее latency: 1.63
Всего задач: 36
Задач по типам: cpu_intensive - 25; memory_intensive - 11

Процесс: 379701
Родитель: 378623
Создан: 2026-04-18T12:43:28.500000
Последний замер: 2026-04-18T12:44:29.946352
Время жизни: 61.446352 сек
voluntary_ctxt_switches: 202
nonvoluntary_ctxt_switches: 179
jiffies: 1522.0
avg_cpu_load: 24.3 %
avg_memory_mb: 117.4 MB

Среднее latency: 1.64
Всего задач: 36
Задач по типам: cpu_intensive - 23; memory_intensive - 13

Процесс: 379716
Родитель: 378623
Создан: 2026-04-18T12:43:59.150000
Последний замер: 2026-04-18T12:45:00.273411
Время жизни: 61.123411 сек
voluntary_ctxt_switches: 181
nonvoluntary_ctxt_switches: 101
jiffies: 1621.0
avg_cpu_load: 26.7 %
avg_memory_mb: 111.9 MB

Среднее latency: 1.63
Всего задач: 36
Задач по типам: cpu_intensive - 25; memory_intensive - 11

Процесс: 379800
Родитель: 378623
Создан: 2026-04-18T12:44:29.810000
Последний замер: 2026-04-18T12:45:31.657928
Время жизни: 61.847928 сек
voluntary_ctxt_switches: 203
nonvoluntary_ctxt_switches: 122
jiffies: 1541.0
avg_cpu_load: 24.0 %
avg_memory_mb: 118.3 MB

Среднее latency: 1.65
Всего задач: 36
Задач по типам: cpu_intensive - 23; memory_intensive - 13

Процесс: 379820
Родитель: 378623
Создан: 2026-04-18T12:45:00.460000
Последний замер: 2026-04-18T12:46:01.974879
Время жизни: 61.514879 сек
voluntary_ctxt_switches: 182
nonvoluntary_ctxt_switches: 85
jiffies: 1629.0
avg_cpu_load: 26.4 %
avg_memory_mb: 111.7 MB

Среднее latency: 1.64
Всего задач: 36
Задач по типам: cpu_intensive - 25; memory_intensive - 11

Процесс: 379898
Родитель: 378623
Создан: 2026-04-18T12:45:31.110000
Последний замер: 2026-04-18T12:46:32.319909
Время жизни: 61.209909 сек
voluntary_ctxt_switches: 202
nonvoluntary_ctxt_switches: 149
jiffies: 1511.0
avg_cpu_load: 23.9 %
avg_memory_mb: 115.9 MB

Среднее latency: 1.64
Всего задач: 36
Задач по типам: cpu_intensive - 23; memory_intensive - 13

Процесс: 379915
Родитель: 378623
Создан: 2026-04-18T12:46:01.760000
Последний замер: 2026-04-18T12:47:02.666142
Время жизни: 60.906142 сек
voluntary_ctxt_switches: 179
nonvoluntary_ctxt_switches: 86
jiffies: 1606.0
avg_cpu_load: 26.5 %
avg_memory_mb: 113.9 MB

Среднее latency: 1.63
Всего задач: 36
Задач по типам: cpu_intensive - 25; memory_intensive - 11

Процесс: 379989
Родитель: 378623
Создан: 2026-04-18T12:46:32.420000
Последний замер: 2026-04-18T12:47:34.043887
Время жизни: 61.623887 сек
voluntary_ctxt_switches: 202
nonvoluntary_ctxt_switches: 87
jiffies: 1509.0
avg_cpu_load: 23.9 %
avg_memory_mb: 115.2 MB

Среднее latency: 1.64
Всего задач: 36
Задач по типам: cpu_intensive - 23; memory_intensive - 13

Процесс: 380008
Родитель: 378623
Создан: 2026-04-18T12:47:03.070000
Последний замер: 2026-04-18T12:48:01.570929
Время жизни: 58.500929 сек
voluntary_ctxt_switches: 167
nonvoluntary_ctxt_switches: 136
jiffies: 1496.0
avg_cpu_load: 25.1 %
avg_memory_mb: 112.5 MB

Среднее latency: 1.63
Всего задач: 33
Задач по типам: cpu_intensive - 23; memory_intensive - 10

Процесс: 380084
Родитель: 378623
Создан: 2026-04-18T12:47:33.730000
Последний замер: 2026-04-18T12:48:01.571109
Время жизни: 27.841109 сек
voluntary_ctxt_switches: 91
nonvoluntary_ctxt_switches: 25
jiffies: 600.0
avg_cpu_load: 19.1 %
avg_memory_mb: 115.7 MB

Среднее latency: 1.64
Всего задач: 15
Задач по типам: cpu_intensive - 9; memory_intensive - 6

