{
    "idx_task": 424,
    "task_name": "cpu_intensive",
    "duration": 1.61899995803833,
    "data": {
        "ppid": 648122,
        "voluntary_ctxt_switches": 1,
        "nonvoluntary_ctxt_switches": 5,
        "wchan": "Before: 0. After: 0",
        "delta_jiffies": null,
        "delta_time": null,
        "cpu_load": 0.0,
        "memory_mib": 0.28125,
        "threads_before": [
            {
                "tid": 648586,
                "state": "R",
                "wchan": "0",
                "stack": null
            }
        ],
        "threads_after": [
            {
                "tid": 648586,
                "state": "R",
                "wchan": "0",
                "stack": null
            }
        ]
    },
    "timestamp": 1775323486.9036174
}
{
    "idx_task": 425,
    "task_name": "cpu_intensive",
    "duration": 1.6741013526916504,
    "data": {
        "ppid": 648122,
        "voluntary_ctxt_switches": 1,
        "nonvoluntary_ctxt_switches": 12,
        "wchan": "Before: 0. After: 0",
        "delta_jiffies": 66,
        "delta_time": 1.4272978260123637,
        "cpu_load": 46.24,
        "memory_mib": 0.0,
        "threads_before": [
            {
                "tid": 648586,
                "state": "R",
                "wchan": "0",
                "stack": null
            }
        ],
        "threads_after": [
            {
                "tid": 648586,
                "state": "R",
                "wchan": "0",
                "stack": null
            }
        ]
    },
    "timestamp": 1775323488.8244452
}
{
    "idx_task": 429,
    "task_name": "cpu_intensive",
    "duration": 1.6541438102722168,
    "data": {
        "ppid": 648122,
        "voluntary_ctxt_switches": 1,
        "nonvoluntary_ctxt_switches": 44,
        "wchan": "Before: 0. After: 0",
        "delta_jiffies": null,
        "delta_time": 1.3080861940106843,
        "cpu_load": 0.0,
        "memory_mib": 0.0,
        "threads_before": [
            {
                "tid": 648586,
                "state": "R",
                "wchan": "0",
                "stack": null
            }
        ],
        "threads_after": [
            {
                "tid": 648586,
                "state": "R",
                "wchan": "0",
                "stack": null
            }
        ]
    },
    "timestamp": 1775323490.8242507
}
{
    "idx_task": 433,
    "task_name": "cpu_intensive",
    "duration": 1.6634809970855713,
    "data": {
        "ppid": 648122,
        "voluntary_ctxt_switches": 1,
        "nonvoluntary_ctxt_switches": 21,
        "wchan": "Before: 0. After: 0",
        "delta_jiffies": 65,
        "delta_time": 1.2967944720294327,
        "cpu_load": 50.12,
        "memory_mib": 0.0,
        "threads_before": [
            {
                "tid": 648586,
                "state": "R",
                "wchan": "0",
                "stack": null
            }
        ],
        "threads_after": [
            {
                "tid": 648586,
                "state": "R",
                "wchan": "0",
                "stack": null
            }
        ]
    },
    "timestamp": 1775323492.8543441
}
{
    "idx_task": 437,
    "task_name": "cpu_intensive",
    "duration": 1.6277456283569336,
    "data": {
        "ppid": 648122,
        "voluntary_ctxt_switches": 1,
        "nonvoluntary_ctxt_switches": 13,
        "wchan": "Before: 0. After: 0",
        "delta_jiffies": null,
        "delta_time": 1.2584887010161765,
        "cpu_load": 0.0,
        "memory_mib": 0.0,
        "threads_before": [
            {
                "tid": 648586,
                "state": "R",
                "wchan": "0",
                "stack": null
            }
        ],
        "threads_after": [
            {
                "tid": 648586,
                "state": "R",
                "wchan": "0",
                "stack": null
            }
        ]
    },
    "timestamp": 1775323494.8510935
}
{
    "idx_task": 441,
    "task_name": "cpu_intensive",
    "duration": 1.625509262084961,
    "data": {
        "ppid": 648122,
        "voluntary_ctxt_switches": 1,
        "nonvoluntary_ctxt_switches": 1,
        "wchan": "Before: 0. After: 0",
        "delta_jiffies": null,
        "delta_time": 1.2304924550116993,
        "cpu_load": 0.0,
        "memory_mib": 0.0,
        "threads_before": [
            {
                "tid": 648586,
                "state": "R",
                "wchan": "0",
                "stack": null
            }
        ],
        "threads_after": [
            {
                "tid": 648586,
                "state": "R",
                "wchan": "0",
                "stack": null
            }
        ]
    },
    "timestamp": 1775323496.8716497
}
{
    "idx_task": 445,
    "task_name": "cpu_intensive",
    "duration": 1.630976676940918,
    "data": {
        "ppid": 648122,
        "voluntary_ctxt_switches": 1,
        "nonvoluntary_ctxt_switches": 1,
        "wchan": "Before: 0. After: 0",
        "delta_jiffies": 62,
        "delta_time": 1.2185582459787838,
        "cpu_load": 50.88,
        "memory_mib": 0.0,
        "threads_before": [
            {
                "tid": 648586,
                "state": "R",
                "wchan": "0",
                "stack": null
            }
        ],
        "threads_after": [
            {
                "tid": 648586,
                "state": "R",
                "wchan": "0",
                "stack": null
            }
        ]
    },
    "timestamp": 1775323498.9150894
}
{
    "idx_task": 449,
    "task_name": "cpu_intensive",
    "duration": 1.6200158596038818,
    "data": {
        "ppid": 648122,
        "voluntary_ctxt_switches": 1,
        "nonvoluntary_ctxt_switches": 9,
        "wchan": "Before: 0. After: 0",
        "delta_jiffies": null,
        "delta_time": 1.2278531629999634,
        "cpu_load": 0.0,
        "memory_mib": 0.0,
        "threads_before": [
            {
                "tid": 648586,
                "state": "R",
                "wchan": "0",
                "stack": null
            }
        ],
        "threads_after": [
            {
                "tid": 648586,
                "state": "R",
                "wchan": "0",
                "stack": null
            }
        ]
    },
    "timestamp": 1775323500.9271255
}
{
    "idx_task": 453,
    "task_name": "cpu_intensive",
    "duration": 1.6483800411224365,
    "data": {
        "ppid": 648122,
        "voluntary_ctxt_switches": 1,
        "nonvoluntary_ctxt_switches": 2,
        "wchan": "Before: 0. After: 0",
        "delta_jiffies": null,
        "delta_time": 1.2351508970023133,
        "cpu_load": 0.0,
        "memory_mib": 0.0,
        "threads_before": [
            {
                "tid": 648586,
                "state": "R",
                "wchan": "0",
                "stack": null
            }
        ],
        "threads_after": [
            {
                "tid": 648586,
                "state": "R",
                "wchan": "0",
                "stack": null
            }
        ]
    },
    "timestamp": 1775323502.9885988
}
{
    "idx_task": 457,
    "task_name": "cpu_intensive",
    "duration": 1.624631404876709,
    "data": {
        "ppid": 648122,
        "voluntary_ctxt_switches": 1,
        "nonvoluntary_ctxt_switches": 10,
        "wchan": "Before: 0. After: 0",
        "delta_jiffies": null,
        "delta_time": 1.2332653820049018,
        "cpu_load": 0.0,
        "memory_mib": 0.0,
        "threads_before": [
            {
                "tid": 648586,
                "state": "R",
                "wchan": "0",
                "stack": null
            }
        ],
        "threads_after": [
            {
                "tid": 648586,
                "state": "R",
                "wchan": "0",
                "stack": null
            }
        ]
    },
    "timestamp": 1775323505.004395
}
{
    "idx_task": 461,
    "task_name": "cpu_intensive",
    "duration": 1.6842620372772217,
    "data": {
        "ppid": 648122,
        "voluntary_ctxt_switches": 1,
        "nonvoluntary_ctxt_switches": 85,
        "wchan": "Before: 0. After: 0",
        "delta_jiffies": null,
        "delta_time": 1.2856213969935197,
        "cpu_load": 0.0,
        "memory_mib": 0.0,
        "threads_before": [
            {
                "tid": 648586,
                "state": "R",
                "wchan": "0",
                "stack": null
            }
        ],
        "threads_after": [
            {
                "tid": 648586,
                "state": "R",
                "wchan": "0",
                "stack": null
            }
        ]
    },
    "timestamp": 1775323507.086959
}
{
    "idx_task": 465,
    "task_name": "cpu_intensive",
    "duration": 1.6273305416107178,
    "data": {
        "ppid": 648122,
        "voluntary_ctxt_switches": 1,
        "nonvoluntary_ctxt_switches": 3,
        "wchan": "Before: 0. After: 0",
        "delta_jiffies": null,
        "delta_time": 1.2838536569906864,
        "cpu_load": 0.0,
        "memory_mib": 0.0,
        "threads_before": [
            {
                "tid": 648586,
                "state": "R",
                "wchan": "0",
                "stack": null
            }
        ],
        "threads_after": [
            {
                "tid": 648586,
                "state": "R",
                "wchan": "0",
                "stack": null
            }
        ]
    },
    "timestamp": 1775323509.0574927
}
{
    "idx_task": 469,
    "task_name": "cpu_intensive",
    "duration": 1.6338729858398438,
    "data": {
        "ppid": 648122,
        "voluntary_ctxt_switches": 1,
        "nonvoluntary_ctxt_switches": 11,
        "wchan": "Before: 0. After: 0",
        "delta_jiffies": null,
        "delta_time": 1.2224191920249723,
        "cpu_load": 0.0,
        "memory_mib": 0.0,
        "threads_before": [
            {
                "tid": 648586,
                "state": "R",
                "wchan": "0",
                "stack": null
            }
        ],
        "threads_after": [
            {
                "tid": 648586,
                "state": "R",
                "wchan": "0",
                "stack": null
            }
        ]
    },
    "timestamp": 1775323511.102518
}
{
    "idx_task": 473,
    "task_name": "cpu_intensive",
    "duration": 1.6483862400054932,
    "data": {
        "ppid": 648122,
        "voluntary_ctxt_switches": 1,
        "nonvoluntary_ctxt_switches": 5,
        "wchan": "Before: 0. After: 0",
        "delta_jiffies": 64,
        "delta_time": 1.2444250300177373,
        "cpu_load": 51.43,
        "memory_mib": 0.00390625,
        "threads_before": [
            {
                "tid": 648586,
                "state": "R",
                "wchan": "0",
                "stack": null
            }
        ],
        "threads_after": [
            {
                "tid": 648586,
                "state": "R",
                "wchan": "0",
                "stack": null
            }
        ]
    },
    "timestamp": 1775323513.1545413
}
{
    "idx_task": 477,
    "task_name": "cpu_intensive",
    "duration": 1.6352872848510742,
    "data": {
        "ppid": 648122,
        "voluntary_ctxt_switches": 1,
        "nonvoluntary_ctxt_switches": 11,
        "wchan": "Before: 0. After: 0",
        "delta_jiffies": null,
        "delta_time": 1.2543755269725807,
        "cpu_load": 0.0,
        "memory_mib": 0.0,
        "threads_before": [
            {
                "tid": 648586,
                "state": "R",
                "wchan": "0",
                "stack": null
            }
        ],
        "threads_after": [
            {
                "tid": 648586,
                "state": "R",
                "wchan": "0",
                "stack": null
            }
        ]
    },
    "timestamp": 1775323515.1703906
}
{
    "idx_task": 481,
    "task_name": "cpu_intensive",
    "duration": 1.6448969841003418,
    "data": {
        "ppid": 648122,
        "voluntary_ctxt_switches": 1,
        "nonvoluntary_ctxt_switches": 1,
        "wchan": "Before: 0. After: 0",
        "delta_jiffies": null,
        "delta_time": 1.251743744011037,
        "cpu_load": 0.0,
        "memory_mib": 0.0,
        "threads_before": [
            {
                "tid": 648586,
                "state": "R",
                "wchan": "0",
                "stack": null
            }
        ],
        "threads_after": [
            {
                "tid": 648586,
                "state": "R",
                "wchan": "0",
                "stack": null
            }
        ]
    },
    "timestamp": 1775323517.2081027
}
{
    "idx_task": 485,
    "task_name": "cpu_intensive",
    "duration": 1.602586269378662,
    "data": {
        "ppid": 648122,
        "voluntary_ctxt_switches": 1,
        "nonvoluntary_ctxt_switches": 36,
        "wchan": "Before: 0. After: 0",
        "delta_jiffies": null,
        "delta_time": 1.217215222044615,
        "cpu_load": 0.0,
        "memory_mib": 0.0,
        "threads_before": [
            {
                "tid": 648586,
                "state": "R",
                "wchan": "0",
                "stack": null
            }
        ],
        "threads_after": [
            {
                "tid": 648586,
                "state": "R",
                "wchan": "0",
                "stack": null
            }
        ]
    },
    "timestamp": 1775323519.1957455
}
{
    "idx_task": 489,
    "task_name": "cpu_intensive",
    "duration": 1.618943691253662,
    "data": {
        "ppid": 648122,
        "voluntary_ctxt_switches": 1,
        "nonvoluntary_ctxt_switches": 8,
        "wchan": "Before: 0. After: 0",
        "delta_jiffies": 60,
        "delta_time": 1.1919936960330233,
        "cpu_load": 50.34,
        "memory_mib": 0.0,
        "threads_before": [
            {
                "tid": 648586,
                "state": "R",
                "wchan": "0",
                "stack": null
            }
        ],
        "threads_after": [
            {
                "tid": 648586,
                "state": "R",
                "wchan": "0",
                "stack": null
            }
        ]
    },
    "timestamp": 1775323521.241456
}
{
    "idx_task": 493,
    "task_name": "cpu_intensive",
    "duration": 1.6911511421203613,
    "data": {
        "ppid": 648122,
        "voluntary_ctxt_switches": 1,
        "nonvoluntary_ctxt_switches": 14,
        "wchan": "Before: 0. After: 0",
        "delta_jiffies": 66,
        "delta_time": 1.2854077020310797,
        "cpu_load": 51.35,
        "memory_mib": 0.0,
        "threads_before": [
            {
                "tid": 648586,
                "state": "R",
                "wchan": "0",
                "stack": null
            }
        ],
        "threads_after": [
            {
                "tid": 648586,
                "state": "R",
                "wchan": "0",
                "stack": null
            }
        ]
    },
    "timestamp": 1775323523.3381915
}
{
    "idx_task": 497,
    "task_name": "cpu_intensive",
    "duration": 1.6210670471191406,
    "data": {
        "ppid": 648122,
        "voluntary_ctxt_switches": 1,
        "nonvoluntary_ctxt_switches": 3,
        "wchan": "Before: 0. After: 0",
        "delta_jiffies": null,
        "delta_time": 1.2855988660012372,
        "cpu_load": 0.0,
        "memory_mib": 0.0,
        "threads_before": [
            {
                "tid": 648586,
                "state": "R",
                "wchan": "0",
                "stack": null
            }
        ],
        "threads_after": [
            {
                "tid": 648586,
                "state": "R",
                "wchan": "0",
                "stack": null
            }
        ]
    },
    "timestamp": 1775323525.2945917
}
{
    "idx_task": 501,
    "task_name": "cpu_intensive",
    "duration": 1.6449215412139893,
    "data": {
        "ppid": 648122,
        "voluntary_ctxt_switches": 1,
        "nonvoluntary_ctxt_switches": 12,
        "wchan": "Before: 0. After: 0",
        "delta_jiffies": null,
        "delta_time": 1.2275779070041608,
        "cpu_load": 0.0,
        "memory_mib": 0.0,
        "threads_before": [
            {
                "tid": 648586,
                "state": "R",
                "wchan": "0",
                "stack": null
            }
        ],
        "threads_after": [
            {
                "tid": 648586,
                "state": "R",
                "wchan": "0",
                "stack": null
            }
        ]
    },
    "timestamp": 1775323527.3566263
}
{
    "idx_task": 505,
    "task_name": "cpu_intensive",
    "duration": 1.6549289226531982,
    "data": {
        "ppid": 648122,
        "voluntary_ctxt_switches": 1,
        "nonvoluntary_ctxt_switches": 5,
        "wchan": "Before: 0. After: 0",
        "delta_jiffies": null,
        "delta_time": 1.2751219339843374,
        "cpu_load": 0.0,
        "memory_mib": 0.00390625,
        "threads_before": [
            {
                "tid": 648586,
                "state": "R",
                "wchan": "0",
                "stack": null
            }
        ],
        "threads_after": [
            {
                "tid": 648586,
                "state": "R",
                "wchan": "0",
                "stack": null
            }
        ]
    },
    "timestamp": 1775323529.3915057
}
{
    "idx_task": 509,
    "task_name": "cpu_intensive",
    "duration": 1.6225223541259766,
    "data": {
        "ppid": 648122,
        "voluntary_ctxt_switches": 1,
        "nonvoluntary_ctxt_switches": 27,
        "wchan": "Before: 0. After: 0",
        "delta_jiffies": null,
        "delta_time": 1.2603401829837821,
        "cpu_load": 0.0,
        "memory_mib": 0.0,
        "threads_before": [
            {
                "tid": 648586,
                "state": "R",
                "wchan": "0",
                "stack": null
            }
        ],
        "threads_after": [
            {
                "tid": 648586,
                "state": "R",
                "wchan": "0",
                "stack": null
            }
        ]
    },
    "timestamp": 1775323531.3759716
}
{
    "idx_task": 513,
    "task_name": "cpu_intensive",
    "duration": 1.6119437217712402,
    "data": {
        "ppid": 648122,
        "voluntary_ctxt_switches": 1,
        "nonvoluntary_ctxt_switches": 8,
        "wchan": "Before: 0. After: 0",
        "delta_jiffies": null,
        "delta_time": 1.2010681810206734,
        "cpu_load": 0.0,
        "memory_mib": 0.00390625,
        "threads_before": [
            {
                "tid": 648586,
                "state": "R",
                "wchan": "0",
                "stack": null
            }
        ],
        "threads_after": [
            {
                "tid": 648586,
                "state": "R",
                "wchan": "0",
                "stack": null
            }
        ]
    },
    "timestamp": 1775323533.3986027
}
{
    "idx_task": 517,
    "task_name": "cpu_intensive",
    "duration": 1.624157428741455,
    "data": {
        "ppid": 648122,
        "voluntary_ctxt_switches": 1,
        "nonvoluntary_ctxt_switches": 7,
        "wchan": "Before: 0. After: 0",
        "delta_jiffies": null,
        "delta_time": 1.1997468319896143,
        "cpu_load": 0.0,
        "memory_mib": 0.0,
        "threads_before": [
            {
                "tid": 648586,
                "state": "R",
                "wchan": "0",
                "stack": null
            }
        ],
        "threads_after": [
            {
                "tid": 648586,
                "state": "R",
                "wchan": "0",
                "stack": null
            }
        ]
    },
    "timestamp": 1775323535.4471965
}
{
    "idx_task": 521,
    "task_name": "cpu_intensive",
    "duration": 1.6193153858184814,
    "data": {
        "ppid": 648122,
        "voluntary_ctxt_switches": 1,
        "nonvoluntary_ctxt_switches": 2,
        "wchan": "Before: 0. After: 0",
        "delta_jiffies": null,
        "delta_time": 1.222782617987832,
        "cpu_load": 0.0,
        "memory_mib": 0.0,
        "threads_before": [
            {
                "tid": 648586,
                "state": "R",
                "wchan": "0",
                "stack": null
            }
        ],
        "threads_after": [
            {
                "tid": 648586,
                "state": "R",
                "wchan": "0",
                "stack": null
            }
        ]
    },
    "timestamp": 1775323537.4630966
}
{
    "idx_task": 525,
    "task_name": "cpu_intensive",
    "duration": 1.6282343864440918,
    "data": {
        "ppid": 648122,
        "voluntary_ctxt_switches": 1,
        "nonvoluntary_ctxt_switches": 11,
        "wchan": "Before: 0. After: 0",
        "delta_jiffies": null,
        "delta_time": 1.22705280201626,
        "cpu_load": 0.0,
        "memory_mib": 0.0,
        "threads_before": [
            {
                "tid": 648586,
                "state": "R",
                "wchan": "0",
                "stack": null
            }
        ],
        "threads_after": [
            {
                "tid": 648586,
                "state": "R",
                "wchan": "0",
                "stack": null
            }
        ]
    },
    "timestamp": 1775323539.4923975
}
{
    "idx_task": 529,
    "task_name": "cpu_intensive",
    "duration": 1.6314709186553955,
    "data": {
        "ppid": 648122,
        "voluntary_ctxt_switches": 1,
        "nonvoluntary_ctxt_switches": 5,
        "wchan": "Before: 0. After: 0",
        "delta_jiffies": 62,
        "delta_time": 1.2275310499826446,
        "cpu_load": 50.51,
        "memory_mib": 0.0,
        "threads_before": [
            {
                "tid": 648586,
                "state": "R",
                "wchan": "0",
                "stack": null
            }
        ],
        "threads_after": [
            {
                "tid": 648586,
                "state": "R",
                "wchan": "0",
                "stack": null
            }
        ]
    },
    "timestamp": 1775323541.5274518
}
{
    "idx_task": 533,
    "task_name": "cpu_intensive",
    "duration": 1.6196119785308838,
    "data": {
        "ppid": 648122,
        "voluntary_ctxt_switches": 1,
        "nonvoluntary_ctxt_switches": 1,
        "wchan": "Before: 0. After: 0",
        "delta_jiffies": null,
        "delta_time": 1.2295632809982635,
        "cpu_load": 0.0,
        "memory_mib": 0.0,
        "threads_before": [
            {
                "tid": 648586,
                "state": "R",
                "wchan": "0",
                "stack": null
            }
        ],
        "threads_after": [
            {
                "tid": 648586,
                "state": "R",
                "wchan": "0",
                "stack": null
            }
        ]
    },
    "timestamp": 1775323543.536869
}
{
    "idx_task": 537,
    "task_name": "cpu_intensive",
    "duration": 1.6081795692443848,
    "data": {
        "ppid": 648122,
        "voluntary_ctxt_switches": 1,
        "nonvoluntary_ctxt_switches": 6,
        "wchan": "Before: 0. After: 0",
        "delta_jiffies": null,
        "delta_time": 1.208612248999998,
        "cpu_load": 0.0,
        "memory_mib": 0.0,
        "threads_before": [
            {
                "tid": 648586,
                "state": "R",
                "wchan": "0",
                "stack": null
            }
        ],
        "threads_after": [
            {
                "tid": 648586,
                "state": "R",
                "wchan": "0",
                "stack": null
            }
        ]
    },
    "timestamp": 1775323545.5443351
}
