{
    "idx_task": 2,
    "task_name": "cpu_intensive",
    "duration": 1.6179418563842773,
    "data": {
        "ppid": 648122,
        "voluntary_ctxt_switches": 1,
        "nonvoluntary_ctxt_switches": 4,
        "wchan": "Before: 0. After: 0",
        "delta_jiffies": null,
        "delta_time": null,
        "cpu_load": 0.0,
        "memory_mib": 0.21484375,
        "threads_before": [
            {
                "tid": 648130,
                "state": "R",
                "wchan": "0",
                "stack": null
            }
        ],
        "threads_after": [
            {
                "tid": 648130,
                "state": "R",
                "wchan": "0",
                "stack": null
            }
        ]
    },
    "timestamp": 1775323274.0158546
}
{
    "idx_task": 6,
    "task_name": "cpu_intensive",
    "duration": 1.6042253971099854,
    "data": {
        "ppid": 648122,
        "voluntary_ctxt_switches": 1,
        "nonvoluntary_ctxt_switches": 39,
        "wchan": "Before: 0. After: 0",
        "delta_jiffies": 59,
        "delta_time": 1.3053767350211274,
        "cpu_load": 45.2,
        "memory_mib": 0.00390625,
        "threads_before": [
            {
                "tid": 648130,
                "state": "R",
                "wchan": "0",
                "stack": null
            }
        ],
        "threads_after": [
            {
                "tid": 648130,
                "state": "R",
                "wchan": "0",
                "stack": null
            }
        ]
    },
    "timestamp": 1775323275.9188192
}
{
    "idx_task": 10,
    "task_name": "cpu_intensive",
    "duration": 1.63104248046875,
    "data": {
        "ppid": 648122,
        "voluntary_ctxt_switches": 1,
        "nonvoluntary_ctxt_switches": 8,
        "wchan": "Before: 0. After: 0",
        "delta_jiffies": null,
        "delta_time": 1.218764569988707,
        "cpu_load": 0.0,
        "memory_mib": 0.00390625,
        "threads_before": [
            {
                "tid": 648130,
                "state": "R",
                "wchan": "0",
                "stack": null
            }
        ],
        "threads_after": [
            {
                "tid": 648130,
                "state": "R",
                "wchan": "0",
                "stack": null
            }
        ]
    },
    "timestamp": 1775323277.9618487
}
{
    "idx_task": 14,
    "task_name": "cpu_intensive",
    "duration": 1.6148653030395508,
    "data": {
        "ppid": 648122,
        "voluntary_ctxt_switches": 1,
        "nonvoluntary_ctxt_switches": 4,
        "wchan": "Before: 0. After: 0",
        "delta_jiffies": null,
        "delta_time": 1.2257010359608103,
        "cpu_load": 0.0,
        "memory_mib": 0.0,
        "threads_before": [
            {
                "tid": 648130,
                "state": "R",
                "wchan": "0",
                "stack": null
            }
        ],
        "threads_after": [
            {
                "tid": 648130,
                "state": "R",
                "wchan": "0",
                "stack": null
            }
        ]
    },
    "timestamp": 1775323279.9655323
}
{
    "idx_task": 18,
    "task_name": "cpu_intensive",
    "duration": 1.5920002460479736,
    "data": {
        "ppid": 648122,
        "voluntary_ctxt_switches": 1,
        "nonvoluntary_ctxt_switches": 8,
        "wchan": "Before: 0. After: 0",
        "delta_jiffies": 58,
        "delta_time": 1.1701742799778003,
        "cpu_load": 49.57,
        "memory_mib": 0.0,
        "threads_before": [
            {
                "tid": 648130,
                "state": "R",
                "wchan": "0",
                "stack": null
            }
        ],
        "threads_after": [
            {
                "tid": 648130,
                "state": "R",
                "wchan": "0",
                "stack": null
            }
        ]
    },
    "timestamp": 1775323281.9789824
}
{
    "idx_task": 22,
    "task_name": "cpu_intensive",
    "duration": 1.6181488037109375,
    "data": {
        "ppid": 648122,
        "voluntary_ctxt_switches": 1,
        "nonvoluntary_ctxt_switches": 6,
        "wchan": "Before: 0. After: 0",
        "delta_jiffies": null,
        "delta_time": 1.1784678649855778,
        "cpu_load": 0.0,
        "memory_mib": 0.0,
        "threads_before": [
            {
                "tid": 648130,
                "state": "R",
                "wchan": "0",
                "stack": null
            }
        ],
        "threads_after": [
            {
                "tid": 648130,
                "state": "R",
                "wchan": "0",
                "stack": null
            }
        ]
    },
    "timestamp": 1775323284.036397
}
{
    "idx_task": 26,
    "task_name": "cpu_intensive",
    "duration": 1.606550693511963,
    "data": {
        "ppid": 648122,
        "voluntary_ctxt_switches": 1,
        "nonvoluntary_ctxt_switches": 1,
        "wchan": "Before: 0. After: 0",
        "delta_jiffies": null,
        "delta_time": 1.1973233339958824,
        "cpu_load": 0.0,
        "memory_mib": 0.0,
        "threads_before": [
            {
                "tid": 648130,
                "state": "R",
                "wchan": "0",
                "stack": null
            }
        ],
        "threads_after": [
            {
                "tid": 648130,
                "state": "R",
                "wchan": "0",
                "stack": null
            }
        ]
    },
    "timestamp": 1775323286.051887
}
{
    "idx_task": 30,
    "task_name": "cpu_intensive",
    "duration": 1.6340501308441162,
    "data": {
        "ppid": 648122,
        "voluntary_ctxt_switches": 1,
        "nonvoluntary_ctxt_switches": 53,
        "wchan": "Before: 0. After: 0",
        "delta_jiffies": null,
        "delta_time": 1.2165472919878084,
        "cpu_load": 0.0,
        "memory_mib": 0.0,
        "threads_before": [
            {
                "tid": 648130,
                "state": "R",
                "wchan": "0",
                "stack": null
            }
        ],
        "threads_after": [
            {
                "tid": 648130,
                "state": "R",
                "wchan": "0",
                "stack": null
            }
        ]
    },
    "timestamp": 1775323288.1033869
}
{
    "idx_task": 34,
    "task_name": "cpu_intensive",
    "duration": 1.624570369720459,
    "data": {
        "ppid": 648122,
        "voluntary_ctxt_switches": 1,
        "nonvoluntary_ctxt_switches": 11,
        "wchan": "Before: 0. After: 0",
        "delta_jiffies": 61,
        "delta_time": 1.234742033004295,
        "cpu_load": 49.4,
        "memory_mib": 0.00390625,
        "threads_before": [
            {
                "tid": 648130,
                "state": "R",
                "wchan": "0",
                "stack": null
            }
        ],
        "threads_after": [
            {
                "tid": 648130,
                "state": "R",
                "wchan": "0",
                "stack": null
            }
        ]
    },
    "timestamp": 1775323290.1176908
}
{
    "idx_task": 38,
    "task_name": "cpu_intensive",
    "duration": 1.613670825958252,
    "data": {
        "ppid": 648122,
        "voluntary_ctxt_switches": 1,
        "nonvoluntary_ctxt_switches": 15,
        "wchan": "Before: 0. After: 0",
        "delta_jiffies": null,
        "delta_time": 1.206205354013946,
        "cpu_load": 0.0,
        "memory_mib": 0.0,
        "threads_before": [
            {
                "tid": 648130,
                "state": "R",
                "wchan": "0",
                "stack": null
            }
        ],
        "threads_after": [
            {
                "tid": 648130,
                "state": "R",
                "wchan": "0",
                "stack": null
            }
        ]
    },
    "timestamp": 1775323292.1385238
}
{
    "idx_task": 42,
    "task_name": "cpu_intensive",
    "duration": 1.6124839782714844,
    "data": {
        "ppid": 648122,
        "voluntary_ctxt_switches": 1,
        "nonvoluntary_ctxt_switches": 9,
        "wchan": "Before: 0. After: 0",
        "delta_jiffies": 60,
        "delta_time": 1.205817952984944,
        "cpu_load": 49.76,
        "memory_mib": 0.0,
        "threads_before": [
            {
                "tid": 648130,
                "state": "R",
                "wchan": "0",
                "stack": null
            }
        ],
        "threads_after": [
            {
                "tid": 648130,
                "state": "R",
                "wchan": "0",
                "stack": null
            }
        ]
    },
    "timestamp": 1775323294.1574254
}
{
    "idx_task": 46,
    "task_name": "cpu_intensive",
    "duration": 1.614199161529541,
    "data": {
        "ppid": 648122,
        "voluntary_ctxt_switches": 1,
        "nonvoluntary_ctxt_switches": 9,
        "wchan": "Before: 0. After: 0",
        "delta_jiffies": null,
        "delta_time": 1.2072080329817254,
        "cpu_load": 0.0,
        "memory_mib": 0.00390625,
        "threads_before": [
            {
                "tid": 648130,
                "state": "R",
                "wchan": "0",
                "stack": null
            }
        ],
        "threads_after": [
            {
                "tid": 648130,
                "state": "R",
                "wchan": "0",
                "stack": null
            }
        ]
    },
    "timestamp": 1775323296.1787536
}
{
    "idx_task": 50,
    "task_name": "cpu_intensive",
    "duration": 1.631392002105713,
    "data": {
        "ppid": 648122,
        "voluntary_ctxt_switches": 1,
        "nonvoluntary_ctxt_switches": 8,
        "wchan": "Before: 0. After: 0",
        "delta_jiffies": null,
        "delta_time": 1.2147652619460132,
        "cpu_load": 0.0,
        "memory_mib": 0.0,
        "threads_before": [
            {
                "tid": 648130,
                "state": "R",
                "wchan": "0",
                "stack": null
            }
        ],
        "threads_after": [
            {
                "tid": 648130,
                "state": "R",
                "wchan": "0",
                "stack": null
            }
        ]
    },
    "timestamp": 1775323298.2269645
}
{
    "idx_task": 54,
    "task_name": "cpu_intensive",
    "duration": 1.6003570556640625,
    "data": {
        "ppid": 648122,
        "voluntary_ctxt_switches": 1,
        "nonvoluntary_ctxt_switches": 26,
        "wchan": "Before: 0. After: 0",
        "delta_jiffies": null,
        "delta_time": 1.2014707780035678,
        "cpu_load": 0.0,
        "memory_mib": 0.0,
        "threads_before": [
            {
                "tid": 648130,
                "state": "R",
                "wchan": "0",
                "stack": null
            }
        ],
        "threads_after": [
            {
                "tid": 648130,
                "state": "R",
                "wchan": "0",
                "stack": null
            }
        ]
    },
    "timestamp": 1775323300.2262
}
{
    "idx_task": 58,
    "task_name": "cpu_intensive",
    "duration": 1.5912072658538818,
    "data": {
        "ppid": 648122,
        "voluntary_ctxt_switches": 1,
        "nonvoluntary_ctxt_switches": 4,
        "wchan": "Before: 0. After: 0",
        "delta_jiffies": null,
        "delta_time": 1.171062546025496,
        "cpu_load": 0.0,
        "memory_mib": 0.0,
        "threads_before": [
            {
                "tid": 648130,
                "state": "R",
                "wchan": "0",
                "stack": null
            }
        ],
        "threads_after": [
            {
                "tid": 648130,
                "state": "R",
                "wchan": "0",
                "stack": null
            }
        ]
    },
    "timestamp": 1775323302.2374563
}
