{
    "idx_task": 184,
    "task_name": "cpu_intensive",
    "duration": 1.620405673980713,
    "data": {
        "ppid": 648122,
        "voluntary_ctxt_switches": 1,
        "nonvoluntary_ctxt_switches": 13,
        "wchan": "Before: 0. After: 0",
        "delta_jiffies": null,
        "delta_time": null,
        "cpu_load": 0.0,
        "memory_mib": 0.28125,
        "threads_before": [
            {
                "tid": 648345,
                "state": "R",
                "wchan": "0",
                "stack": null
            }
        ],
        "threads_after": [
            {
                "tid": 648345,
                "state": "R",
                "wchan": "0",
                "stack": null
            }
        ]
    },
    "timestamp": 1775323365.2569213
}
{
    "idx_task": 185,
    "task_name": "cpu_intensive",
    "duration": 1.5902817249298096,
    "data": {
        "ppid": 648122,
        "voluntary_ctxt_switches": 1,
        "nonvoluntary_ctxt_switches": 9,
        "wchan": "Before: 0. After: 0",
        "delta_jiffies": null,
        "delta_time": 1.3200283820042387,
        "cpu_load": 0.0,
        "memory_mib": 0.00390625,
        "threads_before": [
            {
                "tid": 648345,
                "state": "R",
                "wchan": "0",
                "stack": null
            }
        ],
        "threads_after": [
            {
                "tid": 648345,
                "state": "R",
                "wchan": "0",
                "stack": null
            }
        ]
    },
    "timestamp": 1775323367.1173103
}
{
    "idx_task": 189,
    "task_name": "cpu_intensive",
    "duration": 1.6565091609954834,
    "data": {
        "ppid": 648122,
        "voluntary_ctxt_switches": 1,
        "nonvoluntary_ctxt_switches": 3,
        "wchan": "Before: 0. After: 0",
        "delta_jiffies": null,
        "delta_time": 1.2078489839914255,
        "cpu_load": 0.0,
        "memory_mib": 0.0,
        "threads_before": [
            {
                "tid": 648345,
                "state": "R",
                "wchan": "0",
                "stack": null
            }
        ],
        "threads_after": [
            {
                "tid": 648345,
                "state": "R",
                "wchan": "0",
                "stack": null
            }
        ]
    },
    "timestamp": 1775323369.222315
}
{
    "idx_task": 193,
    "task_name": "cpu_intensive",
    "duration": 1.616647720336914,
    "data": {
        "ppid": 648122,
        "voluntary_ctxt_switches": 1,
        "nonvoluntary_ctxt_switches": 12,
        "wchan": "Before: 0. After: 0",
        "delta_jiffies": 60,
        "delta_time": 1.248376546020154,
        "cpu_load": 48.06,
        "memory_mib": 0.0,
        "threads_before": [
            {
                "tid": 648345,
                "state": "R",
                "wchan": "0",
                "stack": null
            }
        ],
        "threads_after": [
            {
                "tid": 648345,
                "state": "R",
                "wchan": "0",
                "stack": null
            }
        ]
    },
    "timestamp": 1775323371.2072062
}
{
    "idx_task": 197,
    "task_name": "cpu_intensive",
    "duration": 1.6537253856658936,
    "data": {
        "ppid": 648122,
        "voluntary_ctxt_switches": 1,
        "nonvoluntary_ctxt_switches": 13,
        "wchan": "Before: 0. After: 0",
        "delta_jiffies": null,
        "delta_time": 1.2489236560068093,
        "cpu_load": 0.0,
        "memory_mib": 0.0,
        "threads_before": [
            {
                "tid": 648345,
                "state": "R",
                "wchan": "0",
                "stack": null
            }
        ],
        "threads_after": [
            {
                "tid": 648345,
                "state": "R",
                "wchan": "0",
                "stack": null
            }
        ]
    },
    "timestamp": 1775323373.2657282
}
{
    "idx_task": 201,
    "task_name": "cpu_intensive",
    "duration": 1.6224005222320557,
    "data": {
        "ppid": 648122,
        "voluntary_ctxt_switches": 1,
        "nonvoluntary_ctxt_switches": 1,
        "wchan": "Before: 0. After: 0",
        "delta_jiffies": null,
        "delta_time": 1.2437570210022386,
        "cpu_load": 0.0,
        "memory_mib": 0.00390625,
        "threads_before": [
            {
                "tid": 648345,
                "state": "R",
                "wchan": "0",
                "stack": null
            }
        ],
        "threads_after": [
            {
                "tid": 648345,
                "state": "R",
                "wchan": "0",
                "stack": null
            }
        ]
    },
    "timestamp": 1775323375.2665868
}
{
    "idx_task": 205,
    "task_name": "cpu_intensive",
    "duration": 1.6126642227172852,
    "data": {
        "ppid": 648122,
        "voluntary_ctxt_switches": 1,
        "nonvoluntary_ctxt_switches": 2,
        "wchan": "Before: 0. After: 0",
        "delta_jiffies": null,
        "delta_time": 1.1990517349622678,
        "cpu_load": 0.0,
        "memory_mib": 0.0,
        "threads_before": [
            {
                "tid": 648345,
                "state": "R",
                "wchan": "0",
                "stack": null
            }
        ],
        "threads_after": [
            {
                "tid": 648345,
                "state": "R",
                "wchan": "0",
                "stack": null
            }
        ]
    },
    "timestamp": 1775323377.2925951
}
{
    "idx_task": 209,
    "task_name": "cpu_intensive",
    "duration": 1.60194993019104,
    "data": {
        "ppid": 648122,
        "voluntary_ctxt_switches": 1,
        "nonvoluntary_ctxt_switches": 2,
        "wchan": "Before: 0. After: 0",
        "delta_jiffies": null,
        "delta_time": 1.19125374397845,
        "cpu_load": 0.0,
        "memory_mib": 0.0,
        "threads_before": [
            {
                "tid": 648345,
                "state": "R",
                "wchan": "0",
                "stack": null
            }
        ],
        "threads_after": [
            {
                "tid": 648345,
                "state": "R",
                "wchan": "0",
                "stack": null
            }
        ]
    },
    "timestamp": 1775323379.3051326
}
{
    "idx_task": 213,
    "task_name": "cpu_intensive",
    "duration": 1.5944645404815674,
    "data": {
        "ppid": 648122,
        "voluntary_ctxt_switches": 1,
        "nonvoluntary_ctxt_switches": 6,
        "wchan": "Before: 0. After: 0",
        "delta_jiffies": null,
        "delta_time": 1.162628282996593,
        "cpu_load": 0.0,
        "memory_mib": 0.0,
        "threads_before": [
            {
                "tid": 648345,
                "state": "R",
                "wchan": "0",
                "stack": null
            }
        ],
        "threads_after": [
            {
                "tid": 648345,
                "state": "R",
                "wchan": "0",
                "stack": null
            }
        ]
    },
    "timestamp": 1775323381.3313546
}
{
    "idx_task": 217,
    "task_name": "cpu_intensive",
    "duration": 1.599088191986084,
    "data": {
        "ppid": 648122,
        "voluntary_ctxt_switches": 1,
        "nonvoluntary_ctxt_switches": 21,
        "wchan": "Before: 0. After: 0",
        "delta_jiffies": null,
        "delta_time": 1.165432106005028,
        "cpu_load": 0.0,
        "memory_mib": 0.0,
        "threads_before": [
            {
                "tid": 648345,
                "state": "R",
                "wchan": "0",
                "stack": null
            }
        ],
        "threads_after": [
            {
                "tid": 648345,
                "state": "R",
                "wchan": "0",
                "stack": null
            }
        ]
    },
    "timestamp": 1775323383.3638618
}
{
    "idx_task": 221,
    "task_name": "cpu_intensive",
    "duration": 1.6194493770599365,
    "data": {
        "ppid": 648122,
        "voluntary_ctxt_switches": 1,
        "nonvoluntary_ctxt_switches": 2,
        "wchan": "Before: 0. After: 0",
        "delta_jiffies": null,
        "delta_time": 1.1943055750161875,
        "cpu_load": 0.0,
        "memory_mib": 0.00390625,
        "threads_before": [
            {
                "tid": 648345,
                "state": "R",
                "wchan": "0",
                "stack": null
            }
        ],
        "threads_after": [
            {
                "tid": 648345,
                "state": "R",
                "wchan": "0",
                "stack": null
            }
        ]
    },
    "timestamp": 1775323385.4081552
}
{
    "idx_task": 225,
    "task_name": "cpu_intensive",
    "duration": 1.6507999897003174,
    "data": {
        "ppid": 648122,
        "voluntary_ctxt_switches": 1,
        "nonvoluntary_ctxt_switches": 1,
        "wchan": "Before: 0. After: 0",
        "delta_jiffies": null,
        "delta_time": 1.2463996130099986,
        "cpu_load": 0.0,
        "memory_mib": 0.0,
        "threads_before": [
            {
                "tid": 648345,
                "state": "R",
                "wchan": "0",
                "stack": null
            }
        ],
        "threads_after": [
            {
                "tid": 648345,
                "state": "R",
                "wchan": "0",
                "stack": null
            }
        ]
    },
    "timestamp": 1775323387.4632196
}
{
    "idx_task": 229,
    "task_name": "cpu_intensive",
    "duration": 1.610304355621338,
    "data": {
        "ppid": 648122,
        "voluntary_ctxt_switches": 1,
        "nonvoluntary_ctxt_switches": 1,
        "wchan": "Before: 0. After: 0",
        "delta_jiffies": null,
        "delta_time": 1.224827762984205,
        "cpu_load": 0.0,
        "memory_mib": 0.0,
        "threads_before": [
            {
                "tid": 648345,
                "state": "R",
                "wchan": "0",
                "stack": null
            }
        ],
        "threads_after": [
            {
                "tid": 648345,
                "state": "R",
                "wchan": "0",
                "stack": null
            }
        ]
    },
    "timestamp": 1775323389.4588065
}
{
    "idx_task": 233,
    "task_name": "cpu_intensive",
    "duration": 1.620326280593872,
    "data": {
        "ppid": 648122,
        "voluntary_ctxt_switches": 1,
        "nonvoluntary_ctxt_switches": 0,
        "wchan": "Before: 0. After: 0",
        "delta_jiffies": null,
        "delta_time": 1.1952546459797304,
        "cpu_load": 0.0,
        "memory_mib": 0.0,
        "threads_before": [
            {
                "tid": 648345,
                "state": "R",
                "wchan": "0",
                "stack": null
            }
        ],
        "threads_after": [
            {
                "tid": 648345,
                "state": "R",
                "wchan": "0",
                "stack": null
            }
        ]
    },
    "timestamp": 1775323391.5040245
}
{
    "idx_task": 237,
    "task_name": "cpu_intensive",
    "duration": 1.5855634212493896,
    "data": {
        "ppid": 648122,
        "voluntary_ctxt_switches": 1,
        "nonvoluntary_ctxt_switches": 1,
        "wchan": "Before: 0. After: 0",
        "delta_jiffies": 57,
        "delta_time": 1.1775253530067857,
        "cpu_load": 48.41,
        "memory_mib": 0.0,
        "threads_before": [
            {
                "tid": 648345,
                "state": "R",
                "wchan": "0",
                "stack": null
            }
        ],
        "threads_after": [
            {
                "tid": 648345,
                "state": "R",
                "wchan": "0",
                "stack": null
            }
        ]
    },
    "timestamp": 1775323393.4973342
}
{
    "idx_task": 241,
    "task_name": "cpu_intensive",
    "duration": 1.6221199035644531,
    "data": {
        "ppid": 648122,
        "voluntary_ctxt_switches": 1,
        "nonvoluntary_ctxt_switches": 4,
        "wchan": "Before: 0. After: 0",
        "delta_jiffies": null,
        "delta_time": 1.1810209740069695,
        "cpu_load": 0.0,
        "memory_mib": 0.0,
        "threads_before": [
            {
                "tid": 648345,
                "state": "R",
                "wchan": "0",
                "stack": null
            }
        ],
        "threads_after": [
            {
                "tid": 648345,
                "state": "R",
                "wchan": "0",
                "stack": null
            }
        ]
    },
    "timestamp": 1775323395.5601463
}
{
    "idx_task": 245,
    "task_name": "cpu_intensive",
    "duration": 1.591864824295044,
    "data": {
        "ppid": 648122,
        "voluntary_ctxt_switches": 1,
        "nonvoluntary_ctxt_switches": 2,
        "wchan": "Before: 0. After: 0",
        "delta_jiffies": null,
        "delta_time": 1.1884223069646396,
        "cpu_load": 0.0,
        "memory_mib": 0.0,
        "threads_before": [
            {
                "tid": 648345,
                "state": "R",
                "wchan": "0",
                "stack": null
            }
        ],
        "threads_after": [
            {
                "tid": 648345,
                "state": "R",
                "wchan": "0",
                "stack": null
            }
        ]
    },
    "timestamp": 1775323397.5552464
}
{
    "idx_task": 249,
    "task_name": "cpu_intensive",
    "duration": 1.5885579586029053,
    "data": {
        "ppid": 648122,
        "voluntary_ctxt_switches": 1,
        "nonvoluntary_ctxt_switches": 0,
        "wchan": "Before: 0. After: 0",
        "delta_jiffies": null,
        "delta_time": 1.1592429249722045,
        "cpu_load": 0.0,
        "memory_mib": 0.0,
        "threads_before": [
            {
                "tid": 648345,
                "state": "R",
                "wchan": "0",
                "stack": null
            }
        ],
        "threads_after": [
            {
                "tid": 648345,
                "state": "R",
                "wchan": "0",
                "stack": null
            }
        ]
    },
    "timestamp": 1775323399.572859
}
{
    "idx_task": 253,
    "task_name": "cpu_intensive",
    "duration": 1.6176416873931885,
    "data": {
        "ppid": 648122,
        "voluntary_ctxt_switches": 1,
        "nonvoluntary_ctxt_switches": 15,
        "wchan": "Before: 0. After: 0",
        "delta_jiffies": null,
        "delta_time": 1.1780690779851284,
        "cpu_load": 0.0,
        "memory_mib": 0.0,
        "threads_before": [
            {
                "tid": 648345,
                "state": "R",
                "wchan": "0",
                "stack": null
            }
        ],
        "threads_after": [
            {
                "tid": 648345,
                "state": "R",
                "wchan": "0",
                "stack": null
            }
        ]
    },
    "timestamp": 1775323401.6300704
}
{
    "idx_task": 257,
    "task_name": "cpu_intensive",
    "duration": 1.656186580657959,
    "data": {
        "ppid": 648122,
        "voluntary_ctxt_switches": 1,
        "nonvoluntary_ctxt_switches": 5,
        "wchan": "Before: 0. After: 0",
        "delta_jiffies": null,
        "delta_time": 1.2437963940028567,
        "cpu_load": 0.0,
        "memory_mib": 0.0,
        "threads_before": [
            {
                "tid": 648345,
                "state": "R",
                "wchan": "0",
                "stack": null
            }
        ],
        "threads_after": [
            {
                "tid": 648345,
                "state": "R",
                "wchan": "0",
                "stack": null
            }
        ]
    },
    "timestamp": 1775323403.698581
}
{
    "idx_task": 261,
    "task_name": "cpu_intensive",
    "duration": 1.7222003936767578,
    "data": {
        "ppid": 648122,
        "voluntary_ctxt_switches": 1,
        "nonvoluntary_ctxt_switches": 11,
        "wchan": "Before: 0. After: 0",
        "delta_jiffies": null,
        "delta_time": 1.3562203450128436,
        "cpu_load": 0.0,
        "memory_mib": 0.0,
        "threads_before": [
            {
                "tid": 648345,
                "state": "R",
                "wchan": "0",
                "stack": null
            }
        ],
        "threads_after": [
            {
                "tid": 648345,
                "state": "R",
                "wchan": "0",
                "stack": null
            }
        ]
    },
    "timestamp": 1775323405.7864354
}
{
    "idx_task": 265,
    "task_name": "cpu_intensive",
    "duration": 1.6174399852752686,
    "data": {
        "ppid": 648122,
        "voluntary_ctxt_switches": 1,
        "nonvoluntary_ctxt_switches": 0,
        "wchan": "Before: 0. After: 0",
        "delta_jiffies": null,
        "delta_time": 1.3136901350226253,
        "cpu_load": 0.0,
        "memory_mib": 0.0,
        "threads_before": [
            {
                "tid": 648345,
                "state": "R",
                "wchan": "0",
                "stack": null
            }
        ],
        "threads_after": [
            {
                "tid": 648345,
                "state": "R",
                "wchan": "0",
                "stack": null
            }
        ]
    },
    "timestamp": 1775323407.7073596
}
{
    "idx_task": 269,
    "task_name": "cpu_intensive",
    "duration": 1.6322884559631348,
    "data": {
        "ppid": 648122,
        "voluntary_ctxt_switches": 1,
        "nonvoluntary_ctxt_switches": 1,
        "wchan": "Before: 0. After: 0",
        "delta_jiffies": 62,
        "delta_time": 1.2270432910008822,
        "cpu_load": 50.53,
        "memory_mib": 0.0,
        "threads_before": [
            {
                "tid": 648345,
                "state": "R",
                "wchan": "0",
                "stack": null
            }
        ],
        "threads_after": [
            {
                "tid": 648345,
                "state": "R",
                "wchan": "0",
                "stack": null
            }
        ]
    },
    "timestamp": 1775323409.7445495
}
{
    "idx_task": 273,
    "task_name": "cpu_intensive",
    "duration": 1.5864036083221436,
    "data": {
        "ppid": 648122,
        "voluntary_ctxt_switches": 1,
        "nonvoluntary_ctxt_switches": 0,
        "wchan": "Before: 0. After: 0",
        "delta_jiffies": null,
        "delta_time": 1.1964999469637405,
        "cpu_load": 0.0,
        "memory_mib": 0.0,
        "threads_before": [
            {
                "tid": 648345,
                "state": "R",
                "wchan": "0",
                "stack": null
            }
        ],
        "threads_after": [
            {
                "tid": 648345,
                "state": "R",
                "wchan": "0",
                "stack": null
            }
        ]
    },
    "timestamp": 1775323411.7204206
}
{
    "idx_task": 277,
    "task_name": "cpu_intensive",
    "duration": 1.6478068828582764,
    "data": {
        "ppid": 648122,
        "voluntary_ctxt_switches": 1,
        "nonvoluntary_ctxt_switches": 1,
        "wchan": "Before: 0. After: 0",
        "delta_jiffies": null,
        "delta_time": 1.2003912849759217,
        "cpu_load": 0.0,
        "memory_mib": 0.0,
        "threads_before": [
            {
                "tid": 648345,
                "state": "R",
                "wchan": "0",
                "stack": null
            }
        ],
        "threads_after": [
            {
                "tid": 648345,
                "state": "R",
                "wchan": "0",
                "stack": null
            }
        ]
    },
    "timestamp": 1775323413.815325
}
{
    "idx_task": 281,
    "task_name": "cpu_intensive",
    "duration": 1.5891454219818115,
    "data": {
        "ppid": 648122,
        "voluntary_ctxt_switches": 1,
        "nonvoluntary_ctxt_switches": 4,
        "wchan": "Before: 0. After: 0",
        "delta_jiffies": null,
        "delta_time": 1.2094355020381045,
        "cpu_load": 0.0,
        "memory_mib": 0.0,
        "threads_before": [
            {
                "tid": 648345,
                "state": "R",
                "wchan": "0",
                "stack": null
            }
        ],
        "threads_after": [
            {
                "tid": 648345,
                "state": "R",
                "wchan": "0",
                "stack": null
            }
        ]
    },
    "timestamp": 1775323415.784099
}
{
    "idx_task": 285,
    "task_name": "cpu_intensive",
    "duration": 1.5942363739013672,
    "data": {
        "ppid": 648122,
        "voluntary_ctxt_switches": 1,
        "nonvoluntary_ctxt_switches": 0,
        "wchan": "Before: 0. After: 0",
        "delta_jiffies": null,
        "delta_time": 1.158485183987068,
        "cpu_load": 0.0,
        "memory_mib": 0.0,
        "threads_before": [
            {
                "tid": 648345,
                "state": "R",
                "wchan": "0",
                "stack": null
            }
        ],
        "threads_after": [
            {
                "tid": 648345,
                "state": "R",
                "wchan": "0",
                "stack": null
            }
        ]
    },
    "timestamp": 1775323417.8138814
}
{
    "idx_task": 289,
    "task_name": "cpu_intensive",
    "duration": 1.623929738998413,
    "data": {
        "ppid": 648122,
        "voluntary_ctxt_switches": 1,
        "nonvoluntary_ctxt_switches": 15,
        "wchan": "Before: 0. After: 0",
        "delta_jiffies": null,
        "delta_time": 1.1938692550174892,
        "cpu_load": 0.0,
        "memory_mib": 0.00390625,
        "threads_before": [
            {
                "tid": 648345,
                "state": "R",
                "wchan": "0",
                "stack": null
            }
        ],
        "threads_after": [
            {
                "tid": 648345,
                "state": "R",
                "wchan": "0",
                "stack": null
            }
        ]
    },
    "timestamp": 1775323419.8677185
}
{
    "idx_task": 293,
    "task_name": "cpu_intensive",
    "duration": 1.6345398426055908,
    "data": {
        "ppid": 648122,
        "voluntary_ctxt_switches": 1,
        "nonvoluntary_ctxt_switches": 42,
        "wchan": "Before: 0. After: 0",
        "delta_jiffies": null,
        "delta_time": 1.228342428978067,
        "cpu_load": 0.0,
        "memory_mib": 0.0,
        "threads_before": [
            {
                "tid": 648345,
                "state": "R",
                "wchan": "0",
                "stack": null
            }
        ],
        "threads_after": [
            {
                "tid": 648345,
                "state": "R",
                "wchan": "0",
                "stack": null
            }
        ]
    },
    "timestamp": 1775323421.908431
}
{
    "idx_task": 297,
    "task_name": "cpu_intensive",
    "duration": 1.6153039932250977,
    "data": {
        "ppid": 648122,
        "voluntary_ctxt_switches": 1,
        "nonvoluntary_ctxt_switches": 5,
        "wchan": "Before: 0. After: 0",
        "delta_jiffies": null,
        "delta_time": 1.2274525510147214,
        "cpu_load": 0.0,
        "memory_mib": 0.0,
        "threads_before": [
            {
                "tid": 648345,
                "state": "R",
                "wchan": "0",
                "stack": null
            }
        ],
        "threads_after": [
            {
                "tid": 648345,
                "state": "R",
                "wchan": "0",
                "stack": null
            }
        ]
    },
    "timestamp": 1775323423.9114294
}
