{
    "active_periods": [
        {
            "start": 1778818659.783583,
            "end": 1778818963.823561,
            "duration_sec": 304.03997802734375,
            "tasks_completed": 410,
            "throughput_tps": 1.348506872879483
        }
    ],
    "history": [
        {
            "timestamp": 1778818659.783583,
            "messages": 0,
            "ack": 56443
        },
        {
            "timestamp": 1778818664.791374,
            "messages": 0,
            "ack": 56446
        },
        {
            "timestamp": 1778818669.796673,
            "messages": 12,
            "ack": 56454
        },
        {
            "timestamp": 1778818674.801183,
            "messages": 16,
            "ack": 56460
        },
        {
            "timestamp": 1778818679.805101,
            "messages": 19,
            "ack": 56466
        },
        {
            "timestamp": 1778818684.810329,
            "messages": 29,
            "ack": 56472
        },
        {
            "timestamp": 1778818689.815199,
            "messages": 35,
            "ack": 56478
        },
        {
            "timestamp": 1778818694.820013,
            "messages": 38,
            "ack": 56487
        },
        {
            "timestamp": 1778818699.824098,
            "messages": 48,
            "ack": 56493
        },
        {
            "timestamp": 1778818704.830399,
            "messages": 51,
            "ack": 56499
        },
        {
            "timestamp": 1778818709.835864,
            "messages": 57,
            "ack": 56505
        },
        {
            "timestamp": 1778818714.844074,
            "messages": 57,
            "ack": 56514
        },
        {
            "timestamp": 1778818719.851099,
            "messages": 67,
            "ack": 56520
        },
        {
            "timestamp": 1778818724.856962,
            "messages": 70,
            "ack": 56526
        },
        {
            "timestamp": 1778818729.862381,
            "messages": 77,
            "ack": 56532
        },
        {
            "timestamp": 1778818734.867429,
            "messages": 83,
            "ack": 56541
        },
        {
            "timestamp": 1778818739.872477,
            "messages": 90,
            "ack": 56547
        },
        {
            "timestamp": 1778818744.876805,
            "messages": 96,
            "ack": 56553
        },
        {
            "timestamp": 1778818749.88216,
            "messages": 103,
            "ack": 56560
        },
        {
            "timestamp": 1778818754.887668,
            "messages": 109,
            "ack": 56568
        },
        {
            "timestamp": 1778818759.89261,
            "messages": 109,
            "ack": 56574
        },
        {
            "timestamp": 1778818764.89856,
            "messages": 112,
            "ack": 56580
        },
        {
            "timestamp": 1778818769.903578,
            "messages": 122,
            "ack": 56586
        },
        {
            "timestamp": 1778818774.90914,
            "messages": 125,
            "ack": 56595
        },
        {
            "timestamp": 1778818779.915088,
            "messages": 131,
            "ack": 56601
        },
        {
            "timestamp": 1778818784.920265,
            "messages": 141,
            "ack": 56607
        },
        {
            "timestamp": 1778818789.927048,
            "messages": 144,
            "ack": 56616
        },
        {
            "timestamp": 1778818794.932054,
            "messages": 151,
            "ack": 56622
        },
        {
            "timestamp": 1778818799.937119,
            "messages": 157,
            "ack": 56628
        },
        {
            "timestamp": 1778818804.941422,
            "messages": 164,
            "ack": 56634
        },
        {
            "timestamp": 1778818809.945791,
            "messages": 170,
            "ack": 56643
        },
        {
            "timestamp": 1778818814.950556,
            "messages": 170,
            "ack": 56649
        },
        {
            "timestamp": 1778818819.955594,
            "messages": 173,
            "ack": 56655
        },
        {
            "timestamp": 1778818824.962061,
            "messages": 183,
            "ack": 56661
        },
        {
            "timestamp": 1778818829.966621,
            "messages": 189,
            "ack": 56670
        },
        {
            "timestamp": 1778818834.972228,
            "messages": 192,
            "ack": 56676
        },
        {
            "timestamp": 1778818839.976713,
            "messages": 202,
            "ack": 56682
        },
        {
            "timestamp": 1778818844.983446,
            "messages": 205,
            "ack": 56688
        },
        {
            "timestamp": 1778818849.988908,
            "messages": 215,
            "ack": 56697
        },
        {
            "timestamp": 1778818854.994369,
            "messages": 218,
            "ack": 56703
        },
        {
            "timestamp": 1778818860.001197,
            "messages": 225,
            "ack": 56709
        },
        {
            "timestamp": 1778818865.006971,
            "messages": 231,
            "ack": 56716
        },
        {
            "timestamp": 1778818870.011314,
            "messages": 231,
            "ack": 56724
        },
        {
            "timestamp": 1778818875.017096,
            "messages": 244,
            "ack": 56730
        },
        {
            "timestamp": 1778818880.024323,
            "messages": 247,
            "ack": 56736
        },
        {
            "timestamp": 1778818885.02885,
            "messages": 257,
            "ack": 56745
        },
        {
            "timestamp": 1778818890.033156,
            "messages": 263,
            "ack": 56751
        },
        {
            "timestamp": 1778818895.038258,
            "messages": 266,
            "ack": 56757
        },
        {
            "timestamp": 1778818900.042939,
            "messages": 276,
            "ack": 56763
        },
        {
            "timestamp": 1778818905.048988,
            "messages": 279,
            "ack": 56772
        },
        {
            "timestamp": 1778818910.05426,
            "messages": 286,
            "ack": 56778
        },
        {
            "timestamp": 1778818915.059077,
            "messages": 292,
            "ack": 56784
        },
        {
            "timestamp": 1778818920.064557,
            "messages": 292,
            "ack": 56790
        },
        {
            "timestamp": 1778818925.071188,
            "messages": 299,
            "ack": 56799
        },
        {
            "timestamp": 1778818930.077173,
            "messages": 305,
            "ack": 56805
        },
        {
            "timestamp": 1778818935.08261,
            "messages": 312,
            "ack": 56811
        },
        {
            "timestamp": 1778818940.087126,
            "messages": 318,
            "ack": 56817
        },
        {
            "timestamp": 1778818945.092457,
            "messages": 321,
            "ack": 56826
        },
        {
            "timestamp": 1778818950.098427,
            "messages": 331,
            "ack": 56832
        },
        {
            "timestamp": 1778818955.104922,
            "messages": 337,
            "ack": 56838
        },
        {
            "timestamp": 1778818960.109966,
            "messages": 340,
            "ack": 56844
        },
        {
            "timestamp": 1778818963.815805,
            "messages": 340,
            "ack": 56853
        }
    ]
}