{
    "active_periods": [
        {
            "start": 1776538026.419891,
            "end": 1776538331.064596,
            "duration_sec": 304.6447048187256,
            "tasks_completed": 944,
            "throughput_tps": 3.0986916400260873
        }
    ],
    "history": [
        {
            "timestamp": 1776538026.419891,
            "messages": 0,
            "ack": 142838
        },
        {
            "timestamp": 1776538031.427488,
            "messages": 0,
            "ack": 142838
        },
        {
            "timestamp": 1776538036.431895,
            "messages": 0,
            "ack": 142854
        },
        {
            "timestamp": 1776538041.438576,
            "messages": 1,
            "ack": 142870
        },
        {
            "timestamp": 1776538046.443641,
            "messages": 3,
            "ack": 142886
        },
        {
            "timestamp": 1776538051.449131,
            "messages": 6,
            "ack": 142902
        },
        {
            "timestamp": 1776538056.454525,
            "messages": 6,
            "ack": 142918
        },
        {
            "timestamp": 1776538061.459569,
            "messages": 3,
            "ack": 142934
        },
        {
            "timestamp": 1776538066.465282,
            "messages": 6,
            "ack": 142950
        },
        {
            "timestamp": 1776538071.469807,
            "messages": 3,
            "ack": 142966
        },
        {
            "timestamp": 1776538076.47484,
            "messages": 3,
            "ack": 142980
        },
        {
            "timestamp": 1776538081.479146,
            "messages": 6,
            "ack": 142995
        },
        {
            "timestamp": 1776538086.48376,
            "messages": 6,
            "ack": 143008
        },
        {
            "timestamp": 1776538091.488383,
            "messages": 3,
            "ack": 143022
        },
        {
            "timestamp": 1776538096.493901,
            "messages": 6,
            "ack": 143038
        },
        {
            "timestamp": 1776538101.498114,
            "messages": 3,
            "ack": 143054
        },
        {
            "timestamp": 1776538106.502707,
            "messages": 3,
            "ack": 143070
        },
        {
            "timestamp": 1776538111.508102,
            "messages": 6,
            "ack": 143086
        },
        {
            "timestamp": 1776538116.511503,
            "messages": 3,
            "ack": 143102
        },
        {
            "timestamp": 1776538121.515065,
            "messages": 3,
            "ack": 143118
        },
        {
            "timestamp": 1776538126.519376,
            "messages": 6,
            "ack": 143134
        },
        {
            "timestamp": 1776538131.525673,
            "messages": 3,
            "ack": 143150
        },
        {
            "timestamp": 1776538136.53072,
            "messages": 3,
            "ack": 143166
        },
        {
            "timestamp": 1776538141.536107,
            "messages": 6,
            "ack": 143182
        },
        {
            "timestamp": 1776538146.541494,
            "messages": 6,
            "ack": 143198
        },
        {
            "timestamp": 1776538151.548867,
            "messages": 3,
            "ack": 143214
        },
        {
            "timestamp": 1776538156.553644,
            "messages": 6,
            "ack": 143230
        },
        {
            "timestamp": 1776538161.558612,
            "messages": 3,
            "ack": 143243
        },
        {
            "timestamp": 1776538166.564626,
            "messages": 3,
            "ack": 143259
        },
        {
            "timestamp": 1776538171.569772,
            "messages": 6,
            "ack": 143286
        },
        {
            "timestamp": 1776538176.574594,
            "messages": 3,
            "ack": 143302
        },
        {
            "timestamp": 1776538181.58009,
            "messages": 3,
            "ack": 143318
        },
        {
            "timestamp": 1776538186.585003,
            "messages": 6,
            "ack": 143334
        },
        {
            "timestamp": 1776538191.590978,
            "messages": 6,
            "ack": 143350
        },
        {
            "timestamp": 1776538196.595118,
            "messages": 3,
            "ack": 143366
        },
        {
            "timestamp": 1776538201.601794,
            "messages": 7,
            "ack": 143382
        },
        {
            "timestamp": 1776538206.606025,
            "messages": 8,
            "ack": 143398
        },
        {
            "timestamp": 1776538211.611537,
            "messages": 8,
            "ack": 143414
        },
        {
            "timestamp": 1776538216.615921,
            "messages": 8,
            "ack": 143430
        },
        {
            "timestamp": 1776538221.620504,
            "messages": 8,
            "ack": 143446
        },
        {
            "timestamp": 1776538226.626358,
            "messages": 8,
            "ack": 143462
        },
        {
            "timestamp": 1776538231.630227,
            "messages": 8,
            "ack": 143478
        },
        {
            "timestamp": 1776538236.633742,
            "messages": 8,
            "ack": 143489
        },
        {
            "timestamp": 1776538241.638103,
            "messages": 8,
            "ack": 143507
        },
        {
            "timestamp": 1776538246.642744,
            "messages": 8,
            "ack": 143519
        },
        {
            "timestamp": 1776538251.648398,
            "messages": 8,
            "ack": 143534
        },
        {
            "timestamp": 1776538256.654647,
            "messages": 8,
            "ack": 143550
        },
        {
            "timestamp": 1776538261.660856,
            "messages": 8,
            "ack": 143566
        },
        {
            "timestamp": 1776538266.667054,
            "messages": 8,
            "ack": 143582
        },
        {
            "timestamp": 1776538271.673506,
            "messages": 8,
            "ack": 143598
        },
        {
            "timestamp": 1776538276.678958,
            "messages": 8,
            "ack": 143614
        },
        {
            "timestamp": 1776538281.683504,
            "messages": 8,
            "ack": 143630
        },
        {
            "timestamp": 1776538286.68827,
            "messages": 8,
            "ack": 143646
        },
        {
            "timestamp": 1776538291.692988,
            "messages": 8,
            "ack": 143662
        },
        {
            "timestamp": 1776538296.696991,
            "messages": 8,
            "ack": 143678
        },
        {
            "timestamp": 1776538301.703344,
            "messages": 8,
            "ack": 143694
        },
        {
            "timestamp": 1776538306.708132,
            "messages": 8,
            "ack": 143710
        },
        {
            "timestamp": 1776538311.712529,
            "messages": 8,
            "ack": 143726
        },
        {
            "timestamp": 1776538316.720513,
            "messages": 8,
            "ack": 143739
        },
        {
            "timestamp": 1776538321.725473,
            "messages": 8,
            "ack": 143752
        },
        {
            "timestamp": 1776538326.731532,
            "messages": 8,
            "ack": 143766
        },
        {
            "timestamp": 1776538331.059349,
            "messages": 8,
            "ack": 143782
        }
    ]
}