{
    "active_periods": [
        {
            "start": 1778838583.74105,
            "end": 1778838887.751001,
            "duration_sec": 304.00995087623596,
            "tasks_completed": 404,
            "throughput_tps": 1.3289038692173287
        }
    ],
    "history": [
        {
            "timestamp": 1778838583.74105,
            "messages": 0,
            "ack": 75674
        },
        {
            "timestamp": 1778838588.748706,
            "messages": 0,
            "ack": 75674
        },
        {
            "timestamp": 1778838593.754294,
            "messages": 13,
            "ack": 75677
        },
        {
            "timestamp": 1778838598.759316,
            "messages": 17,
            "ack": 75685
        },
        {
            "timestamp": 1778838603.763904,
            "messages": 27,
            "ack": 75691
        },
        {
            "timestamp": 1778838608.768281,
            "messages": 30,
            "ack": 75703
        },
        {
            "timestamp": 1778838613.773604,
            "messages": 37,
            "ack": 75709
        },
        {
            "timestamp": 1778838618.778759,
            "messages": 43,
            "ack": 75718
        },
        {
            "timestamp": 1778838623.78295,
            "messages": 50,
            "ack": 75724
        },
        {
            "timestamp": 1778838628.788585,
            "messages": 56,
            "ack": 75730
        },
        {
            "timestamp": 1778838633.792747,
            "messages": 56,
            "ack": 75736
        },
        {
            "timestamp": 1778838638.796731,
            "messages": 63,
            "ack": 75745
        },
        {
            "timestamp": 1778838643.801823,
            "messages": 69,
            "ack": 75751
        },
        {
            "timestamp": 1778838648.807674,
            "messages": 76,
            "ack": 75757
        },
        {
            "timestamp": 1778838653.815872,
            "messages": 82,
            "ack": 75763
        },
        {
            "timestamp": 1778838658.820671,
            "messages": 89,
            "ack": 75769
        },
        {
            "timestamp": 1778838663.825364,
            "messages": 95,
            "ack": 75778
        },
        {
            "timestamp": 1778838668.830209,
            "messages": 95,
            "ack": 75784
        },
        {
            "timestamp": 1778838673.835601,
            "messages": 102,
            "ack": 75791
        },
        {
            "timestamp": 1778838678.839668,
            "messages": 107,
            "ack": 75799
        },
        {
            "timestamp": 1778838683.844825,
            "messages": 111,
            "ack": 75805
        },
        {
            "timestamp": 1778838688.849062,
            "messages": 121,
            "ack": 75811
        },
        {
            "timestamp": 1778838693.854337,
            "messages": 127,
            "ack": 75817
        },
        {
            "timestamp": 1778838698.85903,
            "messages": 130,
            "ack": 75823
        },
        {
            "timestamp": 1778838703.863665,
            "messages": 140,
            "ack": 75832
        },
        {
            "timestamp": 1778838708.868429,
            "messages": 143,
            "ack": 75838
        },
        {
            "timestamp": 1778838713.873366,
            "messages": 153,
            "ack": 75844
        },
        {
            "timestamp": 1778838718.877732,
            "messages": 156,
            "ack": 75850
        },
        {
            "timestamp": 1778838723.882199,
            "messages": 156,
            "ack": 75859
        },
        {
            "timestamp": 1778838728.887555,
            "messages": 163,
            "ack": 75865
        },
        {
            "timestamp": 1778838733.892783,
            "messages": 169,
            "ack": 75871
        },
        {
            "timestamp": 1778838738.898032,
            "messages": 179,
            "ack": 75877
        },
        {
            "timestamp": 1778838743.902648,
            "messages": 182,
            "ack": 75886
        },
        {
            "timestamp": 1778838748.906416,
            "messages": 189,
            "ack": 75892
        },
        {
            "timestamp": 1778838753.910845,
            "messages": 195,
            "ack": 75898
        },
        {
            "timestamp": 1778838758.915941,
            "messages": 202,
            "ack": 75904
        },
        {
            "timestamp": 1778838763.921379,
            "messages": 208,
            "ack": 75913
        },
        {
            "timestamp": 1778838768.925953,
            "messages": 208,
            "ack": 75919
        },
        {
            "timestamp": 1778838773.930457,
            "messages": 215,
            "ack": 75925
        },
        {
            "timestamp": 1778838778.935828,
            "messages": 221,
            "ack": 75931
        },
        {
            "timestamp": 1778838783.939629,
            "messages": 228,
            "ack": 75937
        },
        {
            "timestamp": 1778838788.943658,
            "messages": 234,
            "ack": 75946
        },
        {
            "timestamp": 1778838793.949023,
            "messages": 237,
            "ack": 75952
        },
        {
            "timestamp": 1778838798.954761,
            "messages": 247,
            "ack": 75958
        },
        {
            "timestamp": 1778838803.958956,
            "messages": 253,
            "ack": 75964
        },
        {
            "timestamp": 1778838808.964394,
            "messages": 256,
            "ack": 75973
        },
        {
            "timestamp": 1778838813.968932,
            "messages": 266,
            "ack": 75979
        },
        {
            "timestamp": 1778838818.97369,
            "messages": 269,
            "ack": 75985
        },
        {
            "timestamp": 1778838823.978455,
            "messages": 269,
            "ack": 75991
        },
        {
            "timestamp": 1778838828.982546,
            "messages": 279,
            "ack": 75997
        },
        {
            "timestamp": 1778838833.985885,
            "messages": 282,
            "ack": 76006
        },
        {
            "timestamp": 1778838838.989883,
            "messages": 288,
            "ack": 76012
        },
        {
            "timestamp": 1778838843.995336,
            "messages": 295,
            "ack": 76018
        },
        {
            "timestamp": 1778838848.999286,
            "messages": 301,
            "ack": 76027
        },
        {
            "timestamp": 1778838854.003175,
            "messages": 308,
            "ack": 76033
        },
        {
            "timestamp": 1778838859.008261,
            "messages": 314,
            "ack": 76039
        },
        {
            "timestamp": 1778838864.014051,
            "messages": 321,
            "ack": 76045
        },
        {
            "timestamp": 1778838869.018729,
            "messages": 327,
            "ack": 76051
        },
        {
            "timestamp": 1778838874.023341,
            "messages": 327,
            "ack": 76057
        },
        {
            "timestamp": 1778838879.028003,
            "messages": 334,
            "ack": 76066
        },
        {
            "timestamp": 1778838884.03265,
            "messages": 340,
            "ack": 76072
        },
        {
            "timestamp": 1778838887.743412,
            "messages": 347,
            "ack": 76078
        }
    ]
}