{
    "380153": {
        "ppid": "254983",
        "name": "celery",
        "cmdline": "/home/experimenter/projects/celery-autoscale/.venv/bin/python3 /home/experimenter/projects/celery-autoscale/.venv/bin/celery -A celery_app worker --loglevel=INFO --concurrency=4 --pool=eventlet",
        "create_time": "2026-05-15T13:16:53.560000",
        "last_update": "2026-05-15T13:21:55.356410",
        "voluntary_ctxt_switches": 2302,
        "nonvoluntary_ctxt_switches": 2536,
        "jiffies": 12123,
        "stats": [
            {
                "memory_mb": 52.3046875,
                "cpu_percent": 0.0,
                "timestamp": 1778840214.6384697
            },
            {
                "memory_mb": 52.8125,
                "cpu_percent": 27.6,
                "timestamp": 1778840215.6893048
            },
            {
                "memory_mb": 108.21875,
                "cpu_percent": 43.6,
                "timestamp": 1778840216.7448487
            },
            {
                "memory_mb": 145.08984375,
                "cpu_percent": 71.5,
                "timestamp": 1778840217.794451
            },
            {
                "memory_mb": 145.08984375,
                "cpu_percent": 67.3,
                "timestamp": 1778840218.849258
            },
            {
                "memory_mb": 135.38671875,
                "cpu_percent": 1.9,
                "timestamp": 1778840219.9038937
            },
            {
                "memory_mb": 135.3984375,
                "cpu_percent": 84.8,
                "timestamp": 1778840220.9539285
            },
            {
                "memory_mb": 135.3984375,
                "cpu_percent": 50.9,
                "timestamp": 1778840222.0152311
            },
            {
                "memory_mb": 144.93359375,
                "cpu_percent": 60.0,
                "timestamp": 1778840223.06578
            },
            {
                "memory_mb": 118.59765625,
                "cpu_percent": 19.9,
                "timestamp": 1778840224.1205542
            },
            {
                "memory_mb": 118.609375,
                "cpu_percent": 9.5,
                "timestamp": 1778840225.1714537
            },
            {
                "memory_mb": 126.29296875,
                "cpu_percent": 73.3,
                "timestamp": 1778840226.2220716
            },
            {
                "memory_mb": 217.41015625,
                "cpu_percent": 61.2,
                "timestamp": 1778840227.3005629
            },
            {
                "memory_mb": 208.46875,
                "cpu_percent": 7.6,
                "timestamp": 1778840228.354042
            },
            {
                "memory_mb": 208.46875,
                "cpu_percent": 0.0,
                "timestamp": 1778840229.4090521
            },
            {
                "memory_mb": 208.47265625,
                "cpu_percent": 37.1,
                "timestamp": 1778840230.4599628
            },
            {
                "memory_mb": 208.484375,
                "cpu_percent": 31.3,
                "timestamp": 1778840231.5159445
            },
            {
                "memory_mb": 208.4765625,
                "cpu_percent": 78.0,
                "timestamp": 1778840232.5671844
            },
            {
                "memory_mb": 208.47265625,
                "cpu_percent": 65.4,
                "timestamp": 1778840233.6219132
            },
            {
                "memory_mb": 118.1953125,
                "cpu_percent": 4.7,
                "timestamp": 1778840234.676799
            },
            {
                "memory_mb": 118.19921875,
                "cpu_percent": 61.9,
                "timestamp": 1778840235.726776
            },
            {
                "memory_mb": 118.20703125,
                "cpu_percent": 69.2,
                "timestamp": 1778840236.7822235
            },
            {
                "memory_mb": 144.93359375,
                "cpu_percent": 41.6,
                "timestamp": 1778840237.864716
            },
            {
                "memory_mb": 135.2265625,
                "cpu_percent": 67.5,
                "timestamp": 1778840238.945984
            },
            {
                "memory_mb": 135.2265625,
                "cpu_percent": 0.0,
                "timestamp": 1778840240.0054011
            },
            {
                "memory_mb": 135.2421875,
                "cpu_percent": 76.3,
                "timestamp": 1778840241.0669365
            },
            {
                "memory_mb": 174.6640625,
                "cpu_percent": 73.3,
                "timestamp": 1778840242.1180425
            },
            {
                "memory_mb": 236.375,
                "cpu_percent": 8.5,
                "timestamp": 1778840243.1750052
            },
            {
                "memory_mb": 208.47265625,
                "cpu_percent": 1.9,
                "timestamp": 1778840244.2318242
            },
            {
                "memory_mb": 208.4765625,
                "cpu_percent": 19.0,
                "timestamp": 1778840245.2828069
            },
            {
                "memory_mb": 208.48828125,
                "cpu_percent": 52.1,
                "timestamp": 1778840246.337948
            },
            {
                "memory_mb": 208.484375,
                "cpu_percent": 57.1,
                "timestamp": 1778840247.3896503
            },
            {
                "memory_mb": 208.4765625,
                "cpu_percent": 90.8,
                "timestamp": 1778840248.4471169
            },
            {
                "memory_mb": 202.65625,
                "cpu_percent": 2.8,
                "timestamp": 1778840249.502673
            },
            {
                "memory_mb": 202.66015625,
                "cpu_percent": 44.7,
                "timestamp": 1778840250.5551288
            },
            {
                "memory_mb": 202.671875,
                "cpu_percent": 84.3,
                "timestamp": 1778840251.6111817
            },
            {
                "memory_mb": 202.6640625,
                "cpu_percent": 25.2,
                "timestamp": 1778840252.680571
            },
            {
                "memory_mb": 189.23046875,
                "cpu_percent": 48.2,
                "timestamp": 1778840253.7382689
            },
            {
                "memory_mb": 189.23046875,
                "cpu_percent": 0.0,
                "timestamp": 1778840254.7921042
            },
            {
                "memory_mb": 189.24609375,
                "cpu_percent": 68.3,
                "timestamp": 1778840255.8467813
            },
            {
                "memory_mb": 189.23828125,
                "cpu_percent": 68.0,
                "timestamp": 1778840256.9063296
            },
            {
                "memory_mb": 236.3828125,
                "cpu_percent": 6.6,
                "timestamp": 1778840257.9624565
            },
            {
                "memory_mb": 208.48046875,
                "cpu_percent": 5.7,
                "timestamp": 1778840259.0176973
            },
            {
                "memory_mb": 208.48046875,
                "cpu_percent": 0.0,
                "timestamp": 1778840260.0729692
            },
            {
                "memory_mb": 208.49609375,
                "cpu_percent": 64.4,
                "timestamp": 1778840261.1283288
            },
            {
                "memory_mb": 208.4921875,
                "cpu_percent": 41.9,
                "timestamp": 1778840262.178932
            },
            {
                "memory_mb": 208.48828125,
                "cpu_percent": 99.9,
                "timestamp": 1778840263.2300713
            },
            {
                "memory_mb": 191.69140625,
                "cpu_percent": 7.6,
                "timestamp": 1778840264.2859962
            },
            {
                "memory_mb": 191.6953125,
                "cpu_percent": 20.9,
                "timestamp": 1778840265.337541
            },
            {
                "memory_mb": 191.703125,
                "cpu_percent": 99.9,
                "timestamp": 1778840266.3885803
            },
            {
                "memory_mb": 191.703125,
                "cpu_percent": 14.3,
                "timestamp": 1778840267.439428
            },
            {
                "memory_mb": 191.69140625,
                "cpu_percent": 73.0,
                "timestamp": 1778840268.4937057
            },
            {
                "memory_mb": 191.69140625,
                "cpu_percent": 0.0,
                "timestamp": 1778840269.5464673
            },
            {
                "memory_mb": 191.703125,
                "cpu_percent": 47.3,
                "timestamp": 1778840270.6034293
            },
            {
                "memory_mb": 191.70703125,
                "cpu_percent": 73.1,
                "timestamp": 1778840271.6564229
            },
            {
                "memory_mb": 236.390625,
                "cpu_percent": 24.7,
                "timestamp": 1778840272.707989
            },
            {
                "memory_mb": 208.484375,
                "cpu_percent": 6.7,
                "timestamp": 1778840273.7590616
            },
            {
                "memory_mb": 208.484375,
                "cpu_percent": 0.0,
                "timestamp": 1778840274.8132615
            },
            {
                "memory_mb": 208.5,
                "cpu_percent": 69.3,
                "timestamp": 1778840275.8813865
            },
            {
                "memory_mb": 208.50390625,
                "cpu_percent": 11.4,
                "timestamp": 1778840276.93216
            },
            {
                "memory_mb": 208.5,
                "cpu_percent": 99.7,
                "timestamp": 1778840277.9848828
            },
            {
                "memory_mb": 208.4921875,
                "cpu_percent": 41.4,
                "timestamp": 1778840279.046506
            },
            {
                "memory_mb": 208.4921875,
                "cpu_percent": 0.0,
                "timestamp": 1778840280.1037784
            },
            {
                "memory_mb": 208.50390625,
                "cpu_percent": 98.9,
                "timestamp": 1778840281.1557772
            },
            {
                "memory_mb": 208.50390625,
                "cpu_percent": 39.9,
                "timestamp": 1778840282.2072313
            },
            {
                "memory_mb": 208.5,
                "cpu_percent": 69.4,
                "timestamp": 1778840283.2588298
            },
            {
                "memory_mb": 206.109375,
                "cpu_percent": 2.8,
                "timestamp": 1778840284.313456
            },
            {
                "memory_mb": 206.12109375,
                "cpu_percent": 23.6,
                "timestamp": 1778840285.3709948
            },
            {
                "memory_mb": 206.125,
                "cpu_percent": 74.0,
                "timestamp": 1778840286.4383972
            },
            {
                "memory_mb": 236.40234375,
                "cpu_percent": 45.6,
                "timestamp": 1778840287.4899564
            },
            {
                "memory_mb": 208.49609375,
                "cpu_percent": 5.7,
                "timestamp": 1778840288.545293
            },
            {
                "memory_mb": 208.49609375,
                "cpu_percent": 0.0,
                "timestamp": 1778840289.6002061
            },
            {
                "memory_mb": 208.5,
                "cpu_percent": 50.4,
                "timestamp": 1778840290.6512036
            },
            {
                "memory_mb": 208.51171875,
                "cpu_percent": 16.1,
                "timestamp": 1778840291.706546
            },
            {
                "memory_mb": 208.50390625,
                "cpu_percent": 93.2,
                "timestamp": 1778840292.7578692
            },
            {
                "memory_mb": 208.50390625,
                "cpu_percent": 52.3,
                "timestamp": 1778840293.8103297
            },
            {
                "memory_mb": 192.5625,
                "cpu_percent": 1.9,
                "timestamp": 1778840294.8623474
            },
            {
                "memory_mb": 192.57421875,
                "cpu_percent": 75.1,
                "timestamp": 1778840295.913835
            },
            {
                "memory_mb": 192.57421875,
                "cpu_percent": 55.9,
                "timestamp": 1778840296.9691796
            },
            {
                "memory_mb": 192.5703125,
                "cpu_percent": 54.3,
                "timestamp": 1778840298.0197372
            },
            {
                "memory_mb": 192.5625,
                "cpu_percent": 20.8,
                "timestamp": 1778840299.0749536
            },
            {
                "memory_mb": 192.57421875,
                "cpu_percent": 0.9,
                "timestamp": 1778840300.133257
            },
            {
                "memory_mb": 192.578125,
                "cpu_percent": 72.1,
                "timestamp": 1778840301.1876004
            },
            {
                "memory_mb": 193.4609375,
                "cpu_percent": 63.5,
                "timestamp": 1778840302.2431393
            },
            {
                "memory_mb": 208.50390625,
                "cpu_percent": 9.5,
                "timestamp": 1778840303.2983475
            },
            {
                "memory_mb": 208.50390625,
                "cpu_percent": 0.0,
                "timestamp": 1778840304.354052
            },
            {
                "memory_mb": 208.5078125,
                "cpu_percent": 26.7,
                "timestamp": 1778840305.404547
            },
            {
                "memory_mb": 208.51953125,
                "cpu_percent": 40.7,
                "timestamp": 1778840306.4601903
            },
            {
                "memory_mb": 208.515625,
                "cpu_percent": 68.5,
                "timestamp": 1778840307.5106125
            },
            {
                "memory_mb": 208.5078125,
                "cpu_percent": 81.6,
                "timestamp": 1778840308.5642161
            },
            {
                "memory_mb": 193.89453125,
                "cpu_percent": 2.8,
                "timestamp": 1778840309.620443
            },
            {
                "memory_mb": 193.8984375,
                "cpu_percent": 51.3,
                "timestamp": 1778840310.6721547
            },
            {
                "memory_mb": 193.91015625,
                "cpu_percent": 78.6,
                "timestamp": 1778840311.7275586
            },
            {
                "memory_mb": 193.90234375,
                "cpu_percent": 30.4,
                "timestamp": 1778840312.781617
            },
            {
                "memory_mb": 193.89453125,
                "cpu_percent": 51.2,
                "timestamp": 1778840313.83682
            },
            {
                "memory_mb": 193.89453125,
                "cpu_percent": 0.0,
                "timestamp": 1778840314.8923652
            },
            {
                "memory_mb": 193.91015625,
                "cpu_percent": 67.3,
                "timestamp": 1778840315.947527
            },
            {
                "memory_mb": 193.90234375,
                "cpu_percent": 67.6,
                "timestamp": 1778840316.9982448
            },
            {
                "memory_mb": 236.41015625,
                "cpu_percent": 6.6,
                "timestamp": 1778840318.054135
            },
            {
                "memory_mb": 208.50390625,
                "cpu_percent": 5.7,
                "timestamp": 1778840319.1102233
            },
            {
                "memory_mb": 208.5078125,
                "cpu_percent": 2.8,
                "timestamp": 1778840320.1679268
            },
            {
                "memory_mb": 208.51953125,
                "cpu_percent": 61.6,
                "timestamp": 1778840321.2228553
            },
            {
                "memory_mb": 208.515625,
                "cpu_percent": 47.6,
                "timestamp": 1778840322.2741008
            },
            {
                "memory_mb": 208.51171875,
                "cpu_percent": 100.7,
                "timestamp": 1778840323.326391
            },
            {
                "memory_mb": 208.50390625,
                "cpu_percent": 3.8,
                "timestamp": 1778840324.3825176
            },
            {
                "memory_mb": 208.5078125,
                "cpu_percent": 27.6,
                "timestamp": 1778840325.4334822
            },
            {
                "memory_mb": 208.515625,
                "cpu_percent": 99.8,
                "timestamp": 1778840326.4851367
            },
            {
                "memory_mb": 208.51171875,
                "cpu_percent": 9.5,
                "timestamp": 1778840327.5409997
            },
            {
                "memory_mb": 208.50390625,
                "cpu_percent": 68.2,
                "timestamp": 1778840328.5966263
            },
            {
                "memory_mb": 208.50390625,
                "cpu_percent": 0.0,
                "timestamp": 1778840329.6542084
            },
            {
                "memory_mb": 208.515625,
                "cpu_percent": 53.2,
                "timestamp": 1778840330.706872
            },
            {
                "memory_mb": 208.51953125,
                "cpu_percent": 72.3,
                "timestamp": 1778840331.7576823
            },
            {
                "memory_mb": 236.4140625,
                "cpu_percent": 16.1,
                "timestamp": 1778840332.8135276
            },
            {
                "memory_mb": 208.5078125,
                "cpu_percent": 6.6,
                "timestamp": 1778840333.8693619
            },
            {
                "memory_mb": 208.5078125,
                "cpu_percent": 0.0,
                "timestamp": 1778840334.9240017
            },
            {
                "memory_mb": 208.5234375,
                "cpu_percent": 63.7,
                "timestamp": 1778840335.9760473
            },
            {
                "memory_mb": 208.5234375,
                "cpu_percent": 22.8,
                "timestamp": 1778840337.0272677
            },
            {
                "memory_mb": 208.5234375,
                "cpu_percent": 99.9,
                "timestamp": 1778840338.088786
            },
            {
                "memory_mb": 208.515625,
                "cpu_percent": 29.4,
                "timestamp": 1778840339.1447916
            },
            {
                "memory_mb": 208.51953125,
                "cpu_percent": 3.8,
                "timestamp": 1778840340.2021606
            },
            {
                "memory_mb": 208.52734375,
                "cpu_percent": 100.9,
                "timestamp": 1778840341.252992
            },
            {
                "memory_mb": 208.52734375,
                "cpu_percent": 28.4,
                "timestamp": 1778840342.3083975
            },
            {
                "memory_mb": 208.515625,
                "cpu_percent": 73.0,
                "timestamp": 1778840343.3636389
            },
            {
                "memory_mb": 208.515625,
                "cpu_percent": 0.0,
                "timestamp": 1778840344.4198046
            },
            {
                "memory_mb": 208.52734375,
                "cpu_percent": 29.5,
                "timestamp": 1778840345.471079
            },
            {
                "memory_mb": 208.53125,
                "cpu_percent": 72.9,
                "timestamp": 1778840346.5277197
            },
            {
                "memory_mb": 236.421875,
                "cpu_percent": 38.9,
                "timestamp": 1778840347.5803947
            },
            {
                "memory_mb": 208.515625,
                "cpu_percent": 5.7,
                "timestamp": 1778840348.6383646
            },
            {
                "memory_mb": 208.515625,
                "cpu_percent": 0.0,
                "timestamp": 1778840349.6964717
            },
            {
                "memory_mb": 208.51953125,
                "cpu_percent": 55.1,
                "timestamp": 1778840350.748244
            },
            {
                "memory_mb": 208.53125,
                "cpu_percent": 13.3,
                "timestamp": 1778840351.8031626
            },
            {
                "memory_mb": 208.52734375,
                "cpu_percent": 97.1,
                "timestamp": 1778840352.853953
            },
            {
                "memory_mb": 208.5234375,
                "cpu_percent": 49.5,
                "timestamp": 1778840353.905511
            },
            {
                "memory_mb": 208.51953125,
                "cpu_percent": 2.8,
                "timestamp": 1778840354.9606304
            },
            {
                "memory_mb": 208.53125,
                "cpu_percent": 79.9,
                "timestamp": 1778840356.0118263
            },
            {
                "memory_mb": 208.53125,
                "cpu_percent": 50.2,
                "timestamp": 1778840357.0670607
            },
            {
                "memory_mb": 208.52734375,
                "cpu_percent": 59.0,
                "timestamp": 1778840358.1177578
            },
            {
                "memory_mb": 208.51953125,
                "cpu_percent": 16.1,
                "timestamp": 1778840359.1721494
            },
            {
                "memory_mb": 208.53125,
                "cpu_percent": 4.7,
                "timestamp": 1778840360.2269247
            },
            {
                "memory_mb": 208.53515625,
                "cpu_percent": 72.3,
                "timestamp": 1778840361.277775
            },
            {
                "memory_mb": 217.45703125,
                "cpu_percent": 58.1,
                "timestamp": 1778840362.3284457
            },
            {
                "memory_mb": 208.51953125,
                "cpu_percent": 8.5,
                "timestamp": 1778840363.3826284
            },
            {
                "memory_mb": 208.51953125,
                "cpu_percent": 0.0,
                "timestamp": 1778840364.4386802
            },
            {
                "memory_mb": 208.5234375,
                "cpu_percent": 29.5,
                "timestamp": 1778840365.4888897
            },
            {
                "memory_mb": 208.53515625,
                "cpu_percent": 36.2,
                "timestamp": 1778840366.5396626
            },
            {
                "memory_mb": 208.53125,
                "cpu_percent": 71.3,
                "timestamp": 1778840367.5914738
            },
            {
                "memory_mb": 208.5234375,
                "cpu_percent": 80.5,
                "timestamp": 1778840368.647426
            },
            {
                "memory_mb": 208.51953125,
                "cpu_percent": 2.8,
                "timestamp": 1778840369.7070968
            },
            {
                "memory_mb": 208.5234375,
                "cpu_percent": 54.2,
                "timestamp": 1778840370.757913
            },
            {
                "memory_mb": 208.53515625,
                "cpu_percent": 80.6,
                "timestamp": 1778840371.8124506
            },
            {
                "memory_mb": 208.52734375,
                "cpu_percent": 28.4,
                "timestamp": 1778840372.8675842
            },
            {
                "memory_mb": 208.51953125,
                "cpu_percent": 45.5,
                "timestamp": 1778840373.923352
            },
            {
                "memory_mb": 208.51953125,
                "cpu_percent": 0.0,
                "timestamp": 1778840374.9776254
            },
            {
                "memory_mb": 208.53515625,
                "cpu_percent": 68.5,
                "timestamp": 1778840376.0292964
            },
            {
                "memory_mb": 208.52734375,
                "cpu_percent": 68.2,
                "timestamp": 1778840377.0853708
            },
            {
                "memory_mb": 236.4296875,
                "cpu_percent": 4.7,
                "timestamp": 1778840378.1401894
            },
            {
                "memory_mb": 208.5234375,
                "cpu_percent": 5.7,
                "timestamp": 1778840379.19642
            },
            {
                "memory_mb": 208.52734375,
                "cpu_percent": 5.7,
                "timestamp": 1778840380.249446
            },
            {
                "memory_mb": 208.5390625,
                "cpu_percent": 59.7,
                "timestamp": 1778840381.3049278
            },
            {
                "memory_mb": 208.53515625,
                "cpu_percent": 49.5,
                "timestamp": 1778840382.3559282
            },
            {
                "memory_mb": 208.52734375,
                "cpu_percent": 98.0,
                "timestamp": 1778840383.4071586
            },
            {
                "memory_mb": 208.5234375,
                "cpu_percent": 2.8,
                "timestamp": 1778840384.4632368
            },
            {
                "memory_mb": 208.52734375,
                "cpu_percent": 29.5,
                "timestamp": 1778840385.5142434
            },
            {
                "memory_mb": 208.5390625,
                "cpu_percent": 98.9,
                "timestamp": 1778840386.5654993
            },
            {
                "memory_mb": 208.53515625,
                "cpu_percent": 11.4,
                "timestamp": 1778840387.6175175
            },
            {
                "memory_mb": 208.52734375,
                "cpu_percent": 67.2,
                "timestamp": 1778840388.6739905
            },
            {
                "memory_mb": 208.52734375,
                "cpu_percent": 0.0,
                "timestamp": 1778840389.7320387
            },
            {
                "memory_mb": 208.5390625,
                "cpu_percent": 55.2,
                "timestamp": 1778840390.7836294
            },
            {
                "memory_mb": 208.54296875,
                "cpu_percent": 72.3,
                "timestamp": 1778840391.8346996
            },
            {
                "memory_mb": 236.43359375,
                "cpu_percent": 14.2,
                "timestamp": 1778840392.88978
            },
            {
                "memory_mb": 208.5234375,
                "cpu_percent": 6.6,
                "timestamp": 1778840393.9456027
            },
            {
                "memory_mb": 208.5234375,
                "cpu_percent": 0.0,
                "timestamp": 1778840395.000323
            },
            {
                "memory_mb": 208.5390625,
                "cpu_percent": 63.4,
                "timestamp": 1778840396.0565379
            },
            {
                "memory_mb": 208.5390625,
                "cpu_percent": 25.7,
                "timestamp": 1778840397.1076903
            },
            {
                "memory_mb": 208.53515625,
                "cpu_percent": 100.0,
                "timestamp": 1778840398.1582139
            },
            {
                "memory_mb": 208.53125,
                "cpu_percent": 26.5,
                "timestamp": 1778840399.2139919
            },
            {
                "memory_mb": 208.53515625,
                "cpu_percent": 5.7,
                "timestamp": 1778840400.2667987
            },
            {
                "memory_mb": 208.54296875,
                "cpu_percent": 99.9,
                "timestamp": 1778840401.3180866
            },
            {
                "memory_mb": 208.54296875,
                "cpu_percent": 27.5,
                "timestamp": 1778840402.3725755
            },
            {
                "memory_mb": 208.53125,
                "cpu_percent": 74.9,
                "timestamp": 1778840403.4273574
            },
            {
                "memory_mb": 208.53125,
                "cpu_percent": 0.0,
                "timestamp": 1778840404.4836648
            },
            {
                "memory_mb": 208.54296875,
                "cpu_percent": 31.4,
                "timestamp": 1778840405.5341094
            },
            {
                "memory_mb": 208.546875,
                "cpu_percent": 73.3,
                "timestamp": 1778840406.5852752
            },
            {
                "memory_mb": 236.44140625,
                "cpu_percent": 37.0,
                "timestamp": 1778840407.6402068
            },
            {
                "memory_mb": 208.53515625,
                "cpu_percent": 5.7,
                "timestamp": 1778840408.6958635
            },
            {
                "memory_mb": 208.53515625,
                "cpu_percent": 0.0,
                "timestamp": 1778840409.754201
            },
            {
                "memory_mb": 208.5390625,
                "cpu_percent": 56.1,
                "timestamp": 1778840410.8064125
            },
            {
                "memory_mb": 208.55078125,
                "cpu_percent": 11.4,
                "timestamp": 1778840411.8624141
            },
            {
                "memory_mb": 208.54296875,
                "cpu_percent": 98.1,
                "timestamp": 1778840412.9122791
            },
            {
                "memory_mb": 208.5390625,
                "cpu_percent": 47.4,
                "timestamp": 1778840413.9672704
            },
            {
                "memory_mb": 208.53515625,
                "cpu_percent": 3.8,
                "timestamp": 1778840415.0219555
            },
            {
                "memory_mb": 208.546875,
                "cpu_percent": 80.8,
                "timestamp": 1778840416.07339
            },
            {
                "memory_mb": 208.546875,
                "cpu_percent": 50.2,
                "timestamp": 1778840417.1296346
            },
            {
                "memory_mb": 208.54296875,
                "cpu_percent": 59.0,
                "timestamp": 1778840418.1809814
            },
            {
                "memory_mb": 208.53515625,
                "cpu_percent": 14.2,
                "timestamp": 1778840419.2373202
            },
            {
                "memory_mb": 208.546875,
                "cpu_percent": 5.7,
                "timestamp": 1778840420.2882037
            },
            {
                "memory_mb": 208.55078125,
                "cpu_percent": 72.3,
                "timestamp": 1778840421.339378
            },
            {
                "memory_mb": 217.47265625,
                "cpu_percent": 58.8,
                "timestamp": 1778840422.3930573
            },
            {
                "memory_mb": 208.53515625,
                "cpu_percent": 7.6,
                "timestamp": 1778840423.4488811
            },
            {
                "memory_mb": 208.53515625,
                "cpu_percent": 0.0,
                "timestamp": 1778840424.504743
            },
            {
                "memory_mb": 208.5390625,
                "cpu_percent": 30.5,
                "timestamp": 1778840425.5546587
            },
            {
                "memory_mb": 208.55078125,
                "cpu_percent": 36.0,
                "timestamp": 1778840426.6098096
            },
            {
                "memory_mb": 208.54296875,
                "cpu_percent": 73.2,
                "timestamp": 1778840427.6622615
            },
            {
                "memory_mb": 208.54296875,
                "cpu_percent": 65.3,
                "timestamp": 1778840428.7181833
            },
            {
                "memory_mb": 208.5390625,
                "cpu_percent": 2.8,
                "timestamp": 1778840429.775882
            },
            {
                "memory_mb": 208.54296875,
                "cpu_percent": 57.1,
                "timestamp": 1778840430.8272102
            },
            {
                "memory_mb": 208.5546875,
                "cpu_percent": 73.0,
                "timestamp": 1778840431.8822353
            },
            {
                "memory_mb": 208.546875,
                "cpu_percent": 36.2,
                "timestamp": 1778840432.9326952
            },
            {
                "memory_mb": 208.5390625,
                "cpu_percent": 39.8,
                "timestamp": 1778840433.9879081
            },
            {
                "memory_mb": 208.5390625,
                "cpu_percent": 0.0,
                "timestamp": 1778840435.0432618
            },
            {
                "memory_mb": 208.5546875,
                "cpu_percent": 67.3,
                "timestamp": 1778840436.0979888
            },
            {
                "memory_mb": 208.546875,
                "cpu_percent": 65.4,
                "timestamp": 1778840437.1530519
            },
            {
                "memory_mb": 236.44140625,
                "cpu_percent": 8.6,
                "timestamp": 1778840438.2047615
            },
            {
                "memory_mb": 206.203125,
                "cpu_percent": 2.8,
                "timestamp": 1778840439.2604368
            },
            {
                "memory_mb": 206.20703125,
                "cpu_percent": 5.7,
                "timestamp": 1778840440.3109252
            },
            {
                "memory_mb": 206.21875,
                "cpu_percent": 58.7,
                "timestamp": 1778840441.3671029
            },
            {
                "memory_mb": 206.21484375,
                "cpu_percent": 50.4,
                "timestamp": 1778840442.4181752
            },
            {
                "memory_mb": 206.20703125,
                "cpu_percent": 87.1,
                "timestamp": 1778840443.4743154
            },
            {
                "memory_mb": 206.203125,
                "cpu_percent": 2.8,
                "timestamp": 1778840444.5303526
            },
            {
                "memory_mb": 206.20703125,
                "cpu_percent": 31.4,
                "timestamp": 1778840445.5805938
            },
            {
                "memory_mb": 206.21875,
                "cpu_percent": 97.1,
                "timestamp": 1778840446.6312423
            },
            {
                "memory_mb": 206.2109375,
                "cpu_percent": 11.4,
                "timestamp": 1778840447.6819978
            },
            {
                "memory_mb": 206.203125,
                "cpu_percent": 65.4,
                "timestamp": 1778840448.7371044
            },
            {
                "memory_mb": 206.203125,
                "cpu_percent": 0.0,
                "timestamp": 1778840449.7950377
            },
            {
                "memory_mb": 206.21484375,
                "cpu_percent": 56.1,
                "timestamp": 1778840450.8461719
            },
            {
                "memory_mb": 206.21875,
                "cpu_percent": 72.3,
                "timestamp": 1778840451.8978434
            },
            {
                "memory_mb": 236.453125,
                "cpu_percent": 9.5,
                "timestamp": 1778840452.9529243
            },
            {
                "memory_mb": 208.546875,
                "cpu_percent": 4.7,
                "timestamp": 1778840454.0088427
            },
            {
                "memory_mb": 208.546875,
                "cpu_percent": 0.9,
                "timestamp": 1778840455.0642033
            },
            {
                "memory_mb": 208.5625,
                "cpu_percent": 63.5,
                "timestamp": 1778840456.119808
            },
            {
                "memory_mb": 208.5625,
                "cpu_percent": 27.5,
                "timestamp": 1778840457.1745467
            },
            {
                "memory_mb": 208.55859375,
                "cpu_percent": 99.6,
                "timestamp": 1778840458.2285464
            },
            {
                "memory_mb": 208.55078125,
                "cpu_percent": 16.1,
                "timestamp": 1778840459.284965
            },
            {
                "memory_mb": 208.5546875,
                "cpu_percent": 6.7,
                "timestamp": 1778840460.336149
            },
            {
                "memory_mb": 208.5625,
                "cpu_percent": 99.8,
                "timestamp": 1778840461.3878822
            },
            {
                "memory_mb": 208.5625,
                "cpu_percent": 31.3,
                "timestamp": 1778840462.4437783
            },
            {
                "memory_mb": 208.55078125,
                "cpu_percent": 66.3,
                "timestamp": 1778840463.4998424
            },
            {
                "memory_mb": 208.55078125,
                "cpu_percent": 0.0,
                "timestamp": 1778840464.5581095
            },
            {
                "memory_mb": 208.5625,
                "cpu_percent": 32.3,
                "timestamp": 1778840465.6104622
            },
            {
                "memory_mb": 208.56640625,
                "cpu_percent": 73.2,
                "timestamp": 1778840466.6625862
            },
            {
                "memory_mb": 236.45703125,
                "cpu_percent": 36.9,
                "timestamp": 1778840467.7181997
            },
            {
                "memory_mb": 208.55078125,
                "cpu_percent": 7.6,
                "timestamp": 1778840468.7742739
            },
            {
                "memory_mb": 208.55078125,
                "cpu_percent": 0.0,
                "timestamp": 1778840469.829226
            },
            {
                "memory_mb": 208.5546875,
                "cpu_percent": 58.1,
                "timestamp": 1778840470.8797781
            },
            {
                "memory_mb": 208.56640625,
                "cpu_percent": 8.5,
                "timestamp": 1778840471.9333434
            },
            {
                "memory_mb": 208.55859375,
                "cpu_percent": 99.7,
                "timestamp": 1778840472.9862924
            },
            {
                "memory_mb": 208.55859375,
                "cpu_percent": 43.5,
                "timestamp": 1778840474.0443985
            },
            {
                "memory_mb": 208.5546875,
                "cpu_percent": 2.8,
                "timestamp": 1778840475.0989203
            },
            {
                "memory_mb": 208.56640625,
                "cpu_percent": 83.3,
                "timestamp": 1778840476.155918
            },
            {
                "memory_mb": 208.56640625,
                "cpu_percent": 54.1,
                "timestamp": 1778840477.2097387
            },
            {
                "memory_mb": 208.5625,
                "cpu_percent": 54.1,
                "timestamp": 1778840478.2627487
            },
            {
                "memory_mb": 208.5546875,
                "cpu_percent": 22.7,
                "timestamp": 1778840479.3202407
            },
            {
                "memory_mb": 208.56640625,
                "cpu_percent": 8.5,
                "timestamp": 1778840480.3738658
            },
            {
                "memory_mb": 208.5703125,
                "cpu_percent": 77.7,
                "timestamp": 1778840481.428885
            },
            {
                "memory_mb": 208.5625,
                "cpu_percent": 58.9,
                "timestamp": 1778840482.4811153
            },
            {
                "memory_mb": 208.5546875,
                "cpu_percent": 10.4,
                "timestamp": 1778840483.5341957
            },
            {
                "memory_mb": 208.5546875,
                "cpu_percent": 0.0,
                "timestamp": 1778840484.587434
            },
            {
                "memory_mb": 208.55859375,
                "cpu_percent": 35.0,
                "timestamp": 1778840485.6448984
            },
            {
                "memory_mb": 208.5703125,
                "cpu_percent": 42.7,
                "timestamp": 1778840486.6986055
            },
            {
                "memory_mb": 208.56640625,
                "cpu_percent": 65.3,
                "timestamp": 1778840487.7710395
            },
            {
                "memory_mb": 208.55859375,
                "cpu_percent": 77.6,
                "timestamp": 1778840488.8279982
            },
            {
                "memory_mb": 208.5546875,
                "cpu_percent": 2.9,
                "timestamp": 1778840489.8800223
            },
            {
                "memory_mb": 208.55859375,
                "cpu_percent": 61.8,
                "timestamp": 1778840490.9312904
            },
            {
                "memory_mb": 208.5703125,
                "cpu_percent": 75.1,
                "timestamp": 1778840491.9829652
            },
            {
                "memory_mb": 208.5625,
                "cpu_percent": 32.3,
                "timestamp": 1778840493.034722
            },
            {
                "memory_mb": 208.5546875,
                "cpu_percent": 40.8,
                "timestamp": 1778840494.0892606
            },
            {
                "memory_mb": 208.5546875,
                "cpu_percent": 0.0,
                "timestamp": 1778840495.1443856
            },
            {
                "memory_mb": 208.5703125,
                "cpu_percent": 67.3,
                "timestamp": 1778840496.1995223
            },
            {
                "memory_mb": 208.5625,
                "cpu_percent": 65.4,
                "timestamp": 1778840497.2546012
            },
            {
                "memory_mb": 236.453125,
                "cpu_percent": 7.6,
                "timestamp": 1778840498.3077104
            },
            {
                "memory_mb": 206.2109375,
                "cpu_percent": 2.8,
                "timestamp": 1778840499.3629932
            },
            {
                "memory_mb": 206.21484375,
                "cpu_percent": 11.4,
                "timestamp": 1778840500.4145465
            },
            {
                "memory_mb": 206.2265625,
                "cpu_percent": 53.1,
                "timestamp": 1778840501.4698536
            },
            {
                "memory_mb": 206.22265625,
                "cpu_percent": 56.2,
                "timestamp": 1778840502.520189
            },
            {
                "memory_mb": 206.21484375,
                "cpu_percent": 91.0,
                "timestamp": 1778840503.5746932
            },
            {
                "memory_mb": 206.2109375,
                "cpu_percent": 2.8,
                "timestamp": 1778840504.6314406
            },
            {
                "memory_mb": 206.21484375,
                "cpu_percent": 36.2,
                "timestamp": 1778840505.6824315
            },
            {
                "memory_mb": 206.2265625,
                "cpu_percent": 93.2,
                "timestamp": 1778840506.7335184
            },
            {
                "memory_mb": 206.21875,
                "cpu_percent": 16.1,
                "timestamp": 1778840507.7919483
            },
            {
                "memory_mb": 206.2109375,
                "cpu_percent": 65.3,
                "timestamp": 1778840508.8482037
            },
            {
                "memory_mb": 206.2109375,
                "cpu_percent": 0.0,
                "timestamp": 1778840509.9016068
            },
            {
                "memory_mb": 206.22265625,
                "cpu_percent": 61.8,
                "timestamp": 1778840510.953358
            },
            {
                "memory_mb": 206.22265625,
                "cpu_percent": 71.3,
                "timestamp": 1778840512.0047107
            },
            {
                "memory_mb": 236.45703125,
                "cpu_percent": 5.7,
                "timestamp": 1778840513.0594769
            },
            {
                "memory_mb": 208.5546875,
                "cpu_percent": 5.7,
                "timestamp": 1778840514.1149967
            },
            {
                "memory_mb": 208.5546875,
                "cpu_percent": 0.0,
                "timestamp": 1778840515.1706738
            },
            {
                "memory_mb": 208.5546875,
                "cpu_percent": 0.0,
                "timestamp": 1778840515.3564095
            }
        ]
    }
}
