{
    "active_periods": [
        {
            "start": 1777193872.475118,
            "end": 1777194175.13742,
            "duration_sec": 302.6623020172119,
            "tasks_completed": 60,
            "throughput_tps": 0.19824074422254245
        }
    ],
    "history": [
        {
            "timestamp": 1777193872.475118,
            "messages": 0,
            "ack": 58606
        },
        {
            "timestamp": 1777193877.482644,
            "messages": 0,
            "ack": 58606
        },
        {
            "timestamp": 1777193882.488913,
            "messages": 2,
            "ack": 58608
        },
        {
            "timestamp": 1777193887.495744,
            "messages": 0,
            "ack": 58608
        },
        {
            "timestamp": 1777193892.500959,
            "messages": 0,
            "ack": 58610
        },
        {
            "timestamp": 1777193897.506866,
            "messages": 0,
            "ack": 58610
        },
        {
            "timestamp": 1777193902.512705,
            "messages": 0,
            "ack": 58612
        },
        {
            "timestamp": 1777193907.517861,
            "messages": 0,
            "ack": 58612
        },
        {
            "timestamp": 1777193912.522974,
            "messages": 0,
            "ack": 58614
        },
        {
            "timestamp": 1777193917.528781,
            "messages": 0,
            "ack": 58614
        },
        {
            "timestamp": 1777193922.534547,
            "messages": 0,
            "ack": 58616
        },
        {
            "timestamp": 1777193927.540413,
            "messages": 0,
            "ack": 58616
        },
        {
            "timestamp": 1777193932.545531,
            "messages": 0,
            "ack": 58618
        },
        {
            "timestamp": 1777193937.551849,
            "messages": 0,
            "ack": 58618
        },
        {
            "timestamp": 1777193942.558789,
            "messages": 0,
            "ack": 58620
        },
        {
            "timestamp": 1777193947.564687,
            "messages": 0,
            "ack": 58620
        },
        {
            "timestamp": 1777193952.570028,
            "messages": 0,
            "ack": 58622
        },
        {
            "timestamp": 1777193957.575867,
            "messages": 0,
            "ack": 58622
        },
        {
            "timestamp": 1777193962.581792,
            "messages": 0,
            "ack": 58624
        },
        {
            "timestamp": 1777193967.587719,
            "messages": 0,
            "ack": 58624
        },
        {
            "timestamp": 1777193972.593932,
            "messages": 0,
            "ack": 58626
        },
        {
            "timestamp": 1777193977.59932,
            "messages": 0,
            "ack": 58626
        },
        {
            "timestamp": 1777193982.604627,
            "messages": 0,
            "ack": 58628
        },
        {
            "timestamp": 1777193987.610264,
            "messages": 0,
            "ack": 58628
        },
        {
            "timestamp": 1777193992.616379,
            "messages": 0,
            "ack": 58630
        },
        {
            "timestamp": 1777193997.621127,
            "messages": 0,
            "ack": 58630
        },
        {
            "timestamp": 1777194002.627277,
            "messages": 0,
            "ack": 58632
        },
        {
            "timestamp": 1777194007.632066,
            "messages": 0,
            "ack": 58632
        },
        {
            "timestamp": 1777194012.638996,
            "messages": 0,
            "ack": 58634
        },
        {
            "timestamp": 1777194017.645725,
            "messages": 0,
            "ack": 58634
        },
        {
            "timestamp": 1777194022.651283,
            "messages": 0,
            "ack": 58636
        },
        {
            "timestamp": 1777194027.657052,
            "messages": 0,
            "ack": 58636
        },
        {
            "timestamp": 1777194032.66249,
            "messages": 0,
            "ack": 58638
        },
        {
            "timestamp": 1777194037.668137,
            "messages": 0,
            "ack": 58638
        },
        {
            "timestamp": 1777194042.674254,
            "messages": 0,
            "ack": 58640
        },
        {
            "timestamp": 1777194047.679463,
            "messages": 0,
            "ack": 58640
        },
        {
            "timestamp": 1777194052.684131,
            "messages": 0,
            "ack": 58642
        },
        {
            "timestamp": 1777194057.691552,
            "messages": 0,
            "ack": 58642
        },
        {
            "timestamp": 1777194062.697808,
            "messages": 0,
            "ack": 58644
        },
        {
            "timestamp": 1777194067.702918,
            "messages": 0,
            "ack": 58644
        },
        {
            "timestamp": 1777194072.708674,
            "messages": 0,
            "ack": 58646
        },
        {
            "timestamp": 1777194077.715109,
            "messages": 0,
            "ack": 58646
        },
        {
            "timestamp": 1777194082.721823,
            "messages": 0,
            "ack": 58648
        },
        {
            "timestamp": 1777194087.727979,
            "messages": 0,
            "ack": 58648
        },
        {
            "timestamp": 1777194092.734034,
            "messages": 0,
            "ack": 58650
        },
        {
            "timestamp": 1777194097.740084,
            "messages": 0,
            "ack": 58650
        },
        {
            "timestamp": 1777194102.845889,
            "messages": 0,
            "ack": 58652
        },
        {
            "timestamp": 1777194107.852687,
            "messages": 0,
            "ack": 58652
        },
        {
            "timestamp": 1777194112.858734,
            "messages": 0,
            "ack": 58654
        },
        {
            "timestamp": 1777194117.86447,
            "messages": 0,
            "ack": 58654
        },
        {
            "timestamp": 1777194122.86963,
            "messages": 0,
            "ack": 58656
        },
        {
            "timestamp": 1777194127.875916,
            "messages": 0,
            "ack": 58656
        },
        {
            "timestamp": 1777194132.881548,
            "messages": 0,
            "ack": 58658
        },
        {
            "timestamp": 1777194137.88728,
            "messages": 0,
            "ack": 58658
        },
        {
            "timestamp": 1777194142.893019,
            "messages": 0,
            "ack": 58660
        },
        {
            "timestamp": 1777194147.899742,
            "messages": 0,
            "ack": 58660
        },
        {
            "timestamp": 1777194152.907061,
            "messages": 0,
            "ack": 58662
        },
        {
            "timestamp": 1777194157.913855,
            "messages": 0,
            "ack": 58662
        },
        {
            "timestamp": 1777194162.920053,
            "messages": 0,
            "ack": 58664
        },
        {
            "timestamp": 1777194167.925701,
            "messages": 0,
            "ack": 58664
        },
        {
            "timestamp": 1777194172.931451,
            "messages": 0,
            "ack": 58666
        },
        {
            "timestamp": 1777194175.126168,
            "messages": 0,
            "ack": 58666
        }
    ]
}