Процесс: 52213
УПРАВЛЯЮЩИЙ ПРОЦЕСС
Родитель: 13546
Создан: 2026-04-26T09:03:17.070000
Последний замер: 2026-04-26T09:08:19.533223
Время жизни: 302.463223 сек
voluntary_ctxt_switches: 5154
nonvoluntary_ctxt_switches: 229
jiffies: 187.0
avg_cpu_load: 0.5 %
avg_memory_mb: 42.9 MB


Процесс: 52220
Родитель: 52213
Создан: 2026-04-26T09:03:17.480000
Последний замер: 2026-04-26T09:08:19.533450
Время жизни: 302.05345 сек
voluntary_ctxt_switches: 950
nonvoluntary_ctxt_switches: 10059
jiffies: 6877.0
avg_cpu_load: 22.8 %
avg_memory_mb: 118.3 MB

Среднее latency: 22.18
Средний runtime: 1.83
Всего задач: 164
Задач по типам: cpu_intensive - 102; memory_intensive - 62

Процесс: 52221
Родитель: 52213
Создан: 2026-04-26T09:03:17.510000
Последний замер: 2026-04-26T09:05:13.892211
Время жизни: 116.382211 сек
voluntary_ctxt_switches: 325
nonvoluntary_ctxt_switches: 4073
jiffies: 2812.0
avg_cpu_load: 24.3 %
avg_memory_mb: 108.9 MB

Среднее latency: 10.01
Средний runtime: 1.84
Всего задач: 62
Задач по типам: cpu_intensive - 42; memory_intensive - 20

Процесс: 52222
Родитель: 52213
Создан: 2026-04-26T09:03:17.530000
Последний замер: 2026-04-26T09:08:02.285673
Время жизни: 284.755673 сек
voluntary_ctxt_switches: 770
nonvoluntary_ctxt_switches: 11282
jiffies: 7101.0
avg_cpu_load: 25.0 %
avg_memory_mb: 116.7 MB

Среднее latency: 20.93
Средний runtime: 1.87
Всего задач: 151
Задач по типам: cpu_intensive - 105; memory_intensive - 46

Процесс: 52223
Родитель: 52213
Создан: 2026-04-26T09:03:17.550000
Последний замер: 2026-04-26T09:08:19.533678
Время жизни: 301.983678 сек
voluntary_ctxt_switches: 800
nonvoluntary_ctxt_switches: 11828
jiffies: 7558.0
avg_cpu_load: 25.1 %
avg_memory_mb: 115.9 MB

Среднее latency: 21.91
Средний runtime: 1.87
Всего задач: 161
Задач по типам: cpu_intensive - 113; memory_intensive - 48

Процесс: 52232
Родитель: 52213
Создан: 2026-04-26T09:03:18.620000
Последний замер: 2026-04-26T09:06:25.002327
Время жизни: 186.382327 сек
voluntary_ctxt_switches: 542
nonvoluntary_ctxt_switches: 6777
jiffies: 4467.0
avg_cpu_load: 24.0 %
avg_memory_mb: 115.8 MB

Среднее latency: 14.42
Средний runtime: 1.84
Всего задач: 101
Задач по типам: cpu_intensive - 67; memory_intensive - 34

Процесс: 52233
Родитель: 52213
Создан: 2026-04-26T09:03:18.650000
Последний замер: 2026-04-26T09:07:08.927074
Время жизни: 230.277074 сек
voluntary_ctxt_switches: 661
nonvoluntary_ctxt_switches: 8402
jiffies: 5527.0
avg_cpu_load: 24.0 %
avg_memory_mb: 114.7 MB

Среднее latency: 16.9
Средний runtime: 1.85
Всего задач: 124
Задач по типам: memory_intensive - 42; cpu_intensive - 82

Процесс: 52234
Родитель: 52213
Создан: 2026-04-26T09:03:18.670000
Последний замер: 2026-04-26T09:08:19.533998
Время жизни: 300.863998 сек
voluntary_ctxt_switches: 902
nonvoluntary_ctxt_switches: 10519
jiffies: 7099.0
avg_cpu_load: 23.6 %
avg_memory_mb: 119.0 MB

Среднее latency: 21.85
Средний runtime: 1.84
Всего задач: 163
Задач по типам: memory_intensive - 57; cpu_intensive - 106

Процесс: 52235
Родитель: 52213
Создан: 2026-04-26T09:03:18.700000
Последний замер: 2026-04-26T09:08:19.534206
Время жизни: 300.834206 сек
voluntary_ctxt_switches: 890
nonvoluntary_ctxt_switches: 10620
jiffies: 7110.0
avg_cpu_load: 23.7 %
avg_memory_mb: 116.7 MB

Среднее latency: 21.87
Средний runtime: 1.84
Всего задач: 163
Задач по типам: cpu_intensive - 106; memory_intensive - 57

Процесс: 52374
Родитель: 52213
Создан: 2026-04-26T09:05:13.660000
Последний замер: 2026-04-26T09:08:19.534415
Время жизни: 185.874415 сек
voluntary_ctxt_switches: 499
nonvoluntary_ctxt_switches: 7160
jiffies: 4767.0
avg_cpu_load: 25.6 %
avg_memory_mb: 118.7 MB

Среднее latency: 29.75
Средний runtime: 1.87
Всего задач: 99
Задач по типам: cpu_intensive - 69; memory_intensive - 30

Процесс: 52453
Родитель: 52213
Создан: 2026-04-26T09:06:25.120000
Последний замер: 2026-04-26T09:08:19.534915
Время жизни: 114.414915 сек
voluntary_ctxt_switches: 296
nonvoluntary_ctxt_switches: 4874
jiffies: 2978.0
avg_cpu_load: 25.9 %
avg_memory_mb: 117.8 MB

Среднее latency: 34.59
Средний runtime: 1.91
Всего задач: 60
Задач по типам: cpu_intensive - 43; memory_intensive - 17

Процесс: 52519
Родитель: 52213
Создан: 2026-04-26T09:07:08.590000
Последний замер: 2026-04-26T09:08:19.535126
Время жизни: 70.945126 сек
voluntary_ctxt_switches: 229
nonvoluntary_ctxt_switches: 2275
jiffies: 1593.0
avg_cpu_load: 22.4 %
avg_memory_mb: 107.4 MB

Среднее latency: 37.96
Средний runtime: 1.83
Всего задач: 39
Задач по типам: cpu_intensive - 24; memory_intensive - 15

Процесс: 52587
Родитель: 52213
Создан: 2026-04-26T09:08:03.720000
Последний замер: 2026-04-26T09:08:19.535335
Время жизни: 15.815335 сек
voluntary_ctxt_switches: 43
nonvoluntary_ctxt_switches: 692
jiffies: 351.0
avg_cpu_load: 22.8 %
avg_memory_mb: 107.1 MB

Среднее latency: 41.62
Средний runtime: 1.93
Всего задач: 8
Задач по типам: cpu_intensive - 5; memory_intensive - 3

