Процесс: 15423
УПРАВЛЯЮЩИЙ ПРОЦЕСС
Родитель: 13546
Создан: 2026-04-26T01:24:31.170000
Последний замер: 2026-04-26T01:29:33.677405
Время жизни: 302.507405 сек
voluntary_ctxt_switches: 1595
nonvoluntary_ctxt_switches: 72
jiffies: 112.0
avg_cpu_load: 0.3 %
avg_memory_mb: 42.7 MB


Процесс: 15431
Родитель: 15423
Создан: 2026-04-26T01:24:31.580000
Последний замер: 2026-04-26T01:25:12.851178
Время жизни: 41.271178 сек
voluntary_ctxt_switches: 19
nonvoluntary_ctxt_switches: 25
jiffies: 192.0
avg_cpu_load: 4.7 %
avg_memory_mb: 75.0 MB

Среднее latency: 1.72
Средний runtime: 1.64
Всего задач: 4
Задач по типам: cpu_intensive - 3; memory_intensive - 1

Процесс: 15432
Родитель: 15423
Создан: 2026-04-26T01:24:31.600000
Последний замер: 2026-04-26T01:25:12.851381
Время жизни: 41.251381 сек
voluntary_ctxt_switches: 19
nonvoluntary_ctxt_switches: 57
jiffies: 197.0
avg_cpu_load: 4.8 %
avg_memory_mb: 75.0 MB

Среднее latency: 1.75
Средний runtime: 1.66
Всего задач: 4
Задач по типам: cpu_intensive - 3; memory_intensive - 1

Процесс: 15441
Родитель: 15423
Создан: 2026-04-26T01:24:32.670000
Последний замер: 2026-04-26T01:25:43.215779
Время жизни: 70.545779 сек
voluntary_ctxt_switches: 35
nonvoluntary_ctxt_switches: 51
jiffies: 320.0
avg_cpu_load: 4.6 %
avg_memory_mb: 107.0 MB

Среднее latency: 1.69
Средний runtime: 1.64
Всего задач: 7
Задач по типам: cpu_intensive - 5; memory_intensive - 2

Процесс: 15442
Родитель: 15423
Создан: 2026-04-26T01:24:32.700000
Последний замер: 2026-04-26T01:25:43.215982
Время жизни: 70.515982 сек
voluntary_ctxt_switches: 46
nonvoluntary_ctxt_switches: 42
jiffies: 280.0
avg_cpu_load: 4.0 %
avg_memory_mb: 118.6 MB

Среднее latency: 1.71
Средний runtime: 1.66
Всего задач: 7
Задач по типам: memory_intensive - 3; cpu_intensive - 4

Процесс: 15452
Родитель: 15423
Создан: 2026-04-26T01:25:12.580000
Последний замер: 2026-04-26T01:26:12.538239
Время жизни: 59.958239 сек
voluntary_ctxt_switches: 24
nonvoluntary_ctxt_switches: 48
jiffies: 318.0
avg_cpu_load: 5.3 %
avg_memory_mb: 104.0 MB

Среднее latency: 1.66
Средний runtime: 1.64
Всего задач: 6
Задач по типам: cpu_intensive - 5; memory_intensive - 1

Процесс: 15453
Родитель: 15423
Создан: 2026-04-26T01:25:12.610000
Последний замер: 2026-04-26T01:26:12.538443
Время жизни: 59.928443 сек
voluntary_ctxt_switches: 33
nonvoluntary_ctxt_switches: 48
jiffies: 262.0
avg_cpu_load: 3.9 %
avg_memory_mb: 104.4 MB

Среднее latency: 1.67
Средний runtime: 1.65
Всего задач: 6
Задач по типам: cpu_intensive - 4; memory_intensive - 2

Процесс: 15517
Родитель: 15423
Создан: 2026-04-26T01:25:42.600000
Последний замер: 2026-04-26T01:26:42.916206
Время жизни: 60.316206 сек
voluntary_ctxt_switches: 33
nonvoluntary_ctxt_switches: 51
jiffies: 268.0
avg_cpu_load: 3.5 %
avg_memory_mb: 91.2 MB

Среднее latency: 1.67
Средний runtime: 1.66
Всего задач: 6
Задач по типам: cpu_intensive - 4; memory_intensive - 2

Процесс: 15518
Родитель: 15423
Создан: 2026-04-26T01:25:42.630000
Последний замер: 2026-04-26T01:26:42.916408
Время жизни: 60.286408 сек
voluntary_ctxt_switches: 43
nonvoluntary_ctxt_switches: 67
jiffies: 217.0
avg_cpu_load: 3.6 %
avg_memory_mb: 119.2 MB

Среднее latency: 1.71
Средний runtime: 1.69
Всего задач: 6
Задач по типам: memory_intensive - 3; cpu_intensive - 3

Процесс: 15523
Родитель: 15423
Создан: 2026-04-26T01:26:12.610000
Последний замер: 2026-04-26T01:27:13.290453
Время жизни: 60.680453 сек
voluntary_ctxt_switches: 24
nonvoluntary_ctxt_switches: 32
jiffies: 312.0
avg_cpu_load: 5.2 %
avg_memory_mb: 77.7 MB

Среднее latency: 1.65
Средний runtime: 1.63
Всего задач: 6
Задач по типам: cpu_intensive - 5; memory_intensive - 1

Процесс: 15524
Родитель: 15423
Создан: 2026-04-26T01:26:12.670000
Последний замер: 2026-04-26T01:27:13.290668
Время жизни: 60.620668 сек
voluntary_ctxt_switches: 43
nonvoluntary_ctxt_switches: 26
jiffies: 219.0
avg_cpu_load: 3.6 %
avg_memory_mb: 119.4 MB

Среднее latency: 1.7
Средний runtime: 1.67
Всего задач: 6
Задач по типам: memory_intensive - 3; cpu_intensive - 3

Процесс: 15588
Родитель: 15423
Создан: 2026-04-26T01:26:42.620000
Последний замер: 2026-04-26T01:27:42.613487
Время жизни: 59.993487 сек
voluntary_ctxt_switches: 33
nonvoluntary_ctxt_switches: 78
jiffies: 276.0
avg_cpu_load: 4.2 %
avg_memory_mb: 104.4 MB

Среднее latency: 1.7
Средний runtime: 1.68
Всего задач: 6
Задач по типам: cpu_intensive - 4; memory_intensive - 2

Процесс: 15589
Родитель: 15423
Создан: 2026-04-26T01:26:42.640000
Последний замер: 2026-04-26T01:27:42.613701
Время жизни: 59.973701 сек
voluntary_ctxt_switches: 32
nonvoluntary_ctxt_switches: 49
jiffies: 265.0
avg_cpu_load: 3.9 %
avg_memory_mb: 90.6 MB

Среднее latency: 1.67
Средний runtime: 1.65
Всего задач: 6
Задач по типам: cpu_intensive - 4; memory_intensive - 2

Процесс: 15594
Родитель: 15423
Создан: 2026-04-26T01:27:12.640000
Последний замер: 2026-04-26T01:28:12.987875
Время жизни: 60.347875 сек
voluntary_ctxt_switches: 25
nonvoluntary_ctxt_switches: 56
jiffies: 311.0
avg_cpu_load: 5.2 %
avg_memory_mb: 77.2 MB

Среднее latency: 1.66
Средний runtime: 1.63
Всего задач: 6
Задач по типам: cpu_intensive - 5; memory_intensive - 1

Процесс: 15595
Родитель: 15423
Создан: 2026-04-26T01:27:12.690000
Последний замер: 2026-04-26T01:28:12.988078
Время жизни: 60.298078 сек
voluntary_ctxt_switches: 43
nonvoluntary_ctxt_switches: 36
jiffies: 220.0
avg_cpu_load: 3.6 %
avg_memory_mb: 119.2 MB

Среднее latency: 1.7
Средний runtime: 1.68
Всего задач: 6
Задач по типам: memory_intensive - 3; cpu_intensive - 3

Процесс: 15659
Родитель: 15423
Создан: 2026-04-26T01:27:42.640000
Последний замер: 2026-04-26T01:28:43.358742
Время жизни: 60.718742 сек
voluntary_ctxt_switches: 33
nonvoluntary_ctxt_switches: 64
jiffies: 277.0
avg_cpu_load: 3.6 %
avg_memory_mb: 105.4 MB

Среднее latency: 1.7
Средний runtime: 1.68
Всего задач: 6
Задач по типам: cpu_intensive - 4; memory_intensive - 2

Процесс: 15660
Родитель: 15423
Создан: 2026-04-26T01:27:42.670000
Последний замер: 2026-04-26T01:28:43.358947
Время жизни: 60.688947 сек
voluntary_ctxt_switches: 33
nonvoluntary_ctxt_switches: 57
jiffies: 266.0
avg_cpu_load: 3.4 %
avg_memory_mb: 91.7 MB

Среднее latency: 1.68
Средний runtime: 1.66
Всего задач: 6
Задач по типам: cpu_intensive - 4; memory_intensive - 2

Процесс: 15667
Родитель: 15423
Создан: 2026-04-26T01:28:12.670000
Последний замер: 2026-04-26T01:29:12.684366
Время жизни: 60.014366 сек
voluntary_ctxt_switches: 23
nonvoluntary_ctxt_switches: 30
jiffies: 309.0
avg_cpu_load: 5.2 %
avg_memory_mb: 76.6 MB

Среднее latency: 1.65
Средний runtime: 1.62
Всего задач: 6
Задач по типам: cpu_intensive - 5; memory_intensive - 1

Процесс: 15668
Родитель: 15423
Создан: 2026-04-26T01:28:12.720000
Последний замер: 2026-04-26T01:29:12.684568
Время жизни: 59.964568 сек
voluntary_ctxt_switches: 44
nonvoluntary_ctxt_switches: 50
jiffies: 220.0
avg_cpu_load: 3.7 %
avg_memory_mb: 118.6 MB

Среднее latency: 1.7
Средний runtime: 1.68
Всего задач: 6
Задач по типам: memory_intensive - 3; cpu_intensive - 3

Процесс: 15732
Родитель: 15423
Создан: 2026-04-26T01:28:42.670000
Последний замер: 2026-04-26T01:29:33.677739
Время жизни: 51.007739 сек
voluntary_ctxt_switches: 31
nonvoluntary_ctxt_switches: 55
jiffies: 207.0
avg_cpu_load: 2.9 %
avg_memory_mb: 102.8 MB

Среднее latency: 1.69
Средний runtime: 1.67
Всего задач: 5
Задач по типам: cpu_intensive - 3; memory_intensive - 2

Процесс: 15733
Родитель: 15423
Создан: 2026-04-26T01:28:42.690000
Последний замер: 2026-04-26T01:29:33.677942
Время жизни: 50.987942 сек
voluntary_ctxt_switches: 21
nonvoluntary_ctxt_switches: 91
jiffies: 265.0
avg_cpu_load: 4.0 %
avg_memory_mb: 86.4 MB

Среднее latency: 1.7
Средний runtime: 1.68
Всего задач: 5
Задач по типам: cpu_intensive - 4; memory_intensive - 1

Процесс: 15739
Родитель: 15423
Создан: 2026-04-26T01:29:12.690000
Последний замер: 2026-04-26T01:29:33.678257
Время жизни: 20.988257 сек
voluntary_ctxt_switches: 6
nonvoluntary_ctxt_switches: 24
jiffies: 120.0
avg_cpu_load: 5.5 %
avg_memory_mb: 36.5 MB

Среднее latency: 1.65
Средний runtime: 1.6
Всего задач: 2
Задач по типам: cpu_intensive - 2

Процесс: 15740
Родитель: 15423
Создан: 2026-04-26T01:29:12.710000
Последний замер: 2026-04-26T01:29:33.678459
Время жизни: 20.968459 сек
voluntary_ctxt_switches: 24
nonvoluntary_ctxt_switches: 20
jiffies: 17.0
avg_cpu_load: 0.4 %
avg_memory_mb: 119.9 MB

Среднее latency: 1.77
Средний runtime: 1.72
Всего задач: 2
Задач по типам: memory_intensive - 2

