{
    "active_periods": [
        {
            "start": 1778806891.879442,
            "end": 1778807194.618515,
            "duration_sec": 302.7390730381012,
            "tasks_completed": 120,
            "throughput_tps": 0.3963809454648671
        }
    ],
    "history": [
        {
            "timestamp": 1778806891.879442,
            "messages": 0,
            "ack": 44129
        },
        {
            "timestamp": 1778806896.888085,
            "messages": 0,
            "ack": 44131
        },
        {
            "timestamp": 1778806901.893976,
            "messages": 0,
            "ack": 44132
        },
        {
            "timestamp": 1778806906.900647,
            "messages": 0,
            "ack": 44135
        },
        {
            "timestamp": 1778806911.906323,
            "messages": 0,
            "ack": 44135
        },
        {
            "timestamp": 1778806916.913074,
            "messages": 2,
            "ack": 44139
        },
        {
            "timestamp": 1778806921.919104,
            "messages": 0,
            "ack": 44139
        },
        {
            "timestamp": 1778806926.924623,
            "messages": 0,
            "ack": 44143
        },
        {
            "timestamp": 1778806931.930471,
            "messages": 0,
            "ack": 44144
        },
        {
            "timestamp": 1778806936.936152,
            "messages": 0,
            "ack": 44147
        },
        {
            "timestamp": 1778806941.94181,
            "messages": 0,
            "ack": 44149
        },
        {
            "timestamp": 1778806946.947974,
            "messages": 0,
            "ack": 44150
        },
        {
            "timestamp": 1778806951.95308,
            "messages": 0,
            "ack": 44153
        },
        {
            "timestamp": 1778806956.957962,
            "messages": 0,
            "ack": 44155
        },
        {
            "timestamp": 1778806961.963941,
            "messages": 0,
            "ack": 44156
        },
        {
            "timestamp": 1778806966.968999,
            "messages": 0,
            "ack": 44157
        },
        {
            "timestamp": 1778806971.974781,
            "messages": 0,
            "ack": 44161
        },
        {
            "timestamp": 1778806976.98084,
            "messages": 0,
            "ack": 44162
        },
        {
            "timestamp": 1778806981.987213,
            "messages": 0,
            "ack": 44163
        },
        {
            "timestamp": 1778806986.993728,
            "messages": 0,
            "ack": 44165
        },
        {
            "timestamp": 1778806991.999441,
            "messages": 0,
            "ack": 44167
        },
        {
            "timestamp": 1778806997.006162,
            "messages": 0,
            "ack": 44169
        },
        {
            "timestamp": 1778807002.01181,
            "messages": 0,
            "ack": 44171
        },
        {
            "timestamp": 1778807007.017454,
            "messages": 0,
            "ack": 44174
        },
        {
            "timestamp": 1778807012.023865,
            "messages": 0,
            "ack": 44175
        },
        {
            "timestamp": 1778807017.029146,
            "messages": 0,
            "ack": 44177
        },
        {
            "timestamp": 1778807022.034869,
            "messages": 0,
            "ack": 44180
        },
        {
            "timestamp": 1778807027.040172,
            "messages": 0,
            "ack": 44181
        },
        {
            "timestamp": 1778807032.045757,
            "messages": 0,
            "ack": 44183
        },
        {
            "timestamp": 1778807037.051115,
            "messages": 0,
            "ack": 44186
        },
        {
            "timestamp": 1778807042.056217,
            "messages": 0,
            "ack": 44187
        },
        {
            "timestamp": 1778807047.062027,
            "messages": 0,
            "ack": 44189
        },
        {
            "timestamp": 1778807052.067025,
            "messages": 0,
            "ack": 44192
        },
        {
            "timestamp": 1778807057.072358,
            "messages": 0,
            "ack": 44193
        },
        {
            "timestamp": 1778807062.078757,
            "messages": 0,
            "ack": 44195
        },
        {
            "timestamp": 1778807067.084094,
            "messages": 0,
            "ack": 44197
        },
        {
            "timestamp": 1778807072.091081,
            "messages": 0,
            "ack": 44199
        },
        {
            "timestamp": 1778807077.096743,
            "messages": 0,
            "ack": 44201
        },
        {
            "timestamp": 1778807082.103625,
            "messages": 0,
            "ack": 44203
        },
        {
            "timestamp": 1778807087.109055,
            "messages": 0,
            "ack": 44205
        },
        {
            "timestamp": 1778807092.116119,
            "messages": 0,
            "ack": 44207
        },
        {
            "timestamp": 1778807097.121667,
            "messages": 0,
            "ack": 44209
        },
        {
            "timestamp": 1778807102.128785,
            "messages": 0,
            "ack": 44211
        },
        {
            "timestamp": 1778807107.134797,
            "messages": 0,
            "ack": 44213
        },
        {
            "timestamp": 1778807112.140378,
            "messages": 0,
            "ack": 44215
        },
        {
            "timestamp": 1778807117.145543,
            "messages": 0,
            "ack": 44217
        },
        {
            "timestamp": 1778807122.151824,
            "messages": 0,
            "ack": 44219
        },
        {
            "timestamp": 1778807127.15747,
            "messages": 0,
            "ack": 44221
        },
        {
            "timestamp": 1778807132.162886,
            "messages": 0,
            "ack": 44223
        },
        {
            "timestamp": 1778807137.167584,
            "messages": 0,
            "ack": 44225
        },
        {
            "timestamp": 1778807142.17278,
            "messages": 0,
            "ack": 44227
        },
        {
            "timestamp": 1778807147.178623,
            "messages": 0,
            "ack": 44229
        },
        {
            "timestamp": 1778807152.184105,
            "messages": 0,
            "ack": 44231
        },
        {
            "timestamp": 1778807157.189114,
            "messages": 0,
            "ack": 44233
        },
        {
            "timestamp": 1778807162.194412,
            "messages": 0,
            "ack": 44235
        },
        {
            "timestamp": 1778807167.199646,
            "messages": 0,
            "ack": 44237
        },
        {
            "timestamp": 1778807172.205032,
            "messages": 0,
            "ack": 44239
        },
        {
            "timestamp": 1778807177.210859,
            "messages": 0,
            "ack": 44241
        },
        {
            "timestamp": 1778807182.215993,
            "messages": 0,
            "ack": 44243
        },
        {
            "timestamp": 1778807187.22231,
            "messages": 0,
            "ack": 44245
        },
        {
            "timestamp": 1778807192.228976,
            "messages": 0,
            "ack": 44247
        },
        {
            "timestamp": 1778807194.610314,
            "messages": 0,
            "ack": 44249
        }
    ]
}