{
    "active_periods": [
        {
            "start": 1777186015.350647,
            "end": 1777186318.00795,
            "duration_sec": 302.6573030948639,
            "tasks_completed": 60,
            "throughput_tps": 0.1982440185201604
        }
    ],
    "history": [
        {
            "timestamp": 1777186015.350647,
            "messages": 0,
            "ack": 51444
        },
        {
            "timestamp": 1777186020.357584,
            "messages": 2,
            "ack": 51444
        },
        {
            "timestamp": 1777186025.364239,
            "messages": 2,
            "ack": 51446
        },
        {
            "timestamp": 1777186030.370066,
            "messages": 0,
            "ack": 51446
        },
        {
            "timestamp": 1777186035.37511,
            "messages": 0,
            "ack": 51448
        },
        {
            "timestamp": 1777186040.381485,
            "messages": 0,
            "ack": 51448
        },
        {
            "timestamp": 1777186045.387051,
            "messages": 0,
            "ack": 51450
        },
        {
            "timestamp": 1777186050.392819,
            "messages": 0,
            "ack": 51450
        },
        {
            "timestamp": 1777186055.398187,
            "messages": 0,
            "ack": 51452
        },
        {
            "timestamp": 1777186060.404285,
            "messages": 0,
            "ack": 51452
        },
        {
            "timestamp": 1777186065.410554,
            "messages": 0,
            "ack": 51454
        },
        {
            "timestamp": 1777186070.416476,
            "messages": 0,
            "ack": 51454
        },
        {
            "timestamp": 1777186075.422175,
            "messages": 0,
            "ack": 51456
        },
        {
            "timestamp": 1777186080.428349,
            "messages": 0,
            "ack": 51456
        },
        {
            "timestamp": 1777186085.434407,
            "messages": 0,
            "ack": 51458
        },
        {
            "timestamp": 1777186090.440724,
            "messages": 0,
            "ack": 51458
        },
        {
            "timestamp": 1777186095.446767,
            "messages": 0,
            "ack": 51460
        },
        {
            "timestamp": 1777186100.451878,
            "messages": 0,
            "ack": 51460
        },
        {
            "timestamp": 1777186105.457004,
            "messages": 0,
            "ack": 51462
        },
        {
            "timestamp": 1777186110.463716,
            "messages": 0,
            "ack": 51462
        },
        {
            "timestamp": 1777186115.469062,
            "messages": 0,
            "ack": 51464
        },
        {
            "timestamp": 1777186120.474997,
            "messages": 0,
            "ack": 51464
        },
        {
            "timestamp": 1777186125.48169,
            "messages": 0,
            "ack": 51466
        },
        {
            "timestamp": 1777186130.487826,
            "messages": 0,
            "ack": 51466
        },
        {
            "timestamp": 1777186135.494288,
            "messages": 0,
            "ack": 51468
        },
        {
            "timestamp": 1777186140.49994,
            "messages": 0,
            "ack": 51468
        },
        {
            "timestamp": 1777186145.506434,
            "messages": 0,
            "ack": 51470
        },
        {
            "timestamp": 1777186150.512194,
            "messages": 0,
            "ack": 51470
        },
        {
            "timestamp": 1777186155.517297,
            "messages": 0,
            "ack": 51472
        },
        {
            "timestamp": 1777186160.522849,
            "messages": 0,
            "ack": 51472
        },
        {
            "timestamp": 1777186165.528138,
            "messages": 0,
            "ack": 51474
        },
        {
            "timestamp": 1777186170.533636,
            "messages": 0,
            "ack": 51474
        },
        {
            "timestamp": 1777186175.53993,
            "messages": 0,
            "ack": 51476
        },
        {
            "timestamp": 1777186180.545044,
            "messages": 0,
            "ack": 51476
        },
        {
            "timestamp": 1777186185.551168,
            "messages": 0,
            "ack": 51478
        },
        {
            "timestamp": 1777186190.556506,
            "messages": 0,
            "ack": 51478
        },
        {
            "timestamp": 1777186195.561546,
            "messages": 0,
            "ack": 51480
        },
        {
            "timestamp": 1777186200.567703,
            "messages": 0,
            "ack": 51480
        },
        {
            "timestamp": 1777186205.574113,
            "messages": 0,
            "ack": 51482
        },
        {
            "timestamp": 1777186210.579827,
            "messages": 0,
            "ack": 51482
        },
        {
            "timestamp": 1777186215.585938,
            "messages": 0,
            "ack": 51484
        },
        {
            "timestamp": 1777186220.593137,
            "messages": 0,
            "ack": 51484
        },
        {
            "timestamp": 1777186225.600491,
            "messages": 0,
            "ack": 51486
        },
        {
            "timestamp": 1777186230.608259,
            "messages": 0,
            "ack": 51486
        },
        {
            "timestamp": 1777186235.615133,
            "messages": 0,
            "ack": 51488
        },
        {
            "timestamp": 1777186240.621786,
            "messages": 0,
            "ack": 51488
        },
        {
            "timestamp": 1777186245.629119,
            "messages": 0,
            "ack": 51490
        },
        {
            "timestamp": 1777186250.635019,
            "messages": 0,
            "ack": 51490
        },
        {
            "timestamp": 1777186255.642097,
            "messages": 0,
            "ack": 51492
        },
        {
            "timestamp": 1777186260.648715,
            "messages": 0,
            "ack": 51492
        },
        {
            "timestamp": 1777186265.65597,
            "messages": 0,
            "ack": 51494
        },
        {
            "timestamp": 1777186270.66315,
            "messages": 0,
            "ack": 51494
        },
        {
            "timestamp": 1777186275.669295,
            "messages": 0,
            "ack": 51496
        },
        {
            "timestamp": 1777186280.675961,
            "messages": 0,
            "ack": 51496
        },
        {
            "timestamp": 1777186285.682104,
            "messages": 0,
            "ack": 51498
        },
        {
            "timestamp": 1777186290.688898,
            "messages": 0,
            "ack": 51498
        },
        {
            "timestamp": 1777186295.696131,
            "messages": 0,
            "ack": 51500
        },
        {
            "timestamp": 1777186300.702633,
            "messages": 0,
            "ack": 51500
        },
        {
            "timestamp": 1777186305.70837,
            "messages": 0,
            "ack": 51502
        },
        {
            "timestamp": 1777186310.714205,
            "messages": 0,
            "ack": 51502
        },
        {
            "timestamp": 1777186315.720341,
            "messages": 0,
            "ack": 51504
        },
        {
            "timestamp": 1777186317.995441,
            "messages": 0,
            "ack": 51504
        }
    ]
}