{
    "293212": {
        "ppid": "254983",
        "name": "celery",
        "cmdline": "/home/experimenter/projects/celery-autoscale/.venv/bin/python3 /home/experimenter/projects/celery-autoscale/.venv/bin/celery -A celery_app worker --loglevel=INFO --concurrency=4 --pool=eventlet",
        "create_time": "2026-05-14T21:18:32.720000",
        "last_update": "2026-05-14T21:23:34.519893",
        "voluntary_ctxt_switches": 2320,
        "nonvoluntary_ctxt_switches": 832,
        "jiffies": 11816,
        "stats": [
            {
                "memory_mb": 52.359375,
                "cpu_percent": 0.0,
                "timestamp": 1778782713.7943475
            },
            {
                "memory_mb": 52.85546875,
                "cpu_percent": 29.5,
                "timestamp": 1778782714.8434608
            },
            {
                "memory_mb": 117.46875,
                "cpu_percent": 40.8,
                "timestamp": 1778782715.8963583
            },
            {
                "memory_mb": 145.1328125,
                "cpu_percent": 73.4,
                "timestamp": 1778782716.9451425
            },
            {
                "memory_mb": 145.1328125,
                "cpu_percent": 60.9,
                "timestamp": 1778782717.9960852
            },
            {
                "memory_mb": 135.4296875,
                "cpu_percent": 3.8,
                "timestamp": 1778782719.0480816
            },
            {
                "memory_mb": 135.44140625,
                "cpu_percent": 82.0,
                "timestamp": 1778782720.09694
            },
            {
                "memory_mb": 135.44140625,
                "cpu_percent": 48.5,
                "timestamp": 1778782721.1488316
            },
            {
                "memory_mb": 144.98046875,
                "cpu_percent": 62.1,
                "timestamp": 1778782722.1959062
            },
            {
                "memory_mb": 113.375,
                "cpu_percent": 16.2,
                "timestamp": 1778782723.2485213
            },
            {
                "memory_mb": 113.38671875,
                "cpu_percent": 5.7,
                "timestamp": 1778782724.2958434
            },
            {
                "memory_mb": 126.3359375,
                "cpu_percent": 72.5,
                "timestamp": 1778782725.3434508
            },
            {
                "memory_mb": 210.20703125,
                "cpu_percent": 64.6,
                "timestamp": 1778782726.395412
            },
            {
                "memory_mb": 208.515625,
                "cpu_percent": 9.5,
                "timestamp": 1778782727.4476755
            },
            {
                "memory_mb": 208.515625,
                "cpu_percent": 0.0,
                "timestamp": 1778782728.4997568
            },
            {
                "memory_mb": 208.51953125,
                "cpu_percent": 29.6,
                "timestamp": 1778782729.5483062
            },
            {
                "memory_mb": 208.53125,
                "cpu_percent": 36.1,
                "timestamp": 1778782730.6003997
            },
            {
                "memory_mb": 208.5234375,
                "cpu_percent": 73.5,
                "timestamp": 1778782731.6484964
            },
            {
                "memory_mb": 208.51953125,
                "cpu_percent": 67.5,
                "timestamp": 1778782732.7008317
            },
            {
                "memory_mb": 98.625,
                "cpu_percent": 3.8,
                "timestamp": 1778782733.755861
            },
            {
                "memory_mb": 98.62890625,
                "cpu_percent": 53.4,
                "timestamp": 1778782734.803933
            },
            {
                "memory_mb": 98.640625,
                "cpu_percent": 77.9,
                "timestamp": 1778782735.8559928
            },
            {
                "memory_mb": 144.9765625,
                "cpu_percent": 34.3,
                "timestamp": 1778782736.904438
            },
            {
                "memory_mb": 135.26953125,
                "cpu_percent": 41.8,
                "timestamp": 1778782737.9564724
            },
            {
                "memory_mb": 135.26953125,
                "cpu_percent": 0.0,
                "timestamp": 1778782739.0087693
            },
            {
                "memory_mb": 135.2890625,
                "cpu_percent": 68.5,
                "timestamp": 1778782740.0596902
            },
            {
                "memory_mb": 153.87890625,
                "cpu_percent": 67.7,
                "timestamp": 1778782741.1084573
            },
            {
                "memory_mb": 236.421875,
                "cpu_percent": 9.5,
                "timestamp": 1778782742.1607735
            },
            {
                "memory_mb": 208.515625,
                "cpu_percent": 5.7,
                "timestamp": 1778782743.2126167
            },
            {
                "memory_mb": 208.51953125,
                "cpu_percent": 2.8,
                "timestamp": 1778782744.2674463
            },
            {
                "memory_mb": 208.53125,
                "cpu_percent": 65.6,
                "timestamp": 1778782745.319786
            },
            {
                "memory_mb": 208.52734375,
                "cpu_percent": 42.9,
                "timestamp": 1778782746.3678975
            },
            {
                "memory_mb": 208.51953125,
                "cpu_percent": 99.2,
                "timestamp": 1778782747.416703
            },
            {
                "memory_mb": 193.90625,
                "cpu_percent": 3.8,
                "timestamp": 1778782748.4673696
            },
            {
                "memory_mb": 193.91015625,
                "cpu_percent": 23.9,
                "timestamp": 1778782749.5149124
            },
            {
                "memory_mb": 193.91796875,
                "cpu_percent": 100.2,
                "timestamp": 1778782750.5624642
            },
            {
                "memory_mb": 193.9140625,
                "cpu_percent": 9.5,
                "timestamp": 1778782751.6144736
            },
            {
                "memory_mb": 172.3515625,
                "cpu_percent": 66.6,
                "timestamp": 1778782752.6659682
            },
            {
                "memory_mb": 172.3515625,
                "cpu_percent": 0.0,
                "timestamp": 1778782753.7181163
            },
            {
                "memory_mb": 172.36328125,
                "cpu_percent": 48.7,
                "timestamp": 1778782754.7658155
            },
            {
                "memory_mb": 172.3671875,
                "cpu_percent": 72.5,
                "timestamp": 1778782755.813605
            },
            {
                "memory_mb": 236.42578125,
                "cpu_percent": 22.8,
                "timestamp": 1778782756.865984
            },
            {
                "memory_mb": 208.51953125,
                "cpu_percent": 6.6,
                "timestamp": 1778782757.9188612
            },
            {
                "memory_mb": 208.51953125,
                "cpu_percent": 0.0,
                "timestamp": 1778782758.9711814
            },
            {
                "memory_mb": 208.53515625,
                "cpu_percent": 63.7,
                "timestamp": 1778782760.0230036
            },
            {
                "memory_mb": 208.53125,
                "cpu_percent": 17.2,
                "timestamp": 1778782761.0706904
            },
            {
                "memory_mb": 208.53125,
                "cpu_percent": 100.2,
                "timestamp": 1778782762.1183765
            },
            {
                "memory_mb": 200.19921875,
                "cpu_percent": 26.6,
                "timestamp": 1778782763.1711833
            },
            {
                "memory_mb": 193.9140625,
                "cpu_percent": 0.0,
                "timestamp": 1778782764.2245235
            },
            {
                "memory_mb": 193.92578125,
                "cpu_percent": 95.4,
                "timestamp": 1778782765.27265
            },
            {
                "memory_mb": 193.92578125,
                "cpu_percent": 36.1,
                "timestamp": 1778782766.3250494
            },
            {
                "memory_mb": 193.9140625,
                "cpu_percent": 69.7,
                "timestamp": 1778782767.3725607
            },
            {
                "memory_mb": 193.9140625,
                "cpu_percent": 1.0,
                "timestamp": 1778782768.42489
            },
            {
                "memory_mb": 193.92578125,
                "cpu_percent": 18.1,
                "timestamp": 1778782769.472814
            },
            {
                "memory_mb": 193.9296875,
                "cpu_percent": 72.5,
                "timestamp": 1778782770.520604
            },
            {
                "memory_mb": 236.43359375,
                "cpu_percent": 51.4,
                "timestamp": 1778782771.5703268
            },
            {
                "memory_mb": 208.52734375,
                "cpu_percent": 5.7,
                "timestamp": 1778782772.622207
            },
            {
                "memory_mb": 208.52734375,
                "cpu_percent": 0.0,
                "timestamp": 1778782773.674541
            },
            {
                "memory_mb": 208.53125,
                "cpu_percent": 43.0,
                "timestamp": 1778782774.7221062
            },
            {
                "memory_mb": 208.54296875,
                "cpu_percent": 23.8,
                "timestamp": 1778782775.7747164
            },
            {
                "memory_mb": 208.54296875,
                "cpu_percent": 85.0,
                "timestamp": 1778782776.8221698
            },
            {
                "memory_mb": 208.5390625,
                "cpu_percent": 54.2,
                "timestamp": 1778782777.8745718
            },
            {
                "memory_mb": 193.921875,
                "cpu_percent": 2.9,
                "timestamp": 1778782778.9265707
            },
            {
                "memory_mb": 193.92578125,
                "cpu_percent": 65.9,
                "timestamp": 1778782779.9740815
            },
            {
                "memory_mb": 193.93359375,
                "cpu_percent": 67.5,
                "timestamp": 1778782781.0264285
            },
            {
                "memory_mb": 193.9296875,
                "cpu_percent": 41.0,
                "timestamp": 1778782782.073964
            },
            {
                "memory_mb": 193.921875,
                "cpu_percent": 33.3,
                "timestamp": 1778782783.125986
            },
            {
                "memory_mb": 193.921875,
                "cpu_percent": 0.0,
                "timestamp": 1778782784.178235
            },
            {
                "memory_mb": 193.9375,
                "cpu_percent": 67.5,
                "timestamp": 1778782785.2306302
            },
            {
                "memory_mb": 193.9296875,
                "cpu_percent": 67.4,
                "timestamp": 1778782786.2835865
            },
            {
                "memory_mb": 236.4375,
                "cpu_percent": 8.6,
                "timestamp": 1778782787.3333104
            },
            {
                "memory_mb": 208.53515625,
                "cpu_percent": 3.8,
                "timestamp": 1778782788.3857274
            },
            {
                "memory_mb": 208.5390625,
                "cpu_percent": 14.3,
                "timestamp": 1778782789.4331915
            },
            {
                "memory_mb": 208.55078125,
                "cpu_percent": 50.4,
                "timestamp": 1778782790.4853938
            },
            {
                "memory_mb": 208.546875,
                "cpu_percent": 58.2,
                "timestamp": 1778782791.53329
            },
            {
                "memory_mb": 208.54296875,
                "cpu_percent": 75.1,
                "timestamp": 1778782792.5856502
            },
            {
                "memory_mb": 193.9609375,
                "cpu_percent": 2.9,
                "timestamp": 1778782793.6382525
            },
            {
                "memory_mb": 193.96484375,
                "cpu_percent": 38.2,
                "timestamp": 1778782794.6867466
            },
            {
                "memory_mb": 193.9765625,
                "cpu_percent": 92.2,
                "timestamp": 1778782795.7390165
            },
            {
                "memory_mb": 193.96875,
                "cpu_percent": 16.2,
                "timestamp": 1778782796.7871082
            },
            {
                "memory_mb": 193.9609375,
                "cpu_percent": 56.1,
                "timestamp": 1778782797.8394184
            },
            {
                "memory_mb": 193.9609375,
                "cpu_percent": 0.0,
                "timestamp": 1778782798.8919904
            },
            {
                "memory_mb": 193.97265625,
                "cpu_percent": 61.1,
                "timestamp": 1778782799.9398072
            },
            {
                "memory_mb": 193.9765625,
                "cpu_percent": 72.5,
                "timestamp": 1778782800.9876466
            },
            {
                "memory_mb": 236.44140625,
                "cpu_percent": 9.5,
                "timestamp": 1778782802.0403142
            },
            {
                "memory_mb": 208.5390625,
                "cpu_percent": 5.7,
                "timestamp": 1778782803.0925305
            },
            {
                "memory_mb": 208.5390625,
                "cpu_percent": 0.0,
                "timestamp": 1778782804.1457715
            },
            {
                "memory_mb": 208.5546875,
                "cpu_percent": 64.6,
                "timestamp": 1778782805.1981275
            },
            {
                "memory_mb": 208.55078125,
                "cpu_percent": 29.6,
                "timestamp": 1778782806.2458336
            },
            {
                "memory_mb": 208.546875,
                "cpu_percent": 100.2,
                "timestamp": 1778782807.293741
            },
            {
                "memory_mb": 200.21875,
                "cpu_percent": 12.4,
                "timestamp": 1778782808.346185
            },
            {
                "memory_mb": 193.9296875,
                "cpu_percent": 8.6,
                "timestamp": 1778782809.3934705
            },
            {
                "memory_mb": 193.9375,
                "cpu_percent": 100.2,
                "timestamp": 1778782810.4413302
            },
            {
                "memory_mb": 193.9375,
                "cpu_percent": 24.7,
                "timestamp": 1778782811.4940665
            },
            {
                "memory_mb": 193.92578125,
                "cpu_percent": 68.4,
                "timestamp": 1778782812.546186
            },
            {
                "memory_mb": 193.92578125,
                "cpu_percent": 0.0,
                "timestamp": 1778782813.598472
            },
            {
                "memory_mb": 193.9375,
                "cpu_percent": 32.5,
                "timestamp": 1778782814.6460948
            },
            {
                "memory_mb": 193.94140625,
                "cpu_percent": 72.5,
                "timestamp": 1778782815.6941586
            },
            {
                "memory_mb": 236.44921875,
                "cpu_percent": 38.0,
                "timestamp": 1778782816.746375
            },
            {
                "memory_mb": 208.54296875,
                "cpu_percent": 5.7,
                "timestamp": 1778782817.7985668
            },
            {
                "memory_mb": 208.54296875,
                "cpu_percent": 0.0,
                "timestamp": 1778782818.8529873
            },
            {
                "memory_mb": 208.546875,
                "cpu_percent": 56.3,
                "timestamp": 1778782819.9011493
            },
            {
                "memory_mb": 208.55859375,
                "cpu_percent": 12.4,
                "timestamp": 1778782820.9535751
            },
            {
                "memory_mb": 208.55078125,
                "cpu_percent": 97.4,
                "timestamp": 1778782822.0012527
            },
            {
                "memory_mb": 193.9609375,
                "cpu_percent": 41.0,
                "timestamp": 1778782823.050557
            },
            {
                "memory_mb": 193.9609375,
                "cpu_percent": 0.0,
                "timestamp": 1778782824.1035812
            },
            {
                "memory_mb": 193.97265625,
                "cpu_percent": 78.3,
                "timestamp": 1778782825.1513681
            },
            {
                "memory_mb": 193.97265625,
                "cpu_percent": 52.3,
                "timestamp": 1778782826.2039552
            },
            {
                "memory_mb": 193.96875,
                "cpu_percent": 57.3,
                "timestamp": 1778782827.251779
            },
            {
                "memory_mb": 193.9609375,
                "cpu_percent": 12.4,
                "timestamp": 1778782828.3038344
            },
            {
                "memory_mb": 193.97265625,
                "cpu_percent": 3.8,
                "timestamp": 1778782829.3591259
            },
            {
                "memory_mb": 193.9765625,
                "cpu_percent": 72.5,
                "timestamp": 1778782830.4070892
            },
            {
                "memory_mb": 208.3515625,
                "cpu_percent": 62.7,
                "timestamp": 1778782831.459423
            },
            {
                "memory_mb": 208.546875,
                "cpu_percent": 9.5,
                "timestamp": 1778782832.5116172
            },
            {
                "memory_mb": 208.546875,
                "cpu_percent": 0.0,
                "timestamp": 1778782833.563675
            },
            {
                "memory_mb": 208.55078125,
                "cpu_percent": 27.7,
                "timestamp": 1778782834.6113877
            },
            {
                "memory_mb": 208.5625,
                "cpu_percent": 39.0,
                "timestamp": 1778782835.6635935
            },
            {
                "memory_mb": 208.55859375,
                "cpu_percent": 70.6,
                "timestamp": 1778782836.7118685
            },
            {
                "memory_mb": 208.5546875,
                "cpu_percent": 65.6,
                "timestamp": 1778782837.7642236
            },
            {
                "memory_mb": 193.96875,
                "cpu_percent": 3.8,
                "timestamp": 1778782838.8166392
            },
            {
                "memory_mb": 193.97265625,
                "cpu_percent": 49.6,
                "timestamp": 1778782839.8648224
            },
            {
                "memory_mb": 193.984375,
                "cpu_percent": 79.8,
                "timestamp": 1778782840.9168339
            },
            {
                "memory_mb": 193.9765625,
                "cpu_percent": 29.6,
                "timestamp": 1778782841.9647753
            },
            {
                "memory_mb": 193.96875,
                "cpu_percent": 42.8,
                "timestamp": 1778782843.0169313
            },
            {
                "memory_mb": 193.96875,
                "cpu_percent": 0.0,
                "timestamp": 1778782844.0683296
            },
            {
                "memory_mb": 193.984375,
                "cpu_percent": 66.5,
                "timestamp": 1778782845.1206267
            },
            {
                "memory_mb": 193.9765625,
                "cpu_percent": 68.4,
                "timestamp": 1778782846.1734672
            },
            {
                "memory_mb": 236.4609375,
                "cpu_percent": 6.7,
                "timestamp": 1778782847.225915
            },
            {
                "memory_mb": 208.5546875,
                "cpu_percent": 5.7,
                "timestamp": 1778782848.2779918
            },
            {
                "memory_mb": 208.5546875,
                "cpu_percent": 1.0,
                "timestamp": 1778782849.330373
            },
            {
                "memory_mb": 208.5703125,
                "cpu_percent": 64.6,
                "timestamp": 1778782850.3826387
            },
            {
                "memory_mb": 208.5703125,
                "cpu_percent": 43.9,
                "timestamp": 1778782851.4304273
            },
            {
                "memory_mb": 208.56640625,
                "cpu_percent": 96.4,
                "timestamp": 1778782852.478389
            },
            {
                "memory_mb": 193.9765625,
                "cpu_percent": 2.9,
                "timestamp": 1778782853.5308473
            },
            {
                "memory_mb": 193.98046875,
                "cpu_percent": 21.9,
                "timestamp": 1778782854.579002
            },
            {
                "memory_mb": 193.98828125,
                "cpu_percent": 100.2,
                "timestamp": 1778782855.626636
            },
            {
                "memory_mb": 193.98828125,
                "cpu_percent": 10.5,
                "timestamp": 1778782856.6791446
            },
            {
                "memory_mb": 193.9765625,
                "cpu_percent": 68.4,
                "timestamp": 1778782857.7316651
            },
            {
                "memory_mb": 193.9765625,
                "cpu_percent": 0.0,
                "timestamp": 1778782858.7838988
            },
            {
                "memory_mb": 193.98828125,
                "cpu_percent": 45.8,
                "timestamp": 1778782859.8313842
            },
            {
                "memory_mb": 193.9921875,
                "cpu_percent": 71.6,
                "timestamp": 1778782860.87943
            },
            {
                "memory_mb": 236.46875,
                "cpu_percent": 22.8,
                "timestamp": 1778782861.931615
            },
            {
                "memory_mb": 208.5625,
                "cpu_percent": 5.7,
                "timestamp": 1778782862.9839833
            },
            {
                "memory_mb": 208.5625,
                "cpu_percent": 0.0,
                "timestamp": 1778782864.0360901
            },
            {
                "memory_mb": 208.578125,
                "cpu_percent": 63.7,
                "timestamp": 1778782865.0883415
            },
            {
                "memory_mb": 208.57421875,
                "cpu_percent": 16.2,
                "timestamp": 1778782866.1362393
            },
            {
                "memory_mb": 208.5703125,
                "cpu_percent": 99.2,
                "timestamp": 1778782867.1842203
            },
            {
                "memory_mb": 193.9765625,
                "cpu_percent": 26.6,
                "timestamp": 1778782868.2366822
            },
            {
                "memory_mb": 193.9765625,
                "cpu_percent": 0.0,
                "timestamp": 1778782869.288705
            },
            {
                "memory_mb": 193.98828125,
                "cpu_percent": 92.5,
                "timestamp": 1778782870.337005
            },
            {
                "memory_mb": 193.98828125,
                "cpu_percent": 40.9,
                "timestamp": 1778782871.3894138
            },
            {
                "memory_mb": 193.984375,
                "cpu_percent": 67.8,
                "timestamp": 1778782872.4370766
            },
            {
                "memory_mb": 193.9765625,
                "cpu_percent": 4.8,
                "timestamp": 1778782873.489393
            },
            {
                "memory_mb": 193.98828125,
                "cpu_percent": 16.2,
                "timestamp": 1778782874.538264
            },
            {
                "memory_mb": 193.9921875,
                "cpu_percent": 72.5,
                "timestamp": 1778782875.5859919
            },
            {
                "memory_mb": 236.46875,
                "cpu_percent": 50.6,
                "timestamp": 1778782876.6340501
            },
            {
                "memory_mb": 208.5625,
                "cpu_percent": 6.7,
                "timestamp": 1778782877.6864536
            },
            {
                "memory_mb": 208.5625,
                "cpu_percent": 0.0,
                "timestamp": 1778782878.7385604
            },
            {
                "memory_mb": 208.56640625,
                "cpu_percent": 40.1,
                "timestamp": 1778782879.785868
            },
            {
                "memory_mb": 208.578125,
                "cpu_percent": 26.6,
                "timestamp": 1778782880.838206
            },
            {
                "memory_mb": 208.5703125,
                "cpu_percent": 83.0,
                "timestamp": 1778782881.8859985
            },
            {
                "memory_mb": 208.5703125,
                "cpu_percent": 58.0,
                "timestamp": 1778782882.9385457
            },
            {
                "memory_mb": 193.98046875,
                "cpu_percent": 2.9,
                "timestamp": 1778782883.9905763
            },
            {
                "memory_mb": 193.9921875,
                "cpu_percent": 63.0,
                "timestamp": 1778782885.0389636
            },
            {
                "memory_mb": 193.99609375,
                "cpu_percent": 66.6,
                "timestamp": 1778782886.0894618
            },
            {
                "memory_mb": 193.9921875,
                "cpu_percent": 42.0,
                "timestamp": 1778782887.1374698
            },
            {
                "memory_mb": 193.984375,
                "cpu_percent": 28.5,
                "timestamp": 1778782888.1895716
            },
            {
                "memory_mb": 193.984375,
                "cpu_percent": 0.0,
                "timestamp": 1778782889.24132
            },
            {
                "memory_mb": 194.0,
                "cpu_percent": 69.3,
                "timestamp": 1778782890.2941036
            },
            {
                "memory_mb": 193.9921875,
                "cpu_percent": 69.4,
                "timestamp": 1778782891.3463745
            },
            {
                "memory_mb": 208.57421875,
                "cpu_percent": 10.5,
                "timestamp": 1778782892.395425
            },
            {
                "memory_mb": 208.5703125,
                "cpu_percent": 0.0,
                "timestamp": 1778782893.4478292
            },
            {
                "memory_mb": 208.57421875,
                "cpu_percent": 12.4,
                "timestamp": 1778782894.4960349
            },
            {
                "memory_mb": 208.5859375,
                "cpu_percent": 53.2,
                "timestamp": 1778782895.5485177
            },
            {
                "memory_mb": 208.5859375,
                "cpu_percent": 55.4,
                "timestamp": 1778782896.5962112
            },
            {
                "memory_mb": 208.578125,
                "cpu_percent": 84.6,
                "timestamp": 1778782897.6480603
            },
            {
                "memory_mb": 193.98828125,
                "cpu_percent": 2.9,
                "timestamp": 1778782898.7004142
            },
            {
                "memory_mb": 193.9921875,
                "cpu_percent": 35.3,
                "timestamp": 1778782899.7477229
            },
            {
                "memory_mb": 194.00390625,
                "cpu_percent": 94.4,
                "timestamp": 1778782900.7966561
            },
            {
                "memory_mb": 193.99609375,
                "cpu_percent": 14.3,
                "timestamp": 1778782901.8445914
            },
            {
                "memory_mb": 193.98828125,
                "cpu_percent": 58.9,
                "timestamp": 1778782902.8973517
            },
            {
                "memory_mb": 193.98828125,
                "cpu_percent": 0.0,
                "timestamp": 1778782903.9518695
            },
            {
                "memory_mb": 194.0,
                "cpu_percent": 58.2,
                "timestamp": 1778782905.0003657
            },
            {
                "memory_mb": 194.00390625,
                "cpu_percent": 72.5,
                "timestamp": 1778782906.0483108
            },
            {
                "memory_mb": 236.484375,
                "cpu_percent": 16.2,
                "timestamp": 1778782907.1007476
            },
            {
                "memory_mb": 208.578125,
                "cpu_percent": 5.7,
                "timestamp": 1778782908.153069
            },
            {
                "memory_mb": 208.578125,
                "cpu_percent": 1.0,
                "timestamp": 1778782909.2053812
            },
            {
                "memory_mb": 208.59375,
                "cpu_percent": 63.6,
                "timestamp": 1778782910.2590988
            },
            {
                "memory_mb": 208.58984375,
                "cpu_percent": 27.7,
                "timestamp": 1778782911.3073473
            },
            {
                "memory_mb": 208.5859375,
                "cpu_percent": 100.2,
                "timestamp": 1778782912.3552427
            },
            {
                "memory_mb": 200.2578125,
                "cpu_percent": 13.3,
                "timestamp": 1778782913.4076185
            },
            {
                "memory_mb": 193.95703125,
                "cpu_percent": 5.7,
                "timestamp": 1778782914.456362
            },
            {
                "memory_mb": 193.96484375,
                "cpu_percent": 100.2,
                "timestamp": 1778782915.5041358
            },
            {
                "memory_mb": 193.96484375,
                "cpu_percent": 27.6,
                "timestamp": 1778782916.5564587
            },
            {
                "memory_mb": 193.953125,
                "cpu_percent": 71.3,
                "timestamp": 1778782917.6087203
            },
            {
                "memory_mb": 193.953125,
                "cpu_percent": 0.0,
                "timestamp": 1778782918.6609654
            },
            {
                "memory_mb": 193.96484375,
                "cpu_percent": 29.6,
                "timestamp": 1778782919.7090986
            },
            {
                "memory_mb": 193.96875,
                "cpu_percent": 72.5,
                "timestamp": 1778782920.756897
            },
            {
                "memory_mb": 236.484375,
                "cpu_percent": 44.7,
                "timestamp": 1778782921.8089027
            },
            {
                "memory_mb": 208.578125,
                "cpu_percent": 5.7,
                "timestamp": 1778782922.8611257
            },
            {
                "memory_mb": 208.578125,
                "cpu_percent": 0.0,
                "timestamp": 1778782923.913482
            },
            {
                "memory_mb": 208.58203125,
                "cpu_percent": 54.4,
                "timestamp": 1778782924.9608862
            },
            {
                "memory_mb": 208.59375,
                "cpu_percent": 13.3,
                "timestamp": 1778782926.0129123
            },
            {
                "memory_mb": 208.58984375,
                "cpu_percent": 96.1,
                "timestamp": 1778782927.0635793
            },
            {
                "memory_mb": 208.5859375,
                "cpu_percent": 42.7,
                "timestamp": 1778782928.1165345
            },
            {
                "memory_mb": 208.58203125,
                "cpu_percent": 1.9,
                "timestamp": 1778782929.168379
            },
            {
                "memory_mb": 208.59375,
                "cpu_percent": 76.3,
                "timestamp": 1778782930.216684
            },
            {
                "memory_mb": 208.59375,
                "cpu_percent": 53.2,
                "timestamp": 1778782931.2687676
            },
            {
                "memory_mb": 208.58984375,
                "cpu_percent": 56.3,
                "timestamp": 1778782932.316712
            },
            {
                "memory_mb": 208.58203125,
                "cpu_percent": 14.3,
                "timestamp": 1778782933.368832
            },
            {
                "memory_mb": 208.59375,
                "cpu_percent": 1.9,
                "timestamp": 1778782934.424385
            },
            {
                "memory_mb": 208.59765625,
                "cpu_percent": 72.4,
                "timestamp": 1778782935.4748268
            },
            {
                "memory_mb": 208.58984375,
                "cpu_percent": 65.6,
                "timestamp": 1778782936.5269375
            },
            {
                "memory_mb": 208.59375,
                "cpu_percent": 9.5,
                "timestamp": 1778782937.5781784
            },
            {
                "memory_mb": 208.59375,
                "cpu_percent": 0.0,
                "timestamp": 1778782938.63028
            },
            {
                "memory_mb": 208.59765625,
                "cpu_percent": 25.8,
                "timestamp": 1778782939.6781669
            },
            {
                "memory_mb": 208.609375,
                "cpu_percent": 41.0,
                "timestamp": 1778782940.7260437
            },
            {
                "memory_mb": 208.6015625,
                "cpu_percent": 67.7,
                "timestamp": 1778782941.7742076
            },
            {
                "memory_mb": 208.59765625,
                "cpu_percent": 66.5,
                "timestamp": 1778782942.826571
            },
            {
                "memory_mb": 208.59375,
                "cpu_percent": 2.9,
                "timestamp": 1778782943.878857
            },
            {
                "memory_mb": 208.59765625,
                "cpu_percent": 47.7,
                "timestamp": 1778782944.926222
            },
            {
                "memory_mb": 208.609375,
                "cpu_percent": 81.7,
                "timestamp": 1778782945.9788728
            },
            {
                "memory_mb": 208.6015625,
                "cpu_percent": 26.7,
                "timestamp": 1778782947.0262744
            },
            {
                "memory_mb": 208.59375,
                "cpu_percent": 45.6,
                "timestamp": 1778782948.0786612
            },
            {
                "memory_mb": 208.59375,
                "cpu_percent": 0.0,
                "timestamp": 1778782949.1309614
            },
            {
                "memory_mb": 208.609375,
                "cpu_percent": 66.8,
                "timestamp": 1778782950.1783981
            },
            {
                "memory_mb": 208.6015625,
                "cpu_percent": 72.6,
                "timestamp": 1778782951.225822
            },
            {
                "memory_mb": 236.5,
                "cpu_percent": 6.7,
                "timestamp": 1778782952.277986
            },
            {
                "memory_mb": 208.59375,
                "cpu_percent": 5.7,
                "timestamp": 1778782953.3301015
            },
            {
                "memory_mb": 208.59375,
                "cpu_percent": 0.9,
                "timestamp": 1778782954.383074
            },
            {
                "memory_mb": 208.609375,
                "cpu_percent": 64.6,
                "timestamp": 1778782955.4355102
            },
            {
                "memory_mb": 208.609375,
                "cpu_percent": 41.0,
                "timestamp": 1778782956.4833405
            },
            {
                "memory_mb": 208.6015625,
                "cpu_percent": 97.4,
                "timestamp": 1778782957.5310116
            },
            {
                "memory_mb": 208.59765625,
                "cpu_percent": 2.9,
                "timestamp": 1778782958.5828314
            },
            {
                "memory_mb": 208.6015625,
                "cpu_percent": 19.1,
                "timestamp": 1778782959.6310313
            },
            {
                "memory_mb": 208.609375,
                "cpu_percent": 100.2,
                "timestamp": 1778782960.6788568
            },
            {
                "memory_mb": 208.609375,
                "cpu_percent": 14.3,
                "timestamp": 1778782961.7313008
            },
            {
                "memory_mb": 208.59765625,
                "cpu_percent": 73.2,
                "timestamp": 1778782962.7832701
            },
            {
                "memory_mb": 208.59765625,
                "cpu_percent": 0.0,
                "timestamp": 1778782963.8354974
            },
            {
                "memory_mb": 208.609375,
                "cpu_percent": 42.0,
                "timestamp": 1778782964.8838234
            },
            {
                "memory_mb": 208.61328125,
                "cpu_percent": 73.5,
                "timestamp": 1778782965.9314792
            },
            {
                "memory_mb": 236.5,
                "cpu_percent": 29.5,
                "timestamp": 1778782966.9837804
            },
            {
                "memory_mb": 208.59375,
                "cpu_percent": 6.7,
                "timestamp": 1778782968.0359282
            },
            {
                "memory_mb": 208.59375,
                "cpu_percent": 0.0,
                "timestamp": 1778782969.0879052
            },
            {
                "memory_mb": 208.609375,
                "cpu_percent": 63.0,
                "timestamp": 1778782970.1358764
            },
            {
                "memory_mb": 208.60546875,
                "cpu_percent": 12.4,
                "timestamp": 1778782971.1837225
            },
            {
                "memory_mb": 208.60546875,
                "cpu_percent": 100.2,
                "timestamp": 1778782972.2315545
            },
            {
                "memory_mb": 208.59765625,
                "cpu_percent": 28.5,
                "timestamp": 1778782973.2839906
            },
            {
                "memory_mb": 208.59765625,
                "cpu_percent": 0.0,
                "timestamp": 1778782974.336277
            },
            {
                "memory_mb": 208.609375,
                "cpu_percent": 89.7,
                "timestamp": 1778782975.3846228
            },
            {
                "memory_mb": 208.609375,
                "cpu_percent": 48.5,
                "timestamp": 1778782976.436853
            },
            {
                "memory_mb": 208.60546875,
                "cpu_percent": 60.1,
                "timestamp": 1778782977.4846823
            },
            {
                "memory_mb": 208.59765625,
                "cpu_percent": 11.4,
                "timestamp": 1778782978.536948
            },
            {
                "memory_mb": 208.609375,
                "cpu_percent": 13.4,
                "timestamp": 1778782979.5848467
            },
            {
                "memory_mb": 208.61328125,
                "cpu_percent": 72.5,
                "timestamp": 1778782980.632747
            },
            {
                "memory_mb": 221.0078125,
                "cpu_percent": 54.2,
                "timestamp": 1778782981.685197
            },
            {
                "memory_mb": 208.6015625,
                "cpu_percent": 7.6,
                "timestamp": 1778782982.737498
            },
            {
                "memory_mb": 208.6015625,
                "cpu_percent": 0.0,
                "timestamp": 1778782983.789534
            },
            {
                "memory_mb": 208.60546875,
                "cpu_percent": 37.2,
                "timestamp": 1778782984.8371994
            },
            {
                "memory_mb": 208.6171875,
                "cpu_percent": 34.2,
                "timestamp": 1778782985.8901553
            },
            {
                "memory_mb": 208.609375,
                "cpu_percent": 74.4,
                "timestamp": 1778782986.9380686
            },
            {
                "memory_mb": 208.60546875,
                "cpu_percent": 61.8,
                "timestamp": 1778782987.9903784
            },
            {
                "memory_mb": 208.6015625,
                "cpu_percent": 2.8,
                "timestamp": 1778782989.0441816
            },
            {
                "memory_mb": 208.60546875,
                "cpu_percent": 61.1,
                "timestamp": 1778782990.0923932
            },
            {
                "memory_mb": 208.61328125,
                "cpu_percent": 70.3,
                "timestamp": 1778782991.1443856
            },
            {
                "memory_mb": 208.609375,
                "cpu_percent": 38.2,
                "timestamp": 1778782992.192171
            },
            {
                "memory_mb": 208.6015625,
                "cpu_percent": 36.1,
                "timestamp": 1778782993.2447174
            },
            {
                "memory_mb": 208.6015625,
                "cpu_percent": 0.0,
                "timestamp": 1778782994.2964106
            },
            {
                "memory_mb": 208.6171875,
                "cpu_percent": 67.5,
                "timestamp": 1778782995.3487666
            },
            {
                "memory_mb": 208.609375,
                "cpu_percent": 71.3,
                "timestamp": 1778782996.4007294
            },
            {
                "memory_mb": 236.50390625,
                "cpu_percent": 5.7,
                "timestamp": 1778782997.4529355
            },
            {
                "memory_mb": 208.59765625,
                "cpu_percent": 5.7,
                "timestamp": 1778782998.5052974
            },
            {
                "memory_mb": 208.6015625,
                "cpu_percent": 9.5,
                "timestamp": 1778782999.5528936
            },
            {
                "memory_mb": 208.61328125,
                "cpu_percent": 60.8,
                "timestamp": 1778783000.605276
            },
            {
                "memory_mb": 208.609375,
                "cpu_percent": 48.7,
                "timestamp": 1778783001.6531157
            },
            {
                "memory_mb": 208.6015625,
                "cpu_percent": 87.4,
                "timestamp": 1778783002.7055652
            },
            {
                "memory_mb": 208.59765625,
                "cpu_percent": 2.9,
                "timestamp": 1778783003.7576768
            },
            {
                "memory_mb": 208.6015625,
                "cpu_percent": 32.5,
                "timestamp": 1778783004.8052495
            },
            {
                "memory_mb": 208.61328125,
                "cpu_percent": 96.4,
                "timestamp": 1778783005.8530352
            },
            {
                "memory_mb": 208.60546875,
                "cpu_percent": 11.4,
                "timestamp": 1778783006.9016178
            },
            {
                "memory_mb": 208.59765625,
                "cpu_percent": 60.8,
                "timestamp": 1778783007.9535959
            },
            {
                "memory_mb": 208.59765625,
                "cpu_percent": 0.0,
                "timestamp": 1778783009.0057044
            },
            {
                "memory_mb": 208.609375,
                "cpu_percent": 55.3,
                "timestamp": 1778783010.0538433
            },
            {
                "memory_mb": 208.61328125,
                "cpu_percent": 72.5,
                "timestamp": 1778783011.1017344
            },
            {
                "memory_mb": 236.5078125,
                "cpu_percent": 15.2,
                "timestamp": 1778783012.153992
            },
            {
                "memory_mb": 208.6015625,
                "cpu_percent": 6.7,
                "timestamp": 1778783013.2063918
            },
            {
                "memory_mb": 208.6015625,
                "cpu_percent": 0.0,
                "timestamp": 1778783014.2585244
            },
            {
                "memory_mb": 208.6015625,
                "cpu_percent": 0.0,
                "timestamp": 1778783014.519893
            }
        ]
    }
}
