Процесс: 96432
УПРАВЛЯЮЩИЙ ПРОЦЕСС
Родитель: 13546
Создан: 2026-04-26T17:52:53.320000
Последний замер: 2026-04-26T17:57:55.865917
Время жизни: 302.545917 сек
voluntary_ctxt_switches: 1648
nonvoluntary_ctxt_switches: 64
jiffies: 87.0
avg_cpu_load: 0.1 %
avg_memory_mb: 42.8 MB


Процесс: 96439
Родитель: 96432
Создан: 2026-04-26T17:52:53.740000
Последний замер: 2026-04-26T17:57:55.866133
Время жизни: 302.126133 сек
voluntary_ctxt_switches: 165
nonvoluntary_ctxt_switches: 1612
jiffies: 1298.0
avg_cpu_load: 4.3 %
avg_memory_mb: 112.9 MB

Среднее latency: 1.82
Средний runtime: 1.8
Всего задач: 30
Задач по типам: cpu_intensive - 20; memory_intensive - 10

Процесс: 96440
Родитель: 96432
Создан: 2026-04-26T17:52:53.770000
Последний замер: 2026-04-26T17:57:55.866338
Время жизни: 302.096338 сек
voluntary_ctxt_switches: 172
nonvoluntary_ctxt_switches: 1318
jiffies: 1314.0
avg_cpu_load: 4.4 %
avg_memory_mb: 118.3 MB

Среднее latency: 1.8
Средний runtime: 1.78
Всего задач: 30
Задач по типам: memory_intensive - 10; cpu_intensive - 20

Процесс: 96441
Родитель: 96432
Создан: 2026-04-26T17:52:53.790000
Последний замер: 2026-04-26T17:57:55.866540
Время жизни: 302.07654 сек
voluntary_ctxt_switches: 165
nonvoluntary_ctxt_switches: 1418
jiffies: 1292.0
avg_cpu_load: 4.3 %
avg_memory_mb: 115.7 MB

Среднее latency: 1.79
Средний runtime: 1.77
Всего задач: 30
Задач по типам: cpu_intensive - 20; memory_intensive - 10

Процесс: 96442
Родитель: 96432
Создан: 2026-04-26T17:52:53.810000
Последний замер: 2026-04-26T17:57:55.866755
Время жизни: 302.056755 сек
voluntary_ctxt_switches: 167
nonvoluntary_ctxt_switches: 1165
jiffies: 1320.0
avg_cpu_load: 4.4 %
avg_memory_mb: 112.9 MB

Среднее latency: 1.78
Средний runtime: 1.76
Всего задач: 30
Задач по типам: cpu_intensive - 20; memory_intensive - 10

Процесс: 96449
Родитель: 96432
Создан: 2026-04-26T17:52:53.840000
Последний замер: 2026-04-26T17:57:55.867063
Время жизни: 302.027063 сек
voluntary_ctxt_switches: 163
nonvoluntary_ctxt_switches: 1294
jiffies: 1290.0
avg_cpu_load: 4.3 %
avg_memory_mb: 118.3 MB

Среднее latency: 1.79
Средний runtime: 1.77
Всего задач: 30
Задач по типам: memory_intensive - 10; cpu_intensive - 20

Процесс: 96450
Родитель: 96432
Создан: 2026-04-26T17:52:53.860000
Последний замер: 2026-04-26T17:57:55.867265
Время жизни: 302.007265 сек
voluntary_ctxt_switches: 165
nonvoluntary_ctxt_switches: 2112
jiffies: 1335.0
avg_cpu_load: 4.4 %
avg_memory_mb: 115.7 MB

Среднее latency: 1.89
Средний runtime: 1.86
Всего задач: 30
Задач по типам: cpu_intensive - 20; memory_intensive - 10

Процесс: 96451
Родитель: 96432
Создан: 2026-04-26T17:52:53.890000
Последний замер: 2026-04-26T17:57:55.867467
Время жизни: 301.977467 сек
voluntary_ctxt_switches: 162
nonvoluntary_ctxt_switches: 1822
jiffies: 1307.0
avg_cpu_load: 4.3 %
avg_memory_mb: 112.9 MB

Среднее latency: 1.85
Средний runtime: 1.82
Всего задач: 30
Задач по типам: cpu_intensive - 20; memory_intensive - 10

Процесс: 96452
Родитель: 96432
Создан: 2026-04-26T17:52:53.910000
Последний замер: 2026-04-26T17:57:55.867678
Время жизни: 301.957678 сек
voluntary_ctxt_switches: 161
nonvoluntary_ctxt_switches: 2220
jiffies: 1320.0
avg_cpu_load: 4.4 %
avg_memory_mb: 115.7 MB

Среднее latency: 1.9
Средний runtime: 1.88
Всего задач: 30
Задач по типам: cpu_intensive - 20; memory_intensive - 10

