{
    "349584": {
        "ppid": "254983",
        "name": "celery",
        "cmdline": "/home/experimenter/projects/celery-autoscale/.venv/bin/python3 /home/experimenter/projects/celery-autoscale/.venv/bin/celery -A celery_app worker --loglevel=INFO --concurrency=4 --pool=eventlet",
        "create_time": "2026-05-15T08:06:36.350000",
        "last_update": "2026-05-15T08:11:38.146781",
        "voluntary_ctxt_switches": 2307,
        "nonvoluntary_ctxt_switches": 1814,
        "jiffies": 11852,
        "stats": [
            {
                "memory_mb": 52.26953125,
                "cpu_percent": 0.0,
                "timestamp": 1778821597.4150832
            },
            {
                "memory_mb": 52.734375,
                "cpu_percent": 29.5,
                "timestamp": 1778821598.464683
            },
            {
                "memory_mb": 117.36328125,
                "cpu_percent": 40.9,
                "timestamp": 1778821599.5168352
            },
            {
                "memory_mb": 145.015625,
                "cpu_percent": 72.5,
                "timestamp": 1778821600.5646229
            },
            {
                "memory_mb": 145.01953125,
                "cpu_percent": 64.6,
                "timestamp": 1778821601.616612
            },
            {
                "memory_mb": 135.31640625,
                "cpu_percent": 2.9,
                "timestamp": 1778821602.6682434
            },
            {
                "memory_mb": 135.328125,
                "cpu_percent": 82.9,
                "timestamp": 1778821603.7170937
            },
            {
                "memory_mb": 135.328125,
                "cpu_percent": 51.4,
                "timestamp": 1778821604.7685192
            },
            {
                "memory_mb": 144.8671875,
                "cpu_percent": 57.3,
                "timestamp": 1778821605.8163953
            },
            {
                "memory_mb": 113.26171875,
                "cpu_percent": 20.0,
                "timestamp": 1778821606.868532
            },
            {
                "memory_mb": 113.2734375,
                "cpu_percent": 6.7,
                "timestamp": 1778821607.9156108
            },
            {
                "memory_mb": 126.22265625,
                "cpu_percent": 72.5,
                "timestamp": 1778821608.963418
            },
            {
                "memory_mb": 211.4765625,
                "cpu_percent": 64.6,
                "timestamp": 1778821610.0156956
            },
            {
                "memory_mb": 208.40234375,
                "cpu_percent": 8.6,
                "timestamp": 1778821611.067384
            },
            {
                "memory_mb": 208.40234375,
                "cpu_percent": 0.0,
                "timestamp": 1778821612.1195307
            },
            {
                "memory_mb": 208.40625,
                "cpu_percent": 29.6,
                "timestamp": 1778821613.1662855
            },
            {
                "memory_mb": 208.41796875,
                "cpu_percent": 39.0,
                "timestamp": 1778821614.2186077
            },
            {
                "memory_mb": 208.4140625,
                "cpu_percent": 69.7,
                "timestamp": 1778821615.2656798
            },
            {
                "memory_mb": 208.40625,
                "cpu_percent": 71.3,
                "timestamp": 1778821616.3177316
            },
            {
                "memory_mb": 187.2578125,
                "cpu_percent": 3.8,
                "timestamp": 1778821617.371167
            },
            {
                "memory_mb": 187.26171875,
                "cpu_percent": 53.4,
                "timestamp": 1778821618.4189587
            },
            {
                "memory_mb": 187.2734375,
                "cpu_percent": 79.9,
                "timestamp": 1778821619.4705992
            },
            {
                "memory_mb": 187.265625,
                "cpu_percent": 27.7,
                "timestamp": 1778821620.5176315
            },
            {
                "memory_mb": 187.2578125,
                "cpu_percent": 46.5,
                "timestamp": 1778821621.570362
            },
            {
                "memory_mb": 187.2578125,
                "cpu_percent": 0.0,
                "timestamp": 1778821622.6217744
            },
            {
                "memory_mb": 187.2734375,
                "cpu_percent": 67.3,
                "timestamp": 1778821623.6761608
            },
            {
                "memory_mb": 187.265625,
                "cpu_percent": 72.2,
                "timestamp": 1778821624.7284932
            },
            {
                "memory_mb": 236.30859375,
                "cpu_percent": 6.7,
                "timestamp": 1778821625.7806466
            },
            {
                "memory_mb": 208.40234375,
                "cpu_percent": 5.7,
                "timestamp": 1778821626.8327773
            },
            {
                "memory_mb": 208.40625,
                "cpu_percent": 1.9,
                "timestamp": 1778821627.8875902
            },
            {
                "memory_mb": 208.41796875,
                "cpu_percent": 64.7,
                "timestamp": 1778821628.9393911
            },
            {
                "memory_mb": 208.4140625,
                "cpu_percent": 45.8,
                "timestamp": 1778821629.9867718
            },
            {
                "memory_mb": 208.40625,
                "cpu_percent": 92.2,
                "timestamp": 1778821631.039042
            },
            {
                "memory_mb": 187.03125,
                "cpu_percent": 1.9,
                "timestamp": 1778821632.0913467
            },
            {
                "memory_mb": 187.03515625,
                "cpu_percent": 24.8,
                "timestamp": 1778821633.139235
            },
            {
                "memory_mb": 187.04296875,
                "cpu_percent": 100.2,
                "timestamp": 1778821634.186936
            },
            {
                "memory_mb": 187.0390625,
                "cpu_percent": 9.5,
                "timestamp": 1778821635.2393467
            },
            {
                "memory_mb": 187.03125,
                "cpu_percent": 68.4,
                "timestamp": 1778821636.291233
            },
            {
                "memory_mb": 187.03125,
                "cpu_percent": 0.0,
                "timestamp": 1778821637.3436425
            },
            {
                "memory_mb": 187.04296875,
                "cpu_percent": 47.7,
                "timestamp": 1778821638.3911343
            },
            {
                "memory_mb": 187.046875,
                "cpu_percent": 73.5,
                "timestamp": 1778821639.4388435
            },
            {
                "memory_mb": 236.3125,
                "cpu_percent": 21.9,
                "timestamp": 1778821640.4911551
            },
            {
                "memory_mb": 208.40234375,
                "cpu_percent": 5.7,
                "timestamp": 1778821641.5435443
            },
            {
                "memory_mb": 208.40234375,
                "cpu_percent": 0.0,
                "timestamp": 1778821642.596095
            },
            {
                "memory_mb": 208.41796875,
                "cpu_percent": 63.7,
                "timestamp": 1778821643.6475804
            },
            {
                "memory_mb": 208.4140625,
                "cpu_percent": 18.1,
                "timestamp": 1778821644.6955702
            },
            {
                "memory_mb": 208.41015625,
                "cpu_percent": 100.2,
                "timestamp": 1778821645.7430274
            },
            {
                "memory_mb": 156.984375,
                "cpu_percent": 25.7,
                "timestamp": 1778821646.7950904
            },
            {
                "memory_mb": 156.984375,
                "cpu_percent": 0.0,
                "timestamp": 1778821647.8472462
            },
            {
                "memory_mb": 156.99609375,
                "cpu_percent": 95.4,
                "timestamp": 1778821648.8951383
            },
            {
                "memory_mb": 156.99609375,
                "cpu_percent": 39.0,
                "timestamp": 1778821649.9466953
            },
            {
                "memory_mb": 156.984375,
                "cpu_percent": 68.7,
                "timestamp": 1778821650.993976
            },
            {
                "memory_mb": 156.984375,
                "cpu_percent": 1.0,
                "timestamp": 1778821652.0459392
            },
            {
                "memory_mb": 156.99609375,
                "cpu_percent": 18.1,
                "timestamp": 1778821653.0934289
            },
            {
                "memory_mb": 157.0,
                "cpu_percent": 73.5,
                "timestamp": 1778821654.1409063
            },
            {
                "memory_mb": 236.3125,
                "cpu_percent": 52.3,
                "timestamp": 1778821655.1929228
            },
            {
                "memory_mb": 208.40625,
                "cpu_percent": 5.7,
                "timestamp": 1778821656.2450933
            },
            {
                "memory_mb": 208.40625,
                "cpu_percent": 0.0,
                "timestamp": 1778821657.2969434
            },
            {
                "memory_mb": 208.41015625,
                "cpu_percent": 43.9,
                "timestamp": 1778821658.344318
            },
            {
                "memory_mb": 208.421875,
                "cpu_percent": 23.8,
                "timestamp": 1778821659.39636
            },
            {
                "memory_mb": 208.421875,
                "cpu_percent": 84.9,
                "timestamp": 1778821660.4442494
            },
            {
                "memory_mb": 208.41796875,
                "cpu_percent": 51.4,
                "timestamp": 1778821661.4954782
            },
            {
                "memory_mb": 208.4140625,
                "cpu_percent": 2.9,
                "timestamp": 1778821662.5472107
            },
            {
                "memory_mb": 208.41796875,
                "cpu_percent": 65.8,
                "timestamp": 1778821663.5953646
            },
            {
                "memory_mb": 208.42578125,
                "cpu_percent": 67.5,
                "timestamp": 1778821664.6468544
            },
            {
                "memory_mb": 208.421875,
                "cpu_percent": 41.1,
                "timestamp": 1778821665.6939325
            },
            {
                "memory_mb": 208.4140625,
                "cpu_percent": 33.3,
                "timestamp": 1778821666.7458837
            },
            {
                "memory_mb": 208.4140625,
                "cpu_percent": 0.0,
                "timestamp": 1778821667.798605
            },
            {
                "memory_mb": 208.4296875,
                "cpu_percent": 68.4,
                "timestamp": 1778821668.851511
            },
            {
                "memory_mb": 208.421875,
                "cpu_percent": 67.5,
                "timestamp": 1778821669.9036734
            },
            {
                "memory_mb": 236.3203125,
                "cpu_percent": 7.6,
                "timestamp": 1778821670.9560735
            },
            {
                "memory_mb": 208.41796875,
                "cpu_percent": 2.9,
                "timestamp": 1778821672.0083046
            },
            {
                "memory_mb": 208.421875,
                "cpu_percent": 14.3,
                "timestamp": 1778821673.0556824
            },
            {
                "memory_mb": 208.43359375,
                "cpu_percent": 51.4,
                "timestamp": 1778821674.10669
            },
            {
                "memory_mb": 208.4296875,
                "cpu_percent": 58.3,
                "timestamp": 1778821675.153836
            },
            {
                "memory_mb": 208.42578125,
                "cpu_percent": 79.8,
                "timestamp": 1778821676.2058644
            },
            {
                "memory_mb": 208.421875,
                "cpu_percent": 2.9,
                "timestamp": 1778821677.258248
            },
            {
                "memory_mb": 208.42578125,
                "cpu_percent": 36.2,
                "timestamp": 1778821678.3072598
            },
            {
                "memory_mb": 208.4375,
                "cpu_percent": 94.1,
                "timestamp": 1778821679.3591495
            },
            {
                "memory_mb": 208.4296875,
                "cpu_percent": 15.3,
                "timestamp": 1778821680.4065754
            },
            {
                "memory_mb": 208.421875,
                "cpu_percent": 60.8,
                "timestamp": 1778821681.4589972
            },
            {
                "memory_mb": 208.421875,
                "cpu_percent": 0.0,
                "timestamp": 1778821682.5113971
            },
            {
                "memory_mb": 208.43359375,
                "cpu_percent": 60.1,
                "timestamp": 1778821683.5595157
            },
            {
                "memory_mb": 208.4375,
                "cpu_percent": 72.5,
                "timestamp": 1778821684.6076572
            },
            {
                "memory_mb": 236.32421875,
                "cpu_percent": 8.6,
                "timestamp": 1778821685.660092
            },
            {
                "memory_mb": 208.421875,
                "cpu_percent": 5.7,
                "timestamp": 1778821686.7125502
            },
            {
                "memory_mb": 208.421875,
                "cpu_percent": 0.0,
                "timestamp": 1778821687.764826
            },
            {
                "memory_mb": 208.4375,
                "cpu_percent": 66.5,
                "timestamp": 1778821688.8175132
            },
            {
                "memory_mb": 208.43359375,
                "cpu_percent": 27.7,
                "timestamp": 1778821689.8657782
            },
            {
                "memory_mb": 208.4296875,
                "cpu_percent": 100.2,
                "timestamp": 1778821690.913482
            },
            {
                "memory_mb": 208.421875,
                "cpu_percent": 17.1,
                "timestamp": 1778821691.9658618
            },
            {
                "memory_mb": 208.42578125,
                "cpu_percent": 8.6,
                "timestamp": 1778821693.0134442
            },
            {
                "memory_mb": 208.43359375,
                "cpu_percent": 99.3,
                "timestamp": 1778821694.061223
            },
            {
                "memory_mb": 208.43359375,
                "cpu_percent": 27.6,
                "timestamp": 1778821695.111809
            },
            {
                "memory_mb": 208.421875,
                "cpu_percent": 69.4,
                "timestamp": 1778821696.1641278
            },
            {
                "memory_mb": 208.421875,
                "cpu_percent": 0.0,
                "timestamp": 1778821697.2165074
            },
            {
                "memory_mb": 208.43359375,
                "cpu_percent": 32.5,
                "timestamp": 1778821698.263812
            },
            {
                "memory_mb": 208.4375,
                "cpu_percent": 72.6,
                "timestamp": 1778821699.310965
            },
            {
                "memory_mb": 236.3359375,
                "cpu_percent": 36.1,
                "timestamp": 1778821700.3629763
            },
            {
                "memory_mb": 208.4296875,
                "cpu_percent": 7.6,
                "timestamp": 1778821701.4151235
            },
            {
                "memory_mb": 208.4296875,
                "cpu_percent": 0.0,
                "timestamp": 1778821702.4692912
            },
            {
                "memory_mb": 208.43359375,
                "cpu_percent": 55.4,
                "timestamp": 1778821703.5171108
            },
            {
                "memory_mb": 208.4453125,
                "cpu_percent": 12.4,
                "timestamp": 1778821704.5694206
            },
            {
                "memory_mb": 208.4375,
                "cpu_percent": 97.4,
                "timestamp": 1778821705.616985
            },
            {
                "memory_mb": 208.4296875,
                "cpu_percent": 41.8,
                "timestamp": 1778821706.6688826
            },
            {
                "memory_mb": 208.4296875,
                "cpu_percent": 0.0,
                "timestamp": 1778821707.72076
            },
            {
                "memory_mb": 208.44140625,
                "cpu_percent": 78.3,
                "timestamp": 1778821708.768567
            },
            {
                "memory_mb": 208.44140625,
                "cpu_percent": 53.2,
                "timestamp": 1778821709.8203182
            },
            {
                "memory_mb": 208.4375,
                "cpu_percent": 55.4,
                "timestamp": 1778821710.8675528
            },
            {
                "memory_mb": 208.4296875,
                "cpu_percent": 16.2,
                "timestamp": 1778821711.9192533
            },
            {
                "memory_mb": 208.44140625,
                "cpu_percent": 1.9,
                "timestamp": 1778821712.9739435
            },
            {
                "memory_mb": 208.4453125,
                "cpu_percent": 73.5,
                "timestamp": 1778821714.0218184
            },
            {
                "memory_mb": 208.4375,
                "cpu_percent": 61.8,
                "timestamp": 1778821715.0742197
            },
            {
                "memory_mb": 208.4296875,
                "cpu_percent": 9.5,
                "timestamp": 1778821716.126165
            },
            {
                "memory_mb": 208.4296875,
                "cpu_percent": 0.0,
                "timestamp": 1778821717.1785722
            },
            {
                "memory_mb": 208.43359375,
                "cpu_percent": 26.7,
                "timestamp": 1778821718.2278879
            },
            {
                "memory_mb": 208.4453125,
                "cpu_percent": 39.9,
                "timestamp": 1778821719.2802322
            },
            {
                "memory_mb": 208.4453125,
                "cpu_percent": 70.6,
                "timestamp": 1778821720.3281784
            },
            {
                "memory_mb": 208.4375,
                "cpu_percent": 68.4,
                "timestamp": 1778821721.3804772
            },
            {
                "memory_mb": 208.43359375,
                "cpu_percent": 2.9,
                "timestamp": 1778821722.4328792
            },
            {
                "memory_mb": 208.4375,
                "cpu_percent": 50.6,
                "timestamp": 1778821723.4812844
            },
            {
                "memory_mb": 208.44921875,
                "cpu_percent": 79.8,
                "timestamp": 1778821724.5337846
            },
            {
                "memory_mb": 208.44140625,
                "cpu_percent": 28.6,
                "timestamp": 1778821725.581892
            },
            {
                "memory_mb": 208.43359375,
                "cpu_percent": 42.8,
                "timestamp": 1778821726.6344614
            },
            {
                "memory_mb": 208.43359375,
                "cpu_percent": 0.0,
                "timestamp": 1778821727.6860454
            },
            {
                "memory_mb": 208.44921875,
                "cpu_percent": 66.5,
                "timestamp": 1778821728.7387662
            },
            {
                "memory_mb": 208.44140625,
                "cpu_percent": 66.7,
                "timestamp": 1778821729.7888224
            },
            {
                "memory_mb": 236.34375,
                "cpu_percent": 4.8,
                "timestamp": 1778821730.8411934
            },
            {
                "memory_mb": 208.4375,
                "cpu_percent": 6.7,
                "timestamp": 1778821731.8935068
            },
            {
                "memory_mb": 208.4375,
                "cpu_percent": 0.0,
                "timestamp": 1778821732.9452624
            },
            {
                "memory_mb": 208.453125,
                "cpu_percent": 63.6,
                "timestamp": 1778821733.9980495
            },
            {
                "memory_mb": 208.44921875,
                "cpu_percent": 43.9,
                "timestamp": 1778821735.045567
            },
            {
                "memory_mb": 208.4453125,
                "cpu_percent": 93.2,
                "timestamp": 1778821736.0968895
            },
            {
                "memory_mb": 208.44140625,
                "cpu_percent": 2.9,
                "timestamp": 1778821737.149031
            },
            {
                "memory_mb": 208.4453125,
                "cpu_percent": 22.9,
                "timestamp": 1778821738.1964984
            },
            {
                "memory_mb": 208.453125,
                "cpu_percent": 100.2,
                "timestamp": 1778821739.2444377
            },
            {
                "memory_mb": 208.453125,
                "cpu_percent": 13.3,
                "timestamp": 1778821740.2968597
            },
            {
                "memory_mb": 208.44140625,
                "cpu_percent": 70.3,
                "timestamp": 1778821741.3490477
            },
            {
                "memory_mb": 208.44140625,
                "cpu_percent": 0.0,
                "timestamp": 1778821742.4014947
            },
            {
                "memory_mb": 208.453125,
                "cpu_percent": 45.8,
                "timestamp": 1778821743.4493484
            },
            {
                "memory_mb": 208.45703125,
                "cpu_percent": 73.5,
                "timestamp": 1778821744.4974062
            },
            {
                "memory_mb": 236.3515625,
                "cpu_percent": 22.8,
                "timestamp": 1778821745.5493486
            },
            {
                "memory_mb": 208.44140625,
                "cpu_percent": 6.7,
                "timestamp": 1778821746.601819
            },
            {
                "memory_mb": 208.44140625,
                "cpu_percent": 0.0,
                "timestamp": 1778821747.6536677
            },
            {
                "memory_mb": 208.45703125,
                "cpu_percent": 62.7,
                "timestamp": 1778821748.7062364
            },
            {
                "memory_mb": 208.45703125,
                "cpu_percent": 17.2,
                "timestamp": 1778821749.7544746
            },
            {
                "memory_mb": 208.453125,
                "cpu_percent": 98.3,
                "timestamp": 1778821750.8021138
            },
            {
                "memory_mb": 208.4453125,
                "cpu_percent": 29.5,
                "timestamp": 1778821751.852885
            },
            {
                "memory_mb": 208.4453125,
                "cpu_percent": 0.0,
                "timestamp": 1778821752.9050364
            },
            {
                "memory_mb": 208.45703125,
                "cpu_percent": 93.5,
                "timestamp": 1778821753.952875
            },
            {
                "memory_mb": 208.45703125,
                "cpu_percent": 38.0,
                "timestamp": 1778821755.004382
            },
            {
                "memory_mb": 208.453125,
                "cpu_percent": 70.6,
                "timestamp": 1778821756.0518825
            },
            {
                "memory_mb": 208.4453125,
                "cpu_percent": 3.8,
                "timestamp": 1778821757.1041865
            },
            {
                "memory_mb": 208.45703125,
                "cpu_percent": 16.2,
                "timestamp": 1778821758.1515174
            },
            {
                "memory_mb": 208.4609375,
                "cpu_percent": 72.6,
                "timestamp": 1778821759.198679
            },
            {
                "memory_mb": 227.2109375,
                "cpu_percent": 51.4,
                "timestamp": 1778821760.2501335
            },
            {
                "memory_mb": 208.4453125,
                "cpu_percent": 6.7,
                "timestamp": 1778821761.3022656
            },
            {
                "memory_mb": 208.4453125,
                "cpu_percent": 0.0,
                "timestamp": 1778821762.35457
            },
            {
                "memory_mb": 208.44921875,
                "cpu_percent": 41.0,
                "timestamp": 1778821763.4028559
            },
            {
                "memory_mb": 208.4609375,
                "cpu_percent": 29.5,
                "timestamp": 1778821764.4550142
            },
            {
                "memory_mb": 208.453125,
                "cpu_percent": 80.2,
                "timestamp": 1778821765.502939
            },
            {
                "memory_mb": 208.44921875,
                "cpu_percent": 54.2,
                "timestamp": 1778821766.555287
            },
            {
                "memory_mb": 208.4453125,
                "cpu_percent": 2.9,
                "timestamp": 1778821767.6071157
            },
            {
                "memory_mb": 208.44921875,
                "cpu_percent": 62.0,
                "timestamp": 1778821768.654884
            },
            {
                "memory_mb": 208.45703125,
                "cpu_percent": 68.5,
                "timestamp": 1778821769.706534
            },
            {
                "memory_mb": 208.453125,
                "cpu_percent": 40.1,
                "timestamp": 1778821770.7546134
            },
            {
                "memory_mb": 208.4453125,
                "cpu_percent": 30.4,
                "timestamp": 1778821771.8071134
            },
            {
                "memory_mb": 208.4453125,
                "cpu_percent": 0.9,
                "timestamp": 1778821772.8598437
            },
            {
                "memory_mb": 208.4609375,
                "cpu_percent": 67.5,
                "timestamp": 1778821773.9123988
            },
            {
                "memory_mb": 208.45703125,
                "cpu_percent": 72.2,
                "timestamp": 1778821774.9648905
            },
            {
                "memory_mb": 236.35546875,
                "cpu_percent": 7.6,
                "timestamp": 1778821776.0173821
            },
            {
                "memory_mb": 208.44921875,
                "cpu_percent": 3.8,
                "timestamp": 1778821777.0698664
            },
            {
                "memory_mb": 208.453125,
                "cpu_percent": 11.5,
                "timestamp": 1778821778.1172557
            },
            {
                "memory_mb": 208.46484375,
                "cpu_percent": 54.2,
                "timestamp": 1778821779.1697214
            },
            {
                "memory_mb": 208.46484375,
                "cpu_percent": 55.4,
                "timestamp": 1778821780.2173078
            },
            {
                "memory_mb": 208.4609375,
                "cpu_percent": 84.7,
                "timestamp": 1778821781.2684524
            },
            {
                "memory_mb": 208.45703125,
                "cpu_percent": 1.9,
                "timestamp": 1778821782.3208506
            },
            {
                "memory_mb": 208.4609375,
                "cpu_percent": 34.4,
                "timestamp": 1778821783.3681817
            },
            {
                "memory_mb": 208.47265625,
                "cpu_percent": 94.5,
                "timestamp": 1778821784.415721
            },
            {
                "memory_mb": 208.46484375,
                "cpu_percent": 14.3,
                "timestamp": 1778821785.4634159
            },
            {
                "memory_mb": 208.45703125,
                "cpu_percent": 59.9,
                "timestamp": 1778821786.5153785
            },
            {
                "memory_mb": 208.45703125,
                "cpu_percent": 0.0,
                "timestamp": 1778821787.569626
            },
            {
                "memory_mb": 208.46875,
                "cpu_percent": 58.2,
                "timestamp": 1778821788.6174104
            },
            {
                "memory_mb": 208.47265625,
                "cpu_percent": 72.5,
                "timestamp": 1778821789.6650102
            },
            {
                "memory_mb": 236.3671875,
                "cpu_percent": 15.2,
                "timestamp": 1778821790.7174623
            },
            {
                "memory_mb": 208.4609375,
                "cpu_percent": 5.7,
                "timestamp": 1778821791.7699246
            },
            {
                "memory_mb": 208.4609375,
                "cpu_percent": 0.0,
                "timestamp": 1778821792.822095
            },
            {
                "memory_mb": 208.4765625,
                "cpu_percent": 64.6,
                "timestamp": 1778821793.8745363
            },
            {
                "memory_mb": 208.47265625,
                "cpu_percent": 26.7,
                "timestamp": 1778821794.922549
            },
            {
                "memory_mb": 208.46875,
                "cpu_percent": 100.2,
                "timestamp": 1778821795.9704785
            },
            {
                "memory_mb": 208.4609375,
                "cpu_percent": 18.1,
                "timestamp": 1778821797.0226336
            },
            {
                "memory_mb": 208.46484375,
                "cpu_percent": 4.8,
                "timestamp": 1778821798.073831
            },
            {
                "memory_mb": 208.47265625,
                "cpu_percent": 100.2,
                "timestamp": 1778821799.121356
            },
            {
                "memory_mb": 208.47265625,
                "cpu_percent": 27.6,
                "timestamp": 1778821800.1728325
            },
            {
                "memory_mb": 208.4609375,
                "cpu_percent": 69.4,
                "timestamp": 1778821801.224767
            },
            {
                "memory_mb": 208.4609375,
                "cpu_percent": 1.0,
                "timestamp": 1778821802.2770214
            },
            {
                "memory_mb": 208.47265625,
                "cpu_percent": 27.7,
                "timestamp": 1778821803.3245568
            },
            {
                "memory_mb": 208.4765625,
                "cpu_percent": 72.5,
                "timestamp": 1778821804.37237
            },
            {
                "memory_mb": 236.3671875,
                "cpu_percent": 43.7,
                "timestamp": 1778821805.425028
            },
            {
                "memory_mb": 208.4609375,
                "cpu_percent": 6.7,
                "timestamp": 1778821806.477247
            },
            {
                "memory_mb": 208.4609375,
                "cpu_percent": 0.0,
                "timestamp": 1778821807.5291443
            },
            {
                "memory_mb": 208.46484375,
                "cpu_percent": 52.5,
                "timestamp": 1778821808.5773027
            },
            {
                "memory_mb": 208.4765625,
                "cpu_percent": 15.2,
                "timestamp": 1778821809.628937
            },
            {
                "memory_mb": 208.47265625,
                "cpu_percent": 94.5,
                "timestamp": 1778821810.6765718
            },
            {
                "memory_mb": 208.46875,
                "cpu_percent": 42.8,
                "timestamp": 1778821811.7287374
            },
            {
                "memory_mb": 208.46484375,
                "cpu_percent": 1.9,
                "timestamp": 1778821812.7806153
            },
            {
                "memory_mb": 208.4765625,
                "cpu_percent": 75.4,
                "timestamp": 1778821813.8287833
            },
            {
                "memory_mb": 208.4765625,
                "cpu_percent": 57.1,
                "timestamp": 1778821814.8803296
            },
            {
                "memory_mb": 208.47265625,
                "cpu_percent": 52.5,
                "timestamp": 1778821815.927947
            },
            {
                "memory_mb": 208.46484375,
                "cpu_percent": 20.0,
                "timestamp": 1778821816.9798808
            },
            {
                "memory_mb": 208.46484375,
                "cpu_percent": 0.0,
                "timestamp": 1778821818.0339012
            },
            {
                "memory_mb": 208.48046875,
                "cpu_percent": 72.2,
                "timestamp": 1778821819.0861857
            },
            {
                "memory_mb": 217.41015625,
                "cpu_percent": 62.7,
                "timestamp": 1778821820.138746
            },
            {
                "memory_mb": 208.46875,
                "cpu_percent": 8.6,
                "timestamp": 1778821821.1910083
            },
            {
                "memory_mb": 208.46875,
                "cpu_percent": 0.0,
                "timestamp": 1778821822.243302
            },
            {
                "memory_mb": 208.47265625,
                "cpu_percent": 24.8,
                "timestamp": 1778821823.290831
            },
            {
                "memory_mb": 208.484375,
                "cpu_percent": 41.8,
                "timestamp": 1778821824.3429112
            },
            {
                "memory_mb": 208.48046875,
                "cpu_percent": 66.8,
                "timestamp": 1778821825.3906362
            },
            {
                "memory_mb": 208.47265625,
                "cpu_percent": 70.3,
                "timestamp": 1778821826.442698
            },
            {
                "memory_mb": 208.46875,
                "cpu_percent": 2.9,
                "timestamp": 1778821827.494883
            },
            {
                "memory_mb": 208.47265625,
                "cpu_percent": 47.7,
                "timestamp": 1778821828.5425951
            },
            {
                "memory_mb": 208.484375,
                "cpu_percent": 81.8,
                "timestamp": 1778821829.594283
            },
            {
                "memory_mb": 208.4765625,
                "cpu_percent": 26.7,
                "timestamp": 1778821830.6419642
            },
            {
                "memory_mb": 208.46875,
                "cpu_percent": 49.4,
                "timestamp": 1778821831.6935537
            },
            {
                "memory_mb": 208.46875,
                "cpu_percent": 0.0,
                "timestamp": 1778821832.7414289
            },
            {
                "memory_mb": 208.484375,
                "cpu_percent": 67.7,
                "timestamp": 1778821833.7899768
            },
            {
                "memory_mb": 208.4765625,
                "cpu_percent": 72.5,
                "timestamp": 1778821834.838276
            },
            {
                "memory_mb": 236.37890625,
                "cpu_percent": 6.7,
                "timestamp": 1778821835.890072
            },
            {
                "memory_mb": 208.47265625,
                "cpu_percent": 5.7,
                "timestamp": 1778821836.9417377
            },
            {
                "memory_mb": 208.47265625,
                "cpu_percent": 0.9,
                "timestamp": 1778821837.9945915
            },
            {
                "memory_mb": 208.48828125,
                "cpu_percent": 65.5,
                "timestamp": 1778821839.0480628
            },
            {
                "memory_mb": 208.48828125,
                "cpu_percent": 39.1,
                "timestamp": 1778821840.0962946
            },
            {
                "memory_mb": 208.484375,
                "cpu_percent": 99.3,
                "timestamp": 1778821841.143789
            },
            {
                "memory_mb": 208.48046875,
                "cpu_percent": 2.9,
                "timestamp": 1778821842.1960018
            },
            {
                "memory_mb": 208.484375,
                "cpu_percent": 17.2,
                "timestamp": 1778821843.2434332
            },
            {
                "memory_mb": 208.4921875,
                "cpu_percent": 99.3,
                "timestamp": 1778821844.2908633
            },
            {
                "memory_mb": 208.4921875,
                "cpu_percent": 16.2,
                "timestamp": 1778821845.342531
            },
            {
                "memory_mb": 208.48046875,
                "cpu_percent": 73.2,
                "timestamp": 1778821846.394142
            },
            {
                "memory_mb": 208.48046875,
                "cpu_percent": 0.0,
                "timestamp": 1778821847.4470885
            },
            {
                "memory_mb": 208.4921875,
                "cpu_percent": 41.0,
                "timestamp": 1778821848.4949517
            },
            {
                "memory_mb": 208.49609375,
                "cpu_percent": 72.5,
                "timestamp": 1778821849.542531
            },
            {
                "memory_mb": 236.38671875,
                "cpu_percent": 32.3,
                "timestamp": 1778821850.594542
            },
            {
                "memory_mb": 208.48046875,
                "cpu_percent": 6.7,
                "timestamp": 1778821851.6464171
            },
            {
                "memory_mb": 208.48046875,
                "cpu_percent": 0.0,
                "timestamp": 1778821852.6985435
            },
            {
                "memory_mb": 208.49609375,
                "cpu_percent": 64.0,
                "timestamp": 1778821853.7460322
            },
            {
                "memory_mb": 208.4921875,
                "cpu_percent": 10.5,
                "timestamp": 1778821854.793455
            },
            {
                "memory_mb": 208.48828125,
                "cpu_percent": 100.2,
                "timestamp": 1778821855.8410451
            },
            {
                "memory_mb": 208.48046875,
                "cpu_percent": 32.3,
                "timestamp": 1778821856.8929396
            },
            {
                "memory_mb": 208.48046875,
                "cpu_percent": 0.0,
                "timestamp": 1778821857.9443343
            },
            {
                "memory_mb": 208.4921875,
                "cpu_percent": 87.8,
                "timestamp": 1778821858.9927232
            },
            {
                "memory_mb": 208.4921875,
                "cpu_percent": 51.3,
                "timestamp": 1778821860.0457897
            },
            {
                "memory_mb": 208.48828125,
                "cpu_percent": 58.2,
                "timestamp": 1778821861.0937707
            },
            {
                "memory_mb": 208.48046875,
                "cpu_percent": 11.4,
                "timestamp": 1778821862.1460268
            },
            {
                "memory_mb": 208.4921875,
                "cpu_percent": 11.5,
                "timestamp": 1778821863.1924129
            },
            {
                "memory_mb": 208.49609375,
                "cpu_percent": 71.6,
                "timestamp": 1778821864.239923
            },
            {
                "memory_mb": 227.24609375,
                "cpu_percent": 57.0,
                "timestamp": 1778821865.2917337
            },
            {
                "memory_mb": 208.48046875,
                "cpu_percent": 7.6,
                "timestamp": 1778821866.3439138
            },
            {
                "memory_mb": 208.48046875,
                "cpu_percent": 0.0,
                "timestamp": 1778821867.395915
            },
            {
                "memory_mb": 208.484375,
                "cpu_percent": 35.3,
                "timestamp": 1778821868.4435573
            },
            {
                "memory_mb": 208.49609375,
                "cpu_percent": 37.1,
                "timestamp": 1778821869.4960568
            },
            {
                "memory_mb": 208.48828125,
                "cpu_percent": 72.6,
                "timestamp": 1778821870.5431564
            },
            {
                "memory_mb": 208.48828125,
                "cpu_percent": 65.6,
                "timestamp": 1778821871.5955594
            },
            {
                "memory_mb": 208.484375,
                "cpu_percent": 2.8,
                "timestamp": 1778821872.6495662
            },
            {
                "memory_mb": 208.48828125,
                "cpu_percent": 58.1,
                "timestamp": 1778821873.6985717
            },
            {
                "memory_mb": 208.5,
                "cpu_percent": 71.3,
                "timestamp": 1778821874.7504542
            },
            {
                "memory_mb": 208.4921875,
                "cpu_percent": 37.3,
                "timestamp": 1778821875.797138
            },
            {
                "memory_mb": 208.484375,
                "cpu_percent": 37.1,
                "timestamp": 1778821876.8495336
            },
            {
                "memory_mb": 208.484375,
                "cpu_percent": 0.0,
                "timestamp": 1778821877.901535
            },
            {
                "memory_mb": 208.5,
                "cpu_percent": 67.4,
                "timestamp": 1778821878.9544487
            },
            {
                "memory_mb": 208.4921875,
                "cpu_percent": 70.3,
                "timestamp": 1778821880.0065799
            },
            {
                "memory_mb": 236.390625,
                "cpu_percent": 8.6,
                "timestamp": 1778821881.058691
            },
            {
                "memory_mb": 208.48828125,
                "cpu_percent": 1.9,
                "timestamp": 1778821882.112076
            },
            {
                "memory_mb": 208.4921875,
                "cpu_percent": 6.7,
                "timestamp": 1778821883.1596298
            },
            {
                "memory_mb": 208.50390625,
                "cpu_percent": 60.8,
                "timestamp": 1778821884.2116785
            },
            {
                "memory_mb": 208.5,
                "cpu_percent": 48.7,
                "timestamp": 1778821885.2581346
            },
            {
                "memory_mb": 208.4921875,
                "cpu_percent": 92.2,
                "timestamp": 1778821886.3103871
            },
            {
                "memory_mb": 208.48828125,
                "cpu_percent": 2.9,
                "timestamp": 1778821887.3626544
            },
            {
                "memory_mb": 208.4921875,
                "cpu_percent": 29.6,
                "timestamp": 1778821888.4099865
            },
            {
                "memory_mb": 208.5,
                "cpu_percent": 99.3,
                "timestamp": 1778821889.4574678
            },
            {
                "memory_mb": 208.49609375,
                "cpu_percent": 9.5,
                "timestamp": 1778821890.5101047
            },
            {
                "memory_mb": 208.48828125,
                "cpu_percent": 68.4,
                "timestamp": 1778821891.5623145
            },
            {
                "memory_mb": 208.48828125,
                "cpu_percent": 0.0,
                "timestamp": 1778821892.6146567
            },
            {
                "memory_mb": 208.5,
                "cpu_percent": 52.5,
                "timestamp": 1778821893.661929
            },
            {
                "memory_mb": 208.50390625,
                "cpu_percent": 72.6,
                "timestamp": 1778821894.7085943
            },
            {
                "memory_mb": 236.39453125,
                "cpu_percent": 14.3,
                "timestamp": 1778821895.760727
            },
            {
                "memory_mb": 208.48828125,
                "cpu_percent": 5.7,
                "timestamp": 1778821896.8127258
            },
            {
                "memory_mb": 208.48828125,
                "cpu_percent": 1.0,
                "timestamp": 1778821897.8631098
            },
            {
                "memory_mb": 208.48828125,
                "cpu_percent": 0.0,
                "timestamp": 1778821898.1467814
            }
        ]
    }
}
