{
    "active_periods": [
        {
            "start": 1777156855.682813,
            "end": 1777157159.757653,
            "duration_sec": 304.07484006881714,
            "tasks_completed": 723,
            "throughput_tps": 2.377704119934333
        }
    ],
    "history": [
        {
            "timestamp": 1777156855.682813,
            "messages": 0,
            "ack": 7961
        },
        {
            "timestamp": 1777156860.690914,
            "messages": 0,
            "ack": 7961
        },
        {
            "timestamp": 1777156865.696887,
            "messages": 4,
            "ack": 7972
        },
        {
            "timestamp": 1777156870.701464,
            "messages": 8,
            "ack": 7985
        },
        {
            "timestamp": 1777156875.70629,
            "messages": 6,
            "ack": 7997
        },
        {
            "timestamp": 1777156880.711113,
            "messages": 4,
            "ack": 8009
        },
        {
            "timestamp": 1777156885.716891,
            "messages": 4,
            "ack": 8021
        },
        {
            "timestamp": 1777156890.722122,
            "messages": 8,
            "ack": 8033
        },
        {
            "timestamp": 1777156895.728101,
            "messages": 8,
            "ack": 8045
        },
        {
            "timestamp": 1777156900.732782,
            "messages": 6,
            "ack": 8057
        },
        {
            "timestamp": 1777156905.738513,
            "messages": 8,
            "ack": 8069
        },
        {
            "timestamp": 1777156910.743945,
            "messages": 8,
            "ack": 8081
        },
        {
            "timestamp": 1777156915.749454,
            "messages": 8,
            "ack": 8093
        },
        {
            "timestamp": 1777156920.754444,
            "messages": 12,
            "ack": 8105
        },
        {
            "timestamp": 1777156925.759291,
            "messages": 10,
            "ack": 8117
        },
        {
            "timestamp": 1777156930.764545,
            "messages": 10,
            "ack": 8129
        },
        {
            "timestamp": 1777156935.769522,
            "messages": 8,
            "ack": 8141
        },
        {
            "timestamp": 1777156940.773811,
            "messages": 8,
            "ack": 8153
        },
        {
            "timestamp": 1777156945.778966,
            "messages": 12,
            "ack": 8165
        },
        {
            "timestamp": 1777156950.784564,
            "messages": 12,
            "ack": 8177
        },
        {
            "timestamp": 1777156955.789376,
            "messages": 12,
            "ack": 8189
        },
        {
            "timestamp": 1777156960.794101,
            "messages": 11,
            "ack": 8201
        },
        {
            "timestamp": 1777156965.799022,
            "messages": 10,
            "ack": 8213
        },
        {
            "timestamp": 1777156970.805219,
            "messages": 14,
            "ack": 8224
        },
        {
            "timestamp": 1777156975.81093,
            "messages": 14,
            "ack": 8235
        },
        {
            "timestamp": 1777156980.815928,
            "messages": 14,
            "ack": 8247
        },
        {
            "timestamp": 1777156985.820512,
            "messages": 14,
            "ack": 8259
        },
        {
            "timestamp": 1777156990.825013,
            "messages": 18,
            "ack": 8272
        },
        {
            "timestamp": 1777156995.829201,
            "messages": 16,
            "ack": 8285
        },
        {
            "timestamp": 1777157000.833896,
            "messages": 15,
            "ack": 8297
        },
        {
            "timestamp": 1777157005.839158,
            "messages": 15,
            "ack": 8310
        },
        {
            "timestamp": 1777157010.844987,
            "messages": 19,
            "ack": 8322
        },
        {
            "timestamp": 1777157015.850342,
            "messages": 18,
            "ack": 8334
        },
        {
            "timestamp": 1777157020.856096,
            "messages": 18,
            "ack": 8346
        },
        {
            "timestamp": 1777157025.862487,
            "messages": 16,
            "ack": 8358
        },
        {
            "timestamp": 1777157030.868634,
            "messages": 15,
            "ack": 8370
        },
        {
            "timestamp": 1777157035.873747,
            "messages": 19,
            "ack": 8382
        },
        {
            "timestamp": 1777157040.880512,
            "messages": 19,
            "ack": 8394
        },
        {
            "timestamp": 1777157045.88627,
            "messages": 18,
            "ack": 8406
        },
        {
            "timestamp": 1777157050.890746,
            "messages": 22,
            "ack": 8418
        },
        {
            "timestamp": 1777157055.896849,
            "messages": 21,
            "ack": 8430
        },
        {
            "timestamp": 1777157060.902647,
            "messages": 20,
            "ack": 8442
        },
        {
            "timestamp": 1777157065.9073,
            "messages": 19,
            "ack": 8454
        },
        {
            "timestamp": 1777157070.915062,
            "messages": 19,
            "ack": 8466
        },
        {
            "timestamp": 1777157075.920251,
            "messages": 23,
            "ack": 8478
        },
        {
            "timestamp": 1777157080.925184,
            "messages": 23,
            "ack": 8490
        },
        {
            "timestamp": 1777157085.930146,
            "messages": 23,
            "ack": 8502
        },
        {
            "timestamp": 1777157090.934999,
            "messages": 22,
            "ack": 8514
        },
        {
            "timestamp": 1777157095.940757,
            "messages": 22,
            "ack": 8527
        },
        {
            "timestamp": 1777157100.948758,
            "messages": 25,
            "ack": 8539
        },
        {
            "timestamp": 1777157105.95443,
            "messages": 24,
            "ack": 8550
        },
        {
            "timestamp": 1777157110.959662,
            "messages": 23,
            "ack": 8563
        },
        {
            "timestamp": 1777157115.963962,
            "messages": 23,
            "ack": 8575
        },
        {
            "timestamp": 1777157120.968161,
            "messages": 27,
            "ack": 8587
        },
        {
            "timestamp": 1777157125.973497,
            "messages": 26,
            "ack": 8599
        },
        {
            "timestamp": 1777157130.979832,
            "messages": 26,
            "ack": 8611
        },
        {
            "timestamp": 1777157135.98539,
            "messages": 26,
            "ack": 8623
        },
        {
            "timestamp": 1777157140.990185,
            "messages": 25,
            "ack": 8635
        },
        {
            "timestamp": 1777157145.996073,
            "messages": 28,
            "ack": 8647
        },
        {
            "timestamp": 1777157151.003579,
            "messages": 27,
            "ack": 8659
        },
        {
            "timestamp": 1777157156.007361,
            "messages": 27,
            "ack": 8671
        },
        {
            "timestamp": 1777157159.741661,
            "messages": 30,
            "ack": 8684
        }
    ]
}