{
    "334194": {
        "ppid": "254983",
        "name": "celery",
        "cmdline": "/home/experimenter/projects/celery-autoscale/.venv/bin/python3 /home/experimenter/projects/celery-autoscale/.venv/bin/celery -A celery_app worker --loglevel=INFO --concurrency=4 --pool=eventlet",
        "create_time": "2026-05-15T04:50:34.430000",
        "last_update": "2026-05-15T04:55:37.466925",
        "voluntary_ctxt_switches": 2684,
        "nonvoluntary_ctxt_switches": 2533,
        "jiffies": 19993,
        "stats": [
            {
                "memory_mb": 52.35546875,
                "cpu_percent": 0.0,
                "timestamp": 1778809835.5035594
            },
            {
                "memory_mb": 52.84375,
                "cpu_percent": 30.5,
                "timestamp": 1778809836.5526311
            },
            {
                "memory_mb": 117.46484375,
                "cpu_percent": 40.9,
                "timestamp": 1778809837.6049275
            },
            {
                "memory_mb": 145.1171875,
                "cpu_percent": 73.5,
                "timestamp": 1778809838.6531994
            },
            {
                "memory_mb": 145.12890625,
                "cpu_percent": 100.2,
                "timestamp": 1778809839.701067
            },
            {
                "memory_mb": 153.68359375,
                "cpu_percent": 88.0,
                "timestamp": 1778809840.757389
            },
            {
                "memory_mb": 190.35546875,
                "cpu_percent": 8.6,
                "timestamp": 1778809841.8096015
            },
            {
                "memory_mb": 226.59765625,
                "cpu_percent": 62.1,
                "timestamp": 1778809842.856645
            },
            {
                "memory_mb": 226.6015625,
                "cpu_percent": 71.6,
                "timestamp": 1778809843.904798
            },
            {
                "memory_mb": 226.6015625,
                "cpu_percent": 74.4,
                "timestamp": 1778809844.9535697
            },
            {
                "memory_mb": 226.60546875,
                "cpu_percent": 72.5,
                "timestamp": 1778809846.0014215
            },
            {
                "memory_mb": 236.52734375,
                "cpu_percent": 14.3,
                "timestamp": 1778809847.0495656
            },
            {
                "memory_mb": 236.52734375,
                "cpu_percent": 99.2,
                "timestamp": 1778809848.0976095
            },
            {
                "memory_mb": 236.52734375,
                "cpu_percent": 73.5,
                "timestamp": 1778809849.1445591
            },
            {
                "memory_mb": 236.5234375,
                "cpu_percent": 72.5,
                "timestamp": 1778809850.19222
            },
            {
                "memory_mb": 236.53125,
                "cpu_percent": 31.4,
                "timestamp": 1778809851.2444546
            },
            {
                "memory_mb": 233.16015625,
                "cpu_percent": 82.1,
                "timestamp": 1778809852.2922955
            },
            {
                "memory_mb": 233.16015625,
                "cpu_percent": 74.4,
                "timestamp": 1778809853.3399897
            },
            {
                "memory_mb": 233.15625,
                "cpu_percent": 71.6,
                "timestamp": 1778809854.3872697
            },
            {
                "memory_mb": 233.1640625,
                "cpu_percent": 54.1,
                "timestamp": 1778809855.4414618
            },
            {
                "memory_mb": 230.76953125,
                "cpu_percent": 59.2,
                "timestamp": 1778809856.4894311
            },
            {
                "memory_mb": 230.7734375,
                "cpu_percent": 84.5,
                "timestamp": 1778809857.5424478
            },
            {
                "memory_mb": 230.765625,
                "cpu_percent": 68.4,
                "timestamp": 1778809858.5947669
            },
            {
                "memory_mb": 230.77734375,
                "cpu_percent": 65.6,
                "timestamp": 1778809859.6466947
            },
            {
                "memory_mb": 230.76953125,
                "cpu_percent": 40.1,
                "timestamp": 1778809860.694162
            },
            {
                "memory_mb": 230.7734375,
                "cpu_percent": 100.3,
                "timestamp": 1778809861.7414513
            },
            {
                "memory_mb": 226.0078125,
                "cpu_percent": 74.5,
                "timestamp": 1778809862.788818
            },
            {
                "memory_mb": 226.01171875,
                "cpu_percent": 67.6,
                "timestamp": 1778809863.8386974
            },
            {
                "memory_mb": 226.71484375,
                "cpu_percent": 18.1,
                "timestamp": 1778809864.886363
            },
            {
                "memory_mb": 226.71875,
                "cpu_percent": 99.3,
                "timestamp": 1778809865.9341638
            },
            {
                "memory_mb": 226.72265625,
                "cpu_percent": 73.5,
                "timestamp": 1778809866.982141
            },
            {
                "memory_mb": 226.71875,
                "cpu_percent": 72.3,
                "timestamp": 1778809868.032704
            },
            {
                "memory_mb": 226.7265625,
                "cpu_percent": 20.9,
                "timestamp": 1778809869.0846968
            },
            {
                "memory_mb": 226.72265625,
                "cpu_percent": 91.5,
                "timestamp": 1778809870.1334534
            },
            {
                "memory_mb": 226.72265625,
                "cpu_percent": 74.4,
                "timestamp": 1778809871.1819115
            },
            {
                "memory_mb": 226.71875,
                "cpu_percent": 72.5,
                "timestamp": 1778809872.2300181
            },
            {
                "memory_mb": 226.7265625,
                "cpu_percent": 40.8,
                "timestamp": 1778809873.2835977
            },
            {
                "memory_mb": 221.30078125,
                "cpu_percent": 71.6,
                "timestamp": 1778809874.3312435
            },
            {
                "memory_mb": 221.3046875,
                "cpu_percent": 73.1,
                "timestamp": 1778809875.383934
            },
            {
                "memory_mb": 221.30078125,
                "cpu_percent": 70.6,
                "timestamp": 1778809876.432204
            },
            {
                "memory_mb": 221.31640625,
                "cpu_percent": 58.9,
                "timestamp": 1778809877.484373
            },
            {
                "memory_mb": 221.30859375,
                "cpu_percent": 53.4,
                "timestamp": 1778809878.532785
            },
            {
                "memory_mb": 221.3125,
                "cpu_percent": 88.4,
                "timestamp": 1778809879.5844636
            },
            {
                "memory_mb": 221.3046875,
                "cpu_percent": 68.5,
                "timestamp": 1778809880.6360633
            },
            {
                "memory_mb": 221.31640625,
                "cpu_percent": 65.6,
                "timestamp": 1778809881.6879907
            },
            {
                "memory_mb": 226.72265625,
                "cpu_percent": 37.3,
                "timestamp": 1778809882.7347953
            },
            {
                "memory_mb": 226.7265625,
                "cpu_percent": 100.2,
                "timestamp": 1778809883.7828197
            },
            {
                "memory_mb": 226.71875,
                "cpu_percent": 69.7,
                "timestamp": 1778809884.8307378
            },
            {
                "memory_mb": 226.73046875,
                "cpu_percent": 66.6,
                "timestamp": 1778809885.88248
            },
            {
                "memory_mb": 226.72265625,
                "cpu_percent": 20.0,
                "timestamp": 1778809886.9306166
            },
            {
                "memory_mb": 226.7265625,
                "cpu_percent": 99.2,
                "timestamp": 1778809887.9785852
            },
            {
                "memory_mb": 219.66015625,
                "cpu_percent": 73.5,
                "timestamp": 1778809889.0260937
            },
            {
                "memory_mb": 219.65625,
                "cpu_percent": 75.4,
                "timestamp": 1778809890.0736272
            },
            {
                "memory_mb": 226.734375,
                "cpu_percent": 18.0,
                "timestamp": 1778809891.126416
            },
            {
                "memory_mb": 226.73046875,
                "cpu_percent": 94.5,
                "timestamp": 1778809892.1740985
            },
            {
                "memory_mb": 226.73046875,
                "cpu_percent": 73.5,
                "timestamp": 1778809893.2218583
            },
            {
                "memory_mb": 226.7265625,
                "cpu_percent": 74.4,
                "timestamp": 1778809894.2698905
            },
            {
                "memory_mb": 226.734375,
                "cpu_percent": 34.3,
                "timestamp": 1778809895.320269
            },
            {
                "memory_mb": 226.734375,
                "cpu_percent": 78.2,
                "timestamp": 1778809896.3682852
            },
            {
                "memory_mb": 226.734375,
                "cpu_percent": 75.3,
                "timestamp": 1778809897.4168212
            },
            {
                "memory_mb": 226.73046875,
                "cpu_percent": 72.5,
                "timestamp": 1778809898.4645567
            },
            {
                "memory_mb": 226.73828125,
                "cpu_percent": 49.4,
                "timestamp": 1778809899.517358
            },
            {
                "memory_mb": 226.73046875,
                "cpu_percent": 63.0,
                "timestamp": 1778809900.564553
            },
            {
                "memory_mb": 226.734375,
                "cpu_percent": 76.0,
                "timestamp": 1778809901.6171448
            },
            {
                "memory_mb": 226.73046875,
                "cpu_percent": 71.2,
                "timestamp": 1778809902.6701744
            },
            {
                "memory_mb": 226.73828125,
                "cpu_percent": 61.8,
                "timestamp": 1778809903.7220376
            },
            {
                "memory_mb": 226.73828125,
                "cpu_percent": 50.6,
                "timestamp": 1778809904.7701643
            },
            {
                "memory_mb": 226.7421875,
                "cpu_percent": 90.2,
                "timestamp": 1778809905.8234508
            },
            {
                "memory_mb": 226.734375,
                "cpu_percent": 68.5,
                "timestamp": 1778809906.874999
            },
            {
                "memory_mb": 226.74609375,
                "cpu_percent": 65.6,
                "timestamp": 1778809907.926795
            },
            {
                "memory_mb": 226.73828125,
                "cpu_percent": 36.3,
                "timestamp": 1778809908.9745233
            },
            {
                "memory_mb": 226.7421875,
                "cpu_percent": 99.3,
                "timestamp": 1778809910.0222664
            },
            {
                "memory_mb": 226.7421875,
                "cpu_percent": 73.4,
                "timestamp": 1778809911.0714724
            },
            {
                "memory_mb": 226.74609375,
                "cpu_percent": 67.7,
                "timestamp": 1778809912.1200604
            },
            {
                "memory_mb": 226.74609375,
                "cpu_percent": 18.1,
                "timestamp": 1778809913.1679492
            },
            {
                "memory_mb": 226.75,
                "cpu_percent": 100.1,
                "timestamp": 1778809914.2165816
            },
            {
                "memory_mb": 226.75,
                "cpu_percent": 72.5,
                "timestamp": 1778809915.2650206
            },
            {
                "memory_mb": 226.74609375,
                "cpu_percent": 73.5,
                "timestamp": 1778809916.313033
            },
            {
                "memory_mb": 226.75,
                "cpu_percent": 17.1,
                "timestamp": 1778809917.3654807
            },
            {
                "memory_mb": 226.75,
                "cpu_percent": 96.3,
                "timestamp": 1778809918.414022
            },
            {
                "memory_mb": 224.15234375,
                "cpu_percent": 72.5,
                "timestamp": 1778809919.4619093
            },
            {
                "memory_mb": 224.1484375,
                "cpu_percent": 74.3,
                "timestamp": 1778809920.5119896
            },
            {
                "memory_mb": 224.15625,
                "cpu_percent": 32.3,
                "timestamp": 1778809921.5642734
            },
            {
                "memory_mb": 226.74609375,
                "cpu_percent": 80.2,
                "timestamp": 1778809922.6115038
            },
            {
                "memory_mb": 226.74609375,
                "cpu_percent": 74.4,
                "timestamp": 1778809923.6593194
            },
            {
                "memory_mb": 226.7421875,
                "cpu_percent": 72.5,
                "timestamp": 1778809924.7078702
            },
            {
                "memory_mb": 226.75390625,
                "cpu_percent": 51.2,
                "timestamp": 1778809925.7624152
            },
            {
                "memory_mb": 236.57421875,
                "cpu_percent": 60.1,
                "timestamp": 1778809926.810186
            },
            {
                "memory_mb": 236.57421875,
                "cpu_percent": 79.8,
                "timestamp": 1778809927.8626711
            },
            {
                "memory_mb": 236.56640625,
                "cpu_percent": 68.4,
                "timestamp": 1778809928.9147775
            },
            {
                "memory_mb": 236.578125,
                "cpu_percent": 65.6,
                "timestamp": 1778809929.9666102
            },
            {
                "memory_mb": 233.640625,
                "cpu_percent": 43.9,
                "timestamp": 1778809931.0141258
            },
            {
                "memory_mb": 231.23828125,
                "cpu_percent": 96.4,
                "timestamp": 1778809932.061423
            },
            {
                "memory_mb": 231.23046875,
                "cpu_percent": 70.3,
                "timestamp": 1778809933.1146336
            },
            {
                "memory_mb": 231.2421875,
                "cpu_percent": 64.6,
                "timestamp": 1778809934.1669939
            },
            {
                "memory_mb": 228.8515625,
                "cpu_percent": 30.5,
                "timestamp": 1778809935.2148674
            },
            {
                "memory_mb": 228.85546875,
                "cpu_percent": 99.1,
                "timestamp": 1778809936.2644083
            },
            {
                "memory_mb": 225.03125,
                "cpu_percent": 73.4,
                "timestamp": 1778809937.31281
            },
            {
                "memory_mb": 225.02734375,
                "cpu_percent": 72.5,
                "timestamp": 1778809938.3611274
            },
            {
                "memory_mb": 226.74609375,
                "cpu_percent": 12.4,
                "timestamp": 1778809939.4135716
            },
            {
                "memory_mb": 226.75,
                "cpu_percent": 101.2,
                "timestamp": 1778809940.4610302
            },
            {
                "memory_mb": 226.75,
                "cpu_percent": 73.4,
                "timestamp": 1778809941.5102355
            },
            {
                "memory_mb": 226.74609375,
                "cpu_percent": 71.5,
                "timestamp": 1778809942.5585523
            },
            {
                "memory_mb": 226.75,
                "cpu_percent": 22.9,
                "timestamp": 1778809943.6066382
            },
            {
                "memory_mb": 226.75,
                "cpu_percent": 88.7,
                "timestamp": 1778809944.6547067
            },
            {
                "memory_mb": 226.75,
                "cpu_percent": 74.4,
                "timestamp": 1778809945.702598
            },
            {
                "memory_mb": 226.74609375,
                "cpu_percent": 71.6,
                "timestamp": 1778809946.7498496
            },
            {
                "memory_mb": 226.7578125,
                "cpu_percent": 35.2,
                "timestamp": 1778809947.802141
            },
            {
                "memory_mb": 226.75390625,
                "cpu_percent": 78.3,
                "timestamp": 1778809948.8497257
            },
            {
                "memory_mb": 226.75390625,
                "cpu_percent": 72.6,
                "timestamp": 1778809949.8970344
            },
            {
                "memory_mb": 226.75,
                "cpu_percent": 77.3,
                "timestamp": 1778809950.944532
            },
            {
                "memory_mb": 226.76171875,
                "cpu_percent": 53.2,
                "timestamp": 1778809951.9971416
            },
            {
                "memory_mb": 226.75390625,
                "cpu_percent": 61.0,
                "timestamp": 1778809953.0471048
            },
            {
                "memory_mb": 226.7578125,
                "cpu_percent": 79.7,
                "timestamp": 1778809954.1004596
            },
            {
                "memory_mb": 226.75,
                "cpu_percent": 71.3,
                "timestamp": 1778809955.1530545
            },
            {
                "memory_mb": 226.76171875,
                "cpu_percent": 65.5,
                "timestamp": 1778809956.2057188
            },
            {
                "memory_mb": 226.7578125,
                "cpu_percent": 44.9,
                "timestamp": 1778809957.2535968
            },
            {
                "memory_mb": 226.76171875,
                "cpu_percent": 95.4,
                "timestamp": 1778809958.3014324
            },
            {
                "memory_mb": 226.75390625,
                "cpu_percent": 70.3,
                "timestamp": 1778809959.3535113
            },
            {
                "memory_mb": 226.765625,
                "cpu_percent": 64.6,
                "timestamp": 1778809960.4058247
            },
            {
                "memory_mb": 219.609375,
                "cpu_percent": 30.5,
                "timestamp": 1778809961.4541507
            },
            {
                "memory_mb": 219.61328125,
                "cpu_percent": 99.2,
                "timestamp": 1778809962.5021985
            },
            {
                "memory_mb": 219.61328125,
                "cpu_percent": 74.4,
                "timestamp": 1778809963.5504825
            },
            {
                "memory_mb": 219.6171875,
                "cpu_percent": 73.5,
                "timestamp": 1778809964.598395
            },
            {
                "memory_mb": 226.76171875,
                "cpu_percent": 14.3,
                "timestamp": 1778809965.6474154
            },
            {
                "memory_mb": 226.765625,
                "cpu_percent": 100.2,
                "timestamp": 1778809966.6952133
            },
            {
                "memory_mb": 226.765625,
                "cpu_percent": 73.5,
                "timestamp": 1778809967.7424803
            },
            {
                "memory_mb": 226.76171875,
                "cpu_percent": 72.5,
                "timestamp": 1778809968.790227
            },
            {
                "memory_mb": 226.7734375,
                "cpu_percent": 23.7,
                "timestamp": 1778809969.8430157
            },
            {
                "memory_mb": 226.76953125,
                "cpu_percent": 88.8,
                "timestamp": 1778809970.8905606
            },
            {
                "memory_mb": 219.703125,
                "cpu_percent": 74.4,
                "timestamp": 1778809971.9384153
            },
            {
                "memory_mb": 219.69921875,
                "cpu_percent": 75.4,
                "timestamp": 1778809972.9863946
            },
            {
                "memory_mb": 219.70703125,
                "cpu_percent": 37.1,
                "timestamp": 1778809974.0376625
            },
            {
                "memory_mb": 226.76953125,
                "cpu_percent": 75.4,
                "timestamp": 1778809975.0856202
            },
            {
                "memory_mb": 226.76953125,
                "cpu_percent": 74.3,
                "timestamp": 1778809976.1357539
            },
            {
                "memory_mb": 226.765625,
                "cpu_percent": 76.4,
                "timestamp": 1778809977.183263
            },
            {
                "memory_mb": 226.7734375,
                "cpu_percent": 52.3,
                "timestamp": 1778809978.2350178
            },
            {
                "memory_mb": 226.76953125,
                "cpu_percent": 61.0,
                "timestamp": 1778809979.2840958
            },
            {
                "memory_mb": 226.7734375,
                "cpu_percent": 80.8,
                "timestamp": 1778809980.3354719
            },
            {
                "memory_mb": 226.765625,
                "cpu_percent": 68.5,
                "timestamp": 1778809981.3873336
            },
            {
                "memory_mb": 226.77734375,
                "cpu_percent": 65.6,
                "timestamp": 1778809982.439734
            },
            {
                "memory_mb": 226.76953125,
                "cpu_percent": 44.7,
                "timestamp": 1778809983.4904509
            },
            {
                "memory_mb": 226.7734375,
                "cpu_percent": 96.4,
                "timestamp": 1778809984.5382812
            },
            {
                "memory_mb": 222.90625,
                "cpu_percent": 68.2,
                "timestamp": 1778809985.593393
            },
            {
                "memory_mb": 222.91796875,
                "cpu_percent": 64.6,
                "timestamp": 1778809986.6454377
            },
            {
                "memory_mb": 226.765625,
                "cpu_percent": 30.5,
                "timestamp": 1778809987.6937163
            },
            {
                "memory_mb": 226.76953125,
                "cpu_percent": 101.0,
                "timestamp": 1778809988.743702
            },
            {
                "memory_mb": 226.7734375,
                "cpu_percent": 73.5,
                "timestamp": 1778809989.7918487
            },
            {
                "memory_mb": 226.7734375,
                "cpu_percent": 72.5,
                "timestamp": 1778809990.8398883
            },
            {
                "memory_mb": 226.77734375,
                "cpu_percent": 13.3,
                "timestamp": 1778809991.8923156
            },
            {
                "memory_mb": 226.78125,
                "cpu_percent": 99.3,
                "timestamp": 1778809992.9396803
            },
            {
                "memory_mb": 226.78125,
                "cpu_percent": 74.4,
                "timestamp": 1778809993.9876037
            },
            {
                "memory_mb": 226.77734375,
                "cpu_percent": 72.6,
                "timestamp": 1778809995.0348983
            },
            {
                "memory_mb": 226.78515625,
                "cpu_percent": 28.5,
                "timestamp": 1778809996.086706
            },
            {
                "memory_mb": 236.609375,
                "cpu_percent": 83.0,
                "timestamp": 1778809997.1345365
            },
            {
                "memory_mb": 236.609375,
                "cpu_percent": 73.6,
                "timestamp": 1778809998.1813807
            },
            {
                "memory_mb": 236.60546875,
                "cpu_percent": 71.6,
                "timestamp": 1778809999.2285776
            },
            {
                "memory_mb": 236.61328125,
                "cpu_percent": 51.3,
                "timestamp": 1778810000.2811968
            },
            {
                "memory_mb": 232.7265625,
                "cpu_percent": 61.1,
                "timestamp": 1778810001.3286724
            },
            {
                "memory_mb": 223.66796875,
                "cpu_percent": 85.6,
                "timestamp": 1778810002.380475
            },
            {
                "memory_mb": 223.66015625,
                "cpu_percent": 68.4,
                "timestamp": 1778810003.4330432
            },
            {
                "memory_mb": 223.671875,
                "cpu_percent": 64.7,
                "timestamp": 1778810004.4844055
            },
            {
                "memory_mb": 226.77734375,
                "cpu_percent": 40.1,
                "timestamp": 1778810005.5323997
            },
            {
                "memory_mb": 226.78125,
                "cpu_percent": 100.2,
                "timestamp": 1778810006.5806053
            },
            {
                "memory_mb": 226.7734375,
                "cpu_percent": 73.5,
                "timestamp": 1778810007.628367
            },
            {
                "memory_mb": 226.78515625,
                "cpu_percent": 64.7,
                "timestamp": 1778810008.6796696
            },
            {
                "memory_mb": 226.77734375,
                "cpu_percent": 21.0,
                "timestamp": 1778810009.7273324
            },
            {
                "memory_mb": 226.78125,
                "cpu_percent": 99.0,
                "timestamp": 1778810010.7775145
            },
            {
                "memory_mb": 226.78125,
                "cpu_percent": 74.4,
                "timestamp": 1778810011.8258884
            },
            {
                "memory_mb": 226.77734375,
                "cpu_percent": 72.5,
                "timestamp": 1778810012.87405
            },
            {
                "memory_mb": 226.78515625,
                "cpu_percent": 18.1,
                "timestamp": 1778810013.9261785
            },
            {
                "memory_mb": 223.85546875,
                "cpu_percent": 94.5,
                "timestamp": 1778810014.973909
            },
            {
                "memory_mb": 223.85546875,
                "cpu_percent": 73.5,
                "timestamp": 1778810016.0213573
            },
            {
                "memory_mb": 223.8515625,
                "cpu_percent": 72.5,
                "timestamp": 1778810017.0691264
            },
            {
                "memory_mb": 223.859375,
                "cpu_percent": 41.8,
                "timestamp": 1778810018.1216881
            },
            {
                "memory_mb": 226.78515625,
                "cpu_percent": 71.5,
                "timestamp": 1778810019.1701303
            },
            {
                "memory_mb": 226.7890625,
                "cpu_percent": 75.1,
                "timestamp": 1778810020.221985
            },
            {
                "memory_mb": 226.78515625,
                "cpu_percent": 70.3,
                "timestamp": 1778810021.2743425
            },
            {
                "memory_mb": 226.79296875,
                "cpu_percent": 61.8,
                "timestamp": 1778810022.326459
            },
            {
                "memory_mb": 226.78515625,
                "cpu_percent": 51.5,
                "timestamp": 1778810023.3742282
            },
            {
                "memory_mb": 219.7265625,
                "cpu_percent": 94.5,
                "timestamp": 1778810024.4221814
            },
            {
                "memory_mb": 219.71875,
                "cpu_percent": 69.4,
                "timestamp": 1778810025.4741552
            },
            {
                "memory_mb": 219.734375,
                "cpu_percent": 66.5,
                "timestamp": 1778810026.526501
            },
            {
                "memory_mb": 226.7890625,
                "cpu_percent": 29.6,
                "timestamp": 1778810027.574209
            },
            {
                "memory_mb": 226.79296875,
                "cpu_percent": 100.2,
                "timestamp": 1778810028.6220803
            },
            {
                "memory_mb": 226.79296875,
                "cpu_percent": 74.4,
                "timestamp": 1778810029.6700578
            },
            {
                "memory_mb": 226.7890625,
                "cpu_percent": 72.6,
                "timestamp": 1778810030.7171512
            },
            {
                "memory_mb": 226.7890625,
                "cpu_percent": 12.4,
                "timestamp": 1778810031.7690456
            },
            {
                "memory_mb": 226.79296875,
                "cpu_percent": 100.2,
                "timestamp": 1778810032.8169818
            },
            {
                "memory_mb": 221.59375,
                "cpu_percent": 73.4,
                "timestamp": 1778810033.8658683
            },
            {
                "memory_mb": 221.58984375,
                "cpu_percent": 74.5,
                "timestamp": 1778810034.91304
            },
            {
                "memory_mb": 226.80078125,
                "cpu_percent": 23.8,
                "timestamp": 1778810035.965117
            },
            {
                "memory_mb": 226.796875,
                "cpu_percent": 88.6,
                "timestamp": 1778810037.0142605
            },
            {
                "memory_mb": 226.796875,
                "cpu_percent": 74.5,
                "timestamp": 1778810038.0615983
            },
            {
                "memory_mb": 226.79296875,
                "cpu_percent": 75.4,
                "timestamp": 1778810039.109777
            },
            {
                "memory_mb": 226.80078125,
                "cpu_percent": 40.9,
                "timestamp": 1778810040.162117
            },
            {
                "memory_mb": 236.6171875,
                "cpu_percent": 71.4,
                "timestamp": 1778810041.2131486
            },
            {
                "memory_mb": 236.62109375,
                "cpu_percent": 73.2,
                "timestamp": 1778810042.2649078
            },
            {
                "memory_mb": 236.6171875,
                "cpu_percent": 71.5,
                "timestamp": 1778810043.3134694
            },
            {
                "memory_mb": 236.625,
                "cpu_percent": 57.1,
                "timestamp": 1778810044.364795
            },
            {
                "memory_mb": 233.21484375,
                "cpu_percent": 57.2,
                "timestamp": 1778810045.413738
            },
            {
                "memory_mb": 229.17578125,
                "cpu_percent": 83.6,
                "timestamp": 1778810046.4657571
            },
            {
                "memory_mb": 229.16796875,
                "cpu_percent": 67.5,
                "timestamp": 1778810047.5183647
            },
            {
                "memory_mb": 229.1796875,
                "cpu_percent": 67.5,
                "timestamp": 1778810048.570707
            },
            {
                "memory_mb": 229.171875,
                "cpu_percent": 38.1,
                "timestamp": 1778810049.6197724
            },
            {
                "memory_mb": 229.1796875,
                "cpu_percent": 100.0,
                "timestamp": 1778810050.6699307
            },
            {
                "memory_mb": 229.16796875,
                "cpu_percent": 71.6,
                "timestamp": 1778810051.7178195
            },
            {
                "memory_mb": 229.1796875,
                "cpu_percent": 64.6,
                "timestamp": 1778810052.769886
            },
            {
                "memory_mb": 229.171875,
                "cpu_percent": 22.9,
                "timestamp": 1778810053.8176374
            },
            {
                "memory_mb": 229.17578125,
                "cpu_percent": 100.2,
                "timestamp": 1778810054.8656273
            },
            {
                "memory_mb": 225.5546875,
                "cpu_percent": 74.4,
                "timestamp": 1778810055.9135869
            },
            {
                "memory_mb": 225.55078125,
                "cpu_percent": 72.5,
                "timestamp": 1778810056.9617307
            },
            {
                "memory_mb": 236.6328125,
                "cpu_percent": 12.4,
                "timestamp": 1778810058.0117576
            },
            {
                "memory_mb": 236.6328125,
                "cpu_percent": 99.3,
                "timestamp": 1778810059.0593975
            },
            {
                "memory_mb": 236.6328125,
                "cpu_percent": 74.4,
                "timestamp": 1778810060.1074424
            },
            {
                "memory_mb": 236.62890625,
                "cpu_percent": 69.6,
                "timestamp": 1778810061.1556892
            },
            {
                "memory_mb": 236.63671875,
                "cpu_percent": 28.5,
                "timestamp": 1778810062.2074275
            },
            {
                "memory_mb": 233.703125,
                "cpu_percent": 84.0,
                "timestamp": 1778810063.2555628
            },
            {
                "memory_mb": 224.76171875,
                "cpu_percent": 74.4,
                "timestamp": 1778810064.3036783
            },
            {
                "memory_mb": 224.7578125,
                "cpu_percent": 71.6,
                "timestamp": 1778810065.351202
            },
            {
                "memory_mb": 224.765625,
                "cpu_percent": 49.4,
                "timestamp": 1778810066.4030704
            },
            {
                "memory_mb": 226.8046875,
                "cpu_percent": 63.9,
                "timestamp": 1778810067.4514823
            },
            {
                "memory_mb": 226.80859375,
                "cpu_percent": 77.8,
                "timestamp": 1778810068.506124
            },
            {
                "memory_mb": 226.8046875,
                "cpu_percent": 72.2,
                "timestamp": 1778810069.5588312
            },
            {
                "memory_mb": 226.8125,
                "cpu_percent": 65.6,
                "timestamp": 1778810070.611266
            },
            {
                "memory_mb": 236.62890625,
                "cpu_percent": 44.8,
                "timestamp": 1778810071.661385
            },
            {
                "memory_mb": 236.62890625,
                "cpu_percent": 98.3,
                "timestamp": 1778810072.7094562
            },
            {
                "memory_mb": 236.62109375,
                "cpu_percent": 66.5,
                "timestamp": 1778810073.7623503
            },
            {
                "memory_mb": 236.6328125,
                "cpu_percent": 71.3,
                "timestamp": 1778810074.8148308
            },
            {
                "memory_mb": 232.484375,
                "cpu_percent": 22.0,
                "timestamp": 1778810075.8625417
            },
            {
                "memory_mb": 232.48828125,
                "cpu_percent": 101.1,
                "timestamp": 1778810076.9109302
            },
            {
                "memory_mb": 221.59375,
                "cpu_percent": 73.5,
                "timestamp": 1778810077.959198
            },
            {
                "memory_mb": 221.58984375,
                "cpu_percent": 72.5,
                "timestamp": 1778810079.0070674
            },
            {
                "memory_mb": 226.80859375,
                "cpu_percent": 15.2,
                "timestamp": 1778810080.0600984
            },
            {
                "memory_mb": 236.62890625,
                "cpu_percent": 96.4,
                "timestamp": 1778810081.108337
            },
            {
                "memory_mb": 221.59375,
                "cpu_percent": 72.5,
                "timestamp": 1778810082.156446
            },
            {
                "memory_mb": 221.58984375,
                "cpu_percent": 70.6,
                "timestamp": 1778810083.2040079
            },
            {
                "memory_mb": 221.59765625,
                "cpu_percent": 35.2,
                "timestamp": 1778810084.256568
            },
            {
                "memory_mb": 226.80078125,
                "cpu_percent": 78.2,
                "timestamp": 1778810085.3051345
            },
            {
                "memory_mb": 226.80078125,
                "cpu_percent": 73.5,
                "timestamp": 1778810086.3531823
            },
            {
                "memory_mb": 226.796875,
                "cpu_percent": 72.5,
                "timestamp": 1778810087.4015117
            },
            {
                "memory_mb": 226.8046875,
                "cpu_percent": 50.3,
                "timestamp": 1778810088.4553275
            },
            {
                "memory_mb": 226.8046875,
                "cpu_percent": 63.0,
                "timestamp": 1778810089.5030057
            },
            {
                "memory_mb": 226.80859375,
                "cpu_percent": 79.8,
                "timestamp": 1778810090.5553823
            },
            {
                "memory_mb": 226.80078125,
                "cpu_percent": 67.5,
                "timestamp": 1778810091.6075215
            },
            {
                "memory_mb": 226.8125,
                "cpu_percent": 65.6,
                "timestamp": 1778810092.6597245
            },
            {
                "memory_mb": 226.8046875,
                "cpu_percent": 46.7,
                "timestamp": 1778810093.7079978
            },
            {
                "memory_mb": 226.80859375,
                "cpu_percent": 96.4,
                "timestamp": 1778810094.7561426
            },
            {
                "memory_mb": 226.80078125,
                "cpu_percent": 67.5,
                "timestamp": 1778810095.8077621
            },
            {
                "memory_mb": 226.8125,
                "cpu_percent": 64.6,
                "timestamp": 1778810096.860276
            },
            {
                "memory_mb": 236.64453125,
                "cpu_percent": 27.7,
                "timestamp": 1778810097.9083192
            },
            {
                "memory_mb": 236.64453125,
                "cpu_percent": 100.0,
                "timestamp": 1778810098.9586058
            },
            {
                "memory_mb": 236.64453125,
                "cpu_percent": 73.4,
                "timestamp": 1778810100.007165
            },
            {
                "memory_mb": 236.640625,
                "cpu_percent": 70.6,
                "timestamp": 1778810101.0550406
            },
            {
                "memory_mb": 233.7109375,
                "cpu_percent": 12.4,
                "timestamp": 1778810102.1075385
            },
            {
                "memory_mb": 233.71484375,
                "cpu_percent": 100.1,
                "timestamp": 1778810103.1559694
            },
            {
                "memory_mb": 233.71484375,
                "cpu_percent": 75.3,
                "timestamp": 1778810104.2050312
            },
            {
                "memory_mb": 233.7109375,
                "cpu_percent": 71.6,
                "timestamp": 1778810105.253059
            },
            {
                "memory_mb": 233.71875,
                "cpu_percent": 25.7,
                "timestamp": 1778810106.305503
            },
            {
                "memory_mb": 236.64453125,
                "cpu_percent": 85.9,
                "timestamp": 1778810107.3528278
            },
            {
                "memory_mb": 236.64453125,
                "cpu_percent": 73.5,
                "timestamp": 1778810108.4009893
            },
            {
                "memory_mb": 236.640625,
                "cpu_percent": 73.5,
                "timestamp": 1778810109.4492548
            },
            {
                "memory_mb": 236.6484375,
                "cpu_percent": 42.8,
                "timestamp": 1778810110.5017958
            },
            {
                "memory_mb": 233.7109375,
                "cpu_percent": 70.6,
                "timestamp": 1778810111.5501122
            },
            {
                "memory_mb": 233.71875,
                "cpu_percent": 74.1,
                "timestamp": 1778810112.6030173
            },
            {
                "memory_mb": 233.71484375,
                "cpu_percent": 71.5,
                "timestamp": 1778810113.6519487
            },
            {
                "memory_mb": 233.72265625,
                "cpu_percent": 61.8,
                "timestamp": 1778810114.7043316
            },
            {
                "memory_mb": 231.33203125,
                "cpu_percent": 50.6,
                "timestamp": 1778810115.7515028
            },
            {
                "memory_mb": 225.49609375,
                "cpu_percent": 88.4,
                "timestamp": 1778810116.8037786
            },
            {
                "memory_mb": 225.48828125,
                "cpu_percent": 68.4,
                "timestamp": 1778810117.8558927
            },
            {
                "memory_mb": 225.5,
                "cpu_percent": 69.3,
                "timestamp": 1778810118.908567
            },
            {
                "memory_mb": 226.81640625,
                "cpu_percent": 32.5,
                "timestamp": 1778810119.956139
            },
            {
                "memory_mb": 226.8203125,
                "cpu_percent": 99.3,
                "timestamp": 1778810121.0036323
            },
            {
                "memory_mb": 226.82421875,
                "cpu_percent": 73.5,
                "timestamp": 1778810122.0516255
            },
            {
                "memory_mb": 226.828125,
                "cpu_percent": 67.8,
                "timestamp": 1778810123.0991406
            },
            {
                "memory_mb": 226.82421875,
                "cpu_percent": 17.2,
                "timestamp": 1778810124.1473622
            },
            {
                "memory_mb": 226.828125,
                "cpu_percent": 101.1,
                "timestamp": 1778810125.1957512
            },
            {
                "memory_mb": 226.828125,
                "cpu_percent": 74.5,
                "timestamp": 1778810126.2427232
            },
            {
                "memory_mb": 226.82421875,
                "cpu_percent": 73.5,
                "timestamp": 1778810127.2905831
            },
            {
                "memory_mb": 226.83203125,
                "cpu_percent": 21.9,
                "timestamp": 1778810128.342594
            },
            {
                "memory_mb": 236.65625,
                "cpu_percent": 88.8,
                "timestamp": 1778810129.3903935
            },
            {
                "memory_mb": 236.65625,
                "cpu_percent": 74.4,
                "timestamp": 1778810130.4385962
            },
            {
                "memory_mb": 236.65234375,
                "cpu_percent": 68.7,
                "timestamp": 1778810131.4872966
            },
            {
                "memory_mb": 236.66015625,
                "cpu_percent": 42.7,
                "timestamp": 1778810132.541145
            },
            {
                "memory_mb": 233.7265625,
                "cpu_percent": 69.6,
                "timestamp": 1778810133.5894063
            },
            {
                "memory_mb": 233.73046875,
                "cpu_percent": 73.1,
                "timestamp": 1778810134.6426632
            },
            {
                "memory_mb": 233.7265625,
                "cpu_percent": 74.4,
                "timestamp": 1778810135.6911125
            },
            {
                "memory_mb": 233.734375,
                "cpu_percent": 59.9,
                "timestamp": 1778810136.7436147
            },
            {
                "memory_mb": 233.7265625,
                "cpu_percent": 31.8,
                "timestamp": 1778810137.466925
            }
        ]
    }
}
