{
    "288566": {
        "ppid": "254983",
        "name": "celery",
        "cmdline": "/home/experimenter/projects/celery-autoscale/.venv/bin/python3 /home/experimenter/projects/celery-autoscale/.venv/bin/celery -A celery_app worker --loglevel=INFO --concurrency=2 --pool=gevent",
        "create_time": "2026-05-14T20:24:08.890000",
        "last_update": "2026-05-14T20:29:10.633389",
        "voluntary_ctxt_switches": 2112,
        "nonvoluntary_ctxt_switches": 438,
        "jiffies": 6000,
        "stats": [
            {
                "memory_mb": 48.2265625,
                "cpu_percent": 0.0,
                "timestamp": 1778779449.9681556
            },
            {
                "memory_mb": 48.6796875,
                "cpu_percent": 39.1,
                "timestamp": 1778779451.0176744
            },
            {
                "memory_mb": 48.703125,
                "cpu_percent": 28.5,
                "timestamp": 1778779452.072052
            },
            {
                "memory_mb": 48.70703125,
                "cpu_percent": 67.4,
                "timestamp": 1778779453.1257904
            },
            {
                "memory_mb": 48.70703125,
                "cpu_percent": 0.0,
                "timestamp": 1778779454.1748142
            },
            {
                "memory_mb": 48.70703125,
                "cpu_percent": 0.0,
                "timestamp": 1778779455.2278397
            },
            {
                "memory_mb": 121.87109375,
                "cpu_percent": 8.5,
                "timestamp": 1778779456.2818372
            },
            {
                "memory_mb": 140.1484375,
                "cpu_percent": 64.6,
                "timestamp": 1778779457.3347564
            },
            {
                "memory_mb": 139.37890625,
                "cpu_percent": 2.8,
                "timestamp": 1778779458.3881166
            },
            {
                "memory_mb": 139.37890625,
                "cpu_percent": 0.0,
                "timestamp": 1778779459.441831
            },
            {
                "memory_mb": 139.3828125,
                "cpu_percent": 8.6,
                "timestamp": 1778779460.491404
            },
            {
                "memory_mb": 139.38671875,
                "cpu_percent": 61.7,
                "timestamp": 1778779461.5448284
            },
            {
                "memory_mb": 140.79296875,
                "cpu_percent": 2.8,
                "timestamp": 1778779462.5983195
            },
            {
                "memory_mb": 138.734375,
                "cpu_percent": 1.9,
                "timestamp": 1778779463.6516953
            },
            {
                "memory_mb": 138.734375,
                "cpu_percent": 0.0,
                "timestamp": 1778779464.7053678
            },
            {
                "memory_mb": 138.73828125,
                "cpu_percent": 33.4,
                "timestamp": 1778779465.753804
            },
            {
                "memory_mb": 138.7421875,
                "cpu_percent": 38.0,
                "timestamp": 1778779466.8073149
            },
            {
                "memory_mb": 138.73828125,
                "cpu_percent": 66.7,
                "timestamp": 1778779467.8573093
            },
            {
                "memory_mb": 138.734375,
                "cpu_percent": 3.8,
                "timestamp": 1778779468.9108346
            },
            {
                "memory_mb": 138.734375,
                "cpu_percent": 0.9,
                "timestamp": 1778779469.9639347
            },
            {
                "memory_mb": 138.7421875,
                "cpu_percent": 2.8,
                "timestamp": 1778779471.0178263
            },
            {
                "memory_mb": 140.80078125,
                "cpu_percent": 63.9,
                "timestamp": 1778779472.0668354
            },
            {
                "memory_mb": 138.80859375,
                "cpu_percent": 7.6,
                "timestamp": 1778779473.1204064
            },
            {
                "memory_mb": 138.8046875,
                "cpu_percent": 0.0,
                "timestamp": 1778779474.1739535
            },
            {
                "memory_mb": 138.8046875,
                "cpu_percent": 0.0,
                "timestamp": 1778779475.2272987
            },
            {
                "memory_mb": 138.8125,
                "cpu_percent": 68.3,
                "timestamp": 1778779476.2819796
            },
            {
                "memory_mb": 140.79296875,
                "cpu_percent": 3.8,
                "timestamp": 1778779477.3354948
            },
            {
                "memory_mb": 112.87109375,
                "cpu_percent": 3.8,
                "timestamp": 1778779478.3888621
            },
            {
                "memory_mb": 112.87109375,
                "cpu_percent": 0.0,
                "timestamp": 1778779479.4422746
            },
            {
                "memory_mb": 112.875,
                "cpu_percent": 7.6,
                "timestamp": 1778779480.4903457
            },
            {
                "memory_mb": 112.87890625,
                "cpu_percent": 58.8,
                "timestamp": 1778779481.54409
            },
            {
                "memory_mb": 112.875,
                "cpu_percent": 45.7,
                "timestamp": 1778779482.5935247
            },
            {
                "memory_mb": 112.87109375,
                "cpu_percent": 25.6,
                "timestamp": 1778779483.6478088
            },
            {
                "memory_mb": 112.87109375,
                "cpu_percent": 0.0,
                "timestamp": 1778779484.7010179
            },
            {
                "memory_mb": 112.87890625,
                "cpu_percent": 1.9,
                "timestamp": 1778779485.7554524
            },
            {
                "memory_mb": 140.80078125,
                "cpu_percent": 41.0,
                "timestamp": 1778779486.8043902
            },
            {
                "memory_mb": 138.73828125,
                "cpu_percent": 32.3,
                "timestamp": 1778779487.8585591
            },
            {
                "memory_mb": 138.73828125,
                "cpu_percent": 0.9,
                "timestamp": 1778779488.9119103
            },
            {
                "memory_mb": 138.73828125,
                "cpu_percent": 0.0,
                "timestamp": 1778779489.9672563
            },
            {
                "memory_mb": 138.7421875,
                "cpu_percent": 57.2,
                "timestamp": 1778779491.016553
            },
            {
                "memory_mb": 140.80078125,
                "cpu_percent": 15.2,
                "timestamp": 1778779492.0703382
            },
            {
                "memory_mb": 131.0859375,
                "cpu_percent": 1.9,
                "timestamp": 1778779493.1240704
            },
            {
                "memory_mb": 131.0859375,
                "cpu_percent": 0.9,
                "timestamp": 1778779494.1778595
            },
            {
                "memory_mb": 131.0859375,
                "cpu_percent": 0.0,
                "timestamp": 1778779495.230794
            },
            {
                "memory_mb": 131.09375,
                "cpu_percent": 66.4,
                "timestamp": 1778779496.2852724
            },
            {
                "memory_mb": 131.08984375,
                "cpu_percent": 20.0,
                "timestamp": 1778779497.334308
            },
            {
                "memory_mb": 131.0859375,
                "cpu_percent": 47.5,
                "timestamp": 1778779498.38766
            },
            {
                "memory_mb": 131.0859375,
                "cpu_percent": 0.0,
                "timestamp": 1778779499.4413056
            },
            {
                "memory_mb": 131.09375,
                "cpu_percent": 0.0,
                "timestamp": 1778779500.4954329
            },
            {
                "memory_mb": 140.8046875,
                "cpu_percent": 16.2,
                "timestamp": 1778779501.5454354
            },
            {
                "memory_mb": 140.80078125,
                "cpu_percent": 56.0,
                "timestamp": 1778779502.5998049
            },
            {
                "memory_mb": 138.73828125,
                "cpu_percent": 1.9,
                "timestamp": 1778779503.6536477
            },
            {
                "memory_mb": 138.73828125,
                "cpu_percent": 0.0,
                "timestamp": 1778779504.707653
            },
            {
                "memory_mb": 138.7421875,
                "cpu_percent": 31.4,
                "timestamp": 1778779505.7571952
            },
            {
                "memory_mb": 138.74609375,
                "cpu_percent": 38.9,
                "timestamp": 1778779506.810958
            },
            {
                "memory_mb": 131.0859375,
                "cpu_percent": 4.8,
                "timestamp": 1778779507.860229
            },
            {
                "memory_mb": 131.0859375,
                "cpu_percent": 0.0,
                "timestamp": 1778779508.9139092
            },
            {
                "memory_mb": 131.0859375,
                "cpu_percent": 0.0,
                "timestamp": 1778779509.9699652
            },
            {
                "memory_mb": 131.08984375,
                "cpu_percent": 57.1,
                "timestamp": 1778779511.0199897
            },
            {
                "memory_mb": 131.09375,
                "cpu_percent": 10.4,
                "timestamp": 1778779512.0738826
            },
            {
                "memory_mb": 131.0859375,
                "cpu_percent": 65.5,
                "timestamp": 1778779513.1277547
            },
            {
                "memory_mb": 131.0859375,
                "cpu_percent": 0.0,
                "timestamp": 1778779514.1824412
            },
            {
                "memory_mb": 131.0859375,
                "cpu_percent": 0.9,
                "timestamp": 1778779515.2372024
            },
            {
                "memory_mb": 131.09375,
                "cpu_percent": 3.8,
                "timestamp": 1778779516.2911642
            },
            {
                "memory_mb": 140.796875,
                "cpu_percent": 67.4,
                "timestamp": 1778779517.3449776
            },
            {
                "memory_mb": 138.73828125,
                "cpu_percent": 2.8,
                "timestamp": 1778779518.3984714
            },
            {
                "memory_mb": 138.73828125,
                "cpu_percent": 0.0,
                "timestamp": 1778779519.4521737
            },
            {
                "memory_mb": 138.7421875,
                "cpu_percent": 6.7,
                "timestamp": 1778779520.500456
            },
            {
                "memory_mb": 138.74609375,
                "cpu_percent": 62.6,
                "timestamp": 1778779521.5548427
            },
            {
                "memory_mb": 140.80078125,
                "cpu_percent": 2.8,
                "timestamp": 1778779522.6081078
            },
            {
                "memory_mb": 138.80859375,
                "cpu_percent": 2.8,
                "timestamp": 1778779523.6617508
            },
            {
                "memory_mb": 138.80859375,
                "cpu_percent": 0.0,
                "timestamp": 1778779524.7153013
            },
            {
                "memory_mb": 138.8125,
                "cpu_percent": 30.5,
                "timestamp": 1778779525.7641482
            },
            {
                "memory_mb": 138.81640625,
                "cpu_percent": 36.1,
                "timestamp": 1778779526.817744
            },
            {
                "memory_mb": 138.80859375,
                "cpu_percent": 66.7,
                "timestamp": 1778779527.8671663
            },
            {
                "memory_mb": 138.80859375,
                "cpu_percent": 0.0,
                "timestamp": 1778779528.9209225
            },
            {
                "memory_mb": 138.80859375,
                "cpu_percent": 0.0,
                "timestamp": 1778779529.976969
            },
            {
                "memory_mb": 138.81640625,
                "cpu_percent": 2.9,
                "timestamp": 1778779531.027637
            },
            {
                "memory_mb": 140.8046875,
                "cpu_percent": 61.9,
                "timestamp": 1778779532.0772557
            },
            {
                "memory_mb": 131.0859375,
                "cpu_percent": 10.4,
                "timestamp": 1778779533.1311316
            },
            {
                "memory_mb": 131.0859375,
                "cpu_percent": 0.0,
                "timestamp": 1778779534.1849275
            },
            {
                "memory_mb": 131.0859375,
                "cpu_percent": 0.0,
                "timestamp": 1778779535.2377074
            },
            {
                "memory_mb": 131.09375,
                "cpu_percent": 66.4,
                "timestamp": 1778779536.2917082
            },
            {
                "memory_mb": 140.796875,
                "cpu_percent": 4.7,
                "timestamp": 1778779537.3447456
            },
            {
                "memory_mb": 138.7421875,
                "cpu_percent": 2.8,
                "timestamp": 1778779538.3983488
            },
            {
                "memory_mb": 138.7421875,
                "cpu_percent": 0.0,
                "timestamp": 1778779539.451759
            },
            {
                "memory_mb": 138.74609375,
                "cpu_percent": 4.8,
                "timestamp": 1778779540.5040622
            },
            {
                "memory_mb": 138.75,
                "cpu_percent": 61.7,
                "timestamp": 1778779541.5572505
            },
            {
                "memory_mb": 138.74609375,
                "cpu_percent": 42.9,
                "timestamp": 1778779542.605985
            },
            {
                "memory_mb": 138.7421875,
                "cpu_percent": 25.6,
                "timestamp": 1778779543.659335
            },
            {
                "memory_mb": 138.7421875,
                "cpu_percent": 0.0,
                "timestamp": 1778779544.7126815
            },
            {
                "memory_mb": 138.75,
                "cpu_percent": 1.9,
                "timestamp": 1778779545.7664282
            },
            {
                "memory_mb": 140.8046875,
                "cpu_percent": 36.2,
                "timestamp": 1778779546.8155575
            },
            {
                "memory_mb": 138.8125,
                "cpu_percent": 35.1,
                "timestamp": 1778779547.8693085
            },
            {
                "memory_mb": 138.8125,
                "cpu_percent": 0.0,
                "timestamp": 1778779548.9228733
            },
            {
                "memory_mb": 138.8125,
                "cpu_percent": 0.0,
                "timestamp": 1778779549.9761777
            },
            {
                "memory_mb": 138.81640625,
                "cpu_percent": 54.3,
                "timestamp": 1778779551.0253692
            },
            {
                "memory_mb": 138.8203125,
                "cpu_percent": 17.1,
                "timestamp": 1778779552.0785213
            },
            {
                "memory_mb": 131.0859375,
                "cpu_percent": 3.8,
                "timestamp": 1778779553.1327708
            },
            {
                "memory_mb": 131.0859375,
                "cpu_percent": 0.0,
                "timestamp": 1778779554.1861672
            },
            {
                "memory_mb": 131.0859375,
                "cpu_percent": 0.0,
                "timestamp": 1778779555.2395456
            },
            {
                "memory_mb": 131.09375,
                "cpu_percent": 66.4,
                "timestamp": 1778779556.293816
            },
            {
                "memory_mb": 131.08984375,
                "cpu_percent": 17.1,
                "timestamp": 1778779557.3434403
            },
            {
                "memory_mb": 131.0859375,
                "cpu_percent": 49.4,
                "timestamp": 1778779558.3964694
            },
            {
                "memory_mb": 131.0859375,
                "cpu_percent": 0.0,
                "timestamp": 1778779559.4500313
            },
            {
                "memory_mb": 131.09375,
                "cpu_percent": 0.9,
                "timestamp": 1778779560.5054584
            },
            {
                "memory_mb": 140.80859375,
                "cpu_percent": 13.3,
                "timestamp": 1778779561.55496
            },
            {
                "memory_mb": 140.80859375,
                "cpu_percent": 57.9,
                "timestamp": 1778779562.6086485
            },
            {
                "memory_mb": 138.75,
                "cpu_percent": 2.8,
                "timestamp": 1778779563.6625803
            },
            {
                "memory_mb": 138.75,
                "cpu_percent": 0.0,
                "timestamp": 1778779564.71612
            },
            {
                "memory_mb": 138.75390625,
                "cpu_percent": 28.6,
                "timestamp": 1778779565.764561
            },
            {
                "memory_mb": 138.7578125,
                "cpu_percent": 40.8,
                "timestamp": 1778779566.817848
            },
            {
                "memory_mb": 138.8203125,
                "cpu_percent": 3.8,
                "timestamp": 1778779567.8706007
            },
            {
                "memory_mb": 138.8203125,
                "cpu_percent": 0.0,
                "timestamp": 1778779568.9242322
            },
            {
                "memory_mb": 138.8203125,
                "cpu_percent": 0.0,
                "timestamp": 1778779569.9779856
            },
            {
                "memory_mb": 138.82421875,
                "cpu_percent": 53.4,
                "timestamp": 1778779571.0271547
            },
            {
                "memory_mb": 138.828125,
                "cpu_percent": 14.2,
                "timestamp": 1778779572.0799239
            },
            {
                "memory_mb": 138.8203125,
                "cpu_percent": 66.4,
                "timestamp": 1778779573.1338136
            },
            {
                "memory_mb": 138.8203125,
                "cpu_percent": 0.0,
                "timestamp": 1778779574.1853993
            },
            {
                "memory_mb": 138.8203125,
                "cpu_percent": 0.9,
                "timestamp": 1778779575.2392495
            },
            {
                "memory_mb": 138.828125,
                "cpu_percent": 3.8,
                "timestamp": 1778779576.2923803
            },
            {
                "memory_mb": 140.8125,
                "cpu_percent": 67.4,
                "timestamp": 1778779577.3460538
            },
            {
                "memory_mb": 131.08984375,
                "cpu_percent": 2.8,
                "timestamp": 1778779578.399523
            },
            {
                "memory_mb": 131.08984375,
                "cpu_percent": 0.0,
                "timestamp": 1778779579.45276
            },
            {
                "memory_mb": 131.09375,
                "cpu_percent": 2.8,
                "timestamp": 1778779580.5085099
            },
            {
                "memory_mb": 131.09765625,
                "cpu_percent": 66.5,
                "timestamp": 1778779581.561631
            },
            {
                "memory_mb": 140.8125,
                "cpu_percent": 3.8,
                "timestamp": 1778779582.6153667
            },
            {
                "memory_mb": 138.75390625,
                "cpu_percent": 2.8,
                "timestamp": 1778779583.6690423
            },
            {
                "memory_mb": 138.75390625,
                "cpu_percent": 0.0,
                "timestamp": 1778779584.7232158
            },
            {
                "memory_mb": 138.7578125,
                "cpu_percent": 27.7,
                "timestamp": 1778779585.7719915
            },
            {
                "memory_mb": 138.76171875,
                "cpu_percent": 36.1,
                "timestamp": 1778779586.8255317
            },
            {
                "memory_mb": 138.75390625,
                "cpu_percent": 67.7,
                "timestamp": 1778779587.8743267
            },
            {
                "memory_mb": 138.75390625,
                "cpu_percent": 0.0,
                "timestamp": 1778779588.927815
            },
            {
                "memory_mb": 138.75390625,
                "cpu_percent": 0.9,
                "timestamp": 1778779589.9812944
            },
            {
                "memory_mb": 138.76171875,
                "cpu_percent": 2.8,
                "timestamp": 1778779591.0348916
            },
            {
                "memory_mb": 140.81640625,
                "cpu_percent": 59.1,
                "timestamp": 1778779592.0839343
            },
            {
                "memory_mb": 138.828125,
                "cpu_percent": 12.3,
                "timestamp": 1778779593.1374688
            },
            {
                "memory_mb": 138.828125,
                "cpu_percent": 0.0,
                "timestamp": 1778779594.1909904
            },
            {
                "memory_mb": 138.828125,
                "cpu_percent": 0.0,
                "timestamp": 1778779595.2446706
            },
            {
                "memory_mb": 138.8359375,
                "cpu_percent": 67.3,
                "timestamp": 1778779596.2989242
            },
            {
                "memory_mb": 140.8203125,
                "cpu_percent": 4.7,
                "timestamp": 1778779597.3524706
            },
            {
                "memory_mb": 131.09375,
                "cpu_percent": 1.9,
                "timestamp": 1778779598.406017
            },
            {
                "memory_mb": 131.09375,
                "cpu_percent": 0.0,
                "timestamp": 1778779599.459614
            },
            {
                "memory_mb": 131.09765625,
                "cpu_percent": 2.8,
                "timestamp": 1778779600.516416
            },
            {
                "memory_mb": 131.1015625,
                "cpu_percent": 63.6,
                "timestamp": 1778779601.569974
            },
            {
                "memory_mb": 131.09765625,
                "cpu_percent": 41.0,
                "timestamp": 1778779602.618627
            },
            {
                "memory_mb": 131.09375,
                "cpu_percent": 25.6,
                "timestamp": 1778779603.6722991
            },
            {
                "memory_mb": 131.09375,
                "cpu_percent": 0.0,
                "timestamp": 1778779604.7257905
            },
            {
                "memory_mb": 131.1015625,
                "cpu_percent": 1.9,
                "timestamp": 1778779605.7789004
            },
            {
                "memory_mb": 140.8203125,
                "cpu_percent": 35.3,
                "timestamp": 1778779606.82789
            },
            {
                "memory_mb": 138.75390625,
                "cpu_percent": 38.1,
                "timestamp": 1778779607.8765173
            },
            {
                "memory_mb": 138.75390625,
                "cpu_percent": 0.0,
                "timestamp": 1778779608.9302454
            },
            {
                "memory_mb": 138.75390625,
                "cpu_percent": 0.0,
                "timestamp": 1778779609.9836879
            },
            {
                "memory_mb": 138.7578125,
                "cpu_percent": 51.5,
                "timestamp": 1778779611.0326858
            },
            {
                "memory_mb": 138.76171875,
                "cpu_percent": 19.9,
                "timestamp": 1778779612.086297
            },
            {
                "memory_mb": 138.828125,
                "cpu_percent": 2.8,
                "timestamp": 1778779613.14013
            },
            {
                "memory_mb": 138.828125,
                "cpu_percent": 0.0,
                "timestamp": 1778779614.193891
            },
            {
                "memory_mb": 138.828125,
                "cpu_percent": 0.9,
                "timestamp": 1778779615.2468615
            },
            {
                "memory_mb": 138.8359375,
                "cpu_percent": 65.5,
                "timestamp": 1778779616.3008263
            },
            {
                "memory_mb": 138.83203125,
                "cpu_percent": 14.3,
                "timestamp": 1778779617.3494368
            },
            {
                "memory_mb": 138.828125,
                "cpu_percent": 53.2,
                "timestamp": 1778779618.4030313
            },
            {
                "memory_mb": 138.828125,
                "cpu_percent": 0.0,
                "timestamp": 1778779619.4568074
            },
            {
                "memory_mb": 138.8359375,
                "cpu_percent": 0.9,
                "timestamp": 1778779620.5121934
            },
            {
                "memory_mb": 140.82421875,
                "cpu_percent": 9.5,
                "timestamp": 1778779621.564429
            },
            {
                "memory_mb": 140.8203125,
                "cpu_percent": 61.7,
                "timestamp": 1778779622.6180017
            },
            {
                "memory_mb": 131.09375,
                "cpu_percent": 1.9,
                "timestamp": 1778779623.6713467
            },
            {
                "memory_mb": 131.09375,
                "cpu_percent": 0.0,
                "timestamp": 1778779624.724514
            },
            {
                "memory_mb": 131.09765625,
                "cpu_percent": 25.8,
                "timestamp": 1778779625.772953
            },
            {
                "memory_mb": 131.1015625,
                "cpu_percent": 43.7,
                "timestamp": 1778779626.8263428
            },
            {
                "memory_mb": 140.81640625,
                "cpu_percent": 4.7,
                "timestamp": 1778779627.8799763
            },
            {
                "memory_mb": 138.7578125,
                "cpu_percent": 1.0,
                "timestamp": 1778779628.9323008
            },
            {
                "memory_mb": 138.7578125,
                "cpu_percent": 0.0,
                "timestamp": 1778779629.9863033
            },
            {
                "memory_mb": 138.76171875,
                "cpu_percent": 50.5,
                "timestamp": 1778779631.0355868
            },
            {
                "memory_mb": 138.765625,
                "cpu_percent": 17.1,
                "timestamp": 1778779632.0890734
            },
            {
                "memory_mb": 138.7578125,
                "cpu_percent": 65.5,
                "timestamp": 1778779633.142623
            },
            {
                "memory_mb": 138.7578125,
                "cpu_percent": 0.0,
                "timestamp": 1778779634.1913893
            },
            {
                "memory_mb": 138.7578125,
                "cpu_percent": 0.0,
                "timestamp": 1778779635.2446592
            },
            {
                "memory_mb": 138.765625,
                "cpu_percent": 3.8,
                "timestamp": 1778779636.2983792
            },
            {
                "memory_mb": 140.8203125,
                "cpu_percent": 68.3,
                "timestamp": 1778779637.3523362
            },
            {
                "memory_mb": 138.828125,
                "cpu_percent": 1.9,
                "timestamp": 1778779638.4060948
            },
            {
                "memory_mb": 138.828125,
                "cpu_percent": 0.0,
                "timestamp": 1778779639.4596734
            },
            {
                "memory_mb": 138.828125,
                "cpu_percent": 0.9,
                "timestamp": 1778779640.5159345
            },
            {
                "memory_mb": 138.8359375,
                "cpu_percent": 67.4,
                "timestamp": 1778779641.5693367
            },
            {
                "memory_mb": 140.8046875,
                "cpu_percent": 3.8,
                "timestamp": 1778779642.6226091
            },
            {
                "memory_mb": 131.09375,
                "cpu_percent": 2.8,
                "timestamp": 1778779643.6759064
            },
            {
                "memory_mb": 131.09375,
                "cpu_percent": 0.0,
                "timestamp": 1778779644.7294662
            },
            {
                "memory_mb": 131.09765625,
                "cpu_percent": 24.8,
                "timestamp": 1778779645.7787101
            },
            {
                "memory_mb": 131.1015625,
                "cpu_percent": 41.8,
                "timestamp": 1778779646.832181
            },
            {
                "memory_mb": 131.09765625,
                "cpu_percent": 62.9,
                "timestamp": 1778779647.8812377
            },
            {
                "memory_mb": 131.09375,
                "cpu_percent": 3.8,
                "timestamp": 1778779648.9345965
            },
            {
                "memory_mb": 131.09375,
                "cpu_percent": 0.9,
                "timestamp": 1778779649.9880042
            },
            {
                "memory_mb": 131.1015625,
                "cpu_percent": 1.9,
                "timestamp": 1778779651.0413764
            },
            {
                "memory_mb": 140.8203125,
                "cpu_percent": 56.3,
                "timestamp": 1778779652.0902355
            },
            {
                "memory_mb": 138.76171875,
                "cpu_percent": 16.1,
                "timestamp": 1778779653.1437087
            },
            {
                "memory_mb": 138.76171875,
                "cpu_percent": 0.0,
                "timestamp": 1778779654.197287
            },
            {
                "memory_mb": 138.76171875,
                "cpu_percent": 0.0,
                "timestamp": 1778779655.2503905
            },
            {
                "memory_mb": 138.76953125,
                "cpu_percent": 66.4,
                "timestamp": 1778779656.3039272
            },
            {
                "memory_mb": 140.8203125,
                "cpu_percent": 4.7,
                "timestamp": 1778779657.357304
            },
            {
                "memory_mb": 131.09765625,
                "cpu_percent": 2.8,
                "timestamp": 1778779658.4110074
            },
            {
                "memory_mb": 131.09765625,
                "cpu_percent": 0.0,
                "timestamp": 1778779659.464365
            },
            {
                "memory_mb": 131.09765625,
                "cpu_percent": 0.0,
                "timestamp": 1778779660.5184388
            },
            {
                "memory_mb": 131.10546875,
                "cpu_percent": 67.3,
                "timestamp": 1778779661.5727768
            },
            {
                "memory_mb": 131.1015625,
                "cpu_percent": 37.2,
                "timestamp": 1778779662.6214163
            },
            {
                "memory_mb": 131.09765625,
                "cpu_percent": 28.5,
                "timestamp": 1778779663.6748207
            },
            {
                "memory_mb": 131.09765625,
                "cpu_percent": 0.0,
                "timestamp": 1778779664.7281976
            },
            {
                "memory_mb": 131.10546875,
                "cpu_percent": 1.9,
                "timestamp": 1778779665.7813108
            },
            {
                "memory_mb": 140.828125,
                "cpu_percent": 30.5,
                "timestamp": 1778779666.8305554
            },
            {
                "memory_mb": 138.765625,
                "cpu_percent": 40.8,
                "timestamp": 1778779667.8840058
            },
            {
                "memory_mb": 138.765625,
                "cpu_percent": 0.0,
                "timestamp": 1778779668.937421
            },
            {
                "memory_mb": 138.765625,
                "cpu_percent": 0.9,
                "timestamp": 1778779669.9909966
            },
            {
                "memory_mb": 138.76953125,
                "cpu_percent": 47.7,
                "timestamp": 1778779671.0401008
            },
            {
                "memory_mb": 138.7734375,
                "cpu_percent": 22.8,
                "timestamp": 1778779672.0937595
            },
            {
                "memory_mb": 131.09765625,
                "cpu_percent": 3.8,
                "timestamp": 1778779673.146751
            },
            {
                "memory_mb": 131.09765625,
                "cpu_percent": 0.9,
                "timestamp": 1778779674.2003987
            },
            {
                "memory_mb": 131.09765625,
                "cpu_percent": 0.0,
                "timestamp": 1778779675.2546725
            },
            {
                "memory_mb": 131.10546875,
                "cpu_percent": 66.6,
                "timestamp": 1778779676.3059647
            },
            {
                "memory_mb": 131.1015625,
                "cpu_percent": 10.5,
                "timestamp": 1778779677.3550298
            },
            {
                "memory_mb": 131.09765625,
                "cpu_percent": 56.9,
                "timestamp": 1778779678.4086087
            },
            {
                "memory_mb": 131.09765625,
                "cpu_percent": 0.0,
                "timestamp": 1778779679.4621232
            },
            {
                "memory_mb": 131.09765625,
                "cpu_percent": 0.0,
                "timestamp": 1778779680.5160267
            },
            {
                "memory_mb": 140.828125,
                "cpu_percent": 7.6,
                "timestamp": 1778779681.5696247
            },
            {
                "memory_mb": 140.82421875,
                "cpu_percent": 64.6,
                "timestamp": 1778779682.6227279
            },
            {
                "memory_mb": 132.41015625,
                "cpu_percent": 1.9,
                "timestamp": 1778779683.6760492
            },
            {
                "memory_mb": 132.41015625,
                "cpu_percent": 0.0,
                "timestamp": 1778779684.7295442
            },
            {
                "memory_mb": 132.4140625,
                "cpu_percent": 22.9,
                "timestamp": 1778779685.7782776
            },
            {
                "memory_mb": 132.41796875,
                "cpu_percent": 47.5,
                "timestamp": 1778779686.8306162
            },
            {
                "memory_mb": 140.82421875,
                "cpu_percent": 2.8,
                "timestamp": 1778779687.8843708
            },
            {
                "memory_mb": 138.765625,
                "cpu_percent": 1.9,
                "timestamp": 1778779688.9374804
            },
            {
                "memory_mb": 138.765625,
                "cpu_percent": 0.0,
                "timestamp": 1778779689.9952621
            },
            {
                "memory_mb": 138.76953125,
                "cpu_percent": 47.7,
                "timestamp": 1778779691.0442278
            },
            {
                "memory_mb": 138.7734375,
                "cpu_percent": 18.0,
                "timestamp": 1778779692.0977178
            },
            {
                "memory_mb": 138.765625,
                "cpu_percent": 67.4,
                "timestamp": 1778779693.1519005
            },
            {
                "memory_mb": 138.765625,
                "cpu_percent": 0.0,
                "timestamp": 1778779694.1990643
            },
            {
                "memory_mb": 138.765625,
                "cpu_percent": 0.0,
                "timestamp": 1778779695.2524455
            },
            {
                "memory_mb": 138.7734375,
                "cpu_percent": 3.8,
                "timestamp": 1778779696.3061454
            },
            {
                "memory_mb": 140.828125,
                "cpu_percent": 67.4,
                "timestamp": 1778779697.3595262
            },
            {
                "memory_mb": 132.4140625,
                "cpu_percent": 2.8,
                "timestamp": 1778779698.412626
            },
            {
                "memory_mb": 132.4140625,
                "cpu_percent": 0.0,
                "timestamp": 1778779699.466264
            },
            {
                "memory_mb": 132.4140625,
                "cpu_percent": 0.0,
                "timestamp": 1778779700.519231
            },
            {
                "memory_mb": 132.421875,
                "cpu_percent": 68.3,
                "timestamp": 1778779701.5727932
            },
            {
                "memory_mb": 140.828125,
                "cpu_percent": 3.8,
                "timestamp": 1778779702.6256862
            },
            {
                "memory_mb": 138.76953125,
                "cpu_percent": 2.8,
                "timestamp": 1778779703.6785855
            },
            {
                "memory_mb": 138.76953125,
                "cpu_percent": 0.0,
                "timestamp": 1778779704.732042
            },
            {
                "memory_mb": 138.7734375,
                "cpu_percent": 21.0,
                "timestamp": 1778779705.7802749
            },
            {
                "memory_mb": 138.77734375,
                "cpu_percent": 45.6,
                "timestamp": 1778779706.8336034
            },
            {
                "memory_mb": 138.7734375,
                "cpu_percent": 60.0,
                "timestamp": 1778779707.8828633
            },
            {
                "memory_mb": 138.76953125,
                "cpu_percent": 7.6,
                "timestamp": 1778779708.9366398
            },
            {
                "memory_mb": 138.76953125,
                "cpu_percent": 0.0,
                "timestamp": 1778779709.9902718
            },
            {
                "memory_mb": 138.77734375,
                "cpu_percent": 1.9,
                "timestamp": 1778779711.043278
            },
            {
                "memory_mb": 140.828125,
                "cpu_percent": 52.4,
                "timestamp": 1778779712.0926776
            },
            {
                "memory_mb": 132.4140625,
                "cpu_percent": 19.9,
                "timestamp": 1778779713.1460514
            },
            {
                "memory_mb": 132.4140625,
                "cpu_percent": 0.0,
                "timestamp": 1778779714.1996074
            },
            {
                "memory_mb": 132.4140625,
                "cpu_percent": 0.0,
                "timestamp": 1778779715.2525976
            },
            {
                "memory_mb": 132.421875,
                "cpu_percent": 66.6,
                "timestamp": 1778779716.303033
            },
            {
                "memory_mb": 140.828125,
                "cpu_percent": 5.7,
                "timestamp": 1778779717.3555274
            },
            {
                "memory_mb": 138.76953125,
                "cpu_percent": 2.8,
                "timestamp": 1778779718.4090042
            },
            {
                "memory_mb": 138.76953125,
                "cpu_percent": 0.0,
                "timestamp": 1778779719.4633725
            },
            {
                "memory_mb": 138.76953125,
                "cpu_percent": 0.0,
                "timestamp": 1778779720.5171337
            },
            {
                "memory_mb": 138.77734375,
                "cpu_percent": 66.4,
                "timestamp": 1778779721.570938
            },
            {
                "memory_mb": 138.7734375,
                "cpu_percent": 33.4,
                "timestamp": 1778779722.6202428
            },
            {
                "memory_mb": 138.76953125,
                "cpu_percent": 33.2,
                "timestamp": 1778779723.673831
            },
            {
                "memory_mb": 138.76953125,
                "cpu_percent": 0.0,
                "timestamp": 1778779724.7282095
            },
            {
                "memory_mb": 138.77734375,
                "cpu_percent": 0.9,
                "timestamp": 1778779725.782233
            },
            {
                "memory_mb": 140.83203125,
                "cpu_percent": 27.7,
                "timestamp": 1778779726.8308108
            },
            {
                "memory_mb": 140.83203125,
                "cpu_percent": 43.6,
                "timestamp": 1778779727.8851542
            },
            {
                "memory_mb": 132.41796875,
                "cpu_percent": 0.9,
                "timestamp": 1778779728.9382176
            },
            {
                "memory_mb": 132.41796875,
                "cpu_percent": 0.0,
                "timestamp": 1778779729.991657
            },
            {
                "memory_mb": 132.421875,
                "cpu_percent": 44.8,
                "timestamp": 1778779731.0408385
            },
            {
                "memory_mb": 132.42578125,
                "cpu_percent": 25.6,
                "timestamp": 1778779732.0943673
            },
            {
                "memory_mb": 138.7734375,
                "cpu_percent": 3.8,
                "timestamp": 1778779733.147953
            },
            {
                "memory_mb": 138.7734375,
                "cpu_percent": 0.0,
                "timestamp": 1778779734.2014375
            },
            {
                "memory_mb": 138.7734375,
                "cpu_percent": 0.0,
                "timestamp": 1778779735.252747
            },
            {
                "memory_mb": 138.78125,
                "cpu_percent": 66.7,
                "timestamp": 1778779736.3019643
            },
            {
                "memory_mb": 138.77734375,
                "cpu_percent": 7.6,
                "timestamp": 1778779737.350761
            },
            {
                "memory_mb": 138.7734375,
                "cpu_percent": 58.9,
                "timestamp": 1778779738.4042306
            },
            {
                "memory_mb": 138.7734375,
                "cpu_percent": 0.0,
                "timestamp": 1778779739.457657
            },
            {
                "memory_mb": 138.7734375,
                "cpu_percent": 0.0,
                "timestamp": 1778779740.5105836
            },
            {
                "memory_mb": 140.8359375,
                "cpu_percent": 4.7,
                "timestamp": 1778779741.5641708
            },
            {
                "memory_mb": 140.83203125,
                "cpu_percent": 65.5,
                "timestamp": 1778779742.6176434
            },
            {
                "memory_mb": 132.41796875,
                "cpu_percent": 2.8,
                "timestamp": 1778779743.6712923
            },
            {
                "memory_mb": 132.41796875,
                "cpu_percent": 0.0,
                "timestamp": 1778779744.7238953
            },
            {
                "memory_mb": 132.421875,
                "cpu_percent": 18.1,
                "timestamp": 1778779745.7720401
            },
            {
                "memory_mb": 132.42578125,
                "cpu_percent": 51.3,
                "timestamp": 1778779746.8254817
            },
            {
                "memory_mb": 140.83203125,
                "cpu_percent": 2.8,
                "timestamp": 1778779747.879285
            },
            {
                "memory_mb": 138.7734375,
                "cpu_percent": 2.8,
                "timestamp": 1778779748.9319777
            },
            {
                "memory_mb": 138.7734375,
                "cpu_percent": 0.0,
                "timestamp": 1778779749.9854755
            },
            {
                "memory_mb": 138.7734375,
                "cpu_percent": 0.0,
                "timestamp": 1778779750.6333885
            }
        ]
    }
}
