{
    "active_periods": [
        {
            "start": 1777214189.946914,
            "end": 1777214492.641073,
            "duration_sec": 302.6941590309143,
            "tasks_completed": 120,
            "throughput_tps": 0.39643976079414317
        }
    ],
    "history": [
        {
            "timestamp": 1777214189.946914,
            "messages": 0,
            "ack": 86078
        },
        {
            "timestamp": 1777214194.955389,
            "messages": 4,
            "ack": 86082
        },
        {
            "timestamp": 1777214199.962028,
            "messages": 0,
            "ack": 86082
        },
        {
            "timestamp": 1777214204.96888,
            "messages": 0,
            "ack": 86086
        },
        {
            "timestamp": 1777214209.974481,
            "messages": 0,
            "ack": 86086
        },
        {
            "timestamp": 1777214214.980414,
            "messages": 0,
            "ack": 86090
        },
        {
            "timestamp": 1777214219.986424,
            "messages": 0,
            "ack": 86090
        },
        {
            "timestamp": 1777214224.992198,
            "messages": 0,
            "ack": 86094
        },
        {
            "timestamp": 1777214229.997882,
            "messages": 0,
            "ack": 86094
        },
        {
            "timestamp": 1777214235.004241,
            "messages": 0,
            "ack": 86098
        },
        {
            "timestamp": 1777214240.010235,
            "messages": 0,
            "ack": 86098
        },
        {
            "timestamp": 1777214245.016302,
            "messages": 0,
            "ack": 86102
        },
        {
            "timestamp": 1777214250.02213,
            "messages": 0,
            "ack": 86102
        },
        {
            "timestamp": 1777214255.027803,
            "messages": 0,
            "ack": 86106
        },
        {
            "timestamp": 1777214260.033678,
            "messages": 0,
            "ack": 86106
        },
        {
            "timestamp": 1777214265.040664,
            "messages": 0,
            "ack": 86110
        },
        {
            "timestamp": 1777214270.047737,
            "messages": 0,
            "ack": 86110
        },
        {
            "timestamp": 1777214275.053025,
            "messages": 0,
            "ack": 86114
        },
        {
            "timestamp": 1777214280.058968,
            "messages": 0,
            "ack": 86114
        },
        {
            "timestamp": 1777214285.065801,
            "messages": 0,
            "ack": 86118
        },
        {
            "timestamp": 1777214290.071429,
            "messages": 0,
            "ack": 86118
        },
        {
            "timestamp": 1777214295.07712,
            "messages": 0,
            "ack": 86122
        },
        {
            "timestamp": 1777214300.083117,
            "messages": 0,
            "ack": 86122
        },
        {
            "timestamp": 1777214305.08885,
            "messages": 0,
            "ack": 86126
        },
        {
            "timestamp": 1777214310.094787,
            "messages": 0,
            "ack": 86126
        },
        {
            "timestamp": 1777214315.100379,
            "messages": 0,
            "ack": 86130
        },
        {
            "timestamp": 1777214320.105927,
            "messages": 0,
            "ack": 86130
        },
        {
            "timestamp": 1777214325.111011,
            "messages": 0,
            "ack": 86134
        },
        {
            "timestamp": 1777214330.116352,
            "messages": 0,
            "ack": 86134
        },
        {
            "timestamp": 1777214335.122326,
            "messages": 0,
            "ack": 86138
        },
        {
            "timestamp": 1777214340.127961,
            "messages": 0,
            "ack": 86138
        },
        {
            "timestamp": 1777214345.133293,
            "messages": 0,
            "ack": 86142
        },
        {
            "timestamp": 1777214350.140128,
            "messages": 0,
            "ack": 86142
        },
        {
            "timestamp": 1777214355.145305,
            "messages": 0,
            "ack": 86146
        },
        {
            "timestamp": 1777214360.151206,
            "messages": 0,
            "ack": 86146
        },
        {
            "timestamp": 1777214365.157407,
            "messages": 0,
            "ack": 86150
        },
        {
            "timestamp": 1777214370.161941,
            "messages": 0,
            "ack": 86150
        },
        {
            "timestamp": 1777214375.167228,
            "messages": 0,
            "ack": 86154
        },
        {
            "timestamp": 1777214380.172657,
            "messages": 0,
            "ack": 86154
        },
        {
            "timestamp": 1777214385.177891,
            "messages": 0,
            "ack": 86158
        },
        {
            "timestamp": 1777214390.183299,
            "messages": 0,
            "ack": 86158
        },
        {
            "timestamp": 1777214395.189471,
            "messages": 0,
            "ack": 86162
        },
        {
            "timestamp": 1777214400.195716,
            "messages": 0,
            "ack": 86162
        },
        {
            "timestamp": 1777214405.201907,
            "messages": 0,
            "ack": 86166
        },
        {
            "timestamp": 1777214410.208054,
            "messages": 0,
            "ack": 86166
        },
        {
            "timestamp": 1777214415.213091,
            "messages": 0,
            "ack": 86170
        },
        {
            "timestamp": 1777214420.218949,
            "messages": 0,
            "ack": 86170
        },
        {
            "timestamp": 1777214425.224887,
            "messages": 0,
            "ack": 86174
        },
        {
            "timestamp": 1777214430.229975,
            "messages": 0,
            "ack": 86174
        },
        {
            "timestamp": 1777214435.235701,
            "messages": 0,
            "ack": 86178
        },
        {
            "timestamp": 1777214440.242667,
            "messages": 0,
            "ack": 86178
        },
        {
            "timestamp": 1777214445.248131,
            "messages": 0,
            "ack": 86182
        },
        {
            "timestamp": 1777214450.254276,
            "messages": 0,
            "ack": 86182
        },
        {
            "timestamp": 1777214455.260246,
            "messages": 0,
            "ack": 86186
        },
        {
            "timestamp": 1777214460.265128,
            "messages": 0,
            "ack": 86186
        },
        {
            "timestamp": 1777214465.271037,
            "messages": 0,
            "ack": 86190
        },
        {
            "timestamp": 1777214470.276499,
            "messages": 0,
            "ack": 86190
        },
        {
            "timestamp": 1777214475.282292,
            "messages": 0,
            "ack": 86194
        },
        {
            "timestamp": 1777214480.28767,
            "messages": 0,
            "ack": 86194
        },
        {
            "timestamp": 1777214485.294406,
            "messages": 0,
            "ack": 86198
        },
        {
            "timestamp": 1777214490.300485,
            "messages": 0,
            "ack": 86198
        },
        {
            "timestamp": 1777214492.625713,
            "messages": 0,
            "ack": 86198
        }
    ]
}