{
    "active_periods": [
        {
            "start": 1777181434.657861,
            "end": 1777181737.305502,
            "duration_sec": 302.6476409435272,
            "tasks_completed": 60,
            "throughput_tps": 0.19825034754259244
        }
    ],
    "history": [
        {
            "timestamp": 1777181434.657861,
            "messages": 0,
            "ack": 42046
        },
        {
            "timestamp": 1777181439.664505,
            "messages": 2,
            "ack": 42046
        },
        {
            "timestamp": 1777181444.671022,
            "messages": 0,
            "ack": 42048
        },
        {
            "timestamp": 1777181449.677867,
            "messages": 0,
            "ack": 42048
        },
        {
            "timestamp": 1777181454.682899,
            "messages": 0,
            "ack": 42050
        },
        {
            "timestamp": 1777181459.688261,
            "messages": 0,
            "ack": 42050
        },
        {
            "timestamp": 1777181464.69464,
            "messages": 0,
            "ack": 42052
        },
        {
            "timestamp": 1777181469.699536,
            "messages": 0,
            "ack": 42052
        },
        {
            "timestamp": 1777181474.70475,
            "messages": 0,
            "ack": 42054
        },
        {
            "timestamp": 1777181479.711284,
            "messages": 2,
            "ack": 42054
        },
        {
            "timestamp": 1777181484.717032,
            "messages": 2,
            "ack": 42056
        },
        {
            "timestamp": 1777181489.722468,
            "messages": 0,
            "ack": 42056
        },
        {
            "timestamp": 1777181494.728052,
            "messages": 0,
            "ack": 42058
        },
        {
            "timestamp": 1777181499.732898,
            "messages": 0,
            "ack": 42058
        },
        {
            "timestamp": 1777181504.738837,
            "messages": 0,
            "ack": 42060
        },
        {
            "timestamp": 1777181509.744954,
            "messages": 0,
            "ack": 42060
        },
        {
            "timestamp": 1777181514.751059,
            "messages": 0,
            "ack": 42062
        },
        {
            "timestamp": 1777181519.756506,
            "messages": 0,
            "ack": 42062
        },
        {
            "timestamp": 1777181524.762989,
            "messages": 0,
            "ack": 42064
        },
        {
            "timestamp": 1777181529.768867,
            "messages": 0,
            "ack": 42064
        },
        {
            "timestamp": 1777181534.776215,
            "messages": 0,
            "ack": 42066
        },
        {
            "timestamp": 1777181539.782248,
            "messages": 0,
            "ack": 42066
        },
        {
            "timestamp": 1777181544.78781,
            "messages": 0,
            "ack": 42068
        },
        {
            "timestamp": 1777181549.793433,
            "messages": 0,
            "ack": 42068
        },
        {
            "timestamp": 1777181554.800098,
            "messages": 0,
            "ack": 42070
        },
        {
            "timestamp": 1777181559.805903,
            "messages": 0,
            "ack": 42070
        },
        {
            "timestamp": 1777181564.811579,
            "messages": 0,
            "ack": 42072
        },
        {
            "timestamp": 1777181569.817525,
            "messages": 0,
            "ack": 42072
        },
        {
            "timestamp": 1777181574.82288,
            "messages": 0,
            "ack": 42074
        },
        {
            "timestamp": 1777181579.829087,
            "messages": 0,
            "ack": 42074
        },
        {
            "timestamp": 1777181584.834482,
            "messages": 0,
            "ack": 42076
        },
        {
            "timestamp": 1777181589.839836,
            "messages": 0,
            "ack": 42076
        },
        {
            "timestamp": 1777181594.846365,
            "messages": 0,
            "ack": 42078
        },
        {
            "timestamp": 1777181599.852427,
            "messages": 2,
            "ack": 42078
        },
        {
            "timestamp": 1777181604.858764,
            "messages": 2,
            "ack": 42080
        },
        {
            "timestamp": 1777181609.86391,
            "messages": 0,
            "ack": 42080
        },
        {
            "timestamp": 1777181614.869214,
            "messages": 0,
            "ack": 42082
        },
        {
            "timestamp": 1777181619.874657,
            "messages": 0,
            "ack": 42082
        },
        {
            "timestamp": 1777181624.881579,
            "messages": 0,
            "ack": 42084
        },
        {
            "timestamp": 1777181629.888048,
            "messages": 0,
            "ack": 42084
        },
        {
            "timestamp": 1777181634.893669,
            "messages": 0,
            "ack": 42086
        },
        {
            "timestamp": 1777181639.900677,
            "messages": 0,
            "ack": 42086
        },
        {
            "timestamp": 1777181644.907492,
            "messages": 0,
            "ack": 42088
        },
        {
            "timestamp": 1777181649.914036,
            "messages": 0,
            "ack": 42088
        },
        {
            "timestamp": 1777181654.920024,
            "messages": 0,
            "ack": 42090
        },
        {
            "timestamp": 1777181659.925714,
            "messages": 0,
            "ack": 42090
        },
        {
            "timestamp": 1777181664.933138,
            "messages": 0,
            "ack": 42092
        },
        {
            "timestamp": 1777181669.938892,
            "messages": 0,
            "ack": 42092
        },
        {
            "timestamp": 1777181674.944903,
            "messages": 0,
            "ack": 42094
        },
        {
            "timestamp": 1777181679.951522,
            "messages": 0,
            "ack": 42094
        },
        {
            "timestamp": 1777181684.958889,
            "messages": 0,
            "ack": 42096
        },
        {
            "timestamp": 1777181689.96442,
            "messages": 0,
            "ack": 42096
        },
        {
            "timestamp": 1777181694.970554,
            "messages": 0,
            "ack": 42098
        },
        {
            "timestamp": 1777181699.975557,
            "messages": 0,
            "ack": 42098
        },
        {
            "timestamp": 1777181704.981151,
            "messages": 0,
            "ack": 42100
        },
        {
            "timestamp": 1777181709.9867,
            "messages": 0,
            "ack": 42100
        },
        {
            "timestamp": 1777181714.993338,
            "messages": 0,
            "ack": 42102
        },
        {
            "timestamp": 1777181719.999002,
            "messages": 2,
            "ack": 42102
        },
        {
            "timestamp": 1777181725.003919,
            "messages": 2,
            "ack": 42104
        },
        {
            "timestamp": 1777181730.010801,
            "messages": 0,
            "ack": 42104
        },
        {
            "timestamp": 1777181735.015554,
            "messages": 0,
            "ack": 42106
        },
        {
            "timestamp": 1777181737.293023,
            "messages": 0,
            "ack": 42106
        }
    ]
}